[I 2026-05-22 18:51:45,037] Trial 67 finished with values: [0.05637326281875874, 2.241228152224726] and parameters: {'n_estimators': 465, 'learning_rate': 0.01351182947645082, 'subsample': 0.6783931449676581, 'colsample_bytree': 0.6180909155642152, 'min_child_weight': 1}.
/home/mklemmingen/PycharmProjects/migraine-forecasting-shd/.venv/lib/python3.13/site-packages/sklearn/metrics/_ranking.py:424: UndefinedMetricWarning: Only one class is present in y_true. ROC AUC score is not defined in that case.
  warnings.warn(
/home/mklemmingen/PycharmProjects/migraine-forecasting-shd/.venv/lib/python3.13/site-packages/sklearn/metrics/_ranking.py:1046: UserWarning: No positive class found in y_true, recall is set to one for all thresholds.
  warnings.warn(
/home/mklemmingen/PycharmProjects/migraine-forecasting-shd/.venv/lib/python3.13/site-packages/sklearn/metrics/_ranking.py:424: UndefinedMetricWarning: Only one class is present in y_true. ROC AUC score is not defined in that case.
  warnings.warn(
/home/mklemmingen/PycharmProjects/migraine-forecasting-shd/.venv/lib/python3.13/site-packages/sklearn/metrics/_ranking.py:1046: UserWarning: No positive class found in y_true, recall is set to one for all thresholds.
  warnings.warn(
[I 2026-05-22 18:51:45,700] Trial 68 finished with values: [0.04711448977221969, 2.1343261084438505] and parameters: {'n_estimators': 272, 'learning_rate': 0.05917520523090666, 'subsample': 0.7168578594140873, 'colsample_bytree': 0.610167650697638, 'min_child_weight': 5}.
/home/mklemmingen/PycharmProjects/migraine-forecasting-shd/.venv/lib/python3.13/site-packages/sklearn/metrics/_ranking.py:424: UndefinedMetricWarning: Only one class is present in y_true. ROC AUC score is not defined in that case.
  warnings.warn(
/home/mklemmingen/PycharmProjects/migraine-forecasting-shd/.venv/lib/python3.13/site-packages/sklearn/metrics/_ranking.py:1046: UserWarning: No positive class found in y_true, recall is set to one for all thresholds.
  warnings.warn(
/home/mklemmingen/PycharmProjects/migraine-forecasting-shd/.venv/lib/python3.13/site-packages/sklearn/metrics/_ranking.py:424: UndefinedMetricWarning: Only one class is present in y_true. ROC AUC score is not defined in that case.
  warnings.warn(
/home/mklemmingen/PycharmProjects/migraine-forecasting-shd/.venv/lib/python3.13/site-packages/sklearn/metrics/_ranking.py:1046: UserWarning: No positive class found in y_true, recall is set to one for all thresholds.
  warnings.warn(
[I 2026-05-22 18:51:46,413] Trial 69 finished with values: [0.0587085266298236, 2.9389907937223594] and parameters: {'n_estimators': 355, 'learning_rate': 0.01058040360169664, 'subsample': 0.8048372233197124, 'colsample_bytree': 0.6905983100791752, 'min_child_weight': 4}.
/home/mklemmingen/PycharmProjects/migraine-forecasting-shd/.venv/lib/python3.13/site-packages/sklearn/metrics/_ranking.py:424: UndefinedMetricWarning: Only one class is present in y_true. ROC AUC score is not defined in that case.
  warnings.warn(
/home/mklemmingen/PycharmProjects/migraine-forecasting-shd/.venv/lib/python3.13/site-packages/sklearn/metrics/_ranking.py:1046: UserWarning: No positive class found in y_true, recall is set to one for all thresholds.
  warnings.warn(
/home/mklemmingen/PycharmProjects/migraine-forecasting-shd/.venv/lib/python3.13/site-packages/sklearn/metrics/_ranking.py:424: UndefinedMetricWarning: Only one class is present in y_true. ROC AUC score is not defined in that case.
  warnings.warn(
/home/mklemmingen/PycharmProjects/migraine-forecasting-shd/.venv/lib/python3.13/site-packages/sklearn/metrics/_ranking.py:1046: UserWarning: No positive class found in y_true, recall is set to one for all thresholds.
  warnings.warn(
[I 2026-05-22 18:51:46,888] Trial 70 finished with values: [0.05367064253668299, 1.3542464211472092] and parameters: {'n_estimators': 54, 'learning_rate': 0.16155001304356414, 'subsample': 0.8654007076432223, 'colsample_bytree': 0.6027808522124762, 'min_child_weight': 6}.
/home/mklemmingen/PycharmProjects/migraine-forecasting-shd/.venv/lib/python3.13/site-packages/sklearn/metrics/_ranking.py:424: UndefinedMetricWarning: Only one class is present in y_true. ROC AUC score is not defined in that case.
  warnings.warn(
/home/mklemmingen/PycharmProjects/migraine-forecasting-shd/.venv/lib/python3.13/site-packages/sklearn/metrics/_ranking.py:1046: UserWarning: No positive class found in y_true, recall is set to one for all thresholds.
  warnings.warn(
/home/mklemmingen/PycharmProjects/migraine-forecasting-shd/.venv/lib/python3.13/site-packages/sklearn/metrics/_ranking.py:424: UndefinedMetricWarning: Only one class is present in y_true. ROC AUC score is not defined in that case.
  warnings.warn(
/home/mklemmingen/PycharmProjects/migraine-forecasting-shd/.venv/lib/python3.13/site-packages/sklearn/metrics/_ranking.py:1046: UserWarning: No positive class found in y_true, recall is set to one for all thresholds.
  warnings.warn(
[I 2026-05-22 18:51:47,479] Trial 71 finished with values: [0.04929718840764237, 1.9683042400454511] and parameters: {'n_estimators': 272, 'learning_rate': 0.028180680291847244, 'subsample': 0.7710164073434198, 'colsample_bytree': 0.7174367377057973, 'min_child_weight': 9}.
/home/mklemmingen/PycharmProjects/migraine-forecasting-shd/.venv/lib/python3.13/site-packages/sklearn/metrics/_ranking.py:424: UndefinedMetricWarning: Only one class is present in y_true. ROC AUC score is not defined in that case.
  warnings.warn(
/home/mklemmingen/PycharmProjects/migraine-forecasting-shd/.venv/lib/python3.13/site-packages/sklearn/metrics/_ranking.py:1046: UserWarning: No positive class found in y_true, recall is set to one for all thresholds.
  warnings.warn(
/home/mklemmingen/PycharmProjects/migraine-forecasting-shd/.venv/lib/python3.13/site-packages/sklearn/metrics/_ranking.py:424: UndefinedMetricWarning: Only one class is present in y_true. ROC AUC score is not defined in that case.
  warnings.warn(
/home/mklemmingen/PycharmProjects/migraine-forecasting-shd/.venv/lib/python3.13/site-packages/sklearn/metrics/_ranking.py:1046: UserWarning: No positive class found in y_true, recall is set to one for all thresholds.
  warnings.warn(
[I 2026-05-22 18:51:48,248] Trial 72 finished with values: [0.050226026251971034, 2.202207642499783] and parameters: {'n_estimators': 415, 'learning_rate': 0.019721610970574007, 'subsample': 0.9659457560881795, 'colsample_bytree': 0.7480634801021777, 'min_child_weight': 1}.
/home/mklemmingen/PycharmProjects/migraine-forecasting-shd/.venv/lib/python3.13/site-packages/sklearn/metrics/_ranking.py:424: UndefinedMetricWarning: Only one class is present in y_true. ROC AUC score is not defined in that case.
  warnings.warn(
/home/mklemmingen/PycharmProjects/migraine-forecasting-shd/.venv/lib/python3.13/site-packages/sklearn/metrics/_ranking.py:1046: UserWarning: No positive class found in y_true, recall is set to one for all thresholds.
  warnings.warn(
/home/mklemmingen/PycharmProjects/migraine-forecasting-shd/.venv/lib/python3.13/site-packages/sklearn/metrics/_ranking.py:424: UndefinedMetricWarning: Only one class is present in y_true. ROC AUC score is not defined in that case.
  warnings.warn(
/home/mklemmingen/PycharmProjects/migraine-forecasting-shd/.venv/lib/python3.13/site-packages/sklearn/metrics/_ranking.py:1046: UserWarning: No positive class found in y_true, recall is set to one for all thresholds.
  warnings.warn(
[I 2026-05-22 18:51:49,022] Trial 73 finished with values: [0.051813126731770354, 1.9231769727831882] and parameters: {'n_estimators': 378, 'learning_rate': 0.02516607127550297, 'subsample': 0.6296178606936361, 'colsample_bytree': 0.9468289274320415, 'min_child_weight': 2}.
/home/mklemmingen/PycharmProjects/migraine-forecasting-shd/.venv/lib/python3.13/site-packages/sklearn/metrics/_ranking.py:424: UndefinedMetricWarning: Only one class is present in y_true. ROC AUC score is not defined in that case.
  warnings.warn(
/home/mklemmingen/PycharmProjects/migraine-forecasting-shd/.venv/lib/python3.13/site-packages/sklearn/metrics/_ranking.py:1046: UserWarning: No positive class found in y_true, recall is set to one for all thresholds.
  warnings.warn(
/home/mklemmingen/PycharmProjects/migraine-forecasting-shd/.venv/lib/python3.13/site-packages/sklearn/metrics/_ranking.py:424: UndefinedMetricWarning: Only one class is present in y_true. ROC AUC score is not defined in that case.
  warnings.warn(
/home/mklemmingen/PycharmProjects/migraine-forecasting-shd/.venv/lib/python3.13/site-packages/sklearn/metrics/_ranking.py:1046: UserWarning: No positive class found in y_true, recall is set to one for all thresholds.
  warnings.warn(
[I 2026-05-22 18:51:49,716] Trial 74 finished with values: [0.09114344451156595, 3.512114960027832] and parameters: {'n_estimators': 408, 'learning_rate': 0.09836162684900028, 'subsample': 0.9046478461314871, 'colsample_bytree': 0.6950550175969599, 'min_child_weight': 8}.
/home/mklemmingen/PycharmProjects/migraine-forecasting-shd/.venv/lib/python3.13/site-packages/sklearn/metrics/_ranking.py:424: UndefinedMetricWarning: Only one class is present in y_true. ROC AUC score is not defined in that case.
  warnings.warn(
/home/mklemmingen/PycharmProjects/migraine-forecasting-shd/.venv/lib/python3.13/site-packages/sklearn/metrics/_ranking.py:1046: UserWarning: No positive class found in y_true, recall is set to one for all thresholds.
  warnings.warn(
/home/mklemmingen/PycharmProjects/migraine-forecasting-shd/.venv/lib/python3.13/site-packages/sklearn/metrics/_ranking.py:424: UndefinedMetricWarning: Only one class is present in y_true. ROC AUC score is not defined in that case.
  warnings.warn(
/home/mklemmingen/PycharmProjects/migraine-forecasting-shd/.venv/lib/python3.13/site-packages/sklearn/metrics/_ranking.py:1046: UserWarning: No positive class found in y_true, recall is set to one for all thresholds.
  warnings.warn(
[I 2026-05-22 18:51:50,416] Trial 75 finished with values: [0.04715222737459203, 2.3534984468102356] and parameters: {'n_estimators': 294, 'learning_rate': 0.040381768820718394, 'subsample': 0.9022204554172195, 'colsample_bytree': 0.9652962210225885, 'min_child_weight': 1}.
/home/mklemmingen/PycharmProjects/migraine-forecasting-shd/.venv/lib/python3.13/site-packages/sklearn/metrics/_ranking.py:424: UndefinedMetricWarning: Only one class is present in y_true. ROC AUC score is not defined in that case.
  warnings.warn(
/home/mklemmingen/PycharmProjects/migraine-forecasting-shd/.venv/lib/python3.13/site-packages/sklearn/metrics/_ranking.py:1046: UserWarning: No positive class found in y_true, recall is set to one for all thresholds.
  warnings.warn(
/home/mklemmingen/PycharmProjects/migraine-forecasting-shd/.venv/lib/python3.13/site-packages/sklearn/metrics/_ranking.py:424: UndefinedMetricWarning: Only one class is present in y_true. ROC AUC score is not defined in that case.
  warnings.warn(
/home/mklemmingen/PycharmProjects/migraine-forecasting-shd/.venv/lib/python3.13/site-packages/sklearn/metrics/_ranking.py:1046: UserWarning: No positive class found in y_true, recall is set to one for all thresholds.
  warnings.warn(
[I 2026-05-22 18:51:51,022] Trial 76 finished with values: [0.05909971897291234, 2.9269573965191875] and parameters: {'n_estimators': 203, 'learning_rate': 0.01607123851203988, 'subsample': 0.9698774473114251, 'colsample_bytree': 0.7465447373174767, 'min_child_weight': 3}.
/home/mklemmingen/PycharmProjects/migraine-forecasting-shd/.venv/lib/python3.13/site-packages/sklearn/metrics/_ranking.py:424: UndefinedMetricWarning: Only one class is present in y_true. ROC AUC score is not defined in that case.
  warnings.warn(
/home/mklemmingen/PycharmProjects/migraine-forecasting-shd/.venv/lib/python3.13/site-packages/sklearn/metrics/_ranking.py:1046: UserWarning: No positive class found in y_true, recall is set to one for all thresholds.
  warnings.warn(
/home/mklemmingen/PycharmProjects/migraine-forecasting-shd/.venv/lib/python3.13/site-packages/sklearn/metrics/_ranking.py:424: UndefinedMetricWarning: Only one class is present in y_true. ROC AUC score is not defined in that case.
  warnings.warn(
/home/mklemmingen/PycharmProjects/migraine-forecasting-shd/.venv/lib/python3.13/site-packages/sklearn/metrics/_ranking.py:1046: UserWarning: No positive class found in y_true, recall is set to one for all thresholds.
  warnings.warn(
[I 2026-05-22 18:51:51,701] Trial 77 finished with values: [0.06547116035041647, 3.520173804165751] and parameters: {'n_estimators': 280, 'learning_rate': 0.1538583627271404, 'subsample': 0.8006065178748798, 'colsample_bytree': 0.6180909155642152, 'min_child_weight': 8}.
/home/mklemmingen/PycharmProjects/migraine-forecasting-shd/.venv/lib/python3.13/site-packages/sklearn/metrics/_ranking.py:424: UndefinedMetricWarning: Only one class is present in y_true. ROC AUC score is not defined in that case.
  warnings.warn(
/home/mklemmingen/PycharmProjects/migraine-forecasting-shd/.venv/lib/python3.13/site-packages/sklearn/metrics/_ranking.py:1046: UserWarning: No positive class found in y_true, recall is set to one for all thresholds.
  warnings.warn(
/home/mklemmingen/PycharmProjects/migraine-forecasting-shd/.venv/lib/python3.13/site-packages/sklearn/metrics/_ranking.py:424: UndefinedMetricWarning: Only one class is present in y_true. ROC AUC score is not defined in that case.
  warnings.warn(
/home/mklemmingen/PycharmProjects/migraine-forecasting-shd/.venv/lib/python3.13/site-packages/sklearn/metrics/_ranking.py:1046: UserWarning: No positive class found in y_true, recall is set to one for all thresholds.
  warnings.warn(
[I 2026-05-22 18:51:52,433] Trial 78 finished with values: [0.05068723603101762, 2.5813370155542827] and parameters: {'n_estimators': 355, 'learning_rate': 0.01058040360169664, 'subsample': 0.8599855723111061, 'colsample_bytree': 0.9232481518257668, 'min_child_weight': 7}.
/home/mklemmingen/PycharmProjects/migraine-forecasting-shd/.venv/lib/python3.13/site-packages/sklearn/metrics/_ranking.py:424: UndefinedMetricWarning: Only one class is present in y_true. ROC AUC score is not defined in that case.
  warnings.warn(
/home/mklemmingen/PycharmProjects/migraine-forecasting-shd/.venv/lib/python3.13/site-packages/sklearn/metrics/_ranking.py:1046: UserWarning: No positive class found in y_true, recall is set to one for all thresholds.
  warnings.warn(
/home/mklemmingen/PycharmProjects/migraine-forecasting-shd/.venv/lib/python3.13/site-packages/sklearn/metrics/_ranking.py:424: UndefinedMetricWarning: Only one class is present in y_true. ROC AUC score is not defined in that case.
  warnings.warn(
/home/mklemmingen/PycharmProjects/migraine-forecasting-shd/.venv/lib/python3.13/site-packages/sklearn/metrics/_ranking.py:1046: UserWarning: No positive class found in y_true, recall is set to one for all thresholds.
  warnings.warn(
[I 2026-05-22 18:51:53,061] Trial 79 finished with values: [0.04618431406706152, 3.806637669868538] and parameters: {'n_estimators': 348, 'learning_rate': 0.05388108577817234, 'subsample': 0.8080272084711243, 'colsample_bytree': 0.9637281608315128, 'min_child_weight': 3}.
/home/mklemmingen/PycharmProjects/migraine-forecasting-shd/.venv/lib/python3.13/site-packages/sklearn/metrics/_ranking.py:424: UndefinedMetricWarning: Only one class is present in y_true. ROC AUC score is not defined in that case.
  warnings.warn(
/home/mklemmingen/PycharmProjects/migraine-forecasting-shd/.venv/lib/python3.13/site-packages/sklearn/metrics/_ranking.py:1046: UserWarning: No positive class found in y_true, recall is set to one for all thresholds.
  warnings.warn(
/home/mklemmingen/PycharmProjects/migraine-forecasting-shd/.venv/lib/python3.13/site-packages/sklearn/metrics/_ranking.py:424: UndefinedMetricWarning: Only one class is present in y_true. ROC AUC score is not defined in that case.
  warnings.warn(
/home/mklemmingen/PycharmProjects/migraine-forecasting-shd/.venv/lib/python3.13/site-packages/sklearn/metrics/_ranking.py:1046: UserWarning: No positive class found in y_true, recall is set to one for all thresholds.
  warnings.warn(
[I 2026-05-22 18:51:53,692] Trial 80 finished with values: [0.054058682423349644, 2.297039767318317] and parameters: {'n_estimators': 339, 'learning_rate': 0.013313275850595153, 'subsample': 0.6646514856378455, 'colsample_bytree': 0.8807867509030813, 'min_child_weight': 7}.
/home/mklemmingen/PycharmProjects/migraine-forecasting-shd/.venv/lib/python3.13/site-packages/sklearn/metrics/_ranking.py:424: UndefinedMetricWarning: Only one class is present in y_true. ROC AUC score is not defined in that case.
  warnings.warn(
/home/mklemmingen/PycharmProjects/migraine-forecasting-shd/.venv/lib/python3.13/site-packages/sklearn/metrics/_ranking.py:1046: UserWarning: No positive class found in y_true, recall is set to one for all thresholds.
  warnings.warn(
/home/mklemmingen/PycharmProjects/migraine-forecasting-shd/.venv/lib/python3.13/site-packages/sklearn/metrics/_ranking.py:424: UndefinedMetricWarning: Only one class is present in y_true. ROC AUC score is not defined in that case.
  warnings.warn(
/home/mklemmingen/PycharmProjects/migraine-forecasting-shd/.venv/lib/python3.13/site-packages/sklearn/metrics/_ranking.py:1046: UserWarning: No positive class found in y_true, recall is set to one for all thresholds.
  warnings.warn(
[I 2026-05-22 18:51:54,402] Trial 81 finished with values: [0.08899929724504255, 7.951841586106336] and parameters: {'n_estimators': 408, 'learning_rate': 0.2063696403063293, 'subsample': 0.7168578594140873, 'colsample_bytree': 0.8245108790277985, 'min_child_weight': 5}.
/home/mklemmingen/PycharmProjects/migraine-forecasting-shd/.venv/lib/python3.13/site-packages/sklearn/metrics/_ranking.py:424: UndefinedMetricWarning: Only one class is present in y_true. ROC AUC score is not defined in that case.
  warnings.warn(
/home/mklemmingen/PycharmProjects/migraine-forecasting-shd/.venv/lib/python3.13/site-packages/sklearn/metrics/_ranking.py:1046: UserWarning: No positive class found in y_true, recall is set to one for all thresholds.
  warnings.warn(
/home/mklemmingen/PycharmProjects/migraine-forecasting-shd/.venv/lib/python3.13/site-packages/sklearn/metrics/_ranking.py:424: UndefinedMetricWarning: Only one class is present in y_true. ROC AUC score is not defined in that case.
  warnings.warn(
/home/mklemmingen/PycharmProjects/migraine-forecasting-shd/.venv/lib/python3.13/site-packages/sklearn/metrics/_ranking.py:1046: UserWarning: No positive class found in y_true, recall is set to one for all thresholds.
  warnings.warn(
[I 2026-05-22 18:51:55,188] Trial 82 finished with values: [0.04927540236238022, 3.1247300867253625] and parameters: {'n_estimators': 487, 'learning_rate': 0.017303875834205888, 'subsample': 0.9718790609370292, 'colsample_bytree': 0.7351980627406143, 'min_child_weight': 4}.
/home/mklemmingen/PycharmProjects/migraine-forecasting-shd/.venv/lib/python3.13/site-packages/sklearn/metrics/_ranking.py:424: UndefinedMetricWarning: Only one class is present in y_true. ROC AUC score is not defined in that case.
  warnings.warn(
/home/mklemmingen/PycharmProjects/migraine-forecasting-shd/.venv/lib/python3.13/site-packages/sklearn/metrics/_ranking.py:1046: UserWarning: No positive class found in y_true, recall is set to one for all thresholds.
  warnings.warn(
/home/mklemmingen/PycharmProjects/migraine-forecasting-shd/.venv/lib/python3.13/site-packages/sklearn/metrics/_ranking.py:424: UndefinedMetricWarning: Only one class is present in y_true. ROC AUC score is not defined in that case.
  warnings.warn(
/home/mklemmingen/PycharmProjects/migraine-forecasting-shd/.venv/lib/python3.13/site-packages/sklearn/metrics/_ranking.py:1046: UserWarning: No positive class found in y_true, recall is set to one for all thresholds.
  warnings.warn(
[I 2026-05-22 18:51:55,902] Trial 83 finished with values: [0.0668037703037703, 4.235970103693349] and parameters: {'n_estimators': 414, 'learning_rate': 0.16111511355977057, 'subsample': 0.6390688456025535, 'colsample_bytree': 0.8118602313424026, 'min_child_weight': 1}.
/home/mklemmingen/PycharmProjects/migraine-forecasting-shd/.venv/lib/python3.13/site-packages/sklearn/metrics/_ranking.py:424: UndefinedMetricWarning: Only one class is present in y_true. ROC AUC score is not defined in that case.
  warnings.warn(
/home/mklemmingen/PycharmProjects/migraine-forecasting-shd/.venv/lib/python3.13/site-packages/sklearn/metrics/_ranking.py:1046: UserWarning: No positive class found in y_true, recall is set to one for all thresholds.
  warnings.warn(
/home/mklemmingen/PycharmProjects/migraine-forecasting-shd/.venv/lib/python3.13/site-packages/sklearn/metrics/_ranking.py:424: UndefinedMetricWarning: Only one class is present in y_true. ROC AUC score is not defined in that case.
  warnings.warn(
/home/mklemmingen/PycharmProjects/migraine-forecasting-shd/.venv/lib/python3.13/site-packages/sklearn/metrics/_ranking.py:1046: UserWarning: No positive class found in y_true, recall is set to one for all thresholds.
  warnings.warn(
