# Training-script output capture
# Generated: 2026-05-15T16:08:40
# UUID:      16a07a39-3159-4897-aac8-053fdeceafd4
# Label:     training
# Leaf:      /home/mklemmingen/PycharmProjects/migraine-forecasting-shd/experiment/0/headache/full_features/stacked_2xgb_meta_lr/70_15_15/chrono/HyperparameterTuned/pareto_AUROC_slope/auroc_max
# Captures stdout/stderr written during the wrapped block
# (library messages, warnings, progress bars, etc.).
# Begin capture ----------------------------------------
Loading datasets...
Running pareto_AUROC_slope search (500 trials, seed=42)...
[I 2026-05-15 16:08:40,759] A new study created in memory with name: no-name-0526f3e2-6fa1-4095-addd-f7ab717a82ce
[I 2026-05-15 16:08:42,385] Trial 0 finished with values: [0.587881165961974, 0.9781531096275111] and parameters: {'n_estimators': 218, 'learning_rate': 0.2536999076681772, 'subsample': 0.892797576724562, 'colsample_bytree': 0.8394633936788146, 'min_child_weight': 2}.
[I 2026-05-15 16:08:43,963] Trial 1 finished with values: [0.6098574798069748, 0.6940354877925716] and parameters: {'n_estimators': 120, 'learning_rate': 0.012184186502221764, 'subsample': 0.9464704583099741, 'colsample_bytree': 0.8404460046972835, 'min_child_weight': 8}.
[I 2026-05-15 16:08:45,240] Trial 2 finished with values: [0.6101337885176268, 0.6934482407648538] and parameters: {'n_estimators': 59, 'learning_rate': 0.2708160864249968, 'subsample': 0.9329770563201687, 'colsample_bytree': 0.6849356442713105, 'min_child_weight': 2}.
[I 2026-05-15 16:08:46,657] Trial 3 finished with values: [0.5819470920481021, 0.8084847319765555] and parameters: {'n_estimators': 132, 'learning_rate': 0.028145092716060652, 'subsample': 0.8099025726528951, 'colsample_bytree': 0.7727780074568463, 'min_child_weight': 3}.
[I 2026-05-15 16:08:48,283] Trial 4 finished with values: [0.58482147239723, 0.8172103918745346] and parameters: {'n_estimators': 325, 'learning_rate': 0.01607123851203988, 'subsample': 0.7168578594140873, 'colsample_bytree': 0.7465447373174767, 'min_child_weight': 5}.
[I 2026-05-15 16:08:49,862] Trial 5 finished with values: [0.5753604437442823, 0.9766764720873061] and parameters: {'n_estimators': 404, 'learning_rate': 0.019721610970574007, 'subsample': 0.8056937753654446, 'colsample_bytree': 0.836965827544817, 'min_child_weight': 1}.
[I 2026-05-15 16:08:51,326] Trial 6 finished with values: [0.6049162070374192, 0.7125846821150179] and parameters: {'n_estimators': 324, 'learning_rate': 0.0178601378893971, 'subsample': 0.6260206371941118, 'colsample_bytree': 0.9795542149013333, 'min_child_weight': 10}.
[I 2026-05-15 16:08:52,877] Trial 7 finished with values: [0.6050123335981923, 0.9102581607251597] and parameters: {'n_estimators': 414, 'learning_rate': 0.028180680291847244, 'subsample': 0.6390688456025535, 'colsample_bytree': 0.8736932106048627, 'min_child_weight': 5}.
[I 2026-05-15 16:08:53,408] Trial 8 finished with values: [0.5801302167968835, 0.9134509279650272] and parameters: {'n_estimators': 105, 'learning_rate': 0.05388108577817234, 'subsample': 0.6137554084460873, 'colsample_bytree': 0.9637281608315128, 'min_child_weight': 3}.
[I 2026-05-15 16:08:54,018] Trial 9 finished with values: [0.5943340428188912, 0.8666742834275531] and parameters: {'n_estimators': 348, 'learning_rate': 0.028869220380495747, 'subsample': 0.8080272084711243, 'colsample_bytree': 0.8186841117373118, 'min_child_weight': 2}.
[I 2026-05-15 16:08:54,730] Trial 10 finished with values: [0.6319232560646701, 0.4724402112394088] and parameters: {'n_estimators': 487, 'learning_rate': 0.13962563737015762, 'subsample': 0.9757995766256756, 'colsample_bytree': 0.9579309401710595, 'min_child_weight': 6}.
[I 2026-05-15 16:08:55,573] Trial 11 finished with values: [0.590820911426972, 0.8733649585556019] and parameters: {'n_estimators': 465, 'learning_rate': 0.01351182947645082, 'subsample': 0.6783931449676581, 'colsample_bytree': 0.6180909155642152, 'min_child_weight': 4}.
[I 2026-05-15 16:08:56,224] Trial 12 finished with values: [0.571928941928942, 0.8521509993189296] and parameters: {'n_estimators': 225, 'learning_rate': 0.02516607127550297, 'subsample': 0.9314950036607718, 'colsample_bytree': 0.7427013306774357, 'min_child_weight': 3}.
[I 2026-05-15 16:08:56,906] Trial 13 finished with values: [0.5869629802963136, 0.7717979602079958] and parameters: {'n_estimators': 294, 'learning_rate': 0.016149614799999188, 'subsample': 0.9208787923016158, 'colsample_bytree': 0.6298202574719083, 'min_child_weight': 10}.
[I 2026-05-15 16:08:57,573] Trial 14 finished with values: [0.6104919349363793, 0.7283787008855465] and parameters: {'n_estimators': 398, 'learning_rate': 0.019657448966046126, 'subsample': 0.602208846849441, 'colsample_bytree': 0.9261845713819337, 'min_child_weight': 8}.
[I 2026-05-15 16:08:58,314] Trial 15 finished with values: [0.6229430781956035, 0.7605756455224506] and parameters: {'n_estimators': 378, 'learning_rate': 0.13780336485751998, 'subsample': 0.6296178606936361, 'colsample_bytree': 0.7433862914177091, 'min_child_weight': 2}.
[I 2026-05-15 16:08:59,009] Trial 16 finished with values: [0.622074978034574, 0.6902832768457046] and parameters: {'n_estimators': 439, 'learning_rate': 0.08330803890301997, 'subsample': 0.7323592099410596, 'colsample_bytree': 0.6254233401144095, 'min_child_weight': 4}.
[I 2026-05-15 16:08:59,612] Trial 17 finished with values: [0.5832274685810039, 0.9913690968489351] and parameters: {'n_estimators': 196, 'learning_rate': 0.1195960383019184, 'subsample': 0.8550229885420852, 'colsample_bytree': 0.9548850970305306, 'min_child_weight': 5}.
[I 2026-05-15 16:09:00,155] Trial 18 finished with values: [0.6196438311589827, 0.7493398917065963] and parameters: {'n_estimators': 103, 'learning_rate': 0.1131225105716033, 'subsample': 0.9043140194467589, 'colsample_bytree': 0.8245108790277985, 'min_child_weight': 8}.
[I 2026-05-15 16:09:00,661] Trial 19 finished with values: [0.5937509646600556, 0.9241486130884808] and parameters: {'n_estimators': 272, 'learning_rate': 0.05917520523090666, 'subsample': 0.7710164073434198, 'colsample_bytree': 0.610167650697638, 'min_child_weight': 2}.
[I 2026-05-15 16:09:01,075] Trial 20 finished with values: [0.620565843293116, 0.6060340457173763] and parameters: {'n_estimators': 64, 'learning_rate': 0.08710745900492396, 'subsample': 0.7257423924305306, 'colsample_bytree': 0.8034282764658811, 'min_child_weight': 10}.
[I 2026-05-15 16:09:01,572] Trial 21 finished with values: [0.5839444547525355, 0.8321104522214953] and parameters: {'n_estimators': 162, 'learning_rate': 0.040381768820718394, 'subsample': 0.9022204554172195, 'colsample_bytree': 0.6915192661966489, 'min_child_weight': 1}.
[I 2026-05-15 16:09:02,211] Trial 22 finished with values: [0.5910813831015852, 0.7211006428789521] and parameters: {'n_estimators': 180, 'learning_rate': 0.017303875834205888, 'subsample': 0.9718790609370292, 'colsample_bytree': 0.9232481518257668, 'min_child_weight': 7}.
[I 2026-05-15 16:09:03,015] Trial 23 finished with values: [0.601125981024971, 0.6723313505852092] and parameters: {'n_estimators': 443, 'learning_rate': 0.1538583627271404, 'subsample': 0.6746280235544143, 'colsample_bytree': 0.9570235993959911, 'min_child_weight': 6}.
[I 2026-05-15 16:09:03,720] Trial 24 finished with values: [0.5989584271402453, 0.7283878766971867] and parameters: {'n_estimators': 414, 'learning_rate': 0.21068591627429098, 'subsample': 0.7272013899887455, 'colsample_bytree': 0.6440207698110707, 'min_child_weight': 3}.
[I 2026-05-15 16:09:04,370] Trial 25 finished with values: [0.6032228332228333, 0.7973742447692175] and parameters: {'n_estimators': 242, 'learning_rate': 0.16155001304356414, 'subsample': 0.9442922333025374, 'colsample_bytree': 0.6027808522124762, 'min_child_weight': 6}.
[I 2026-05-15 16:09:04,917] Trial 26 finished with values: [0.605686057302219, 0.7006959033086986] and parameters: {'n_estimators': 238, 'learning_rate': 0.0212853192163843, 'subsample': 0.6479461469334731, 'colsample_bytree': 0.7350460685614512, 'min_child_weight': 10}.
[I 2026-05-15 16:09:05,423] Trial 27 finished with values: [0.6188118972967459, 0.6749936374963073] and parameters: {'n_estimators': 195, 'learning_rate': 0.05838706626832953, 'subsample': 0.881207583558071, 'colsample_bytree': 0.7454518409517176, 'min_child_weight': 10}.
[I 2026-05-15 16:09:06,244] Trial 28 finished with values: [0.5963165763165763, 0.8824108726134412] and parameters: {'n_estimators': 484, 'learning_rate': 0.023545774516299134, 'subsample': 0.7988994023569542, 'colsample_bytree': 0.7203513239267079, 'min_child_weight': 3}.
[I 2026-05-15 16:09:06,670] Trial 29 finished with values: [0.6052385075617399, 0.765819191055958] and parameters: {'n_estimators': 66, 'learning_rate': 0.07950609693143304, 'subsample': 0.8010716092915446, 'colsample_bytree': 0.6205915004999957, 'min_child_weight': 3}.
[I 2026-05-15 16:09:07,507] Trial 30 finished with values: [0.6117356435538255, 0.7471730646933766] and parameters: {'n_estimators': 459, 'learning_rate': 0.022587177280197233, 'subsample': 0.6579579488364892, 'colsample_bytree': 0.7957811041110252, 'min_child_weight': 10}.
[I 2026-05-15 16:09:07,965] Trial 31 finished with values: [0.5972467193679314, 0.8660564275534975] and parameters: {'n_estimators': 159, 'learning_rate': 0.09836162684900028, 'subsample': 0.9046478461314871, 'colsample_bytree': 0.6950550175969599, 'min_child_weight': 8}.
[I 2026-05-15 16:09:08,532] Trial 32 finished with values: [0.6030756323685617, 0.9574843558295241] and parameters: {'n_estimators': 215, 'learning_rate': 0.08589984533104164, 'subsample': 0.8534118843043579, 'colsample_bytree': 0.8143098736299034, 'min_child_weight': 1}.
[I 2026-05-15 16:09:09,253] Trial 33 finished with values: [0.5975987597199717, 0.8460547454933905] and parameters: {'n_estimators': 426, 'learning_rate': 0.029773579612263783, 'subsample': 0.6746074041599417, 'colsample_bytree': 0.6163100566219055, 'min_child_weight': 6}.
[I 2026-05-15 16:09:09,853] Trial 34 finished with values: [0.585548836255907, 0.8008968341928506] and parameters: {'n_estimators': 355, 'learning_rate': 0.01058040360169664, 'subsample': 0.8048372233197124, 'colsample_bytree': 0.6905983100791752, 'min_child_weight': 7}.
[I 2026-05-15 16:09:10,406] Trial 35 finished with values: [0.6026115332175939, 0.8923397287823199] and parameters: {'n_estimators': 128, 'learning_rate': 0.10485733570643786, 'subsample': 0.7546941385202149, 'colsample_bytree': 0.9746919954946938, 'min_child_weight': 2}.
[I 2026-05-15 16:09:11,039] Trial 36 finished with values: [0.5858213007707957, 0.7796167888596128] and parameters: {'n_estimators': 203, 'learning_rate': 0.01471005003927122, 'subsample': 0.9698774473114251, 'colsample_bytree': 0.9509357413523924, 'min_child_weight': 3}.
[I 2026-05-15 16:09:11,700] Trial 37 finished with values: [0.5910342705292201, 0.8153967937450177] and parameters: {'n_estimators': 347, 'learning_rate': 0.16111511355977057, 'subsample': 0.822080324639785, 'colsample_bytree': 0.8118602313424026, 'min_child_weight': 3}.
[I 2026-05-15 16:09:12,102] Trial 38 finished with values: [0.5880774188854996, 0.862298676938216] and parameters: {'n_estimators': 91, 'learning_rate': 0.21149322814164553, 'subsample': 0.9601672228653322, 'colsample_bytree': 0.8532405829093072, 'min_child_weight': 4}.
[I 2026-05-15 16:09:12,705] Trial 39 finished with values: [0.6117217059641302, 0.8722863140798272] and parameters: {'n_estimators': 207, 'learning_rate': 0.11812030596598909, 'subsample': 0.9588441039810308, 'colsample_bytree': 0.954834569706047, 'min_child_weight': 8}.
[I 2026-05-15 16:09:13,345] Trial 40 finished with values: [0.5999335121557344, 0.7220104081931391] and parameters: {'n_estimators': 339, 'learning_rate': 0.013313275850595153, 'subsample': 0.6646514856378455, 'colsample_bytree': 0.9594216754108317, 'min_child_weight': 7}.
[I 2026-05-15 16:09:13,857] Trial 41 finished with values: [0.600441460744491, 0.7197278598677769] and parameters: {'n_estimators': 54, 'learning_rate': 0.01412166070620751, 'subsample': 0.8654007076432223, 'colsample_bytree': 0.6020246335384875, 'min_child_weight': 2}.
[I 2026-05-15 16:09:14,469] Trial 42 finished with values: [0.609002108497058, 0.7433915319086066] and parameters: {'n_estimators': 297, 'learning_rate': 0.10519936117151477, 'subsample': 0.8607845038010402, 'colsample_bytree': 0.689707723784224, 'min_child_weight': 8}.
[I 2026-05-15 16:09:14,870] Trial 43 finished with values: [0.5992503470281247, 0.6572858347493856] and parameters: {'n_estimators': 156, 'learning_rate': 0.030245085073501415, 'subsample': 0.8985965620472096, 'colsample_bytree': 0.8598531596188859, 'min_child_weight': 9}.
[I 2026-05-15 16:09:15,507] Trial 44 finished with values: [0.601331957695594, 0.8432142530284847] and parameters: {'n_estimators': 346, 'learning_rate': 0.06909724267901692, 'subsample': 0.637469907131237, 'colsample_bytree': 0.7470863212237734, 'min_child_weight': 3}.
[I 2026-05-15 16:09:15,990] Trial 45 finished with values: [0.6248859078152007, 0.4815698448855043] and parameters: {'n_estimators': 160, 'learning_rate': 0.2736872535680783, 'subsample': 0.7572390898667042, 'colsample_bytree': 0.9568186220708453, 'min_child_weight': 7}.
[I 2026-05-15 16:09:16,824] Trial 46 finished with values: [0.6129849132879436, 0.8125300218854917] and parameters: {'n_estimators': 408, 'learning_rate': 0.05526573288655769, 'subsample': 0.8307615538505436, 'colsample_bytree': 0.7970070775275455, 'min_child_weight': 2}.
[I 2026-05-15 16:09:17,536] Trial 47 finished with values: [0.5926961475446324, 0.8884785302963245] and parameters: {'n_estimators': 375, 'learning_rate': 0.025985724173338116, 'subsample': 0.6097263865725815, 'colsample_bytree': 0.858188918362867, 'min_child_weight': 2}.
[I 2026-05-15 16:09:18,395] Trial 48 finished with values: [0.562525068686685, 1.1902235865813453] and parameters: {'n_estimators': 474, 'learning_rate': 0.25648866468880704, 'subsample': 0.9659457560881795, 'colsample_bytree': 0.7480634801021777, 'min_child_weight': 1}.
[I 2026-05-15 16:09:19,114] Trial 49 finished with values: [0.6065455616970769, 0.6845020706669318] and parameters: {'n_estimators': 468, 'learning_rate': 0.042902233912047165, 'subsample': 0.9866619276174678, 'colsample_bytree': 0.9854479908357011, 'min_child_weight': 9}.
[I 2026-05-15 16:09:19,582] Trial 50 finished with values: [0.593173009031595, 0.7386570638352691] and parameters: {'n_estimators': 120, 'learning_rate': 0.012184186502221764, 'subsample': 0.881207583558071, 'colsample_bytree': 0.7454518409517176, 'min_child_weight': 3}.
[I 2026-05-15 16:09:20,106] Trial 51 finished with values: [0.6023318832409742, 0.6595488928820412] and parameters: {'n_estimators': 64, 'learning_rate': 0.08710745900492396, 'subsample': 0.7257423924305306, 'colsample_bytree': 0.8034282764658811, 'min_child_weight': 4}.
[I 2026-05-15 16:09:20,904] Trial 52 finished with values: [0.5967784772835278, 0.5782749399061899] and parameters: {'n_estimators': 433, 'learning_rate': 0.2708160864249968, 'subsample': 0.9329770563201687, 'colsample_bytree': 0.6849356442713105, 'min_child_weight': 2}.
[I 2026-05-15 16:09:21,463] Trial 53 finished with values: [0.6144226818974293, 0.627099596822146] and parameters: {'n_estimators': 120, 'learning_rate': 0.029385442161128397, 'subsample': 0.9442922333025374, 'colsample_bytree': 0.6027808522124762, 'min_child_weight': 8}.
[I 2026-05-15 16:09:22,129] Trial 54 finished with values: [0.5845845911502477, 0.7577287220110225] and parameters: {'n_estimators': 242, 'learning_rate': 0.017797595772834223, 'subsample': 0.7988994023569542, 'colsample_bytree': 0.82272050498334, 'min_child_weight': 6}.
[I 2026-05-15 16:09:22,835] Trial 55 finished with values: [0.6137648707345678, 0.5794485497082089] and parameters: {'n_estimators': 414, 'learning_rate': 0.24144271975982237, 'subsample': 0.7272013899887455, 'colsample_bytree': 0.6440207698110707, 'min_child_weight': 7}.
[I 2026-05-15 16:09:23,330] Trial 56 finished with values: [0.5883330175249367, 0.7619062102678601] and parameters: {'n_estimators': 54, 'learning_rate': 0.05838706626832953, 'subsample': 0.8654007076432223, 'colsample_bytree': 0.7454518409517176, 'min_child_weight': 2}.
[I 2026-05-15 16:09:24,115] Trial 57 finished with values: [0.5993417620690348, 0.9908909364101726] and parameters: {'n_estimators': 404, 'learning_rate': 0.06951034928701941, 'subsample': 0.9329770563201687, 'colsample_bytree': 0.6388705975083074, 'min_child_weight': 7}.
[I 2026-05-15 16:09:24,639] Trial 58 finished with values: [0.5882934318287854, 0.7709422295377264] and parameters: {'n_estimators': 66, 'learning_rate': 0.11812030596598909, 'subsample': 0.8010716092915446, 'colsample_bytree': 0.9960215400417053, 'min_child_weight': 3}.
[I 2026-05-15 16:09:25,509] Trial 59 finished with values: [0.6009469458964409, 0.7571506326370678] and parameters: {'n_estimators': 487, 'learning_rate': 0.01610352961694889, 'subsample': 0.8073318609454947, 'colsample_bytree': 0.8598531596188859, 'min_child_weight': 9}.
[I 2026-05-15 16:09:26,158] Trial 60 finished with values: [0.5919397936569653, 1.081534580744727] and parameters: {'n_estimators': 297, 'learning_rate': 0.08589984533104164, 'subsample': 0.8534118843043579, 'colsample_bytree': 0.9509492287711822, 'min_child_weight': 1}.
[I 2026-05-15 16:09:26,629] Trial 61 finished with values: [0.5720429940631959, 0.9594061605039954] and parameters: {'n_estimators': 120, 'learning_rate': 0.08330803890301997, 'subsample': 0.8963074471016818, 'colsample_bytree': 0.6254233401144095, 'min_child_weight': 4}.
[I 2026-05-15 16:09:27,339] Trial 62 finished with values: [0.6149556285919923, 0.5806612562472981] and parameters: {'n_estimators': 439, 'learning_rate': 0.10704755834674413, 'subsample': 0.7272013899887455, 'colsample_bytree': 0.6440207698110707, 'min_child_weight': 8}.
[I 2026-05-15 16:09:27,759] Trial 63 finished with values: [0.5912741562236511, 0.6801118311145731] and parameters: {'n_estimators': 64, 'learning_rate': 0.08710745900492396, 'subsample': 0.7257423924305306, 'colsample_bytree': 0.8245108790277985, 'min_child_weight': 8}.
[I 2026-05-15 16:09:28,591] Trial 64 finished with values: [0.622046560531409, 0.7455564408879879] and parameters: {'n_estimators': 468, 'learning_rate': 0.13780336485751998, 'subsample': 0.9866619276174678, 'colsample_bytree': 0.7433862914177091, 'min_child_weight': 9}.
