[I 2026-05-15 16:13:45,537] Trial 237 finished with values: [0.5881453669332457, 0.6891654335161157] and parameters: {'n_estimators': 468, 'learning_rate': 0.1538583627271404, 'subsample': 0.6746074041599417, 'colsample_bytree': 0.7433862914177091, 'min_child_weight': 1}.
[I 2026-05-15 16:13:46,339] Trial 238 finished with values: [0.5945639578972912, 1.0058307730809406] and parameters: {'n_estimators': 487, 'learning_rate': 0.05838706626832953, 'subsample': 0.9757995766256756, 'colsample_bytree': 0.9579309401710595, 'min_child_weight': 6}.
[I 2026-05-15 16:13:47,054] Trial 239 finished with values: [0.5904337500297097, 0.7813580101052118] and parameters: {'n_estimators': 420, 'learning_rate': 0.24144271975982237, 'subsample': 0.9022204554172195, 'colsample_bytree': 0.7433862914177091, 'min_child_weight': 2}.
[I 2026-05-15 16:13:47,585] Trial 240 finished with values: [0.6054248292632132, 0.737944110278715] and parameters: {'n_estimators': 179, 'learning_rate': 0.08330803890301997, 'subsample': 0.7168578594140873, 'colsample_bytree': 0.7433862914177091, 'min_child_weight': 4}.
[I 2026-05-15 16:13:48,039] Trial 241 finished with values: [0.628809823860329, 0.6463139276834269] and parameters: {'n_estimators': 103, 'learning_rate': 0.11046009304545999, 'subsample': 0.6296178606936361, 'colsample_bytree': 0.7423890714605046, 'min_child_weight': 10}.
[I 2026-05-15 16:13:48,642] Trial 242 finished with values: [0.6091858577717163, 0.8925083106781677] and parameters: {'n_estimators': 280, 'learning_rate': 0.1538583627271404, 'subsample': 0.7272013899887455, 'colsample_bytree': 0.6440207698110707, 'min_child_weight': 1}.
[I 2026-05-15 16:13:49,097] Trial 243 finished with values: [0.6232899933910035, 0.6387992702057109] and parameters: {'n_estimators': 179, 'learning_rate': 0.16155001304356414, 'subsample': 0.9757995766256756, 'colsample_bytree': 0.6325395122567599, 'min_child_weight': 6}.
[I 2026-05-15 16:13:49,760] Trial 244 finished with values: [0.6196294313466031, 0.9141880597752611] and parameters: {'n_estimators': 215, 'learning_rate': 0.16111511355977057, 'subsample': 0.7552679704826087, 'colsample_bytree': 0.8245108790277985, 'min_child_weight': 1}.
[I 2026-05-15 16:13:50,328] Trial 245 finished with values: [0.6159694352623646, 0.7442430486408232] and parameters: {'n_estimators': 120, 'learning_rate': 0.10704755834674413, 'subsample': 0.9442922333025374, 'colsample_bytree': 0.6027808522124762, 'min_child_weight': 10}.
[I 2026-05-15 16:13:50,967] Trial 246 finished with values: [0.6081884994006206, 0.7302653463894337] and parameters: {'n_estimators': 280, 'learning_rate': 0.1538583627271404, 'subsample': 0.8006065178748798, 'colsample_bytree': 0.6440207698110707, 'min_child_weight': 8}.
[I 2026-05-15 16:13:51,614] Trial 247 finished with values: [0.6116648446951477, 0.8483346325731222] and parameters: {'n_estimators': 324, 'learning_rate': 0.043737251953017454, 'subsample': 0.6508242050607539, 'colsample_bytree': 0.9795542149013333, 'min_child_weight': 7}.
[I 2026-05-15 16:13:52,347] Trial 248 finished with values: [0.6203571602561502, 0.6529863868304866] and parameters: {'n_estimators': 324, 'learning_rate': 0.035714399098231424, 'subsample': 0.637469907131237, 'colsample_bytree': 0.7482568588267564, 'min_child_weight': 9}.
[I 2026-05-15 16:13:53,015] Trial 249 finished with values: [0.579224427103215, 1.1740908516120747] and parameters: {'n_estimators': 433, 'learning_rate': 0.10704755834674413, 'subsample': 0.9866619276174678, 'colsample_bytree': 0.6693177280283383, 'min_child_weight': 2}.
[I 2026-05-15 16:13:53,676] Trial 250 finished with values: [0.581595022807144, 0.701245212106263] and parameters: {'n_estimators': 339, 'learning_rate': 0.15870971677383489, 'subsample': 0.6746074041599417, 'colsample_bytree': 0.9579309401710595, 'min_child_weight': 1}.
[I 2026-05-15 16:13:54,553] Trial 251 finished with values: [0.6112491922592932, 0.8341979768852681] and parameters: {'n_estimators': 477, 'learning_rate': 0.043737251953017454, 'subsample': 0.8006065178748798, 'colsample_bytree': 0.9944004255291483, 'min_child_weight': 8}.
[I 2026-05-15 16:13:55,163] Trial 252 finished with values: [0.6133299283804335, 0.7572202877251439] and parameters: {'n_estimators': 179, 'learning_rate': 0.129667438075127, 'subsample': 0.7505038342123663, 'colsample_bytree': 0.9579309401710595, 'min_child_weight': 6}.
[I 2026-05-15 16:13:55,969] Trial 253 finished with values: [0.6125053401821079, 0.8595710126273935] and parameters: {'n_estimators': 433, 'learning_rate': 0.08710745900492396, 'subsample': 0.9329770563201687, 'colsample_bytree': 0.6849356442713105, 'min_child_weight': 10}.
[I 2026-05-15 16:13:56,368] Trial 254 finished with values: [0.6028414482959936, 0.6803475413504099] and parameters: {'n_estimators': 61, 'learning_rate': 0.07332660227137139, 'subsample': 0.881207583558071, 'colsample_bytree': 0.7174367377057973, 'min_child_weight': 10}.
[I 2026-05-15 16:13:56,816] Trial 255 finished with values: [0.5992351593361696, 0.9309775387476135] and parameters: {'n_estimators': 103, 'learning_rate': 0.16155001304356414, 'subsample': 0.6334002866794675, 'colsample_bytree': 0.8245108790277985, 'min_child_weight': 6}.
[I 2026-05-15 16:13:57,495] Trial 256 finished with values: [0.6226985046176965, 0.6255623816097517] and parameters: {'n_estimators': 324, 'learning_rate': 0.1131225105716033, 'subsample': 0.8006065178748798, 'colsample_bytree': 0.9746919954946938, 'min_child_weight': 10}.
[I 2026-05-15 16:13:58,029] Trial 257 finished with values: [0.625358044650974, 0.650096067693922] and parameters: {'n_estimators': 103, 'learning_rate': 0.1538583627271404, 'subsample': 0.7168578594140873, 'colsample_bytree': 0.9108587663709747, 'min_child_weight': 6}.
[I 2026-05-15 16:13:58,630] Trial 258 finished with values: [0.586381472644099, 0.9599214475193882] and parameters: {'n_estimators': 301, 'learning_rate': 0.21149322814164553, 'subsample': 0.8313120563984696, 'colsample_bytree': 0.7594018937589494, 'min_child_weight': 7}.
[I 2026-05-15 16:13:59,260] Trial 259 finished with values: [0.6007733051167394, 0.7975418542741205] and parameters: {'n_estimators': 293, 'learning_rate': 0.1538583627271404, 'subsample': 0.6746074041599417, 'colsample_bytree': 0.7696888036987906, 'min_child_weight': 1}.
[I 2026-05-15 16:13:59,819] Trial 260 finished with values: [0.6077585535161293, 0.8980216211546077] and parameters: {'n_estimators': 103, 'learning_rate': 0.16155001304356414, 'subsample': 0.9022204554172195, 'colsample_bytree': 0.8245108790277985, 'min_child_weight': 2}.
[I 2026-05-15 16:14:00,513] Trial 261 finished with values: [0.6153250377492802, 0.9375573685144317] and parameters: {'n_estimators': 413, 'learning_rate': 0.1538583627271404, 'subsample': 0.9043140194467589, 'colsample_bytree': 0.7433862914177091, 'min_child_weight': 2}.
[I 2026-05-15 16:14:01,324] Trial 262 finished with values: [0.6288154151790515, 0.610041262801326] and parameters: {'n_estimators': 439, 'learning_rate': 0.10704755834674413, 'subsample': 0.7272013899887455, 'colsample_bytree': 0.9625417540378944, 'min_child_weight': 8}.
[I 2026-05-15 16:14:01,981] Trial 263 finished with values: [0.6325404480960036, 0.5440050210664515] and parameters: {'n_estimators': 215, 'learning_rate': 0.21149322814164553, 'subsample': 0.7257423924305306, 'colsample_bytree': 0.7594018937589494, 'min_child_weight': 7}.
[I 2026-05-15 16:14:02,541] Trial 264 finished with values: [0.6091386283305475, 0.6663703771320679] and parameters: {'n_estimators': 100, 'learning_rate': 0.028180680291847244, 'subsample': 0.637469907131237, 'colsample_bytree': 0.7174367377057973, 'min_child_weight': 10}.
[I 2026-05-15 16:14:03,414] Trial 265 finished with values: [0.6277518736104595, 0.6478180184341639] and parameters: {'n_estimators': 458, 'learning_rate': 0.16111511355977057, 'subsample': 0.9866619276174678, 'colsample_bytree': 0.8245108790277985, 'min_child_weight': 8}.
[I 2026-05-15 16:14:04,024] Trial 266 finished with values: [0.6251434170626089, 0.7371175100954285] and parameters: {'n_estimators': 324, 'learning_rate': 0.043737251953017454, 'subsample': 0.8006065178748798, 'colsample_bytree': 0.9746919954946938, 'min_child_weight': 8}.
[I 2026-05-15 16:14:04,469] Trial 267 finished with values: [0.628809823860329, 0.6463139276834269] and parameters: {'n_estimators': 103, 'learning_rate': 0.11046009304545999, 'subsample': 0.6296178606936361, 'colsample_bytree': 0.7423890714605046, 'min_child_weight': 10}.
[I 2026-05-15 16:14:05,218] Trial 268 finished with values: [0.6301194990083878, 0.6419356221240926] and parameters: {'n_estimators': 378, 'learning_rate': 0.028180680291847244, 'subsample': 0.637469907131237, 'colsample_bytree': 0.6571966728211344, 'min_child_weight': 9}.
[I 2026-05-15 16:14:05,784] Trial 269 finished with values: [0.5979843808126637, 0.7971859244433304] and parameters: {'n_estimators': 179, 'learning_rate': 0.053415464843459444, 'subsample': 0.9757995766256756, 'colsample_bytree': 0.6325395122567599, 'min_child_weight': 8}.
[I 2026-05-15 16:14:06,416] Trial 270 finished with values: [0.6148126481459816, 0.8151567483688238] and parameters: {'n_estimators': 160, 'learning_rate': 0.08710745900492396, 'subsample': 0.7572390898667042, 'colsample_bytree': 0.9568186220708453, 'min_child_weight': 7}.
[I 2026-05-15 16:14:07,236] Trial 271 finished with values: [0.5919379395136971, 1.0836817548422077] and parameters: {'n_estimators': 366, 'learning_rate': 0.1538583627271404, 'subsample': 0.7572390898667042, 'colsample_bytree': 0.9568186220708453, 'min_child_weight': 1}.
[I 2026-05-15 16:14:07,674] Trial 272 finished with values: [0.6373753328298783, 0.5694757598981315] and parameters: {'n_estimators': 103, 'learning_rate': 0.24144271975982237, 'subsample': 0.7272013899887455, 'colsample_bytree': 0.8245108790277985, 'min_child_weight': 6}.
[I 2026-05-15 16:14:08,452] Trial 273 finished with values: [0.6268778774839381, 0.6744322033891387] and parameters: {'n_estimators': 414, 'learning_rate': 0.049234393858490974, 'subsample': 0.6225213102727349, 'colsample_bytree': 0.6475271665072287, 'min_child_weight': 6}.
[I 2026-05-15 16:14:09,075] Trial 274 finished with values: [0.6086350616653647, 0.6711066768856419] and parameters: {'n_estimators': 348, 'learning_rate': 0.11046009304545999, 'subsample': 0.6470104987108419, 'colsample_bytree': 0.8118602313424026, 'min_child_weight': 7}.
[I 2026-05-15 16:14:09,870] Trial 275 finished with values: [0.6175515841172408, 0.7259606178076684] and parameters: {'n_estimators': 386, 'learning_rate': 0.10704755834674413, 'subsample': 0.9329770563201687, 'colsample_bytree': 0.6849356442713105, 'min_child_weight': 2}.
[I 2026-05-15 16:14:10,544] Trial 276 finished with values: [0.6102610507661013, 0.4740148199625301] and parameters: {'n_estimators': 348, 'learning_rate': 0.16111511355977057, 'subsample': 0.7168578594140873, 'colsample_bytree': 0.8245108790277985, 'min_child_weight': 3}.
[I 2026-05-15 16:14:11,111] Trial 277 finished with values: [0.6096198520440944, 0.6461463826355941] and parameters: {'n_estimators': 103, 'learning_rate': 0.10704755834674413, 'subsample': 0.8333475060388639, 'colsample_bytree': 0.699092395800463, 'min_child_weight': 10}.
[I 2026-05-15 16:14:11,674] Trial 278 finished with values: [0.6202459668116234, 0.6901258512820571] and parameters: {'n_estimators': 103, 'learning_rate': 0.11046009304545999, 'subsample': 0.9043140194467589, 'colsample_bytree': 0.699092395800463, 'min_child_weight': 10}.
[I 2026-05-15 16:14:12,130] Trial 279 finished with values: [0.6070958023483276, 0.693091764007965] and parameters: {'n_estimators': 103, 'learning_rate': 0.10519936117151477, 'subsample': 0.7499482318094817, 'colsample_bytree': 0.7142848345127443, 'min_child_weight': 8}.
[I 2026-05-15 16:14:12,873] Trial 280 finished with values: [0.5941140077503715, 0.8265125442548105] and parameters: {'n_estimators': 348, 'learning_rate': 0.16111511355977057, 'subsample': 0.9474396512757841, 'colsample_bytree': 0.7174367377057973, 'min_child_weight': 3}.
[I 2026-05-15 16:14:13,307] Trial 281 finished with values: [0.6047766026553906, 0.6072909642481604] and parameters: {'n_estimators': 103, 'learning_rate': 0.26472593204036643, 'subsample': 0.8080272084711243, 'colsample_bytree': 0.8245108790277985, 'min_child_weight': 8}.
[I 2026-05-15 16:14:13,821] Trial 282 finished with values: [0.6207486024657742, 0.6813486908221902] and parameters: {'n_estimators': 64, 'learning_rate': 0.08710745900492396, 'subsample': 0.6048617898759265, 'colsample_bytree': 0.8118602313424026, 'min_child_weight': 10}.
[I 2026-05-15 16:14:14,613] Trial 283 finished with values: [0.6043644247684652, 0.6065099993379287] and parameters: {'n_estimators': 459, 'learning_rate': 0.183492792986878, 'subsample': 0.6746074041599417, 'colsample_bytree': 0.9879515306830556, 'min_child_weight': 4}.
[I 2026-05-15 16:14:15,305] Trial 284 finished with values: [0.566577516779537, 0.9571236215839717] and parameters: {'n_estimators': 378, 'learning_rate': 0.24144271975982237, 'subsample': 0.6296178606936361, 'colsample_bytree': 0.6172639647802304, 'min_child_weight': 2}.
[I 2026-05-15 16:14:16,024] Trial 285 finished with values: [0.6358013306498156, 0.474526818135372] and parameters: {'n_estimators': 324, 'learning_rate': 0.20716979401768126, 'subsample': 0.8110804436345199, 'colsample_bytree': 0.9971859184477201, 'min_child_weight': 10}.
[I 2026-05-15 16:14:16,601] Trial 286 finished with values: [0.6139962552083765, 0.8825036545330681] and parameters: {'n_estimators': 160, 'learning_rate': 0.2736872535680783, 'subsample': 0.9757995766256756, 'colsample_bytree': 0.6325395122567599, 'min_child_weight': 7}.
[I 2026-05-15 16:14:17,292] Trial 287 finished with values: [0.6117535454909192, 0.8025938511323979] and parameters: {'n_estimators': 378, 'learning_rate': 0.13780336485751998, 'subsample': 0.9022204554172195, 'colsample_bytree': 0.6915192661966489, 'min_child_weight': 1}.
[I 2026-05-15 16:14:17,984] Trial 288 finished with values: [0.6164369485581607, 0.5548868369532965] and parameters: {'n_estimators': 413, 'learning_rate': 0.1538583627271404, 'subsample': 0.8006065178748798, 'colsample_bytree': 0.7433862914177091, 'min_child_weight': 2}.
[I 2026-05-15 16:14:18,753] Trial 289 finished with values: [0.5905073760629317, 0.591126795127661] and parameters: {'n_estimators': 496, 'learning_rate': 0.16155001304356414, 'subsample': 0.6295186258941595, 'colsample_bytree': 0.6849356442713105, 'min_child_weight': 10}.
[I 2026-05-15 16:14:19,467] Trial 290 finished with values: [0.6096523586422576, 0.6560191153858925] and parameters: {'n_estimators': 487, 'learning_rate': 0.13962563737015762, 'subsample': 0.9757995766256756, 'colsample_bytree': 0.8215417137605283, 'min_child_weight': 6}.
[I 2026-05-15 16:14:20,171] Trial 291 finished with values: [0.5769868294110718, 0.8729538122999599] and parameters: {'n_estimators': 487, 'learning_rate': 0.16155001304356414, 'subsample': 0.9757995766256756, 'colsample_bytree': 0.9579309401710595, 'min_child_weight': 6}.
[I 2026-05-15 16:14:20,670] Trial 292 finished with values: [0.6167855695128424, 1.0233275752869322] and parameters: {'n_estimators': 179, 'learning_rate': 0.16155001304356414, 'subsample': 0.7650470707645706, 'colsample_bytree': 0.6325395122567599, 'min_child_weight': 4}.
[I 2026-05-15 16:14:21,331] Trial 293 finished with values: [0.5965195065195065, 0.59806729750268] and parameters: {'n_estimators': 280, 'learning_rate': 0.1538583627271404, 'subsample': 0.7257423924305306, 'colsample_bytree': 0.9746919954946938, 'min_child_weight': 9}.
[I 2026-05-15 16:14:22,162] Trial 294 finished with values: [0.6086323474202262, 0.6434374193586929] and parameters: {'n_estimators': 487, 'learning_rate': 0.16155001304356414, 'subsample': 0.7168578594140873, 'colsample_bytree': 0.8092391376680595, 'min_child_weight': 8}.
[I 2026-05-15 16:14:22,961] Trial 295 finished with values: [0.6131105039185847, 0.6940298215745314] and parameters: {'n_estimators': 439, 'learning_rate': 0.07332660227137139, 'subsample': 0.7272013899887455, 'colsample_bytree': 0.6440207698110707, 'min_child_weight': 8}.
[I 2026-05-15 16:14:23,378] Trial 296 finished with values: [0.6059445776617494, 0.6939893970366997] and parameters: {'n_estimators': 103, 'learning_rate': 0.08505465867325865, 'subsample': 0.7168578594140873, 'colsample_bytree': 0.7465447373174767, 'min_child_weight': 6}.
[I 2026-05-15 16:14:24,100] Trial 297 finished with values: [0.6085258851925518, 0.618004717579592] and parameters: {'n_estimators': 487, 'learning_rate': 0.13962563737015762, 'subsample': 0.9757995766256756, 'colsample_bytree': 0.8782994755938469, 'min_child_weight': 5}.
[I 2026-05-15 16:14:24,868] Trial 298 finished with values: [0.5904551856067008, 1.1117027405508135] and parameters: {'n_estimators': 414, 'learning_rate': 0.0845238710259589, 'subsample': 0.6746074041599417, 'colsample_bytree': 0.9579309401710595, 'min_child_weight': 6}.
[I 2026-05-15 16:14:25,592] Trial 299 finished with values: [0.6095286471044047, 0.5591647410793434] and parameters: {'n_estimators': 313, 'learning_rate': 0.21434810637527812, 'subsample': 0.8006065178748798, 'colsample_bytree': 0.9746919954946938, 'min_child_weight': 10}.
[I 2026-05-15 16:14:26,437] Trial 300 finished with values: [0.5860351693685028, 0.7935886106719401] and parameters: {'n_estimators': 487, 'learning_rate': 0.01167158438611932, 'subsample': 0.7572390898667042, 'colsample_bytree': 0.9579309401710595, 'min_child_weight': 7}.
[I 2026-05-15 16:14:27,052] Trial 301 finished with values: [0.623106118055613, 0.7229796962919914] and parameters: {'n_estimators': 176, 'learning_rate': 0.16155001304356414, 'subsample': 0.8690073824308153, 'colsample_bytree': 0.7465447373174767, 'min_child_weight': 7}.
[I 2026-05-15 16:14:27,771] Trial 302 finished with values: [0.6223091082687043, 0.528448855318206] and parameters: {'n_estimators': 496, 'learning_rate': 0.21149322814164553, 'subsample': 0.9801645936306235, 'colsample_bytree': 0.7594018937589494, 'min_child_weight': 10}.
[I 2026-05-15 16:14:28,283] Trial 303 finished with values: [0.616790917902029, 0.9443025574980644] and parameters: {'n_estimators': 160, 'learning_rate': 0.1538583627271404, 'subsample': 0.7572390898667042, 'colsample_bytree': 0.6254233401144095, 'min_child_weight': 4}.
[I 2026-05-15 16:14:28,868] Trial 304 finished with values: [0.6075330400582926, 0.4888407382578479] and parameters: {'n_estimators': 179, 'learning_rate': 0.2708160864249968, 'subsample': 0.9329770563201687, 'colsample_bytree': 0.7465447373174767, 'min_child_weight': 10}.
[I 2026-05-15 16:14:29,448] Trial 305 finished with values: [0.6241993403609565, 0.5304691209499726] and parameters: {'n_estimators': 160, 'learning_rate': 0.20655112155089347, 'subsample': 0.9757995766256756, 'colsample_bytree': 0.9579309401710595, 'min_child_weight': 7}.
[I 2026-05-15 16:14:30,235] Trial 306 finished with values: [0.624660335266396, 0.680019360229798] and parameters: {'n_estimators': 414, 'learning_rate': 0.24144271975982237, 'subsample': 0.7822627011142852, 'colsample_bytree': 0.8480530391206147, 'min_child_weight': 7}.
[I 2026-05-15 16:14:30,969] Trial 307 finished with values: [0.6012761863266914, 1.0066201946872233] and parameters: {'n_estimators': 324, 'learning_rate': 0.1131225105716033, 'subsample': 0.637469907131237, 'colsample_bytree': 0.9746919954946938, 'min_child_weight': 10}.
[I 2026-05-15 16:14:31,470] Trial 308 finished with values: [0.590672541884663, 0.946634565661476] and parameters: {'n_estimators': 175, 'learning_rate': 0.21149322814164553, 'subsample': 0.7257423924305306, 'colsample_bytree': 0.8491561903276001, 'min_child_weight': 1}.
[I 2026-05-15 16:14:32,069] Trial 309 finished with values: [0.6091118128491866, 0.843698280561037] and parameters: {'n_estimators': 324, 'learning_rate': 0.16155001304356414, 'subsample': 0.8690073824308153, 'colsample_bytree': 0.7174367377057973, 'min_child_weight': 2}.
[I 2026-05-15 16:14:32,852] Trial 310 finished with values: [0.5964467826083989, 0.608831562277011] and parameters: {'n_estimators': 339, 'learning_rate': 0.24144271975982237, 'subsample': 0.6863284109987373, 'colsample_bytree': 0.7854793619759929, 'min_child_weight': 1}.
[I 2026-05-15 16:14:33,517] Trial 311 finished with values: [0.6264575305989448, 0.8474715761348381] and parameters: {'n_estimators': 215, 'learning_rate': 0.1538583627271404, 'subsample': 0.7552679704826087, 'colsample_bytree': 0.7413408912104211, 'min_child_weight': 2}.
[I 2026-05-15 16:14:34,122] Trial 312 finished with values: [0.6039250466523194, 0.8532508570461834] and parameters: {'n_estimators': 324, 'learning_rate': 0.07279991098092103, 'subsample': 0.6310938547859939, 'colsample_bytree': 0.7174367377057973, 'min_child_weight': 9}.
[I 2026-05-15 16:14:34,551] Trial 313 finished with values: [0.6259612702036945, 0.8698386036832023] and parameters: {'n_estimators': 64, 'learning_rate': 0.27497884337724565, 'subsample': 0.7257423924305306, 'colsample_bytree': 0.9944842977918411, 'min_child_weight': 6}.
[I 2026-05-15 16:14:35,351] Trial 314 finished with values: [0.598264923719469, 0.8428639398011685] and parameters: {'n_estimators': 364, 'learning_rate': 0.06192689958760303, 'subsample': 0.7572390898667042, 'colsample_bytree': 0.9568186220708453, 'min_child_weight': 7}.
[I 2026-05-15 16:14:36,178] Trial 315 finished with values: [0.6062802905227148, 0.3873819044643923] and parameters: {'n_estimators': 478, 'learning_rate': 0.2708160864249968, 'subsample': 0.9329770563201687, 'colsample_bytree': 0.6849356442713105, 'min_child_weight': 8}.
[I 2026-05-15 16:14:36,635] Trial 316 finished with values: [0.6084427638973094, 0.7296267256888577] and parameters: {'n_estimators': 179, 'learning_rate': 0.10704755834674413, 'subsample': 0.7272013899887455, 'colsample_bytree': 0.7238110465145311, 'min_child_weight': 9}.
