[I 2026-05-15 16:16:25,161] Trial 477 finished with values: [0.6358013306498156, 0.474526818135372] and parameters: {'n_estimators': 324, 'learning_rate': 0.20716979401768126, 'subsample': 0.8110804436345199, 'colsample_bytree': 0.9971859184477201, 'min_child_weight': 10}.
[I 2026-05-15 16:16:25,838] Trial 478 finished with values: [0.5948609057699967, 0.5133780296221093] and parameters: {'n_estimators': 414, 'learning_rate': 0.24144271975982237, 'subsample': 0.9022204554172195, 'colsample_bytree': 0.7127419099093599, 'min_child_weight': 2}.
[I 2026-05-15 16:16:26,544] Trial 479 finished with values: [0.6096975737379777, 0.7422972732404944] and parameters: {'n_estimators': 317, 'learning_rate': 0.13962563737015762, 'subsample': 0.7272013899887455, 'colsample_bytree': 0.9877881733101476, 'min_child_weight': 6}.
[I 2026-05-15 16:16:26,971] Trial 480 finished with values: [0.6173323789485405, 0.6670034405670906] and parameters: {'n_estimators': 103, 'learning_rate': 0.18987114604724706, 'subsample': 0.7168578594140873, 'colsample_bytree': 0.8245108790277985, 'min_child_weight': 6}.
[I 2026-05-15 16:16:27,813] Trial 481 finished with values: [0.5999514574262049, 0.6330887033221868] and parameters: {'n_estimators': 418, 'learning_rate': 0.23371267997797157, 'subsample': 0.7968465172318153, 'colsample_bytree': 0.9971859184477201, 'min_child_weight': 3}.
[I 2026-05-15 16:16:28,610] Trial 482 finished with values: [0.6095079258715621, 0.5509083186478857] and parameters: {'n_estimators': 414, 'learning_rate': 0.16111511355977057, 'subsample': 0.7272013899887455, 'colsample_bytree': 0.9134612050964572, 'min_child_weight': 3}.
[I 2026-05-15 16:16:29,157] Trial 483 finished with values: [0.6352295270477089, 0.6830022036374841] and parameters: {'n_estimators': 103, 'learning_rate': 0.21149322814164553, 'subsample': 0.6683550349560263, 'colsample_bytree': 0.7465447373174767, 'min_child_weight': 10}.
[I 2026-05-15 16:16:30,066] Trial 484 finished with values: [0.5720752944995369, 0.9427975731583313] and parameters: {'n_estimators': 478, 'learning_rate': 0.2708160864249968, 'subsample': 0.7257423924305306, 'colsample_bytree': 0.8674572879697724, 'min_child_weight': 10}.
[I 2026-05-15 16:16:30,851] Trial 485 finished with values: [0.6096523586422576, 0.6560191153858925] and parameters: {'n_estimators': 487, 'learning_rate': 0.13962563737015762, 'subsample': 0.9757995766256756, 'colsample_bytree': 0.8227051572055719, 'min_child_weight': 6}.
[I 2026-05-15 16:16:31,582] Trial 486 finished with values: [0.6097187598197699, 0.7480967906442455] and parameters: {'n_estimators': 317, 'learning_rate': 0.16111511355977057, 'subsample': 0.7272013899887455, 'colsample_bytree': 0.8245108790277985, 'min_child_weight': 8}.
[I 2026-05-15 16:16:32,183] Trial 487 finished with values: [0.634172586596829, 0.6888442317992962] and parameters: {'n_estimators': 160, 'learning_rate': 0.2708160864249968, 'subsample': 0.9329770563201687, 'colsample_bytree': 0.9746919954946938, 'min_child_weight': 8}.
[I 2026-05-15 16:16:32,883] Trial 488 finished with values: [0.6036908691454146, 0.7728066849789278] and parameters: {'n_estimators': 307, 'learning_rate': 0.24144271975982237, 'subsample': 0.7968465172318153, 'colsample_bytree': 0.9134612050964572, 'min_child_weight': 7}.
[I 2026-05-15 16:16:33,447] Trial 489 finished with values: [0.6398823065489732, 0.6751444001928482] and parameters: {'n_estimators': 176, 'learning_rate': 0.2708160864249968, 'subsample': 0.9683489602127253, 'colsample_bytree': 0.9077971732767748, 'min_child_weight': 9}.
[I 2026-05-15 16:16:34,156] Trial 490 finished with values: [0.6187060364838143, 0.4336252696799737] and parameters: {'n_estimators': 300, 'learning_rate': 0.2708160864249968, 'subsample': 0.9329770563201687, 'colsample_bytree': 0.6748174994230093, 'min_child_weight': 8}.
[I 2026-05-15 16:16:34,956] Trial 491 finished with values: [0.6200669684508068, 0.6572782076910753] and parameters: {'n_estimators': 414, 'learning_rate': 0.1538583627271404, 'subsample': 0.7294716945616975, 'colsample_bytree': 0.6303453312434656, 'min_child_weight': 9}.
[I 2026-05-15 16:16:35,691] Trial 492 finished with values: [0.5824286243478163, 0.6532211571547132] and parameters: {'n_estimators': 414, 'learning_rate': 0.24144271975982237, 'subsample': 0.7701745754465668, 'colsample_bytree': 0.9134612050964572, 'min_child_weight': 10}.
[I 2026-05-15 16:16:36,446] Trial 493 finished with values: [0.628572129784251, 0.6163797875229234] and parameters: {'n_estimators': 348, 'learning_rate': 0.16155001304356414, 'subsample': 0.7257423924305306, 'colsample_bytree': 0.803044151473782, 'min_child_weight': 9}.
[I 2026-05-15 16:16:36,894] Trial 494 finished with values: [0.6144126653217563, 0.7820513970263157] and parameters: {'n_estimators': 103, 'learning_rate': 0.16155001304356414, 'subsample': 0.6969638929660321, 'colsample_bytree': 0.9579309401710595, 'min_child_weight': 6}.
[I 2026-05-15 16:16:37,513] Trial 495 finished with values: [0.6015615274201134, 0.9903909209826043] and parameters: {'n_estimators': 160, 'learning_rate': 0.13780336485751998, 'subsample': 0.7572390898667042, 'colsample_bytree': 0.9568186220708453, 'min_child_weight': 2}.
[I 2026-05-15 16:16:38,195] Trial 496 finished with values: [0.6126258778784031, 0.41962766150676467] and parameters: {'n_estimators': 414, 'learning_rate': 0.24144271975982237, 'subsample': 0.7272013899887455, 'colsample_bytree': 0.8245108790277985, 'min_child_weight': 6}.
[I 2026-05-15 16:16:38,907] Trial 497 finished with values: [0.6147748325526103, 0.4986025722099175] and parameters: {'n_estimators': 324, 'learning_rate': 0.2708160864249968, 'subsample': 0.9757995766256756, 'colsample_bytree': 0.7481888411165528, 'min_child_weight': 7}.
[I 2026-05-15 16:16:39,547] Trial 498 finished with values: [0.6095816136220177, 0.6902736050153209] and parameters: {'n_estimators': 330, 'learning_rate': 0.1878519741643379, 'subsample': 0.7272013899887455, 'colsample_bytree': 0.8245108790277985, 'min_child_weight': 6}.
[I 2026-05-15 16:16:40,162] Trial 499 finished with values: [0.6399947330250361, 0.549888819120391] and parameters: {'n_estimators': 160, 'learning_rate': 0.24144271975982237, 'subsample': 0.8110804436345199, 'colsample_bytree': 0.9568186220708453, 'min_child_weight': 6}.
Building variant 'auroc_max'...
Saved /home/mklemmingen/PycharmProjects/migraine-forecasting-shd/experiment/0/headache/full_features/stacked_2xgb_meta_lr/70_15_15/chrono/HyperparameterTuned/pareto_AUROC_slope/auroc_max/model.joblib

# End capture ------------------------------------------
# Finished: 2026-05-15T16:16:40
