[I 2026-05-15 16:12:00,986] Trial 77 finished with values: [0.6278454356232134, 0.6272064512356369] and parameters: {'n_estimators': 280, 'learning_rate': 0.1538583627271404, 'subsample': 0.8006065178748798, 'colsample_bytree': 0.9746919954946938, 'min_child_weight': 8}.
[I 2026-05-15 16:12:01,901] Trial 78 finished with values: [0.6047218043177638, 0.834577286452116] and parameters: {'n_estimators': 468, 'learning_rate': 0.042902233912047165, 'subsample': 0.8599855723111061, 'colsample_bytree': 0.6254233401144095, 'min_child_weight': 4}.
[I 2026-05-15 16:12:02,536] Trial 79 finished with values: [0.6148948607534466, 0.564032365895182] and parameters: {'n_estimators': 348, 'learning_rate': 0.16111511355977057, 'subsample': 0.8080272084711243, 'colsample_bytree': 0.8118602313424026, 'min_child_weight': 3}.
[I 2026-05-15 16:12:03,296] Trial 80 finished with values: [0.599202872031155, 0.7115800155317784] and parameters: {'n_estimators': 339, 'learning_rate': 0.013313275850595153, 'subsample': 0.6646514856378455, 'colsample_bytree': 0.8807867509030813, 'min_child_weight': 7}.
[I 2026-05-15 16:12:04,144] Trial 81 finished with values: [0.5761579354508648, 0.701274767578628] and parameters: {'n_estimators': 408, 'learning_rate': 0.2063696403063293, 'subsample': 0.6296178606936361, 'colsample_bytree': 0.8245108790277985, 'min_child_weight': 2}.
[I 2026-05-15 16:12:04,989] Trial 82 finished with values: [0.591726049806858, 0.9684697474945437] and parameters: {'n_estimators': 487, 'learning_rate': 0.023545774516299134, 'subsample': 0.7988994023569542, 'colsample_bytree': 0.7351980627406143, 'min_child_weight': 4}.
[I 2026-05-15 16:12:05,562] Trial 83 finished with values: [0.5940445719233598, 0.94052755121798] and parameters: {'n_estimators': 103, 'learning_rate': 0.16111511355977057, 'subsample': 0.9043140194467589, 'colsample_bytree': 0.8118602313424026, 'min_child_weight': 1}.
[I 2026-05-15 16:12:05,970] Trial 84 finished with values: [0.6021330933452147, 0.7752860737778127] and parameters: {'n_estimators': 59, 'learning_rate': 0.1131225105716033, 'subsample': 0.9329770563201687, 'colsample_bytree': 0.8245108790277985, 'min_child_weight': 2}.
[I 2026-05-15 16:12:06,543] Trial 85 finished with values: [0.6146323799859154, 0.8302467455372853] and parameters: {'n_estimators': 215, 'learning_rate': 0.21149322814164553, 'subsample': 0.8313120563984696, 'colsample_bytree': 0.8532405829093072, 'min_child_weight': 4}.
[I 2026-05-15 16:12:06,970] Trial 86 finished with values: [0.6060703357168004, 0.700126982701893] and parameters: {'n_estimators': 66, 'learning_rate': 0.04872420129560894, 'subsample': 0.6296178606936361, 'colsample_bytree': 0.7433862914177091, 'min_child_weight': 10}.
[I 2026-05-15 16:12:07,577] Trial 87 finished with values: [0.6005057963643823, 0.7758826726215015] and parameters: {'n_estimators': 294, 'learning_rate': 0.023545774516299134, 'subsample': 0.7988994023569542, 'colsample_bytree': 0.6027808522124762, 'min_child_weight': 3}.
[I 2026-05-15 16:12:08,172] Trial 88 finished with values: [0.6279862717236455, 0.6742650601472787] and parameters: {'n_estimators': 179, 'learning_rate': 0.16155001304356414, 'subsample': 0.7168578594140873, 'colsample_bytree': 0.7465447373174767, 'min_child_weight': 6}.
[I 2026-05-15 16:12:08,797] Trial 89 finished with values: [0.605686057302219, 0.7006959033086986] and parameters: {'n_estimators': 238, 'learning_rate': 0.0212853192163843, 'subsample': 0.6479461469334731, 'colsample_bytree': 0.7350460685614512, 'min_child_weight': 10}.
[I 2026-05-15 16:12:09,574] Trial 90 finished with values: [0.5999996612117824, 0.843635256804836] and parameters: {'n_estimators': 348, 'learning_rate': 0.028869220380495747, 'subsample': 0.8363333042276043, 'colsample_bytree': 0.8186841117373118, 'min_child_weight': 1}.
[I 2026-05-15 16:12:10,269] Trial 91 finished with values: [0.5754902075104096, 0.8876340902008975] and parameters: {'n_estimators': 468, 'learning_rate': 0.01351182947645082, 'subsample': 0.9866619276174678, 'colsample_bytree': 0.6149392754996857, 'min_child_weight': 4}.
[I 2026-05-15 16:12:10,905] Trial 92 finished with values: [0.6118081796869675, 0.6011323582440526] and parameters: {'n_estimators': 347, 'learning_rate': 0.16111511355977057, 'subsample': 0.6746074041599417, 'colsample_bytree': 0.8118602313424026, 'min_child_weight': 6}.
[I 2026-05-15 16:12:11,737] Trial 93 finished with values: [0.6106354524536343, 0.7648519318016829] and parameters: {'n_estimators': 420, 'learning_rate': 0.03404436610591982, 'subsample': 0.6508242050607539, 'colsample_bytree': 0.6254233401144095, 'min_child_weight': 6}.
[I 2026-05-15 16:12:12,482] Trial 94 finished with values: [0.594066559016054, 0.5676872734630249] and parameters: {'n_estimators': 339, 'learning_rate': 0.13720623374101712, 'subsample': 0.6863284109987373, 'colsample_bytree': 0.8491561903276001, 'min_child_weight': 1}.
[I 2026-05-15 16:12:12,994] Trial 95 finished with values: [0.6007514847918889, 0.7097659295633757] and parameters: {'n_estimators': 54, 'learning_rate': 0.01607123851203988, 'subsample': 0.7168578594140873, 'colsample_bytree': 0.7465447373174767, 'min_child_weight': 1}.
[I 2026-05-15 16:12:13,633] Trial 96 finished with values: [0.6001256379034157, 0.7590114273428147] and parameters: {'n_estimators': 242, 'learning_rate': 0.16155001304356414, 'subsample': 0.8125418526272592, 'colsample_bytree': 0.8736932106048627, 'min_child_weight': 6}.
[I 2026-05-15 16:12:14,246] Trial 97 finished with values: [0.6077590827085777, 0.692830275051516] and parameters: {'n_estimators': 293, 'learning_rate': 0.1538583627271404, 'subsample': 0.6746280235544143, 'colsample_bytree': 0.9570235993959911, 'min_child_weight': 2}.
[I 2026-05-15 16:12:15,069] Trial 98 finished with values: [0.6106700390538774, 0.7507731762127469] and parameters: {'n_estimators': 439, 'learning_rate': 0.030245085073501415, 'subsample': 0.8985965620472096, 'colsample_bytree': 0.8598531596188859, 'min_child_weight': 9}.
[I 2026-05-15 16:12:15,602] Trial 99 finished with values: [0.5762765625391888, 0.8404351701085059] and parameters: {'n_estimators': 242, 'learning_rate': 0.01471005003927122, 'subsample': 0.8549719605992826, 'colsample_bytree': 0.9509357413523924, 'min_child_weight': 3}.
[I 2026-05-15 16:12:16,428] Trial 100 finished with values: [0.612780627932143, 0.5927827456745536] and parameters: {'n_estimators': 377, 'learning_rate': 0.1538583627271404, 'subsample': 0.8006065178748798, 'colsample_bytree': 0.7433862914177091, 'min_child_weight': 2}.
[I 2026-05-15 16:12:17,274] Trial 101 finished with values: [0.6117356435538255, 0.7471730646933766] and parameters: {'n_estimators': 459, 'learning_rate': 0.022587177280197233, 'subsample': 0.6579579488364892, 'colsample_bytree': 0.7957811041110252, 'min_child_weight': 10}.
[I 2026-05-15 16:12:17,887] Trial 102 finished with values: [0.6011303997162584, 0.7222749750616326] and parameters: {'n_estimators': 346, 'learning_rate': 0.030245085073501415, 'subsample': 0.8985965620472096, 'colsample_bytree': 0.8598531596188859, 'min_child_weight': 9}.
[I 2026-05-15 16:12:18,651] Trial 103 finished with values: [0.6217957036138854, 0.5864761822387756] and parameters: {'n_estimators': 490, 'learning_rate': 0.08710745900492396, 'subsample': 0.7257423924305306, 'colsample_bytree': 0.6849356442713105, 'min_child_weight': 10}.
[I 2026-05-15 16:12:19,071] Trial 104 finished with values: [0.5936179535169434, 0.7123123247991892] and parameters: {'n_estimators': 103, 'learning_rate': 0.030245085073501415, 'subsample': 0.8985965620472096, 'colsample_bytree': 0.8598531596188859, 'min_child_weight': 8}.
[I 2026-05-15 16:12:19,568] Trial 105 finished with values: [0.5874642030197585, 0.8733571444096706] and parameters: {'n_estimators': 160, 'learning_rate': 0.028180680291847244, 'subsample': 0.6390688456025535, 'colsample_bytree': 0.9568186220708453, 'min_child_weight': 5}.
[I 2026-05-15 16:12:20,079] Trial 106 finished with values: [0.5815574002442689, 0.8773243747385431] and parameters: {'n_estimators': 59, 'learning_rate': 0.057894621409801394, 'subsample': 0.8313120563984696, 'colsample_bytree': 0.6849356442713105, 'min_child_weight': 2}.
[I 2026-05-15 16:12:20,833] Trial 107 finished with values: [0.5953952299406845, 0.8587672295594843] and parameters: {'n_estimators': 346, 'learning_rate': 0.029994793096631372, 'subsample': 0.8080272084711243, 'colsample_bytree': 0.7174367377057973, 'min_child_weight': 3}.
[I 2026-05-15 16:12:21,568] Trial 108 finished with values: [0.6028701717590608, 0.8563730006759132] and parameters: {'n_estimators': 487, 'learning_rate': 0.042902233912047165, 'subsample': 0.9757995766256756, 'colsample_bytree': 0.9854479908357011, 'min_child_weight': 6}.
[I 2026-05-15 16:12:22,239] Trial 109 finished with values: [0.5876072977083078, 0.8587731524029966] and parameters: {'n_estimators': 408, 'learning_rate': 0.029385442161128397, 'subsample': 0.7323592099410596, 'colsample_bytree': 0.6254233401144095, 'min_child_weight': 8}.
[I 2026-05-15 16:12:22,875] Trial 110 finished with values: [0.6005593262158919, 0.8216952498564682] and parameters: {'n_estimators': 179, 'learning_rate': 0.16155001304356414, 'subsample': 0.7168578594140873, 'colsample_bytree': 0.7465447373174767, 'min_child_weight': 3}.
[I 2026-05-15 16:12:23,382] Trial 111 finished with values: [0.6091840377698964, 0.6675158188953212] and parameters: {'n_estimators': 64, 'learning_rate': 0.08710745900492396, 'subsample': 0.7257423924305306, 'colsample_bytree': 0.7755885682822544, 'min_child_weight': 8}.
[I 2026-05-15 16:12:24,103] Trial 112 finished with values: [0.5983078907321332, 1.1238992343903678] and parameters: {'n_estimators': 297, 'learning_rate': 0.10519936117151477, 'subsample': 0.8607845038010402, 'colsample_bytree': 0.8118602313424026, 'min_child_weight': 6}.
[I 2026-05-15 16:12:24,867] Trial 113 finished with values: [0.5967170161109555, 0.7942134632185616] and parameters: {'n_estimators': 408, 'learning_rate': 0.030245085073501415, 'subsample': 0.8307615538505436, 'colsample_bytree': 0.8598531596188859, 'min_child_weight': 9}.
[I 2026-05-15 16:12:25,516] Trial 114 finished with values: [0.6069047901371134, 0.7253628482928534] and parameters: {'n_estimators': 272, 'learning_rate': 0.05917520523090666, 'subsample': 0.6313825525369063, 'colsample_bytree': 0.610167650697638, 'min_child_weight': 6}.
[I 2026-05-15 16:12:26,249] Trial 115 finished with values: [0.6034503124402114, 0.7732149623756882] and parameters: {'n_estimators': 324, 'learning_rate': 0.028180680291847244, 'subsample': 0.6260206371941118, 'colsample_bytree': 0.9795542149013333, 'min_child_weight': 1}.
[I 2026-05-15 16:12:26,991] Trial 116 finished with values: [0.6034239828179222, 0.6714354551734838] and parameters: {'n_estimators': 324, 'learning_rate': 0.0178601378893971, 'subsample': 0.98505936587117, 'colsample_bytree': 0.9795542149013333, 'min_child_weight': 10}.
[I 2026-05-15 16:12:27,545] Trial 117 finished with values: [0.6010663306622901, 0.6838811055722674] and parameters: {'n_estimators': 156, 'learning_rate': 0.030245085073501415, 'subsample': 0.7257423924305306, 'colsample_bytree': 0.8598531596188859, 'min_child_weight': 9}.
[I 2026-05-15 16:12:28,309] Trial 118 finished with values: [0.6061867166917672, 0.830675791807567] and parameters: {'n_estimators': 487, 'learning_rate': 0.13962563737015762, 'subsample': 0.6479461469334731, 'colsample_bytree': 0.7350460685614512, 'min_child_weight': 9}.
[I 2026-05-15 16:12:29,033] Trial 119 finished with values: [0.6215539677155839, 0.8600057726482995] and parameters: {'n_estimators': 297, 'learning_rate': 0.10666901691534954, 'subsample': 0.8010716092915446, 'colsample_bytree': 0.6205915004999957, 'min_child_weight': 8}.
[I 2026-05-15 16:12:29,560] Trial 120 finished with values: [0.609413788706718, 0.6546781988024687] and parameters: {'n_estimators': 66, 'learning_rate': 0.04018584329485903, 'subsample': 0.9866619276174678, 'colsample_bytree': 0.6693177280283383, 'min_child_weight': 10}.
[I 2026-05-15 16:12:29,983] Trial 121 finished with values: [0.6127100253867931, 0.6832570615203899] and parameters: {'n_estimators': 64, 'learning_rate': 0.01702458290769914, 'subsample': 0.7257423924305306, 'colsample_bytree': 0.8034282764658811, 'min_child_weight': 9}.
[I 2026-05-15 16:12:30,608] Trial 122 finished with values: [0.5842321187775733, 0.7906818315606652] and parameters: {'n_estimators': 215, 'learning_rate': 0.023422815835049925, 'subsample': 0.8196906658824482, 'colsample_bytree': 0.8532405829093072, 'min_child_weight': 4}.
[I 2026-05-15 16:12:31,076] Trial 123 finished with values: [0.6361690813205965, 0.5786562438377981] and parameters: {'n_estimators': 103, 'learning_rate': 0.16155001304356414, 'subsample': 0.7168578594140873, 'colsample_bytree': 0.8245108790277985, 'min_child_weight': 6}.
[I 2026-05-15 16:12:31,683] Trial 124 finished with values: [0.6102935967582431, 0.8871272703547575] and parameters: {'n_estimators': 348, 'learning_rate': 0.11364355894710455, 'subsample': 0.6479461469334731, 'colsample_bytree': 0.8118602313424026, 'min_child_weight': 10}.
[I 2026-05-15 16:12:32,385] Trial 125 finished with values: [0.6124680971145617, 0.7906039634672679] and parameters: {'n_estimators': 398, 'learning_rate': 0.09444774154985085, 'subsample': 0.8599855723111061, 'colsample_bytree': 0.9261845713819337, 'min_child_weight': 8}.
[I 2026-05-15 16:12:33,210] Trial 126 finished with values: [0.6196232845727796, 0.7141755594150941] and parameters: {'n_estimators': 439, 'learning_rate': 0.08330803890301997, 'subsample': 0.7119735587783771, 'colsample_bytree': 0.7433862914177091, 'min_child_weight': 4}.
[I 2026-05-15 16:12:33,883] Trial 127 finished with values: [0.6252781576013899, 0.7537099734397036] and parameters: {'n_estimators': 238, 'learning_rate': 0.10519936117151477, 'subsample': 0.9022204554172195, 'colsample_bytree': 0.6915192661966489, 'min_child_weight': 10}.
[I 2026-05-15 16:12:34,627] Trial 128 finished with values: [0.5932600303307375, 0.6655786978595151] and parameters: {'n_estimators': 480, 'learning_rate': 0.12301645833176054, 'subsample': 0.8217416210045603, 'colsample_bytree': 0.8446882984937409, 'min_child_weight': 5}.
[I 2026-05-15 16:12:35,126] Trial 129 finished with values: [0.6065164127790391, 0.6704316764463577] and parameters: {'n_estimators': 64, 'learning_rate': 0.0212853192163843, 'subsample': 0.6479461469334731, 'colsample_bytree': 0.7350460685614512, 'min_child_weight': 10}.
[I 2026-05-15 16:12:35,563] Trial 130 finished with values: [0.630452177219854, 0.6637277144552831] and parameters: {'n_estimators': 103, 'learning_rate': 0.1131225105716033, 'subsample': 0.9043140194467589, 'colsample_bytree': 0.699092395800463, 'min_child_weight': 10}.
[I 2026-05-15 16:12:35,991] Trial 131 finished with values: [0.6226380020319414, 0.8030827941558266] and parameters: {'n_estimators': 103, 'learning_rate': 0.1131225105716033, 'subsample': 0.6296178606936361, 'colsample_bytree': 0.7423890714605046, 'min_child_weight': 8}.
[I 2026-05-15 16:12:36,720] Trial 132 finished with values: [0.5821484963909207, 0.8822926448194212] and parameters: {'n_estimators': 433, 'learning_rate': 0.010501731925367071, 'subsample': 0.9043140194467589, 'colsample_bytree': 0.8245108790277985, 'min_child_weight': 2}.
[I 2026-05-15 16:12:37,271] Trial 133 finished with values: [0.6279218349925421, 0.7401250052260708] and parameters: {'n_estimators': 103, 'learning_rate': 0.16111511355977057, 'subsample': 0.8080272084711243, 'colsample_bytree': 0.8245108790277985, 'min_child_weight': 8}.
[I 2026-05-15 16:12:37,965] Trial 134 finished with values: [0.5820024891742064, 1.0118989568847678] and parameters: {'n_estimators': 439, 'learning_rate': 0.029385442161128397, 'subsample': 0.9442922333025374, 'colsample_bytree': 0.6254233401144095, 'min_child_weight': 2}.
[I 2026-05-15 16:12:38,584] Trial 135 finished with values: [0.6049162070374192, 0.7125846821150179] and parameters: {'n_estimators': 324, 'learning_rate': 0.0178601378893971, 'subsample': 0.6260206371941118, 'colsample_bytree': 0.9795542149013333, 'min_child_weight': 10}.
[I 2026-05-15 16:12:39,319] Trial 136 finished with values: [0.5828152526132324, 0.8187032880168112] and parameters: {'n_estimators': 293, 'learning_rate': 0.011693687409928539, 'subsample': 0.616291520927588, 'colsample_bytree': 0.9570235993959911, 'min_child_weight': 2}.
[I 2026-05-15 16:12:40,186] Trial 137 finished with values: [0.6078234038840099, 0.5927633004224497] and parameters: {'n_estimators': 459, 'learning_rate': 0.183492792986878, 'subsample': 0.8814631437520095, 'colsample_bytree': 0.78966953163493, 'min_child_weight': 4}.
[I 2026-05-15 16:12:40,909] Trial 138 finished with values: [0.6170646850444831, 0.6277058605201706] and parameters: {'n_estimators': 293, 'learning_rate': 0.1538583627271404, 'subsample': 0.6746074041599417, 'colsample_bytree': 0.8118602313424026, 'min_child_weight': 1}.
[I 2026-05-15 16:12:41,627] Trial 139 finished with values: [0.6195153805254815, 0.7370090895475084] and parameters: {'n_estimators': 297, 'learning_rate': 0.10519936117151477, 'subsample': 0.9329770563201687, 'colsample_bytree': 0.6849356442713105, 'min_child_weight': 8}.
[I 2026-05-15 16:12:42,490] Trial 140 finished with values: [0.5987127662885239, 0.8602783690800239] and parameters: {'n_estimators': 443, 'learning_rate': 0.019657448966046126, 'subsample': 0.6746280235544143, 'colsample_bytree': 0.9570235993959911, 'min_child_weight': 5}.
[I 2026-05-15 16:12:42,903] Trial 141 finished with values: [0.6196846525129354, 0.8388383632762683] and parameters: {'n_estimators': 59, 'learning_rate': 0.2708160864249968, 'subsample': 0.6479461469334731, 'colsample_bytree': 0.6849356442713105, 'min_child_weight': 8}.
[I 2026-05-15 16:12:43,449] Trial 142 finished with values: [0.570319474662909, 0.8260711749585653] and parameters: {'n_estimators': 207, 'learning_rate': 0.012184186502221764, 'subsample': 0.7893887083122263, 'colsample_bytree': 0.954834569706047, 'min_child_weight': 2}.
[I 2026-05-15 16:12:44,148] Trial 143 finished with values: [0.6218270073825629, 0.6646616698663732] and parameters: {'n_estimators': 324, 'learning_rate': 0.043737251953017454, 'subsample': 0.6508242050607539, 'colsample_bytree': 0.9795542149013333, 'min_child_weight': 10}.
[I 2026-05-15 16:12:44,587] Trial 144 finished with values: [0.6145726574009404, 0.9198350631295333] and parameters: {'n_estimators': 64, 'learning_rate': 0.24144271975982237, 'subsample': 0.7272013899887455, 'colsample_bytree': 0.8034282764658811, 'min_child_weight': 4}.
[I 2026-05-15 16:12:45,105] Trial 145 finished with values: [0.6131595034625338, 0.6275783255128531] and parameters: {'n_estimators': 215, 'learning_rate': 0.21149322814164553, 'subsample': 0.8313120563984696, 'colsample_bytree': 0.7594018937589494, 'min_child_weight': 7}.
[I 2026-05-15 16:12:45,609] Trial 146 finished with values: [0.5757729420355684, 0.9923719616267721] and parameters: {'n_estimators': 64, 'learning_rate': 0.08671821512512803, 'subsample': 0.8307615538505436, 'colsample_bytree': 0.8034282764658811, 'min_child_weight': 2}.
[I 2026-05-15 16:12:46,165] Trial 147 finished with values: [0.6011694706644202, 0.6796757316468325] and parameters: {'n_estimators': 70, 'learning_rate': 0.10704755834674413, 'subsample': 0.7498450458505885, 'colsample_bytree': 0.6440207698110707, 'min_child_weight': 8}.
[I 2026-05-15 16:12:46,950] Trial 148 finished with values: [0.6136986205673074, 0.6670253893301454] and parameters: {'n_estimators': 378, 'learning_rate': 0.13780336485751998, 'subsample': 0.6296178606936361, 'colsample_bytree': 0.7433862914177091, 'min_child_weight': 8}.
[I 2026-05-15 16:12:47,599] Trial 149 finished with values: [0.6163888852777741, 0.7830900650233648] and parameters: {'n_estimators': 324, 'learning_rate': 0.08710745900492396, 'subsample': 0.6260206371941118, 'colsample_bytree': 0.8034282764658811, 'min_child_weight': 4}.
[I 2026-05-15 16:12:48,385] Trial 150 finished with values: [0.5647257476550406, 1.063927149783005] and parameters: {'n_estimators': 377, 'learning_rate': 0.1538583627271404, 'subsample': 0.6746074041599417, 'colsample_bytree': 0.8503439662856945, 'min_child_weight': 6}.
[I 2026-05-15 16:12:48,961] Trial 151 finished with values: [0.6159421391744624, 1.017033768316493] and parameters: {'n_estimators': 280, 'learning_rate': 0.1538583627271404, 'subsample': 0.8012545034320351, 'colsample_bytree': 0.6205915004999957, 'min_child_weight': 8}.
[I 2026-05-15 16:12:49,714] Trial 152 finished with values: [0.6152409316045679, 0.7978922013908564] and parameters: {'n_estimators': 487, 'learning_rate': 0.08330803890301997, 'subsample': 0.9757995766256756, 'colsample_bytree': 0.7433862914177091, 'min_child_weight': 4}.
[I 2026-05-15 16:12:50,287] Trial 153 finished with values: [0.5967822039539212, 0.8040245122835893] and parameters: {'n_estimators': 215, 'learning_rate': 0.2708160864249968, 'subsample': 0.8313120563984696, 'colsample_bytree': 0.9425959364753289, 'min_child_weight': 4}.
[I 2026-05-15 16:12:51,179] Trial 154 finished with values: [0.604332511706249, 0.5671124418328912] and parameters: {'n_estimators': 487, 'learning_rate': 0.16111511355977057, 'subsample': 0.6746074041599417, 'colsample_bytree': 0.9579309401710595, 'min_child_weight': 6}.
[I 2026-05-15 16:12:51,872] Trial 155 finished with values: [0.6098663375431053, 0.7235717650989809] and parameters: {'n_estimators': 297, 'learning_rate': 0.2708160864249968, 'subsample': 0.8010716092915446, 'colsample_bytree': 0.6205915004999957, 'min_child_weight': 2}.
[I 2026-05-15 16:12:52,722] Trial 156 finished with values: [0.6240197235146729, 0.6914913430914188] and parameters: {'n_estimators': 490, 'learning_rate': 0.09396591857488666, 'subsample': 0.7257423924305306, 'colsample_bytree': 0.6849356442713105, 'min_child_weight': 2}.
