[I 2026-05-15 16:12:53,524] Trial 157 finished with values: [0.5869427212861555, 0.5876374528081577] and parameters: {'n_estimators': 414, 'learning_rate': 0.24144271975982237, 'subsample': 0.7272013899887455, 'colsample_bytree': 0.6440207698110707, 'min_child_weight': 1}.
[I 2026-05-15 16:12:54,341] Trial 158 finished with values: [0.5991262612474735, 0.5967218425031171] and parameters: {'n_estimators': 459, 'learning_rate': 0.2708160864249968, 'subsample': 0.6479461469334731, 'colsample_bytree': 0.78966953163493, 'min_child_weight': 8}.
[I 2026-05-15 16:12:54,942] Trial 159 finished with values: [0.6270543874584279, 0.5894960958927993] and parameters: {'n_estimators': 324, 'learning_rate': 0.028180680291847244, 'subsample': 0.637469907131237, 'colsample_bytree': 0.7174367377057973, 'min_child_weight': 9}.
[I 2026-05-15 16:12:55,799] Trial 160 finished with values: [0.6171384660273549, 0.7104120594326071] and parameters: {'n_estimators': 487, 'learning_rate': 0.05838706626832953, 'subsample': 0.9757995766256756, 'colsample_bytree': 0.6282274989601719, 'min_child_weight': 10}.
[I 2026-05-15 16:12:56,452] Trial 161 finished with values: [0.6087057554734322, 0.700281081235938] and parameters: {'n_estimators': 339, 'learning_rate': 0.029385442161128397, 'subsample': 0.9442922333025374, 'colsample_bytree': 0.6027808522124762, 'min_child_weight': 8}.
[I 2026-05-15 16:12:56,961] Trial 162 finished with values: [0.6239059405726073, 0.6704700259229087] and parameters: {'n_estimators': 61, 'learning_rate': 0.07332660227137139, 'subsample': 0.881207583558071, 'colsample_bytree': 0.7454518409517176, 'min_child_weight': 10}.
[I 2026-05-15 16:12:57,631] Trial 163 finished with values: [0.6055618914204773, 1.0391190673860553] and parameters: {'n_estimators': 348, 'learning_rate': 0.16111511355977057, 'subsample': 0.7572390898667042, 'colsample_bytree': 0.9760920965699831, 'min_child_weight': 3}.
[I 2026-05-15 16:12:58,217] Trial 164 finished with values: [0.5865832394115222, 0.9275250185478733] and parameters: {'n_estimators': 293, 'learning_rate': 0.043737251953017454, 'subsample': 0.6746074041599417, 'colsample_bytree': 0.9795542149013333, 'min_child_weight': 6}.
[I 2026-05-15 16:12:58,909] Trial 165 finished with values: [0.6264575305989448, 0.8474715761348381] and parameters: {'n_estimators': 215, 'learning_rate': 0.1538583627271404, 'subsample': 0.7552679704826087, 'colsample_bytree': 0.7433862914177091, 'min_child_weight': 2}.
[I 2026-05-15 16:12:59,404] Trial 166 finished with values: [0.605286368619702, 0.6927405014266717] and parameters: {'n_estimators': 195, 'learning_rate': 0.05838706626832953, 'subsample': 0.8573152873769412, 'colsample_bytree': 0.7833011561966067, 'min_child_weight': 8}.
[I 2026-05-15 16:13:00,001] Trial 167 finished with values: [0.6223307762701702, 0.5910822500021901] and parameters: {'n_estimators': 280, 'learning_rate': 0.1538583627271404, 'subsample': 0.7257423924305306, 'colsample_bytree': 0.9746919954946938, 'min_child_weight': 8}.
[I 2026-05-15 16:13:00,606] Trial 168 finished with values: [0.6076438737044798, 0.9048180538901397] and parameters: {'n_estimators': 296, 'learning_rate': 0.1131225105716033, 'subsample': 0.9043140194467589, 'colsample_bytree': 0.7174367377057973, 'min_child_weight': 10}.
[I 2026-05-15 16:13:01,084] Trial 169 finished with values: [0.6143133123941205, 0.7679311574359735] and parameters: {'n_estimators': 195, 'learning_rate': 0.08710745900492396, 'subsample': 0.881207583558071, 'colsample_bytree': 0.7454518409517176, 'min_child_weight': 10}.
[I 2026-05-15 16:13:01,816] Trial 170 finished with values: [0.5878484781515084, 0.9340687209985987] and parameters: {'n_estimators': 324, 'learning_rate': 0.24584290528289388, 'subsample': 0.6508242050607539, 'colsample_bytree': 0.6254233401144095, 'min_child_weight': 10}.
[I 2026-05-15 16:13:02,337] Trial 171 finished with values: [0.6087247985227784, 0.6602538211990319] and parameters: {'n_estimators': 64, 'learning_rate': 0.08710745900492396, 'subsample': 0.7257423924305306, 'colsample_bytree': 0.9579309401710595, 'min_child_weight': 10}.
[I 2026-05-15 16:13:02,835] Trial 172 finished with values: [0.6130275743407056, 0.7017691571531792] and parameters: {'n_estimators': 66, 'learning_rate': 0.21149322814164553, 'subsample': 0.7544410551203097, 'colsample_bytree': 0.9844762255295657, 'min_child_weight': 10}.
[I 2026-05-15 16:13:03,534] Trial 173 finished with values: [0.6247354333212919, 0.7011860431818262] and parameters: {'n_estimators': 458, 'learning_rate': 0.10519936117151477, 'subsample': 0.9866619276174678, 'colsample_bytree': 0.9468289274320415, 'min_child_weight': 9}.
[I 2026-05-15 16:13:03,974] Trial 174 finished with values: [0.5947870998376048, 0.7130516971149017] and parameters: {'n_estimators': 103, 'learning_rate': 0.019462886350651437, 'subsample': 0.7168578594140873, 'colsample_bytree': 0.6849356442713105, 'min_child_weight': 6}.
[I 2026-05-15 16:13:04,643] Trial 175 finished with values: [0.5905162594051483, 0.8175680876727602] and parameters: {'n_estimators': 346, 'learning_rate': 0.028180680291847244, 'subsample': 0.637469907131237, 'colsample_bytree': 0.7174367377057973, 'min_child_weight': 1}.
[I 2026-05-15 16:13:05,429] Trial 176 finished with values: [0.651742981338941, 0.4950166907064297] and parameters: {'n_estimators': 414, 'learning_rate': 0.24144271975982237, 'subsample': 0.7272013899887455, 'colsample_bytree': 0.7433862914177091, 'min_child_weight': 7}.
[I 2026-05-15 16:13:05,885] Trial 177 finished with values: [0.6247046482400018, 0.9140455248131903] and parameters: {'n_estimators': 103, 'learning_rate': 0.24144271975982237, 'subsample': 0.7272013899887455, 'colsample_bytree': 0.8245108790277985, 'min_child_weight': 2}.
[I 2026-05-15 16:13:06,577] Trial 178 finished with values: [0.5875161794353714, 0.8412572841256974] and parameters: {'n_estimators': 433, 'learning_rate': 0.010639368372762009, 'subsample': 0.7168578594140873, 'colsample_bytree': 0.6377771843023713, 'min_child_weight': 6}.
[I 2026-05-15 16:13:07,213] Trial 179 finished with values: [0.6116490280126643, 0.8470972178858875] and parameters: {'n_estimators': 408, 'learning_rate': 0.10206664092951903, 'subsample': 0.6284754593840916, 'colsample_bytree': 0.7275902521175045, 'min_child_weight': 6}.
[I 2026-05-15 16:13:07,754] Trial 180 finished with values: [0.5957037176229096, 0.8969898412747253] and parameters: {'n_estimators': 103, 'learning_rate': 0.16155001304356414, 'subsample': 0.6296178606936361, 'colsample_bytree': 0.8245108790277985, 'min_child_weight': 6}.
[I 2026-05-15 16:13:08,532] Trial 181 finished with values: [0.5948967004522561, 1.042798862396905] and parameters: {'n_estimators': 490, 'learning_rate': 0.08710745900492396, 'subsample': 0.9379501243877818, 'colsample_bytree': 0.6849356442713105, 'min_child_weight': 3}.
[I 2026-05-15 16:13:09,028] Trial 182 finished with values: [0.5983518780488477, 0.6931927042314774] and parameters: {'n_estimators': 60, 'learning_rate': 0.043737251953017454, 'subsample': 0.8006065178748798, 'colsample_bytree': 0.9795542149013333, 'min_child_weight': 10}.
[I 2026-05-15 16:13:09,570] Trial 183 finished with values: [0.6047001330334665, 0.68139194620251] and parameters: {'n_estimators': 103, 'learning_rate': 0.028180680291847244, 'subsample': 0.8080272084711243, 'colsample_bytree': 0.7174367377057973, 'min_child_weight': 9}.
[I 2026-05-15 16:13:10,277] Trial 184 finished with values: [0.5939703365965993, 1.0521455614934252] and parameters: {'n_estimators': 417, 'learning_rate': 0.08710745900492396, 'subsample': 0.6260206371941118, 'colsample_bytree': 0.9746919954946938, 'min_child_weight': 4}.
[I 2026-05-15 16:13:10,849] Trial 185 finished with values: [0.5962465443273525, 0.7114468816716005] and parameters: {'n_estimators': 120, 'learning_rate': 0.029385442161128397, 'subsample': 0.7168578594140873, 'colsample_bytree': 0.7465447373174767, 'min_child_weight': 8}.
[I 2026-05-15 16:13:11,620] Trial 186 finished with values: [0.60697061353627, 0.7475676326082935] and parameters: {'n_estimators': 490, 'learning_rate': 0.1131225105716033, 'subsample': 0.7257423924305306, 'colsample_bytree': 0.8245108790277985, 'min_child_weight': 10}.
[I 2026-05-15 16:13:12,417] Trial 187 finished with values: [0.5948609057699967, 0.5133780296221093] and parameters: {'n_estimators': 414, 'learning_rate': 0.24144271975982237, 'subsample': 0.9022204554172195, 'colsample_bytree': 0.7127419099093599, 'min_child_weight': 2}.
[I 2026-05-15 16:13:12,936] Trial 188 finished with values: [0.5958975018570979, 0.7046627822066129] and parameters: {'n_estimators': 64, 'learning_rate': 0.05526573288655769, 'subsample': 0.8786948661456602, 'colsample_bytree': 0.8034282764658811, 'min_child_weight': 9}.
[I 2026-05-15 16:13:13,634] Trial 189 finished with values: [0.6251434170626089, 0.7371175100954285] and parameters: {'n_estimators': 324, 'learning_rate': 0.043737251953017454, 'subsample': 0.8006065178748798, 'colsample_bytree': 0.9746919954946938, 'min_child_weight': 8}.
[I 2026-05-15 16:13:14,033] Trial 190 finished with values: [0.617086764056461, 0.7164263636323246] and parameters: {'n_estimators': 64, 'learning_rate': 0.21149322814164553, 'subsample': 0.7257423924305306, 'colsample_bytree': 0.8532405829093072, 'min_child_weight': 4}.
[I 2026-05-15 16:13:14,780] Trial 191 finished with values: [0.5996958732312268, 0.6883718974764396] and parameters: {'n_estimators': 333, 'learning_rate': 0.19775731712985178, 'subsample': 0.7168578594140873, 'colsample_bytree': 0.8118602313424026, 'min_child_weight': 6}.
[I 2026-05-15 16:13:15,347] Trial 192 finished with values: [0.6174544661413347, 0.7745897804799567] and parameters: {'n_estimators': 103, 'learning_rate': 0.1218397677644799, 'subsample': 0.8080272084711243, 'colsample_bytree': 0.6254233401144095, 'min_child_weight': 4}.
[I 2026-05-15 16:13:16,127] Trial 193 finished with values: [0.6237004825893715, 0.6695621407602547] and parameters: {'n_estimators': 433, 'learning_rate': 0.10704755834674413, 'subsample': 0.9329770563201687, 'colsample_bytree': 0.6849356442713105, 'min_child_weight': 2}.
[I 2026-05-15 16:13:16,768] Trial 194 finished with values: [0.6219604951928185, 0.7376067581908456] and parameters: {'n_estimators': 179, 'learning_rate': 0.16155001304356414, 'subsample': 0.7168578594140873, 'colsample_bytree': 0.9213923721539394, 'min_child_weight': 6}.
[I 2026-05-15 16:13:17,392] Trial 195 finished with values: [0.5796317752883409, 0.8552493767323384] and parameters: {'n_estimators': 347, 'learning_rate': 0.02609752135980675, 'subsample': 0.9866619276174678, 'colsample_bytree': 0.6709758175118891, 'min_child_weight': 9}.
[I 2026-05-15 16:13:17,932] Trial 196 finished with values: [0.5921974565408908, 0.9466917201441862] and parameters: {'n_estimators': 215, 'learning_rate': 0.10519936117151477, 'subsample': 0.9002459006563434, 'colsample_bytree': 0.7594018937589494, 'min_child_weight': 7}.
[I 2026-05-15 16:13:18,695] Trial 197 finished with values: [0.6164369485581607, 0.5548868369532965] and parameters: {'n_estimators': 413, 'learning_rate': 0.1538583627271404, 'subsample': 0.8006065178748798, 'colsample_bytree': 0.7433862914177091, 'min_child_weight': 2}.
[I 2026-05-15 16:13:19,102] Trial 198 finished with values: [0.6111494782201853, 0.6734910698949912] and parameters: {'n_estimators': 64, 'learning_rate': 0.08710745900492396, 'subsample': 0.7257423924305306, 'colsample_bytree': 0.7174367377057973, 'min_child_weight': 9}.
[I 2026-05-15 16:13:19,991] Trial 199 finished with values: [0.6198709413860929, 0.6895245325314694] and parameters: {'n_estimators': 496, 'learning_rate': 0.1131225105716033, 'subsample': 0.9043140194467589, 'colsample_bytree': 0.6849356442713105, 'min_child_weight': 10}.
[I 2026-05-15 16:13:20,689] Trial 200 finished with values: [0.606189257603399, 0.5365079301276495] and parameters: {'n_estimators': 439, 'learning_rate': 0.1538583627271404, 'subsample': 0.7650470707645706, 'colsample_bytree': 0.6254233401144095, 'min_child_weight': 4}.
[I 2026-05-15 16:13:21,629] Trial 201 finished with values: [0.5768129614594261, 1.0589874482241588] and parameters: {'n_estimators': 487, 'learning_rate': 0.24144271975982237, 'subsample': 0.6746074041599417, 'colsample_bytree': 0.9105651842967988, 'min_child_weight': 7}.
[I 2026-05-15 16:13:22,302] Trial 202 finished with values: [0.6049624135482722, 0.6745976060217199] and parameters: {'n_estimators': 203, 'learning_rate': 0.028180680291847244, 'subsample': 0.881207583558071, 'colsample_bytree': 0.7454518409517176, 'min_child_weight': 10}.
[I 2026-05-15 16:13:23,056] Trial 203 finished with values: [0.5999453277231055, 0.6892569404872497] and parameters: {'n_estimators': 347, 'learning_rate': 0.16155001304356414, 'subsample': 0.6746074041599417, 'colsample_bytree': 0.8118602313424026, 'min_child_weight': 6}.
[I 2026-05-15 16:13:23,743] Trial 204 finished with values: [0.6189645463382838, 0.6480628201893267] and parameters: {'n_estimators': 437, 'learning_rate': 0.16155001304356414, 'subsample': 0.7168578594140873, 'colsample_bytree': 0.8245108790277985, 'min_child_weight': 8}.
[I 2026-05-15 16:13:24,148] Trial 205 finished with values: [0.597104194578942, 0.9447334633568605] and parameters: {'n_estimators': 66, 'learning_rate': 0.16111511355977057, 'subsample': 0.8080272084711243, 'colsample_bytree': 0.6693177280283383, 'min_child_weight': 8}.
[I 2026-05-15 16:13:24,703] Trial 206 finished with values: [0.6233679685194836, 0.7687722857017117] and parameters: {'n_estimators': 243, 'learning_rate': 0.12856643861355183, 'subsample': 0.9018171496338729, 'colsample_bytree': 0.699092395800463, 'min_child_weight': 8}.
[I 2026-05-15 16:13:25,439] Trial 207 finished with values: [0.6142610378974015, 0.6544643376812096] and parameters: {'n_estimators': 324, 'learning_rate': 0.028180680291847244, 'subsample': 0.637469907131237, 'colsample_bytree': 0.641249547534373, 'min_child_weight': 8}.
[I 2026-05-15 16:13:26,121] Trial 208 finished with values: [0.6157404525081293, 0.6571050970788477] and parameters: {'n_estimators': 457, 'learning_rate': 0.1131225105716033, 'subsample': 0.9043140194467589, 'colsample_bytree': 0.8021009489791429, 'min_child_weight': 10}.
[I 2026-05-15 16:13:26,925] Trial 209 finished with values: [0.6215701586408657, 0.6121712618729005] and parameters: {'n_estimators': 422, 'learning_rate': 0.028180680291847244, 'subsample': 0.637469907131237, 'colsample_bytree': 0.7174367377057973, 'min_child_weight': 9}.
[I 2026-05-15 16:13:27,447] Trial 210 finished with values: [0.5869978334624799, 0.7952530165752509] and parameters: {'n_estimators': 103, 'learning_rate': 0.05838706626832953, 'subsample': 0.9757995766256756, 'colsample_bytree': 0.8245108790277985, 'min_child_weight': 10}.
[I 2026-05-15 16:13:28,055] Trial 211 finished with values: [0.6144983603569462, 0.8428429228877157] and parameters: {'n_estimators': 194, 'learning_rate': 0.13780336485751998, 'subsample': 0.7168578594140873, 'colsample_bytree': 0.9213923721539394, 'min_child_weight': 9}.
[I 2026-05-15 16:13:28,610] Trial 212 finished with values: [0.6161766948635636, 0.759324656001441] and parameters: {'n_estimators': 225, 'learning_rate': 0.13720623374101712, 'subsample': 0.6863284109987373, 'colsample_bytree': 0.8491561903276001, 'min_child_weight': 1}.
[I 2026-05-15 16:13:29,339] Trial 213 finished with values: [0.607427692680218, 0.6668852047889701] and parameters: {'n_estimators': 459, 'learning_rate': 0.1538583627271404, 'subsample': 0.6043350605921193, 'colsample_bytree': 0.78966953163493, 'min_child_weight': 2}.
[I 2026-05-15 16:13:30,101] Trial 214 finished with values: [0.6021295859679698, 0.6720608250435192] and parameters: {'n_estimators': 324, 'learning_rate': 0.21744977418953557, 'subsample': 0.637469907131237, 'colsample_bytree': 0.9746919954946938, 'min_child_weight': 1}.
[I 2026-05-15 16:13:30,809] Trial 215 finished with values: [0.5949777233615617, 0.9155380928288468] and parameters: {'n_estimators': 414, 'learning_rate': 0.029625450352016573, 'subsample': 0.7272013899887455, 'colsample_bytree': 0.9795542149013333, 'min_child_weight': 1}.
[I 2026-05-15 16:13:31,634] Trial 216 finished with values: [0.6191567351163311, 0.5320241436888745] and parameters: {'n_estimators': 478, 'learning_rate': 0.2708160864249968, 'subsample': 0.9329770563201687, 'colsample_bytree': 0.6849356442713105, 'min_child_weight': 10}.
[I 2026-05-15 16:13:32,293] Trial 217 finished with values: [0.6080295578275376, 0.8161766831779763] and parameters: {'n_estimators': 280, 'learning_rate': 0.1131225105716033, 'subsample': 0.9043140194467589, 'colsample_bytree': 0.699092395800463, 'min_child_weight': 8}.
[I 2026-05-15 16:13:33,035] Trial 218 finished with values: [0.6168082906466745, 0.7311616497862117] and parameters: {'n_estimators': 308, 'learning_rate': 0.1538583627271404, 'subsample': 0.8527348848679197, 'colsample_bytree': 0.7793782087913279, 'min_child_weight': 2}.
[I 2026-05-15 16:13:33,641] Trial 219 finished with values: [0.6075208331773989, 0.6682730261538525] and parameters: {'n_estimators': 182, 'learning_rate': 0.03058280993112278, 'subsample': 0.7257423924305306, 'colsample_bytree': 0.8034282764658811, 'min_child_weight': 10}.
[I 2026-05-15 16:13:34,165] Trial 220 finished with values: [0.6257872945751733, 0.7865947242477745] and parameters: {'n_estimators': 179, 'learning_rate': 0.16155001304356414, 'subsample': 0.8690073824308153, 'colsample_bytree': 0.7465447373174767, 'min_child_weight': 9}.
[I 2026-05-15 16:13:34,863] Trial 221 finished with values: [0.5781613779593577, 0.7725760668603062] and parameters: {'n_estimators': 414, 'learning_rate': 0.24144271975982237, 'subsample': 0.900949811775072, 'colsample_bytree': 0.9166316174903394, 'min_child_weight': 2}.
[I 2026-05-15 16:13:35,664] Trial 222 finished with values: [0.5920582920582921, 0.7007649467727253] and parameters: {'n_estimators': 487, 'learning_rate': 0.1466769064893309, 'subsample': 0.6364824412194762, 'colsample_bytree': 0.9579309401710595, 'min_child_weight': 5}.
[I 2026-05-15 16:13:36,170] Trial 223 finished with values: [0.5997985129298261, 0.7673572651379585] and parameters: {'n_estimators': 61, 'learning_rate': 0.07332660227137139, 'subsample': 0.9043140194467589, 'colsample_bytree': 0.7454518409517176, 'min_child_weight': 10}.
[I 2026-05-15 16:13:36,809] Trial 224 finished with values: [0.6251434170626089, 0.7371175100954285] and parameters: {'n_estimators': 324, 'learning_rate': 0.043737251953017454, 'subsample': 0.8006065178748798, 'colsample_bytree': 0.9746919954946938, 'min_child_weight': 8}.
[I 2026-05-15 16:13:37,447] Trial 225 finished with values: [0.6062141834869108, 0.9565872974790564] and parameters: {'n_estimators': 195, 'learning_rate': 0.05838706626832953, 'subsample': 0.6230235040066577, 'colsample_bytree': 0.8198115529294943, 'min_child_weight': 5}.
[I 2026-05-15 16:13:38,182] Trial 226 finished with values: [0.5879693953431329, 0.9584207041586439] and parameters: {'n_estimators': 339, 'learning_rate': 0.20476075218575424, 'subsample': 0.6863284109987373, 'colsample_bytree': 0.8491561903276001, 'min_child_weight': 4}.
[I 2026-05-15 16:13:39,024] Trial 227 finished with values: [0.59915880461335, 0.8306599536258865] and parameters: {'n_estimators': 439, 'learning_rate': 0.028180680291847244, 'subsample': 0.7272013899887455, 'colsample_bytree': 0.6468268065710423, 'min_child_weight': 8}.
[I 2026-05-15 16:13:39,724] Trial 228 finished with values: [0.627952462497917, 0.6281560761552014] and parameters: {'n_estimators': 378, 'learning_rate': 0.13780336485751998, 'subsample': 0.6296178606936361, 'colsample_bytree': 0.6571966728211344, 'min_child_weight': 2}.
[I 2026-05-15 16:13:40,251] Trial 229 finished with values: [0.6005255944649883, 0.850279399719091] and parameters: {'n_estimators': 103, 'learning_rate': 0.1131225105716033, 'subsample': 0.8006065178748798, 'colsample_bytree': 0.699092395800463, 'min_child_weight': 10}.
[I 2026-05-15 16:13:41,034] Trial 230 finished with values: [0.5894666527999861, 0.8429540046523878] and parameters: {'n_estimators': 414, 'learning_rate': 0.08330803890301997, 'subsample': 0.9046042526869889, 'colsample_bytree': 0.7127419099093599, 'min_child_weight': 4}.
[I 2026-05-15 16:13:41,673] Trial 231 finished with values: [0.6079905262733545, 0.7655475548696964] and parameters: {'n_estimators': 328, 'learning_rate': 0.028180680291847244, 'subsample': 0.637469907131237, 'colsample_bytree': 0.9579309401710595, 'min_child_weight': 6}.
[I 2026-05-15 16:13:42,356] Trial 232 finished with values: [0.5801618396567891, 0.8755678481065869] and parameters: {'n_estimators': 346, 'learning_rate': 0.014104914380026676, 'subsample': 0.9757995766256756, 'colsample_bytree': 0.7174367377057973, 'min_child_weight': 1}.
[I 2026-05-15 16:13:43,114] Trial 233 finished with values: [0.5988004428408468, 0.5701073836752099] and parameters: {'n_estimators': 366, 'learning_rate': 0.21149322814164553, 'subsample': 0.7572390898667042, 'colsample_bytree': 0.9568186220708453, 'min_child_weight': 7}.
[I 2026-05-15 16:13:43,922] Trial 234 finished with values: [0.6023607406435689, 0.7565978084846496] and parameters: {'n_estimators': 413, 'learning_rate': 0.1538583627271404, 'subsample': 0.9022204554172195, 'colsample_bytree': 0.7433862914177091, 'min_child_weight': 2}.
[I 2026-05-15 16:13:44,304] Trial 235 finished with values: [0.608665213816729, 0.6668371272255021] and parameters: {'n_estimators': 66, 'learning_rate': 0.04018584329485903, 'subsample': 0.8006065178748798, 'colsample_bytree': 0.6693177280283383, 'min_child_weight': 8}.
[I 2026-05-15 16:13:44,744] Trial 236 finished with values: [0.5895459857076019, 0.8441971300429743] and parameters: {'n_estimators': 103, 'learning_rate': 0.16155001304356414, 'subsample': 0.8006065178748798, 'colsample_bytree': 0.8245108790277985, 'min_child_weight': 6}.
