[I 2026-05-15 18:29:39,674] Trial 219 finished with values: [0.21920868373862304, 0.6403543978581991] and parameters: {'n_estimators': 182, 'learning_rate': 0.03058280993112278, 'subsample': 0.6296178606936361, 'colsample_bytree': 0.7433862914177091, 'min_child_weight': 2}.
[I 2026-05-15 18:29:40,531] Trial 220 finished with values: [0.22165776258270303, 0.6872931049862716] and parameters: {'n_estimators': 378, 'learning_rate': 0.10519936117151477, 'subsample': 0.8690073824308153, 'colsample_bytree': 0.9468289274320415, 'min_child_weight': 10}.
[I 2026-05-15 18:29:41,254] Trial 221 finished with values: [0.2515007575261861, 0.6313537152108021] and parameters: {'n_estimators': 225, 'learning_rate': 0.02516607127550297, 'subsample': 0.900949811775072, 'colsample_bytree': 0.9166316174903394, 'min_child_weight': 9}.
[I 2026-05-15 18:29:41,932] Trial 222 finished with values: [0.2086092732820184, 0.6646854359886305] and parameters: {'n_estimators': 203, 'learning_rate': 0.1466769064893309, 'subsample': 0.6364824412194762, 'colsample_bytree': 0.7275902521175045, 'min_child_weight': 5}.
/home/mklemmingen/PycharmProjects/migraine-forecasting-shd/.venv/lib/python3.13/site-packages/sklearn/linear_model/_sag.py:348: ConvergenceWarning: The max_iter was reached which means the coef_ did not converge
  warnings.warn(
[I 2026-05-15 18:29:42,525] Trial 223 finished with values: [0.28163279038334876, 0.5949299529631839] and parameters: {'n_estimators': 70, 'learning_rate': 0.017303875834205888, 'subsample': 0.6296178606936361, 'colsample_bytree': 0.7351980627406143, 'min_child_weight': 4}.
/home/mklemmingen/PycharmProjects/migraine-forecasting-shd/.venv/lib/python3.13/site-packages/sklearn/linear_model/_sag.py:348: ConvergenceWarning: The max_iter was reached which means the coef_ did not converge
  warnings.warn(
[I 2026-05-15 18:29:43,043] Trial 224 finished with values: [0.25832968603477224, 0.5758962109084741] and parameters: {'n_estimators': 66, 'learning_rate': 0.019657448966046126, 'subsample': 0.9046478461314871, 'colsample_bytree': 0.9261845713819337, 'min_child_weight': 10}.
[I 2026-05-15 18:29:43,598] Trial 225 finished with values: [0.23339695026136412, 0.5181556252342576] and parameters: {'n_estimators': 64, 'learning_rate': 0.08710745900492396, 'subsample': 0.6230235040066577, 'colsample_bytree': 0.8198115529294943, 'min_child_weight': 5}.
[I 2026-05-15 18:29:44,055] Trial 226 finished with values: [0.2213848876557644, 0.8069902906121429] and parameters: {'n_estimators': 66, 'learning_rate': 0.20476075218575424, 'subsample': 0.9046478461314871, 'colsample_bytree': 0.6950550175969599, 'min_child_weight': 4}.
/home/mklemmingen/PycharmProjects/migraine-forecasting-shd/.venv/lib/python3.13/site-packages/sklearn/linear_model/_sag.py:348: ConvergenceWarning: The max_iter was reached which means the coef_ did not converge
  warnings.warn(
[I 2026-05-15 18:29:44,664] Trial 227 finished with values: [0.24232029155876783, 0.5383528628519352] and parameters: {'n_estimators': 64, 'learning_rate': 0.01412166070620751, 'subsample': 0.6137554084460873, 'colsample_bytree': 0.6468268065710423, 'min_child_weight': 10}.
[I 2026-05-15 18:29:45,429] Trial 228 finished with values: [0.27428073729528896, 0.578084135232285] and parameters: {'n_estimators': 294, 'learning_rate': 0.016149614799999188, 'subsample': 0.9208787923016158, 'colsample_bytree': 0.6571966728211344, 'min_child_weight': 10}.
[I 2026-05-15 18:29:45,873] Trial 229 finished with values: [0.2712560206227814, 0.6773818015599687] and parameters: {'n_estimators': 64, 'learning_rate': 0.09836162684900028, 'subsample': 0.9002459006563434, 'colsample_bytree': 0.8503439662856945, 'min_child_weight': 10}.
[I 2026-05-15 18:29:46,531] Trial 230 finished with values: [0.3046530251192446, 0.6169677947208746] and parameters: {'n_estimators': 156, 'learning_rate': 0.019657448966046126, 'subsample': 0.9046042526869889, 'colsample_bytree': 0.9468289274320415, 'min_child_weight': 8}.
[I 2026-05-15 18:29:47,216] Trial 231 finished with values: [0.22593489210767906, 0.5243354471296188] and parameters: {'n_estimators': 328, 'learning_rate': 0.07332660227137139, 'subsample': 0.7257423924305306, 'colsample_bytree': 0.9795542149013333, 'min_child_weight': 10}.
/home/mklemmingen/PycharmProjects/migraine-forecasting-shd/.venv/lib/python3.13/site-packages/sklearn/linear_model/_sag.py:348: ConvergenceWarning: The max_iter was reached which means the coef_ did not converge
  warnings.warn(
[I 2026-05-15 18:29:47,827] Trial 232 finished with values: [0.24381294520231966, 0.5582415986293816] and parameters: {'n_estimators': 91, 'learning_rate': 0.014104914380026676, 'subsample': 0.6260206371941118, 'colsample_bytree': 0.6020246335384875, 'min_child_weight': 1}.
[I 2026-05-15 18:29:48,621] Trial 233 finished with values: [0.22752618914887726, 0.5346404133198921] and parameters: {'n_estimators': 366, 'learning_rate': 0.09836162684900028, 'subsample': 0.6479461469334731, 'colsample_bytree': 0.7350460685614512, 'min_child_weight': 10}.
/home/mklemmingen/PycharmProjects/migraine-forecasting-shd/.venv/lib/python3.13/site-packages/sklearn/linear_model/_sag.py:348: ConvergenceWarning: The max_iter was reached which means the coef_ did not converge
  warnings.warn(
[I 2026-05-15 18:29:49,178] Trial 234 finished with values: [0.25407562386605964, 0.5121567928132886] and parameters: {'n_estimators': 70, 'learning_rate': 0.02516607127550297, 'subsample': 0.6296178606936361, 'colsample_bytree': 0.9637281608315128, 'min_child_weight': 9}.
/home/mklemmingen/PycharmProjects/migraine-forecasting-shd/.venv/lib/python3.13/site-packages/sklearn/linear_model/_sag.py:348: ConvergenceWarning: The max_iter was reached which means the coef_ did not converge
  warnings.warn(
[I 2026-05-15 18:29:49,689] Trial 235 finished with values: [0.25726350367317463, 0.5659642652640002] and parameters: {'n_estimators': 91, 'learning_rate': 0.01412166070620751, 'subsample': 0.9046478461314871, 'colsample_bytree': 0.6020246335384875, 'min_child_weight': 10}.
[I 2026-05-15 18:29:50,271] Trial 236 finished with values: [0.2763473523786607, 0.5204163558434031] and parameters: {'n_estimators': 225, 'learning_rate': 0.02516607127550297, 'subsample': 0.6479461469334731, 'colsample_bytree': 0.7350460685614512, 'min_child_weight': 9}.
[I 2026-05-15 18:29:50,849] Trial 237 finished with values: [0.22099260561116657, 0.6844284285565234] and parameters: {'n_estimators': 238, 'learning_rate': 0.029385442161128397, 'subsample': 0.7498450458505885, 'colsample_bytree': 0.82272050498334, 'min_child_weight': 1}.
[I 2026-05-15 18:29:51,579] Trial 238 finished with values: [0.23564210986358813, 0.7368752093248931] and parameters: {'n_estimators': 339, 'learning_rate': 0.017303875834205888, 'subsample': 0.9314950036607718, 'colsample_bytree': 0.9594216754108317, 'min_child_weight': 8}.
[I 2026-05-15 18:29:52,440] Trial 239 finished with values: [0.23600267166600958, 0.5080119003478172] and parameters: {'n_estimators': 420, 'learning_rate': 0.030245085073501415, 'subsample': 0.6296178606936361, 'colsample_bytree': 0.9637281608315128, 'min_child_weight': 9}.
[I 2026-05-15 18:29:53,257] Trial 240 finished with values: [0.2542827390573465, 0.53909222358072] and parameters: {'n_estimators': 496, 'learning_rate': 0.02516607127550297, 'subsample': 0.6296178606936361, 'colsample_bytree': 0.7350460685614512, 'min_child_weight': 9}.
[I 2026-05-15 18:29:53,805] Trial 241 finished with values: [0.26392909591784774, 0.6276896513611401] and parameters: {'n_estimators': 64, 'learning_rate': 0.11046009304545999, 'subsample': 0.9046478461314871, 'colsample_bytree': 0.8034282764658811, 'min_child_weight': 10}.
[I 2026-05-15 18:29:54,618] Trial 242 finished with values: [0.2579399063197523, 0.547988765827849] and parameters: {'n_estimators': 339, 'learning_rate': 0.010639368372762009, 'subsample': 0.8550229885420852, 'colsample_bytree': 0.82272050498334, 'min_child_weight': 10}.
[I 2026-05-15 18:29:55,364] Trial 243 finished with values: [0.27148860479798004, 0.5968323091950387] and parameters: {'n_estimators': 294, 'learning_rate': 0.016149614799999188, 'subsample': 0.9314950036607718, 'colsample_bytree': 0.6325395122567599, 'min_child_weight': 10}.
/home/mklemmingen/PycharmProjects/migraine-forecasting-shd/.venv/lib/python3.13/site-packages/sklearn/linear_model/_sag.py:348: ConvergenceWarning: The max_iter was reached which means the coef_ did not converge
  warnings.warn(
[I 2026-05-15 18:29:55,932] Trial 244 finished with values: [0.28950087673129404, 0.6367536416688646] and parameters: {'n_estimators': 91, 'learning_rate': 0.011693687409928539, 'subsample': 0.9601672228653322, 'colsample_bytree': 0.9570235993959911, 'min_child_weight': 1}.
[I 2026-05-15 18:29:56,459] Trial 245 finished with values: [0.23513828631994138, 0.8072177225000434] and parameters: {'n_estimators': 159, 'learning_rate': 0.08710745900492396, 'subsample': 0.8550229885420852, 'colsample_bytree': 0.6950550175969599, 'min_child_weight': 10}.
[I 2026-05-15 18:29:56,970] Trial 246 finished with values: [0.26156924912254476, 0.5249079694274051] and parameters: {'n_estimators': 64, 'learning_rate': 0.028180680291847244, 'subsample': 0.637469907131237, 'colsample_bytree': 0.82272050498334, 'min_child_weight': 9}.
[I 2026-05-15 18:29:57,868] Trial 247 finished with values: [0.24498118641431404, 0.512746905460095] and parameters: {'n_estimators': 398, 'learning_rate': 0.019657448966046126, 'subsample': 0.602208846849441, 'colsample_bytree': 0.9261845713819337, 'min_child_weight': 10}.
[I 2026-05-15 18:29:58,371] Trial 248 finished with values: [0.24800032304359396, 0.5538580045019549] and parameters: {'n_estimators': 61, 'learning_rate': 0.035714399098231424, 'subsample': 0.7257423924305306, 'colsample_bytree': 0.7482568588267564, 'min_child_weight': 10}.
[I 2026-05-15 18:29:58,974] Trial 249 finished with values: [0.22625099440577273, 0.7101997028030315] and parameters: {'n_estimators': 294, 'learning_rate': 0.09444774154985085, 'subsample': 0.9314950036607718, 'colsample_bytree': 0.6020246335384875, 'min_child_weight': 10}.
[I 2026-05-15 18:29:59,682] Trial 250 finished with values: [0.20668396803294922, 0.6111478626096749] and parameters: {'n_estimators': 238, 'learning_rate': 0.15870971677383489, 'subsample': 0.6296178606936361, 'colsample_bytree': 0.9468289274320415, 'min_child_weight': 10}.
[I 2026-05-15 18:30:00,555] Trial 251 finished with values: [0.20423336313760268, 0.8987108398844159] and parameters: {'n_estimators': 477, 'learning_rate': 0.02516607127550297, 'subsample': 0.9718790609370292, 'colsample_bytree': 0.9944004255291483, 'min_child_weight': 4}.
[I 2026-05-15 18:30:01,396] Trial 252 finished with values: [0.2190445818967619, 0.6100181587140769] and parameters: {'n_estimators': 420, 'learning_rate': 0.129667438075127, 'subsample': 0.7505038342123663, 'colsample_bytree': 0.9261845713819337, 'min_child_weight': 10}.
[I 2026-05-15 18:30:02,053] Trial 253 finished with values: [0.19794873586503553, 0.46689130543996293] and parameters: {'n_estimators': 194, 'learning_rate': 0.13780336485751998, 'subsample': 0.6646514856378455, 'colsample_bytree': 0.9594216754108317, 'min_child_weight': 2}.
[I 2026-05-15 18:30:02,739] Trial 254 finished with values: [0.26528675356734605, 0.6183370973633792] and parameters: {'n_estimators': 294, 'learning_rate': 0.016149614799999188, 'subsample': 0.9718790609370292, 'colsample_bytree': 0.7275902521175045, 'min_child_weight': 10}.
[I 2026-05-15 18:30:03,536] Trial 255 finished with values: [0.23772668655155252, 0.5110417867301208] and parameters: {'n_estimators': 420, 'learning_rate': 0.030245085073501415, 'subsample': 0.6334002866794675, 'colsample_bytree': 0.9637281608315128, 'min_child_weight': 9}.
[I 2026-05-15 18:30:04,183] Trial 256 finished with values: [0.285178095801374, 0.6622245618548019] and parameters: {'n_estimators': 156, 'learning_rate': 0.019657448966046126, 'subsample': 0.9718790609370292, 'colsample_bytree': 0.7351980627406143, 'min_child_weight': 8}.
[I 2026-05-15 18:30:04,854] Trial 257 finished with values: [0.24737534652941523, 0.5406911281947326] and parameters: {'n_estimators': 339, 'learning_rate': 0.019657448966046126, 'subsample': 0.6296178606936361, 'colsample_bytree': 0.9108587663709747, 'min_child_weight': 10}.
[I 2026-05-15 18:30:05,524] Trial 258 finished with values: [0.23843167725843398, 0.5774235504146301] and parameters: {'n_estimators': 301, 'learning_rate': 0.017303875834205888, 'subsample': 0.7552679704826087, 'colsample_bytree': 0.7351980627406143, 'min_child_weight': 10}.
[I 2026-05-15 18:30:06,162] Trial 259 finished with values: [0.23612938908440237, 0.5754840504247707] and parameters: {'n_estimators': 324, 'learning_rate': 0.08710745900492396, 'subsample': 0.6260206371941118, 'colsample_bytree': 0.7696888036987906, 'min_child_weight': 10}.
[I 2026-05-15 18:30:06,735] Trial 260 finished with values: [0.2348600041033985, 0.5498795313087899] and parameters: {'n_estimators': 64, 'learning_rate': 0.028180680291847244, 'subsample': 0.7257423924305306, 'colsample_bytree': 0.82272050498334, 'min_child_weight': 10}.
/home/mklemmingen/PycharmProjects/migraine-forecasting-shd/.venv/lib/python3.13/site-packages/sklearn/linear_model/_sag.py:348: ConvergenceWarning: The max_iter was reached which means the coef_ did not converge
  warnings.warn(
[I 2026-05-15 18:30:07,262] Trial 261 finished with values: [0.241901054142562, 0.558201549318284] and parameters: {'n_estimators': 91, 'learning_rate': 0.01412166070620751, 'subsample': 0.602208846849441, 'colsample_bytree': 0.6020246335384875, 'min_child_weight': 1}.
/home/mklemmingen/PycharmProjects/migraine-forecasting-shd/.venv/lib/python3.13/site-packages/sklearn/linear_model/_sag.py:348: ConvergenceWarning: The max_iter was reached which means the coef_ did not converge
  warnings.warn(
[I 2026-05-15 18:30:07,771] Trial 262 finished with values: [0.2578270159379852, 0.633662343291922] and parameters: {'n_estimators': 91, 'learning_rate': 0.01412166070620751, 'subsample': 0.9601672228653322, 'colsample_bytree': 0.9625417540378944, 'min_child_weight': 4}.
/home/mklemmingen/PycharmProjects/migraine-forecasting-shd/.venv/lib/python3.13/site-packages/sklearn/linear_model/_sag.py:348: ConvergenceWarning: The max_iter was reached which means the coef_ did not converge
  warnings.warn(
[I 2026-05-15 18:30:08,379] Trial 263 finished with values: [0.28035967641289944, 0.6143171483723815] and parameters: {'n_estimators': 70, 'learning_rate': 0.017303875834205888, 'subsample': 0.6260206371941118, 'colsample_bytree': 0.7351980627406143, 'min_child_weight': 4}.
[I 2026-05-15 18:30:08,962] Trial 264 finished with values: [0.240700092132293, 0.4537662173986402] and parameters: {'n_estimators': 100, 'learning_rate': 0.10206664092951903, 'subsample': 0.6284754593840916, 'colsample_bytree': 0.7275902521175045, 'min_child_weight': 10}.
[I 2026-05-15 18:30:09,687] Trial 265 finished with values: [0.1991453834953129, 0.6618076732320681] and parameters: {'n_estimators': 238, 'learning_rate': 0.09836162684900028, 'subsample': 0.8550229885420852, 'colsample_bytree': 0.8503439662856945, 'min_child_weight': 10}.
[I 2026-05-15 18:30:10,280] Trial 266 finished with values: [0.2853742322369012, 0.66732231962362] and parameters: {'n_estimators': 156, 'learning_rate': 0.017303875834205888, 'subsample': 0.9718790609370292, 'colsample_bytree': 0.7351980627406143, 'min_child_weight': 4}.
/home/mklemmingen/PycharmProjects/migraine-forecasting-shd/.venv/lib/python3.13/site-packages/sklearn/linear_model/_sag.py:348: ConvergenceWarning: The max_iter was reached which means the coef_ did not converge
  warnings.warn(
[I 2026-05-15 18:30:10,835] Trial 267 finished with values: [0.2578587414015032, 0.6181999993419363] and parameters: {'n_estimators': 91, 'learning_rate': 0.011693687409928539, 'subsample': 0.9601672228653322, 'colsample_bytree': 0.9570235993959911, 'min_child_weight': 9}.
[I 2026-05-15 18:30:11,629] Trial 268 finished with values: [0.2261106648707656, 0.5045272623995366] and parameters: {'n_estimators': 294, 'learning_rate': 0.10206664092951903, 'subsample': 0.6284754593840916, 'colsample_bytree': 0.6298202574719083, 'min_child_weight': 10}.
[I 2026-05-15 18:30:12,173] Trial 269 finished with values: [0.2566615723551742, 0.613233200154553] and parameters: {'n_estimators': 156, 'learning_rate': 0.053415464843459444, 'subsample': 0.9314950036607718, 'colsample_bytree': 0.9760920965699831, 'min_child_weight': 10}.
[I 2026-05-15 18:30:12,686] Trial 270 finished with values: [0.2740681539868798, 0.5603478519913458] and parameters: {'n_estimators': 64, 'learning_rate': 0.08710745900492396, 'subsample': 0.7257423924305306, 'colsample_bytree': 0.8034282764658811, 'min_child_weight': 10}.
[I 2026-05-15 18:30:13,432] Trial 271 finished with values: [0.21651180872831932, 0.76465354846622] and parameters: {'n_estimators': 294, 'learning_rate': 0.017303875834205888, 'subsample': 0.9314950036607718, 'colsample_bytree': 0.6325395122567599, 'min_child_weight': 1}.
[I 2026-05-15 18:30:14,053] Trial 272 finished with values: [0.22094599730647624, 0.48202046095961604] and parameters: {'n_estimators': 238, 'learning_rate': 0.10519936117151477, 'subsample': 0.6296178606936361, 'colsample_bytree': 0.7350460685614512, 'min_child_weight': 10}.
[I 2026-05-15 18:30:14,606] Trial 273 finished with values: [0.24935713844204904, 0.5433454046197568] and parameters: {'n_estimators': 70, 'learning_rate': 0.049234393858490974, 'subsample': 0.6225213102727349, 'colsample_bytree': 0.6475271665072287, 'min_child_weight': 10}.
/home/mklemmingen/PycharmProjects/migraine-forecasting-shd/.venv/lib/python3.13/site-packages/sklearn/linear_model/_sag.py:348: ConvergenceWarning: The max_iter was reached which means the coef_ did not converge
  warnings.warn(
[I 2026-05-15 18:30:15,107] Trial 274 finished with values: [0.2556382004612876, 0.5961692239555912] and parameters: {'n_estimators': 66, 'learning_rate': 0.011693687409928539, 'subsample': 0.6470104987108419, 'colsample_bytree': 0.6950550175969599, 'min_child_weight': 7}.
[I 2026-05-15 18:30:15,931] Trial 275 finished with values: [0.2333999691486759, 0.6747438128484511] and parameters: {'n_estimators': 386, 'learning_rate': 0.08710745900492396, 'subsample': 0.7257423924305306, 'colsample_bytree': 0.8034282764658811, 'min_child_weight': 10}.
[I 2026-05-15 18:30:16,450] Trial 276 finished with values: [0.2699850564198116, 0.47534374161507353] and parameters: {'n_estimators': 66, 'learning_rate': 0.04872420129560894, 'subsample': 0.6296178606936361, 'colsample_bytree': 0.9637281608315128, 'min_child_weight': 10}.
[I 2026-05-15 18:30:17,282] Trial 277 finished with values: [0.24406399437321585, 0.5852639540532525] and parameters: {'n_estimators': 398, 'learning_rate': 0.01412166070620751, 'subsample': 0.8333475060388639, 'colsample_bytree': 0.9261845713819337, 'min_child_weight': 10}.
/home/mklemmingen/PycharmProjects/migraine-forecasting-shd/.venv/lib/python3.13/site-packages/sklearn/linear_model/_sag.py:348: ConvergenceWarning: The max_iter was reached which means the coef_ did not converge
  warnings.warn(
[I 2026-05-15 18:30:17,803] Trial 278 finished with values: [0.24764333160315122, 0.5743642259302831] and parameters: {'n_estimators': 91, 'learning_rate': 0.011693687409928539, 'subsample': 0.602208846849441, 'colsample_bytree': 0.9261845713819337, 'min_child_weight': 10}.
/home/mklemmingen/PycharmProjects/migraine-forecasting-shd/.venv/lib/python3.13/site-packages/sklearn/linear_model/_sag.py:348: ConvergenceWarning: The max_iter was reached which means the coef_ did not converge
  warnings.warn(
[I 2026-05-15 18:30:18,293] Trial 279 finished with values: [0.24804906504163765, 0.5800042930219229] and parameters: {'n_estimators': 64, 'learning_rate': 0.0178601378893971, 'subsample': 0.7499482318094817, 'colsample_bytree': 0.7142848345127443, 'min_child_weight': 10}.
[I 2026-05-15 18:30:18,778] Trial 280 finished with values: [0.2534346533031221, 0.6361618991089341] and parameters: {'n_estimators': 66, 'learning_rate': 0.04872420129560894, 'subsample': 0.9474396512757841, 'colsample_bytree': 0.7275902521175045, 'min_child_weight': 3}.
[I 2026-05-15 18:30:19,307] Trial 281 finished with values: [0.24121516294129058, 0.5577486303661671] and parameters: {'n_estimators': 64, 'learning_rate': 0.26472593204036643, 'subsample': 0.6579579488364892, 'colsample_bytree': 0.8503439662856945, 'min_child_weight': 10}.
/home/mklemmingen/PycharmProjects/migraine-forecasting-shd/.venv/lib/python3.13/site-packages/sklearn/linear_model/_sag.py:348: ConvergenceWarning: The max_iter was reached which means the coef_ did not converge
  warnings.warn(
[I 2026-05-15 18:30:19,988] Trial 282 finished with values: [0.24080473988603934, 0.5644950959205842] and parameters: {'n_estimators': 120, 'learning_rate': 0.012184186502221764, 'subsample': 0.6048617898759265, 'colsample_bytree': 0.6282274989601719, 'min_child_weight': 3}.
[I 2026-05-15 18:30:20,719] Trial 283 finished with values: [0.24426372506759692, 0.5149394790989739] and parameters: {'n_estimators': 339, 'learning_rate': 0.012184186502221764, 'subsample': 0.6260206371941118, 'colsample_bytree': 0.9879515306830556, 'min_child_weight': 8}.
[I 2026-05-15 18:30:21,384] Trial 284 finished with values: [0.24973622558455538, 0.6727103848671613] and parameters: {'n_estimators': 339, 'learning_rate': 0.02516607127550297, 'subsample': 0.8550229885420852, 'colsample_bytree': 0.6172639647802304, 'min_child_weight': 10}.
[I 2026-05-15 18:30:21,952] Trial 285 finished with values: [0.2192375863002185, 0.5808877898846576] and parameters: {'n_estimators': 203, 'learning_rate': 0.20716979401768126, 'subsample': 0.8110804436345199, 'colsample_bytree': 0.9971859184477201, 'min_child_weight': 10}.
