# Training-script output capture
# Generated: 2026-05-15T18:26:58
# UUID:      f9d88045-8bf8-4bfe-9fb3-490b1d4d5a7a
# Label:     training
# Leaf:      /home/mklemmingen/PycharmProjects/migraine-forecasting-shd/experiment/0/migraine/full_features/stacked_2xgb_meta_lr/80_20/chrono/HyperparameterTuned/pareto_AUPRC_slope/auprc_max
# Captures stdout/stderr written during the wrapped block
# (library messages, warnings, progress bars, etc.).
# Begin capture ----------------------------------------
Loading train and chronologically subsplitting...
train_sub: (3674, 52), cal_sub: (608, 52)
Running pareto_AUPRC_slope search (500 trials)...
[I 2026-05-15 18:26:58,431] A new study created in memory with name: no-name-709b34aa-39fb-4bfd-922a-83ee7220302b
[I 2026-05-15 18:27:00,164] Trial 0 finished with values: [0.20609169547177325, 0.787767150639205] and parameters: {'n_estimators': 218, 'learning_rate': 0.2536999076681772, 'subsample': 0.892797576724562, 'colsample_bytree': 0.8394633936788146, 'min_child_weight': 2}.
/home/mklemmingen/PycharmProjects/migraine-forecasting-shd/.venv/lib/python3.13/site-packages/sklearn/linear_model/_sag.py:348: ConvergenceWarning: The max_iter was reached which means the coef_ did not converge
  warnings.warn(
[I 2026-05-15 18:27:01,629] Trial 1 finished with values: [0.2644254370268529, 0.6358396417848431] and parameters: {'n_estimators': 120, 'learning_rate': 0.012184186502221764, 'subsample': 0.9464704583099741, 'colsample_bytree': 0.8404460046972835, 'min_child_weight': 8}.
[I 2026-05-15 18:27:02,971] Trial 2 finished with values: [0.1950073624226496, 0.8433722875965943] and parameters: {'n_estimators': 59, 'learning_rate': 0.2708160864249968, 'subsample': 0.9329770563201687, 'colsample_bytree': 0.6849356442713105, 'min_child_weight': 2}.
[I 2026-05-15 18:27:04,388] Trial 3 finished with values: [0.23191860332273545, 0.6264464358292712] and parameters: {'n_estimators': 132, 'learning_rate': 0.028145092716060652, 'subsample': 0.8099025726528951, 'colsample_bytree': 0.7727780074568463, 'min_child_weight': 3}.
[I 2026-05-15 18:27:06,032] Trial 4 finished with values: [0.22334602123302325, 0.6245582113108579] and parameters: {'n_estimators': 325, 'learning_rate': 0.01607123851203988, 'subsample': 0.7168578594140873, 'colsample_bytree': 0.7465447373174767, 'min_child_weight': 5}.
[I 2026-05-15 18:27:07,698] Trial 5 finished with values: [0.20627614353467041, 0.8464114971834814] and parameters: {'n_estimators': 404, 'learning_rate': 0.019721610970574007, 'subsample': 0.8056937753654446, 'colsample_bytree': 0.836965827544817, 'min_child_weight': 1}.
[I 2026-05-15 18:27:09,331] Trial 6 finished with values: [0.25336729252100554, 0.5186747077048635] and parameters: {'n_estimators': 324, 'learning_rate': 0.0178601378893971, 'subsample': 0.6260206371941118, 'colsample_bytree': 0.9795542149013333, 'min_child_weight': 10}.
[I 2026-05-15 18:27:11,008] Trial 7 finished with values: [0.22875009467011456, 0.583264247449573] and parameters: {'n_estimators': 414, 'learning_rate': 0.028180680291847244, 'subsample': 0.6390688456025535, 'colsample_bytree': 0.8736932106048627, 'min_child_weight': 5}.
[I 2026-05-15 18:27:11,614] Trial 8 finished with values: [0.23699058621980393, 0.5763245314963739] and parameters: {'n_estimators': 105, 'learning_rate': 0.05388108577817234, 'subsample': 0.6137554084460873, 'colsample_bytree': 0.9637281608315128, 'min_child_weight': 3}.
[I 2026-05-15 18:27:12,407] Trial 9 finished with values: [0.20372970431106446, 0.9226586155858237] and parameters: {'n_estimators': 348, 'learning_rate': 0.028869220380495747, 'subsample': 0.8080272084711243, 'colsample_bytree': 0.8186841117373118, 'min_child_weight': 2}.
[I 2026-05-15 18:27:13,166] Trial 10 finished with values: [0.21968354503019571, 0.6510779358103086] and parameters: {'n_estimators': 487, 'learning_rate': 0.13962563737015762, 'subsample': 0.9757995766256756, 'colsample_bytree': 0.9579309401710595, 'min_child_weight': 6}.
[I 2026-05-15 18:27:14,090] Trial 11 finished with values: [0.22747494838189194, 0.6754197322817882] and parameters: {'n_estimators': 465, 'learning_rate': 0.01351182947645082, 'subsample': 0.6783931449676581, 'colsample_bytree': 0.6180909155642152, 'min_child_weight': 4}.
[I 2026-05-15 18:27:14,651] Trial 12 finished with values: [0.2775401404865756, 0.7258692465848309] and parameters: {'n_estimators': 225, 'learning_rate': 0.02516607127550297, 'subsample': 0.9314950036607718, 'colsample_bytree': 0.7427013306774357, 'min_child_weight': 3}.
[I 2026-05-15 18:27:15,408] Trial 13 finished with values: [0.2724126836791428, 0.584362014051831] and parameters: {'n_estimators': 294, 'learning_rate': 0.016149614799999188, 'subsample': 0.9208787923016158, 'colsample_bytree': 0.6298202574719083, 'min_child_weight': 10}.
[I 2026-05-15 18:27:16,157] Trial 14 finished with values: [0.23867899391713587, 0.5308350045453489] and parameters: {'n_estimators': 398, 'learning_rate': 0.019657448966046126, 'subsample': 0.602208846849441, 'colsample_bytree': 0.9261845713819337, 'min_child_weight': 8}.
[I 2026-05-15 18:27:16,986] Trial 15 finished with values: [0.18161283237436887, 0.49858435690876224] and parameters: {'n_estimators': 378, 'learning_rate': 0.13780336485751998, 'subsample': 0.6296178606936361, 'colsample_bytree': 0.7433862914177091, 'min_child_weight': 2}.
[I 2026-05-15 18:27:17,821] Trial 16 finished with values: [0.2230564221887732, 0.7038648332478992] and parameters: {'n_estimators': 439, 'learning_rate': 0.08330803890301997, 'subsample': 0.7323592099410596, 'colsample_bytree': 0.6254233401144095, 'min_child_weight': 4}.
[I 2026-05-15 18:27:18,384] Trial 17 finished with values: [0.22086595012670268, 0.663012247172977] and parameters: {'n_estimators': 196, 'learning_rate': 0.1195960383019184, 'subsample': 0.8550229885420852, 'colsample_bytree': 0.9548850970305306, 'min_child_weight': 5}.
[I 2026-05-15 18:27:18,966] Trial 18 finished with values: [0.25123453084548664, 0.819291340919093] and parameters: {'n_estimators': 103, 'learning_rate': 0.1131225105716033, 'subsample': 0.9043140194467589, 'colsample_bytree': 0.8245108790277985, 'min_child_weight': 8}.
[I 2026-05-15 18:27:19,687] Trial 19 finished with values: [0.20327219092909493, 0.822692258826957] and parameters: {'n_estimators': 272, 'learning_rate': 0.05917520523090666, 'subsample': 0.7710164073434198, 'colsample_bytree': 0.610167650697638, 'min_child_weight': 2}.
[I 2026-05-15 18:27:20,224] Trial 20 finished with values: [0.2740681539868798, 0.5603478519913458] and parameters: {'n_estimators': 64, 'learning_rate': 0.08710745900492396, 'subsample': 0.7257423924305306, 'colsample_bytree': 0.8034282764658811, 'min_child_weight': 10}.
[I 2026-05-15 18:27:20,855] Trial 21 finished with values: [0.22807859671555625, 0.797648825828998] and parameters: {'n_estimators': 162, 'learning_rate': 0.040381768820718394, 'subsample': 0.9022204554172195, 'colsample_bytree': 0.6915192661966489, 'min_child_weight': 1}.
[I 2026-05-15 18:27:21,586] Trial 22 finished with values: [0.25066980002290357, 0.6167802882276675] and parameters: {'n_estimators': 180, 'learning_rate': 0.017303875834205888, 'subsample': 0.9718790609370292, 'colsample_bytree': 0.9232481518257668, 'min_child_weight': 7}.
[I 2026-05-15 18:27:22,374] Trial 23 finished with values: [0.18519779490883836, 0.63517389624746] and parameters: {'n_estimators': 443, 'learning_rate': 0.1538583627271404, 'subsample': 0.6746280235544143, 'colsample_bytree': 0.9570235993959911, 'min_child_weight': 6}.
[I 2026-05-15 18:27:23,208] Trial 24 finished with values: [0.19077927024562472, 0.5553019787090676] and parameters: {'n_estimators': 414, 'learning_rate': 0.21068591627429098, 'subsample': 0.7272013899887455, 'colsample_bytree': 0.6440207698110707, 'min_child_weight': 3}.
[I 2026-05-15 18:27:23,916] Trial 25 finished with values: [0.20721783534030253, 0.7756745397858218] and parameters: {'n_estimators': 242, 'learning_rate': 0.16155001304356414, 'subsample': 0.9442922333025374, 'colsample_bytree': 0.6027808522124762, 'min_child_weight': 6}.
[I 2026-05-15 18:27:24,641] Trial 26 finished with values: [0.25729961477936725, 0.5337191674670073] and parameters: {'n_estimators': 238, 'learning_rate': 0.0212853192163843, 'subsample': 0.6479461469334731, 'colsample_bytree': 0.7350460685614512, 'min_child_weight': 10}.
[I 2026-05-15 18:27:25,292] Trial 27 finished with values: [0.2471513245045432, 0.6948610301916306] and parameters: {'n_estimators': 195, 'learning_rate': 0.05838706626832953, 'subsample': 0.881207583558071, 'colsample_bytree': 0.7454518409517176, 'min_child_weight': 10}.
[I 2026-05-15 18:27:26,237] Trial 28 finished with values: [0.21523777896580049, 0.7644865349246535] and parameters: {'n_estimators': 484, 'learning_rate': 0.023545774516299134, 'subsample': 0.7988994023569542, 'colsample_bytree': 0.7203513239267079, 'min_child_weight': 3}.
[I 2026-05-15 18:27:26,655] Trial 29 finished with values: [0.257749828858954, 0.7204101497495066] and parameters: {'n_estimators': 66, 'learning_rate': 0.07950609693143304, 'subsample': 0.8010716092915446, 'colsample_bytree': 0.6205915004999957, 'min_child_weight': 3}.
[I 2026-05-15 18:27:27,520] Trial 30 finished with values: [0.24369443707915978, 0.5777935862644297] and parameters: {'n_estimators': 459, 'learning_rate': 0.022587177280197233, 'subsample': 0.6579579488364892, 'colsample_bytree': 0.7957811041110252, 'min_child_weight': 10}.
[I 2026-05-15 18:27:28,142] Trial 31 finished with values: [0.26051946197809867, 0.657034429489167] and parameters: {'n_estimators': 159, 'learning_rate': 0.09836162684900028, 'subsample': 0.9046478461314871, 'colsample_bytree': 0.6950550175969599, 'min_child_weight': 8}.
[I 2026-05-15 18:27:28,699] Trial 32 finished with values: [0.19746103916300892, 0.8847499896664324] and parameters: {'n_estimators': 215, 'learning_rate': 0.08589984533104164, 'subsample': 0.8534118843043579, 'colsample_bytree': 0.8143098736299034, 'min_child_weight': 1}.
[I 2026-05-15 18:27:29,537] Trial 33 finished with values: [0.2198959316705223, 0.6411481772000321] and parameters: {'n_estimators': 426, 'learning_rate': 0.029773579612263783, 'subsample': 0.6746074041599417, 'colsample_bytree': 0.6163100566219055, 'min_child_weight': 6}.
[I 2026-05-15 18:27:30,224] Trial 34 finished with values: [0.2514516293115414, 0.6049946923977828] and parameters: {'n_estimators': 355, 'learning_rate': 0.01058040360169664, 'subsample': 0.8048372233197124, 'colsample_bytree': 0.6905983100791752, 'min_child_weight': 7}.
[I 2026-05-15 18:27:30,839] Trial 35 finished with values: [0.2544943201430547, 0.6736317228373407] and parameters: {'n_estimators': 128, 'learning_rate': 0.10485733570643786, 'subsample': 0.7546941385202149, 'colsample_bytree': 0.9746919954946938, 'min_child_weight': 2}.
[I 2026-05-15 18:27:31,534] Trial 36 finished with values: [0.2632987822599592, 0.6488963582923695] and parameters: {'n_estimators': 203, 'learning_rate': 0.01471005003927122, 'subsample': 0.9698774473114251, 'colsample_bytree': 0.9509357413523924, 'min_child_weight': 3}.
[I 2026-05-15 18:27:32,332] Trial 37 finished with values: [0.2350734428649674, 0.7085404326835418] and parameters: {'n_estimators': 347, 'learning_rate': 0.16111511355977057, 'subsample': 0.822080324639785, 'colsample_bytree': 0.8118602313424026, 'min_child_weight': 3}.
[I 2026-05-15 18:27:32,901] Trial 38 finished with values: [0.26763442942634347, 0.6322623466358103] and parameters: {'n_estimators': 91, 'learning_rate': 0.21149322814164553, 'subsample': 0.9601672228653322, 'colsample_bytree': 0.8532405829093072, 'min_child_weight': 4}.
[I 2026-05-15 18:27:33,447] Trial 39 finished with values: [0.24098569102351478, 0.6485499515976153] and parameters: {'n_estimators': 207, 'learning_rate': 0.11812030596598909, 'subsample': 0.9588441039810308, 'colsample_bytree': 0.954834569706047, 'min_child_weight': 8}.
[I 2026-05-15 18:27:34,259] Trial 40 finished with values: [0.2558274813442376, 0.5599656394737923] and parameters: {'n_estimators': 339, 'learning_rate': 0.013313275850595153, 'subsample': 0.6646514856378455, 'colsample_bytree': 0.9594216754108317, 'min_child_weight': 7}.
/home/mklemmingen/PycharmProjects/migraine-forecasting-shd/.venv/lib/python3.13/site-packages/sklearn/linear_model/_sag.py:348: ConvergenceWarning: The max_iter was reached which means the coef_ did not converge
  warnings.warn(
[I 2026-05-15 18:27:34,793] Trial 41 finished with values: [0.24968893950475043, 0.614685667003576] and parameters: {'n_estimators': 54, 'learning_rate': 0.01412166070620751, 'subsample': 0.8654007076432223, 'colsample_bytree': 0.6020246335384875, 'min_child_weight': 2}.
[I 2026-05-15 18:27:35,544] Trial 42 finished with values: [0.23963539678018408, 0.6035638995759708] and parameters: {'n_estimators': 297, 'learning_rate': 0.10519936117151477, 'subsample': 0.8607845038010402, 'colsample_bytree': 0.689707723784224, 'min_child_weight': 8}.
[I 2026-05-15 18:27:36,100] Trial 43 finished with values: [0.25578046150416134, 0.5852212649399631] and parameters: {'n_estimators': 156, 'learning_rate': 0.030245085073501415, 'subsample': 0.8985965620472096, 'colsample_bytree': 0.8598531596188859, 'min_child_weight': 9}.
[I 2026-05-15 18:27:36,911] Trial 44 finished with values: [0.22953312954825633, 0.5615925557362063] and parameters: {'n_estimators': 346, 'learning_rate': 0.06909724267901692, 'subsample': 0.637469907131237, 'colsample_bytree': 0.7470863212237734, 'min_child_weight': 3}.
[I 2026-05-15 18:27:37,534] Trial 45 finished with values: [0.19545472903774458, 0.5625703726084504] and parameters: {'n_estimators': 160, 'learning_rate': 0.2736872535680783, 'subsample': 0.7572390898667042, 'colsample_bytree': 0.9568186220708453, 'min_child_weight': 7}.
[I 2026-05-15 18:27:38,365] Trial 46 finished with values: [0.20289582962564526, 0.776469523453099] and parameters: {'n_estimators': 408, 'learning_rate': 0.05526573288655769, 'subsample': 0.8307615538505436, 'colsample_bytree': 0.7970070775275455, 'min_child_weight': 2}.
[I 2026-05-15 18:27:39,089] Trial 47 finished with values: [0.22373167334123917, 0.6773831931136158] and parameters: {'n_estimators': 375, 'learning_rate': 0.025985724173338116, 'subsample': 0.6097263865725815, 'colsample_bytree': 0.858188918362867, 'min_child_weight': 2}.
[I 2026-05-15 18:27:39,854] Trial 48 finished with values: [0.16789382039646092, 0.8408096637266361] and parameters: {'n_estimators': 474, 'learning_rate': 0.25648866468880704, 'subsample': 0.9659457560881795, 'colsample_bytree': 0.7480634801021777, 'min_child_weight': 1}.
[I 2026-05-15 18:27:40,622] Trial 49 finished with values: [0.23707390412352974, 0.6565398638175919] and parameters: {'n_estimators': 468, 'learning_rate': 0.042902233912047165, 'subsample': 0.9866619276174678, 'colsample_bytree': 0.9854479908357011, 'min_child_weight': 9}.
/home/mklemmingen/PycharmProjects/migraine-forecasting-shd/.venv/lib/python3.13/site-packages/sklearn/linear_model/_sag.py:348: ConvergenceWarning: The max_iter was reached which means the coef_ did not converge
  warnings.warn(
[I 2026-05-15 18:27:41,291] Trial 50 finished with values: [0.28381385494651173, 0.6109034301106814] and parameters: {'n_estimators': 120, 'learning_rate': 0.012184186502221764, 'subsample': 0.6646514856378455, 'colsample_bytree': 0.9594216754108317, 'min_child_weight': 3}.
[I 2026-05-15 18:27:41,758] Trial 51 finished with values: [0.25514949683502985, 0.7321952242255835] and parameters: {'n_estimators': 64, 'learning_rate': 0.08710745900492396, 'subsample': 0.7257423924305306, 'colsample_bytree': 0.8034282764658811, 'min_child_weight': 4}.
[I 2026-05-15 18:27:42,619] Trial 52 finished with values: [0.16274431171174655, 0.7460123804837722] and parameters: {'n_estimators': 433, 'learning_rate': 0.2708160864249968, 'subsample': 0.9329770563201687, 'colsample_bytree': 0.6849356442713105, 'min_child_weight': 2}.
/home/mklemmingen/PycharmProjects/migraine-forecasting-shd/.venv/lib/python3.13/site-packages/sklearn/linear_model/_sag.py:348: ConvergenceWarning: The max_iter was reached which means the coef_ did not converge
  warnings.warn(
[I 2026-05-15 18:27:43,121] Trial 53 finished with values: [0.25207534726017994, 0.5359108438385654] and parameters: {'n_estimators': 64, 'learning_rate': 0.029385442161128397, 'subsample': 0.6137554084460873, 'colsample_bytree': 0.9637281608315128, 'min_child_weight': 10}.
[I 2026-05-15 18:27:43,714] Trial 54 finished with values: [0.2550611980499486, 0.5693086173129711] and parameters: {'n_estimators': 238, 'learning_rate': 0.017797595772834223, 'subsample': 0.8550229885420852, 'colsample_bytree': 0.82272050498334, 'min_child_weight': 10}.
[I 2026-05-15 18:27:44,561] Trial 55 finished with values: [0.19998572524664437, 0.5967293012689341] and parameters: {'n_estimators': 414, 'learning_rate': 0.24144271975982237, 'subsample': 0.7272013899887455, 'colsample_bytree': 0.6440207698110707, 'min_child_weight': 7}.
/home/mklemmingen/PycharmProjects/migraine-forecasting-shd/.venv/lib/python3.13/site-packages/sklearn/linear_model/_sag.py:348: ConvergenceWarning: The max_iter was reached which means the coef_ did not converge
  warnings.warn(
[I 2026-05-15 18:27:45,097] Trial 56 finished with values: [0.27923017018250434, 0.6286834999963787] and parameters: {'n_estimators': 91, 'learning_rate': 0.01412166070620751, 'subsample': 0.9601672228653322, 'colsample_bytree': 0.6020246335384875, 'min_child_weight': 4}.
[I 2026-05-15 18:27:45,848] Trial 57 finished with values: [0.2385881967273384, 0.7867740002611451] and parameters: {'n_estimators': 325, 'learning_rate': 0.06951034928701941, 'subsample': 0.9208787923016158, 'colsample_bytree': 0.6388705975083074, 'min_child_weight': 7}.
[I 2026-05-15 18:27:46,490] Trial 58 finished with values: [0.275140352200021, 0.6303079459834784] and parameters: {'n_estimators': 203, 'learning_rate': 0.017303875834205888, 'subsample': 0.9698774473114251, 'colsample_bytree': 0.9960215400417053, 'min_child_weight': 3}.
[I 2026-05-15 18:27:47,424] Trial 59 finished with values: [0.23521523120836413, 0.607211162840217] and parameters: {'n_estimators': 487, 'learning_rate': 0.01610352961694889, 'subsample': 0.8073318609454947, 'colsample_bytree': 0.8598531596188859, 'min_child_weight': 9}.
[I 2026-05-15 18:27:48,237] Trial 60 finished with values: [0.227586033900389, 0.7209388820713014] and parameters: {'n_estimators': 346, 'learning_rate': 0.01471005003927122, 'subsample': 0.9698774473114251, 'colsample_bytree': 0.9509492287711822, 'min_child_weight': 3}.
[I 2026-05-15 18:27:48,722] Trial 61 finished with values: [0.213478942254732, 0.8237302665032524] and parameters: {'n_estimators': 120, 'learning_rate': 0.08330803890301997, 'subsample': 0.8963074471016818, 'colsample_bytree': 0.6254233401144095, 'min_child_weight': 4}.
[I 2026-05-15 18:27:49,538] Trial 62 finished with values: [0.20687313863858595, 0.6810264083857416] and parameters: {'n_estimators': 347, 'learning_rate': 0.10704755834674413, 'subsample': 0.7168578594140873, 'colsample_bytree': 0.7465447373174767, 'min_child_weight': 8}.
[I 2026-05-15 18:27:49,962] Trial 63 finished with values: [0.2690056708929549, 0.5756732955720739] and parameters: {'n_estimators': 64, 'learning_rate': 0.08710745900492396, 'subsample': 0.7257423924305306, 'colsample_bytree': 0.8245108790277985, 'min_child_weight': 8}.
[I 2026-05-15 18:27:50,722] Trial 64 finished with values: [0.21493322436329643, 0.7763855272980689] and parameters: {'n_estimators': 468, 'learning_rate': 0.16155001304356414, 'subsample': 0.9866619276174678, 'colsample_bytree': 0.6027808522124762, 'min_child_weight': 9}.
[I 2026-05-15 18:27:51,542] Trial 65 finished with values: [0.24662276724175042, 0.5706132468051865] and parameters: {'n_estimators': 487, 'learning_rate': 0.028180680291847244, 'subsample': 0.6390688456025535, 'colsample_bytree': 0.8736932106048627, 'min_child_weight': 5}.
[I 2026-05-15 18:27:52,168] Trial 66 finished with values: [0.2544943201430547, 0.6736317228373407] and parameters: {'n_estimators': 128, 'learning_rate': 0.10485733570643786, 'subsample': 0.7546941385202149, 'colsample_bytree': 0.9746919954946938, 'min_child_weight': 2}.
[I 2026-05-15 18:27:53,090] Trial 67 finished with values: [0.22747494838189194, 0.6754197322817882] and parameters: {'n_estimators': 465, 'learning_rate': 0.01351182947645082, 'subsample': 0.6783931449676581, 'colsample_bytree': 0.6180909155642152, 'min_child_weight': 4}.
[I 2026-05-15 18:27:53,819] Trial 68 finished with values: [0.20562670347631098, 0.787176686330627] and parameters: {'n_estimators': 272, 'learning_rate': 0.05917520523090666, 'subsample': 0.7168578594140873, 'colsample_bytree': 0.610167650697638, 'min_child_weight': 5}.
[I 2026-05-15 18:27:54,633] Trial 69 finished with values: [0.23562504014576607, 0.6292146091336709] and parameters: {'n_estimators': 355, 'learning_rate': 0.01058040360169664, 'subsample': 0.8048372233197124, 'colsample_bytree': 0.6905983100791752, 'min_child_weight': 4}.
[I 2026-05-15 18:27:55,300] Trial 70 finished with values: [0.25310176704518506, 0.5796811773417649] and parameters: {'n_estimators': 238, 'learning_rate': 0.012184186502221764, 'subsample': 0.6479461469334731, 'colsample_bytree': 0.8404460046972835, 'min_child_weight': 8}.
[I 2026-05-15 18:27:56,020] Trial 71 finished with values: [0.23906457141579868, 0.5541466287872985] and parameters: {'n_estimators': 346, 'learning_rate': 0.028180680291847244, 'subsample': 0.637469907131237, 'colsample_bytree': 0.7174367377057973, 'min_child_weight': 9}.
[I 2026-05-15 18:27:56,964] Trial 72 finished with values: [0.18694344753647713, 0.6521819895811916] and parameters: {'n_estimators': 415, 'learning_rate': 0.10519936117151477, 'subsample': 0.9022204554172195, 'colsample_bytree': 0.6915192661966489, 'min_child_weight': 1}.
