[I 2026-05-15 18:31:55,451] Trial 429 finished with values: [0.2672664159408994, 0.661394491905041] and parameters: {'n_estimators': 194, 'learning_rate': 0.02359825968453427, 'subsample': 0.9718790609370292, 'colsample_bytree': 0.885339834353821, 'min_child_weight': 9}.
[I 2026-05-15 18:31:55,913] Trial 430 finished with values: [0.2239408809058331, 0.7202467793993232] and parameters: {'n_estimators': 64, 'learning_rate': 0.09836162684900028, 'subsample': 0.9580827350748797, 'colsample_bytree': 0.8503439662856945, 'min_child_weight': 6}.
[I 2026-05-15 18:31:56,698] Trial 431 finished with values: [0.26279625023039527, 0.5080816887655875] and parameters: {'n_estimators': 289, 'learning_rate': 0.014398128852644736, 'subsample': 0.6296178606936361, 'colsample_bytree': 0.7351980627406143, 'min_child_weight': 10}.
[I 2026-05-15 18:31:57,452] Trial 432 finished with values: [0.2587142956964515, 0.5234967543615806] and parameters: {'n_estimators': 324, 'learning_rate': 0.02516607127550297, 'subsample': 0.6260206371941118, 'colsample_bytree': 0.7350460685614512, 'min_child_weight': 9}.
[I 2026-05-15 18:31:58,156] Trial 433 finished with values: [0.2505401084134483, 0.5098025752186734] and parameters: {'n_estimators': 203, 'learning_rate': 0.04580177581204563, 'subsample': 0.6284754593840916, 'colsample_bytree': 0.7275902521175045, 'min_child_weight': 10}.
[I 2026-05-15 18:31:58,766] Trial 434 finished with values: [0.2591789418702445, 0.5515354829308787] and parameters: {'n_estimators': 203, 'learning_rate': 0.02516607127550297, 'subsample': 0.8130469065820093, 'colsample_bytree': 0.7275902521175045, 'min_child_weight': 10}.
[I 2026-05-15 18:31:59,414] Trial 435 finished with values: [0.24869929325603288, 0.5282777599269514] and parameters: {'n_estimators': 156, 'learning_rate': 0.017797595772834223, 'subsample': 0.6646514856378455, 'colsample_bytree': 0.9468289274320415, 'min_child_weight': 8}.
[I 2026-05-15 18:32:00,105] Trial 436 finished with values: [0.2515939484341788, 0.43592440061208537] and parameters: {'n_estimators': 203, 'learning_rate': 0.10206664092951903, 'subsample': 0.6284754593840916, 'colsample_bytree': 0.6969882014538918, 'min_child_weight': 10}.
[I 2026-05-15 18:32:00,744] Trial 437 finished with values: [0.23005613036352743, 0.6251361190923539] and parameters: {'n_estimators': 171, 'learning_rate': 0.03608232021681191, 'subsample': 0.6296178606936361, 'colsample_bytree': 0.7350460685614512, 'min_child_weight': 1}.
[I 2026-05-15 18:32:01,342] Trial 438 finished with values: [0.2616875685243446, 0.5365461343784591] and parameters: {'n_estimators': 194, 'learning_rate': 0.019657448966046126, 'subsample': 0.6646514856378455, 'colsample_bytree': 0.9468289274320415, 'min_child_weight': 9}.
[I 2026-05-15 18:32:01,871] Trial 439 finished with values: [0.25803144882608053, 0.49156335714807115] and parameters: {'n_estimators': 64, 'learning_rate': 0.08710745900492396, 'subsample': 0.6296178606936361, 'colsample_bytree': 0.8245108790277985, 'min_child_weight': 8}.
[I 2026-05-15 18:32:02,565] Trial 440 finished with values: [0.2630457322686523, 0.5695263403076842] and parameters: {'n_estimators': 195, 'learning_rate': 0.02516607127550297, 'subsample': 0.6845792027986178, 'colsample_bytree': 0.7350460685614512, 'min_child_weight': 9}.
[I 2026-05-15 18:32:03,259] Trial 441 finished with values: [0.24761489687070054, 0.6133281052534462] and parameters: {'n_estimators': 194, 'learning_rate': 0.017797595772834223, 'subsample': 0.6646514856378455, 'colsample_bytree': 0.9594216754108317, 'min_child_weight': 4}.
[I 2026-05-15 18:32:04,069] Trial 442 finished with values: [0.24693677605855205, 0.6551874199369446] and parameters: {'n_estimators': 358, 'learning_rate': 0.017386210661369347, 'subsample': 0.9046042526869889, 'colsample_bytree': 0.9468289274320415, 'min_child_weight': 9}.
[I 2026-05-15 18:32:04,719] Trial 443 finished with values: [0.23601180933650703, 0.6274832775118597] and parameters: {'n_estimators': 194, 'learning_rate': 0.017303875834205888, 'subsample': 0.6646514856378455, 'colsample_bytree': 0.7351980627406143, 'min_child_weight': 2}.
[I 2026-05-15 18:32:05,306] Trial 444 finished with values: [0.31423375723925495, 0.6032246505158525] and parameters: {'n_estimators': 104, 'learning_rate': 0.030245085073501415, 'subsample': 0.956210912295958, 'colsample_bytree': 0.7413408912104211, 'min_child_weight': 9}.
[I 2026-05-15 18:32:06,065] Trial 445 finished with values: [0.20209078507487827, 0.7331255331269795] and parameters: {'n_estimators': 313, 'learning_rate': 0.07530226332540962, 'subsample': 0.9314950036607718, 'colsample_bytree': 0.7350460685614512, 'min_child_weight': 2}.
[I 2026-05-15 18:32:06,693] Trial 446 finished with values: [0.22225600022005843, 0.5880717721876102] and parameters: {'n_estimators': 294, 'learning_rate': 0.1007201745492095, 'subsample': 0.9314950036607718, 'colsample_bytree': 0.9760920965699831, 'min_child_weight': 4}.
[I 2026-05-15 18:32:07,262] Trial 447 finished with values: [0.25497220177915064, 0.5283319512887494] and parameters: {'n_estimators': 225, 'learning_rate': 0.02516607127550297, 'subsample': 0.6479461469334731, 'colsample_bytree': 0.9156684954429353, 'min_child_weight': 9}.
[I 2026-05-15 18:32:07,832] Trial 448 finished with values: [0.26065325913012993, 0.5466899808093162] and parameters: {'n_estimators': 194, 'learning_rate': 0.05448281849002502, 'subsample': 0.6347681152349695, 'colsample_bytree': 0.7275902521175045, 'min_child_weight': 10}.
[I 2026-05-15 18:32:08,596] Trial 449 finished with values: [0.21843831906029684, 0.5816285476639218] and parameters: {'n_estimators': 324, 'learning_rate': 0.04872420129560894, 'subsample': 0.6296178606936361, 'colsample_bytree': 0.8148426167274191, 'min_child_weight': 3}.
/home/mklemmingen/PycharmProjects/migraine-forecasting-shd/.venv/lib/python3.13/site-packages/sklearn/linear_model/_sag.py:348: ConvergenceWarning: The max_iter was reached which means the coef_ did not converge
  warnings.warn(
[I 2026-05-15 18:32:09,186] Trial 450 finished with values: [0.25717042263077505, 0.5109846521860473] and parameters: {'n_estimators': 66, 'learning_rate': 0.02516607127550297, 'subsample': 0.6296178606936361, 'colsample_bytree': 0.9587153639624048, 'min_child_weight': 10}.
/home/mklemmingen/PycharmProjects/migraine-forecasting-shd/.venv/lib/python3.13/site-packages/sklearn/linear_model/_sag.py:348: ConvergenceWarning: The max_iter was reached which means the coef_ did not converge
  warnings.warn(
[I 2026-05-15 18:32:09,777] Trial 451 finished with values: [0.2722238037880355, 0.5487747891183464] and parameters: {'n_estimators': 64, 'learning_rate': 0.030245085073501415, 'subsample': 0.956210912295958, 'colsample_bytree': 0.8503439662856945, 'min_child_weight': 10}.
[I 2026-05-15 18:32:10,272] Trial 452 finished with values: [0.2994655228572577, 0.5545996444616506] and parameters: {'n_estimators': 66, 'learning_rate': 0.04872420129560894, 'subsample': 0.6296178606936361, 'colsample_bytree': 0.8347364472083516, 'min_child_weight': 7}.
[I 2026-05-15 18:32:10,773] Trial 453 finished with values: [0.2547263961924419, 0.6207968646128521] and parameters: {'n_estimators': 156, 'learning_rate': 0.02516607127550297, 'subsample': 0.8981757896737319, 'colsample_bytree': 0.7351980627406143, 'min_child_weight': 9}.
[I 2026-05-15 18:32:11,362] Trial 454 finished with values: [0.23783293901613298, 0.5437500522466701] and parameters: {'n_estimators': 100, 'learning_rate': 0.0434123694731224, 'subsample': 0.6510321211182255, 'colsample_bytree': 0.7135103623194898, 'min_child_weight': 4}.
[I 2026-05-15 18:32:12,165] Trial 455 finished with values: [0.21887970703130674, 0.6639011423100567] and parameters: {'n_estimators': 313, 'learning_rate': 0.02516607127550297, 'subsample': 0.6296178606936361, 'colsample_bytree': 0.7350460685614512, 'min_child_weight': 2}.
[I 2026-05-15 18:32:12,623] Trial 456 finished with values: [0.2593918206514451, 0.5627535694531713] and parameters: {'n_estimators': 66, 'learning_rate': 0.10206664092951903, 'subsample': 0.6646514856378455, 'colsample_bytree': 0.9637281608315128, 'min_child_weight': 10}.
[I 2026-05-15 18:32:13,118] Trial 457 finished with values: [0.263729662612657, 0.4894176604665521] and parameters: {'n_estimators': 100, 'learning_rate': 0.10206664092951903, 'subsample': 0.6284754593840916, 'colsample_bytree': 0.8583668965326405, 'min_child_weight': 10}.
[I 2026-05-15 18:32:13,774] Trial 458 finished with values: [0.24323771363225907, 0.6152560103442689] and parameters: {'n_estimators': 225, 'learning_rate': 0.06968010004656464, 'subsample': 0.6479461469334731, 'colsample_bytree': 0.7350460685614512, 'min_child_weight': 9}.
[I 2026-05-15 18:32:14,365] Trial 459 finished with values: [0.285777797296385, 0.6590802917147995] and parameters: {'n_estimators': 156, 'learning_rate': 0.01412166070620751, 'subsample': 0.9601672228653322, 'colsample_bytree': 0.6020246335384875, 'min_child_weight': 5}.
[I 2026-05-15 18:32:15,053] Trial 460 finished with values: [0.2791455855693698, 0.6643563027282989] and parameters: {'n_estimators': 210, 'learning_rate': 0.019657448966046126, 'subsample': 0.9046042526869889, 'colsample_bytree': 0.9946060995171919, 'min_child_weight': 8}.
[I 2026-05-15 18:32:15,830] Trial 461 finished with values: [0.2178850398552153, 0.5564007210237739] and parameters: {'n_estimators': 323, 'learning_rate': 0.10206664092951903, 'subsample': 0.6948907166943978, 'colsample_bytree': 0.6407129890481614, 'min_child_weight': 10}.
[I 2026-05-15 18:32:16,612] Trial 462 finished with values: [0.23247067827755535, 0.5628651974028454] and parameters: {'n_estimators': 324, 'learning_rate': 0.02516607127550297, 'subsample': 0.6611436556737328, 'colsample_bytree': 0.6282274989601719, 'min_child_weight': 9}.
[I 2026-05-15 18:32:17,249] Trial 463 finished with values: [0.23821332569001136, 0.5370353695322022] and parameters: {'n_estimators': 156, 'learning_rate': 0.10206664092951903, 'subsample': 0.6284754593840916, 'colsample_bytree': 0.7275902521175045, 'min_child_weight': 9}.
/home/mklemmingen/PycharmProjects/migraine-forecasting-shd/.venv/lib/python3.13/site-packages/sklearn/linear_model/_sag.py:348: ConvergenceWarning: The max_iter was reached which means the coef_ did not converge
  warnings.warn(
[I 2026-05-15 18:32:17,855] Trial 464 finished with values: [0.2479493366729914, 0.5238257686636851] and parameters: {'n_estimators': 64, 'learning_rate': 0.02516607127550297, 'subsample': 0.6296178606936361, 'colsample_bytree': 0.6983830913538033, 'min_child_weight': 7}.
[I 2026-05-15 18:32:18,474] Trial 465 finished with values: [0.25605223521633647, 0.5187436866423856] and parameters: {'n_estimators': 214, 'learning_rate': 0.017797595772834223, 'subsample': 0.6642725493038223, 'colsample_bytree': 0.9594216754108317, 'min_child_weight': 8}.
[I 2026-05-15 18:32:19,140] Trial 466 finished with values: [0.22904422975919708, 0.39228904393865693] and parameters: {'n_estimators': 300, 'learning_rate': 0.09836162684900028, 'subsample': 0.6296178606936361, 'colsample_bytree': 0.9637281608315128, 'min_child_weight': 2}.
[I 2026-05-15 18:32:19,655] Trial 467 finished with values: [0.1969607074160397, 0.8333570218833601] and parameters: {'n_estimators': 156, 'learning_rate': 0.08710745900492396, 'subsample': 0.9718790609370292, 'colsample_bytree': 0.9637281608315128, 'min_child_weight': 3}.
[I 2026-05-15 18:32:20,232] Trial 468 finished with values: [0.25142941847246997, 0.5434766432018842] and parameters: {'n_estimators': 225, 'learning_rate': 0.018034072970800914, 'subsample': 0.6479461469334731, 'colsample_bytree': 0.7350460685614512, 'min_child_weight': 9}.
[I 2026-05-15 18:32:20,818] Trial 469 finished with values: [0.25302433367027866, 0.530319762633333] and parameters: {'n_estimators': 100, 'learning_rate': 0.10206664092951903, 'subsample': 0.6284754593840916, 'colsample_bytree': 0.9587061698505701, 'min_child_weight': 10}.
[I 2026-05-15 18:32:21,588] Trial 470 finished with values: [0.24039376330493573, 0.5423332891220153] and parameters: {'n_estimators': 324, 'learning_rate': 0.013137567821944727, 'subsample': 0.6260206371941118, 'colsample_bytree': 0.6282274989601719, 'min_child_weight': 10}.
[I 2026-05-15 18:32:22,132] Trial 471 finished with values: [0.30885562428181956, 0.6522353436284778] and parameters: {'n_estimators': 156, 'learning_rate': 0.02516607127550297, 'subsample': 0.9718790609370292, 'colsample_bytree': 0.7275902521175045, 'min_child_weight': 9}.
[I 2026-05-15 18:32:22,933] Trial 472 finished with values: [0.2874351001463268, 0.6614714269523377] and parameters: {'n_estimators': 286, 'learning_rate': 0.017797595772834223, 'subsample': 0.9314950036607718, 'colsample_bytree': 0.7351980627406143, 'min_child_weight': 8}.
[I 2026-05-15 18:32:23,388] Trial 473 finished with values: [0.26798264015811896, 0.48005100946252793] and parameters: {'n_estimators': 66, 'learning_rate': 0.040383678523437626, 'subsample': 0.637469907131237, 'colsample_bytree': 0.9637281608315128, 'min_child_weight': 10}.
[I 2026-05-15 18:32:24,086] Trial 474 finished with values: [0.19780430367068844, 0.5875378607086393] and parameters: {'n_estimators': 203, 'learning_rate': 0.28254806356395257, 'subsample': 0.6284754593840916, 'colsample_bytree': 0.6020246335384875, 'min_child_weight': 10}.
[I 2026-05-15 18:32:24,795] Trial 475 finished with values: [0.2561538257344176, 0.6119641368142572] and parameters: {'n_estimators': 156, 'learning_rate': 0.01463844831776675, 'subsample': 0.9046042526869889, 'colsample_bytree': 0.8503439662856945, 'min_child_weight': 8}.
[I 2026-05-15 18:32:25,276] Trial 476 finished with values: [0.25304392127485476, 0.5969871457261912] and parameters: {'n_estimators': 100, 'learning_rate': 0.10206664092951903, 'subsample': 0.7257423924305306, 'colsample_bytree': 0.8034282764658811, 'min_child_weight': 4}.
[I 2026-05-15 18:32:26,208] Trial 477 finished with values: [0.265418370283012, 0.5407256240970862] and parameters: {'n_estimators': 478, 'learning_rate': 0.013313275850595153, 'subsample': 0.6646514856378455, 'colsample_bytree': 0.9594216754108317, 'min_child_weight': 10}.
[I 2026-05-15 18:32:26,919] Trial 478 finished with values: [0.2371469697751234, 0.45776002282645295] and parameters: {'n_estimators': 324, 'learning_rate': 0.08710745900492396, 'subsample': 0.6260206371941118, 'colsample_bytree': 0.6282274989601719, 'min_child_weight': 10}.
/home/mklemmingen/PycharmProjects/migraine-forecasting-shd/.venv/lib/python3.13/site-packages/sklearn/linear_model/_sag.py:348: ConvergenceWarning: The max_iter was reached which means the coef_ did not converge
  warnings.warn(
[I 2026-05-15 18:32:27,525] Trial 479 finished with values: [0.24257228921294968, 0.5806903815011559] and parameters: {'n_estimators': 66, 'learning_rate': 0.013313275850595153, 'subsample': 0.6296178606936361, 'colsample_bytree': 0.9877881733101476, 'min_child_weight': 10}.
[I 2026-05-15 18:32:28,152] Trial 480 finished with values: [0.20370808248129985, 0.6791470145061062] and parameters: {'n_estimators': 156, 'learning_rate': 0.18987114604724706, 'subsample': 0.9718790609370292, 'colsample_bytree': 0.7351980627406143, 'min_child_weight': 10}.
[I 2026-05-15 18:32:28,969] Trial 481 finished with values: [0.21284912309357024, 0.8230643026546851] and parameters: {'n_estimators': 418, 'learning_rate': 0.019657448966046126, 'subsample': 0.9046042526869889, 'colsample_bytree': 0.9594216754108317, 'min_child_weight': 3}.
[I 2026-05-15 18:32:29,459] Trial 482 finished with values: [0.2599486217452829, 0.5039630798305816] and parameters: {'n_estimators': 100, 'learning_rate': 0.02516607127550297, 'subsample': 0.6284754593840916, 'colsample_bytree': 0.7275902521175045, 'min_child_weight': 9}.
[I 2026-05-15 18:32:30,265] Trial 483 finished with values: [0.21471085549050906, 0.4495051309381998] and parameters: {'n_estimators': 358, 'learning_rate': 0.13673750637076953, 'subsample': 0.6683550349560263, 'colsample_bytree': 0.7351980627406143, 'min_child_weight': 10}.
/home/mklemmingen/PycharmProjects/migraine-forecasting-shd/.venv/lib/python3.13/site-packages/sklearn/linear_model/_sag.py:348: ConvergenceWarning: The max_iter was reached which means the coef_ did not converge
  warnings.warn(
[I 2026-05-15 18:32:30,774] Trial 484 finished with values: [0.2849484694959651, 0.5908574001265512] and parameters: {'n_estimators': 70, 'learning_rate': 0.012184186502221764, 'subsample': 0.9046042526869889, 'colsample_bytree': 0.8674572879697724, 'min_child_weight': 10}.
[I 2026-05-15 18:32:31,312] Trial 485 finished with values: [0.2701983658654153, 0.5654445451955111] and parameters: {'n_estimators': 64, 'learning_rate': 0.08710745900492396, 'subsample': 0.7257423924305306, 'colsample_bytree': 0.8227051572055719, 'min_child_weight': 10}.
[I 2026-05-15 18:32:31,878] Trial 486 finished with values: [0.2630737320881375, 0.5115538893252468] and parameters: {'n_estimators': 66, 'learning_rate': 0.10206664092951903, 'subsample': 0.6296178606936361, 'colsample_bytree': 0.7275902521175045, 'min_child_weight': 10}.
/home/mklemmingen/PycharmProjects/migraine-forecasting-shd/.venv/lib/python3.13/site-packages/sklearn/linear_model/_sag.py:348: ConvergenceWarning: The max_iter was reached which means the coef_ did not converge
  warnings.warn(
[I 2026-05-15 18:32:32,382] Trial 487 finished with values: [0.27701836078670306, 0.6303072212552232] and parameters: {'n_estimators': 104, 'learning_rate': 0.019657448966046126, 'subsample': 0.9046042526869889, 'colsample_bytree': 0.7413408912104211, 'min_child_weight': 9}.
[I 2026-05-15 18:32:33,268] Trial 488 finished with values: [0.22186897236840056, 0.6117336071199662] and parameters: {'n_estimators': 307, 'learning_rate': 0.10206664092951903, 'subsample': 0.9046042526869889, 'colsample_bytree': 0.7275902521175045, 'min_child_weight': 9}.
[I 2026-05-15 18:32:33,821] Trial 489 finished with values: [0.25866427903238837, 0.5308139092867064] and parameters: {'n_estimators': 176, 'learning_rate': 0.012184186502221764, 'subsample': 0.682533487362317, 'colsample_bytree': 0.9077971732767748, 'min_child_weight': 10}.
[I 2026-05-15 18:32:34,491] Trial 490 finished with values: [0.24768873903727534, 0.4982693806624695] and parameters: {'n_estimators': 203, 'learning_rate': 0.10206664092951903, 'subsample': 0.6284754593840916, 'colsample_bytree': 0.6748174994230093, 'min_child_weight': 10}.
[I 2026-05-15 18:32:35,232] Trial 491 finished with values: [0.2057655735000358, 0.7115057884815899] and parameters: {'n_estimators': 478, 'learning_rate': 0.10206664092951903, 'subsample': 0.7294716945616975, 'colsample_bytree': 0.7275902521175045, 'min_child_weight': 10}.
[I 2026-05-15 18:32:35,668] Trial 492 finished with values: [0.23611686494353612, 0.6836266042025072] and parameters: {'n_estimators': 64, 'learning_rate': 0.08710745900492396, 'subsample': 0.7701745754465668, 'colsample_bytree': 0.8034282764658811, 'min_child_weight': 10}.
[I 2026-05-15 18:32:36,313] Trial 493 finished with values: [0.2940796654056085, 0.5868566453388254] and parameters: {'n_estimators': 156, 'learning_rate': 0.019657448966046126, 'subsample': 0.9046042526869889, 'colsample_bytree': 0.803044151473782, 'min_child_weight': 9}.
[I 2026-05-15 18:32:36,768] Trial 494 finished with values: [0.24499877408318316, 0.7242418375696167] and parameters: {'n_estimators': 64, 'learning_rate': 0.09836162684900028, 'subsample': 0.6969638929660321, 'colsample_bytree': 0.7350460685614512, 'min_child_weight': 10}.
[I 2026-05-15 18:32:37,579] Trial 495 finished with values: [0.20147224670562652, 0.7093521524127686] and parameters: {'n_estimators': 324, 'learning_rate': 0.08710745900492396, 'subsample': 0.682533487362317, 'colsample_bytree': 0.6282274989601719, 'min_child_weight': 2}.
[I 2026-05-15 18:32:38,288] Trial 496 finished with values: [0.2586787041708506, 0.562190110158897] and parameters: {'n_estimators': 339, 'learning_rate': 0.012184186502221764, 'subsample': 0.6646514856378455, 'colsample_bytree': 0.8503439662856945, 'min_child_weight': 10}.
[I 2026-05-15 18:32:39,042] Trial 497 finished with values: [0.24600291321459541, 0.6390246575397336] and parameters: {'n_estimators': 289, 'learning_rate': 0.014398128852644736, 'subsample': 0.9208787923016158, 'colsample_bytree': 0.7351980627406143, 'min_child_weight': 7}.
[I 2026-05-15 18:32:39,632] Trial 498 finished with values: [0.21899718515564914, 0.6642711608449714] and parameters: {'n_estimators': 100, 'learning_rate': 0.10206664092951903, 'subsample': 0.6296178606936361, 'colsample_bytree': 0.7350460685614512, 'min_child_weight': 2}.
[I 2026-05-15 18:32:40,278] Trial 499 finished with values: [0.21338317774956717, 0.5182791482383979] and parameters: {'n_estimators': 300, 'learning_rate': 0.10206664092951903, 'subsample': 0.6296178606936361, 'colsample_bytree': 0.9637281608315128, 'min_child_weight': 10}.
Building variant 'auprc_max'...
Saved /home/mklemmingen/PycharmProjects/migraine-forecasting-shd/experiment/0/migraine/full_features/stacked_2xgb_meta_lr/80_20/chrono/HyperparameterTuned/pareto_AUPRC_slope/auprc_max/model.joblib

# End capture ------------------------------------------
# Finished: 2026-05-15T18:32:40
