[I 2026-05-15 18:31:09,100] Trial 357 finished with values: [0.22255613363492888, 0.4894435570215256] and parameters: {'n_estimators': 100, 'learning_rate': 0.21434810637527812, 'subsample': 0.6296178606936361, 'colsample_bytree': 0.7350460685614512, 'min_child_weight': 10}.
[I 2026-05-15 18:31:09,903] Trial 358 finished with values: [0.2522676787807082, 0.5358462044053816] and parameters: {'n_estimators': 324, 'learning_rate': 0.012184186502221764, 'subsample': 0.6646514856378455, 'colsample_bytree': 0.6105467897989008, 'min_child_weight': 8}.
[I 2026-05-15 18:31:10,532] Trial 359 finished with values: [0.24317453265101677, 0.6290392268568633] and parameters: {'n_estimators': 294, 'learning_rate': 0.02516607127550297, 'subsample': 0.8080654004447974, 'colsample_bytree': 0.940872600127416, 'min_child_weight': 9}.
[I 2026-05-15 18:31:11,296] Trial 360 finished with values: [0.23313622622280716, 0.6914985857443072] and parameters: {'n_estimators': 294, 'learning_rate': 0.016149614799999188, 'subsample': 0.8207627355097942, 'colsample_bytree': 0.6298202574719083, 'min_child_weight': 1}.
[I 2026-05-15 18:31:12,161] Trial 361 finished with values: [0.30435013220228824, 0.6585266518681238] and parameters: {'n_estimators': 294, 'learning_rate': 0.013313275850595153, 'subsample': 0.9208787923016158, 'colsample_bytree': 0.6571966728211344, 'min_child_weight': 8}.
[I 2026-05-15 18:31:12,826] Trial 362 finished with values: [0.2770135485397391, 0.5862454117578486] and parameters: {'n_estimators': 302, 'learning_rate': 0.016149614799999188, 'subsample': 0.9208787923016158, 'colsample_bytree': 0.6298202574719083, 'min_child_weight': 9}.
[I 2026-05-15 18:31:13,506] Trial 363 finished with values: [0.29511742560688475, 0.5863326256448677] and parameters: {'n_estimators': 176, 'learning_rate': 0.019657448966046126, 'subsample': 0.9046042526869889, 'colsample_bytree': 0.9468289274320415, 'min_child_weight': 9}.
[I 2026-05-15 18:31:14,234] Trial 364 finished with values: [0.25657510520939, 0.5725227194748662] and parameters: {'n_estimators': 231, 'learning_rate': 0.019657448966046126, 'subsample': 0.6536060913802563, 'colsample_bytree': 0.9468289274320415, 'min_child_weight': 8}.
/home/mklemmingen/PycharmProjects/migraine-forecasting-shd/.venv/lib/python3.13/site-packages/sklearn/linear_model/_sag.py:348: ConvergenceWarning: The max_iter was reached which means the coef_ did not converge
  warnings.warn(
[I 2026-05-15 18:31:14,711] Trial 365 finished with values: [0.2469589162662805, 0.5842525251917865] and parameters: {'n_estimators': 64, 'learning_rate': 0.0212853192163843, 'subsample': 0.6115130705253355, 'colsample_bytree': 0.9020549022694476, 'min_child_weight': 8}.
[I 2026-05-15 18:31:15,284] Trial 366 finished with values: [0.22147695680871277, 0.8960820742869224] and parameters: {'n_estimators': 91, 'learning_rate': 0.21434810637527812, 'subsample': 0.8481238205413859, 'colsample_bytree': 0.7350460685614512, 'min_child_weight': 2}.
[I 2026-05-15 18:31:15,985] Trial 367 finished with values: [0.2371469697751234, 0.45776002282645295] and parameters: {'n_estimators': 324, 'learning_rate': 0.08710745900492396, 'subsample': 0.6260206371941118, 'colsample_bytree': 0.6282274989601719, 'min_child_weight': 10}.
[I 2026-05-15 18:31:16,716] Trial 368 finished with values: [0.2502170033485215, 0.6223800389825511] and parameters: {'n_estimators': 367, 'learning_rate': 0.017303875834205888, 'subsample': 0.6851856646035643, 'colsample_bytree': 0.7351980627406143, 'min_child_weight': 4}.
[I 2026-05-15 18:31:17,291] Trial 369 finished with values: [0.24900316346095627, 0.5187450557666954] and parameters: {'n_estimators': 111, 'learning_rate': 0.016149614799999188, 'subsample': 0.6058178662671527, 'colsample_bytree': 0.6298202574719083, 'min_child_weight': 4}.
[I 2026-05-15 18:31:17,968] Trial 370 finished with values: [0.2175042303692048, 0.5444511743925146] and parameters: {'n_estimators': 203, 'learning_rate': 0.08710745900492396, 'subsample': 0.6284754593840916, 'colsample_bytree': 0.7275902521175045, 'min_child_weight': 6}.
[I 2026-05-15 18:31:18,544] Trial 371 finished with values: [0.23189521101727584, 0.5634897895136879] and parameters: {'n_estimators': 226, 'learning_rate': 0.04427958131171205, 'subsample': 0.6479461469334731, 'colsample_bytree': 0.7350460685614512, 'min_child_weight': 9}.
[I 2026-05-15 18:31:19,195] Trial 372 finished with values: [0.25788622369766223, 0.48240751547058985] and parameters: {'n_estimators': 300, 'learning_rate': 0.08710745900492396, 'subsample': 0.6296178606936361, 'colsample_bytree': 0.9637281608315128, 'min_child_weight': 10}.
[I 2026-05-15 18:31:19,648] Trial 373 finished with values: [0.23716943748953864, 0.6650437789750245] and parameters: {'n_estimators': 64, 'learning_rate': 0.10206664092951903, 'subsample': 0.7257423924305306, 'colsample_bytree': 0.7275902521175045, 'min_child_weight': 10}.
[I 2026-05-15 18:31:20,252] Trial 374 finished with values: [0.24687513933590988, 0.5973444209277302] and parameters: {'n_estimators': 70, 'learning_rate': 0.032690047558986524, 'subsample': 0.8055957956639244, 'colsample_bytree': 0.6105467897989008, 'min_child_weight': 9}.
[I 2026-05-15 18:31:20,822] Trial 375 finished with values: [0.2964237226781013, 0.5209489589047495] and parameters: {'n_estimators': 194, 'learning_rate': 0.017797595772834223, 'subsample': 0.6646514856378455, 'colsample_bytree': 0.9134612050964572, 'min_child_weight': 9}.
[I 2026-05-15 18:31:21,506] Trial 376 finished with values: [0.29895051262118655, 0.6492270603174266] and parameters: {'n_estimators': 156, 'learning_rate': 0.02516607127550297, 'subsample': 0.9718790609370292, 'colsample_bytree': 0.7351980627406143, 'min_child_weight': 9}.
[I 2026-05-15 18:31:21,991] Trial 377 finished with values: [0.258569143333877, 0.5395527504973885] and parameters: {'n_estimators': 100, 'learning_rate': 0.10206664092951903, 'subsample': 0.6646514856378455, 'colsample_bytree': 0.7275902521175045, 'min_child_weight': 10}.
/home/mklemmingen/PycharmProjects/migraine-forecasting-shd/.venv/lib/python3.13/site-packages/sklearn/linear_model/_sag.py:348: ConvergenceWarning: The max_iter was reached which means the coef_ did not converge
  warnings.warn(
[I 2026-05-15 18:31:22,541] Trial 378 finished with values: [0.25117123725831464, 0.5530716663269986] and parameters: {'n_estimators': 100, 'learning_rate': 0.013313275850595153, 'subsample': 0.6646514856378455, 'colsample_bytree': 0.7586171129285081, 'min_child_weight': 10}.
[I 2026-05-15 18:31:23,484] Trial 379 finished with values: [0.26100089265855647, 0.5597561511001887] and parameters: {'n_estimators': 478, 'learning_rate': 0.013313275850595153, 'subsample': 0.6646514856378455, 'colsample_bytree': 0.7350460685614512, 'min_child_weight': 10}.
[I 2026-05-15 18:31:24,259] Trial 380 finished with values: [0.21170391600433183, 0.6169772423741553] and parameters: {'n_estimators': 330, 'learning_rate': 0.1878519741643379, 'subsample': 0.9718790609370292, 'colsample_bytree': 0.7351980627406143, 'min_child_weight': 4}.
[I 2026-05-15 18:31:25,038] Trial 381 finished with values: [0.24551960201357104, 0.5519411290612845] and parameters: {'n_estimators': 358, 'learning_rate': 0.017386210661369347, 'subsample': 0.6296178606936361, 'colsample_bytree': 0.9594216754108317, 'min_child_weight': 8}.
[I 2026-05-15 18:31:25,594] Trial 382 finished with values: [0.2367556633964704, 0.6622364017683843] and parameters: {'n_estimators': 64, 'learning_rate': 0.08710745900492396, 'subsample': 0.9798082494630569, 'colsample_bytree': 0.8034282764658811, 'min_child_weight': 2}.
[I 2026-05-15 18:31:26,202] Trial 383 finished with values: [0.22865162805836264, 0.6963800371294723] and parameters: {'n_estimators': 156, 'learning_rate': 0.23371267997797157, 'subsample': 0.7968465172318153, 'colsample_bytree': 0.7032977553195834, 'min_child_weight': 10}.
[I 2026-05-15 18:31:26,785] Trial 384 finished with values: [0.240700092132293, 0.4537662173986402] and parameters: {'n_estimators': 100, 'learning_rate': 0.10206664092951903, 'subsample': 0.6284754593840916, 'colsample_bytree': 0.7275902521175045, 'min_child_weight': 10}.
[I 2026-05-15 18:31:27,506] Trial 385 finished with values: [0.2364173659196413, 0.6618949891142755] and parameters: {'n_estimators': 294, 'learning_rate': 0.04766495467029922, 'subsample': 0.9208787923016158, 'colsample_bytree': 0.9637281608315128, 'min_child_weight': 10}.
[I 2026-05-15 18:31:28,040] Trial 386 finished with values: [0.2686370911988333, 0.4651574267802355] and parameters: {'n_estimators': 64, 'learning_rate': 0.09836162684900028, 'subsample': 0.637469907131237, 'colsample_bytree': 0.8503439662856945, 'min_child_weight': 10}.
[I 2026-05-15 18:31:28,837] Trial 387 finished with values: [0.26517978406938514, 0.6926672080458021] and parameters: {'n_estimators': 294, 'learning_rate': 0.019657448966046126, 'subsample': 0.9718790609370292, 'colsample_bytree': 0.6298202574719083, 'min_child_weight': 9}.
[I 2026-05-15 18:31:29,566] Trial 388 finished with values: [0.24514299928458919, 0.529850693754924] and parameters: {'n_estimators': 294, 'learning_rate': 0.016149614799999188, 'subsample': 0.7970472375971478, 'colsample_bytree': 0.6298202574719083, 'min_child_weight': 10}.
[I 2026-05-15 18:31:30,124] Trial 389 finished with values: [0.29913164729944774, 0.6155734159357676] and parameters: {'n_estimators': 156, 'learning_rate': 0.017303875834205888, 'subsample': 0.9314950036607718, 'colsample_bytree': 0.7351980627406143, 'min_child_weight': 8}.
[I 2026-05-15 18:31:30,774] Trial 390 finished with values: [0.27278020831224586, 0.6389740113763247] and parameters: {'n_estimators': 156, 'learning_rate': 0.030591867605824115, 'subsample': 0.9314950036607718, 'colsample_bytree': 0.9468289274320415, 'min_child_weight': 8}.
/home/mklemmingen/PycharmProjects/migraine-forecasting-shd/.venv/lib/python3.13/site-packages/sklearn/linear_model/_sag.py:348: ConvergenceWarning: The max_iter was reached which means the coef_ did not converge
  warnings.warn(
[I 2026-05-15 18:31:31,285] Trial 391 finished with values: [0.29890751064481125, 0.523092983910739] and parameters: {'n_estimators': 64, 'learning_rate': 0.02516607127550297, 'subsample': 0.6296178606936361, 'colsample_bytree': 0.8034282764658811, 'min_child_weight': 7}.
/home/mklemmingen/PycharmProjects/migraine-forecasting-shd/.venv/lib/python3.13/site-packages/sklearn/linear_model/_sag.py:348: ConvergenceWarning: The max_iter was reached which means the coef_ did not converge
  warnings.warn(
[I 2026-05-15 18:31:31,783] Trial 392 finished with values: [0.25513578756492816, 0.6725865801675441] and parameters: {'n_estimators': 70, 'learning_rate': 0.017303875834205888, 'subsample': 0.6960582475112772, 'colsample_bytree': 0.6303453312434656, 'min_child_weight': 4}.
/home/mklemmingen/PycharmProjects/migraine-forecasting-shd/.venv/lib/python3.13/site-packages/sklearn/linear_model/_sag.py:348: ConvergenceWarning: The max_iter was reached which means the coef_ did not converge
  warnings.warn(
[I 2026-05-15 18:31:32,349] Trial 393 finished with values: [0.2753267547557071, 0.6424443197655272] and parameters: {'n_estimators': 108, 'learning_rate': 0.011693687409928539, 'subsample': 0.9601672228653322, 'colsample_bytree': 0.6512183355831089, 'min_child_weight': 2}.
[I 2026-05-15 18:31:33,004] Trial 394 finished with values: [0.2581404022534656, 0.5331403183675564] and parameters: {'n_estimators': 324, 'learning_rate': 0.02516607127550297, 'subsample': 0.6260206371941118, 'colsample_bytree': 0.7350460685614512, 'min_child_weight': 10}.
[I 2026-05-15 18:31:33,659] Trial 395 finished with values: [0.24317061174244156, 0.6329032154129319] and parameters: {'n_estimators': 112, 'learning_rate': 0.0212853192163843, 'subsample': 0.8563498979212858, 'colsample_bytree': 0.82272050498334, 'min_child_weight': 2}.
[I 2026-05-15 18:31:34,127] Trial 396 finished with values: [0.2557797388367774, 0.5214253763875849] and parameters: {'n_estimators': 66, 'learning_rate': 0.03240354245852974, 'subsample': 0.6296178606936361, 'colsample_bytree': 0.9587153639624048, 'min_child_weight': 10}.
/home/mklemmingen/PycharmProjects/migraine-forecasting-shd/.venv/lib/python3.13/site-packages/sklearn/linear_model/_sag.py:348: ConvergenceWarning: The max_iter was reached which means the coef_ did not converge
  warnings.warn(
[I 2026-05-15 18:31:34,783] Trial 397 finished with values: [0.2575653054128106, 0.5671559396327246] and parameters: {'n_estimators': 120, 'learning_rate': 0.012184186502221764, 'subsample': 0.7895846561051489, 'colsample_bytree': 0.9594216754108317, 'min_child_weight': 8}.
[I 2026-05-15 18:31:35,536] Trial 398 finished with values: [0.2412093797271333, 0.6028777786806467] and parameters: {'n_estimators': 339, 'learning_rate': 0.017303875834205888, 'subsample': 0.6646514856378455, 'colsample_bytree': 0.9594216754108317, 'min_child_weight': 7}.
/home/mklemmingen/PycharmProjects/migraine-forecasting-shd/.venv/lib/python3.13/site-packages/sklearn/linear_model/_sag.py:348: ConvergenceWarning: The max_iter was reached which means the coef_ did not converge
  warnings.warn(
[I 2026-05-15 18:31:36,169] Trial 399 finished with values: [0.26913429164829383, 0.5953737261525989] and parameters: {'n_estimators': 70, 'learning_rate': 0.011693687409928539, 'subsample': 0.6296178606936361, 'colsample_bytree': 0.9570235993959911, 'min_child_weight': 4}.
[I 2026-05-15 18:31:36,787] Trial 400 finished with values: [0.23767247418320142, 0.564697831917272] and parameters: {'n_estimators': 294, 'learning_rate': 0.017969555911761862, 'subsample': 0.6769156075234684, 'colsample_bytree': 0.6571966728211344, 'min_child_weight': 10}.
[I 2026-05-15 18:31:37,443] Trial 401 finished with values: [0.2439968800163815, 0.5372756010954518] and parameters: {'n_estimators': 176, 'learning_rate': 0.019657448966046126, 'subsample': 0.6163474465065916, 'colsample_bytree': 0.8503439662856945, 'min_child_weight': 10}.
[I 2026-05-15 18:31:38,105] Trial 402 finished with values: [0.2760179809492485, 0.642490554689072] and parameters: {'n_estimators': 156, 'learning_rate': 0.019657448966046126, 'subsample': 0.9046042526869889, 'colsample_bytree': 0.6675740252288658, 'min_child_weight': 3}.
[I 2026-05-15 18:31:38,746] Trial 403 finished with values: [0.26156924912254476, 0.5249079694274051] and parameters: {'n_estimators': 64, 'learning_rate': 0.028180680291847244, 'subsample': 0.637469907131237, 'colsample_bytree': 0.82272050498334, 'min_child_weight': 9}.
[I 2026-05-15 18:31:39,353] Trial 404 finished with values: [0.2392191233065999, 0.7265965219483197] and parameters: {'n_estimators': 129, 'learning_rate': 0.10206664092951903, 'subsample': 0.9718790609370292, 'colsample_bytree': 0.6354810135028223, 'min_child_weight': 9}.
[I 2026-05-15 18:31:39,977] Trial 405 finished with values: [0.2370178657311981, 0.4459695831992927] and parameters: {'n_estimators': 156, 'learning_rate': 0.09836162684900028, 'subsample': 0.6482543484402403, 'colsample_bytree': 0.8503439662856945, 'min_child_weight': 5}.
/home/mklemmingen/PycharmProjects/migraine-forecasting-shd/.venv/lib/python3.13/site-packages/sklearn/linear_model/_sag.py:348: ConvergenceWarning: The max_iter was reached which means the coef_ did not converge
  warnings.warn(
[I 2026-05-15 18:31:40,549] Trial 406 finished with values: [0.29573546511947024, 0.5933402050610093] and parameters: {'n_estimators': 66, 'learning_rate': 0.012184186502221764, 'subsample': 0.682533487362317, 'colsample_bytree': 0.9594216754108317, 'min_child_weight': 10}.
[I 2026-05-15 18:31:41,229] Trial 407 finished with values: [0.26180624645840944, 0.5236418361100839] and parameters: {'n_estimators': 214, 'learning_rate': 0.017797595772834223, 'subsample': 0.6646514856378455, 'colsample_bytree': 0.9594216754108317, 'min_child_weight': 9}.
[I 2026-05-15 18:31:41,844] Trial 408 finished with values: [0.21663341590932966, 0.5205242436393821] and parameters: {'n_estimators': 238, 'learning_rate': 0.13673750637076953, 'subsample': 0.6296178606936361, 'colsample_bytree': 0.82272050498334, 'min_child_weight': 10}.
[I 2026-05-15 18:31:42,404] Trial 409 finished with values: [0.247863949220602, 0.6271916905305047] and parameters: {'n_estimators': 156, 'learning_rate': 0.030245085073501415, 'subsample': 0.8013669083419428, 'colsample_bytree': 0.876157931451746, 'min_child_weight': 8}.
[I 2026-05-15 18:31:42,859] Trial 410 finished with values: [0.22283521482751012, 0.5346893964741327] and parameters: {'n_estimators': 67, 'learning_rate': 0.15164430026640188, 'subsample': 0.6284754593840916, 'colsample_bytree': 0.7275902521175045, 'min_child_weight': 7}.
/home/mklemmingen/PycharmProjects/migraine-forecasting-shd/.venv/lib/python3.13/site-packages/sklearn/linear_model/_sag.py:348: ConvergenceWarning: The max_iter was reached which means the coef_ did not converge
  warnings.warn(
[I 2026-05-15 18:31:43,416] Trial 411 finished with values: [0.2848447868053009, 0.6142520747707839] and parameters: {'n_estimators': 86, 'learning_rate': 0.012184186502221764, 'subsample': 0.6646514856378455, 'colsample_bytree': 0.6105467897989008, 'min_child_weight': 3}.
[I 2026-05-15 18:31:44,095] Trial 412 finished with values: [0.23067101979667398, 0.5844563658187658] and parameters: {'n_estimators': 324, 'learning_rate': 0.08710745900492396, 'subsample': 0.6646514856378455, 'colsample_bytree': 0.9494314496427109, 'min_child_weight': 8}.
[I 2026-05-15 18:31:44,553] Trial 413 finished with values: [0.28912505821030143, 0.6364658218550847] and parameters: {'n_estimators': 156, 'learning_rate': 0.019657448966046126, 'subsample': 0.9683489602127253, 'colsample_bytree': 0.7350460685614512, 'min_child_weight': 9}.
[I 2026-05-15 18:31:45,233] Trial 414 finished with values: [0.24331047014185342, 0.57322982283967] and parameters: {'n_estimators': 194, 'learning_rate': 0.01412166070620751, 'subsample': 0.6244311839419455, 'colsample_bytree': 0.9594216754108317, 'min_child_weight': 3}.
[I 2026-05-15 18:31:45,776] Trial 415 finished with values: [0.240700092132293, 0.4537662173986402] and parameters: {'n_estimators': 100, 'learning_rate': 0.10206664092951903, 'subsample': 0.6284754593840916, 'colsample_bytree': 0.7275902521175045, 'min_child_weight': 10}.
[I 2026-05-15 18:31:46,546] Trial 416 finished with values: [0.2433990518070944, 0.5401040522449114] and parameters: {'n_estimators': 413, 'learning_rate': 0.028180680291847244, 'subsample': 0.6479461469334731, 'colsample_bytree': 0.8993038761534633, 'min_child_weight': 9}.
[I 2026-05-15 18:31:47,055] Trial 417 finished with values: [0.2740681539868798, 0.5603478519913458] and parameters: {'n_estimators': 64, 'learning_rate': 0.08710745900492396, 'subsample': 0.7257423924305306, 'colsample_bytree': 0.8034282764658811, 'min_child_weight': 10}.
[I 2026-05-15 18:31:47,694] Trial 418 finished with values: [0.25233928183545873, 0.6011393866235398] and parameters: {'n_estimators': 203, 'learning_rate': 0.018730954962803806, 'subsample': 0.9601672228653322, 'colsample_bytree': 0.9570235993959911, 'min_child_weight': 10}.
[I 2026-05-15 18:31:48,364] Trial 419 finished with values: [0.2249948348849739, 0.4817209639830313] and parameters: {'n_estimators': 324, 'learning_rate': 0.08710745900492396, 'subsample': 0.6260206371941118, 'colsample_bytree': 0.6837397293346841, 'min_child_weight': 10}.
[I 2026-05-15 18:31:49,217] Trial 420 finished with values: [0.2051610319285035, 0.5419351121571928] and parameters: {'n_estimators': 478, 'learning_rate': 0.08710745900492396, 'subsample': 0.6260206371941118, 'colsample_bytree': 0.6282274989601719, 'min_child_weight': 3}.
[I 2026-05-15 18:31:49,981] Trial 421 finished with values: [0.22898725801290273, 0.5921895700431243] and parameters: {'n_estimators': 339, 'learning_rate': 0.02516607127550297, 'subsample': 0.6646514856378455, 'colsample_bytree': 0.7481888411165528, 'min_child_weight': 10}.
[I 2026-05-15 18:31:50,684] Trial 422 finished with values: [0.21468501402160983, 0.7064457148183382] and parameters: {'n_estimators': 268, 'learning_rate': 0.08189120541664517, 'subsample': 0.9046042526869889, 'colsample_bytree': 0.6282274989601719, 'min_child_weight': 3}.
[I 2026-05-15 18:31:51,346] Trial 423 finished with values: [0.21176764095357187, 0.6556046670846992] and parameters: {'n_estimators': 300, 'learning_rate': 0.13673750637076953, 'subsample': 0.9718790609370292, 'colsample_bytree': 0.9637281608315128, 'min_child_weight': 9}.
[I 2026-05-15 18:31:52,010] Trial 424 finished with values: [0.2374182078571785, 0.6788948866362748] and parameters: {'n_estimators': 156, 'learning_rate': 0.03506954878548353, 'subsample': 0.6296178606936361, 'colsample_bytree': 0.9587153639624048, 'min_child_weight': 5}.
[I 2026-05-15 18:31:52,752] Trial 425 finished with values: [0.23711515077623863, 0.4793280589642146] and parameters: {'n_estimators': 294, 'learning_rate': 0.09444774154985085, 'subsample': 0.6296178606936361, 'colsample_bytree': 0.6298202574719083, 'min_child_weight': 10}.
[I 2026-05-15 18:31:53,340] Trial 426 finished with values: [0.2630737320881375, 0.5115538893252468] and parameters: {'n_estimators': 66, 'learning_rate': 0.10206664092951903, 'subsample': 0.6296178606936361, 'colsample_bytree': 0.7275902521175045, 'min_child_weight': 10}.
[I 2026-05-15 18:31:54,049] Trial 427 finished with values: [0.22908037616297325, 0.49997823396946045] and parameters: {'n_estimators': 324, 'learning_rate': 0.08710745900492396, 'subsample': 0.6260206371941118, 'colsample_bytree': 0.8989883752535026, 'min_child_weight': 10}.
[I 2026-05-15 18:31:54,734] Trial 428 finished with values: [0.2349368879289248, 0.5995488383572217] and parameters: {'n_estimators': 324, 'learning_rate': 0.02516607127550297, 'subsample': 0.6260206371941118, 'colsample_bytree': 0.6146732811562391, 'min_child_weight': 10}.
