[I 2026-05-15 18:28:51,561] Trial 149 finished with values: [0.24871960005387894, 0.567436324268413] and parameters: {'n_estimators': 238, 'learning_rate': 0.016149614799999188, 'subsample': 0.8550229885420852, 'colsample_bytree': 0.6298202574719083, 'min_child_weight': 10}.
[I 2026-05-15 18:28:52,012] Trial 150 finished with values: [0.2660421403341195, 0.5141632477606808] and parameters: {'n_estimators': 64, 'learning_rate': 0.09836162684900028, 'subsample': 0.6579579488364892, 'colsample_bytree': 0.8503439662856945, 'min_child_weight': 10}.
/home/mklemmingen/PycharmProjects/migraine-forecasting-shd/.venv/lib/python3.13/site-packages/sklearn/linear_model/_sag.py:348: ConvergenceWarning: The max_iter was reached which means the coef_ did not converge
  warnings.warn(
[I 2026-05-15 18:28:52,576] Trial 151 finished with values: [0.2640815720421602, 0.6517404124266631] and parameters: {'n_estimators': 91, 'learning_rate': 0.01412166070620751, 'subsample': 0.8012545034320351, 'colsample_bytree': 0.9637281608315128, 'min_child_weight': 3}.
[I 2026-05-15 18:28:53,315] Trial 152 finished with values: [0.23955727741599248, 0.5220335779667815] and parameters: {'n_estimators': 324, 'learning_rate': 0.0212853192163843, 'subsample': 0.6260206371941118, 'colsample_bytree': 0.7350460685614512, 'min_child_weight': 10}.
[I 2026-05-15 18:28:54,152] Trial 153 finished with values: [0.2105859178095315, 0.5785598978591248] and parameters: {'n_estimators': 346, 'learning_rate': 0.1538583627271404, 'subsample': 0.637469907131237, 'colsample_bytree': 0.9425959364753289, 'min_child_weight': 9}.
[I 2026-05-15 18:28:54,912] Trial 154 finished with values: [0.2496551147809228, 0.6089603331467106] and parameters: {'n_estimators': 324, 'learning_rate': 0.01471005003927122, 'subsample': 0.9698774473114251, 'colsample_bytree': 0.9795542149013333, 'min_child_weight': 10}.
[I 2026-05-15 18:28:55,638] Trial 155 finished with values: [0.290378501063409, 0.5527099585081406] and parameters: {'n_estimators': 339, 'learning_rate': 0.012184186502221764, 'subsample': 0.6646514856378455, 'colsample_bytree': 0.9594216754108317, 'min_child_weight': 8}.
[I 2026-05-15 18:28:56,397] Trial 156 finished with values: [0.20200129462041386, 0.5452121668957932] and parameters: {'n_estimators': 238, 'learning_rate': 0.09396591857488666, 'subsample': 0.6296178606936361, 'colsample_bytree': 0.7350460685614512, 'min_child_weight': 2}.
[I 2026-05-15 18:28:57,287] Trial 157 finished with values: [0.2258814916107837, 0.653791919347991] and parameters: {'n_estimators': 398, 'learning_rate': 0.019657448966046126, 'subsample': 0.602208846849441, 'colsample_bytree': 0.9261845713819337, 'min_child_weight': 3}.
/home/mklemmingen/PycharmProjects/migraine-forecasting-shd/.venv/lib/python3.13/site-packages/sklearn/linear_model/_sag.py:348: ConvergenceWarning: The max_iter was reached which means the coef_ did not converge
  warnings.warn(
[I 2026-05-15 18:28:57,870] Trial 158 finished with values: [0.24447332753118117, 0.5415847541165737] and parameters: {'n_estimators': 64, 'learning_rate': 0.028180680291847244, 'subsample': 0.637469907131237, 'colsample_bytree': 0.8034282764658811, 'min_child_weight': 9}.
[I 2026-05-15 18:28:58,574] Trial 159 finished with values: [0.2550611980499486, 0.5693086173129711] and parameters: {'n_estimators': 238, 'learning_rate': 0.017797595772834223, 'subsample': 0.8550229885420852, 'colsample_bytree': 0.82272050498334, 'min_child_weight': 10}.
[I 2026-05-15 18:28:59,335] Trial 160 finished with values: [0.2371469697751234, 0.45776002282645295] and parameters: {'n_estimators': 324, 'learning_rate': 0.08710745900492396, 'subsample': 0.6260206371941118, 'colsample_bytree': 0.6282274989601719, 'min_child_weight': 10}.
[I 2026-05-15 18:29:00,148] Trial 161 finished with values: [0.2430876985320712, 0.6891506473887619] and parameters: {'n_estimators': 339, 'learning_rate': 0.030245085073501415, 'subsample': 0.8985965620472096, 'colsample_bytree': 0.8598531596188859, 'min_child_weight': 9}.
[I 2026-05-15 18:29:00,636] Trial 162 finished with values: [0.25170519446327744, 0.5350738787887789] and parameters: {'n_estimators': 61, 'learning_rate': 0.07332660227137139, 'subsample': 0.7257423924305306, 'colsample_bytree': 0.8034282764658811, 'min_child_weight': 10}.
[I 2026-05-15 18:29:01,276] Trial 163 finished with values: [0.2909102440400254, 0.6467440545475578] and parameters: {'n_estimators': 156, 'learning_rate': 0.017303875834205888, 'subsample': 0.9314950036607718, 'colsample_bytree': 0.9760920965699831, 'min_child_weight': 4}.
/home/mklemmingen/PycharmProjects/migraine-forecasting-shd/.venv/lib/python3.13/site-packages/sklearn/linear_model/_sag.py:348: ConvergenceWarning: The max_iter was reached which means the coef_ did not converge
  warnings.warn(
[I 2026-05-15 18:29:01,769] Trial 164 finished with values: [0.25180630682952365, 0.5865268503761802] and parameters: {'n_estimators': 64, 'learning_rate': 0.016149614799999188, 'subsample': 0.9046478461314871, 'colsample_bytree': 0.6298202574719083, 'min_child_weight': 6}.
/home/mklemmingen/PycharmProjects/migraine-forecasting-shd/.venv/lib/python3.13/site-packages/sklearn/linear_model/_sag.py:348: ConvergenceWarning: The max_iter was reached which means the coef_ did not converge
  warnings.warn(
[I 2026-05-15 18:29:02,358] Trial 165 finished with values: [0.28205395145325407, 0.6313609832686427] and parameters: {'n_estimators': 70, 'learning_rate': 0.017303875834205888, 'subsample': 0.7552679704826087, 'colsample_bytree': 0.7351980627406143, 'min_child_weight': 4}.
[I 2026-05-15 18:29:02,872] Trial 166 finished with values: [0.25828323330841385, 0.5998685252268534] and parameters: {'n_estimators': 64, 'learning_rate': 0.08710745900492396, 'subsample': 0.8573152873769412, 'colsample_bytree': 0.7833011561966067, 'min_child_weight': 9}.
[I 2026-05-15 18:29:03,672] Trial 167 finished with values: [0.22954754937368174, 0.5276774489894536] and parameters: {'n_estimators': 487, 'learning_rate': 0.028180680291847244, 'subsample': 0.6479461469334731, 'colsample_bytree': 0.8736932106048627, 'min_child_weight': 10}.
[I 2026-05-15 18:29:04,399] Trial 168 finished with values: [0.262735964481762, 0.6871863204022148] and parameters: {'n_estimators': 296, 'learning_rate': 0.01471005003927122, 'subsample': 0.9698774473114251, 'colsample_bytree': 0.9960215400417053, 'min_child_weight': 3}.
[I 2026-05-15 18:29:04,851] Trial 169 finished with values: [0.24872785009888085, 0.6962922496948362] and parameters: {'n_estimators': 91, 'learning_rate': 0.21149322814164553, 'subsample': 0.9314950036607718, 'colsample_bytree': 0.6020246335384875, 'min_child_weight': 3}.
[I 2026-05-15 18:29:05,537] Trial 170 finished with values: [0.1912461731426744, 0.6383173869593592] and parameters: {'n_estimators': 238, 'learning_rate': 0.24584290528289388, 'subsample': 0.7257423924305306, 'colsample_bytree': 0.6298202574719083, 'min_child_weight': 8}.
[I 2026-05-15 18:29:06,261] Trial 171 finished with values: [0.20278618345376795, 0.6322253608739894] and parameters: {'n_estimators': 293, 'learning_rate': 0.1538583627271404, 'subsample': 0.9588441039810308, 'colsample_bytree': 0.9795542149013333, 'min_child_weight': 1}.
[I 2026-05-15 18:29:07,130] Trial 172 finished with values: [0.2175921309146736, 0.7705577670808322] and parameters: {'n_estimators': 414, 'learning_rate': 0.028180680291847244, 'subsample': 0.7544410551203097, 'colsample_bytree': 0.9844762255295657, 'min_child_weight': 3}.
[I 2026-05-15 18:29:07,981] Trial 173 finished with values: [0.23395461419312488, 0.5691526914585978] and parameters: {'n_estimators': 458, 'learning_rate': 0.08710745900492396, 'subsample': 0.6137554084460873, 'colsample_bytree': 0.8245108790277985, 'min_child_weight': 10}.
[I 2026-05-15 18:29:08,871] Trial 174 finished with values: [0.2479299408879426, 0.5641225328473709] and parameters: {'n_estimators': 408, 'learning_rate': 0.019462886350651437, 'subsample': 0.6296178606936361, 'colsample_bytree': 0.9594216754108317, 'min_child_weight': 10}.
/home/mklemmingen/PycharmProjects/migraine-forecasting-shd/.venv/lib/python3.13/site-packages/sklearn/linear_model/_sag.py:348: ConvergenceWarning: The max_iter was reached which means the coef_ did not converge
  warnings.warn(
[I 2026-05-15 18:29:09,514] Trial 175 finished with values: [0.28959074350325154, 0.6186222601582615] and parameters: {'n_estimators': 91, 'learning_rate': 0.01412166070620751, 'subsample': 0.9601672228653322, 'colsample_bytree': 0.6020246335384875, 'min_child_weight': 1}.
[I 2026-05-15 18:29:10,250] Trial 176 finished with values: [0.2314686067826369, 0.5818837068290027] and parameters: {'n_estimators': 377, 'learning_rate': 0.022587177280197233, 'subsample': 0.6579579488364892, 'colsample_bytree': 0.7427013306774357, 'min_child_weight': 10}.
[I 2026-05-15 18:29:10,957] Trial 177 finished with values: [0.21554083066372756, 0.5846344349437611] and parameters: {'n_estimators': 225, 'learning_rate': 0.06909724267901692, 'subsample': 0.637469907131237, 'colsample_bytree': 0.7350460685614512, 'min_child_weight': 2}.
[I 2026-05-15 18:29:11,759] Trial 178 finished with values: [0.24957586868577614, 0.5236328073334667] and parameters: {'n_estimators': 339, 'learning_rate': 0.010639368372762009, 'subsample': 0.6296178606936361, 'colsample_bytree': 0.6377771843023713, 'min_child_weight': 10}.
[I 2026-05-15 18:29:12,400] Trial 179 finished with values: [0.2568613378149174, 0.4481713250530901] and parameters: {'n_estimators': 203, 'learning_rate': 0.10206664092951903, 'subsample': 0.6284754593840916, 'colsample_bytree': 0.7275902521175045, 'min_child_weight': 10}.
[I 2026-05-15 18:29:13,150] Trial 180 finished with values: [0.2812845879945545, 0.620890459928804] and parameters: {'n_estimators': 294, 'learning_rate': 0.016149614799999188, 'subsample': 0.9718790609370292, 'colsample_bytree': 0.6298202574719083, 'min_child_weight': 10}.
[I 2026-05-15 18:29:13,625] Trial 181 finished with values: [0.2589752423385387, 0.5991252811311882] and parameters: {'n_estimators': 66, 'learning_rate': 0.04872420129560894, 'subsample': 0.9379501243877818, 'colsample_bytree': 0.6950550175969599, 'min_child_weight': 3}.
/home/mklemmingen/PycharmProjects/migraine-forecasting-shd/.venv/lib/python3.13/site-packages/sklearn/linear_model/_sag.py:348: ConvergenceWarning: The max_iter was reached which means the coef_ did not converge
  warnings.warn(
[I 2026-05-15 18:29:14,117] Trial 182 finished with values: [0.24424467317451487, 0.5723823079059974] and parameters: {'n_estimators': 60, 'learning_rate': 0.0212853192163843, 'subsample': 0.6390688456025535, 'colsample_bytree': 0.7350460685614512, 'min_child_weight': 8}.
[I 2026-05-15 18:29:14,817] Trial 183 finished with values: [0.24103976514718028, 0.6521630526184798] and parameters: {'n_estimators': 225, 'learning_rate': 0.01412166070620751, 'subsample': 0.6479461469334731, 'colsample_bytree': 0.6020246335384875, 'min_child_weight': 4}.
[I 2026-05-15 18:29:15,555] Trial 184 finished with values: [0.2533132723171284, 0.6015417954322655] and parameters: {'n_estimators': 417, 'learning_rate': 0.016149614799999188, 'subsample': 0.8550229885420852, 'colsample_bytree': 0.8736932106048627, 'min_child_weight': 10}.
[I 2026-05-15 18:29:16,102] Trial 185 finished with values: [0.25173900060436993, 0.527492768687505] and parameters: {'n_estimators': 156, 'learning_rate': 0.030245085073501415, 'subsample': 0.6296178606936361, 'colsample_bytree': 0.9468289274320415, 'min_child_weight': 9}.
/home/mklemmingen/PycharmProjects/migraine-forecasting-shd/.venv/lib/python3.13/site-packages/sklearn/linear_model/_sag.py:348: ConvergenceWarning: The max_iter was reached which means the coef_ did not converge
  warnings.warn(
[I 2026-05-15 18:29:16,701] Trial 186 finished with values: [0.25832968603477224, 0.5758962109084741] and parameters: {'n_estimators': 66, 'learning_rate': 0.019657448966046126, 'subsample': 0.9046478461314871, 'colsample_bytree': 0.9261845713819337, 'min_child_weight': 10}.
[I 2026-05-15 18:29:17,409] Trial 187 finished with values: [0.20398283577944296, 0.7041859434383048] and parameters: {'n_estimators': 346, 'learning_rate': 0.06909724267901692, 'subsample': 0.6479461469334731, 'colsample_bytree': 0.7127419099093599, 'min_child_weight': 2}.
[I 2026-05-15 18:29:17,968] Trial 188 finished with values: [0.20700237930758628, 0.7731184570608687] and parameters: {'n_estimators': 91, 'learning_rate': 0.21149322814164553, 'subsample': 0.8786948661456602, 'colsample_bytree': 0.6020246335384875, 'min_child_weight': 8}.
[I 2026-05-15 18:29:18,729] Trial 189 finished with values: [0.261790343536382, 0.7357688609366363] and parameters: {'n_estimators': 398, 'learning_rate': 0.019657448966046126, 'subsample': 0.9718790609370292, 'colsample_bytree': 0.7350460685614512, 'min_child_weight': 10}.
/home/mklemmingen/PycharmProjects/migraine-forecasting-shd/.venv/lib/python3.13/site-packages/sklearn/linear_model/_sag.py:348: ConvergenceWarning: The max_iter was reached which means the coef_ did not converge
  warnings.warn(
[I 2026-05-15 18:29:19,259] Trial 190 finished with values: [0.2753709433178809, 0.6574494718935806] and parameters: {'n_estimators': 91, 'learning_rate': 0.012184186502221764, 'subsample': 0.9314950036607718, 'colsample_bytree': 0.8404460046972835, 'min_child_weight': 3}.
[I 2026-05-15 18:29:20,000] Trial 191 finished with values: [0.19364517322378574, 0.4837887793530477] and parameters: {'n_estimators': 333, 'learning_rate': 0.19775731712985178, 'subsample': 0.9314950036607718, 'colsample_bytree': 0.9232481518257668, 'min_child_weight': 3}.
[I 2026-05-15 18:29:20,689] Trial 192 finished with values: [0.2372314166872303, 0.5651847578154354] and parameters: {'n_estimators': 225, 'learning_rate': 0.1218397677644799, 'subsample': 0.6479461469334731, 'colsample_bytree': 0.6298202574719083, 'min_child_weight': 10}.
[I 2026-05-15 18:29:21,475] Trial 193 finished with values: [0.26241801441277274, 0.5527968054951576] and parameters: {'n_estimators': 339, 'learning_rate': 0.012184186502221764, 'subsample': 0.6646514856378455, 'colsample_bytree': 0.9594216754108317, 'min_child_weight': 7}.
[I 2026-05-15 18:29:22,158] Trial 194 finished with values: [0.27292583590446, 0.6150352237588421] and parameters: {'n_estimators': 238, 'learning_rate': 0.0212853192163843, 'subsample': 0.9718790609370292, 'colsample_bytree': 0.9213923721539394, 'min_child_weight': 10}.
[I 2026-05-15 18:29:22,926] Trial 195 finished with values: [0.23781004928030613, 0.5478373446908177] and parameters: {'n_estimators': 294, 'learning_rate': 0.02609752135980675, 'subsample': 0.6137554084460873, 'colsample_bytree': 0.6709758175118891, 'min_child_weight': 10}.
/home/mklemmingen/PycharmProjects/migraine-forecasting-shd/.venv/lib/python3.13/site-packages/sklearn/linear_model/_sag.py:348: ConvergenceWarning: The max_iter was reached which means the coef_ did not converge
  warnings.warn(
[I 2026-05-15 18:29:23,502] Trial 196 finished with values: [0.28412499866482016, 0.5846204870968957] and parameters: {'n_estimators': 70, 'learning_rate': 0.02516607127550297, 'subsample': 0.9002459006563434, 'colsample_bytree': 0.9637281608315128, 'min_child_weight': 10}.
[I 2026-05-15 18:29:24,268] Trial 197 finished with values: [0.23664696528466928, 0.8154816875204741] and parameters: {'n_estimators': 413, 'learning_rate': 0.017303875834205888, 'subsample': 0.9718790609370292, 'colsample_bytree': 0.7351980627406143, 'min_child_weight': 4}.
[I 2026-05-15 18:29:24,971] Trial 198 finished with values: [0.202140902509369, 0.5587187912507039] and parameters: {'n_estimators': 378, 'learning_rate': 0.13780336485751998, 'subsample': 0.6296178606936361, 'colsample_bytree': 0.7350460685614512, 'min_child_weight': 8}.
[I 2026-05-15 18:29:26,005] Trial 199 finished with values: [0.2168302408887733, 0.525333440348708] and parameters: {'n_estimators': 496, 'learning_rate': 0.09444774154985085, 'subsample': 0.6296178606936361, 'colsample_bytree': 0.7350460685614512, 'min_child_weight': 10}.
[I 2026-05-15 18:29:26,768] Trial 200 finished with values: [0.19766179832173458, 0.731725989773173] and parameters: {'n_estimators': 324, 'learning_rate': 0.10519936117151477, 'subsample': 0.7650470707645706, 'colsample_bytree': 0.7350460685614512, 'min_child_weight': 4}.
/home/mklemmingen/PycharmProjects/migraine-forecasting-shd/.venv/lib/python3.13/site-packages/sklearn/linear_model/_sag.py:348: ConvergenceWarning: The max_iter was reached which means the coef_ did not converge
  warnings.warn(
[I 2026-05-15 18:29:27,273] Trial 201 finished with values: [0.23612523763393267, 0.6445479775291778] and parameters: {'n_estimators': 64, 'learning_rate': 0.01412166070620751, 'subsample': 0.637469907131237, 'colsample_bytree': 0.9105651842967988, 'min_child_weight': 3}.
[I 2026-05-15 18:29:27,865] Trial 202 finished with values: [0.25789160996363686, 0.5351357730755273] and parameters: {'n_estimators': 203, 'learning_rate': 0.01412166070620751, 'subsample': 0.7257423924305306, 'colsample_bytree': 0.8034282764658811, 'min_child_weight': 10}.
[I 2026-05-15 18:29:28,542] Trial 203 finished with values: [0.29895051262118655, 0.6492270603174266] and parameters: {'n_estimators': 156, 'learning_rate': 0.02516607127550297, 'subsample': 0.9718790609370292, 'colsample_bytree': 0.7351980627406143, 'min_child_weight': 9}.
[I 2026-05-15 18:29:29,399] Trial 204 finished with values: [0.23814434764189968, 0.5764434169623092] and parameters: {'n_estimators': 437, 'learning_rate': 0.02516607127550297, 'subsample': 0.6479461469334731, 'colsample_bytree': 0.7350460685614512, 'min_child_weight': 10}.
/home/mklemmingen/PycharmProjects/migraine-forecasting-shd/.venv/lib/python3.13/site-packages/sklearn/linear_model/_sag.py:348: ConvergenceWarning: The max_iter was reached which means the coef_ did not converge
  warnings.warn(
[I 2026-05-15 18:29:29,928] Trial 205 finished with values: [0.246691125043731, 0.5727264842884308] and parameters: {'n_estimators': 91, 'learning_rate': 0.011693687409928539, 'subsample': 0.616291520927588, 'colsample_bytree': 0.6020246335384875, 'min_child_weight': 10}.
[I 2026-05-15 18:29:30,684] Trial 206 finished with values: [0.2093089355664667, 0.7068670443864751] and parameters: {'n_estimators': 243, 'learning_rate': 0.12856643861355183, 'subsample': 0.9018171496338729, 'colsample_bytree': 0.6298202574719083, 'min_child_weight': 3}.
[I 2026-05-15 18:29:31,250] Trial 207 finished with values: [0.2562750238235378, 0.5842052510292927] and parameters: {'n_estimators': 61, 'learning_rate': 0.07332660227137139, 'subsample': 0.7257423924305306, 'colsample_bytree': 0.641249547534373, 'min_child_weight': 10}.
[I 2026-05-15 18:29:32,000] Trial 208 finished with values: [0.2307739833998561, 0.6037019542591514] and parameters: {'n_estimators': 457, 'learning_rate': 0.09444774154985085, 'subsample': 0.6296178606936361, 'colsample_bytree': 0.8021009489791429, 'min_child_weight': 10}.
[I 2026-05-15 18:29:32,863] Trial 209 finished with values: [0.1791249042695217, 0.5278035490975744] and parameters: {'n_estimators': 422, 'learning_rate': 0.13780336485751998, 'subsample': 0.6296178606936361, 'colsample_bytree': 0.7433862914177091, 'min_child_weight': 2}.
[I 2026-05-15 18:29:33,548] Trial 210 finished with values: [0.2659261980389447, 0.7092104917767126] and parameters: {'n_estimators': 293, 'learning_rate': 0.017303875834205888, 'subsample': 0.9314950036607718, 'colsample_bytree': 0.9570235993959911, 'min_child_weight': 4}.
[I 2026-05-15 18:29:34,241] Trial 211 finished with values: [0.25577194347528087, 0.521755316233634] and parameters: {'n_estimators': 194, 'learning_rate': 0.017797595772834223, 'subsample': 0.6646514856378455, 'colsample_bytree': 0.9594216754108317, 'min_child_weight': 9}.
[I 2026-05-15 18:29:34,816] Trial 212 finished with values: [0.2447810173791803, 0.6702879396019321] and parameters: {'n_estimators': 225, 'learning_rate': 0.04872420129560894, 'subsample': 0.9046478461314871, 'colsample_bytree': 0.6950550175969599, 'min_child_weight': 10}.
[I 2026-05-15 18:29:35,530] Trial 213 finished with values: [0.23567140620738286, 0.6206682267696936] and parameters: {'n_estimators': 238, 'learning_rate': 0.01412166070620751, 'subsample': 0.6043350605921193, 'colsample_bytree': 0.7350460685614512, 'min_child_weight': 1}.
[I 2026-05-15 18:29:35,992] Trial 214 finished with values: [0.1982499091828463, 0.978963473727028] and parameters: {'n_estimators': 91, 'learning_rate': 0.21744977418953557, 'subsample': 0.9601672228653322, 'colsample_bytree': 0.9261845713819337, 'min_child_weight': 1}.
[I 2026-05-15 18:29:36,709] Trial 215 finished with values: [0.25961903478251647, 0.5501151127509865] and parameters: {'n_estimators': 238, 'learning_rate': 0.029625450352016573, 'subsample': 0.8550229885420852, 'colsample_bytree': 0.9261845713819337, 'min_child_weight': 10}.
[I 2026-05-15 18:29:37,644] Trial 216 finished with values: [0.265418370283012, 0.5407256240970862] and parameters: {'n_estimators': 478, 'learning_rate': 0.013313275850595153, 'subsample': 0.6646514856378455, 'colsample_bytree': 0.9594216754108317, 'min_child_weight': 10}.
[I 2026-05-15 18:29:38,354] Trial 217 finished with values: [0.26879959083322413, 0.5326632555808796] and parameters: {'n_estimators': 238, 'learning_rate': 0.012184186502221764, 'subsample': 0.6646514856378455, 'colsample_bytree': 0.9594216754108317, 'min_child_weight': 10}.
[I 2026-05-15 18:29:39,004] Trial 218 finished with values: [0.2499570765048218, 0.6071252276860081] and parameters: {'n_estimators': 308, 'learning_rate': 0.02516607127550297, 'subsample': 0.8527348848679197, 'colsample_bytree': 0.7793782087913279, 'min_child_weight': 10}.
