[I 2026-05-15 18:30:22,614] Trial 286 finished with values: [0.2486790875836185, 0.4986256021212981] and parameters: {'n_estimators': 238, 'learning_rate': 0.0212853192163843, 'subsample': 0.637469907131237, 'colsample_bytree': 0.82272050498334, 'min_child_weight': 10}.
[I 2026-05-15 18:30:23,441] Trial 287 finished with values: [0.24103116517445664, 0.6254624630775016] and parameters: {'n_estimators': 339, 'learning_rate': 0.010639368372762009, 'subsample': 0.6296178606936361, 'colsample_bytree': 0.9468289274320415, 'min_child_weight': 2}.
[I 2026-05-15 18:30:24,450] Trial 288 finished with values: [0.265418370283012, 0.5407256240970862] and parameters: {'n_estimators': 478, 'learning_rate': 0.013313275850595153, 'subsample': 0.6646514856378455, 'colsample_bytree': 0.9594216754108317, 'min_child_weight': 10}.
[I 2026-05-15 18:30:25,056] Trial 289 finished with values: [0.24132415703162663, 0.5432717458341486] and parameters: {'n_estimators': 238, 'learning_rate': 0.029625450352016573, 'subsample': 0.6295186258941595, 'colsample_bytree': 0.9594216754108317, 'min_child_weight': 10}.
[I 2026-05-15 18:30:25,935] Trial 290 finished with values: [0.1919419076714423, 0.5021900657987766] and parameters: {'n_estimators': 378, 'learning_rate': 0.13780336485751998, 'subsample': 0.6296178606936361, 'colsample_bytree': 0.8215417137605283, 'min_child_weight': 2}.
[I 2026-05-15 18:30:26,604] Trial 291 finished with values: [0.25008738938414943, 0.5206213384624775] and parameters: {'n_estimators': 324, 'learning_rate': 0.0212853192163843, 'subsample': 0.6260206371941118, 'colsample_bytree': 0.9795542149013333, 'min_child_weight': 10}.
[I 2026-05-15 18:30:27,089] Trial 292 finished with values: [0.25072393236106866, 0.5516293892413017] and parameters: {'n_estimators': 64, 'learning_rate': 0.028180680291847244, 'subsample': 0.6296178606936361, 'colsample_bytree': 0.82272050498334, 'min_child_weight': 4}.
[I 2026-05-15 18:30:27,834] Trial 293 finished with values: [0.21381151903436185, 0.45371150378039166] and parameters: {'n_estimators': 324, 'learning_rate': 0.08710745900492396, 'subsample': 0.6260206371941118, 'colsample_bytree': 0.6282274989601719, 'min_child_weight': 3}.
[I 2026-05-15 18:30:28,669] Trial 294 finished with values: [0.22214052144207716, 0.6093244173800094] and parameters: {'n_estimators': 487, 'learning_rate': 0.030245085073501415, 'subsample': 0.6296178606936361, 'colsample_bytree': 0.8092391376680595, 'min_child_weight': 3}.
/home/mklemmingen/PycharmProjects/migraine-forecasting-shd/.venv/lib/python3.13/site-packages/sklearn/linear_model/_sag.py:348: ConvergenceWarning: The max_iter was reached which means the coef_ did not converge
  warnings.warn(
[I 2026-05-15 18:30:29,298] Trial 295 finished with values: [0.28315142205575566, 0.6474153126914525] and parameters: {'n_estimators': 91, 'learning_rate': 0.016149614799999188, 'subsample': 0.9601672228653322, 'colsample_bytree': 0.6020246335384875, 'min_child_weight': 4}.
[I 2026-05-15 18:30:29,764] Trial 296 finished with values: [0.258062440953444, 0.5840339300459725] and parameters: {'n_estimators': 91, 'learning_rate': 0.08505465867325865, 'subsample': 0.6479461469334731, 'colsample_bytree': 0.7350460685614512, 'min_child_weight': 10}.
[I 2026-05-15 18:30:30,493] Trial 297 finished with values: [0.2391892479704228, 0.6040638695506623] and parameters: {'n_estimators': 324, 'learning_rate': 0.0178601378893971, 'subsample': 0.6260206371941118, 'colsample_bytree': 0.8782994755938469, 'min_child_weight': 5}.
[I 2026-05-15 18:30:31,141] Trial 298 finished with values: [0.19376869883802975, 0.8758878779809691] and parameters: {'n_estimators': 339, 'learning_rate': 0.0845238710259589, 'subsample': 0.9601672228653322, 'colsample_bytree': 0.6020246335384875, 'min_child_weight': 1}.
[I 2026-05-15 18:30:31,817] Trial 299 finished with values: [0.18582610299356736, 0.43855666670403065] and parameters: {'n_estimators': 313, 'learning_rate': 0.21434810637527812, 'subsample': 0.6296178606936361, 'colsample_bytree': 0.7350460685614512, 'min_child_weight': 2}.
[I 2026-05-15 18:30:32,633] Trial 300 finished with values: [0.23564827718809522, 0.6280527887132793] and parameters: {'n_estimators': 313, 'learning_rate': 0.01167158438611932, 'subsample': 0.7552679704826087, 'colsample_bytree': 0.7350460685614512, 'min_child_weight': 4}.
[I 2026-05-15 18:30:33,221] Trial 301 finished with values: [0.29511742560688475, 0.5863326256448677] and parameters: {'n_estimators': 176, 'learning_rate': 0.019657448966046126, 'subsample': 0.9046042526869889, 'colsample_bytree': 0.9468289274320415, 'min_child_weight': 9}.
[I 2026-05-15 18:30:33,817] Trial 302 finished with values: [0.23768488536500404, 0.8208539087641418] and parameters: {'n_estimators': 324, 'learning_rate': 0.0212853192163843, 'subsample': 0.9801645936306235, 'colsample_bytree': 0.82272050498334, 'min_child_weight': 3}.
/home/mklemmingen/PycharmProjects/migraine-forecasting-shd/.venv/lib/python3.13/site-packages/sklearn/linear_model/_sag.py:348: ConvergenceWarning: The max_iter was reached which means the coef_ did not converge
  warnings.warn(
[I 2026-05-15 18:30:34,315] Trial 303 finished with values: [0.25074801942144365, 0.5969680408304736] and parameters: {'n_estimators': 64, 'learning_rate': 0.013313275850595153, 'subsample': 0.7257423924305306, 'colsample_bytree': 0.9594216754108317, 'min_child_weight': 10}.
[I 2026-05-15 18:30:34,996] Trial 304 finished with values: [0.2724126836791428, 0.584362014051831] and parameters: {'n_estimators': 294, 'learning_rate': 0.016149614799999188, 'subsample': 0.9208787923016158, 'colsample_bytree': 0.6298202574719083, 'min_child_weight': 10}.
[I 2026-05-15 18:30:35,523] Trial 305 finished with values: [0.21047776203923946, 0.6185837133932498] and parameters: {'n_estimators': 64, 'learning_rate': 0.20655112155089347, 'subsample': 0.6260206371941118, 'colsample_bytree': 0.9795542149013333, 'min_child_weight': 10}.
/home/mklemmingen/PycharmProjects/migraine-forecasting-shd/.venv/lib/python3.13/site-packages/sklearn/linear_model/_sag.py:348: ConvergenceWarning: The max_iter was reached which means the coef_ did not converge
  warnings.warn(
[I 2026-05-15 18:30:36,122] Trial 306 finished with values: [0.2795772763741083, 0.6059035469357085] and parameters: {'n_estimators': 70, 'learning_rate': 0.02516607127550297, 'subsample': 0.7822627011142852, 'colsample_bytree': 0.8480530391206147, 'min_child_weight': 10}.
[I 2026-05-15 18:30:36,788] Trial 307 finished with values: [0.2735602436052906, 0.6724740705870584] and parameters: {'n_estimators': 225, 'learning_rate': 0.02516607127550297, 'subsample': 0.9718790609370292, 'colsample_bytree': 0.7350460685614512, 'min_child_weight': 9}.
[I 2026-05-15 18:30:37,467] Trial 308 finished with values: [0.25287836777797323, 0.5093461640228678] and parameters: {'n_estimators': 175, 'learning_rate': 0.030245085073501415, 'subsample': 0.6334002866794675, 'colsample_bytree': 0.9570235993959911, 'min_child_weight': 10}.
[I 2026-05-15 18:30:38,107] Trial 309 finished with values: [0.21841024171196444, 0.8155542576017313] and parameters: {'n_estimators': 294, 'learning_rate': 0.019657448966046126, 'subsample': 0.9046042526869889, 'colsample_bytree': 0.6298202574719083, 'min_child_weight': 2}.
[I 2026-05-15 18:30:38,815] Trial 310 finished with values: [0.23468219787156808, 0.5870566837606026] and parameters: {'n_estimators': 293, 'learning_rate': 0.08710745900492396, 'subsample': 0.616291520927588, 'colsample_bytree': 0.7854793619759929, 'min_child_weight': 10}.
[I 2026-05-15 18:30:39,349] Trial 311 finished with values: [0.2556478544101784, 0.4983392667668046] and parameters: {'n_estimators': 156, 'learning_rate': 0.030245085073501415, 'subsample': 0.6296178606936361, 'colsample_bytree': 0.7413408912104211, 'min_child_weight': 9}.
[I 2026-05-15 18:30:40,000] Trial 312 finished with values: [0.22542150803261807, 0.5416719874861678] and parameters: {'n_estimators': 294, 'learning_rate': 0.07279991098092103, 'subsample': 0.6310938547859939, 'colsample_bytree': 0.6298202574719083, 'min_child_weight': 10}.
[I 2026-05-15 18:30:40,724] Trial 313 finished with values: [0.21217729099868493, 0.4985347484655245] and parameters: {'n_estimators': 324, 'learning_rate': 0.27497884337724565, 'subsample': 0.6260206371941118, 'colsample_bytree': 0.9944842977918411, 'min_child_weight': 10}.
[I 2026-05-15 18:30:41,707] Trial 314 finished with values: [0.22161828458289454, 0.6241143021453881] and parameters: {'n_estimators': 364, 'learning_rate': 0.06192689958760303, 'subsample': 0.7257423924305306, 'colsample_bytree': 0.8034282764658811, 'min_child_weight': 10}.
[I 2026-05-15 18:30:42,375] Trial 315 finished with values: [0.2974948715294809, 0.6410978743550937] and parameters: {'n_estimators': 294, 'learning_rate': 0.016149614799999188, 'subsample': 0.9208787923016158, 'colsample_bytree': 0.6571966728211344, 'min_child_weight': 8}.
[I 2026-05-15 18:30:42,951] Trial 316 finished with values: [0.22369890525545788, 0.5304765487403567] and parameters: {'n_estimators': 91, 'learning_rate': 0.10206664092951903, 'subsample': 0.6284754593840916, 'colsample_bytree': 0.7238110465145311, 'min_child_weight': 9}.
[I 2026-05-15 18:30:43,677] Trial 317 finished with values: [0.2641342507826469, 0.5350790102921652] and parameters: {'n_estimators': 358, 'learning_rate': 0.017386210661369347, 'subsample': 0.6296178606936361, 'colsample_bytree': 0.7351980627406143, 'min_child_weight': 10}.
[I 2026-05-15 18:30:44,189] Trial 318 finished with values: [0.26979826575817406, 0.6960059196463245] and parameters: {'n_estimators': 91, 'learning_rate': 0.0212853192163843, 'subsample': 0.9290148971692676, 'colsample_bytree': 0.9799199653167696, 'min_child_weight': 3}.
[I 2026-05-15 18:30:45,030] Trial 319 finished with values: [0.2280441527826273, 0.6890686410286355] and parameters: {'n_estimators': 377, 'learning_rate': 0.01412166070620751, 'subsample': 0.6646514856378455, 'colsample_bytree': 0.9594216754108317, 'min_child_weight': 3}.
[I 2026-05-15 18:30:45,492] Trial 320 finished with values: [0.23493951750554962, 0.6538102531172455] and parameters: {'n_estimators': 70, 'learning_rate': 0.08055428067442477, 'subsample': 0.9002459006563434, 'colsample_bytree': 0.9637281608315128, 'min_child_weight': 10}.
[I 2026-05-15 18:30:46,113] Trial 321 finished with values: [0.22928618823657976, 0.6142708665120286] and parameters: {'n_estimators': 339, 'learning_rate': 0.04147588661423153, 'subsample': 0.6646514856378455, 'colsample_bytree': 0.7351980627406143, 'min_child_weight': 8}.
/home/mklemmingen/PycharmProjects/migraine-forecasting-shd/.venv/lib/python3.13/site-packages/sklearn/linear_model/_sag.py:348: ConvergenceWarning: The max_iter was reached which means the coef_ did not converge
  warnings.warn(
[I 2026-05-15 18:30:46,642] Trial 322 finished with values: [0.2524585896663724, 0.5483528641374071] and parameters: {'n_estimators': 91, 'learning_rate': 0.01412166070620751, 'subsample': 0.637469907131237, 'colsample_bytree': 0.82272050498334, 'min_child_weight': 9}.
[I 2026-05-15 18:30:47,208] Trial 323 finished with values: [0.27306557808042564, 0.6080084939184599] and parameters: {'n_estimators': 156, 'learning_rate': 0.019657448966046126, 'subsample': 0.9718790609370292, 'colsample_bytree': 0.9730913933416053, 'min_child_weight': 8}.
/home/mklemmingen/PycharmProjects/migraine-forecasting-shd/.venv/lib/python3.13/site-packages/sklearn/linear_model/_sag.py:348: ConvergenceWarning: The max_iter was reached which means the coef_ did not converge
  warnings.warn(
[I 2026-05-15 18:30:47,867] Trial 324 finished with values: [0.25503229121366533, 0.5868917156922674] and parameters: {'n_estimators': 91, 'learning_rate': 0.017303875834205888, 'subsample': 0.9718790609370292, 'colsample_bytree': 0.6020246335384875, 'min_child_weight': 9}.
/home/mklemmingen/PycharmProjects/migraine-forecasting-shd/.venv/lib/python3.13/site-packages/sklearn/linear_model/_sag.py:348: ConvergenceWarning: The max_iter was reached which means the coef_ did not converge
  warnings.warn(
[I 2026-05-15 18:30:48,475] Trial 325 finished with values: [0.2933871436371468, 0.627906123997754] and parameters: {'n_estimators': 70, 'learning_rate': 0.012184186502221764, 'subsample': 0.6646514856378455, 'colsample_bytree': 0.6105467897989008, 'min_child_weight': 3}.
[I 2026-05-15 18:30:49,073] Trial 326 finished with values: [0.2486790875836185, 0.4986256021212981] and parameters: {'n_estimators': 238, 'learning_rate': 0.0212853192163843, 'subsample': 0.637469907131237, 'colsample_bytree': 0.82272050498334, 'min_child_weight': 10}.
[I 2026-05-15 18:30:49,692] Trial 327 finished with values: [0.2544048136358469, 0.5442930102038591] and parameters: {'n_estimators': 294, 'learning_rate': 0.016149614799999188, 'subsample': 0.7505853467512198, 'colsample_bytree': 0.6298202574719083, 'min_child_weight': 10}.
[I 2026-05-15 18:30:50,416] Trial 328 finished with values: [0.24482855524599118, 0.5291654230308709] and parameters: {'n_estimators': 339, 'learning_rate': 0.012184186502221764, 'subsample': 0.6296178606936361, 'colsample_bytree': 0.6298202574719083, 'min_child_weight': 10}.
[I 2026-05-15 18:30:51,004] Trial 329 finished with values: [0.2550385723756424, 0.5807493345949043] and parameters: {'n_estimators': 64, 'learning_rate': 0.15750181143068478, 'subsample': 0.6579579488364892, 'colsample_bytree': 0.9949104517259778, 'min_child_weight': 10}.
/home/mklemmingen/PycharmProjects/migraine-forecasting-shd/.venv/lib/python3.13/site-packages/sklearn/linear_model/_sag.py:348: ConvergenceWarning: The max_iter was reached which means the coef_ did not converge
  warnings.warn(
[I 2026-05-15 18:30:51,532] Trial 330 finished with values: [0.2510214841390432, 0.5999477672602194] and parameters: {'n_estimators': 70, 'learning_rate': 0.016149614799999188, 'subsample': 0.9718790609370292, 'colsample_bytree': 0.6601667564414112, 'min_child_weight': 10}.
/home/mklemmingen/PycharmProjects/migraine-forecasting-shd/.venv/lib/python3.13/site-packages/sklearn/linear_model/_sag.py:348: ConvergenceWarning: The max_iter was reached which means the coef_ did not converge
  warnings.warn(
[I 2026-05-15 18:30:52,063] Trial 331 finished with values: [0.25234292211423487, 0.5735035391027147] and parameters: {'n_estimators': 91, 'learning_rate': 0.017303875834205888, 'subsample': 0.6296178606936361, 'colsample_bytree': 0.7351980627406143, 'min_child_weight': 1}.
[I 2026-05-15 18:30:52,703] Trial 332 finished with values: [0.2741738775957183, 0.6262745177124787] and parameters: {'n_estimators': 156, 'learning_rate': 0.019657448966046126, 'subsample': 0.9314950036607718, 'colsample_bytree': 0.9261845713819337, 'min_child_weight': 4}.
[I 2026-05-15 18:30:53,375] Trial 333 finished with values: [0.18839875071797038, 0.5939683569581357] and parameters: {'n_estimators': 194, 'learning_rate': 0.21434810637527812, 'subsample': 0.6296178606936361, 'colsample_bytree': 0.7350460685614512, 'min_child_weight': 2}.
[I 2026-05-15 18:30:53,971] Trial 334 finished with values: [0.240700092132293, 0.4537662173986402] and parameters: {'n_estimators': 100, 'learning_rate': 0.10206664092951903, 'subsample': 0.6284754593840916, 'colsample_bytree': 0.7275902521175045, 'min_child_weight': 10}.
[I 2026-05-15 18:30:54,672] Trial 335 finished with values: [0.2506266852609036, 0.619753915408758] and parameters: {'n_estimators': 317, 'learning_rate': 0.012184186502221764, 'subsample': 0.9002459006563434, 'colsample_bytree': 0.9594216754108317, 'min_child_weight': 7}.
[I 2026-05-15 18:30:55,330] Trial 336 finished with values: [0.23737527242162998, 0.7016418330635137] and parameters: {'n_estimators': 221, 'learning_rate': 0.27082027345327275, 'subsample': 0.6646514856378455, 'colsample_bytree': 0.9795542149013333, 'min_child_weight': 10}.
[I 2026-05-15 18:30:56,009] Trial 337 finished with values: [0.2874150753462592, 0.5792861453686382] and parameters: {'n_estimators': 156, 'learning_rate': 0.019657448966046126, 'subsample': 0.9718790609370292, 'colsample_bytree': 0.9368475692542835, 'min_child_weight': 9}.
[I 2026-05-15 18:30:56,693] Trial 338 finished with values: [0.26531285520518344, 0.54922684824609] and parameters: {'n_estimators': 156, 'learning_rate': 0.0178601378893971, 'subsample': 0.7874772639179881, 'colsample_bytree': 0.9468289274320415, 'min_child_weight': 8}.
[I 2026-05-15 18:30:57,388] Trial 339 finished with values: [0.27782873147810233, 0.5932388787630607] and parameters: {'n_estimators': 156, 'learning_rate': 0.016149614799999188, 'subsample': 0.9314950036607718, 'colsample_bytree': 0.9468289274320415, 'min_child_weight': 10}.
[I 2026-05-15 18:30:58,149] Trial 340 finished with values: [0.19956677644910611, 0.8976057422977256] and parameters: {'n_estimators': 324, 'learning_rate': 0.04099573751320915, 'subsample': 0.9314950036607718, 'colsample_bytree': 0.9760920965699831, 'min_child_weight': 3}.
[I 2026-05-15 18:30:58,831] Trial 341 finished with values: [0.25624145181929125, 0.6095675727751104] and parameters: {'n_estimators': 156, 'learning_rate': 0.012113606011086922, 'subsample': 0.9046042526869889, 'colsample_bytree': 0.8245108790277985, 'min_child_weight': 8}.
[I 2026-05-15 18:30:59,407] Trial 342 finished with values: [0.2684962964246712, 0.6205846358984984] and parameters: {'n_estimators': 66, 'learning_rate': 0.08710745900492396, 'subsample': 0.9046478461314871, 'colsample_bytree': 0.6282274989601719, 'min_child_weight': 10}.
[I 2026-05-15 18:30:59,870] Trial 343 finished with values: [0.2161826903092098, 0.7007449320245083] and parameters: {'n_estimators': 91, 'learning_rate': 0.18936503889340725, 'subsample': 0.925160403652031, 'colsample_bytree': 0.7350460685614512, 'min_child_weight': 10}.
[I 2026-05-15 18:31:00,585] Trial 344 finished with values: [0.25478620920528794, 0.7183357692875212] and parameters: {'n_estimators': 294, 'learning_rate': 0.02516607127550297, 'subsample': 0.9208787923016158, 'colsample_bytree': 0.6298202574719083, 'min_child_weight': 10}.
[I 2026-05-15 18:31:01,457] Trial 345 finished with values: [0.23130628045683993, 0.5116441174771509] and parameters: {'n_estimators': 420, 'learning_rate': 0.030245085073501415, 'subsample': 0.6334002866794675, 'colsample_bytree': 0.9986547348295621, 'min_child_weight': 10}.
[I 2026-05-15 18:31:02,090] Trial 346 finished with values: [0.22409596070741875, 0.45010672468036744] and parameters: {'n_estimators': 300, 'learning_rate': 0.13673750637076953, 'subsample': 0.6296178606936361, 'colsample_bytree': 0.9637281608315128, 'min_child_weight': 10}.
/home/mklemmingen/PycharmProjects/migraine-forecasting-shd/.venv/lib/python3.13/site-packages/sklearn/linear_model/_sag.py:348: ConvergenceWarning: The max_iter was reached which means the coef_ did not converge
  warnings.warn(
[I 2026-05-15 18:31:02,786] Trial 347 finished with values: [0.28381385494651173, 0.6109034301106814] and parameters: {'n_estimators': 120, 'learning_rate': 0.012184186502221764, 'subsample': 0.6646514856378455, 'colsample_bytree': 0.9594216754108317, 'min_child_weight': 3}.
[I 2026-05-15 18:31:03,611] Trial 348 finished with values: [0.215513194821415, 0.5903062731474324] and parameters: {'n_estimators': 398, 'learning_rate': 0.08710745900492396, 'subsample': 0.602208846849441, 'colsample_bytree': 0.9779062919529712, 'min_child_weight': 9}.
[I 2026-05-15 18:31:04,265] Trial 349 finished with values: [0.24629368612699043, 0.5443126658186307] and parameters: {'n_estimators': 161, 'learning_rate': 0.012184186502221764, 'subsample': 0.7802176541240374, 'colsample_bytree': 0.6571966728211344, 'min_child_weight': 10}.
/home/mklemmingen/PycharmProjects/migraine-forecasting-shd/.venv/lib/python3.13/site-packages/sklearn/linear_model/_sag.py:348: ConvergenceWarning: The max_iter was reached which means the coef_ did not converge
  warnings.warn(
[I 2026-05-15 18:31:04,793] Trial 350 finished with values: [0.28985891114729956, 0.6402327382510846] and parameters: {'n_estimators': 91, 'learning_rate': 0.015516155285628185, 'subsample': 0.9601672228653322, 'colsample_bytree': 0.6105467897989008, 'min_child_weight': 1}.
[I 2026-05-15 18:31:05,432] Trial 351 finished with values: [0.22088502265516916, 0.6044188346909303] and parameters: {'n_estimators': 156, 'learning_rate': 0.25659550869174796, 'subsample': 0.637469907131237, 'colsample_bytree': 0.7351980627406143, 'min_child_weight': 7}.
[I 2026-05-15 18:31:06,059] Trial 352 finished with values: [0.2254449711351953, 0.4856424607910519] and parameters: {'n_estimators': 153, 'learning_rate': 0.09821625213821766, 'subsample': 0.6284754593840916, 'colsample_bytree': 0.8472512961831583, 'min_child_weight': 4}.
[I 2026-05-15 18:31:06,857] Trial 353 finished with values: [0.24461525899262337, 0.6820339561796267] and parameters: {'n_estimators': 339, 'learning_rate': 0.012184186502221764, 'subsample': 0.9718790609370292, 'colsample_bytree': 0.9594216754108317, 'min_child_weight': 8}.
[I 2026-05-15 18:31:07,527] Trial 354 finished with values: [0.26828289282243467, 0.635795004646335] and parameters: {'n_estimators': 156, 'learning_rate': 0.019657448966046126, 'subsample': 0.9718790609370292, 'colsample_bytree': 0.6454230368798516, 'min_child_weight': 8}.
[I 2026-05-15 18:31:08,052] Trial 355 finished with values: [0.28160020171351796, 0.5645760535364399] and parameters: {'n_estimators': 100, 'learning_rate': 0.10206664092951903, 'subsample': 0.6646514856378455, 'colsample_bytree': 0.9594216754108317, 'min_child_weight': 10}.
[I 2026-05-15 18:31:08,565] Trial 356 finished with values: [0.21182597617215496, 0.5283393754731358] and parameters: {'n_estimators': 120, 'learning_rate': 0.09836162684900028, 'subsample': 0.6579579488364892, 'colsample_bytree': 0.8686292782371199, 'min_child_weight': 6}.
