[I 2026-05-15 18:27:57,840] Trial 73 finished with values: [0.21644375362902807, 0.48602044114232135] and parameters: {'n_estimators': 378, 'learning_rate': 0.10519936117151477, 'subsample': 0.6296178606936361, 'colsample_bytree': 0.9468289274320415, 'min_child_weight': 2}.
[I 2026-05-15 18:27:58,693] Trial 74 finished with values: [0.24195626847164298, 0.594470735303575] and parameters: {'n_estimators': 408, 'learning_rate': 0.09836162684900028, 'subsample': 0.9046478461314871, 'colsample_bytree': 0.6950550175969599, 'min_child_weight': 8}.
[I 2026-05-15 18:27:59,434] Trial 75 finished with values: [0.2645514162228192, 0.6834420621405888] and parameters: {'n_estimators': 294, 'learning_rate': 0.01471005003927122, 'subsample': 0.9698774473114251, 'colsample_bytree': 0.9652962210225885, 'min_child_weight': 3}.
[I 2026-05-15 18:28:00,137] Trial 76 finished with values: [0.2524473002995126, 0.6213780003714449] and parameters: {'n_estimators': 355, 'learning_rate': 0.01607123851203988, 'subsample': 0.8048372233197124, 'colsample_bytree': 0.7465447373174767, 'min_child_weight': 7}.
[I 2026-05-15 18:28:00,881] Trial 77 finished with values: [0.21477306722839198, 0.6950302457357785] and parameters: {'n_estimators': 280, 'learning_rate': 0.1538583627271404, 'subsample': 0.8006065178748798, 'colsample_bytree': 0.9746919954946938, 'min_child_weight': 8}.
[I 2026-05-15 18:28:01,688] Trial 78 finished with values: [0.23851178889206864, 0.6294243575761368] and parameters: {'n_estimators': 355, 'learning_rate': 0.01058040360169664, 'subsample': 0.8599855723111061, 'colsample_bytree': 0.9232481518257668, 'min_child_weight': 7}.
[I 2026-05-15 18:28:02,275] Trial 79 finished with values: [0.24366663311485648, 0.5718463279470145] and parameters: {'n_estimators': 128, 'learning_rate': 0.05388108577817234, 'subsample': 0.7546941385202149, 'colsample_bytree': 0.9637281608315128, 'min_child_weight': 3}.
[I 2026-05-15 18:28:03,053] Trial 80 finished with values: [0.2588700657424179, 0.5764934158936892] and parameters: {'n_estimators': 339, 'learning_rate': 0.013313275850595153, 'subsample': 0.6646514856378455, 'colsample_bytree': 0.8807867509030813, 'min_child_weight': 7}.
[I 2026-05-15 18:28:03,922] Trial 81 finished with values: [0.20581198493888797, 0.8169122085364041] and parameters: {'n_estimators': 408, 'learning_rate': 0.2063696403063293, 'subsample': 0.7168578594140873, 'colsample_bytree': 0.7970070775275455, 'min_child_weight': 5}.
[I 2026-05-15 18:28:04,584] Trial 82 finished with values: [0.2853742322369012, 0.66732231962362] and parameters: {'n_estimators': 156, 'learning_rate': 0.017303875834205888, 'subsample': 0.9718790609370292, 'colsample_bytree': 0.7351980627406143, 'min_child_weight': 4}.
[I 2026-05-15 18:28:05,475] Trial 83 finished with values: [0.23305397634553918, 0.6785819031104003] and parameters: {'n_estimators': 414, 'learning_rate': 0.01471005003927122, 'subsample': 0.6390688456025535, 'colsample_bytree': 0.9509357413523924, 'min_child_weight': 1}.
[I 2026-05-15 18:28:06,136] Trial 84 finished with values: [0.22341922128567254, 0.6009566873266632] and parameters: {'n_estimators': 207, 'learning_rate': 0.1131225105716033, 'subsample': 0.9588441039810308, 'colsample_bytree': 0.8245108790277985, 'min_child_weight': 8}.
[I 2026-05-15 18:28:06,806] Trial 85 finished with values: [0.1895467064210481, 0.6097768288008462] and parameters: {'n_estimators': 215, 'learning_rate': 0.21149322814164553, 'subsample': 0.8313120563984696, 'colsample_bytree': 0.8532405829093072, 'min_child_weight': 4}.
[I 2026-05-15 18:28:07,279] Trial 86 finished with values: [0.2799588159664887, 0.5933520839226837] and parameters: {'n_estimators': 66, 'learning_rate': 0.04872420129560894, 'subsample': 0.9046478461314871, 'colsample_bytree': 0.6950550175969599, 'min_child_weight': 10}.
[I 2026-05-15 18:28:07,884] Trial 87 finished with values: [0.24534338483765028, 0.5879966828283448] and parameters: {'n_estimators': 294, 'learning_rate': 0.05838706626832953, 'subsample': 0.881207583558071, 'colsample_bytree': 0.9746919954946938, 'min_child_weight': 10}.
[I 2026-05-15 18:28:08,549] Trial 88 finished with values: [0.24831374417118263, 0.6704084562541273] and parameters: {'n_estimators': 179, 'learning_rate': 0.025985724173338116, 'subsample': 0.7168578594140873, 'colsample_bytree': 0.7465447373174767, 'min_child_weight': 2}.
[I 2026-05-15 18:28:09,251] Trial 89 finished with values: [0.25729961477936725, 0.5337191674670073] and parameters: {'n_estimators': 238, 'learning_rate': 0.0212853192163843, 'subsample': 0.6479461469334731, 'colsample_bytree': 0.7350460685614512, 'min_child_weight': 10}.
[I 2026-05-15 18:28:09,929] Trial 90 finished with values: [0.20872325074926903, 0.871130541069039] and parameters: {'n_estimators': 348, 'learning_rate': 0.028869220380495747, 'subsample': 0.8363333042276043, 'colsample_bytree': 0.8186841117373118, 'min_child_weight': 1}.
[I 2026-05-15 18:28:10,669] Trial 91 finished with values: [0.23810294550201805, 0.8062587701216517] and parameters: {'n_estimators': 468, 'learning_rate': 0.01351182947645082, 'subsample': 0.9866619276174678, 'colsample_bytree': 0.6149392754996857, 'min_child_weight': 4}.
[I 2026-05-15 18:28:11,495] Trial 92 finished with values: [0.19924833071229, 0.9060517195933869] and parameters: {'n_estimators': 347, 'learning_rate': 0.16111511355977057, 'subsample': 0.8550229885420852, 'colsample_bytree': 0.8118602313424026, 'min_child_weight': 5}.
[I 2026-05-15 18:28:12,434] Trial 93 finished with values: [0.22364011898777686, 0.6434481453386696] and parameters: {'n_estimators': 420, 'learning_rate': 0.03404436610591982, 'subsample': 0.6508242050607539, 'colsample_bytree': 0.6254233401144095, 'min_child_weight': 6}.
[I 2026-05-15 18:28:13,146] Trial 94 finished with values: [0.19088418328968393, 0.6423299164921442] and parameters: {'n_estimators': 339, 'learning_rate': 0.13720623374101712, 'subsample': 0.6863284109987373, 'colsample_bytree': 0.8491561903276001, 'min_child_weight': 1}.
[I 2026-05-15 18:28:13,905] Trial 95 finished with values: [0.22594100738796782, 0.6655664652546833] and parameters: {'n_estimators': 225, 'learning_rate': 0.01607123851203988, 'subsample': 0.7168578594140873, 'colsample_bytree': 0.7465447373174767, 'min_child_weight': 1}.
[I 2026-05-15 18:28:14,396] Trial 96 finished with values: [0.21970719677892053, 0.7748696290032214] and parameters: {'n_estimators': 128, 'learning_rate': 0.10485733570643786, 'subsample': 0.8125418526272592, 'colsample_bytree': 0.8736932106048627, 'min_child_weight': 2}.
[I 2026-05-15 18:28:15,123] Trial 97 finished with values: [0.2121110416947752, 0.5734595941268912] and parameters: {'n_estimators': 293, 'learning_rate': 0.1538583627271404, 'subsample': 0.6746280235544143, 'colsample_bytree': 0.9570235993959911, 'min_child_weight': 10}.
[I 2026-05-15 18:28:16,013] Trial 98 finished with values: [0.25953324496379215, 0.6631327804141056] and parameters: {'n_estimators': 439, 'learning_rate': 0.030245085073501415, 'subsample': 0.8985965620472096, 'colsample_bytree': 0.8598531596188859, 'min_child_weight': 9}.
[I 2026-05-15 18:28:16,881] Trial 99 finished with values: [0.22050781581476783, 0.6931591097315735] and parameters: {'n_estimators': 426, 'learning_rate': 0.01471005003927122, 'subsample': 0.8549719605992826, 'colsample_bytree': 0.9509357413523924, 'min_child_weight': 3}.
[I 2026-05-15 18:28:17,647] Trial 100 finished with values: [0.24510875679607858, 0.560600589334109] and parameters: {'n_estimators': 377, 'learning_rate': 0.022587177280197233, 'subsample': 0.6579579488364892, 'colsample_bytree': 0.9637281608315128, 'min_child_weight': 10}.
[I 2026-05-15 18:28:18,415] Trial 101 finished with values: [0.2514516293115414, 0.6049946923977828] and parameters: {'n_estimators': 355, 'learning_rate': 0.01058040360169664, 'subsample': 0.8048372233197124, 'colsample_bytree': 0.6905983100791752, 'min_child_weight': 7}.
[I 2026-05-15 18:28:19,337] Trial 102 finished with values: [0.23976265338379274, 0.6648635720833762] and parameters: {'n_estimators': 487, 'learning_rate': 0.030245085073501415, 'subsample': 0.8985965620472096, 'colsample_bytree': 0.8598531596188859, 'min_child_weight': 9}.
[I 2026-05-15 18:28:20,272] Trial 103 finished with values: [0.20530460364651212, 0.8501800687246887] and parameters: {'n_estimators': 490, 'learning_rate': 0.017303875834205888, 'subsample': 0.9718790609370292, 'colsample_bytree': 0.9795542149013333, 'min_child_weight': 4}.
[I 2026-05-15 18:28:20,836] Trial 104 finished with values: [0.25170267146428604, 0.6713784700335884] and parameters: {'n_estimators': 64, 'learning_rate': 0.09836162684900028, 'subsample': 0.9046478461314871, 'colsample_bytree': 0.6950550175969599, 'min_child_weight': 10}.
[I 2026-05-15 18:28:21,447] Trial 105 finished with values: [0.258453250655177, 0.5625125643837054] and parameters: {'n_estimators': 159, 'learning_rate': 0.017797595772834223, 'subsample': 0.8550229885420852, 'colsample_bytree': 0.6950550175969599, 'min_child_weight': 10}.
[I 2026-05-15 18:28:22,143] Trial 106 finished with values: [0.21977909372707222, 0.6614104295524168] and parameters: {'n_estimators': 324, 'learning_rate': 0.057894621409801394, 'subsample': 0.8048372233197124, 'colsample_bytree': 0.9795542149013333, 'min_child_weight': 10}.
[I 2026-05-15 18:28:22,956] Trial 107 finished with values: [0.23958083307384062, 0.7535189270105735] and parameters: {'n_estimators': 378, 'learning_rate': 0.029994793096631372, 'subsample': 0.9046478461314871, 'colsample_bytree': 0.9468289274320415, 'min_child_weight': 8}.
/home/mklemmingen/PycharmProjects/migraine-forecasting-shd/.venv/lib/python3.13/site-packages/sklearn/linear_model/_sag.py:348: ConvergenceWarning: The max_iter was reached which means the coef_ did not converge
  warnings.warn(
[I 2026-05-15 18:28:23,586] Trial 108 finished with values: [0.27716171149344426, 0.6109869369995474] and parameters: {'n_estimators': 91, 'learning_rate': 0.01412166070620751, 'subsample': 0.9314950036607718, 'colsample_bytree': 0.6020246335384875, 'min_child_weight': 3}.
[I 2026-05-15 18:28:24,443] Trial 109 finished with values: [0.2415726757261814, 0.5589373505029259] and parameters: {'n_estimators': 408, 'learning_rate': 0.0212853192163843, 'subsample': 0.6296178606936361, 'colsample_bytree': 0.7433862914177091, 'min_child_weight': 10}.
[I 2026-05-15 18:28:25,220] Trial 110 finished with values: [0.21020068753574153, 0.7711011928761331] and parameters: {'n_estimators': 439, 'learning_rate': 0.030245085073501415, 'subsample': 0.8985965620472096, 'colsample_bytree': 0.8598531596188859, 'min_child_weight': 3}.
[I 2026-05-15 18:28:25,908] Trial 111 finished with values: [0.21870354129030561, 0.6724468344884608] and parameters: {'n_estimators': 297, 'learning_rate': 0.10519936117151477, 'subsample': 0.8607845038010402, 'colsample_bytree': 0.7755885682822544, 'min_child_weight': 7}.
[I 2026-05-15 18:28:26,531] Trial 112 finished with values: [0.23310058207609127, 0.6759730360483885] and parameters: {'n_estimators': 91, 'learning_rate': 0.21149322814164553, 'subsample': 0.9601672228653322, 'colsample_bytree': 0.8245108790277985, 'min_child_weight': 8}.
/home/mklemmingen/PycharmProjects/migraine-forecasting-shd/.venv/lib/python3.13/site-packages/sklearn/linear_model/_sag.py:348: ConvergenceWarning: The max_iter was reached which means the coef_ did not converge
  warnings.warn(
[I 2026-05-15 18:28:27,034] Trial 113 finished with values: [0.2515944976983932, 0.6101606758646986] and parameters: {'n_estimators': 54, 'learning_rate': 0.030245085073501415, 'subsample': 0.8654007076432223, 'colsample_bytree': 0.8598531596188859, 'min_child_weight': 9}.
/home/mklemmingen/PycharmProjects/migraine-forecasting-shd/.venv/lib/python3.13/site-packages/sklearn/linear_model/_sag.py:348: ConvergenceWarning: The max_iter was reached which means the coef_ did not converge
  warnings.warn(
[I 2026-05-15 18:28:27,548] Trial 114 finished with values: [0.2462005311834227, 0.5656214670723496] and parameters: {'n_estimators': 91, 'learning_rate': 0.01412166070620751, 'subsample': 0.6313825525369063, 'colsample_bytree': 0.6020246335384875, 'min_child_weight': 8}.
[I 2026-05-15 18:28:28,299] Trial 115 finished with values: [0.18338008909052303, 0.5804983121087295] and parameters: {'n_estimators': 414, 'learning_rate': 0.21068591627429098, 'subsample': 0.6390688456025535, 'colsample_bytree': 0.8736932106048627, 'min_child_weight': 1}.
[I 2026-05-15 18:28:29,045] Trial 116 finished with values: [0.21358337866021254, 0.8722804509874168] and parameters: {'n_estimators': 414, 'learning_rate': 0.028180680291847244, 'subsample': 0.98505936587117, 'colsample_bytree': 0.8736932106048627, 'min_child_weight': 5}.
[I 2026-05-15 18:28:29,716] Trial 117 finished with values: [0.27075554268885027, 0.6324785378796369] and parameters: {'n_estimators': 238, 'learning_rate': 0.0212853192163843, 'subsample': 0.9718790609370292, 'colsample_bytree': 0.7350460685614512, 'min_child_weight': 10}.
[I 2026-05-15 18:28:30,307] Trial 118 finished with values: [0.2763473523786607, 0.5204163558434031] and parameters: {'n_estimators': 225, 'learning_rate': 0.02516607127550297, 'subsample': 0.6479461469334731, 'colsample_bytree': 0.7350460685614512, 'min_child_weight': 9}.
[I 2026-05-15 18:28:30,859] Trial 119 finished with values: [0.23161588717900367, 0.8052233769630167] and parameters: {'n_estimators': 64, 'learning_rate': 0.10666901691534954, 'subsample': 0.9601672228653322, 'colsample_bytree': 0.8532405829093072, 'min_child_weight': 8}.
[I 2026-05-15 18:28:31,660] Trial 120 finished with values: [0.22819862867672444, 0.6171907017619985] and parameters: {'n_estimators': 346, 'learning_rate': 0.04018584329485903, 'subsample': 0.7546941385202149, 'colsample_bytree': 0.6693177280283383, 'min_child_weight': 9}.
[I 2026-05-15 18:28:32,393] Trial 121 finished with values: [0.2497367650715976, 0.5879246596830884] and parameters: {'n_estimators': 180, 'learning_rate': 0.01702458290769914, 'subsample': 0.9718790609370292, 'colsample_bytree': 0.9232481518257668, 'min_child_weight': 10}.
[I 2026-05-15 18:28:33,181] Trial 122 finished with values: [0.2542581877826034, 0.6565573903218781] and parameters: {'n_estimators': 355, 'learning_rate': 0.023422815835049925, 'subsample': 0.8196906658824482, 'colsample_bytree': 0.7465447373174767, 'min_child_weight': 7}.
/home/mklemmingen/PycharmProjects/migraine-forecasting-shd/.venv/lib/python3.13/site-packages/sklearn/linear_model/_sag.py:348: ConvergenceWarning: The max_iter was reached which means the coef_ did not converge
  warnings.warn(
[I 2026-05-15 18:28:33,682] Trial 123 finished with values: [0.25322011922210647, 0.6047759876049985] and parameters: {'n_estimators': 64, 'learning_rate': 0.013313275850595153, 'subsample': 0.6646514856378455, 'colsample_bytree': 0.8034282764658811, 'min_child_weight': 7}.
[I 2026-05-15 18:28:34,528] Trial 124 finished with values: [0.2162911212015462, 0.6103264604340157] and parameters: {'n_estimators': 408, 'learning_rate': 0.11364355894710455, 'subsample': 0.6479461469334731, 'colsample_bytree': 0.6950550175969599, 'min_child_weight': 10}.
[I 2026-05-15 18:28:35,377] Trial 125 finished with values: [0.23711515077623863, 0.4793280589642146] and parameters: {'n_estimators': 294, 'learning_rate': 0.09444774154985085, 'subsample': 0.6296178606936361, 'colsample_bytree': 0.6298202574719083, 'min_child_weight': 10}.
[I 2026-05-15 18:28:36,117] Trial 126 finished with values: [0.23139775469574123, 0.6259063752319162] and parameters: {'n_estimators': 398, 'learning_rate': 0.019657448966046126, 'subsample': 0.7119735587783771, 'colsample_bytree': 0.6950550175969599, 'min_child_weight': 8}.
[I 2026-05-15 18:28:36,735] Trial 127 finished with values: [0.2254847730909105, 0.7622915182346056] and parameters: {'n_estimators': 156, 'learning_rate': 0.04872420129560894, 'subsample': 0.9046478461314871, 'colsample_bytree': 0.6950550175969599, 'min_child_weight': 4}.
[I 2026-05-15 18:28:37,582] Trial 128 finished with values: [0.19797405125149076, 0.6829678604251722] and parameters: {'n_estimators': 480, 'learning_rate': 0.12301645833176054, 'subsample': 0.8217416210045603, 'colsample_bytree': 0.8446882984937409, 'min_child_weight': 5}.
[I 2026-05-15 18:28:38,210] Trial 129 finished with values: [0.27199046731647525, 0.6126322239207507] and parameters: {'n_estimators': 238, 'learning_rate': 0.017303875834205888, 'subsample': 0.9718790609370292, 'colsample_bytree': 0.7351980627406143, 'min_child_weight': 10}.
[I 2026-05-15 18:28:38,763] Trial 130 finished with values: [0.24616975626207444, 0.6166871404213798] and parameters: {'n_estimators': 64, 'learning_rate': 0.08710745900492396, 'subsample': 0.7257423924305306, 'colsample_bytree': 0.699092395800463, 'min_child_weight': 10}.
[I 2026-05-15 18:28:39,239] Trial 131 finished with values: [0.2300833937603765, 0.5294391466963853] and parameters: {'n_estimators': 64, 'learning_rate': 0.08710745900492396, 'subsample': 0.602208846849441, 'colsample_bytree': 0.7423890714605046, 'min_child_weight': 8}.
[I 2026-05-15 18:28:40,074] Trial 132 finished with values: [0.2617845867920529, 0.5967724932146664] and parameters: {'n_estimators': 346, 'learning_rate': 0.010501731925367071, 'subsample': 0.7257423924305306, 'colsample_bytree': 0.8034282764658811, 'min_child_weight': 3}.
[I 2026-05-15 18:28:40,635] Trial 133 finished with values: [0.2764218299264315, 0.6187203162203703] and parameters: {'n_estimators': 64, 'learning_rate': 0.09836162684900028, 'subsample': 0.9046478461314871, 'colsample_bytree': 0.8034282764658811, 'min_child_weight': 10}.
[I 2026-05-15 18:28:41,468] Trial 134 finished with values: [0.22836322330643233, 0.6187965314143475] and parameters: {'n_estimators': 378, 'learning_rate': 0.01058040360169664, 'subsample': 0.8048372233197124, 'colsample_bytree': 0.7433862914177091, 'min_child_weight': 2}.
[I 2026-05-15 18:28:42,220] Trial 135 finished with values: [0.22875009467011456, 0.583264247449573] and parameters: {'n_estimators': 414, 'learning_rate': 0.028180680291847244, 'subsample': 0.6390688456025535, 'colsample_bytree': 0.8736932106048627, 'min_child_weight': 5}.
[I 2026-05-15 18:28:42,957] Trial 136 finished with values: [0.24391307557340736, 0.5119543909521551] and parameters: {'n_estimators': 293, 'learning_rate': 0.011693687409928539, 'subsample': 0.616291520927588, 'colsample_bytree': 0.9570235993959911, 'min_child_weight': 10}.
[I 2026-05-15 18:28:43,494] Trial 137 finished with values: [0.21091758903005045, 0.7045270740439896] and parameters: {'n_estimators': 203, 'learning_rate': 0.183492792986878, 'subsample': 0.8814631437520095, 'colsample_bytree': 0.78966953163493, 'min_child_weight': 3}.
[I 2026-05-15 18:28:44,111] Trial 138 finished with values: [0.18403757071412752, 0.554824461195604] and parameters: {'n_estimators': 293, 'learning_rate': 0.1538583627271404, 'subsample': 0.9588441039810308, 'colsample_bytree': 0.8245108790277985, 'min_child_weight': 1}.
[I 2026-05-15 18:28:44,681] Trial 139 finished with values: [0.21945146733282686, 0.6679640062340111] and parameters: {'n_estimators': 91, 'learning_rate': 0.21149322814164553, 'subsample': 0.6479461469334731, 'colsample_bytree': 0.7350460685614512, 'min_child_weight': 4}.
[I 2026-05-15 18:28:45,537] Trial 140 finished with values: [0.22815107172039206, 0.6795148835369211] and parameters: {'n_estimators': 414, 'learning_rate': 0.016149614799999188, 'subsample': 0.7272013899887455, 'colsample_bytree': 0.6440207698110707, 'min_child_weight': 5}.
[I 2026-05-15 18:28:46,179] Trial 141 finished with values: [0.23848651411066654, 0.5566102339674422] and parameters: {'n_estimators': 238, 'learning_rate': 0.0212853192163843, 'subsample': 0.7257423924305306, 'colsample_bytree': 0.7350460685614512, 'min_child_weight': 8}.
[I 2026-05-15 18:28:46,886] Trial 142 finished with values: [0.2407722696355706, 0.6632785100845797] and parameters: {'n_estimators': 203, 'learning_rate': 0.012184186502221764, 'subsample': 0.7893887083122263, 'colsample_bytree': 0.9509357413523924, 'min_child_weight': 2}.
[I 2026-05-15 18:28:47,694] Trial 143 finished with values: [0.21886772220650147, 0.7160967385712765] and parameters: {'n_estimators': 398, 'learning_rate': 0.043737251953017454, 'subsample': 0.9046478461314871, 'colsample_bytree': 0.9261845713819337, 'min_child_weight': 8}.
[I 2026-05-15 18:28:48,304] Trial 144 finished with values: [0.24348108836484275, 0.5128576676980209] and parameters: {'n_estimators': 238, 'learning_rate': 0.0178601378893971, 'subsample': 0.6260206371941118, 'colsample_bytree': 0.7350460685614512, 'min_child_weight': 10}.
[I 2026-05-15 18:28:49,023] Trial 145 finished with values: [0.24959592039635367, 0.618320465547875] and parameters: {'n_estimators': 355, 'learning_rate': 0.01058040360169664, 'subsample': 0.8599855723111061, 'colsample_bytree': 0.7594018937589494, 'min_child_weight': 7}.
[I 2026-05-15 18:28:49,561] Trial 146 finished with values: [0.23688455053104002, 0.7057478122936602] and parameters: {'n_estimators': 156, 'learning_rate': 0.08671821512512803, 'subsample': 0.8654007076432223, 'colsample_bytree': 0.8598531596188859, 'min_child_weight': 2}.
[I 2026-05-15 18:28:50,134] Trial 147 finished with values: [0.2498134642699592, 0.5444644175663137] and parameters: {'n_estimators': 70, 'learning_rate': 0.029385442161128397, 'subsample': 0.7498450458505885, 'colsample_bytree': 0.9637281608315128, 'min_child_weight': 10}.
[I 2026-05-15 18:28:50,874] Trial 148 finished with values: [0.24498118641431404, 0.512746905460095] and parameters: {'n_estimators': 398, 'learning_rate': 0.019657448966046126, 'subsample': 0.602208846849441, 'colsample_bytree': 0.9261845713819337, 'min_child_weight': 10}.
