[I 2026-05-15 17:34:37,120] Trial 141 finished with value: 0.7540710202503708 and parameters: {'n_estimators': 496, 'learning_rate': 0.029933377031564574, 'subsample': 0.923949778341854, 'colsample_bytree': 0.7018562619055055, 'min_child_weight': 7}. Best is trial 136 with value: 0.780698877652222.
[I 2026-05-15 17:34:37,805] Trial 142 finished with value: 0.7287221195666728 and parameters: {'n_estimators': 392, 'learning_rate': 0.07582818201673895, 'subsample': 0.7886304754200634, 'colsample_bytree': 0.7647363656589075, 'min_child_weight': 4}. Best is trial 136 with value: 0.780698877652222.
[I 2026-05-15 17:34:38,563] Trial 143 finished with value: 0.7466384244987816 and parameters: {'n_estimators': 469, 'learning_rate': 0.16862640522400024, 'subsample': 0.986010764266605, 'colsample_bytree': 0.6497188893942178, 'min_child_weight': 8}. Best is trial 136 with value: 0.780698877652222.
[I 2026-05-15 17:34:39,438] Trial 144 finished with value: 0.7701453716555596 and parameters: {'n_estimators': 473, 'learning_rate': 0.018522653992975043, 'subsample': 0.6265985069467109, 'colsample_bytree': 0.8964482597160236, 'min_child_weight': 6}. Best is trial 136 with value: 0.780698877652222.
[I 2026-05-15 17:34:40,332] Trial 145 finished with value: 0.727497754998655 and parameters: {'n_estimators': 429, 'learning_rate': 0.016086469813325163, 'subsample': 0.918106924743956, 'colsample_bytree': 0.6806509280190978, 'min_child_weight': 2}. Best is trial 136 with value: 0.780698877652222.
[I 2026-05-15 17:34:40,822] Trial 146 finished with value: 0.7616961861988502 and parameters: {'n_estimators': 124, 'learning_rate': 0.15967084837073278, 'subsample': 0.86607888827848, 'colsample_bytree': 0.8092261699076477, 'min_child_weight': 4}. Best is trial 136 with value: 0.780698877652222.
[I 2026-05-15 17:34:41,581] Trial 147 finished with value: 0.7417051157027037 and parameters: {'n_estimators': 445, 'learning_rate': 0.03799172469421923, 'subsample': 0.9266397757886309, 'colsample_bytree': 0.7756539634280873, 'min_child_weight': 4}. Best is trial 136 with value: 0.780698877652222.
[I 2026-05-15 17:34:42,173] Trial 148 finished with value: 0.7132761818214334 and parameters: {'n_estimators': 258, 'learning_rate': 0.02787222656744598, 'subsample': 0.8990437520705004, 'colsample_bytree': 0.8010881560369917, 'min_child_weight': 3}. Best is trial 136 with value: 0.780698877652222.
[I 2026-05-15 17:34:42,900] Trial 149 finished with value: 0.7450252878285853 and parameters: {'n_estimators': 455, 'learning_rate': 0.036902338018406936, 'subsample': 0.8174211444455954, 'colsample_bytree': 0.9625888443858188, 'min_child_weight': 7}. Best is trial 136 with value: 0.780698877652222.
[I 2026-05-15 17:34:43,434] Trial 150 finished with value: 0.7845127684538369 and parameters: {'n_estimators': 102, 'learning_rate': 0.24448150234693505, 'subsample': 0.851083221228567, 'colsample_bytree': 0.7339622458628344, 'min_child_weight': 2}. Best is trial 150 with value: 0.7845127684538369.
[I 2026-05-15 17:34:44,286] Trial 151 finished with value: 0.7608916030602257 and parameters: {'n_estimators': 408, 'learning_rate': 0.08239913397912682, 'subsample': 0.8133844367905286, 'colsample_bytree': 0.9575570332203831, 'min_child_weight': 8}. Best is trial 150 with value: 0.7845127684538369.
[I 2026-05-15 17:34:44,781] Trial 152 finished with value: 0.7077356391959675 and parameters: {'n_estimators': 118, 'learning_rate': 0.028870299675381083, 'subsample': 0.6993956559257863, 'colsample_bytree': 0.8975785170290708, 'min_child_weight': 1}. Best is trial 150 with value: 0.7845127684538369.
[I 2026-05-15 17:34:45,481] Trial 153 finished with value: 0.7547567369267996 and parameters: {'n_estimators': 307, 'learning_rate': 0.1337346454163836, 'subsample': 0.9507062547046998, 'colsample_bytree': 0.736832699486363, 'min_child_weight': 9}. Best is trial 150 with value: 0.7845127684538369.
[I 2026-05-15 17:34:45,948] Trial 154 finished with value: 0.7749703074190079 and parameters: {'n_estimators': 99, 'learning_rate': 0.17795601470260156, 'subsample': 0.6509954649327929, 'colsample_bytree': 0.7589149162241469, 'min_child_weight': 8}. Best is trial 150 with value: 0.7845127684538369.
[I 2026-05-15 17:34:46,463] Trial 155 finished with value: 0.7314669667198647 and parameters: {'n_estimators': 117, 'learning_rate': 0.021808817013805933, 'subsample': 0.8889010273572264, 'colsample_bytree': 0.8880146146184298, 'min_child_weight': 7}. Best is trial 150 with value: 0.7845127684538369.
[I 2026-05-15 17:34:47,186] Trial 156 finished with value: 0.755021889168516 and parameters: {'n_estimators': 362, 'learning_rate': 0.06333879703036574, 'subsample': 0.7007196235627811, 'colsample_bytree': 0.7382783974015678, 'min_child_weight': 2}. Best is trial 150 with value: 0.7845127684538369.
[I 2026-05-15 17:34:47,943] Trial 157 finished with value: 0.7488213161476175 and parameters: {'n_estimators': 459, 'learning_rate': 0.07273449366508514, 'subsample': 0.7603405667054559, 'colsample_bytree': 0.784802321457653, 'min_child_weight': 10}. Best is trial 150 with value: 0.7845127684538369.
[I 2026-05-15 17:34:48,540] Trial 158 finished with value: 0.7360473266020822 and parameters: {'n_estimators': 119, 'learning_rate': 0.07343997917165422, 'subsample': 0.8023554715537864, 'colsample_bytree': 0.8445816941738591, 'min_child_weight': 1}. Best is trial 150 with value: 0.7845127684538369.
[I 2026-05-15 17:34:49,438] Trial 159 finished with value: 0.7787635366098538 and parameters: {'n_estimators': 443, 'learning_rate': 0.23815062574705925, 'subsample': 0.8260532734356836, 'colsample_bytree': 0.8786603295507569, 'min_child_weight': 10}. Best is trial 150 with value: 0.7845127684538369.
[I 2026-05-15 17:34:50,282] Trial 160 finished with value: 0.7169864073519843 and parameters: {'n_estimators': 368, 'learning_rate': 0.016800362883013086, 'subsample': 0.8305153440667252, 'colsample_bytree': 0.8426860185531424, 'min_child_weight': 5}. Best is trial 150 with value: 0.7845127684538369.
[I 2026-05-15 17:34:51,117] Trial 161 finished with value: 0.7258335809761398 and parameters: {'n_estimators': 382, 'learning_rate': 0.23997907622316453, 'subsample': 0.9702274051627106, 'colsample_bytree': 0.7803357485616529, 'min_child_weight': 2}. Best is trial 150 with value: 0.7845127684538369.
[I 2026-05-15 17:34:51,963] Trial 162 finished with value: 0.7479320102118721 and parameters: {'n_estimators': 494, 'learning_rate': 0.1734419685281264, 'subsample': 0.6498650724813068, 'colsample_bytree': 0.9683367530469489, 'min_child_weight': 9}. Best is trial 150 with value: 0.7845127684538369.
[I 2026-05-15 17:34:52,578] Trial 163 finished with value: 0.7482143718912024 and parameters: {'n_estimators': 283, 'learning_rate': 0.07471116585141002, 'subsample': 0.7596010815480521, 'colsample_bytree': 0.6219046555288125, 'min_child_weight': 4}. Best is trial 150 with value: 0.7845127684538369.
[I 2026-05-15 17:34:53,279] Trial 164 finished with value: 0.7179575913199644 and parameters: {'n_estimators': 412, 'learning_rate': 0.010158791797488999, 'subsample': 0.7333996686764577, 'colsample_bytree': 0.7592674774363773, 'min_child_weight': 6}. Best is trial 150 with value: 0.7845127684538369.
[I 2026-05-15 17:34:54,154] Trial 165 finished with value: 0.7526294752576342 and parameters: {'n_estimators': 464, 'learning_rate': 0.03247843017843543, 'subsample': 0.738781280758491, 'colsample_bytree': 0.8950004992438994, 'min_child_weight': 5}. Best is trial 150 with value: 0.7845127684538369.
[I 2026-05-15 17:34:54,679] Trial 166 finished with value: 0.7536917915467487 and parameters: {'n_estimators': 151, 'learning_rate': 0.04659164301583207, 'subsample': 0.6563428081519199, 'colsample_bytree': 0.6705547946024893, 'min_child_weight': 5}. Best is trial 150 with value: 0.7845127684538369.
[I 2026-05-15 17:34:55,256] Trial 167 finished with value: 0.7484540386997367 and parameters: {'n_estimators': 238, 'learning_rate': 0.22456306397987974, 'subsample': 0.7449575596466532, 'colsample_bytree': 0.8322353401112174, 'min_child_weight': 7}. Best is trial 150 with value: 0.7845127684538369.
[I 2026-05-15 17:34:55,707] Trial 168 finished with value: 0.7519027084848957 and parameters: {'n_estimators': 55, 'learning_rate': 0.0955267836593859, 'subsample': 0.6712143867479006, 'colsample_bytree': 0.984428126987782, 'min_child_weight': 2}. Best is trial 150 with value: 0.7845127684538369.
[I 2026-05-15 17:34:56,289] Trial 169 finished with value: 0.7169945638118294 and parameters: {'n_estimators': 236, 'learning_rate': 0.013368165353768521, 'subsample': 0.998749700738379, 'colsample_bytree': 0.800878004132497, 'min_child_weight': 6}. Best is trial 150 with value: 0.7845127684538369.
[I 2026-05-15 17:34:56,833] Trial 170 finished with value: 0.752370242119144 and parameters: {'n_estimators': 80, 'learning_rate': 0.1281688687155785, 'subsample': 0.6839622372382343, 'colsample_bytree': 0.9592217157762855, 'min_child_weight': 3}. Best is trial 150 with value: 0.7845127684538369.
/home/mklemmingen/PycharmProjects/migraine-forecasting-shd/.venv/lib/python3.13/site-packages/sklearn/linear_model/_sag.py:348: ConvergenceWarning: The max_iter was reached which means the coef_ did not converge
  warnings.warn(
[I 2026-05-15 17:34:57,418] Trial 171 finished with value: 0.7105762068961364 and parameters: {'n_estimators': 136, 'learning_rate': 0.011323698336394534, 'subsample': 0.7888267780439997, 'colsample_bytree': 0.8259364533050466, 'min_child_weight': 1}. Best is trial 150 with value: 0.7845127684538369.
[I 2026-05-15 17:34:58,260] Trial 172 finished with value: 0.7278674650911673 and parameters: {'n_estimators': 399, 'learning_rate': 0.046726426888067565, 'subsample': 0.809756107731032, 'colsample_bytree': 0.7763050987752913, 'min_child_weight': 5}. Best is trial 150 with value: 0.7845127684538369.
[I 2026-05-15 17:34:59,040] Trial 173 finished with value: 0.7515378792027579 and parameters: {'n_estimators': 302, 'learning_rate': 0.016955424480598027, 'subsample': 0.6727712521981084, 'colsample_bytree': 0.944714248405407, 'min_child_weight': 10}. Best is trial 150 with value: 0.7845127684538369.
[I 2026-05-15 17:34:59,710] Trial 174 finished with value: 0.7119799700289656 and parameters: {'n_estimators': 218, 'learning_rate': 0.025114394464228234, 'subsample': 0.8575998172956063, 'colsample_bytree': 0.7634936684392386, 'min_child_weight': 1}. Best is trial 150 with value: 0.7845127684538369.
[I 2026-05-15 17:35:00,185] Trial 175 finished with value: 0.735399148312605 and parameters: {'n_estimators': 120, 'learning_rate': 0.1141767816030627, 'subsample': 0.8635695767640605, 'colsample_bytree': 0.6108383970013934, 'min_child_weight': 3}. Best is trial 150 with value: 0.7845127684538369.
[I 2026-05-15 17:35:00,846] Trial 176 finished with value: 0.7625800073908289 and parameters: {'n_estimators': 154, 'learning_rate': 0.09828043102035339, 'subsample': 0.6078842151017456, 'colsample_bytree': 0.6416434327938295, 'min_child_weight': 8}. Best is trial 150 with value: 0.7845127684538369.
[I 2026-05-15 17:35:01,450] Trial 177 finished with value: 0.7532284787281547 and parameters: {'n_estimators': 130, 'learning_rate': 0.09208420644826416, 'subsample': 0.6952731124186906, 'colsample_bytree': 0.639776557103738, 'min_child_weight': 3}. Best is trial 150 with value: 0.7845127684538369.
[I 2026-05-15 17:35:02,246] Trial 178 finished with value: 0.7298541726724102 and parameters: {'n_estimators': 375, 'learning_rate': 0.1836400661900525, 'subsample': 0.9320879458267967, 'colsample_bytree': 0.7588734118473819, 'min_child_weight': 7}. Best is trial 150 with value: 0.7845127684538369.
[I 2026-05-15 17:35:02,871] Trial 179 finished with value: 0.7491502865660473 and parameters: {'n_estimators': 142, 'learning_rate': 0.027102836372426303, 'subsample': 0.9585343274084479, 'colsample_bytree': 0.6052007694042943, 'min_child_weight': 1}. Best is trial 150 with value: 0.7845127684538369.
/home/mklemmingen/PycharmProjects/migraine-forecasting-shd/.venv/lib/python3.13/site-packages/sklearn/linear_model/_sag.py:348: ConvergenceWarning: The max_iter was reached which means the coef_ did not converge
  warnings.warn(
[I 2026-05-15 17:35:03,564] Trial 180 finished with value: 0.682561104067152 and parameters: {'n_estimators': 143, 'learning_rate': 0.01094438298606279, 'subsample': 0.6725741740359189, 'colsample_bytree': 0.8332166243878769, 'min_child_weight': 5}. Best is trial 150 with value: 0.7845127684538369.
[I 2026-05-15 17:35:04,408] Trial 181 finished with value: 0.7497123094829913 and parameters: {'n_estimators': 452, 'learning_rate': 0.1612364618828189, 'subsample': 0.7367269406791503, 'colsample_bytree': 0.703769373372517, 'min_child_weight': 4}. Best is trial 150 with value: 0.7845127684538369.
[I 2026-05-15 17:35:05,151] Trial 182 finished with value: 0.7429757324875764 and parameters: {'n_estimators': 316, 'learning_rate': 0.024886424308080555, 'subsample': 0.8496595631396536, 'colsample_bytree': 0.7637646608764962, 'min_child_weight': 6}. Best is trial 150 with value: 0.7845127684538369.
[I 2026-05-15 17:35:05,726] Trial 183 finished with value: 0.6999719413055505 and parameters: {'n_estimators': 246, 'learning_rate': 0.02722460781358145, 'subsample': 0.9793813227848627, 'colsample_bytree': 0.9054423176639044, 'min_child_weight': 2}. Best is trial 150 with value: 0.7845127684538369.
[I 2026-05-15 17:35:06,585] Trial 184 finished with value: 0.7320466929700855 and parameters: {'n_estimators': 441, 'learning_rate': 0.05248013978512199, 'subsample': 0.9578208907576365, 'colsample_bytree': 0.919942102378926, 'min_child_weight': 5}. Best is trial 150 with value: 0.7845127684538369.
/home/mklemmingen/PycharmProjects/migraine-forecasting-shd/.venv/lib/python3.13/site-packages/sklearn/linear_model/_sag.py:348: ConvergenceWarning: The max_iter was reached which means the coef_ did not converge
  warnings.warn(
[I 2026-05-15 17:35:07,185] Trial 185 finished with value: 0.7125382264123354 and parameters: {'n_estimators': 60, 'learning_rate': 0.024938425936488588, 'subsample': 0.8166536858643467, 'colsample_bytree': 0.8533912879304588, 'min_child_weight': 3}. Best is trial 150 with value: 0.7845127684538369.
[I 2026-05-15 17:35:07,627] Trial 186 finished with value: 0.6840489265275066 and parameters: {'n_estimators': 112, 'learning_rate': 0.17111701629080409, 'subsample': 0.9937608722814208, 'colsample_bytree': 0.8102760729210743, 'min_child_weight': 2}. Best is trial 150 with value: 0.7845127684538369.
[I 2026-05-15 17:35:08,308] Trial 187 finished with value: 0.7169822039107085 and parameters: {'n_estimators': 172, 'learning_rate': 0.01064548026606399, 'subsample': 0.9657195226241996, 'colsample_bytree': 0.6471004331560565, 'min_child_weight': 6}. Best is trial 150 with value: 0.7845127684538369.
[I 2026-05-15 17:35:08,938] Trial 188 finished with value: 0.7319768004790325 and parameters: {'n_estimators': 173, 'learning_rate': 0.06585490178883348, 'subsample': 0.8605681553407456, 'colsample_bytree': 0.9318967214828806, 'min_child_weight': 3}. Best is trial 150 with value: 0.7845127684538369.
/home/mklemmingen/PycharmProjects/migraine-forecasting-shd/.venv/lib/python3.13/site-packages/sklearn/linear_model/_sag.py:348: ConvergenceWarning: The max_iter was reached which means the coef_ did not converge
  warnings.warn(
[I 2026-05-15 17:35:09,389] Trial 189 finished with value: 0.7341935464516284 and parameters: {'n_estimators': 54, 'learning_rate': 0.01592929934470225, 'subsample': 0.960007456739242, 'colsample_bytree': 0.9495560310250061, 'min_child_weight': 6}. Best is trial 150 with value: 0.7845127684538369.
[I 2026-05-15 17:35:10,154] Trial 190 finished with value: 0.7339771210015649 and parameters: {'n_estimators': 320, 'learning_rate': 0.09601515937619896, 'subsample': 0.6701485114493798, 'colsample_bytree': 0.9657647783699839, 'min_child_weight': 5}. Best is trial 150 with value: 0.7845127684538369.
[I 2026-05-15 17:35:10,801] Trial 191 finished with value: 0.7544624323314293 and parameters: {'n_estimators': 222, 'learning_rate': 0.058412308727041146, 'subsample': 0.618786386710022, 'colsample_bytree': 0.6665133475024317, 'min_child_weight': 8}. Best is trial 150 with value: 0.7845127684538369.
[I 2026-05-15 17:35:11,386] Trial 192 finished with value: 0.7258916313225479 and parameters: {'n_estimators': 87, 'learning_rate': 0.07779090083180924, 'subsample': 0.6981396438725284, 'colsample_bytree': 0.7557182456167906, 'min_child_weight': 3}. Best is trial 150 with value: 0.7845127684538369.
[I 2026-05-15 17:35:12,035] Trial 193 finished with value: 0.748579927654015 and parameters: {'n_estimators': 210, 'learning_rate': 0.11537666720139932, 'subsample': 0.71884868624927, 'colsample_bytree': 0.8265618561187589, 'min_child_weight': 5}. Best is trial 150 with value: 0.7845127684538369.
[I 2026-05-15 17:35:12,747] Trial 194 finished with value: 0.7528535630402216 and parameters: {'n_estimators': 349, 'learning_rate': 0.24199763404822136, 'subsample': 0.8930288388841001, 'colsample_bytree': 0.6859761514363028, 'min_child_weight': 1}. Best is trial 150 with value: 0.7845127684538369.
[I 2026-05-15 17:35:13,388] Trial 195 finished with value: 0.7627194497501935 and parameters: {'n_estimators': 168, 'learning_rate': 0.07568368328637066, 'subsample': 0.6205703253937002, 'colsample_bytree': 0.7985464988804946, 'min_child_weight': 6}. Best is trial 150 with value: 0.7845127684538369.
[I 2026-05-15 17:35:14,052] Trial 196 finished with value: 0.7855490236386988 and parameters: {'n_estimators': 200, 'learning_rate': 0.13763560673020894, 'subsample': 0.6426393012535087, 'colsample_bytree': 0.6300551126943235, 'min_child_weight': 8}. Best is trial 196 with value: 0.7855490236386988.
[I 2026-05-15 17:35:14,763] Trial 197 finished with value: 0.7565688885299728 and parameters: {'n_estimators': 273, 'learning_rate': 0.10395701758431695, 'subsample': 0.7739309354414985, 'colsample_bytree': 0.6985608132956427, 'min_child_weight': 9}. Best is trial 196 with value: 0.7855490236386988.
[I 2026-05-15 17:35:15,604] Trial 198 finished with value: 0.7562642179171447 and parameters: {'n_estimators': 410, 'learning_rate': 0.10620645735874883, 'subsample': 0.7088580548919851, 'colsample_bytree': 0.8360922667476348, 'min_child_weight': 4}. Best is trial 196 with value: 0.7855490236386988.
[I 2026-05-15 17:35:16,187] Trial 199 finished with value: 0.7407407012558571 and parameters: {'n_estimators': 91, 'learning_rate': 0.22645576413554422, 'subsample': 0.6547274523675846, 'colsample_bytree': 0.980094941528321, 'min_child_weight': 5}. Best is trial 196 with value: 0.7855490236386988.
[I 2026-05-15 17:35:16,699] Trial 200 finished with value: 0.7297088290475143 and parameters: {'n_estimators': 133, 'learning_rate': 0.06316164135709629, 'subsample': 0.9491783343505633, 'colsample_bytree': 0.8928899545638245, 'min_child_weight': 9}. Best is trial 196 with value: 0.7855490236386988.
[I 2026-05-15 17:35:17,373] Trial 201 finished with value: 0.7369917403595134 and parameters: {'n_estimators': 347, 'learning_rate': 0.10533590420371362, 'subsample': 0.9396782606261277, 'colsample_bytree': 0.6998672035436744, 'min_child_weight': 5}. Best is trial 196 with value: 0.7855490236386988.
[I 2026-05-15 17:35:17,881] Trial 202 finished with value: 0.736005771722166 and parameters: {'n_estimators': 149, 'learning_rate': 0.2876771762794441, 'subsample': 0.9776237358746453, 'colsample_bytree': 0.6157707245474023, 'min_child_weight': 8}. Best is trial 196 with value: 0.7855490236386988.
[I 2026-05-15 17:35:18,802] Trial 203 finished with value: 0.7416820332618805 and parameters: {'n_estimators': 467, 'learning_rate': 0.018481264404573195, 'subsample': 0.8271780922210518, 'colsample_bytree': 0.9661953190352167, 'min_child_weight': 1}. Best is trial 196 with value: 0.7855490236386988.
[I 2026-05-15 17:35:19,623] Trial 204 finished with value: 0.7585459535628735 and parameters: {'n_estimators': 364, 'learning_rate': 0.027492899141939076, 'subsample': 0.9697584781506121, 'colsample_bytree': 0.9884232980661471, 'min_child_weight': 10}. Best is trial 196 with value: 0.7855490236386988.
[I 2026-05-15 17:35:20,302] Trial 205 finished with value: 0.7332713362231326 and parameters: {'n_estimators': 263, 'learning_rate': 0.18764695537323295, 'subsample': 0.9378197594140282, 'colsample_bytree': 0.7276401892973022, 'min_child_weight': 9}. Best is trial 196 with value: 0.7855490236386988.
[I 2026-05-15 17:35:20,759] Trial 206 finished with value: 0.7301941443155714 and parameters: {'n_estimators': 66, 'learning_rate': 0.07599113148200978, 'subsample': 0.6920035349150813, 'colsample_bytree': 0.6482267543109115, 'min_child_weight': 1}. Best is trial 196 with value: 0.7855490236386988.
[I 2026-05-15 17:35:21,565] Trial 207 finished with value: 0.7259725989373551 and parameters: {'n_estimators': 364, 'learning_rate': 0.03177141321100769, 'subsample': 0.8899067086115046, 'colsample_bytree': 0.626142536319577, 'min_child_weight': 4}. Best is trial 196 with value: 0.7855490236386988.
[I 2026-05-15 17:35:22,183] Trial 208 finished with value: 0.7697815345662562 and parameters: {'n_estimators': 293, 'learning_rate': 0.1472292139391591, 'subsample': 0.727501001172828, 'colsample_bytree': 0.8503565505748036, 'min_child_weight': 9}. Best is trial 196 with value: 0.7855490236386988.
[I 2026-05-15 17:35:22,868] Trial 209 finished with value: 0.7313127118921272 and parameters: {'n_estimators': 327, 'learning_rate': 0.022085609631954523, 'subsample': 0.6097603126226152, 'colsample_bytree': 0.948039549560372, 'min_child_weight': 1}. Best is trial 196 with value: 0.7855490236386988.
[I 2026-05-15 17:35:23,637] Trial 210 finished with value: 0.7468811716687733 and parameters: {'n_estimators': 444, 'learning_rate': 0.06043719268200286, 'subsample': 0.9756270794051585, 'colsample_bytree': 0.9195132943094662, 'min_child_weight': 10}. Best is trial 196 with value: 0.7855490236386988.
