[I 2026-05-15 17:35:24,199] Trial 211 finished with value: 0.7588357938696335 and parameters: {'n_estimators': 208, 'learning_rate': 0.13590333929311196, 'subsample': 0.7607723654436969, 'colsample_bytree': 0.7919502481215636, 'min_child_weight': 7}. Best is trial 196 with value: 0.7855490236386988.
[I 2026-05-15 17:35:24,940] Trial 212 finished with value: 0.7232097137045297 and parameters: {'n_estimators': 444, 'learning_rate': 0.284191188830683, 'subsample': 0.9073093655458073, 'colsample_bytree': 0.7671067128669335, 'min_child_weight': 5}. Best is trial 196 with value: 0.7855490236386988.
[I 2026-05-15 17:35:25,621] Trial 213 finished with value: 0.7408211531991142 and parameters: {'n_estimators': 382, 'learning_rate': 0.02252697085449845, 'subsample': 0.6441896452525578, 'colsample_bytree': 0.7418488630563106, 'min_child_weight': 3}. Best is trial 196 with value: 0.7855490236386988.
[I 2026-05-15 17:35:26,269] Trial 214 finished with value: 0.7294513676323022 and parameters: {'n_estimators': 183, 'learning_rate': 0.022134360263848504, 'subsample': 0.6168372758545447, 'colsample_bytree': 0.6071495738933655, 'min_child_weight': 10}. Best is trial 196 with value: 0.7855490236386988.
[I 2026-05-15 17:35:26,954] Trial 215 finished with value: 0.7490984539305152 and parameters: {'n_estimators': 242, 'learning_rate': 0.03695702972706243, 'subsample': 0.8718589130772278, 'colsample_bytree': 0.6873015551460256, 'min_child_weight': 10}. Best is trial 196 with value: 0.7855490236386988.
[I 2026-05-15 17:35:27,731] Trial 216 finished with value: 0.7407527606960611 and parameters: {'n_estimators': 404, 'learning_rate': 0.01355410644318373, 'subsample': 0.7670323103139713, 'colsample_bytree': 0.9516473230248659, 'min_child_weight': 10}. Best is trial 196 with value: 0.7855490236386988.
[I 2026-05-15 17:35:28,499] Trial 217 finished with value: 0.7408969786928964 and parameters: {'n_estimators': 260, 'learning_rate': 0.08055323771079952, 'subsample': 0.6668135784368301, 'colsample_bytree': 0.9964674504547906, 'min_child_weight': 3}. Best is trial 196 with value: 0.7855490236386988.
[I 2026-05-15 17:35:29,418] Trial 218 finished with value: 0.7316899006120692 and parameters: {'n_estimators': 475, 'learning_rate': 0.09111856536457716, 'subsample': 0.8430947179515437, 'colsample_bytree': 0.8050754044066034, 'min_child_weight': 3}. Best is trial 196 with value: 0.7855490236386988.
[I 2026-05-15 17:35:30,068] Trial 219 finished with value: 0.7177656072187716 and parameters: {'n_estimators': 129, 'learning_rate': 0.021168245605336592, 'subsample': 0.6745753048577018, 'colsample_bytree': 0.9118337894267013, 'min_child_weight': 4}. Best is trial 196 with value: 0.7855490236386988.
[I 2026-05-15 17:35:30,630] Trial 220 finished with value: 0.7374533831528576 and parameters: {'n_estimators': 76, 'learning_rate': 0.27007357481469935, 'subsample': 0.9535143539853703, 'colsample_bytree': 0.9711009132780852, 'min_child_weight': 10}. Best is trial 196 with value: 0.7855490236386988.
[I 2026-05-15 17:35:31,207] Trial 221 finished with value: 0.7326991029631609 and parameters: {'n_estimators': 128, 'learning_rate': 0.038485533221220426, 'subsample': 0.9032953902816365, 'colsample_bytree': 0.8784082472215169, 'min_child_weight': 2}. Best is trial 196 with value: 0.7855490236386988.
[I 2026-05-15 17:35:32,093] Trial 222 finished with value: 0.7702619011480341 and parameters: {'n_estimators': 417, 'learning_rate': 0.021454872553820167, 'subsample': 0.6895270459290492, 'colsample_bytree': 0.8147897691573655, 'min_child_weight': 6}. Best is trial 196 with value: 0.7855490236386988.
[I 2026-05-15 17:35:32,776] Trial 223 finished with value: 0.729681423629692 and parameters: {'n_estimators': 311, 'learning_rate': 0.013650141458097294, 'subsample': 0.9509843450521521, 'colsample_bytree': 0.7062400170354824, 'min_child_weight': 2}. Best is trial 196 with value: 0.7855490236386988.
[I 2026-05-15 17:35:33,477] Trial 224 finished with value: 0.7318819268750868 and parameters: {'n_estimators': 450, 'learning_rate': 0.25799609949079394, 'subsample': 0.9448510469061803, 'colsample_bytree': 0.9238064298899512, 'min_child_weight': 7}. Best is trial 196 with value: 0.7855490236386988.
[I 2026-05-15 17:35:34,169] Trial 225 finished with value: 0.7200748756944307 and parameters: {'n_estimators': 298, 'learning_rate': 0.013442807881704787, 'subsample': 0.7633812852282795, 'colsample_bytree': 0.7490754068049256, 'min_child_weight': 3}. Best is trial 196 with value: 0.7855490236386988.
[I 2026-05-15 17:35:34,966] Trial 226 finished with value: 0.7521445626118388 and parameters: {'n_estimators': 376, 'learning_rate': 0.05400930490489831, 'subsample': 0.6324184863630592, 'colsample_bytree': 0.6880732807799246, 'min_child_weight': 7}. Best is trial 196 with value: 0.7855490236386988.
[I 2026-05-15 17:35:35,416] Trial 227 finished with value: 0.7767543222588582 and parameters: {'n_estimators': 84, 'learning_rate': 0.18085720917034953, 'subsample': 0.7980586108055897, 'colsample_bytree': 0.7922346309306592, 'min_child_weight': 6}. Best is trial 196 with value: 0.7855490236386988.
[I 2026-05-15 17:35:36,317] Trial 228 finished with value: 0.7235463983469599 and parameters: {'n_estimators': 421, 'learning_rate': 0.03264046773889467, 'subsample': 0.8712064610236254, 'colsample_bytree': 0.8262927855983164, 'min_child_weight': 3}. Best is trial 196 with value: 0.7855490236386988.
[I 2026-05-15 17:35:37,189] Trial 229 finished with value: 0.7641240880883764 and parameters: {'n_estimators': 446, 'learning_rate': 0.1506242597564433, 'subsample': 0.8633807338633701, 'colsample_bytree': 0.9402326916376967, 'min_child_weight': 9}. Best is trial 196 with value: 0.7855490236386988.
[I 2026-05-15 17:35:37,885] Trial 230 finished with value: 0.7294078818798021 and parameters: {'n_estimators': 369, 'learning_rate': 0.17233368627246023, 'subsample': 0.8789885846677135, 'colsample_bytree': 0.8720563087041202, 'min_child_weight': 7}. Best is trial 196 with value: 0.7855490236386988.
[I 2026-05-15 17:35:38,729] Trial 231 finished with value: 0.725503554427163 and parameters: {'n_estimators': 389, 'learning_rate': 0.01715058633804989, 'subsample': 0.9523483036795714, 'colsample_bytree': 0.9487374110980928, 'min_child_weight': 1}. Best is trial 196 with value: 0.7855490236386988.
[I 2026-05-15 17:35:39,504] Trial 232 finished with value: 0.7249804364499447 and parameters: {'n_estimators': 422, 'learning_rate': 0.015500882360981386, 'subsample': 0.7340475417036567, 'colsample_bytree': 0.897403302516643, 'min_child_weight': 2}. Best is trial 196 with value: 0.7855490236386988.
[I 2026-05-15 17:35:40,241] Trial 233 finished with value: 0.765257669444436 and parameters: {'n_estimators': 418, 'learning_rate': 0.16949741572693364, 'subsample': 0.8029870935043345, 'colsample_bytree': 0.6025543486867334, 'min_child_weight': 3}. Best is trial 196 with value: 0.7855490236386988.
[I 2026-05-15 17:35:40,839] Trial 234 finished with value: 0.7667169773066524 and parameters: {'n_estimators': 328, 'learning_rate': 0.2814044483905247, 'subsample': 0.8527254108066673, 'colsample_bytree': 0.703921432425664, 'min_child_weight': 7}. Best is trial 196 with value: 0.7855490236386988.
[I 2026-05-15 17:35:41,576] Trial 235 finished with value: 0.7669006997750968 and parameters: {'n_estimators': 293, 'learning_rate': 0.14188164286328378, 'subsample': 0.6427922555307833, 'colsample_bytree': 0.9044111610008112, 'min_child_weight': 6}. Best is trial 196 with value: 0.7855490236386988.
[I 2026-05-15 17:35:42,488] Trial 236 finished with value: 0.7306426442024756 and parameters: {'n_estimators': 484, 'learning_rate': 0.031987967260885763, 'subsample': 0.8530487572535792, 'colsample_bytree': 0.9728112422040069, 'min_child_weight': 2}. Best is trial 196 with value: 0.7855490236386988.
[I 2026-05-15 17:35:43,387] Trial 237 finished with value: 0.7603731050460476 and parameters: {'n_estimators': 472, 'learning_rate': 0.10377449322923026, 'subsample': 0.6271348236420687, 'colsample_bytree': 0.7203854267787265, 'min_child_weight': 8}. Best is trial 196 with value: 0.7855490236386988.
[I 2026-05-15 17:35:43,961] Trial 238 finished with value: 0.7344442490019926 and parameters: {'n_estimators': 80, 'learning_rate': 0.07243298125258663, 'subsample': 0.7383532227811826, 'colsample_bytree': 0.8483662071069908, 'min_child_weight': 1}. Best is trial 196 with value: 0.7855490236386988.
[I 2026-05-15 17:35:44,842] Trial 239 finished with value: 0.7321880062025141 and parameters: {'n_estimators': 443, 'learning_rate': 0.2741329550308027, 'subsample': 0.9875511421142766, 'colsample_bytree': 0.8998607326971699, 'min_child_weight': 2}. Best is trial 196 with value: 0.7855490236386988.
[I 2026-05-15 17:35:45,671] Trial 240 finished with value: 0.7069085879745394 and parameters: {'n_estimators': 391, 'learning_rate': 0.010872210614728706, 'subsample': 0.6088494206115989, 'colsample_bytree': 0.7294440876598165, 'min_child_weight': 5}. Best is trial 196 with value: 0.7855490236386988.
[I 2026-05-15 17:35:46,417] Trial 241 finished with value: 0.760942740488964 and parameters: {'n_estimators': 397, 'learning_rate': 0.10216687836661903, 'subsample': 0.7783610825506994, 'colsample_bytree': 0.7094506665126663, 'min_child_weight': 10}. Best is trial 196 with value: 0.7855490236386988.
[I 2026-05-15 17:35:47,156] Trial 242 finished with value: 0.7543662635254902 and parameters: {'n_estimators': 242, 'learning_rate': 0.04642515557144032, 'subsample': 0.6654495284766676, 'colsample_bytree': 0.9179238194999717, 'min_child_weight': 7}. Best is trial 196 with value: 0.7855490236386988.
[I 2026-05-15 17:35:47,735] Trial 243 finished with value: 0.7104144729776525 and parameters: {'n_estimators': 149, 'learning_rate': 0.013233867846615706, 'subsample': 0.8721997208298853, 'colsample_bytree': 0.861804485712454, 'min_child_weight': 3}. Best is trial 196 with value: 0.7855490236386988.
[I 2026-05-15 17:35:48,606] Trial 244 finished with value: 0.7207987381660793 and parameters: {'n_estimators': 478, 'learning_rate': 0.016715940732072453, 'subsample': 0.7729339204170408, 'colsample_bytree': 0.9774463680670396, 'min_child_weight': 5}. Best is trial 196 with value: 0.7855490236386988.
[I 2026-05-15 17:35:49,309] Trial 245 finished with value: 0.7827391930671505 and parameters: {'n_estimators': 337, 'learning_rate': 0.03866296319102493, 'subsample': 0.7096860809394681, 'colsample_bytree': 0.9935910591839313, 'min_child_weight': 5}. Best is trial 196 with value: 0.7855490236386988.
[I 2026-05-15 17:35:50,311] Trial 246 finished with value: 0.7668929880993385 and parameters: {'n_estimators': 453, 'learning_rate': 0.02186104086033942, 'subsample': 0.6852418816100333, 'colsample_bytree': 0.6124536331538045, 'min_child_weight': 7}. Best is trial 196 with value: 0.7855490236386988.
[I 2026-05-15 17:35:50,960] Trial 247 finished with value: 0.7590376183554237 and parameters: {'n_estimators': 216, 'learning_rate': 0.18913066193087913, 'subsample': 0.7892839626766228, 'colsample_bytree': 0.9872773711658887, 'min_child_weight': 2}. Best is trial 196 with value: 0.7855490236386988.
[I 2026-05-15 17:35:51,773] Trial 248 finished with value: 0.7477931435235776 and parameters: {'n_estimators': 441, 'learning_rate': 0.14032263056055083, 'subsample': 0.9083687378576208, 'colsample_bytree': 0.937913291246755, 'min_child_weight': 8}. Best is trial 196 with value: 0.7855490236386988.
[I 2026-05-15 17:35:52,583] Trial 249 finished with value: 0.7531539345368635 and parameters: {'n_estimators': 332, 'learning_rate': 0.015626603702629693, 'subsample': 0.6130104717965007, 'colsample_bytree': 0.9683391391262748, 'min_child_weight': 7}. Best is trial 196 with value: 0.7855490236386988.
[I 2026-05-15 17:35:53,402] Trial 250 finished with value: 0.75576470801361 and parameters: {'n_estimators': 409, 'learning_rate': 0.05143596593714486, 'subsample': 0.6469232755849578, 'colsample_bytree': 0.6500743168810201, 'min_child_weight': 7}. Best is trial 196 with value: 0.7855490236386988.
[I 2026-05-15 17:35:53,979] Trial 251 finished with value: 0.7177969691300385 and parameters: {'n_estimators': 244, 'learning_rate': 0.019778772535024504, 'subsample': 0.7966378186965748, 'colsample_bytree': 0.6256835748300537, 'min_child_weight': 6}. Best is trial 196 with value: 0.7855490236386988.
[I 2026-05-15 17:35:54,633] Trial 252 finished with value: 0.7552957056652427 and parameters: {'n_estimators': 171, 'learning_rate': 0.15069245195299658, 'subsample': 0.7241447835694295, 'colsample_bytree': 0.7820880596327204, 'min_child_weight': 1}. Best is trial 196 with value: 0.7855490236386988.
[I 2026-05-15 17:35:55,118] Trial 253 finished with value: 0.7217908550167892 and parameters: {'n_estimators': 82, 'learning_rate': 0.03799798565961001, 'subsample': 0.7919755338868494, 'colsample_bytree': 0.8400082192477215, 'min_child_weight': 3}. Best is trial 196 with value: 0.7855490236386988.
[I 2026-05-15 17:35:55,821] Trial 254 finished with value: 0.7215469961182395 and parameters: {'n_estimators': 363, 'learning_rate': 0.18642539611497197, 'subsample': 0.91194039555734, 'colsample_bytree': 0.6158475301393428, 'min_child_weight': 5}. Best is trial 196 with value: 0.7855490236386988.
[I 2026-05-15 17:35:56,373] Trial 255 finished with value: 0.7049373002699376 and parameters: {'n_estimators': 97, 'learning_rate': 0.02277874734335831, 'subsample': 0.9946650373068586, 'colsample_bytree': 0.6569982171606052, 'min_child_weight': 5}. Best is trial 196 with value: 0.7855490236386988.
[I 2026-05-15 17:35:57,045] Trial 256 finished with value: 0.7521359122563313 and parameters: {'n_estimators': 328, 'learning_rate': 0.1090500674878377, 'subsample': 0.8238594733947656, 'colsample_bytree': 0.6039083389676735, 'min_child_weight': 4}. Best is trial 196 with value: 0.7855490236386988.
[I 2026-05-15 17:35:57,734] Trial 257 finished with value: 0.7357251857043059 and parameters: {'n_estimators': 283, 'learning_rate': 0.013483091242052886, 'subsample': 0.7402507724836723, 'colsample_bytree': 0.6132812435165466, 'min_child_weight': 1}. Best is trial 196 with value: 0.7855490236386988.
[I 2026-05-15 17:35:58,350] Trial 258 finished with value: 0.7336473740642507 and parameters: {'n_estimators': 229, 'learning_rate': 0.015704975424207217, 'subsample': 0.8270163393046233, 'colsample_bytree': 0.8757859876549063, 'min_child_weight': 9}. Best is trial 196 with value: 0.7855490236386988.
[I 2026-05-15 17:35:59,000] Trial 259 finished with value: 0.7154179777372592 and parameters: {'n_estimators': 140, 'learning_rate': 0.01767632923587304, 'subsample': 0.6418271361337601, 'colsample_bytree': 0.8545720998174546, 'min_child_weight': 8}. Best is trial 196 with value: 0.7855490236386988.
[I 2026-05-15 17:35:59,569] Trial 260 finished with value: 0.7322573269606893 and parameters: {'n_estimators': 64, 'learning_rate': 0.2414899201224445, 'subsample': 0.6207885134605889, 'colsample_bytree': 0.8165185341204282, 'min_child_weight': 8}. Best is trial 196 with value: 0.7855490236386988.
[I 2026-05-15 17:36:00,348] Trial 261 finished with value: 0.7453974683260449 and parameters: {'n_estimators': 442, 'learning_rate': 0.11344699198303249, 'subsample': 0.9206912332279167, 'colsample_bytree': 0.7357800770171224, 'min_child_weight': 9}. Best is trial 196 with value: 0.7855490236386988.
[I 2026-05-15 17:36:00,799] Trial 262 finished with value: 0.786125456865071 and parameters: {'n_estimators': 86, 'learning_rate': 0.20977450344190512, 'subsample': 0.8190369504614945, 'colsample_bytree': 0.9269191079849974, 'min_child_weight': 5}. Best is trial 262 with value: 0.786125456865071.
[I 2026-05-15 17:36:01,684] Trial 263 finished with value: 0.7400262582455325 and parameters: {'n_estimators': 340, 'learning_rate': 0.05991844844327821, 'subsample': 0.8926358087021327, 'colsample_bytree': 0.6326519928122358, 'min_child_weight': 1}. Best is trial 262 with value: 0.786125456865071.
[I 2026-05-15 17:36:02,297] Trial 264 finished with value: 0.7303817201894818 and parameters: {'n_estimators': 161, 'learning_rate': 0.017205481781219126, 'subsample': 0.9487134266368806, 'colsample_bytree': 0.6876855949432177, 'min_child_weight': 10}. Best is trial 262 with value: 0.786125456865071.
[I 2026-05-15 17:36:02,967] Trial 265 finished with value: 0.7392699221340593 and parameters: {'n_estimators': 201, 'learning_rate': 0.018578482774605925, 'subsample': 0.9158794028569917, 'colsample_bytree': 0.8634831102003504, 'min_child_weight': 5}. Best is trial 262 with value: 0.786125456865071.
[I 2026-05-15 17:36:03,738] Trial 266 finished with value: 0.7757392608040603 and parameters: {'n_estimators': 300, 'learning_rate': 0.115437850951425, 'subsample': 0.6913818965325195, 'colsample_bytree': 0.9985335664226968, 'min_child_weight': 10}. Best is trial 262 with value: 0.786125456865071.
[I 2026-05-15 17:36:04,550] Trial 267 finished with value: 0.7331737095910182 and parameters: {'n_estimators': 343, 'learning_rate': 0.019712803620877697, 'subsample': 0.8720912969725165, 'colsample_bytree': 0.6288793635916703, 'min_child_weight': 1}. Best is trial 262 with value: 0.786125456865071.
[I 2026-05-15 17:36:05,112] Trial 268 finished with value: 0.735734210419753 and parameters: {'n_estimators': 166, 'learning_rate': 0.04823365829123508, 'subsample': 0.9473090021633522, 'colsample_bytree': 0.8908676279065232, 'min_child_weight': 8}. Best is trial 262 with value: 0.786125456865071.
[I 2026-05-15 17:36:05,830] Trial 269 finished with value: 0.7200733474441086 and parameters: {'n_estimators': 241, 'learning_rate': 0.032433060354345296, 'subsample': 0.748415505193841, 'colsample_bytree': 0.9950598254944232, 'min_child_weight': 1}. Best is trial 262 with value: 0.786125456865071.
[I 2026-05-15 17:36:06,659] Trial 270 finished with value: 0.7439009429237308 and parameters: {'n_estimators': 441, 'learning_rate': 0.07157704181182635, 'subsample': 0.7754461676758362, 'colsample_bytree': 0.8901030641660546, 'min_child_weight': 5}. Best is trial 262 with value: 0.786125456865071.
[I 2026-05-15 17:36:07,498] Trial 271 finished with value: 0.7437169735074551 and parameters: {'n_estimators': 443, 'learning_rate': 0.2140158150785351, 'subsample': 0.7686883707493821, 'colsample_bytree': 0.7107311188940206, 'min_child_weight': 6}. Best is trial 262 with value: 0.786125456865071.
[I 2026-05-15 17:36:08,359] Trial 272 finished with value: 0.7594026162848613 and parameters: {'n_estimators': 461, 'learning_rate': 0.02047262808645631, 'subsample': 0.8491866334253931, 'colsample_bytree': 0.8526240880370082, 'min_child_weight': 8}. Best is trial 262 with value: 0.786125456865071.
[I 2026-05-15 17:36:08,814] Trial 273 finished with value: 0.5958795436200217 and parameters: {'n_estimators': 109, 'learning_rate': 0.11411960768508612, 'subsample': 0.9636130082662564, 'colsample_bytree': 0.6718732435480967, 'min_child_weight': 3}. Best is trial 262 with value: 0.786125456865071.
[I 2026-05-15 17:36:09,610] Trial 274 finished with value: 0.6981840895079789 and parameters: {'n_estimators': 488, 'learning_rate': 0.018506526075021, 'subsample': 0.9417540373478317, 'colsample_bytree': 0.7969111425792139, 'min_child_weight': 3}. Best is trial 262 with value: 0.786125456865071.
[I 2026-05-15 17:36:10,538] Trial 275 finished with value: 0.745737902127671 and parameters: {'n_estimators': 442, 'learning_rate': 0.04547470150059332, 'subsample': 0.805926941571876, 'colsample_bytree': 0.7436933477599063, 'min_child_weight': 6}. Best is trial 262 with value: 0.786125456865071.
[I 2026-05-15 17:36:11,025] Trial 276 finished with value: 0.728339876524231 and parameters: {'n_estimators': 123, 'learning_rate': 0.03781593563644722, 'subsample': 0.987764928934115, 'colsample_bytree': 0.703253373080451, 'min_child_weight': 7}. Best is trial 262 with value: 0.786125456865071.
[I 2026-05-15 17:36:11,564] Trial 277 finished with value: 0.7677665567864647 and parameters: {'n_estimators': 196, 'learning_rate': 0.1388396767630528, 'subsample': 0.6523494642873399, 'colsample_bytree': 0.9879284180314178, 'min_child_weight': 5}. Best is trial 262 with value: 0.786125456865071.
[I 2026-05-15 17:36:12,204] Trial 278 finished with value: 0.7086239038273022 and parameters: {'n_estimators': 156, 'learning_rate': 0.012839958132831194, 'subsample': 0.6679031620350163, 'colsample_bytree': 0.807909579422407, 'min_child_weight': 4}. Best is trial 262 with value: 0.786125456865071.
[I 2026-05-15 17:36:12,991] Trial 279 finished with value: 0.7646951561067048 and parameters: {'n_estimators': 423, 'learning_rate': 0.0432985267536062, 'subsample': 0.6994857090350519, 'colsample_bytree': 0.846857994641612, 'min_child_weight': 8}. Best is trial 262 with value: 0.786125456865071.
[I 2026-05-15 17:36:13,638] Trial 280 finished with value: 0.7255853833478213 and parameters: {'n_estimators': 125, 'learning_rate': 0.017684545676288067, 'subsample': 0.6146685707734172, 'colsample_bytree': 0.8945608060262562, 'min_child_weight': 7}. Best is trial 262 with value: 0.786125456865071.
[I 2026-05-15 17:36:14,418] Trial 281 finished with value: 0.7387929363746557 and parameters: {'n_estimators': 264, 'learning_rate': 0.17658024407455558, 'subsample': 0.9222680611800212, 'colsample_bytree': 0.8341417457587008, 'min_child_weight': 9}. Best is trial 262 with value: 0.786125456865071.
[I 2026-05-15 17:36:15,104] Trial 282 finished with value: 0.7014724023520553 and parameters: {'n_estimators': 142, 'learning_rate': 0.014632510641679492, 'subsample': 0.7078998446067959, 'colsample_bytree': 0.6228347424357259, 'min_child_weight': 6}. Best is trial 262 with value: 0.786125456865071.
[I 2026-05-15 17:36:15,931] Trial 283 finished with value: 0.7355681000111846 and parameters: {'n_estimators': 472, 'learning_rate': 0.011431814801654361, 'subsample': 0.6488439656040107, 'colsample_bytree': 0.7808796113133741, 'min_child_weight': 10}. Best is trial 262 with value: 0.786125456865071.
