[I 2026-05-15 17:38:43,147] Trial 495 finished with value: 0.7498516844297678 and parameters: {'n_estimators': 442, 'learning_rate': 0.015595142736302707, 'subsample': 0.916203917709954, 'colsample_bytree': 0.6499283255867393, 'min_child_weight': 8}. Best is trial 262 with value: 0.786125456865071.
[I 2026-05-15 17:38:43,701] Trial 496 finished with value: 0.7242148460495713 and parameters: {'n_estimators': 174, 'learning_rate': 0.1975009275199412, 'subsample': 0.9776168375301592, 'colsample_bytree': 0.6595183877620462, 'min_child_weight': 5}. Best is trial 262 with value: 0.786125456865071.
[I 2026-05-15 17:38:44,758] Trial 497 finished with value: 0.7218426559151234 and parameters: {'n_estimators': 492, 'learning_rate': 0.05176680938836045, 'subsample': 0.9454190090058181, 'colsample_bytree': 0.835492608852528, 'min_child_weight': 4}. Best is trial 262 with value: 0.786125456865071.
[I 2026-05-15 17:38:45,349] Trial 498 finished with value: 0.744858065691459 and parameters: {'n_estimators': 178, 'learning_rate': 0.01996113111347245, 'subsample': 0.9047192765510789, 'colsample_bytree': 0.7546162027292111, 'min_child_weight': 6}. Best is trial 262 with value: 0.786125456865071.
[I 2026-05-15 17:38:45,978] Trial 499 finished with value: 0.7245181158241853 and parameters: {'n_estimators': 272, 'learning_rate': 0.07123790253213053, 'subsample': 0.9462308582498209, 'colsample_bytree': 0.9922957374333717, 'min_child_weight': 5}. Best is trial 262 with value: 0.786125456865071.
Building variant 'HP020'...
Saved /home/mklemmingen/PycharmProjects/migraine-forecasting-shd/experiment/0/migraine/full_features/stacked_2xgb_meta_lr/70_15_15/chrono/HyperparameterTuned/single_AUROC/HP020/model.joblib

# End capture ------------------------------------------
# Finished: 2026-05-15T17:38:46
