[I 2026-05-15 17:11:12,091] Trial 237 finished with values: [0.52552045512731, 2.066356876744165] and parameters: {'n_estimators': 348, 'learning_rate': 0.16155001304356414, 'subsample': 0.9757995766256756, 'colsample_bytree': 0.8118602313424026, 'min_child_weight': 1}.
[I 2026-05-15 17:11:12,766] Trial 238 finished with values: [0.5547351394125588, 1.56454283305767] and parameters: {'n_estimators': 225, 'learning_rate': 0.25648866468880704, 'subsample': 0.9659457560881795, 'colsample_bytree': 0.7480634801021777, 'min_child_weight': 1}.
[I 2026-05-15 17:11:13,470] Trial 239 finished with values: [0.42899922322301354, 3.4845060870589153] and parameters: {'n_estimators': 420, 'learning_rate': 0.25648866468880704, 'subsample': 0.6313825525369063, 'colsample_bytree': 0.7480634801021777, 'min_child_weight': 2}.
[I 2026-05-15 17:11:14,183] Trial 240 finished with values: [0.5350340239957175, 0.7867748336192907] and parameters: {'n_estimators': 474, 'learning_rate': 0.183492792986878, 'subsample': 0.8814631437520095, 'colsample_bytree': 0.8446882984937409, 'min_child_weight': 1}.
[I 2026-05-15 17:11:15,030] Trial 241 finished with values: [0.49119511648745523, 1.4496039304800115] and parameters: {'n_estimators': 474, 'learning_rate': 0.11046009304545999, 'subsample': 0.8814631437520095, 'colsample_bytree': 0.78966953163493, 'min_child_weight': 1}.
[I 2026-05-15 17:11:15,854] Trial 242 finished with values: [0.5546839506819345, 2.5709397092034445] and parameters: {'n_estimators': 414, 'learning_rate': 0.21068591627429098, 'subsample': 0.6863284109987373, 'colsample_bytree': 0.8118602313424026, 'min_child_weight': 1}.
[I 2026-05-15 17:11:16,617] Trial 243 finished with values: [0.5422837388865613, 0.6017017085942694] and parameters: {'n_estimators': 414, 'learning_rate': 0.21068591627429098, 'subsample': 0.9659457560881795, 'colsample_bytree': 0.6325395122567599, 'min_child_weight': 3}.
[I 2026-05-15 17:11:17,447] Trial 244 finished with values: [0.46542273250942606, 11.697092575209416] and parameters: {'n_estimators': 408, 'learning_rate': 0.13720623374101712, 'subsample': 0.8080272084711243, 'colsample_bytree': 0.8491561903276001, 'min_child_weight': 1}.
[I 2026-05-15 17:11:18,189] Trial 245 finished with values: [0.42029057859703023, 6.630928295008116] and parameters: {'n_estimators': 347, 'learning_rate': 0.10519936117151477, 'subsample': 0.9043140194467589, 'colsample_bytree': 0.8118602313424026, 'min_child_weight': 10}.
[I 2026-05-15 17:11:19,034] Trial 246 finished with values: [0.5290149769585254, 1.4461167747824604] and parameters: {'n_estimators': 468, 'learning_rate': 0.2536999076681772, 'subsample': 0.9866619276174678, 'colsample_bytree': 0.8118602313424026, 'min_child_weight': 2}.
[I 2026-05-15 17:11:19,883] Trial 247 finished with values: [0.5381851056649444, 2.124602845120742] and parameters: {'n_estimators': 487, 'learning_rate': 0.10485733570643786, 'subsample': 0.7546941385202149, 'colsample_bytree': 0.9579309401710595, 'min_child_weight': 1}.
[I 2026-05-15 17:11:20,544] Trial 248 finished with values: [0.44179583857003213, 4.215847982429277] and parameters: {'n_estimators': 414, 'learning_rate': 0.035714399098231424, 'subsample': 0.6390688456025535, 'colsample_bytree': 0.7482568588267564, 'min_child_weight': 1}.
[I 2026-05-15 17:11:21,276] Trial 249 finished with values: [0.5348706826327795, 2.2037964080615002] and parameters: {'n_estimators': 480, 'learning_rate': 0.12301645833176054, 'subsample': 0.9043140194467589, 'colsample_bytree': 0.8118602313424026, 'min_child_weight': 5}.
[I 2026-05-15 17:11:21,799] Trial 250 finished with values: [0.4186018450635386, 9.322852523583355] and parameters: {'n_estimators': 225, 'learning_rate': 0.15870971677383489, 'subsample': 0.6390688456025535, 'colsample_bytree': 0.6440207698110707, 'min_child_weight': 1}.
[I 2026-05-15 17:11:22,617] Trial 251 finished with values: [0.5523228032048596, 2.3612989341054744] and parameters: {'n_estimators': 477, 'learning_rate': 0.25648866468880704, 'subsample': 0.9659457560881795, 'colsample_bytree': 0.9944004255291483, 'min_child_weight': 1}.
[I 2026-05-15 17:11:23,490] Trial 252 finished with values: [0.5125492540613508, 1.5321502967218361] and parameters: {'n_estimators': 490, 'learning_rate': 0.129667438075127, 'subsample': 0.7505038342123663, 'colsample_bytree': 0.641249547534373, 'min_child_weight': 1}.
[I 2026-05-15 17:11:24,083] Trial 253 finished with values: [0.5631625587673975, 1.0858536573364534] and parameters: {'n_estimators': 339, 'learning_rate': 0.25648866468880704, 'subsample': 0.9329770563201687, 'colsample_bytree': 0.9105651842967988, 'min_child_weight': 1}.
[I 2026-05-15 17:11:24,696] Trial 254 finished with values: [0.5097357649071359, 1.681958513908088] and parameters: {'n_estimators': 194, 'learning_rate': 0.21068591627429098, 'subsample': 0.7168578594140873, 'colsample_bytree': 0.7970070775275455, 'min_child_weight': 9}.
[I 2026-05-15 17:11:25,535] Trial 255 finished with values: [0.41758111064562675, 3.206944121960441] and parameters: {'n_estimators': 490, 'learning_rate': 0.20476075218575424, 'subsample': 0.6334002866794675, 'colsample_bytree': 0.6440207698110707, 'min_child_weight': 4}.
[I 2026-05-15 17:11:26,260] Trial 256 finished with values: [0.5178928978727366, 1.2628810403013244] and parameters: {'n_estimators': 339, 'learning_rate': 0.21068591627429098, 'subsample': 0.9329770563201687, 'colsample_bytree': 0.9105651842967988, 'min_child_weight': 2}.
[I 2026-05-15 17:11:26,999] Trial 257 finished with values: [0.5330195823441791, 0.5481716425610605] and parameters: {'n_estimators': 474, 'learning_rate': 0.25648866468880704, 'subsample': 0.9659457560881795, 'colsample_bytree': 0.9108587663709747, 'min_child_weight': 1}.
[I 2026-05-15 17:11:27,707] Trial 258 finished with values: [0.45331279383698736, 3.5346380724380624] and parameters: {'n_estimators': 301, 'learning_rate': 0.24584290528289388, 'subsample': 0.6390688456025535, 'colsample_bytree': 0.6440207698110707, 'min_child_weight': 1}.
[I 2026-05-15 17:11:28,451] Trial 259 finished with values: [0.5596896383186706, 0.44030417004212863] and parameters: {'n_estimators': 474, 'learning_rate': 0.25648866468880704, 'subsample': 0.9659457560881795, 'colsample_bytree': 0.7696888036987906, 'min_child_weight': 1}.
[I 2026-05-15 17:11:29,134] Trial 260 finished with values: [0.514020286389238, 0.6637642742813237] and parameters: {'n_estimators': 414, 'learning_rate': 0.21068591627429098, 'subsample': 0.9659457560881795, 'colsample_bytree': 0.8118602313424026, 'min_child_weight': 1}.
[I 2026-05-15 17:11:29,828] Trial 261 finished with values: [0.5705086725550436, 0.9913489881710154] and parameters: {'n_estimators': 408, 'learning_rate': 0.25648866468880704, 'subsample': 0.7546941385202149, 'colsample_bytree': 0.8491561903276001, 'min_child_weight': 2}.
[I 2026-05-15 17:11:30,580] Trial 262 finished with values: [0.5314097629521017, 0.8745638055288449] and parameters: {'n_estimators': 414, 'learning_rate': 0.16111511355977057, 'subsample': 0.6390688456025535, 'colsample_bytree': 0.9625417540378944, 'min_child_weight': 1}.
[I 2026-05-15 17:11:31,351] Trial 263 finished with values: [0.5239535039333425, 3.077383163173058] and parameters: {'n_estimators': 414, 'learning_rate': 0.24584290528289388, 'subsample': 0.6313825525369063, 'colsample_bytree': 0.6440207698110707, 'min_child_weight': 1}.
[I 2026-05-15 17:11:31,875] Trial 264 finished with values: [0.5696685606060606, 3.3884094404355585] and parameters: {'n_estimators': 100, 'learning_rate': 0.16111511355977057, 'subsample': 0.8080272084711243, 'colsample_bytree': 0.7970070775275455, 'min_child_weight': 2}.
[I 2026-05-15 17:11:32,674] Trial 265 finished with values: [0.5650745065866033, 0.9048220645675926] and parameters: {'n_estimators': 408, 'learning_rate': 0.2536999076681772, 'subsample': 0.9659457560881795, 'colsample_bytree': 0.8394633936788146, 'min_child_weight': 2}.
[I 2026-05-15 17:11:33,336] Trial 266 finished with values: [0.5019537977703301, 0.826020851778589] and parameters: {'n_estimators': 225, 'learning_rate': 0.2536999076681772, 'subsample': 0.892797576724562, 'colsample_bytree': 0.8394633936788146, 'min_child_weight': 1}.
[I 2026-05-15 17:11:34,175] Trial 267 finished with values: [0.580681192687241, 1.2203353849090872] and parameters: {'n_estimators': 474, 'learning_rate': 0.183492792986878, 'subsample': 0.8814631437520095, 'colsample_bytree': 0.8446882984937409, 'min_child_weight': 2}.
[I 2026-05-15 17:11:34,976] Trial 268 finished with values: [0.5729511125075641, 1.3602076566977637] and parameters: {'n_estimators': 433, 'learning_rate': 0.16111511355977057, 'subsample': 0.8080272084711243, 'colsample_bytree': 0.8118602313424026, 'min_child_weight': 2}.
[I 2026-05-15 17:11:35,755] Trial 269 finished with values: [0.40922684506353857, 6.245039071404863] and parameters: {'n_estimators': 414, 'learning_rate': 0.053415464843459444, 'subsample': 0.6863284109987373, 'colsample_bytree': 0.8118602313424026, 'min_child_weight': 2}.
[I 2026-05-15 17:11:36,551] Trial 270 finished with values: [0.517610145231113, 2.622214221085195] and parameters: {'n_estimators': 378, 'learning_rate': 0.25648866468880704, 'subsample': 0.6296178606936361, 'colsample_bytree': 0.9468289274320415, 'min_child_weight': 2}.
[I 2026-05-15 17:11:37,203] Trial 271 finished with values: [0.5547351394125588, 1.56454283305767] and parameters: {'n_estimators': 225, 'learning_rate': 0.25648866468880704, 'subsample': 0.9659457560881795, 'colsample_bytree': 0.7480634801021777, 'min_child_weight': 1}.
[I 2026-05-15 17:11:38,084] Trial 272 finished with values: [0.5330034940418005, 1.429189735247769] and parameters: {'n_estimators': 487, 'learning_rate': 0.13720623374101712, 'subsample': 0.6863284109987373, 'colsample_bytree': 0.6027808522124762, 'min_child_weight': 1}.
[I 2026-05-15 17:11:38,706] Trial 273 finished with values: [0.5711412366755109, 8.896596515286028] and parameters: {'n_estimators': 325, 'learning_rate': 0.049234393858490974, 'subsample': 0.6225213102727349, 'colsample_bytree': 0.6475271665072287, 'min_child_weight': 2}.
[I 2026-05-15 17:11:39,307] Trial 274 finished with values: [0.47884234045524365, 10.212764636174375] and parameters: {'n_estimators': 160, 'learning_rate': 0.183492792986878, 'subsample': 0.6470104987108419, 'colsample_bytree': 0.7755885682822544, 'min_child_weight': 7}.
[I 2026-05-15 17:11:39,967] Trial 275 finished with values: [0.5558512108411302, 0.9138827977440105] and parameters: {'n_estimators': 386, 'learning_rate': 0.25648866468880704, 'subsample': 0.9659457560881795, 'colsample_bytree': 0.7480634801021777, 'min_child_weight': 1}.
[I 2026-05-15 17:11:40,451] Trial 276 finished with values: [0.49204382535027696, 4.116086708880631] and parameters: {'n_estimators': 160, 'learning_rate': 0.2736872535680783, 'subsample': 0.8363333042276043, 'colsample_bytree': 0.6440207698110707, 'min_child_weight': 1}.
[I 2026-05-15 17:11:41,334] Trial 277 finished with values: [0.5294771592654657, 0.8185921504733056] and parameters: {'n_estimators': 487, 'learning_rate': 0.183492792986878, 'subsample': 0.8333475060388639, 'colsample_bytree': 0.6027808522124762, 'min_child_weight': 1}.
[I 2026-05-15 17:11:42,110] Trial 278 finished with values: [0.3899515023506959, 7.471101250490504] and parameters: {'n_estimators': 414, 'learning_rate': 0.21068591627429098, 'subsample': 0.7546941385202149, 'colsample_bytree': 0.9579309401710595, 'min_child_weight': 10}.
[I 2026-05-15 17:11:42,803] Trial 279 finished with values: [0.5414630900013965, 2.0924305306365247] and parameters: {'n_estimators': 414, 'learning_rate': 0.16155001304356414, 'subsample': 0.7499482318094817, 'colsample_bytree': 0.7142848345127443, 'min_child_weight': 2}.
[I 2026-05-15 17:11:43,287] Trial 280 finished with values: [0.531956343387795, 1.607706974485462] and parameters: {'n_estimators': 160, 'learning_rate': 0.2736872535680783, 'subsample': 0.9474396512757841, 'colsample_bytree': 0.7970070775275455, 'min_child_weight': 3}.
[I 2026-05-15 17:11:43,909] Trial 281 finished with values: [0.5368751600102406, 1.1654830177821949] and parameters: {'n_estimators': 225, 'learning_rate': 0.26472593204036643, 'subsample': 0.892797576724562, 'colsample_bytree': 0.8394633936788146, 'min_child_weight': 2}.
[I 2026-05-15 17:11:44,534] Trial 282 finished with values: [0.5163117203137364, 0.7140180787431871] and parameters: {'n_estimators': 348, 'learning_rate': 0.16111511355977057, 'subsample': 0.6048617898759265, 'colsample_bytree': 0.7480634801021777, 'min_child_weight': 3}.
[I 2026-05-15 17:11:45,170] Trial 283 finished with values: [0.5359876995764092, 1.2174384735937385] and parameters: {'n_estimators': 225, 'learning_rate': 0.25648866468880704, 'subsample': 0.9659457560881795, 'colsample_bytree': 0.9879515306830556, 'min_child_weight': 1}.
[I 2026-05-15 17:11:45,851] Trial 284 finished with values: [0.5460375209467951, 0.4715855710461151] and parameters: {'n_estimators': 414, 'learning_rate': 0.1218397677644799, 'subsample': 0.8307615538505436, 'colsample_bytree': 0.6172639647802304, 'min_child_weight': 2}.
[I 2026-05-15 17:11:46,519] Trial 285 finished with values: [0.5752299929013639, 0.8851340057452368] and parameters: {'n_estimators': 408, 'learning_rate': 0.20716979401768126, 'subsample': 0.8110804436345199, 'colsample_bytree': 0.9971859184477201, 'min_child_weight': 1}.
[I 2026-05-15 17:11:47,330] Trial 286 finished with values: [0.565290316762091, 0.5759556489011092] and parameters: {'n_estimators': 414, 'learning_rate': 0.21068591627429098, 'subsample': 0.8307615538505436, 'colsample_bytree': 0.7970070775275455, 'min_child_weight': 2}.
[I 2026-05-15 17:11:48,202] Trial 287 finished with values: [0.5613907071870783, 1.2113776374802996] and parameters: {'n_estimators': 414, 'learning_rate': 0.21068591627429098, 'subsample': 0.6863284109987373, 'colsample_bytree': 0.8491561903276001, 'min_child_weight': 1}.
[I 2026-05-15 17:11:48,991] Trial 288 finished with values: [0.5470611791881954, 0.5886641476529229] and parameters: {'n_estimators': 457, 'learning_rate': 0.183492792986878, 'subsample': 0.8814631437520095, 'colsample_bytree': 0.8021009489791429, 'min_child_weight': 1}.
[I 2026-05-15 17:11:49,799] Trial 289 finished with values: [0.5573270580226225, 0.713107590571413] and parameters: {'n_estimators': 422, 'learning_rate': 0.25648866468880704, 'subsample': 0.6295186258941595, 'colsample_bytree': 0.6440207698110707, 'min_child_weight': 1}.
[I 2026-05-15 17:11:50,541] Trial 290 finished with values: [0.530801636759298, 0.926887553525494] and parameters: {'n_estimators': 474, 'learning_rate': 0.25648866468880704, 'subsample': 0.9659457560881795, 'colsample_bytree': 0.8215417137605283, 'min_child_weight': 1}.
[I 2026-05-15 17:11:51,040] Trial 291 finished with values: [0.549675281036168, 1.1351661211884807] and parameters: {'n_estimators': 218, 'learning_rate': 0.16111511355977057, 'subsample': 0.892797576724562, 'colsample_bytree': 0.8394633936788146, 'min_child_weight': 3}.
[I 2026-05-15 17:11:51,829] Trial 292 finished with values: [0.5692366638737607, 1.976592660461479] and parameters: {'n_estimators': 414, 'learning_rate': 0.21068591627429098, 'subsample': 0.9659457560881795, 'colsample_bytree': 0.8118602313424026, 'min_child_weight': 2}.
[I 2026-05-15 17:11:52,353] Trial 293 finished with values: [0.5459148221849834, 3.0850750820525077] and parameters: {'n_estimators': 225, 'learning_rate': 0.25648866468880704, 'subsample': 0.9659457560881795, 'colsample_bytree': 0.7480634801021777, 'min_child_weight': 2}.
[I 2026-05-15 17:11:53,210] Trial 294 finished with values: [0.534277728320067, 0.9813358407389977] and parameters: {'n_estimators': 487, 'learning_rate': 0.20476075218575424, 'subsample': 0.8363333042276043, 'colsample_bytree': 0.8092391376680595, 'min_child_weight': 2}.
[I 2026-05-15 17:11:53,911] Trial 295 finished with values: [0.5034168441325699, 3.051226342234162] and parameters: {'n_estimators': 414, 'learning_rate': 0.25648866468880704, 'subsample': 0.6390688456025535, 'colsample_bytree': 0.8118602313424026, 'min_child_weight': 1}.
[I 2026-05-15 17:11:54,578] Trial 296 finished with values: [0.44991269259414424, 7.3914653338242875] and parameters: {'n_estimators': 414, 'learning_rate': 0.08505465867325865, 'subsample': 0.9043140194467589, 'colsample_bytree': 0.8118602313424026, 'min_child_weight': 3}.
[I 2026-05-15 17:11:55,206] Trial 297 finished with values: [0.49983155285574643, 2.4024145547977316] and parameters: {'n_estimators': 218, 'learning_rate': 0.2536999076681772, 'subsample': 0.892797576724562, 'colsample_bytree': 0.8782994755938469, 'min_child_weight': 5}.
[I 2026-05-15 17:11:56,119] Trial 298 finished with values: [0.5317228011683657, 2.2666166511703367] and parameters: {'n_estimators': 474, 'learning_rate': 0.0845238710259589, 'subsample': 0.9659457560881795, 'colsample_bytree': 0.8491561903276001, 'min_child_weight': 2}.
[I 2026-05-15 17:11:56,736] Trial 299 finished with values: [0.5619395132197552, 0.8901078729147013] and parameters: {'n_estimators': 313, 'learning_rate': 0.21434810637527812, 'subsample': 0.9659457560881795, 'colsample_bytree': 0.7970070775275455, 'min_child_weight': 2}.
[I 2026-05-15 17:11:57,449] Trial 300 finished with values: [0.45844766792347436, 2.9261719940942417] and parameters: {'n_estimators': 414, 'learning_rate': 0.01167158438611932, 'subsample': 0.6313825525369063, 'colsample_bytree': 0.7970070775275455, 'min_child_weight': 2}.
[I 2026-05-15 17:11:57,981] Trial 301 finished with values: [0.5770475201321975, 0.5104550930315672] and parameters: {'n_estimators': 176, 'learning_rate': 0.21068591627429098, 'subsample': 0.8307615538505436, 'colsample_bytree': 0.7127419099093599, 'min_child_weight': 1}.
[I 2026-05-15 17:11:58,796] Trial 302 finished with values: [0.5558151358050551, 1.210176750110593] and parameters: {'n_estimators': 422, 'learning_rate': 0.183492792986878, 'subsample': 0.9801645936306235, 'colsample_bytree': 0.8446882984937409, 'min_child_weight': 1}.
[I 2026-05-15 17:11:59,653] Trial 303 finished with values: [0.5228886212353954, 0.768575616820234] and parameters: {'n_estimators': 474, 'learning_rate': 0.183492792986878, 'subsample': 0.9659457560881795, 'colsample_bytree': 0.8021009489791429, 'min_child_weight': 1}.
[I 2026-05-15 17:12:00,220] Trial 304 finished with values: [0.5266584915980077, 1.4580380690116805] and parameters: {'n_estimators': 160, 'learning_rate': 0.25648866468880704, 'subsample': 0.9659457560881795, 'colsample_bytree': 0.7755885682822544, 'min_child_weight': 2}.
[I 2026-05-15 17:12:00,997] Trial 305 finished with values: [0.5787308569566634, 0.9574388589065139] and parameters: {'n_estimators': 474, 'learning_rate': 0.20655112155089347, 'subsample': 0.892797576724562, 'colsample_bytree': 0.8394633936788146, 'min_child_weight': 1}.
[I 2026-05-15 17:12:01,776] Trial 306 finished with values: [0.5793363938928455, 0.9907792897779203] and parameters: {'n_estimators': 474, 'learning_rate': 0.25648866468880704, 'subsample': 0.7822627011142852, 'colsample_bytree': 0.8480530391206147, 'min_child_weight': 1}.
[I 2026-05-15 17:12:02,611] Trial 307 finished with values: [0.5581980664944374, 0.7569986076695752] and parameters: {'n_estimators': 408, 'learning_rate': 0.25648866468880704, 'subsample': 0.9659457560881795, 'colsample_bytree': 0.8491561903276001, 'min_child_weight': 2}.
[I 2026-05-15 17:12:03,092] Trial 308 finished with values: [0.4165049835916771, 5.620453297745289] and parameters: {'n_estimators': 175, 'learning_rate': 0.183492792986878, 'subsample': 0.8814631437520095, 'colsample_bytree': 0.8118602313424026, 'min_child_weight': 3}.
[I 2026-05-15 17:12:03,823] Trial 309 finished with values: [0.5429669971605455, 0.5134036566419714] and parameters: {'n_estimators': 414, 'learning_rate': 0.21068591627429098, 'subsample': 0.8307615538505436, 'colsample_bytree': 0.7127419099093599, 'min_child_weight': 2}.
[I 2026-05-15 17:12:04,462] Trial 310 finished with values: [0.5053300720337011, 2.0613318706900734] and parameters: {'n_estimators': 347, 'learning_rate': 0.10519936117151477, 'subsample': 0.9043140194467589, 'colsample_bytree': 0.7854793619759929, 'min_child_weight': 3}.
[I 2026-05-15 17:12:05,237] Trial 311 finished with values: [0.5624500477121445, 0.5343807710762098] and parameters: {'n_estimators': 414, 'learning_rate': 0.21068591627429098, 'subsample': 0.9659457560881795, 'colsample_bytree': 0.7413408912104211, 'min_child_weight': 2}.
[I 2026-05-15 17:12:05,945] Trial 312 finished with values: [0.47195264860587444, 1.8162245406058433] and parameters: {'n_estimators': 414, 'learning_rate': 0.07279991098092103, 'subsample': 0.6310938547859939, 'colsample_bytree': 0.7127419099093599, 'min_child_weight': 2}.
[I 2026-05-15 17:12:06,606] Trial 313 finished with values: [0.424273088023088, 9.918243607804834] and parameters: {'n_estimators': 218, 'learning_rate': 0.27497884337724565, 'subsample': 0.892797576724562, 'colsample_bytree': 0.9944842977918411, 'min_child_weight': 1}.
[I 2026-05-15 17:12:07,262] Trial 314 finished with values: [0.4784497189638318, 7.12193911497882] and parameters: {'n_estimators': 364, 'learning_rate': 0.06192689958760303, 'subsample': 0.9659457560881795, 'colsample_bytree': 0.7480634801021777, 'min_child_weight': 1}.
[I 2026-05-15 17:12:07,987] Trial 315 finished with values: [0.5767051418563515, 0.6324274423450053] and parameters: {'n_estimators': 408, 'learning_rate': 0.25648866468880704, 'subsample': 0.9659457560881795, 'colsample_bytree': 0.7970070775275455, 'min_child_weight': 2}.
[I 2026-05-15 17:12:08,841] Trial 316 finished with values: [0.5356898041474654, 1.1070438604170494] and parameters: {'n_estimators': 474, 'learning_rate': 0.2536999076681772, 'subsample': 0.9659457560881795, 'colsample_bytree': 0.7238110465145311, 'min_child_weight': 9}.
