# Training-script output capture
# Generated: 2026-05-15T17:08:26
# UUID:      716c8db6-9a0e-4578-a977-90a28c4d0948
# Label:     training
# Leaf:      /home/mklemmingen/PycharmProjects/migraine-forecasting-shd/experiment/0/headache/full_features/stacked_2xgb_meta_lr/80_20/stratified/HyperparameterTuned/pareto_AUROC_slope/auroc_max
# Captures stdout/stderr written during the wrapped block
# (library messages, warnings, progress bars, etc.).
# Begin capture ----------------------------------------
Loading train and chronologically subsplitting...
train_sub: (3432, 52), cal_sub: (180, 52)
Running pareto_AUROC_slope search (500 trials)...
[I 2026-05-15 17:08:26,851] A new study created in memory with name: no-name-42bd71a9-e750-4cbe-8330-093029953465
[I 2026-05-15 17:08:28,456] Trial 0 finished with values: [0.5736697184983475, 1.729055345688541] and parameters: {'n_estimators': 218, 'learning_rate': 0.2536999076681772, 'subsample': 0.892797576724562, 'colsample_bytree': 0.8394633936788146, 'min_child_weight': 2}.
[I 2026-05-15 17:08:29,801] Trial 1 finished with values: [0.3576967180445003, 9.40989580788698] and parameters: {'n_estimators': 120, 'learning_rate': 0.012184186502221764, 'subsample': 0.9464704583099741, 'colsample_bytree': 0.8404460046972835, 'min_child_weight': 8}.
[I 2026-05-15 17:08:31,101] Trial 2 finished with values: [0.42371898710608386, 7.9620687685766285] and parameters: {'n_estimators': 59, 'learning_rate': 0.2708160864249968, 'subsample': 0.9329770563201687, 'colsample_bytree': 0.6849356442713105, 'min_child_weight': 2}.
[I 2026-05-15 17:08:32,472] Trial 3 finished with values: [0.4151735456523763, 3.8495890969357776] and parameters: {'n_estimators': 132, 'learning_rate': 0.028145092716060652, 'subsample': 0.8099025726528951, 'colsample_bytree': 0.7727780074568463, 'min_child_weight': 3}.
[I 2026-05-15 17:08:33,850] Trial 4 finished with values: [0.4567231357352325, 2.8244973555535355] and parameters: {'n_estimators': 325, 'learning_rate': 0.01607123851203988, 'subsample': 0.7168578594140873, 'colsample_bytree': 0.7465447373174767, 'min_child_weight': 5}.
[I 2026-05-15 17:08:35,344] Trial 5 finished with values: [0.4615839413722478, 2.896055112992882] and parameters: {'n_estimators': 404, 'learning_rate': 0.019721610970574007, 'subsample': 0.8056937753654446, 'colsample_bytree': 0.836965827544817, 'min_child_weight': 1}.
[I 2026-05-15 17:08:36,857] Trial 6 finished with values: [0.4598304036912907, 3.116143814866058] and parameters: {'n_estimators': 324, 'learning_rate': 0.0178601378893971, 'subsample': 0.6260206371941118, 'colsample_bytree': 0.9795542149013333, 'min_child_weight': 10}.
[I 2026-05-15 17:08:38,311] Trial 7 finished with values: [0.48052781559838015, 4.074138555078152] and parameters: {'n_estimators': 414, 'learning_rate': 0.028180680291847244, 'subsample': 0.6390688456025535, 'colsample_bytree': 0.8736932106048627, 'min_child_weight': 5}.
[I 2026-05-15 17:08:38,804] Trial 8 finished with values: [0.4624600119862217, 3.228612809411193] and parameters: {'n_estimators': 105, 'learning_rate': 0.05388108577817234, 'subsample': 0.6137554084460873, 'colsample_bytree': 0.9637281608315128, 'min_child_weight': 3}.
[I 2026-05-15 17:08:39,516] Trial 9 finished with values: [0.4759469260578132, 3.142842035512043] and parameters: {'n_estimators': 348, 'learning_rate': 0.028869220380495747, 'subsample': 0.8080272084711243, 'colsample_bytree': 0.8186841117373118, 'min_child_weight': 2}.
[I 2026-05-15 17:08:40,217] Trial 10 finished with values: [0.504715821812596, 3.2279792201841717] and parameters: {'n_estimators': 487, 'learning_rate': 0.13962563737015762, 'subsample': 0.9757995766256756, 'colsample_bytree': 0.9579309401710595, 'min_child_weight': 6}.
[I 2026-05-15 17:08:40,986] Trial 11 finished with values: [0.4753062886933854, 3.3848730743059763] and parameters: {'n_estimators': 465, 'learning_rate': 0.01351182947645082, 'subsample': 0.6783931449676581, 'colsample_bytree': 0.6180909155642152, 'min_child_weight': 4}.
[I 2026-05-15 17:08:41,517] Trial 12 finished with values: [0.4255037558767397, 3.854418262222859] and parameters: {'n_estimators': 225, 'learning_rate': 0.02516607127550297, 'subsample': 0.9314950036607718, 'colsample_bytree': 0.7427013306774357, 'min_child_weight': 3}.
[I 2026-05-15 17:08:42,214] Trial 13 finished with values: [0.42505761823302146, 4.264463105273578] and parameters: {'n_estimators': 294, 'learning_rate': 0.016149614799999188, 'subsample': 0.9208787923016158, 'colsample_bytree': 0.6298202574719083, 'min_child_weight': 10}.
[I 2026-05-15 17:08:43,078] Trial 14 finished with values: [0.4507916870316063, 3.5082107946501546] and parameters: {'n_estimators': 398, 'learning_rate': 0.019657448966046126, 'subsample': 0.602208846849441, 'colsample_bytree': 0.9261845713819337, 'min_child_weight': 8}.
[I 2026-05-15 17:08:43,871] Trial 15 finished with values: [0.45311727586929207, 3.606679704715161] and parameters: {'n_estimators': 378, 'learning_rate': 0.13780336485751998, 'subsample': 0.6296178606936361, 'colsample_bytree': 0.7433862914177091, 'min_child_weight': 2}.
[I 2026-05-15 17:08:44,578] Trial 16 finished with values: [0.3893820113578178, 7.660910227201569] and parameters: {'n_estimators': 439, 'learning_rate': 0.08330803890301997, 'subsample': 0.7323592099410596, 'colsample_bytree': 0.6254233401144095, 'min_child_weight': 4}.
[I 2026-05-15 17:08:45,099] Trial 17 finished with values: [0.4508332460550203, 5.1110849762743555] and parameters: {'n_estimators': 196, 'learning_rate': 0.1195960383019184, 'subsample': 0.8550229885420852, 'colsample_bytree': 0.9548850970305306, 'min_child_weight': 5}.
[I 2026-05-15 17:08:45,509] Trial 18 finished with values: [0.4696357439603407, 2.9593861650718036] and parameters: {'n_estimators': 103, 'learning_rate': 0.1131225105716033, 'subsample': 0.9043140194467589, 'colsample_bytree': 0.8245108790277985, 'min_child_weight': 8}.
[I 2026-05-15 17:08:46,086] Trial 19 finished with values: [0.4959238409440022, 3.8697311269783254] and parameters: {'n_estimators': 272, 'learning_rate': 0.05917520523090666, 'subsample': 0.7710164073434198, 'colsample_bytree': 0.610167650697638, 'min_child_weight': 2}.
[I 2026-05-15 17:08:46,578] Trial 20 finished with values: [0.44066860279057857, 3.560534790136515] and parameters: {'n_estimators': 64, 'learning_rate': 0.08710745900492396, 'subsample': 0.7257423924305306, 'colsample_bytree': 0.8034282764658811, 'min_child_weight': 10}.
[I 2026-05-15 17:08:47,096] Trial 21 finished with values: [0.4761492371875436, 3.2613072011497586] and parameters: {'n_estimators': 162, 'learning_rate': 0.040381768820718394, 'subsample': 0.9022204554172195, 'colsample_bytree': 0.6915192661966489, 'min_child_weight': 1}.
[I 2026-05-15 17:08:47,656] Trial 22 finished with values: [0.38437501454638545, 4.4820602684462285] and parameters: {'n_estimators': 180, 'learning_rate': 0.017303875834205888, 'subsample': 0.9718790609370292, 'colsample_bytree': 0.9232481518257668, 'min_child_weight': 7}.
[I 2026-05-15 17:08:48,471] Trial 23 finished with values: [0.4596768084066471, 4.803332222885904] and parameters: {'n_estimators': 443, 'learning_rate': 0.1538583627271404, 'subsample': 0.6746280235544143, 'colsample_bytree': 0.9570235993959911, 'min_child_weight': 6}.
[I 2026-05-15 17:08:49,148] Trial 24 finished with values: [0.5152568309826374, 1.0029093074427027] and parameters: {'n_estimators': 414, 'learning_rate': 0.21068591627429098, 'subsample': 0.7272013899887455, 'colsample_bytree': 0.6440207698110707, 'min_child_weight': 3}.
[I 2026-05-15 17:08:49,675] Trial 25 finished with values: [0.4596343038681748, 6.293188727218904] and parameters: {'n_estimators': 242, 'learning_rate': 0.16155001304356414, 'subsample': 0.9442922333025374, 'colsample_bytree': 0.6027808522124762, 'min_child_weight': 6}.
[I 2026-05-15 17:08:50,213] Trial 26 finished with values: [0.4418943466927338, 3.271064819901947] and parameters: {'n_estimators': 238, 'learning_rate': 0.0212853192163843, 'subsample': 0.6479461469334731, 'colsample_bytree': 0.7350460685614512, 'min_child_weight': 10}.
[I 2026-05-15 17:08:50,836] Trial 27 finished with values: [0.46117520248568644, 3.144564330413682] and parameters: {'n_estimators': 195, 'learning_rate': 0.05838706626832953, 'subsample': 0.881207583558071, 'colsample_bytree': 0.7454518409517176, 'min_child_weight': 10}.
[I 2026-05-15 17:08:51,632] Trial 28 finished with values: [0.4421404424428618, 6.678189676896179] and parameters: {'n_estimators': 484, 'learning_rate': 0.023545774516299134, 'subsample': 0.7988994023569542, 'colsample_bytree': 0.7203513239267079, 'min_child_weight': 3}.
[I 2026-05-15 17:08:52,142] Trial 29 finished with values: [0.4590129259181679, 3.6841760741869103] and parameters: {'n_estimators': 66, 'learning_rate': 0.07950609693143304, 'subsample': 0.8010716092915446, 'colsample_bytree': 0.6205915004999957, 'min_child_weight': 3}.
[I 2026-05-15 17:08:52,891] Trial 30 finished with values: [0.4942283142484755, 3.156115501813422] and parameters: {'n_estimators': 459, 'learning_rate': 0.022587177280197233, 'subsample': 0.6579579488364892, 'colsample_bytree': 0.7957811041110252, 'min_child_weight': 10}.
[I 2026-05-15 17:08:53,361] Trial 31 finished with values: [0.46526292591816787, 3.695218038423344] and parameters: {'n_estimators': 159, 'learning_rate': 0.09836162684900028, 'subsample': 0.9046478461314871, 'colsample_bytree': 0.6950550175969599, 'min_child_weight': 8}.
[I 2026-05-15 17:08:54,033] Trial 32 finished with values: [0.47405271028254903, 7.67922424135035] and parameters: {'n_estimators': 215, 'learning_rate': 0.08589984533104164, 'subsample': 0.8534118843043579, 'colsample_bytree': 0.8143098736299034, 'min_child_weight': 1}.
[I 2026-05-15 17:08:54,743] Trial 33 finished with values: [0.45044705406600566, 5.019353868102552] and parameters: {'n_estimators': 426, 'learning_rate': 0.029773579612263783, 'subsample': 0.6746074041599417, 'colsample_bytree': 0.6163100566219055, 'min_child_weight': 6}.
[I 2026-05-15 17:08:55,487] Trial 34 finished with values: [0.44284262556439974, 3.0411446127007347] and parameters: {'n_estimators': 355, 'learning_rate': 0.01058040360169664, 'subsample': 0.8048372233197124, 'colsample_bytree': 0.6905983100791752, 'min_child_weight': 7}.
[I 2026-05-15 17:08:55,949] Trial 35 finished with values: [0.5052466194200065, 6.012393963512333] and parameters: {'n_estimators': 128, 'learning_rate': 0.10485733570643786, 'subsample': 0.7546941385202149, 'colsample_bytree': 0.9746919954946938, 'min_child_weight': 2}.
[I 2026-05-15 17:08:56,454] Trial 36 finished with values: [0.43152379206814684, 3.488842602916634] and parameters: {'n_estimators': 203, 'learning_rate': 0.01471005003927122, 'subsample': 0.9698774473114251, 'colsample_bytree': 0.9509357413523924, 'min_child_weight': 3}.
[I 2026-05-15 17:08:57,115] Trial 37 finished with values: [0.5250789577805708, 2.560601722921871] and parameters: {'n_estimators': 347, 'learning_rate': 0.16111511355977057, 'subsample': 0.822080324639785, 'colsample_bytree': 0.8118602313424026, 'min_child_weight': 3}.
[I 2026-05-15 17:08:57,549] Trial 38 finished with values: [0.4508683464832658, 22.968668865604517] and parameters: {'n_estimators': 91, 'learning_rate': 0.21149322814164553, 'subsample': 0.9601672228653322, 'colsample_bytree': 0.8532405829093072, 'min_child_weight': 4}.
[I 2026-05-15 17:08:58,054] Trial 39 finished with values: [0.5570742563887725, 27.777336736166774] and parameters: {'n_estimators': 207, 'learning_rate': 0.11812030596598909, 'subsample': 0.9588441039810308, 'colsample_bytree': 0.954834569706047, 'min_child_weight': 8}.
[I 2026-05-15 17:08:58,774] Trial 40 finished with values: [0.44183316459526134, 3.4120235971070003] and parameters: {'n_estimators': 339, 'learning_rate': 0.013313275850595153, 'subsample': 0.6646514856378455, 'colsample_bytree': 0.9594216754108317, 'min_child_weight': 7}.
[I 2026-05-15 17:08:59,158] Trial 41 finished with values: [0.3801400380533445, 5.747029041078981] and parameters: {'n_estimators': 54, 'learning_rate': 0.01412166070620751, 'subsample': 0.8654007076432223, 'colsample_bytree': 0.6020246335384875, 'min_child_weight': 2}.
[I 2026-05-15 17:08:59,871] Trial 42 finished with values: [0.4537106229344133, 3.721273003363349] and parameters: {'n_estimators': 297, 'learning_rate': 0.10519936117151477, 'subsample': 0.8607845038010402, 'colsample_bytree': 0.689707723784224, 'min_child_weight': 8}.
[I 2026-05-15 17:09:00,436] Trial 43 finished with values: [0.4327973281199088, 3.178859117743567] and parameters: {'n_estimators': 156, 'learning_rate': 0.030245085073501415, 'subsample': 0.8985965620472096, 'colsample_bytree': 0.8598531596188859, 'min_child_weight': 9}.
[I 2026-05-15 17:09:01,046] Trial 44 finished with values: [0.5167916346646185, 15.811317586524556] and parameters: {'n_estimators': 346, 'learning_rate': 0.06909724267901692, 'subsample': 0.637469907131237, 'colsample_bytree': 0.7470863212237734, 'min_child_weight': 3}.
[I 2026-05-15 17:09:01,641] Trial 45 finished with values: [0.5044050382860867, 1.5764443651679283] and parameters: {'n_estimators': 160, 'learning_rate': 0.2736872535680783, 'subsample': 0.7572390898667042, 'colsample_bytree': 0.9568186220708453, 'min_child_weight': 7}.
[I 2026-05-15 17:09:02,433] Trial 46 finished with values: [0.510506534236373, 6.446440403437118] and parameters: {'n_estimators': 408, 'learning_rate': 0.05526573288655769, 'subsample': 0.8307615538505436, 'colsample_bytree': 0.7970070775275455, 'min_child_weight': 2}.
[I 2026-05-15 17:09:03,106] Trial 47 finished with values: [0.4637944828469022, 2.70362059495205] and parameters: {'n_estimators': 375, 'learning_rate': 0.025985724173338116, 'subsample': 0.6097263865725815, 'colsample_bytree': 0.858188918362867, 'min_child_weight': 2}.
[I 2026-05-15 17:09:03,825] Trial 48 finished with values: [0.5692592107713075, 0.9350603926913482] and parameters: {'n_estimators': 474, 'learning_rate': 0.25648866468880704, 'subsample': 0.9659457560881795, 'colsample_bytree': 0.7480634801021777, 'min_child_weight': 1}.
[I 2026-05-15 17:09:04,574] Trial 49 finished with values: [0.4378359633198342, 3.3993100242728245] and parameters: {'n_estimators': 468, 'learning_rate': 0.042902233912047165, 'subsample': 0.9866619276174678, 'colsample_bytree': 0.9854479908357011, 'min_child_weight': 9}.
[I 2026-05-15 17:09:05,325] Trial 50 finished with values: [0.46706250290927703, 2.459068673745555] and parameters: {'n_estimators': 375, 'learning_rate': 0.025985724173338116, 'subsample': 0.637469907131237, 'colsample_bytree': 0.7470863212237734, 'min_child_weight': 3}.
[I 2026-05-15 17:09:05,935] Trial 51 finished with values: [0.4250003782060233, 3.241613591436283] and parameters: {'n_estimators': 215, 'learning_rate': 0.08589984533104164, 'subsample': 0.8534118843043579, 'colsample_bytree': 0.8143098736299034, 'min_child_weight': 4}.
[I 2026-05-15 17:09:06,716] Trial 52 finished with values: [0.5335253019829632, 2.0371425175488738] and parameters: {'n_estimators': 433, 'learning_rate': 0.2708160864249968, 'subsample': 0.9329770563201687, 'colsample_bytree': 0.6849356442713105, 'min_child_weight': 2}.
[I 2026-05-15 17:09:07,205] Trial 53 finished with values: [0.3769973060094028, 9.097219373156092] and parameters: {'n_estimators': 64, 'learning_rate': 0.029385442161128397, 'subsample': 0.6137554084460873, 'colsample_bytree': 0.9637281608315128, 'min_child_weight': 10}.
[I 2026-05-15 17:09:07,758] Trial 54 finished with values: [0.4376571446027091, 3.3131990842375125] and parameters: {'n_estimators': 346, 'learning_rate': 0.017797595772834223, 'subsample': 0.8550229885420852, 'colsample_bytree': 0.82272050498334, 'min_child_weight': 3}.
[I 2026-05-15 17:09:08,409] Trial 55 finished with values: [0.5146983661499791, 9.929116835746067] and parameters: {'n_estimators': 414, 'learning_rate': 0.24144271975982237, 'subsample': 0.7272013899887455, 'colsample_bytree': 0.6440207698110707, 'min_child_weight': 7}.
[I 2026-05-15 17:09:08,822] Trial 56 finished with values: [0.44850124226132293, 3.092614008121947] and parameters: {'n_estimators': 91, 'learning_rate': 0.05838706626832953, 'subsample': 0.9601672228653322, 'colsample_bytree': 0.7454518409517176, 'min_child_weight': 4}.
[I 2026-05-15 17:09:09,456] Trial 57 finished with values: [0.4433670227621841, 3.5300759856379735] and parameters: {'n_estimators': 218, 'learning_rate': 0.06951034928701941, 'subsample': 0.9208787923016158, 'colsample_bytree': 0.6388705975083074, 'min_child_weight': 7}.
[I 2026-05-15 17:09:09,977] Trial 58 finished with values: [0.48073750174556623, 1.9826558992391026] and parameters: {'n_estimators': 203, 'learning_rate': 0.11812030596598909, 'subsample': 0.9698774473114251, 'colsample_bytree': 0.9960215400417053, 'min_child_weight': 3}.
[I 2026-05-15 17:09:10,774] Trial 59 finished with values: [0.4552749848717591, 3.8108982671107485] and parameters: {'n_estimators': 487, 'learning_rate': 0.01610352961694889, 'subsample': 0.8073318609454947, 'colsample_bytree': 0.610167650697638, 'min_child_weight': 2}.
[I 2026-05-15 17:09:11,442] Trial 60 finished with values: [0.40255811281012893, 11.59866100895285] and parameters: {'n_estimators': 346, 'learning_rate': 0.08589984533104164, 'subsample': 0.8534118843043579, 'colsample_bytree': 0.9509492287711822, 'min_child_weight': 1}.
[I 2026-05-15 17:09:11,912] Trial 61 finished with values: [0.43469779884094406, 10.133578700387309] and parameters: {'n_estimators': 120, 'learning_rate': 0.25648866468880704, 'subsample': 0.8963074471016818, 'colsample_bytree': 0.7480634801021777, 'min_child_weight': 1}.
[I 2026-05-15 17:09:12,554] Trial 62 finished with values: [0.45073473793231855, 7.726722895483567] and parameters: {'n_estimators': 347, 'learning_rate': 0.10704755834674413, 'subsample': 0.7168578594140873, 'colsample_bytree': 0.7465447373174767, 'min_child_weight': 8}.
[I 2026-05-15 17:09:13,080] Trial 63 finished with values: [0.483217660475725, 3.8755722216312067] and parameters: {'n_estimators': 215, 'learning_rate': 0.08589984533104164, 'subsample': 0.8534118843043579, 'colsample_bytree': 0.8245108790277985, 'min_child_weight': 8}.
[I 2026-05-15 17:09:13,832] Trial 64 finished with values: [0.5083619606200251, 1.0934955071706696] and parameters: {'n_estimators': 474, 'learning_rate': 0.16155001304356414, 'subsample': 0.9659457560881795, 'colsample_bytree': 0.6027808522124762, 'min_child_weight': 1}.
[I 2026-05-15 17:09:14,559] Trial 65 finished with values: [0.4750228378252572, 4.674805013340136] and parameters: {'n_estimators': 487, 'learning_rate': 0.028180680291847244, 'subsample': 0.6390688456025535, 'colsample_bytree': 0.8736932106048627, 'min_child_weight': 5}.
[I 2026-05-15 17:09:15,029] Trial 66 finished with values: [0.5052466194200065, 6.012393963512333] and parameters: {'n_estimators': 128, 'learning_rate': 0.10485733570643786, 'subsample': 0.7546941385202149, 'colsample_bytree': 0.9746919954946938, 'min_child_weight': 2}.
[I 2026-05-15 17:09:15,849] Trial 67 finished with values: [0.5692592107713075, 0.9350603926913482] and parameters: {'n_estimators': 474, 'learning_rate': 0.25648866468880704, 'subsample': 0.9659457560881795, 'colsample_bytree': 0.7480634801021777, 'min_child_weight': 1}.
[I 2026-05-15 17:09:16,644] Trial 68 finished with values: [0.44494853488805103, 3.3169483491611005] and parameters: {'n_estimators': 474, 'learning_rate': 0.25648866468880704, 'subsample': 0.7168578594140873, 'colsample_bytree': 0.7480634801021777, 'min_child_weight': 5}.
[I 2026-05-15 17:09:17,398] Trial 69 finished with values: [0.4359580831355025, 3.363392012756831] and parameters: {'n_estimators': 355, 'learning_rate': 0.01058040360169664, 'subsample': 0.8048372233197124, 'colsample_bytree': 0.6905983100791752, 'min_child_weight': 4}.
[I 2026-05-15 17:09:17,960] Trial 70 finished with values: [0.44726053740166644, 3.858449024691654] and parameters: {'n_estimators': 238, 'learning_rate': 0.16155001304356414, 'subsample': 0.6479461469334731, 'colsample_bytree': 0.6027808522124762, 'min_child_weight': 6}.
[I 2026-05-15 17:09:18,524] Trial 71 finished with values: [0.5384894305962854, 1.8504936638361378] and parameters: {'n_estimators': 272, 'learning_rate': 0.2536999076681772, 'subsample': 0.7710164073434198, 'colsample_bytree': 0.7174367377057973, 'min_child_weight': 9}.
[I 2026-05-15 17:09:19,222] Trial 72 finished with values: [0.4015982259228227, 2.694070533216193] and parameters: {'n_estimators': 415, 'learning_rate': 0.019721610970574007, 'subsample': 0.9659457560881795, 'colsample_bytree': 0.7480634801021777, 'min_child_weight': 1}.
[I 2026-05-15 17:09:20,026] Trial 73 finished with values: [0.534129529744449, 0.563407103996962] and parameters: {'n_estimators': 378, 'learning_rate': 0.10519936117151477, 'subsample': 0.6296178606936361, 'colsample_bytree': 0.9468289274320415, 'min_child_weight': 2}.
[I 2026-05-15 17:09:20,576] Trial 74 finished with values: [0.47315985313969183, 5.842094215611278] and parameters: {'n_estimators': 218, 'learning_rate': 0.08589984533104164, 'subsample': 0.8534118843043579, 'colsample_bytree': 0.8143098736299034, 'min_child_weight': 1}.
[I 2026-05-15 17:09:20,980] Trial 75 finished with values: [0.4133479160848113, 3.2287422904242744] and parameters: {'n_estimators': 66, 'learning_rate': 0.040381768820718394, 'subsample': 0.9022204554172195, 'colsample_bytree': 0.9652962210225885, 'min_child_weight': 1}.
[I 2026-05-15 17:09:21,718] Trial 76 finished with values: [0.43785394265232974, 3.1783586378513204] and parameters: {'n_estimators': 355, 'learning_rate': 0.01607123851203988, 'subsample': 0.8048372233197124, 'colsample_bytree': 0.7465447373174767, 'min_child_weight': 7}.
