[I 2026-05-15 17:10:16,177] Trial 157 finished with values: [0.5010461324070195, 5.230429801740234] and parameters: {'n_estimators': 325, 'learning_rate': 0.25648866468880704, 'subsample': 0.9659457560881795, 'colsample_bytree': 0.8491561903276001, 'min_child_weight': 5}.
[I 2026-05-15 17:10:17,039] Trial 158 finished with values: [0.5349360977284364, 0.8472861327885559] and parameters: {'n_estimators': 480, 'learning_rate': 0.183492792986878, 'subsample': 0.8814631437520095, 'colsample_bytree': 0.8446882984937409, 'min_child_weight': 1}.
[I 2026-05-15 17:10:17,584] Trial 159 finished with values: [0.5547351394125588, 1.56454283305767] and parameters: {'n_estimators': 225, 'learning_rate': 0.25648866468880704, 'subsample': 0.9659457560881795, 'colsample_bytree': 0.7480634801021777, 'min_child_weight': 1}.
[I 2026-05-15 17:10:18,385] Trial 160 finished with values: [0.3806943862589024, 6.296116435583782] and parameters: {'n_estimators': 487, 'learning_rate': 0.2736872535680783, 'subsample': 0.9757995766256756, 'colsample_bytree': 0.6282274989601719, 'min_child_weight': 7}.
[I 2026-05-15 17:10:19,007] Trial 161 finished with values: [0.5324018264441651, 1.6903012111557782] and parameters: {'n_estimators': 339, 'learning_rate': 0.2708160864249968, 'subsample': 0.9329770563201687, 'colsample_bytree': 0.6849356442713105, 'min_child_weight': 2}.
[I 2026-05-15 17:10:19,496] Trial 162 finished with values: [0.40963153278173436, 4.394598151599188] and parameters: {'n_estimators': 61, 'learning_rate': 0.07332660227137139, 'subsample': 0.9588441039810308, 'colsample_bytree': 0.954834569706047, 'min_child_weight': 8}.
[I 2026-05-15 17:10:20,260] Trial 163 finished with values: [0.5127328876320811, 2.388506871090577] and parameters: {'n_estimators': 348, 'learning_rate': 0.16111511355977057, 'subsample': 0.7710164073434198, 'colsample_bytree': 0.9760920965699831, 'min_child_weight': 3}.
[I 2026-05-15 17:10:20,928] Trial 164 finished with values: [0.39195208129683934, 13.750517662977575] and parameters: {'n_estimators': 408, 'learning_rate': 0.10519936117151477, 'subsample': 0.9659457560881795, 'colsample_bytree': 0.7480634801021777, 'min_child_weight': 6}.
[I 2026-05-15 17:10:21,583] Trial 165 finished with values: [0.48938908090117766, 4.147978399340005] and parameters: {'n_estimators': 408, 'learning_rate': 0.16111511355977057, 'subsample': 0.7552679704826087, 'colsample_bytree': 0.8118602313424026, 'min_child_weight': 5}.
[I 2026-05-15 17:10:22,317] Trial 166 finished with values: [0.5225095860680538, 2.693174787161678] and parameters: {'n_estimators': 347, 'learning_rate': 0.16111511355977057, 'subsample': 0.8573152873769412, 'colsample_bytree': 0.7833011561966067, 'min_child_weight': 2}.
[I 2026-05-15 17:10:22,997] Trial 167 finished with values: [0.5499101324302937, 2.66141508866118] and parameters: {'n_estimators': 348, 'learning_rate': 0.16111511355977057, 'subsample': 0.6863284109987373, 'colsample_bytree': 0.8118602313424026, 'min_child_weight': 1}.
[I 2026-05-15 17:10:23,613] Trial 168 finished with values: [0.3840963785318624, 7.290974322926033] and parameters: {'n_estimators': 296, 'learning_rate': 0.2736872535680783, 'subsample': 0.7572390898667042, 'colsample_bytree': 0.6149392754996857, 'min_child_weight': 7}.
[I 2026-05-15 17:10:24,271] Trial 169 finished with values: [0.4666483382209189, 1.3531637463817143] and parameters: {'n_estimators': 347, 'learning_rate': 0.25648866468880704, 'subsample': 0.822080324639785, 'colsample_bytree': 0.8118602313424026, 'min_child_weight': 3}.
[I 2026-05-15 17:10:25,002] Trial 170 finished with values: [0.5257288902853418, 0.9114073377635314] and parameters: {'n_estimators': 414, 'learning_rate': 0.24584290528289388, 'subsample': 0.6390688456025535, 'colsample_bytree': 0.6440207698110707, 'min_child_weight': 1}.
[I 2026-05-15 17:10:25,781] Trial 171 finished with values: [0.5581980664944374, 0.7569986076695752] and parameters: {'n_estimators': 408, 'learning_rate': 0.25648866468880704, 'subsample': 0.9659457560881795, 'colsample_bytree': 0.8491561903276001, 'min_child_weight': 2}.
[I 2026-05-15 17:10:26,268] Trial 172 finished with values: [0.41411793627519433, 6.307045084487962] and parameters: {'n_estimators': 207, 'learning_rate': 0.2736872535680783, 'subsample': 0.7544410551203097, 'colsample_bytree': 0.9844762255295657, 'min_child_weight': 8}.
[I 2026-05-15 17:10:26,995] Trial 173 finished with values: [0.500191910464088, 6.285286839068973] and parameters: {'n_estimators': 458, 'learning_rate': 0.10519936117151477, 'subsample': 0.9659457560881795, 'colsample_bytree': 0.9468289274320415, 'min_child_weight': 1}.
[I 2026-05-15 17:10:27,803] Trial 174 finished with values: [0.4417945293953359, 3.738611558778241] and parameters: {'n_estimators': 490, 'learning_rate': 0.019462886350651437, 'subsample': 0.8363333042276043, 'colsample_bytree': 0.7480634801021777, 'min_child_weight': 1}.
[I 2026-05-15 17:10:28,643] Trial 175 finished with values: [0.5692592107713075, 0.9350603926913482] and parameters: {'n_estimators': 474, 'learning_rate': 0.25648866468880704, 'subsample': 0.9659457560881795, 'colsample_bytree': 0.7480634801021777, 'min_child_weight': 1}.
[I 2026-05-15 17:10:29,410] Trial 176 finished with values: [0.41351429036912907, 3.584083273337729] and parameters: {'n_estimators': 414, 'learning_rate': 0.24144271975982237, 'subsample': 0.7272013899887455, 'colsample_bytree': 0.610167650697638, 'min_child_weight': 7}.
[I 2026-05-15 17:10:30,179] Trial 177 finished with values: [0.5715973822324628, 1.393452443022438] and parameters: {'n_estimators': 408, 'learning_rate': 0.16111511355977057, 'subsample': 0.8080272084711243, 'colsample_bytree': 0.7970070775275455, 'min_child_weight': 2}.
[I 2026-05-15 17:10:30,929] Trial 178 finished with values: [0.4606195741982032, 3.0898274440871107] and parameters: {'n_estimators': 474, 'learning_rate': 0.010639368372762009, 'subsample': 0.8363333042276043, 'colsample_bytree': 0.6377771843023713, 'min_child_weight': 1}.
[I 2026-05-15 17:10:31,387] Trial 179 finished with values: [0.4517850596983662, 2.852791257917592] and parameters: {'n_estimators': 160, 'learning_rate': 0.10206664092951903, 'subsample': 0.6284754593840916, 'colsample_bytree': 0.7275902521175045, 'min_child_weight': 6}.
[I 2026-05-15 17:10:32,186] Trial 180 finished with values: [0.5255849247079085, 1.798880340260483] and parameters: {'n_estimators': 414, 'learning_rate': 0.21068591627429098, 'subsample': 0.7119735587783771, 'colsample_bytree': 0.6440207698110707, 'min_child_weight': 3}.
[I 2026-05-15 17:10:32,987] Trial 181 finished with values: [0.4533037459851975, 4.53048547742431] and parameters: {'n_estimators': 420, 'learning_rate': 0.03404436610591982, 'subsample': 0.9379501243877818, 'colsample_bytree': 0.8186841117373118, 'min_child_weight': 3}.
[I 2026-05-15 17:10:33,367] Trial 182 finished with values: [0.4268411069217521, 3.0817063803994973] and parameters: {'n_estimators': 60, 'learning_rate': 0.10519936117151477, 'subsample': 0.9329770563201687, 'colsample_bytree': 0.7480634801021777, 'min_child_weight': 1}.
[I 2026-05-15 17:10:34,050] Trial 183 finished with values: [0.5389088610761996, 1.8571568316015745] and parameters: {'n_estimators': 408, 'learning_rate': 0.25648866468880704, 'subsample': 0.7168578594140873, 'colsample_bytree': 0.7480634801021777, 'min_child_weight': 1}.
[I 2026-05-15 17:10:34,726] Trial 184 finished with values: [0.5234130184331797, 2.9359273588266923] and parameters: {'n_estimators': 417, 'learning_rate': 0.2736872535680783, 'subsample': 0.7572390898667042, 'colsample_bytree': 0.8118602313424026, 'min_child_weight': 7}.
[I 2026-05-15 17:10:35,616] Trial 185 finished with values: [0.5439613153423638, 2.0621204789688496] and parameters: {'n_estimators': 433, 'learning_rate': 0.2708160864249968, 'subsample': 0.6390688456025535, 'colsample_bytree': 0.8118602313424026, 'min_child_weight': 2}.
[I 2026-05-15 17:10:36,208] Trial 186 finished with values: [0.4519012998650095, 3.206257024289509] and parameters: {'n_estimators': 324, 'learning_rate': 0.022587177280197233, 'subsample': 0.8080272084711243, 'colsample_bytree': 0.7957811041110252, 'min_child_weight': 10}.
[I 2026-05-15 17:10:36,743] Trial 187 finished with values: [0.5590064964157705, 0.5978153152462389] and parameters: {'n_estimators': 414, 'learning_rate': 0.21068591627429098, 'subsample': 0.9659457560881795, 'colsample_bytree': 0.7127419099093599, 'min_child_weight': 2}.
[I 2026-05-15 17:10:37,327] Trial 188 finished with values: [0.49241170343992924, 8.013104937808317] and parameters: {'n_estimators': 160, 'learning_rate': 0.2736872535680783, 'subsample': 0.8786948661456602, 'colsample_bytree': 0.7755885682822544, 'min_child_weight': 1}.
[I 2026-05-15 17:10:37,970] Trial 189 finished with values: [0.5241815330726621, 0.5397512203481089] and parameters: {'n_estimators': 325, 'learning_rate': 0.25648866468880704, 'subsample': 0.6313825525369063, 'colsample_bytree': 0.6027808522124762, 'min_child_weight': 2}.
[I 2026-05-15 17:10:38,689] Trial 190 finished with values: [0.5629112845040264, 0.7455706054999711] and parameters: {'n_estimators': 408, 'learning_rate': 0.2063696403063293, 'subsample': 0.8307615538505436, 'colsample_bytree': 0.7970070775275455, 'min_child_weight': 2}.
[I 2026-05-15 17:10:39,359] Trial 191 finished with values: [0.5268392013452498, 2.249617739002575] and parameters: {'n_estimators': 333, 'learning_rate': 0.19775731712985178, 'subsample': 0.7710164073434198, 'colsample_bytree': 0.8118602313424026, 'min_child_weight': 2}.
[I 2026-05-15 17:10:40,082] Trial 192 finished with values: [0.5332762533165759, 1.1104884563510322] and parameters: {'n_estimators': 408, 'learning_rate': 0.1218397677644799, 'subsample': 0.7168578594140873, 'colsample_bytree': 0.6440207698110707, 'min_child_weight': 3}.
[I 2026-05-15 17:10:40,909] Trial 193 finished with values: [0.5692592107713075, 0.9350603926913482] and parameters: {'n_estimators': 474, 'learning_rate': 0.25648866468880704, 'subsample': 0.9659457560881795, 'colsample_bytree': 0.7480634801021777, 'min_child_weight': 1}.
[I 2026-05-15 17:10:41,732] Trial 194 finished with values: [0.4314085410557184, 5.3637282972205895] and parameters: {'n_estimators': 414, 'learning_rate': 0.16111511355977057, 'subsample': 0.6390688456025535, 'colsample_bytree': 0.9213923721539394, 'min_child_weight': 1}.
[I 2026-05-15 17:10:42,376] Trial 195 finished with values: [0.4333652190103803, 4.542457184284791] and parameters: {'n_estimators': 414, 'learning_rate': 0.02609752135980675, 'subsample': 0.9043140194467589, 'colsample_bytree': 0.6709758175118891, 'min_child_weight': 3}.
[I 2026-05-15 17:10:42,925] Trial 196 finished with values: [0.4852804834054834, 24.31335072156463] and parameters: {'n_estimators': 272, 'learning_rate': 0.16111511355977057, 'subsample': 0.9002459006563434, 'colsample_bytree': 0.7174367377057973, 'min_child_weight': 9}.
[I 2026-05-15 17:10:43,613] Trial 197 finished with values: [0.5164785964483546, 3.8257711808080743] and parameters: {'n_estimators': 413, 'learning_rate': 0.2536999076681772, 'subsample': 0.7893887083122263, 'colsample_bytree': 0.7970070775275455, 'min_child_weight': 2}.
[I 2026-05-15 17:10:44,458] Trial 198 finished with values: [0.5412237874133036, 0.49455959340345573] and parameters: {'n_estimators': 474, 'learning_rate': 0.183492792986878, 'subsample': 0.8814631437520095, 'colsample_bytree': 0.7480634801021777, 'min_child_weight': 1}.
[I 2026-05-15 17:10:45,333] Trial 199 finished with values: [0.5238819939021552, 2.386762997057727] and parameters: {'n_estimators': 496, 'learning_rate': 0.09444774154985085, 'subsample': 0.8006065178748798, 'colsample_bytree': 0.8394633936788146, 'min_child_weight': 3}.
[I 2026-05-15 17:10:46,061] Trial 200 finished with values: [0.4918937648373132, 1.8971187851352276] and parameters: {'n_estimators': 480, 'learning_rate': 0.2063696403063293, 'subsample': 0.7650470707645706, 'colsample_bytree': 0.8446882984937409, 'min_child_weight': 4}.
[I 2026-05-15 17:10:46,778] Trial 201 finished with values: [0.5507375744774938, 1.6784804794717982] and parameters: {'n_estimators': 339, 'learning_rate': 0.16111511355977057, 'subsample': 0.9329770563201687, 'colsample_bytree': 0.9105651842967988, 'min_child_weight': 3}.
[I 2026-05-15 17:10:47,365] Trial 202 finished with values: [0.4717948494158172, 9.139787129178329] and parameters: {'n_estimators': 203, 'learning_rate': 0.16111511355977057, 'subsample': 0.9659457560881795, 'colsample_bytree': 0.7480634801021777, 'min_child_weight': 10}.
[I 2026-05-15 17:10:47,977] Trial 203 finished with values: [0.41216019643439, 37.296964891554495] and parameters: {'n_estimators': 377, 'learning_rate': 0.2536999076681772, 'subsample': 0.8080272084711243, 'colsample_bytree': 0.7174367377057973, 'min_child_weight': 2}.
[I 2026-05-15 17:10:48,670] Trial 204 finished with values: [0.5287204999301773, 1.4784592198369786] and parameters: {'n_estimators': 437, 'learning_rate': 0.1218397677644799, 'subsample': 0.7168578594140873, 'colsample_bytree': 0.6440207698110707, 'min_child_weight': 2}.
[I 2026-05-15 17:10:49,413] Trial 205 finished with values: [0.5213824884792626, 1.8641706346928313] and parameters: {'n_estimators': 347, 'learning_rate': 0.13720623374101712, 'subsample': 0.7546941385202149, 'colsample_bytree': 0.8118602313424026, 'min_child_weight': 2}.
[I 2026-05-15 17:10:49,958] Trial 206 finished with values: [0.48044442117022756, 4.9275115764686435] and parameters: {'n_estimators': 243, 'learning_rate': 0.12856643861355183, 'subsample': 0.9018171496338729, 'colsample_bytree': 0.7970070775275455, 'min_child_weight': 1}.
[I 2026-05-15 17:10:50,771] Trial 207 finished with values: [0.561323648349858, 0.2219401144340544] and parameters: {'n_estimators': 408, 'learning_rate': 0.25648866468880704, 'subsample': 0.9659457560881795, 'colsample_bytree': 0.641249547534373, 'min_child_weight': 1}.
[I 2026-05-15 17:10:51,549] Trial 208 finished with values: [0.5470611791881954, 0.5886641476529229] and parameters: {'n_estimators': 457, 'learning_rate': 0.183492792986878, 'subsample': 0.8814631437520095, 'colsample_bytree': 0.8021009489791429, 'min_child_weight': 1}.
[I 2026-05-15 17:10:52,322] Trial 209 finished with values: [0.527994853488805, 0.7967878556147625] and parameters: {'n_estimators': 422, 'learning_rate': 0.24584290528289388, 'subsample': 0.6390688456025535, 'colsample_bytree': 0.6440207698110707, 'min_child_weight': 1}.
[I 2026-05-15 17:10:53,052] Trial 210 finished with values: [0.5504254817762881, 0.557680578611417] and parameters: {'n_estimators': 325, 'learning_rate': 0.25648866468880704, 'subsample': 0.9659457560881795, 'colsample_bytree': 0.8491561903276001, 'min_child_weight': 2}.
[I 2026-05-15 17:10:53,691] Trial 211 finished with values: [0.5470859516827259, 1.7444782725190797] and parameters: {'n_estimators': 194, 'learning_rate': 0.21068591627429098, 'subsample': 0.7168578594140873, 'colsample_bytree': 0.6440207698110707, 'min_child_weight': 9}.
[I 2026-05-15 17:10:54,238] Trial 212 finished with values: [0.45309052506633146, 2.9454025212453727] and parameters: {'n_estimators': 225, 'learning_rate': 0.028869220380495747, 'subsample': 0.8363333042276043, 'colsample_bytree': 0.6440207698110707, 'min_child_weight': 1}.
[I 2026-05-15 17:10:54,889] Trial 213 finished with values: [0.5186781990411022, 1.4061096601951961] and parameters: {'n_estimators': 325, 'learning_rate': 0.16111511355977057, 'subsample': 0.6043350605921193, 'colsample_bytree': 0.8491561903276001, 'min_child_weight': 2}.
[I 2026-05-15 17:10:55,669] Trial 214 finished with values: [0.5174851045012335, 1.0555312206364709] and parameters: {'n_estimators': 414, 'learning_rate': 0.21744977418953557, 'subsample': 0.6390688456025535, 'colsample_bytree': 0.6149392754996857, 'min_child_weight': 1}.
[I 2026-05-15 17:10:56,370] Trial 215 finished with values: [0.47166240457571096, 2.938555800630014] and parameters: {'n_estimators': 474, 'learning_rate': 0.029625450352016573, 'subsample': 0.9659457560881795, 'colsample_bytree': 0.8394633936788146, 'min_child_weight': 1}.
[I 2026-05-15 17:10:57,107] Trial 216 finished with values: [0.4449198639622026, 6.514388502746381] and parameters: {'n_estimators': 478, 'learning_rate': 0.2063696403063293, 'subsample': 0.8307615538505436, 'colsample_bytree': 0.7970070775275455, 'min_child_weight': 10}.
[I 2026-05-15 17:10:57,851] Trial 217 finished with values: [0.5274946469301308, 2.16431780066564] and parameters: {'n_estimators': 348, 'learning_rate': 0.25648866468880704, 'subsample': 0.9659457560881795, 'colsample_bytree': 0.7970070775275455, 'min_child_weight': 3}.
[I 2026-05-15 17:10:58,432] Trial 218 finished with values: [0.5352871892892055, 1.8320889520994015] and parameters: {'n_estimators': 308, 'learning_rate': 0.25648866468880704, 'subsample': 0.8527348848679197, 'colsample_bytree': 0.7793782087913279, 'min_child_weight': 1}.
[I 2026-05-15 17:10:59,031] Trial 219 finished with values: [0.44841170925848334, 3.049566263909539] and parameters: {'n_estimators': 182, 'learning_rate': 0.03058280993112278, 'subsample': 0.7572390898667042, 'colsample_bytree': 0.9568186220708453, 'min_child_weight': 7}.
[I 2026-05-15 17:10:59,654] Trial 220 finished with values: [0.5168306044314109, 1.9498910335979354] and parameters: {'n_estimators': 325, 'learning_rate': 0.13720623374101712, 'subsample': 0.8690073824308153, 'colsample_bytree': 0.8491561903276001, 'min_child_weight': 2}.
[I 2026-05-15 17:11:00,288] Trial 221 finished with values: [0.5391017897872736, 0.9989296688993088] and parameters: {'n_estimators': 325, 'learning_rate': 0.25648866468880704, 'subsample': 0.900949811775072, 'colsample_bytree': 0.9166316174903394, 'min_child_weight': 2}.
[I 2026-05-15 17:11:00,821] Trial 222 finished with values: [0.4894426115998697, 18.813276074340287] and parameters: {'n_estimators': 218, 'learning_rate': 0.1466769064893309, 'subsample': 0.6364824412194762, 'colsample_bytree': 0.8394633936788146, 'min_child_weight': 5}.
[I 2026-05-15 17:11:01,598] Trial 223 finished with values: [0.5509611524228459, 1.1833210305156563] and parameters: {'n_estimators': 474, 'learning_rate': 0.25648866468880704, 'subsample': 0.8814631437520095, 'colsample_bytree': 0.7480634801021777, 'min_child_weight': 1}.
[I 2026-05-15 17:11:02,257] Trial 224 finished with values: [0.5629112845040264, 0.7455706054999711] and parameters: {'n_estimators': 408, 'learning_rate': 0.2063696403063293, 'subsample': 0.8307615538505436, 'colsample_bytree': 0.7970070775275455, 'min_child_weight': 2}.
[I 2026-05-15 17:11:03,097] Trial 225 finished with values: [0.4578949634594796, 5.2268034741225] and parameters: {'n_estimators': 474, 'learning_rate': 0.25648866468880704, 'subsample': 0.6230235040066577, 'colsample_bytree': 0.8198115529294943, 'min_child_weight': 5}.
[I 2026-05-15 17:11:03,920] Trial 226 finished with values: [0.5431772942559233, 0.9442817726374615] and parameters: {'n_estimators': 490, 'learning_rate': 0.20476075218575424, 'subsample': 0.8363333042276043, 'colsample_bytree': 0.6440207698110707, 'min_child_weight': 4}.
[I 2026-05-15 17:11:04,660] Trial 227 finished with values: [0.5146841688777172, 2.3143667016171725] and parameters: {'n_estimators': 378, 'learning_rate': 0.2063696403063293, 'subsample': 0.6296178606936361, 'colsample_bytree': 0.6468268065710423, 'min_child_weight': 2}.
[I 2026-05-15 17:11:05,349] Trial 228 finished with values: [0.5106437648373132, 5.411580235584957] and parameters: {'n_estimators': 414, 'learning_rate': 0.21068591627429098, 'subsample': 0.7272013899887455, 'colsample_bytree': 0.6571966728211344, 'min_child_weight': 3}.
[I 2026-05-15 17:11:06,182] Trial 229 finished with values: [0.5767051418563515, 0.6324274423450053] and parameters: {'n_estimators': 408, 'learning_rate': 0.25648866468880704, 'subsample': 0.9659457560881795, 'colsample_bytree': 0.7970070775275455, 'min_child_weight': 2}.
[I 2026-05-15 17:11:06,937] Trial 230 finished with values: [0.407190554740958, 4.099573181715394] and parameters: {'n_estimators': 487, 'learning_rate': 0.11812030596598909, 'subsample': 0.9046042526869889, 'colsample_bytree': 0.6027808522124762, 'min_child_weight': 8}.
[I 2026-05-15 17:11:07,682] Trial 231 finished with values: [0.4786803373597729, 2.1020630649237426] and parameters: {'n_estimators': 328, 'learning_rate': 0.24584290528289388, 'subsample': 0.6390688456025535, 'colsample_bytree': 0.8394633936788146, 'min_child_weight': 2}.
[I 2026-05-15 17:11:08,376] Trial 232 finished with values: [0.44807929525671464, 2.9119377451741486] and parameters: {'n_estimators': 408, 'learning_rate': 0.014104914380026676, 'subsample': 0.892797576724562, 'colsample_bytree': 0.7970070775275455, 'min_child_weight': 1}.
[I 2026-05-15 17:11:09,030] Trial 233 finished with values: [0.4923134135130104, 2.6741250137146113] and parameters: {'n_estimators': 366, 'learning_rate': 0.13720623374101712, 'subsample': 0.8814631437520095, 'colsample_bytree': 0.7480634801021777, 'min_child_weight': 1}.
[I 2026-05-15 17:11:09,862] Trial 234 finished with values: [0.429574809151422, 1.7167780931613545] and parameters: {'n_estimators': 474, 'learning_rate': 0.25648866468880704, 'subsample': 0.6313825525369063, 'colsample_bytree': 0.7480634801021777, 'min_child_weight': 2}.
[I 2026-05-15 17:11:10,685] Trial 235 finished with values: [0.5429669971605455, 0.5134036566419714] and parameters: {'n_estimators': 414, 'learning_rate': 0.21068591627429098, 'subsample': 0.8307615538505436, 'colsample_bytree': 0.7127419099093599, 'min_child_weight': 2}.
[I 2026-05-15 17:11:11,377] Trial 236 finished with values: [0.515505515989387, 4.895485299157903] and parameters: {'n_estimators': 408, 'learning_rate': 0.16111511355977057, 'subsample': 0.7572390898667042, 'colsample_bytree': 0.7970070775275455, 'min_child_weight': 2}.
