[I 2026-05-15 17:14:05,042] Trial 477 finished with values: [0.5504254817762881, 0.557680578611417] and parameters: {'n_estimators': 325, 'learning_rate': 0.25648866468880704, 'subsample': 0.9659457560881795, 'colsample_bytree': 0.8491561903276001, 'min_child_weight': 2}.
[I 2026-05-15 17:14:05,868] Trial 478 finished with values: [0.5590064964157705, 0.5978153152462389] and parameters: {'n_estimators': 414, 'learning_rate': 0.21068591627429098, 'subsample': 0.9659457560881795, 'colsample_bytree': 0.7127419099093599, 'min_child_weight': 2}.
[I 2026-05-15 17:14:06,762] Trial 479 finished with values: [0.541443132360471, 1.105579039229379] and parameters: {'n_estimators': 414, 'learning_rate': 0.20716979401768126, 'subsample': 0.8307615538505436, 'colsample_bytree': 0.9877881733101476, 'min_child_weight': 1}.
[I 2026-05-15 17:14:07,476] Trial 480 finished with values: [0.5746527632313922, 0.8059019927965234] and parameters: {'n_estimators': 414, 'learning_rate': 0.18987114604724706, 'subsample': 0.8307615538505436, 'colsample_bytree': 0.7127419099093599, 'min_child_weight': 1}.
[I 2026-05-15 17:14:08,198] Trial 481 finished with values: [0.6052752903458549, 1.822803327394395] and parameters: {'n_estimators': 418, 'learning_rate': 0.2063696403063293, 'subsample': 0.8307615538505436, 'colsample_bytree': 0.8491561903276001, 'min_child_weight': 3}.
[I 2026-05-15 17:14:08,956] Trial 482 finished with values: [0.5135599951124143, 0.8791297090670784] and parameters: {'n_estimators': 408, 'learning_rate': 0.183492792986878, 'subsample': 0.9659457560881795, 'colsample_bytree': 0.7970070775275455, 'min_child_weight': 1}.
[I 2026-05-15 17:14:09,809] Trial 483 finished with values: [0.5623685734068798, 1.2741862087667577] and parameters: {'n_estimators': 414, 'learning_rate': 0.25648866468880704, 'subsample': 0.6683550349560263, 'colsample_bytree': 0.7127419099093599, 'min_child_weight': 2}.
[I 2026-05-15 17:14:10,479] Trial 484 finished with values: [0.5320429962063027, 2.0990358393065938] and parameters: {'n_estimators': 414, 'learning_rate': 0.21068591627429098, 'subsample': 0.8307615538505436, 'colsample_bytree': 0.8674572879697724, 'min_child_weight': 10}.
[I 2026-05-15 17:14:10,984] Trial 485 finished with values: [0.5464985104501234, 1.6713059376639159] and parameters: {'n_estimators': 160, 'learning_rate': 0.2736872535680783, 'subsample': 0.7572390898667042, 'colsample_bytree': 0.8227051572055719, 'min_child_weight': 1}.
[I 2026-05-15 17:14:11,806] Trial 486 finished with values: [0.5125686298468557, 1.0888623525434433] and parameters: {'n_estimators': 414, 'learning_rate': 0.25648866468880704, 'subsample': 0.8307615538505436, 'colsample_bytree': 0.940872600127416, 'min_child_weight': 2}.
[I 2026-05-15 17:14:12,447] Trial 487 finished with values: [0.5598993535586277, 0.712521395407577] and parameters: {'n_estimators': 408, 'learning_rate': 0.21068591627429098, 'subsample': 0.8307615538505436, 'colsample_bytree': 0.7970070775275455, 'min_child_weight': 2}.
[I 2026-05-15 17:14:13,064] Trial 488 finished with values: [0.575298215449425, 0.5697501026105064] and parameters: {'n_estimators': 307, 'learning_rate': 0.25648866468880704, 'subsample': 0.9290148971692676, 'colsample_bytree': 0.7970070775275455, 'min_child_weight': 2}.
[I 2026-05-15 17:14:13,700] Trial 489 finished with values: [0.43736217299725366, 6.23494222350661] and parameters: {'n_estimators': 176, 'learning_rate': 0.20655112155089347, 'subsample': 0.892797576724562, 'colsample_bytree': 0.9077971732767748, 'min_child_weight': 1}.
[I 2026-05-15 17:14:14,513] Trial 490 finished with values: [0.5422805677745194, 0.302868431604023] and parameters: {'n_estimators': 474, 'learning_rate': 0.25648866468880704, 'subsample': 0.9659457560881795, 'colsample_bytree': 0.6748174994230093, 'min_child_weight': 1}.
[I 2026-05-15 17:14:15,281] Trial 491 finished with values: [0.49096029418610065, 1.6702514903066272] and parameters: {'n_estimators': 408, 'learning_rate': 0.25648866468880704, 'subsample': 0.7294716945616975, 'colsample_bytree': 0.940872600127416, 'min_child_weight': 1}.
[I 2026-05-15 17:14:16,128] Trial 492 finished with values: [0.43506592421915, 6.96172296764095] and parameters: {'n_estimators': 474, 'learning_rate': 0.183492792986878, 'subsample': 0.7701745754465668, 'colsample_bytree': 0.8446882984937409, 'min_child_weight': 2}.
[I 2026-05-15 17:14:16,970] Trial 493 finished with values: [0.5488530175022109, 1.51618826003666] and parameters: {'n_estimators': 468, 'learning_rate': 0.21068591627429098, 'subsample': 0.8307615538505436, 'colsample_bytree': 0.803044151473782, 'min_child_weight': 1}.
[I 2026-05-15 17:14:17,707] Trial 494 finished with values: [0.5409638289577805, 0.9838917723325424] and parameters: {'n_estimators': 474, 'learning_rate': 0.183492792986878, 'subsample': 0.6969638929660321, 'colsample_bytree': 0.6027808522124762, 'min_child_weight': 1}.
[I 2026-05-15 17:14:18,418] Trial 495 finished with values: [0.5498057475678444, 1.3315866551938202] and parameters: {'n_estimators': 221, 'learning_rate': 0.27082027345327275, 'subsample': 0.892797576724562, 'colsample_bytree': 0.6027808522124762, 'min_child_weight': 2}.
[I 2026-05-15 17:14:19,336] Trial 496 finished with values: [0.540622367104222, 0.5000429568121372] and parameters: {'n_estimators': 487, 'learning_rate': 0.16155001304356414, 'subsample': 0.9757995766256756, 'colsample_bytree': 0.78966953163493, 'min_child_weight': 1}.
[I 2026-05-15 17:14:20,168] Trial 497 finished with values: [0.5048034492389332, 2.3385550736034584] and parameters: {'n_estimators': 414, 'learning_rate': 0.21068591627429098, 'subsample': 0.7822627011142852, 'colsample_bytree': 0.7970070775275455, 'min_child_weight': 7}.
[I 2026-05-15 17:14:20,972] Trial 498 finished with values: [0.5495348502304147, 0.6368174174399603] and parameters: {'n_estimators': 414, 'learning_rate': 0.16111511355977057, 'subsample': 0.9659457560881795, 'colsample_bytree': 0.641249547534373, 'min_child_weight': 1}.
[I 2026-05-15 17:14:21,853] Trial 499 finished with values: [0.5642441116231438, 0.3071416797234622] and parameters: {'n_estimators': 468, 'learning_rate': 0.25648866468880704, 'subsample': 0.9290148971692676, 'colsample_bytree': 0.9799199653167696, 'min_child_weight': 1}.
Building variant 'auroc_max'...
Saved /home/mklemmingen/PycharmProjects/migraine-forecasting-shd/experiment/0/headache/full_features/stacked_2xgb_meta_lr/80_20/stratified/HyperparameterTuned/pareto_AUROC_slope/auroc_max/model.joblib

# End capture ------------------------------------------
# Finished: 2026-05-15T17:14:22
