[I 2026-05-15 18:05:22,798] Trial 342 finished with values: [0.703848208123368, 0.5989452096579926] and parameters: {'n_estimators': 66, 'learning_rate': 0.02609752135980675, 'subsample': 0.9208787923016158, 'colsample_bytree': 0.6709758175118891, 'min_child_weight': 8}.
[I 2026-05-15 18:05:23,456] Trial 343 finished with values: [0.6209512974683795, 1.3940691153324607] and parameters: {'n_estimators': 339, 'learning_rate': 0.18936503889340725, 'subsample': 0.925160403652031, 'colsample_bytree': 0.7594018937589494, 'min_child_weight': 10}.
/home/mklemmingen/PycharmProjects/migraine-forecasting-shd/.venv/lib/python3.13/site-packages/sklearn/linear_model/_sag.py:348: ConvergenceWarning: The max_iter was reached which means the coef_ did not converge
  warnings.warn(
[I 2026-05-15 18:05:23,932] Trial 344 finished with values: [0.6984772841317755, 0.5507586819552859] and parameters: {'n_estimators': 64, 'learning_rate': 0.019721610970574007, 'subsample': 0.7257423924305306, 'colsample_bytree': 0.8034282764658811, 'min_child_weight': 10}.
/home/mklemmingen/PycharmProjects/migraine-forecasting-shd/.venv/lib/python3.13/site-packages/sklearn/linear_model/_sag.py:348: ConvergenceWarning: The max_iter was reached which means the coef_ did not converge
  warnings.warn(
[I 2026-05-15 18:05:24,446] Trial 345 finished with values: [0.7061105287817699, 0.5664692283132526] and parameters: {'n_estimators': 64, 'learning_rate': 0.01610352961694889, 'subsample': 0.7552679704826087, 'colsample_bytree': 0.9986547348295621, 'min_child_weight': 10}.
[I 2026-05-15 18:05:25,105] Trial 346 finished with values: [0.6560820313953968, 1.1572220310641126] and parameters: {'n_estimators': 300, 'learning_rate': 0.13673750637076953, 'subsample': 0.6646514856378455, 'colsample_bytree': 0.9594216754108317, 'min_child_weight': 7}.
/home/mklemmingen/PycharmProjects/migraine-forecasting-shd/.venv/lib/python3.13/site-packages/sklearn/linear_model/_sag.py:348: ConvergenceWarning: The max_iter was reached which means the coef_ did not converge
  warnings.warn(
[I 2026-05-15 18:05:25,703] Trial 347 finished with values: [0.7032575940151294, 0.5822669692226824] and parameters: {'n_estimators': 66, 'learning_rate': 0.01610352961694889, 'subsample': 0.8073318609454947, 'colsample_bytree': 0.8598531596188859, 'min_child_weight': 9}.
/home/mklemmingen/PycharmProjects/migraine-forecasting-shd/.venv/lib/python3.13/site-packages/sklearn/linear_model/_sag.py:348: ConvergenceWarning: The max_iter was reached which means the coef_ did not converge
  warnings.warn(
[I 2026-05-15 18:05:26,186] Trial 348 finished with values: [0.6968846923311309, 0.6209025540041091] and parameters: {'n_estimators': 66, 'learning_rate': 0.016149614799999188, 'subsample': 0.9208787923016158, 'colsample_bytree': 0.9779062919529712, 'min_child_weight': 9}.
[I 2026-05-15 18:05:26,700] Trial 349 finished with values: [0.700417359250033, 0.6895452379482114] and parameters: {'n_estimators': 161, 'learning_rate': 0.02609752135980675, 'subsample': 0.7802176541240374, 'colsample_bytree': 0.6325395122567599, 'min_child_weight': 10}.
[I 2026-05-15 18:05:27,549] Trial 350 finished with values: [0.7136394075406527, 0.8254361875229496] and parameters: {'n_estimators': 398, 'learning_rate': 0.015516155285628185, 'subsample': 0.6390688456025535, 'colsample_bytree': 0.8598531596188859, 'min_child_weight': 7}.
[I 2026-05-15 18:05:27,978] Trial 351 finished with values: [0.6484987448117498, 1.7070761961049015] and parameters: {'n_estimators': 64, 'learning_rate': 0.25659550869174796, 'subsample': 0.7257423924305306, 'colsample_bytree': 0.836965827544817, 'min_child_weight': 7}.
[I 2026-05-15 18:05:28,474] Trial 352 finished with values: [0.6635785676123716, 1.161466813558206] and parameters: {'n_estimators': 153, 'learning_rate': 0.09821625213821766, 'subsample': 0.6260206371941118, 'colsample_bytree': 0.8472512961831583, 'min_child_weight': 4}.
[I 2026-05-15 18:05:29,206] Trial 353 finished with values: [0.7123652031317192, 0.7361678529759303] and parameters: {'n_estimators': 398, 'learning_rate': 0.013313275850595153, 'subsample': 0.6260206371941118, 'colsample_bytree': 0.7594018937589494, 'min_child_weight': 7}.
/home/mklemmingen/PycharmProjects/migraine-forecasting-shd/.venv/lib/python3.13/site-packages/sklearn/linear_model/_sag.py:348: ConvergenceWarning: The max_iter was reached which means the coef_ did not converge
  warnings.warn(
[I 2026-05-15 18:05:29,669] Trial 354 finished with values: [0.7020848087079049, 0.6039494939125969] and parameters: {'n_estimators': 64, 'learning_rate': 0.019721610970574007, 'subsample': 0.6390688456025535, 'colsample_bytree': 0.6454230368798516, 'min_child_weight': 10}.
[I 2026-05-15 18:05:30,206] Trial 355 finished with values: [0.7229009114778228, 0.7799375081062541] and parameters: {'n_estimators': 64, 'learning_rate': 0.15870971677383489, 'subsample': 0.6043350605921193, 'colsample_bytree': 0.7594018937589494, 'min_child_weight': 10}.
/home/mklemmingen/PycharmProjects/migraine-forecasting-shd/.venv/lib/python3.13/site-packages/sklearn/linear_model/_sag.py:348: ConvergenceWarning: The max_iter was reached which means the coef_ did not converge
  warnings.warn(
[I 2026-05-15 18:05:30,699] Trial 356 finished with values: [0.6957296959107364, 0.6024440027528482] and parameters: {'n_estimators': 64, 'learning_rate': 0.010639368372762009, 'subsample': 0.7257423924305306, 'colsample_bytree': 0.8686292782371199, 'min_child_weight': 6}.
/home/mklemmingen/PycharmProjects/migraine-forecasting-shd/.venv/lib/python3.13/site-packages/sklearn/linear_model/_sag.py:348: ConvergenceWarning: The max_iter was reached which means the coef_ did not converge
  warnings.warn(
[I 2026-05-15 18:05:31,259] Trial 357 finished with values: [0.708356197122615, 0.5492922990848985] and parameters: {'n_estimators': 64, 'learning_rate': 0.010639368372762009, 'subsample': 0.6390688456025535, 'colsample_bytree': 0.6377771843023713, 'min_child_weight': 8}.
[I 2026-05-15 18:05:31,887] Trial 358 finished with values: [0.7103754145848331, 0.7240485368056475] and parameters: {'n_estimators': 324, 'learning_rate': 0.016149614799999188, 'subsample': 0.7257423924305306, 'colsample_bytree': 0.6325395122567599, 'min_child_weight': 8}.
/home/mklemmingen/PycharmProjects/migraine-forecasting-shd/.venv/lib/python3.13/site-packages/sklearn/linear_model/_sag.py:348: ConvergenceWarning: The max_iter was reached which means the coef_ did not converge
  warnings.warn(
[I 2026-05-15 18:05:32,403] Trial 359 finished with values: [0.7038044038650236, 0.580377715544163] and parameters: {'n_estimators': 70, 'learning_rate': 0.01471005003927122, 'subsample': 0.8080654004447974, 'colsample_bytree': 0.940872600127416, 'min_child_weight': 10}.
[I 2026-05-15 18:05:33,080] Trial 360 finished with values: [0.7051865249386438, 0.7529057209611811] and parameters: {'n_estimators': 339, 'learning_rate': 0.013313275850595153, 'subsample': 0.8207627355097942, 'colsample_bytree': 0.9594216754108317, 'min_child_weight': 10}.
[I 2026-05-15 18:05:33,929] Trial 361 finished with values: [0.7225793633469786, 0.8168397275537206] and parameters: {'n_estimators': 413, 'learning_rate': 0.019657448966046126, 'subsample': 0.6260206371941118, 'colsample_bytree': 0.9594216754108317, 'min_child_weight': 10}.
[I 2026-05-15 18:05:34,674] Trial 362 finished with values: [0.6812862282847829, 1.124680266139769] and parameters: {'n_estimators': 302, 'learning_rate': 0.08710745900492396, 'subsample': 0.7257423924305306, 'colsample_bytree': 0.8034282764658811, 'min_child_weight': 9}.
[I 2026-05-15 18:05:35,462] Trial 363 finished with values: [0.7109918200917631, 0.6926037992249834] and parameters: {'n_estimators': 294, 'learning_rate': 0.016149614799999188, 'subsample': 0.7257423924305306, 'colsample_bytree': 0.6325395122567599, 'min_child_weight': 10}.
[I 2026-05-15 18:05:36,130] Trial 364 finished with values: [0.7105229962178539, 0.6454167943516389] and parameters: {'n_estimators': 231, 'learning_rate': 0.011693687409928539, 'subsample': 0.6536060913802563, 'colsample_bytree': 0.8404460046972835, 'min_child_weight': 10}.
[I 2026-05-15 18:05:36,782] Trial 365 finished with values: [0.7107401232687025, 0.6598489198946911] and parameters: {'n_estimators': 294, 'learning_rate': 0.013313275850595153, 'subsample': 0.6115130705253355, 'colsample_bytree': 0.9020549022694476, 'min_child_weight': 10}.
/home/mklemmingen/PycharmProjects/migraine-forecasting-shd/.venv/lib/python3.13/site-packages/sklearn/linear_model/_sag.py:348: ConvergenceWarning: The max_iter was reached which means the coef_ did not converge
  warnings.warn(
[I 2026-05-15 18:05:37,246] Trial 366 finished with values: [0.6956414316857644, 0.6176481630246056] and parameters: {'n_estimators': 54, 'learning_rate': 0.010639368372762009, 'subsample': 0.8481238205413859, 'colsample_bytree': 0.6377771843023713, 'min_child_weight': 10}.
/home/mklemmingen/PycharmProjects/migraine-forecasting-shd/.venv/lib/python3.13/site-packages/sklearn/linear_model/_sag.py:348: ConvergenceWarning: The max_iter was reached which means the coef_ did not converge
  warnings.warn(
[I 2026-05-15 18:05:37,742] Trial 367 finished with values: [0.7115628448686514, 0.5785181377007633] and parameters: {'n_estimators': 66, 'learning_rate': 0.019657448966046126, 'subsample': 0.9208787923016158, 'colsample_bytree': 0.9261845713819337, 'min_child_weight': 10}.
[I 2026-05-15 18:05:38,451] Trial 368 finished with values: [0.7131979385442331, 0.7959718737772781] and parameters: {'n_estimators': 367, 'learning_rate': 0.019721610970574007, 'subsample': 0.6851856646035643, 'colsample_bytree': 0.836965827544817, 'min_child_weight': 10}.
[I 2026-05-15 18:05:39,063] Trial 369 finished with values: [0.6985744126071406, 0.6362695026460292] and parameters: {'n_estimators': 111, 'learning_rate': 0.01610352961694889, 'subsample': 0.6058178662671527, 'colsample_bytree': 0.6105467897989008, 'min_child_weight': 4}.
[I 2026-05-15 18:05:39,668] Trial 370 finished with values: [0.7052622667316857, 0.7177404659650056] and parameters: {'n_estimators': 294, 'learning_rate': 0.019657448966046126, 'subsample': 0.6334002866794675, 'colsample_bytree': 0.6180909155642152, 'min_child_weight': 6}.
[I 2026-05-15 18:05:40,220] Trial 371 finished with values: [0.6970098702472225, 0.8917636423253168] and parameters: {'n_estimators': 226, 'learning_rate': 0.04427958131171205, 'subsample': 0.6646514856378455, 'colsample_bytree': 0.7594018937589494, 'min_child_weight': 10}.
[I 2026-05-15 18:05:40,679] Trial 372 finished with values: [0.698752614789908, 0.5948787065579525] and parameters: {'n_estimators': 66, 'learning_rate': 0.019657448966046126, 'subsample': 0.8073318609454947, 'colsample_bytree': 0.8598531596188859, 'min_child_weight': 10}.
[I 2026-05-15 18:05:41,310] Trial 373 finished with values: [0.7158964418217103, 0.768121608253673] and parameters: {'n_estimators': 294, 'learning_rate': 0.0178601378893971, 'subsample': 0.6334002866794675, 'colsample_bytree': 0.9594216754108317, 'min_child_weight': 10}.
[I 2026-05-15 18:05:41,750] Trial 374 finished with values: [0.7053259084238727, 0.615416503906066] and parameters: {'n_estimators': 66, 'learning_rate': 0.032690047558986524, 'subsample': 0.8055957956639244, 'colsample_bytree': 0.6325395122567599, 'min_child_weight': 10}.
/home/mklemmingen/PycharmProjects/migraine-forecasting-shd/.venv/lib/python3.13/site-packages/sklearn/linear_model/_sag.py:348: ConvergenceWarning: The max_iter was reached which means the coef_ did not converge
  warnings.warn(
[I 2026-05-15 18:05:42,199] Trial 375 finished with values: [0.7150151640738287, 0.6082611057826851] and parameters: {'n_estimators': 66, 'learning_rate': 0.013313275850595153, 'subsample': 0.6646514856378455, 'colsample_bytree': 0.9134612050964572, 'min_child_weight': 7}.
[I 2026-05-15 18:05:43,007] Trial 376 finished with values: [0.7177117495994721, 0.851189859972504] and parameters: {'n_estimators': 457, 'learning_rate': 0.0178601378893971, 'subsample': 0.6260206371941118, 'colsample_bytree': 0.8021009489791429, 'min_child_weight': 10}.
[I 2026-05-15 18:05:43,439] Trial 377 finished with values: [0.7094680072516708, 0.750111087946081] and parameters: {'n_estimators': 64, 'learning_rate': 0.15870971677383489, 'subsample': 0.6390688456025535, 'colsample_bytree': 0.9795542149013333, 'min_child_weight': 9}.
/home/mklemmingen/PycharmProjects/migraine-forecasting-shd/.venv/lib/python3.13/site-packages/sklearn/linear_model/_sag.py:348: ConvergenceWarning: The max_iter was reached which means the coef_ did not converge
  warnings.warn(
[I 2026-05-15 18:05:44,061] Trial 378 finished with values: [0.700964119108203, 0.6181981612059756] and parameters: {'n_estimators': 64, 'learning_rate': 0.019657448966046126, 'subsample': 0.6390688456025535, 'colsample_bytree': 0.7586171129285081, 'min_child_weight': 9}.
[I 2026-05-15 18:05:44,636] Trial 379 finished with values: [0.7091873955370953, 0.6554121621098451] and parameters: {'n_estimators': 194, 'learning_rate': 0.01471005003927122, 'subsample': 0.6390688456025535, 'colsample_bytree': 0.7594018937589494, 'min_child_weight': 9}.
[I 2026-05-15 18:05:45,362] Trial 380 finished with values: [0.6323421738995287, 1.4898258556196606] and parameters: {'n_estimators': 330, 'learning_rate': 0.1878519741643379, 'subsample': 0.8313120563984696, 'colsample_bytree': 0.836965827544817, 'min_child_weight': 10}.
[I 2026-05-15 18:05:46,177] Trial 381 finished with values: [0.7123091135309085, 0.7500166034562555] and parameters: {'n_estimators': 398, 'learning_rate': 0.013313275850595153, 'subsample': 0.6390688456025535, 'colsample_bytree': 0.7594018937589494, 'min_child_weight': 7}.
/home/mklemmingen/PycharmProjects/migraine-forecasting-shd/.venv/lib/python3.13/site-packages/sklearn/linear_model/_sag.py:348: ConvergenceWarning: The max_iter was reached which means the coef_ did not converge
  warnings.warn(
[I 2026-05-15 18:05:46,742] Trial 382 finished with values: [0.692733671589218, 0.6515297865963394] and parameters: {'n_estimators': 66, 'learning_rate': 0.01610352961694889, 'subsample': 0.9798082494630569, 'colsample_bytree': 0.8598531596188859, 'min_child_weight': 2}.
[I 2026-05-15 18:05:47,524] Trial 383 finished with values: [0.6212412539231129, 1.5814415668329644] and parameters: {'n_estimators': 457, 'learning_rate': 0.23371267997797157, 'subsample': 0.7968465172318153, 'colsample_bytree': 0.7032977553195834, 'min_child_weight': 9}.
[I 2026-05-15 18:05:48,237] Trial 384 finished with values: [0.7189599795954571, 0.7890607554720122] and parameters: {'n_estimators': 413, 'learning_rate': 0.017797595772834223, 'subsample': 0.6260206371941118, 'colsample_bytree': 0.9261845713819337, 'min_child_weight': 10}.
[I 2026-05-15 18:05:49,040] Trial 385 finished with values: [0.6796329744966971, 0.9767196828571356] and parameters: {'n_estimators': 413, 'learning_rate': 0.04766495467029922, 'subsample': 0.6260206371941118, 'colsample_bytree': 0.9261845713819337, 'min_child_weight': 10}.
/home/mklemmingen/PycharmProjects/migraine-forecasting-shd/.venv/lib/python3.13/site-packages/sklearn/linear_model/_sag.py:348: ConvergenceWarning: The max_iter was reached which means the coef_ did not converge
  warnings.warn(
[I 2026-05-15 18:05:49,515] Trial 386 finished with values: [0.7054948924544373, 0.5832391226578828] and parameters: {'n_estimators': 64, 'learning_rate': 0.010639368372762009, 'subsample': 0.6390688456025535, 'colsample_bytree': 0.6377771843023713, 'min_child_weight': 10}.
/home/mklemmingen/PycharmProjects/migraine-forecasting-shd/.venv/lib/python3.13/site-packages/sklearn/linear_model/_sag.py:348: ConvergenceWarning: The max_iter was reached which means the coef_ did not converge
  warnings.warn(
[I 2026-05-15 18:05:50,016] Trial 387 finished with values: [0.7044981625319056, 0.6073930931228444] and parameters: {'n_estimators': 64, 'learning_rate': 0.01471005003927122, 'subsample': 0.6390688456025535, 'colsample_bytree': 0.8034282764658811, 'min_child_weight': 9}.
/home/mklemmingen/PycharmProjects/migraine-forecasting-shd/.venv/lib/python3.13/site-packages/sklearn/linear_model/_sag.py:348: ConvergenceWarning: The max_iter was reached which means the coef_ did not converge
  warnings.warn(
[I 2026-05-15 18:05:50,628] Trial 388 finished with values: [0.6931857624658571, 0.5585877401688727] and parameters: {'n_estimators': 70, 'learning_rate': 0.01610352961694889, 'subsample': 0.7970472375971478, 'colsample_bytree': 0.6105467897989008, 'min_child_weight': 9}.
/home/mklemmingen/PycharmProjects/migraine-forecasting-shd/.venv/lib/python3.13/site-packages/sklearn/linear_model/_sag.py:348: ConvergenceWarning: The max_iter was reached which means the coef_ did not converge
  warnings.warn(
[I 2026-05-15 18:05:51,182] Trial 389 finished with values: [0.704320375379442, 0.6112548474066949] and parameters: {'n_estimators': 64, 'learning_rate': 0.01610352961694889, 'subsample': 0.6137554084460873, 'colsample_bytree': 0.9261845713819337, 'min_child_weight': 10}.
[I 2026-05-15 18:05:51,645] Trial 390 finished with values: [0.7081793126672495, 0.5937755731311254] and parameters: {'n_estimators': 64, 'learning_rate': 0.030591867605824115, 'subsample': 0.7552679704826087, 'colsample_bytree': 0.9986547348295621, 'min_child_weight': 10}.
[I 2026-05-15 18:05:52,216] Trial 391 finished with values: [0.6427725287704847, 1.477115386293042] and parameters: {'n_estimators': 294, 'learning_rate': 0.08710745900492396, 'subsample': 0.9046042526869889, 'colsample_bytree': 0.6180909155642152, 'min_child_weight': 7}.
[I 2026-05-15 18:05:53,122] Trial 392 finished with values: [0.7079757785394338, 0.860601656456591] and parameters: {'n_estimators': 478, 'learning_rate': 0.019657448966046126, 'subsample': 0.6960582475112772, 'colsample_bytree': 0.6303453312434656, 'min_child_weight': 10}.
[I 2026-05-15 18:05:53,591] Trial 393 finished with values: [0.6848254223409749, 0.7206317451833044] and parameters: {'n_estimators': 108, 'learning_rate': 0.02609752135980675, 'subsample': 0.9208787923016158, 'colsample_bytree': 0.6512183355831089, 'min_child_weight': 2}.
[I 2026-05-15 18:05:54,356] Trial 394 finished with values: [0.7150695787043967, 0.6790975728624078] and parameters: {'n_estimators': 324, 'learning_rate': 0.01610352961694889, 'subsample': 0.6260206371941118, 'colsample_bytree': 0.6105467897989008, 'min_child_weight': 10}.
[I 2026-05-15 18:05:54,947] Trial 395 finished with values: [0.688996609175194, 0.6447771082495635] and parameters: {'n_estimators': 112, 'learning_rate': 0.017797595772834223, 'subsample': 0.8563498979212858, 'colsample_bytree': 0.9261845713819337, 'min_child_weight': 2}.
[I 2026-05-15 18:05:55,806] Trial 396 finished with values: [0.6961362145048859, 1.002512415196964] and parameters: {'n_estimators': 339, 'learning_rate': 0.03240354245852974, 'subsample': 0.6043350605921193, 'colsample_bytree': 0.9587153639624048, 'min_child_weight': 10}.
/home/mklemmingen/PycharmProjects/migraine-forecasting-shd/.venv/lib/python3.13/site-packages/sklearn/linear_model/_sag.py:348: ConvergenceWarning: The max_iter was reached which means the coef_ did not converge
  warnings.warn(
[I 2026-05-15 18:05:56,301] Trial 397 finished with values: [0.6982202451237776, 0.5869249814408188] and parameters: {'n_estimators': 64, 'learning_rate': 0.01702458290769914, 'subsample': 0.7895846561051489, 'colsample_bytree': 0.8034282764658811, 'min_child_weight': 10}.
[I 2026-05-15 18:05:56,991] Trial 398 finished with values: [0.7142968980778628, 0.8162168822548488] and parameters: {'n_estimators': 398, 'learning_rate': 0.01610352961694889, 'subsample': 0.6390688456025535, 'colsample_bytree': 0.7594018937589494, 'min_child_weight': 7}.
[I 2026-05-15 18:05:57,887] Trial 399 finished with values: [0.7043271151053013, 0.984271712771088] and parameters: {'n_estimators': 478, 'learning_rate': 0.02609752135980675, 'subsample': 0.6390688456025535, 'colsample_bytree': 0.6709758175118891, 'min_child_weight': 10}.
/home/mklemmingen/PycharmProjects/migraine-forecasting-shd/.venv/lib/python3.13/site-packages/sklearn/linear_model/_sag.py:348: ConvergenceWarning: The max_iter was reached which means the coef_ did not converge
  warnings.warn(
[I 2026-05-15 18:05:58,464] Trial 400 finished with values: [0.7117317190164163, 0.5680413781938036] and parameters: {'n_estimators': 66, 'learning_rate': 0.017969555911761862, 'subsample': 0.6769156075234684, 'colsample_bytree': 0.9879515306830556, 'min_child_weight': 10}.
[I 2026-05-15 18:05:59,152] Trial 401 finished with values: [0.7038421812745455, 0.8267179398399597] and parameters: {'n_estimators': 413, 'learning_rate': 0.0178601378893971, 'subsample': 0.6163474465065916, 'colsample_bytree': 0.6377771843023713, 'min_child_weight': 10}.
[I 2026-05-15 18:05:59,910] Trial 402 finished with values: [0.7005568190840091, 0.7906886732249168] and parameters: {'n_estimators': 294, 'learning_rate': 0.016149614799999188, 'subsample': 0.6334002866794675, 'colsample_bytree': 0.6675740252288658, 'min_child_weight': 3}.
/home/mklemmingen/PycharmProjects/migraine-forecasting-shd/.venv/lib/python3.13/site-packages/sklearn/linear_model/_sag.py:348: ConvergenceWarning: The max_iter was reached which means the coef_ did not converge
  warnings.warn(
[I 2026-05-15 18:06:00,517] Trial 403 finished with values: [0.7063450201610187, 0.5868125735099868] and parameters: {'n_estimators': 100, 'learning_rate': 0.013313275850595153, 'subsample': 0.6390688456025535, 'colsample_bytree': 0.7594018937589494, 'min_child_weight': 10}.
