[I 2026-05-15 18:03:13,293] Trial 145 finished with values: [0.7157806776937521, 0.688085507732203] and parameters: {'n_estimators': 339, 'learning_rate': 0.013313275850595153, 'subsample': 0.6646514856378455, 'colsample_bytree': 0.7594018937589494, 'min_child_weight': 7}.
[I 2026-05-15 18:03:14,105] Trial 146 finished with values: [0.6465214815428574, 1.2024004544139204] and parameters: {'n_estimators': 426, 'learning_rate': 0.08671821512512803, 'subsample': 0.8073318609454947, 'colsample_bytree': 0.6163100566219055, 'min_child_weight': 9}.
/home/mklemmingen/PycharmProjects/migraine-forecasting-shd/.venv/lib/python3.13/site-packages/sklearn/linear_model/_sag.py:348: ConvergenceWarning: The max_iter was reached which means the coef_ did not converge
  warnings.warn(
[I 2026-05-15 18:03:14,596] Trial 147 finished with values: [0.6929334502743705, 0.6326718692489502] and parameters: {'n_estimators': 70, 'learning_rate': 0.017797595772834223, 'subsample': 0.7498450458505885, 'colsample_bytree': 0.82272050498334, 'min_child_weight': 3}.
[I 2026-05-15 18:03:15,127] Trial 148 finished with values: [0.7169515386908226, 0.7531163878064053] and parameters: {'n_estimators': 64, 'learning_rate': 0.08710745900492396, 'subsample': 0.7257423924305306, 'colsample_bytree': 0.8034282764658811, 'min_child_weight': 5}.
[I 2026-05-15 18:03:15,902] Trial 149 finished with values: [0.6395827953035894, 1.4897132724117494] and parameters: {'n_estimators': 325, 'learning_rate': 0.05388108577817234, 'subsample': 0.7168578594140873, 'colsample_bytree': 0.9637281608315128, 'min_child_weight': 3}.
[I 2026-05-15 18:03:16,700] Trial 150 finished with values: [0.7070895303272567, 0.8398018376583938] and parameters: {'n_estimators': 398, 'learning_rate': 0.01471005003927122, 'subsample': 0.8654007076432223, 'colsample_bytree': 0.8503439662856945, 'min_child_weight': 10}.
[I 2026-05-15 18:03:17,365] Trial 151 finished with values: [0.6873768768180158, 1.0644641372064891] and parameters: {'n_estimators': 325, 'learning_rate': 0.017303875834205888, 'subsample': 0.8012545034320351, 'colsample_bytree': 0.858188918362867, 'min_child_weight': 1}.
[I 2026-05-15 18:03:18,122] Trial 152 finished with values: [0.6998026274759267, 0.8381047175919427] and parameters: {'n_estimators': 325, 'learning_rate': 0.01471005003927122, 'subsample': 0.7168578594140873, 'colsample_bytree': 0.9261845713819337, 'min_child_weight': 1}.
[I 2026-05-15 18:03:18,944] Trial 153 finished with values: [0.7085623759858763, 0.7585816475969438] and parameters: {'n_estimators': 377, 'learning_rate': 0.011693687409928539, 'subsample': 0.6390688456025535, 'colsample_bytree': 0.9425959364753289, 'min_child_weight': 7}.
[I 2026-05-15 18:03:19,553] Trial 154 finished with values: [0.6976628017619261, 0.8762871515445714] and parameters: {'n_estimators': 325, 'learning_rate': 0.025985724173338116, 'subsample': 0.6097263865725815, 'colsample_bytree': 0.7465447373174767, 'min_child_weight': 5}.
/home/mklemmingen/PycharmProjects/migraine-forecasting-shd/.venv/lib/python3.13/site-packages/sklearn/linear_model/_sag.py:348: ConvergenceWarning: The max_iter was reached which means the coef_ did not converge
  warnings.warn(
[I 2026-05-15 18:03:20,151] Trial 155 finished with values: [0.6925410733985424, 0.6320565856636702] and parameters: {'n_estimators': 54, 'learning_rate': 0.012184186502221764, 'subsample': 0.8654007076432223, 'colsample_bytree': 0.858188918362867, 'min_child_weight': 8}.
[I 2026-05-15 18:03:20,692] Trial 156 finished with values: [0.7026512229856602, 0.8988508902649842] and parameters: {'n_estimators': 66, 'learning_rate': 0.09396591857488666, 'subsample': 0.7257423924305306, 'colsample_bytree': 0.8598531596188859, 'min_child_weight': 2}.
[I 2026-05-15 18:03:21,394] Trial 157 finished with values: [0.6980418444590162, 0.7303337698558894] and parameters: {'n_estimators': 203, 'learning_rate': 0.017303875834205888, 'subsample': 0.9698774473114251, 'colsample_bytree': 0.9960215400417053, 'min_child_weight': 10}.
[I 2026-05-15 18:03:22,086] Trial 158 finished with values: [0.6997675653347287, 0.6445275826332549] and parameters: {'n_estimators': 203, 'learning_rate': 0.011693687409928539, 'subsample': 0.616291520927588, 'colsample_bytree': 0.858188918362867, 'min_child_weight': 8}.
/home/mklemmingen/PycharmProjects/migraine-forecasting-shd/.venv/lib/python3.13/site-packages/sklearn/linear_model/_sag.py:348: ConvergenceWarning: The max_iter was reached which means the coef_ did not converge
  warnings.warn(
[I 2026-05-15 18:03:22,466] Trial 159 finished with values: [0.6959435473899767, 0.6241288531741394] and parameters: {'n_estimators': 64, 'learning_rate': 0.012184186502221764, 'subsample': 0.8654007076432223, 'colsample_bytree': 0.8404460046972835, 'min_child_weight': 8}.
/home/mklemmingen/PycharmProjects/migraine-forecasting-shd/.venv/lib/python3.13/site-packages/sklearn/linear_model/_sag.py:348: ConvergenceWarning: The max_iter was reached which means the coef_ did not converge
  warnings.warn(
[I 2026-05-15 18:03:23,076] Trial 160 finished with values: [0.6938188357580805, 0.596025092232046] and parameters: {'n_estimators': 66, 'learning_rate': 0.013313275850595153, 'subsample': 0.9208787923016158, 'colsample_bytree': 0.6282274989601719, 'min_child_weight': 7}.
[I 2026-05-15 18:03:23,753] Trial 161 finished with values: [0.694613264145777, 0.8336642312572179] and parameters: {'n_estimators': 339, 'learning_rate': 0.013313275850595153, 'subsample': 0.8654007076432223, 'colsample_bytree': 0.9594216754108317, 'min_child_weight': 2}.
[I 2026-05-15 18:03:24,285] Trial 162 finished with values: [0.692834372740473, 0.8340121640261142] and parameters: {'n_estimators': 61, 'learning_rate': 0.07332660227137139, 'subsample': 0.6479461469334731, 'colsample_bytree': 0.7350460685614512, 'min_child_weight': 10}.
[I 2026-05-15 18:03:24,976] Trial 163 finished with values: [0.7150716465551445, 0.7703903208364563] and parameters: {'n_estimators': 339, 'learning_rate': 0.0178601378893971, 'subsample': 0.6260206371941118, 'colsample_bytree': 0.9760920965699831, 'min_child_weight': 10}.
[I 2026-05-15 18:03:25,609] Trial 164 finished with values: [0.6452013925269005, 1.46021501525921] and parameters: {'n_estimators': 325, 'learning_rate': 0.08710745900492396, 'subsample': 0.7168578594140873, 'colsample_bytree': 0.8034282764658811, 'min_child_weight': 6}.
[I 2026-05-15 18:03:26,296] Trial 165 finished with values: [0.7095771396804411, 0.7496663139149844] and parameters: {'n_estimators': 339, 'learning_rate': 0.0178601378893971, 'subsample': 0.7552679704826087, 'colsample_bytree': 0.9594216754108317, 'min_child_weight': 10}.
[I 2026-05-15 18:03:26,943] Trial 166 finished with values: [0.7016631272773457, 0.7811996275289714] and parameters: {'n_estimators': 238, 'learning_rate': 0.0212853192163843, 'subsample': 0.8573152873769412, 'colsample_bytree': 0.7833011561966067, 'min_child_weight': 10}.
/home/mklemmingen/PycharmProjects/migraine-forecasting-shd/.venv/lib/python3.13/site-packages/sklearn/linear_model/_sag.py:348: ConvergenceWarning: The max_iter was reached which means the coef_ did not converge
  warnings.warn(
[I 2026-05-15 18:03:27,395] Trial 167 finished with values: [0.6880541639542445, 0.6148065271271239] and parameters: {'n_estimators': 54, 'learning_rate': 0.01607123851203988, 'subsample': 0.8654007076432223, 'colsample_bytree': 0.7465447373174767, 'min_child_weight': 10}.
[I 2026-05-15 18:03:28,177] Trial 168 finished with values: [0.7094934045324378, 0.798718387583213] and parameters: {'n_estimators': 296, 'learning_rate': 0.019721610970574007, 'subsample': 0.8313120563984696, 'colsample_bytree': 0.8807867509030813, 'min_child_weight': 10}.
[I 2026-05-15 18:03:28,769] Trial 169 finished with values: [0.6885337912377277, 0.9646067657312951] and parameters: {'n_estimators': 238, 'learning_rate': 0.08710745900492396, 'subsample': 0.6479461469334731, 'colsample_bytree': 0.7350460685614512, 'min_child_weight': 10}.
[I 2026-05-15 18:03:29,154] Trial 170 finished with values: [0.6654165080295618, 1.170280611415348] and parameters: {'n_estimators': 54, 'learning_rate': 0.24584290528289388, 'subsample': 0.6479461469334731, 'colsample_bytree': 0.6298202574719083, 'min_child_weight': 2}.
/home/mklemmingen/PycharmProjects/migraine-forecasting-shd/.venv/lib/python3.13/site-packages/sklearn/linear_model/_sag.py:348: ConvergenceWarning: The max_iter was reached which means the coef_ did not converge
  warnings.warn(
[I 2026-05-15 18:03:29,611] Trial 171 finished with values: [0.702443486706953, 0.653567003883483] and parameters: {'n_estimators': 54, 'learning_rate': 0.011693687409928539, 'subsample': 0.616291520927588, 'colsample_bytree': 0.7465447373174767, 'min_child_weight': 8}.
[I 2026-05-15 18:03:30,355] Trial 172 finished with values: [0.7105895860606047, 0.7879778692733076] and parameters: {'n_estimators': 459, 'learning_rate': 0.01471005003927122, 'subsample': 0.7544410551203097, 'colsample_bytree': 0.9844762255295657, 'min_child_weight': 10}.
[I 2026-05-15 18:03:31,183] Trial 173 finished with values: [0.7111632430750078, 0.9370769789591226] and parameters: {'n_estimators': 458, 'learning_rate': 0.0212853192163843, 'subsample': 0.7257423924305306, 'colsample_bytree': 0.7350460685614512, 'min_child_weight': 8}.
[I 2026-05-15 18:03:31,863] Trial 174 finished with values: [0.70496942436856, 0.7632706397125484] and parameters: {'n_estimators': 238, 'learning_rate': 0.019462886350651437, 'subsample': 0.7257423924305306, 'colsample_bytree': 0.9637281608315128, 'min_child_weight': 10}.
[I 2026-05-15 18:03:32,660] Trial 175 finished with values: [0.70061547521539, 0.7826980772314107] and parameters: {'n_estimators': 339, 'learning_rate': 0.013313275850595153, 'subsample': 0.6646514856378455, 'colsample_bytree': 0.8807867509030813, 'min_child_weight': 1}.
/home/mklemmingen/PycharmProjects/migraine-forecasting-shd/.venv/lib/python3.13/site-packages/sklearn/linear_model/_sag.py:348: ConvergenceWarning: The max_iter was reached which means the coef_ did not converge
  warnings.warn(
[I 2026-05-15 18:03:33,257] Trial 176 finished with values: [0.7015221764773198, 0.6117209938021397] and parameters: {'n_estimators': 54, 'learning_rate': 0.025985724173338116, 'subsample': 0.8654007076432223, 'colsample_bytree': 0.9795542149013333, 'min_child_weight': 10}.
[I 2026-05-15 18:03:33,910] Trial 177 finished with values: [0.691918655396849, 0.8310983472963525] and parameters: {'n_estimators': 238, 'learning_rate': 0.017303875834205888, 'subsample': 0.9698774473114251, 'colsample_bytree': 0.7350460685614512, 'min_child_weight': 2}.
/home/mklemmingen/PycharmProjects/migraine-forecasting-shd/.venv/lib/python3.13/site-packages/sklearn/linear_model/_sag.py:348: ConvergenceWarning: The max_iter was reached which means the coef_ did not converge
  warnings.warn(
[I 2026-05-15 18:03:34,388] Trial 178 finished with values: [0.696483324121987, 0.588075473746464] and parameters: {'n_estimators': 64, 'learning_rate': 0.010639368372762009, 'subsample': 0.7257423924305306, 'colsample_bytree': 0.6377771843023713, 'min_child_weight': 10}.
[I 2026-05-15 18:03:34,943] Trial 179 finished with values: [0.7073145335494956, 0.7621601032743648] and parameters: {'n_estimators': 64, 'learning_rate': 0.10206664092951903, 'subsample': 0.6284754593840916, 'colsample_bytree': 0.7275902521175045, 'min_child_weight': 5}.
[I 2026-05-15 18:03:35,750] Trial 180 finished with values: [0.7084613059600431, 0.7234278924488663] and parameters: {'n_estimators': 238, 'learning_rate': 0.0212853192163843, 'subsample': 0.602208846849441, 'colsample_bytree': 0.7350460685614512, 'min_child_weight': 10}.
/home/mklemmingen/PycharmProjects/migraine-forecasting-shd/.venv/lib/python3.13/site-packages/sklearn/linear_model/_sag.py:348: ConvergenceWarning: The max_iter was reached which means the coef_ did not converge
  warnings.warn(
[I 2026-05-15 18:03:36,327] Trial 181 finished with values: [0.699588098262347, 0.6018396283083358] and parameters: {'n_estimators': 66, 'learning_rate': 0.01610352961694889, 'subsample': 0.9379501243877818, 'colsample_bytree': 0.8598531596188859, 'min_child_weight': 3}.
/home/mklemmingen/PycharmProjects/migraine-forecasting-shd/.venv/lib/python3.13/site-packages/sklearn/linear_model/_sag.py:348: ConvergenceWarning: The max_iter was reached which means the coef_ did not converge
  warnings.warn(
[I 2026-05-15 18:03:36,832] Trial 182 finished with values: [0.6823165131722748, 0.6417553183850385] and parameters: {'n_estimators': 60, 'learning_rate': 0.013313275850595153, 'subsample': 0.8654007076432223, 'colsample_bytree': 0.7350460685614512, 'min_child_weight': 2}.
[I 2026-05-15 18:03:37,541] Trial 183 finished with values: [0.7123091135309085, 0.7500166034562555] and parameters: {'n_estimators': 398, 'learning_rate': 0.013313275850595153, 'subsample': 0.6390688456025535, 'colsample_bytree': 0.7594018937589494, 'min_child_weight': 7}.
[I 2026-05-15 18:03:38,341] Trial 184 finished with values: [0.6293363167998327, 1.3963398674071832] and parameters: {'n_estimators': 417, 'learning_rate': 0.08710745900492396, 'subsample': 0.7257423924305306, 'colsample_bytree': 0.7465447373174767, 'min_child_weight': 5}.
/home/mklemmingen/PycharmProjects/migraine-forecasting-shd/.venv/lib/python3.13/site-packages/sklearn/linear_model/_sag.py:348: ConvergenceWarning: The max_iter was reached which means the coef_ did not converge
  warnings.warn(
[I 2026-05-15 18:03:38,821] Trial 185 finished with values: [0.699585285237929, 0.6397763565906545] and parameters: {'n_estimators': 54, 'learning_rate': 0.013313275850595153, 'subsample': 0.6579579488364892, 'colsample_bytree': 0.7957811041110252, 'min_child_weight': 2}.
/home/mklemmingen/PycharmProjects/migraine-forecasting-shd/.venv/lib/python3.13/site-packages/sklearn/linear_model/_sag.py:348: ConvergenceWarning: The max_iter was reached which means the coef_ did not converge
  warnings.warn(
[I 2026-05-15 18:03:39,393] Trial 186 finished with values: [0.7115628448686514, 0.5785181377007633] and parameters: {'n_estimators': 66, 'learning_rate': 0.019657448966046126, 'subsample': 0.9208787923016158, 'colsample_bytree': 0.9261845713819337, 'min_child_weight': 10}.
[I 2026-05-15 18:03:40,101] Trial 187 finished with values: [0.700082620604787, 0.810152959779826] and parameters: {'n_estimators': 294, 'learning_rate': 0.016149614799999188, 'subsample': 0.6479461469334731, 'colsample_bytree': 0.7127419099093599, 'min_child_weight': 2}.
/home/mklemmingen/PycharmProjects/migraine-forecasting-shd/.venv/lib/python3.13/site-packages/sklearn/linear_model/_sag.py:348: ConvergenceWarning: The max_iter was reached which means the coef_ did not converge
  warnings.warn(
[I 2026-05-15 18:03:40,692] Trial 188 finished with values: [0.6872714995844251, 0.6452366546549074] and parameters: {'n_estimators': 64, 'learning_rate': 0.01412166070620751, 'subsample': 0.8786948661456602, 'colsample_bytree': 0.8034282764658811, 'min_child_weight': 3}.
/home/mklemmingen/PycharmProjects/migraine-forecasting-shd/.venv/lib/python3.13/site-packages/sklearn/linear_model/_sag.py:348: ConvergenceWarning: The max_iter was reached which means the coef_ did not converge
  warnings.warn(
[I 2026-05-15 18:03:41,274] Trial 189 finished with values: [0.704165716823908, 0.5958351383060586] and parameters: {'n_estimators': 70, 'learning_rate': 0.017797595772834223, 'subsample': 0.6390688456025535, 'colsample_bytree': 0.9261845713819337, 'min_child_weight': 1}.
/home/mklemmingen/PycharmProjects/migraine-forecasting-shd/.venv/lib/python3.13/site-packages/sklearn/linear_model/_sag.py:348: ConvergenceWarning: The max_iter was reached which means the coef_ did not converge
  warnings.warn(
[I 2026-05-15 18:03:41,777] Trial 190 finished with values: [0.6952492346069047, 0.631687245390326] and parameters: {'n_estimators': 64, 'learning_rate': 0.01471005003927122, 'subsample': 0.7257423924305306, 'colsample_bytree': 0.9594216754108317, 'min_child_weight': 4}.
[I 2026-05-15 18:03:42,411] Trial 191 finished with values: [0.6516466921268083, 1.410952729836604] and parameters: {'n_estimators': 333, 'learning_rate': 0.19775731712985178, 'subsample': 0.6260206371941118, 'colsample_bytree': 0.6180909155642152, 'min_child_weight': 10}.
[I 2026-05-15 18:03:43,052] Trial 192 finished with values: [0.6631960679380603, 1.0309151293665262] and parameters: {'n_estimators': 294, 'learning_rate': 0.1218397677644799, 'subsample': 0.6137554084460873, 'colsample_bytree': 0.6298202574719083, 'min_child_weight': 10}.
/home/mklemmingen/PycharmProjects/migraine-forecasting-shd/.venv/lib/python3.13/site-packages/sklearn/linear_model/_sag.py:348: ConvergenceWarning: The max_iter was reached which means the coef_ did not converge
  warnings.warn(
[I 2026-05-15 18:03:43,632] Trial 193 finished with values: [0.7080401698599994, 0.6084153348486958] and parameters: {'n_estimators': 64, 'learning_rate': 0.01610352961694889, 'subsample': 0.6137554084460873, 'colsample_bytree': 0.9637281608315128, 'min_child_weight': 10}.
[I 2026-05-15 18:03:44,420] Trial 194 finished with values: [0.7172548178162981, 0.8709178989981501] and parameters: {'n_estimators': 398, 'learning_rate': 0.01471005003927122, 'subsample': 0.6390688456025535, 'colsample_bytree': 0.9213923721539394, 'min_child_weight': 1}.
/home/mklemmingen/PycharmProjects/migraine-forecasting-shd/.venv/lib/python3.13/site-packages/sklearn/linear_model/_sag.py:348: ConvergenceWarning: The max_iter was reached which means the coef_ did not converge
  warnings.warn(
[I 2026-05-15 18:03:44,890] Trial 195 finished with values: [0.7046918829377948, 0.5928631435537124] and parameters: {'n_estimators': 54, 'learning_rate': 0.02609752135980675, 'subsample': 0.7257423924305306, 'colsample_bytree': 0.6709758175118891, 'min_child_weight': 8}.
[I 2026-05-15 18:03:45,622] Trial 196 finished with values: [0.6930845798349026, 0.8334008760999569] and parameters: {'n_estimators': 339, 'learning_rate': 0.011693687409928539, 'subsample': 0.9002459006563434, 'colsample_bytree': 0.7594018937589494, 'min_child_weight': 7}.
[I 2026-05-15 18:03:46,417] Trial 197 finished with values: [0.7172751737286658, 0.7887908337952557] and parameters: {'n_estimators': 413, 'learning_rate': 0.0178601378893971, 'subsample': 0.6260206371941118, 'colsample_bytree': 0.9594216754108317, 'min_child_weight': 10}.
[I 2026-05-15 18:03:46,822] Trial 198 finished with values: [0.7042668273133398, 0.7627378963449349] and parameters: {'n_estimators': 64, 'learning_rate': 0.08710745900492396, 'subsample': 0.7257423924305306, 'colsample_bytree': 0.7350460685614512, 'min_child_weight': 2}.
[I 2026-05-15 18:03:47,679] Trial 199 finished with values: [0.7069610070491301, 0.9417011112156134] and parameters: {'n_estimators': 496, 'learning_rate': 0.019721610970574007, 'subsample': 0.8313120563984696, 'colsample_bytree': 0.8404460046972835, 'min_child_weight': 10}.
[I 2026-05-15 18:03:48,487] Trial 200 finished with values: [0.6950958296804727, 1.0946497516302311] and parameters: {'n_estimators': 398, 'learning_rate': 0.016149614799999188, 'subsample': 0.7650470707645706, 'colsample_bytree': 0.9261845713819337, 'min_child_weight': 4}.
/home/mklemmingen/PycharmProjects/migraine-forecasting-shd/.venv/lib/python3.13/site-packages/sklearn/linear_model/_sag.py:348: ConvergenceWarning: The max_iter was reached which means the coef_ did not converge
  warnings.warn(
[I 2026-05-15 18:03:49,059] Trial 201 finished with values: [0.6908881159722865, 0.6766773745365444] and parameters: {'n_estimators': 54, 'learning_rate': 0.01471005003927122, 'subsample': 0.8654007076432223, 'colsample_bytree': 0.9105651842967988, 'min_child_weight': 1}.
[I 2026-05-15 18:03:49,731] Trial 202 finished with values: [0.7088790604416774, 0.6583808496943584] and parameters: {'n_estimators': 203, 'learning_rate': 0.01471005003927122, 'subsample': 0.6579579488364892, 'colsample_bytree': 0.7957811041110252, 'min_child_weight': 10}.
/home/mklemmingen/PycharmProjects/migraine-forecasting-shd/.venv/lib/python3.13/site-packages/sklearn/linear_model/_sag.py:348: ConvergenceWarning: The max_iter was reached which means the coef_ did not converge
  warnings.warn(
[I 2026-05-15 18:03:50,357] Trial 203 finished with values: [0.7035650178752586, 0.602037091602415] and parameters: {'n_estimators': 66, 'learning_rate': 0.016149614799999188, 'subsample': 0.9208787923016158, 'colsample_bytree': 0.8598531596188859, 'min_child_weight': 10}.
[I 2026-05-15 18:03:51,118] Trial 204 finished with values: [0.7132323684881078, 0.8494760274326947] and parameters: {'n_estimators': 437, 'learning_rate': 0.01471005003927122, 'subsample': 0.6390688456025535, 'colsample_bytree': 0.9213923721539394, 'min_child_weight': 7}.
[I 2026-05-15 18:03:51,997] Trial 205 finished with values: [0.6885657684935721, 0.8479310106780856] and parameters: {'n_estimators': 398, 'learning_rate': 0.012184186502221764, 'subsample': 0.8073318609454947, 'colsample_bytree': 0.9261845713819337, 'min_child_weight': 5}.
[I 2026-05-15 18:03:52,654] Trial 206 finished with values: [0.6446583188159346, 1.4315724895405202] and parameters: {'n_estimators': 243, 'learning_rate': 0.12856643861355183, 'subsample': 0.9018171496338729, 'colsample_bytree': 0.8404460046972835, 'min_child_weight': 9}.
[I 2026-05-15 18:03:53,525] Trial 207 finished with values: [0.7077006358452342, 0.964409405277887] and parameters: {'n_estimators': 458, 'learning_rate': 0.0212853192163843, 'subsample': 0.7257423924305306, 'colsample_bytree': 0.641249547534373, 'min_child_weight': 7}.
[I 2026-05-15 18:03:54,402] Trial 208 finished with values: [0.7177117495994721, 0.851189859972504] and parameters: {'n_estimators': 457, 'learning_rate': 0.0178601378893971, 'subsample': 0.6260206371941118, 'colsample_bytree': 0.8021009489791429, 'min_child_weight': 10}.
