[I 2026-05-15 18:06:00,979] Trial 404 finished with values: [0.7018765438038377, 0.6147033567774712] and parameters: {'n_estimators': 129, 'learning_rate': 0.017797595772834223, 'subsample': 0.6390688456025535, 'colsample_bytree': 0.6354810135028223, 'min_child_weight': 8}.
/home/mklemmingen/PycharmProjects/migraine-forecasting-shd/.venv/lib/python3.13/site-packages/sklearn/linear_model/_sag.py:348: ConvergenceWarning: The max_iter was reached which means the coef_ did not converge
  warnings.warn(
[I 2026-05-15 18:06:01,571] Trial 405 finished with values: [0.6930964022589527, 0.6164570374030015] and parameters: {'n_estimators': 64, 'learning_rate': 0.019657448966046126, 'subsample': 0.6482543484402403, 'colsample_bytree': 0.9261845713819337, 'min_child_weight': 5}.
[I 2026-05-15 18:06:02,181] Trial 406 finished with values: [0.7176527922803275, 0.76456839506042] and parameters: {'n_estimators': 324, 'learning_rate': 0.019657448966046126, 'subsample': 0.682533487362317, 'colsample_bytree': 0.9261845713819337, 'min_child_weight': 10}.
[I 2026-05-15 18:06:02,736] Trial 407 finished with values: [0.7077734355510652, 0.6658668101387565] and parameters: {'n_estimators': 214, 'learning_rate': 0.016149614799999188, 'subsample': 0.7257423924305306, 'colsample_bytree': 0.6180909155642152, 'min_child_weight': 10}.
[I 2026-05-15 18:06:03,551] Trial 408 finished with values: [0.7225793633469786, 0.8168397275537206] and parameters: {'n_estimators': 413, 'learning_rate': 0.019657448966046126, 'subsample': 0.6260206371941118, 'colsample_bytree': 0.9594216754108317, 'min_child_weight': 10}.
[I 2026-05-15 18:06:03,974] Trial 409 finished with values: [0.6960726956883969, 0.9098194100450296] and parameters: {'n_estimators': 64, 'learning_rate': 0.15870971677383489, 'subsample': 0.8013669083419428, 'colsample_bytree': 0.876157931451746, 'min_child_weight': 10}.
[I 2026-05-15 18:06:04,508] Trial 410 finished with values: [0.6983441694107668, 1.0028304013825813] and parameters: {'n_estimators': 67, 'learning_rate': 0.15164430026640188, 'subsample': 0.7257423924305306, 'colsample_bytree': 0.6325395122567599, 'min_child_weight': 7}.
/home/mklemmingen/PycharmProjects/migraine-forecasting-shd/.venv/lib/python3.13/site-packages/sklearn/linear_model/_sag.py:348: ConvergenceWarning: The max_iter was reached which means the coef_ did not converge
  warnings.warn(
[I 2026-05-15 18:06:05,158] Trial 411 finished with values: [0.7021450810321301, 0.641089503457022] and parameters: {'n_estimators': 86, 'learning_rate': 0.013313275850595153, 'subsample': 0.6260206371941118, 'colsample_bytree': 0.7594018937589494, 'min_child_weight': 7}.
[I 2026-05-15 18:06:05,734] Trial 412 finished with values: [0.7037154682165487, 0.6568973805715235] and parameters: {'n_estimators': 66, 'learning_rate': 0.019657448966046126, 'subsample': 0.6137554084460873, 'colsample_bytree': 0.9494314496427109, 'min_child_weight': 10}.
/home/mklemmingen/PycharmProjects/migraine-forecasting-shd/.venv/lib/python3.13/site-packages/sklearn/linear_model/_sag.py:348: ConvergenceWarning: The max_iter was reached which means the coef_ did not converge
  warnings.warn(
[I 2026-05-15 18:06:06,309] Trial 413 finished with values: [0.6934972418427365, 0.6201343861914017] and parameters: {'n_estimators': 64, 'learning_rate': 0.010639368372762009, 'subsample': 0.9683489602127253, 'colsample_bytree': 0.9879515306830556, 'min_child_weight': 10}.
[I 2026-05-15 18:06:06,946] Trial 414 finished with values: [0.6998575577389565, 0.6941124308408437] and parameters: {'n_estimators': 294, 'learning_rate': 0.013313275850595153, 'subsample': 0.6244311839419455, 'colsample_bytree': 0.6180909155642152, 'min_child_weight': 3}.
[I 2026-05-15 18:06:07,591] Trial 415 finished with values: [0.7109918200917631, 0.6926037992249834] and parameters: {'n_estimators': 294, 'learning_rate': 0.016149614799999188, 'subsample': 0.7257423924305306, 'colsample_bytree': 0.6325395122567599, 'min_child_weight': 10}.
[I 2026-05-15 18:06:08,389] Trial 416 finished with values: [0.7127588293056834, 0.826388851476489] and parameters: {'n_estimators': 413, 'learning_rate': 0.01471005003927122, 'subsample': 0.6646514856378455, 'colsample_bytree': 0.8993038761534633, 'min_child_weight': 7}.
[I 2026-05-15 18:06:09,161] Trial 417 finished with values: [0.7048305979693262, 0.8182398179749633] and parameters: {'n_estimators': 324, 'learning_rate': 0.0178601378893971, 'subsample': 0.6260206371941118, 'colsample_bytree': 0.9795542149013333, 'min_child_weight': 8}.
[I 2026-05-15 18:06:09,687] Trial 418 finished with values: [0.7172284533689076, 0.6917351230556006] and parameters: {'n_estimators': 194, 'learning_rate': 0.018730954962803806, 'subsample': 0.6390688456025535, 'colsample_bytree': 0.9261845713819337, 'min_child_weight': 9}.
/home/mklemmingen/PycharmProjects/migraine-forecasting-shd/.venv/lib/python3.13/site-packages/sklearn/linear_model/_sag.py:348: ConvergenceWarning: The max_iter was reached which means the coef_ did not converge
  warnings.warn(
[I 2026-05-15 18:06:10,265] Trial 419 finished with values: [0.699007482251453, 0.6443349795742096] and parameters: {'n_estimators': 54, 'learning_rate': 0.02609752135980675, 'subsample': 0.7257423924305306, 'colsample_bytree': 0.6837397293346841, 'min_child_weight': 8}.
[I 2026-05-15 18:06:10,914] Trial 420 finished with values: [0.7109918200917631, 0.6926037992249834] and parameters: {'n_estimators': 294, 'learning_rate': 0.016149614799999188, 'subsample': 0.7257423924305306, 'colsample_bytree': 0.6325395122567599, 'min_child_weight': 10}.
/home/mklemmingen/PycharmProjects/migraine-forecasting-shd/.venv/lib/python3.13/site-packages/sklearn/linear_model/_sag.py:348: ConvergenceWarning: The max_iter was reached which means the coef_ did not converge
  warnings.warn(
[I 2026-05-15 18:06:11,420] Trial 421 finished with values: [0.7008910826841339, 0.6160280778140271] and parameters: {'n_estimators': 64, 'learning_rate': 0.017797595772834223, 'subsample': 0.6137554084460873, 'colsample_bytree': 0.7481888411165528, 'min_child_weight': 10}.
[I 2026-05-15 18:06:12,035] Trial 422 finished with values: [0.6894122776160224, 0.8856526239943214] and parameters: {'n_estimators': 268, 'learning_rate': 0.08189120541664517, 'subsample': 0.6043350605921193, 'colsample_bytree': 0.9261845713819337, 'min_child_weight': 10}.
[I 2026-05-15 18:06:12,912] Trial 423 finished with values: [0.7225793633469786, 0.8168397275537206] and parameters: {'n_estimators': 413, 'learning_rate': 0.019657448966046126, 'subsample': 0.6260206371941118, 'colsample_bytree': 0.9594216754108317, 'min_child_weight': 10}.
[I 2026-05-15 18:06:13,744] Trial 424 finished with values: [0.675916299672965, 1.1051837982182566] and parameters: {'n_estimators': 413, 'learning_rate': 0.03506954878548353, 'subsample': 0.6260206371941118, 'colsample_bytree': 0.6105467897989008, 'min_child_weight': 5}.
[I 2026-05-15 18:06:14,295] Trial 425 finished with values: [0.7068175550542526, 0.8065995800289129] and parameters: {'n_estimators': 64, 'learning_rate': 0.08710745900492396, 'subsample': 0.8073318609454947, 'colsample_bytree': 0.8034282764658811, 'min_child_weight': 5}.
[I 2026-05-15 18:06:14,947] Trial 426 finished with values: [0.7091927583869284, 0.7810857434265198] and parameters: {'n_estimators': 324, 'learning_rate': 0.017797595772834223, 'subsample': 0.6260206371941118, 'colsample_bytree': 0.9261845713819337, 'min_child_weight': 10}.
/home/mklemmingen/PycharmProjects/migraine-forecasting-shd/.venv/lib/python3.13/site-packages/sklearn/linear_model/_sag.py:348: ConvergenceWarning: The max_iter was reached which means the coef_ did not converge
  warnings.warn(
[I 2026-05-15 18:06:15,426] Trial 427 finished with values: [0.7041119160149922, 0.6503443902736483] and parameters: {'n_estimators': 54, 'learning_rate': 0.02609752135980675, 'subsample': 0.7257423924305306, 'colsample_bytree': 0.8989883752535026, 'min_child_weight': 10}.
/home/mklemmingen/PycharmProjects/migraine-forecasting-shd/.venv/lib/python3.13/site-packages/sklearn/linear_model/_sag.py:348: ConvergenceWarning: The max_iter was reached which means the coef_ did not converge
  warnings.warn(
[I 2026-05-15 18:06:15,981] Trial 428 finished with values: [0.6957346140322116, 0.5842838732494089] and parameters: {'n_estimators': 66, 'learning_rate': 0.0178601378893971, 'subsample': 0.9208787923016158, 'colsample_bytree': 0.6146732811562391, 'min_child_weight': 10}.
[I 2026-05-15 18:06:16,591] Trial 429 finished with values: [0.716547848341344, 0.7971240122210921] and parameters: {'n_estimators': 294, 'learning_rate': 0.02359825968453427, 'subsample': 0.6260206371941118, 'colsample_bytree': 0.885339834353821, 'min_child_weight': 10}.
/home/mklemmingen/PycharmProjects/migraine-forecasting-shd/.venv/lib/python3.13/site-packages/sklearn/linear_model/_sag.py:348: ConvergenceWarning: The max_iter was reached which means the coef_ did not converge
  warnings.warn(
[I 2026-05-15 18:06:17,053] Trial 430 finished with values: [0.695534535891682, 0.642103327529934] and parameters: {'n_estimators': 64, 'learning_rate': 0.010639368372762009, 'subsample': 0.9580827350748797, 'colsample_bytree': 0.6377771843023713, 'min_child_weight': 6}.
[I 2026-05-15 18:06:17,650] Trial 431 finished with values: [0.7036442822287241, 0.7061748116894172] and parameters: {'n_estimators': 289, 'learning_rate': 0.014398128852644736, 'subsample': 0.7552679704826087, 'colsample_bytree': 0.9986547348295621, 'min_child_weight': 10}.
/home/mklemmingen/PycharmProjects/migraine-forecasting-shd/.venv/lib/python3.13/site-packages/sklearn/linear_model/_sag.py:348: ConvergenceWarning: The max_iter was reached which means the coef_ did not converge
  warnings.warn(
[I 2026-05-15 18:06:18,112] Trial 432 finished with values: [0.6937692881435865, 0.6234375710194551] and parameters: {'n_estimators': 54, 'learning_rate': 0.013313275850595153, 'subsample': 0.7257423924305306, 'colsample_bytree': 0.7594018937589494, 'min_child_weight': 7}.
[I 2026-05-15 18:06:18,741] Trial 433 finished with values: [0.6949783723922138, 0.8289249686940291] and parameters: {'n_estimators': 194, 'learning_rate': 0.04580177581204563, 'subsample': 0.6390688456025535, 'colsample_bytree': 0.9213923721539394, 'min_child_weight': 10}.
[I 2026-05-15 18:06:19,408] Trial 434 finished with values: [0.6961778986934044, 0.7933707511157734] and parameters: {'n_estimators': 194, 'learning_rate': 0.02609752135980675, 'subsample': 0.8130469065820093, 'colsample_bytree': 0.9213923721539394, 'min_child_weight': 9}.
/home/mklemmingen/PycharmProjects/migraine-forecasting-shd/.venv/lib/python3.13/site-packages/sklearn/linear_model/_sag.py:348: ConvergenceWarning: The max_iter was reached which means the coef_ did not converge
  warnings.warn(
[I 2026-05-15 18:06:19,890] Trial 435 finished with values: [0.7111374451179964, 0.5818677606645364] and parameters: {'n_estimators': 70, 'learning_rate': 0.013313275850595153, 'subsample': 0.6646514856378455, 'colsample_bytree': 0.940872600127416, 'min_child_weight': 10}.
[I 2026-05-15 18:06:20,584] Trial 436 finished with values: [0.6993899747487348, 0.650085028467765] and parameters: {'n_estimators': 194, 'learning_rate': 0.016149614799999188, 'subsample': 0.7257423924305306, 'colsample_bytree': 0.6969882014538918, 'min_child_weight': 9}.
[I 2026-05-15 18:06:21,140] Trial 437 finished with values: [0.6894581069104204, 1.0573667471520767] and parameters: {'n_estimators': 171, 'learning_rate': 0.03608232021681191, 'subsample': 0.6390688456025535, 'colsample_bytree': 0.9730913933416053, 'min_child_weight': 1}.
[I 2026-05-15 18:06:22,014] Trial 438 finished with values: [0.7225414068829398, 0.7891494764048479] and parameters: {'n_estimators': 478, 'learning_rate': 0.013313275850595153, 'subsample': 0.6390688456025535, 'colsample_bytree': 0.9020549022694476, 'min_child_weight': 10}.
/home/mklemmingen/PycharmProjects/migraine-forecasting-shd/.venv/lib/python3.13/site-packages/sklearn/linear_model/_sag.py:348: ConvergenceWarning: The max_iter was reached which means the coef_ did not converge
  warnings.warn(
[I 2026-05-15 18:06:22,609] Trial 439 finished with values: [0.7054572379206135, 0.582955161705523] and parameters: {'n_estimators': 66, 'learning_rate': 0.01610352961694889, 'subsample': 0.7552679704826087, 'colsample_bytree': 0.8598531596188859, 'min_child_weight': 9}.
[I 2026-05-15 18:06:23,150] Trial 440 finished with values: [0.7077599360531603, 0.613736304510707] and parameters: {'n_estimators': 195, 'learning_rate': 0.01471005003927122, 'subsample': 0.6845792027986178, 'colsample_bytree': 0.7594018937589494, 'min_child_weight': 10}.
[I 2026-05-15 18:06:23,852] Trial 441 finished with values: [0.6993059286373583, 0.8277677503274269] and parameters: {'n_estimators': 294, 'learning_rate': 0.016149614799999188, 'subsample': 0.7257423924305306, 'colsample_bytree': 0.6180909155642152, 'min_child_weight': 4}.
/home/mklemmingen/PycharmProjects/migraine-forecasting-shd/.venv/lib/python3.13/site-packages/sklearn/linear_model/_sag.py:348: ConvergenceWarning: The max_iter was reached which means the coef_ did not converge
  warnings.warn(
[I 2026-05-15 18:06:24,344] Trial 442 finished with values: [0.6993891863891444, 0.6189742026339011] and parameters: {'n_estimators': 64, 'learning_rate': 0.01610352961694889, 'subsample': 0.6115130705253355, 'colsample_bytree': 0.9020549022694476, 'min_child_weight': 10}.
[I 2026-05-15 18:06:25,135] Trial 443 finished with values: [0.7142180535806351, 0.8055090298300367] and parameters: {'n_estimators': 478, 'learning_rate': 0.01610352961694889, 'subsample': 0.6390688456025535, 'colsample_bytree': 0.6105467897989008, 'min_child_weight': 10}.
[I 2026-05-15 18:06:25,644] Trial 444 finished with values: [0.7054540169191793, 0.5936597758662077] and parameters: {'n_estimators': 104, 'learning_rate': 0.017797595772834223, 'subsample': 0.956210912295958, 'colsample_bytree': 0.9261845713819337, 'min_child_weight': 10}.
[I 2026-05-15 18:06:26,072] Trial 445 finished with values: [0.7192371424997763, 0.7630014153585443] and parameters: {'n_estimators': 66, 'learning_rate': 0.07530226332540962, 'subsample': 0.7970472375971478, 'colsample_bytree': 0.9730913933416053, 'min_child_weight': 10}.
[I 2026-05-15 18:06:26,507] Trial 446 finished with values: [0.705103281912143, 0.8399352927949171] and parameters: {'n_estimators': 64, 'learning_rate': 0.1007201745492095, 'subsample': 0.6043350605921193, 'colsample_bytree': 0.7594018937589494, 'min_child_weight': 10}.
[I 2026-05-15 18:06:27,124] Trial 447 finished with values: [0.7115524735657622, 0.7490267782734709] and parameters: {'n_estimators': 339, 'learning_rate': 0.01471005003927122, 'subsample': 0.6043350605921193, 'colsample_bytree': 0.9156684954429353, 'min_child_weight': 10}.
[I 2026-05-15 18:06:27,648] Trial 448 finished with values: [0.7035184498417688, 0.7482725077257759] and parameters: {'n_estimators': 66, 'learning_rate': 0.05448281849002502, 'subsample': 0.6347681152349695, 'colsample_bytree': 0.7594018937589494, 'min_child_weight': 10}.
[I 2026-05-15 18:06:28,290] Trial 449 finished with values: [0.7023417120947899, 0.7222843166824223] and parameters: {'n_estimators': 294, 'learning_rate': 0.01471005003927122, 'subsample': 0.8080654004447974, 'colsample_bytree': 0.8148426167274191, 'min_child_weight': 10}.
[I 2026-05-15 18:06:29,062] Trial 450 finished with values: [0.7109918200917631, 0.6926037992249834] and parameters: {'n_estimators': 294, 'learning_rate': 0.016149614799999188, 'subsample': 0.7257423924305306, 'colsample_bytree': 0.6325395122567599, 'min_child_weight': 10}.
/home/mklemmingen/PycharmProjects/migraine-forecasting-shd/.venv/lib/python3.13/site-packages/sklearn/linear_model/_sag.py:348: ConvergenceWarning: The max_iter was reached which means the coef_ did not converge
  warnings.warn(
[I 2026-05-15 18:06:29,527] Trial 451 finished with values: [0.7040874914073629, 0.6108229642778492] and parameters: {'n_estimators': 64, 'learning_rate': 0.01471005003927122, 'subsample': 0.6043350605921193, 'colsample_bytree': 0.8034282764658811, 'min_child_weight': 5}.
[I 2026-05-15 18:06:30,252] Trial 452 finished with values: [0.7176409126875234, 0.7356067348932104] and parameters: {'n_estimators': 413, 'learning_rate': 0.013313275850595153, 'subsample': 0.6260206371941118, 'colsample_bytree': 0.8347364472083516, 'min_child_weight': 10}.
/home/mklemmingen/PycharmProjects/migraine-forecasting-shd/.venv/lib/python3.13/site-packages/sklearn/linear_model/_sag.py:348: ConvergenceWarning: The max_iter was reached which means the coef_ did not converge
  warnings.warn(
[I 2026-05-15 18:06:30,822] Trial 453 finished with values: [0.6981483920434162, 0.6490338584493227] and parameters: {'n_estimators': 66, 'learning_rate': 0.013313275850595153, 'subsample': 0.8981757896737319, 'colsample_bytree': 0.9134612050964572, 'min_child_weight': 7}.
[I 2026-05-15 18:06:31,445] Trial 454 finished with values: [0.6680570289502569, 1.1691052196778096] and parameters: {'n_estimators': 301, 'learning_rate': 0.0434123694731224, 'subsample': 0.6510321211182255, 'colsample_bytree': 0.7135103623194898, 'min_child_weight': 4}.
[I 2026-05-15 18:06:32,064] Trial 455 finished with values: [0.7171438966984872, 0.6503041762374109] and parameters: {'n_estimators': 294, 'learning_rate': 0.01610352961694889, 'subsample': 0.6260206371941118, 'colsample_bytree': 0.6325395122567599, 'min_child_weight': 10}.
[I 2026-05-15 18:06:32,874] Trial 456 finished with values: [0.7038469757778711, 0.7330694659267273] and parameters: {'n_estimators': 413, 'learning_rate': 0.01471005003927122, 'subsample': 0.8080654004447974, 'colsample_bytree': 0.6172639647802304, 'min_child_weight': 10}.
[I 2026-05-15 18:06:33,590] Trial 457 finished with values: [0.7152174609064718, 0.8420090126264478] and parameters: {'n_estimators': 413, 'learning_rate': 0.017797595772834223, 'subsample': 0.6260206371941118, 'colsample_bytree': 0.8583668965326405, 'min_child_weight': 10}.
[I 2026-05-15 18:06:34,327] Trial 458 finished with values: [0.6663467316351194, 1.0278122877836728] and parameters: {'n_estimators': 339, 'learning_rate': 0.06968010004656464, 'subsample': 0.6646514856378455, 'colsample_bytree': 0.7594018937589494, 'min_child_weight': 7}.
[I 2026-05-15 18:06:35,106] Trial 459 finished with values: [0.715751683236201, 0.8325083619333128] and parameters: {'n_estimators': 324, 'learning_rate': 0.017797595772834223, 'subsample': 0.6390688456025535, 'colsample_bytree': 0.9261845713819337, 'min_child_weight': 10}.
[I 2026-05-15 18:06:35,855] Trial 460 finished with values: [0.703441181816238, 0.69922377142366] and parameters: {'n_estimators': 210, 'learning_rate': 0.016149614799999188, 'subsample': 0.6334002866794675, 'colsample_bytree': 0.9946060995171919, 'min_child_weight': 10}.
[I 2026-05-15 18:06:36,475] Trial 461 finished with values: [0.7005563968766755, 0.6662035879511734] and parameters: {'n_estimators': 323, 'learning_rate': 0.013313275850595153, 'subsample': 0.6948907166943978, 'colsample_bytree': 0.6407129890481614, 'min_child_weight': 7}.
[I 2026-05-15 18:06:37,370] Trial 462 finished with values: [0.7146553191887441, 0.7825432682134054] and parameters: {'n_estimators': 478, 'learning_rate': 0.013313275850595153, 'subsample': 0.6611436556737328, 'colsample_bytree': 0.7594018937589494, 'min_child_weight': 10}.
[I 2026-05-15 18:06:37,999] Trial 463 finished with values: [0.704594366407858, 0.905619913262355] and parameters: {'n_estimators': 294, 'learning_rate': 0.02609752135980675, 'subsample': 0.9208787923016158, 'colsample_bytree': 0.6709758175118891, 'min_child_weight': 10}.
[I 2026-05-15 18:06:38,779] Trial 464 finished with values: [0.7191112948925682, 0.7028029260843569] and parameters: {'n_estimators': 324, 'learning_rate': 0.01610352961694889, 'subsample': 0.6260206371941118, 'colsample_bytree': 0.6983830913538033, 'min_child_weight': 10}.
[I 2026-05-15 18:06:39,492] Trial 465 finished with values: [0.7077598821016957, 0.6948886445694542] and parameters: {'n_estimators': 294, 'learning_rate': 0.016149614799999188, 'subsample': 0.6642725493038223, 'colsample_bytree': 0.6325395122567599, 'min_child_weight': 10}.
[I 2026-05-15 18:06:40,253] Trial 466 finished with values: [0.6242129957545642, 1.5983916949456973] and parameters: {'n_estimators': 294, 'learning_rate': 0.08710745900492396, 'subsample': 0.6115130705253355, 'colsample_bytree': 0.9020549022694476, 'min_child_weight': 2}.
[I 2026-05-15 18:06:40,887] Trial 467 finished with values: [0.6946394178607265, 0.8216048568556313] and parameters: {'n_estimators': 294, 'learning_rate': 0.013313275850595153, 'subsample': 0.7257423924305306, 'colsample_bytree': 0.9020549022694476, 'min_child_weight': 3}.
[I 2026-05-15 18:06:41,641] Trial 468 finished with values: [0.7060963213565042, 0.8252728155740365] and parameters: {'n_estimators': 339, 'learning_rate': 0.018034072970800914, 'subsample': 0.6043350605921193, 'colsample_bytree': 0.9020549022694476, 'min_child_weight': 10}.
[I 2026-05-15 18:06:42,306] Trial 469 finished with values: [0.7115824968133988, 0.8439169381679875] and parameters: {'n_estimators': 413, 'learning_rate': 0.017797595772834223, 'subsample': 0.6390688456025535, 'colsample_bytree': 0.9587061698505701, 'min_child_weight': 10}.
/home/mklemmingen/PycharmProjects/migraine-forecasting-shd/.venv/lib/python3.13/site-packages/sklearn/linear_model/_sag.py:348: ConvergenceWarning: The max_iter was reached which means the coef_ did not converge
  warnings.warn(
