[I 2026-05-15 18:03:55,123] Trial 209 finished with values: [0.7067523008814778, 0.9259483436336406] and parameters: {'n_estimators': 422, 'learning_rate': 0.0212853192163843, 'subsample': 0.6479461469334731, 'colsample_bytree': 0.7350460685614512, 'min_child_weight': 10}.
/home/mklemmingen/PycharmProjects/migraine-forecasting-shd/.venv/lib/python3.13/site-packages/sklearn/linear_model/_sag.py:348: ConvergenceWarning: The max_iter was reached which means the coef_ did not converge
  warnings.warn(
[I 2026-05-15 18:03:55,619] Trial 210 finished with values: [0.7097918536406647, 0.5855057892314754] and parameters: {'n_estimators': 66, 'learning_rate': 0.013313275850595153, 'subsample': 0.6646514856378455, 'colsample_bytree': 0.8598531596188859, 'min_child_weight': 7}.
[I 2026-05-15 18:03:56,284] Trial 211 finished with values: [0.7131800603157576, 0.6377544644979212] and parameters: {'n_estimators': 194, 'learning_rate': 0.01471005003927122, 'subsample': 0.6390688456025535, 'colsample_bytree': 0.9213923721539394, 'min_child_weight': 9}.
[I 2026-05-15 18:03:56,954] Trial 212 finished with values: [0.6792726094007012, 1.0133935873702213] and parameters: {'n_estimators': 225, 'learning_rate': 0.08710745900492396, 'subsample': 0.6313825525369063, 'colsample_bytree': 0.8245108790277985, 'min_child_weight': 10}.
[I 2026-05-15 18:03:57,600] Trial 213 finished with values: [0.707289529025492, 0.6570298943904878] and parameters: {'n_estimators': 339, 'learning_rate': 0.010639368372762009, 'subsample': 0.6043350605921193, 'colsample_bytree': 0.7594018937589494, 'min_child_weight': 10}.
[I 2026-05-15 18:03:58,295] Trial 214 finished with values: [0.605466645769136, 2.005025615039293] and parameters: {'n_estimators': 238, 'learning_rate': 0.21744977418953557, 'subsample': 0.6479461469334731, 'colsample_bytree': 0.7957811041110252, 'min_child_weight': 1}.
[I 2026-05-15 18:03:59,023] Trial 215 finished with values: [0.7127253744479132, 0.8956593788279521] and parameters: {'n_estimators': 296, 'learning_rate': 0.029625450352016573, 'subsample': 0.8313120563984696, 'colsample_bytree': 0.9425959364753289, 'min_child_weight': 10}.
[I 2026-05-15 18:03:59,867] Trial 216 finished with values: [0.7204105140960823, 0.8721009537158266] and parameters: {'n_estimators': 478, 'learning_rate': 0.017797595772834223, 'subsample': 0.6390688456025535, 'colsample_bytree': 0.9261845713819337, 'min_child_weight': 10}.
[I 2026-05-15 18:04:00,707] Trial 217 finished with values: [0.6997099898412856, 0.7913650196276156] and parameters: {'n_estimators': 414, 'learning_rate': 0.011693687409928539, 'subsample': 0.616291520927588, 'colsample_bytree': 0.8404460046972835, 'min_child_weight': 1}.
[I 2026-05-15 18:04:01,341] Trial 218 finished with values: [0.702240918508342, 1.0088100305841678] and parameters: {'n_estimators': 308, 'learning_rate': 0.02609752135980675, 'subsample': 0.8527348848679197, 'colsample_bytree': 0.7793782087913279, 'min_child_weight': 8}.
[I 2026-05-15 18:04:01,964] Trial 219 finished with values: [0.7101470100692241, 0.7879742713235978] and parameters: {'n_estimators': 182, 'learning_rate': 0.03058280993112278, 'subsample': 0.6479461469334731, 'colsample_bytree': 0.7350460685614512, 'min_child_weight': 10}.
[I 2026-05-15 18:04:02,788] Trial 220 finished with values: [0.6864636366633168, 1.0011236803837937] and parameters: {'n_estimators': 398, 'learning_rate': 0.01471005003927122, 'subsample': 0.8690073824308153, 'colsample_bytree': 0.9213923721539394, 'min_child_weight': 1}.
[I 2026-05-15 18:04:03,612] Trial 221 finished with values: [0.6963498780201931, 0.9515961356803272] and parameters: {'n_estimators': 398, 'learning_rate': 0.013313275850595153, 'subsample': 0.900949811775072, 'colsample_bytree': 0.9166316174903394, 'min_child_weight': 7}.
[I 2026-05-15 18:04:04,378] Trial 222 finished with values: [0.6418208629224945, 1.2055019150156525] and parameters: {'n_estimators': 324, 'learning_rate': 0.1466769064893309, 'subsample': 0.6364824412194762, 'colsample_bytree': 0.9795542149013333, 'min_child_weight': 5}.
[I 2026-05-15 18:04:04,974] Trial 223 finished with values: [0.7069999898284165, 0.6360577072029271] and parameters: {'n_estimators': 54, 'learning_rate': 0.025985724173338116, 'subsample': 0.6260206371941118, 'colsample_bytree': 0.9795542149013333, 'min_child_weight': 10}.
/home/mklemmingen/PycharmProjects/migraine-forecasting-shd/.venv/lib/python3.13/site-packages/sklearn/linear_model/_sag.py:348: ConvergenceWarning: The max_iter was reached which means the coef_ did not converge
  warnings.warn(
[I 2026-05-15 18:04:05,665] Trial 224 finished with values: [0.704165716823908, 0.5958351383060586] and parameters: {'n_estimators': 70, 'learning_rate': 0.017797595772834223, 'subsample': 0.6390688456025535, 'colsample_bytree': 0.9261845713819337, 'min_child_weight': 1}.
[I 2026-05-15 18:04:06,399] Trial 225 finished with values: [0.7047261438502457, 1.0125802008030955] and parameters: {'n_estimators': 459, 'learning_rate': 0.022587177280197233, 'subsample': 0.6230235040066577, 'colsample_bytree': 0.8198115529294943, 'min_child_weight': 5}.
[I 2026-05-15 18:04:06,946] Trial 226 finished with values: [0.6604876211334124, 1.2589083790739344] and parameters: {'n_estimators': 64, 'learning_rate': 0.20476075218575424, 'subsample': 0.6313825525369063, 'colsample_bytree': 0.8245108790277985, 'min_child_weight': 4}.
[I 2026-05-15 18:04:07,617] Trial 227 finished with values: [0.7031071105110124, 0.8035207005289757] and parameters: {'n_estimators': 339, 'learning_rate': 0.0212853192163843, 'subsample': 0.6646514856378455, 'colsample_bytree': 0.6468268065710423, 'min_child_weight': 7}.
[I 2026-05-15 18:04:08,331] Trial 228 finished with values: [0.7009004901614307, 0.7622063353892142] and parameters: {'n_estimators': 294, 'learning_rate': 0.016149614799999188, 'subsample': 0.9208787923016158, 'colsample_bytree': 0.6571966728211344, 'min_child_weight': 10}.
/home/mklemmingen/PycharmProjects/migraine-forecasting-shd/.venv/lib/python3.13/site-packages/sklearn/linear_model/_sag.py:348: ConvergenceWarning: The max_iter was reached which means the coef_ did not converge
  warnings.warn(
[I 2026-05-15 18:04:08,805] Trial 229 finished with values: [0.6983359955163858, 0.5822821450457839] and parameters: {'n_estimators': 54, 'learning_rate': 0.011693687409928539, 'subsample': 0.7257423924305306, 'colsample_bytree': 0.8404460046972835, 'min_child_weight': 8}.
[I 2026-05-15 18:04:09,352] Trial 230 finished with values: [0.7152625154528873, 0.7853245035440268] and parameters: {'n_estimators': 66, 'learning_rate': 0.08710745900492396, 'subsample': 0.9046042526869889, 'colsample_bytree': 0.9261845713819337, 'min_child_weight': 10}.
[I 2026-05-15 18:04:10,128] Trial 231 finished with values: [0.709121686241644, 0.7084095835003612] and parameters: {'n_estimators': 328, 'learning_rate': 0.01471005003927122, 'subsample': 0.7544410551203097, 'colsample_bytree': 0.9795542149013333, 'min_child_weight': 10}.
[I 2026-05-15 18:04:10,710] Trial 232 finished with values: [0.7029629848652779, 0.7099914389189841] and parameters: {'n_estimators': 238, 'learning_rate': 0.014104914380026676, 'subsample': 0.6260206371941118, 'colsample_bytree': 0.7350460685614512, 'min_child_weight': 1}.
[I 2026-05-15 18:04:11,486] Trial 233 finished with values: [0.7101041629544099, 0.7819360622261442] and parameters: {'n_estimators': 366, 'learning_rate': 0.013313275850595153, 'subsample': 0.6646514856378455, 'colsample_bytree': 0.9594216754108317, 'min_child_weight': 7}.
/home/mklemmingen/PycharmProjects/migraine-forecasting-shd/.venv/lib/python3.13/site-packages/sklearn/linear_model/_sag.py:348: ConvergenceWarning: The max_iter was reached which means the coef_ did not converge
  warnings.warn(
[I 2026-05-15 18:04:12,042] Trial 234 finished with values: [0.6965484783113133, 0.5780286311523073] and parameters: {'n_estimators': 54, 'learning_rate': 0.02609752135980675, 'subsample': 0.9208787923016158, 'colsample_bytree': 0.6709758175118891, 'min_child_weight': 10}.
[I 2026-05-15 18:04:12,882] Trial 235 finished with values: [0.7138217539631062, 0.8561318066566368] and parameters: {'n_estimators': 398, 'learning_rate': 0.01471005003927122, 'subsample': 0.6390688456025535, 'colsample_bytree': 0.9261845713819337, 'min_child_weight': 1}.
[I 2026-05-15 18:04:13,633] Trial 236 finished with values: [0.7109918200917631, 0.6926037992249834] and parameters: {'n_estimators': 294, 'learning_rate': 0.016149614799999188, 'subsample': 0.7257423924305306, 'colsample_bytree': 0.6180909155642152, 'min_child_weight': 10}.
[I 2026-05-15 18:04:14,446] Trial 237 finished with values: [0.5907277373240787, 2.153268915261146] and parameters: {'n_estimators': 414, 'learning_rate': 0.08710745900492396, 'subsample': 0.7257423924305306, 'colsample_bytree': 0.9509357413523924, 'min_child_weight': 1}.
[I 2026-05-15 18:04:15,191] Trial 238 finished with values: [0.7166423663577672, 0.884127940198413] and parameters: {'n_estimators': 339, 'learning_rate': 0.0212853192163843, 'subsample': 0.7257423924305306, 'colsample_bytree': 0.9594216754108317, 'min_child_weight': 10}.
[I 2026-05-15 18:04:15,922] Trial 239 finished with values: [0.7049662642481364, 0.9431994674938478] and parameters: {'n_estimators': 420, 'learning_rate': 0.019657448966046126, 'subsample': 0.9208787923016158, 'colsample_bytree': 0.6709758175118891, 'min_child_weight': 10}.
[I 2026-05-15 18:04:16,720] Trial 240 finished with values: [0.7120789996448113, 0.7715807901636774] and parameters: {'n_estimators': 413, 'learning_rate': 0.016149614799999188, 'subsample': 0.6260206371941118, 'colsample_bytree': 0.6180909155642152, 'min_child_weight': 10}.
[I 2026-05-15 18:04:17,136] Trial 241 finished with values: [0.7134110454685125, 0.8224834347643742] and parameters: {'n_estimators': 66, 'learning_rate': 0.11046009304545999, 'subsample': 0.8073318609454947, 'colsample_bytree': 0.8598531596188859, 'min_child_weight': 10}.
[I 2026-05-15 18:04:17,520] Trial 242 finished with values: [0.7062819387721161, 0.9061227438055977] and parameters: {'n_estimators': 64, 'learning_rate': 0.10206664092951903, 'subsample': 0.8313120563984696, 'colsample_bytree': 0.8807867509030813, 'min_child_weight': 10}.
[I 2026-05-15 18:04:18,135] Trial 243 finished with values: [0.7109918200917631, 0.6926037992249834] and parameters: {'n_estimators': 294, 'learning_rate': 0.016149614799999188, 'subsample': 0.7257423924305306, 'colsample_bytree': 0.6325395122567599, 'min_child_weight': 10}.
/home/mklemmingen/PycharmProjects/migraine-forecasting-shd/.venv/lib/python3.13/site-packages/sklearn/linear_model/_sag.py:348: ConvergenceWarning: The max_iter was reached which means the coef_ did not converge
  warnings.warn(
[I 2026-05-15 18:04:18,638] Trial 244 finished with values: [0.6879671153696141, 0.6332572646039492] and parameters: {'n_estimators': 64, 'learning_rate': 0.012184186502221764, 'subsample': 0.7257423924305306, 'colsample_bytree': 0.8598531596188859, 'min_child_weight': 1}.
/home/mklemmingen/PycharmProjects/migraine-forecasting-shd/.venv/lib/python3.13/site-packages/sklearn/linear_model/_sag.py:348: ConvergenceWarning: The max_iter was reached which means the coef_ did not converge
  warnings.warn(
[I 2026-05-15 18:04:19,131] Trial 245 finished with values: [0.7040987319970398, 0.6048261858822848] and parameters: {'n_estimators': 66, 'learning_rate': 0.011693687409928539, 'subsample': 0.8073318609454947, 'colsample_bytree': 0.8598531596188859, 'min_child_weight': 10}.
/home/mklemmingen/PycharmProjects/migraine-forecasting-shd/.venv/lib/python3.13/site-packages/sklearn/linear_model/_sag.py:348: ConvergenceWarning: The max_iter was reached which means the coef_ did not converge
  warnings.warn(
[I 2026-05-15 18:04:19,736] Trial 246 finished with values: [0.6967143733730415, 0.6163578817049218] and parameters: {'n_estimators': 54, 'learning_rate': 0.01607123851203988, 'subsample': 0.8654007076432223, 'colsample_bytree': 0.8245108790277985, 'min_child_weight': 10}.
/home/mklemmingen/PycharmProjects/migraine-forecasting-shd/.venv/lib/python3.13/site-packages/sklearn/linear_model/_sag.py:348: ConvergenceWarning: The max_iter was reached which means the coef_ did not converge
  warnings.warn(
[I 2026-05-15 18:04:20,326] Trial 247 finished with values: [0.7115628448686514, 0.5785181377007633] and parameters: {'n_estimators': 66, 'learning_rate': 0.019657448966046126, 'subsample': 0.9208787923016158, 'colsample_bytree': 0.9261845713819337, 'min_child_weight': 10}.
[I 2026-05-15 18:04:21,158] Trial 248 finished with values: [0.6916686521053148, 1.0752097248515669] and parameters: {'n_estimators': 459, 'learning_rate': 0.035714399098231424, 'subsample': 0.7544410551203097, 'colsample_bytree': 0.7482568588267564, 'min_child_weight': 10}.
/home/mklemmingen/PycharmProjects/migraine-forecasting-shd/.venv/lib/python3.13/site-packages/sklearn/linear_model/_sag.py:348: ConvergenceWarning: The max_iter was reached which means the coef_ did not converge
  warnings.warn(
[I 2026-05-15 18:04:21,632] Trial 249 finished with values: [0.706443256868764, 0.6033409286288325] and parameters: {'n_estimators': 64, 'learning_rate': 0.019721610970574007, 'subsample': 0.6390688456025535, 'colsample_bytree': 0.9261845713819337, 'min_child_weight': 10}.
[I 2026-05-15 18:04:22,173] Trial 250 finished with values: [0.7186019908387443, 0.88277091479404] and parameters: {'n_estimators': 64, 'learning_rate': 0.15870971677383489, 'subsample': 0.6260206371941118, 'colsample_bytree': 0.9795542149013333, 'min_child_weight': 8}.
[I 2026-05-15 18:04:23,059] Trial 251 finished with values: [0.711062113158099, 0.9544733734929386] and parameters: {'n_estimators': 477, 'learning_rate': 0.019657448966046126, 'subsample': 0.9208787923016158, 'colsample_bytree': 0.9944004255291483, 'min_child_weight': 10}.
[I 2026-05-15 18:04:23,676] Trial 252 finished with values: [0.6519071298295966, 1.1752329208955394] and parameters: {'n_estimators': 294, 'learning_rate': 0.129667438075127, 'subsample': 0.7505038342123663, 'colsample_bytree': 0.9261845713819337, 'min_child_weight': 10}.
[I 2026-05-15 18:04:24,417] Trial 253 finished with values: [0.7057018224309797, 0.8714778331288621] and parameters: {'n_estimators': 296, 'learning_rate': 0.022587177280197233, 'subsample': 0.8313120563984696, 'colsample_bytree': 0.9425959364753289, 'min_child_weight': 10}.
[I 2026-05-15 18:04:25,166] Trial 254 finished with values: [0.7054871585862221, 0.7862016458787501] and parameters: {'n_estimators': 413, 'learning_rate': 0.0178601378893971, 'subsample': 0.6260206371941118, 'colsample_bytree': 0.6709758175118891, 'min_child_weight': 10}.
[I 2026-05-15 18:04:25,897] Trial 255 finished with values: [0.7176228971055485, 0.7066490670673291] and parameters: {'n_estimators': 294, 'learning_rate': 0.016149614799999188, 'subsample': 0.6334002866794675, 'colsample_bytree': 0.6180909155642152, 'min_child_weight': 10}.
[I 2026-05-15 18:04:26,569] Trial 256 finished with values: [0.7122494485318865, 0.7195760666678387] and parameters: {'n_estimators': 339, 'learning_rate': 0.01471005003927122, 'subsample': 0.6043350605921193, 'colsample_bytree': 0.7594018937589494, 'min_child_weight': 10}.
[I 2026-05-15 18:04:27,325] Trial 257 finished with values: [0.7172548178162981, 0.8709178989981501] and parameters: {'n_estimators': 398, 'learning_rate': 0.01471005003927122, 'subsample': 0.6390688456025535, 'colsample_bytree': 0.9108587663709747, 'min_child_weight': 1}.
[I 2026-05-15 18:04:28,099] Trial 258 finished with values: [0.7211643243316552, 0.7923567510798153] and parameters: {'n_estimators': 301, 'learning_rate': 0.017797595772834223, 'subsample': 0.6390688456025535, 'colsample_bytree': 0.9261845713819337, 'min_child_weight': 10}.
[I 2026-05-15 18:04:28,799] Trial 259 finished with values: [0.7056590380533045, 0.6777333766346489] and parameters: {'n_estimators': 194, 'learning_rate': 0.01471005003927122, 'subsample': 0.6390688456025535, 'colsample_bytree': 0.7696888036987906, 'min_child_weight': 9}.
/home/mklemmingen/PycharmProjects/migraine-forecasting-shd/.venv/lib/python3.13/site-packages/sklearn/linear_model/_sag.py:348: ConvergenceWarning: The max_iter was reached which means the coef_ did not converge
  warnings.warn(
[I 2026-05-15 18:04:29,369] Trial 260 finished with values: [0.7020047728237463, 0.5836446077221419] and parameters: {'n_estimators': 66, 'learning_rate': 0.019657448966046126, 'subsample': 0.6390688456025535, 'colsample_bytree': 0.9261845713819337, 'min_child_weight': 9}.
/home/mklemmingen/PycharmProjects/migraine-forecasting-shd/.venv/lib/python3.13/site-packages/sklearn/linear_model/_sag.py:348: ConvergenceWarning: The max_iter was reached which means the coef_ did not converge
  warnings.warn(
[I 2026-05-15 18:04:29,926] Trial 261 finished with values: [0.7061767744983206, 0.5962031330337579] and parameters: {'n_estimators': 64, 'learning_rate': 0.01610352961694889, 'subsample': 0.7552679704826087, 'colsample_bytree': 0.9637281608315128, 'min_child_weight': 10}.
[I 2026-05-15 18:04:30,762] Trial 262 finished with values: [0.7108031096238325, 0.906576225397745] and parameters: {'n_estimators': 414, 'learning_rate': 0.01471005003927122, 'subsample': 0.6390688456025535, 'colsample_bytree': 0.9625417540378944, 'min_child_weight': 1}.
/home/mklemmingen/PycharmProjects/migraine-forecasting-shd/.venv/lib/python3.13/site-packages/sklearn/linear_model/_sag.py:348: ConvergenceWarning: The max_iter was reached which means the coef_ did not converge
  warnings.warn(
[I 2026-05-15 18:04:31,360] Trial 263 finished with values: [0.704165716823908, 0.5958351383060586] and parameters: {'n_estimators': 70, 'learning_rate': 0.017797595772834223, 'subsample': 0.6390688456025535, 'colsample_bytree': 0.9261845713819337, 'min_child_weight': 1}.
/home/mklemmingen/PycharmProjects/migraine-forecasting-shd/.venv/lib/python3.13/site-packages/sklearn/linear_model/_sag.py:348: ConvergenceWarning: The max_iter was reached which means the coef_ did not converge
  warnings.warn(
[I 2026-05-15 18:04:31,876] Trial 264 finished with values: [0.7063450201610187, 0.5868125735099868] and parameters: {'n_estimators': 100, 'learning_rate': 0.013313275850595153, 'subsample': 0.6390688456025535, 'colsample_bytree': 0.7594018937589494, 'min_child_weight': 10}.
[I 2026-05-15 18:04:32,723] Trial 265 finished with values: [0.709501190619731, 0.6961629087167825] and parameters: {'n_estimators': 478, 'learning_rate': 0.010639368372762009, 'subsample': 0.6390688456025535, 'colsample_bytree': 0.6377771843023713, 'min_child_weight': 10}.
/home/mklemmingen/PycharmProjects/migraine-forecasting-shd/.venv/lib/python3.13/site-packages/sklearn/linear_model/_sag.py:348: ConvergenceWarning: The max_iter was reached which means the coef_ did not converge
  warnings.warn(
[I 2026-05-15 18:04:33,219] Trial 266 finished with values: [0.7004141920763216, 0.6435711567472702] and parameters: {'n_estimators': 66, 'learning_rate': 0.019657448966046126, 'subsample': 0.6313825525369063, 'colsample_bytree': 0.8245108790277985, 'min_child_weight': 10}.
[I 2026-05-15 18:04:33,964] Trial 267 finished with values: [0.7109918200917631, 0.6926037992249834] and parameters: {'n_estimators': 294, 'learning_rate': 0.016149614799999188, 'subsample': 0.7257423924305306, 'colsample_bytree': 0.6325395122567599, 'min_child_weight': 10}.
[I 2026-05-15 18:04:34,699] Trial 268 finished with values: [0.6970716565534893, 1.078663534592026] and parameters: {'n_estimators': 413, 'learning_rate': 0.02609752135980675, 'subsample': 0.7257423924305306, 'colsample_bytree': 0.9594216754108317, 'min_child_weight': 8}.
[I 2026-05-15 18:04:35,252] Trial 269 finished with values: [0.6994530061459132, 0.703769713719278] and parameters: {'n_estimators': 66, 'learning_rate': 0.053415464843459444, 'subsample': 0.9208787923016158, 'colsample_bytree': 0.9261845713819337, 'min_child_weight': 10}.
[I 2026-05-15 18:04:35,900] Trial 270 finished with values: [0.7117109725746391, 0.7482127320686106] and parameters: {'n_estimators': 339, 'learning_rate': 0.013313275850595153, 'subsample': 0.6646514856378455, 'colsample_bytree': 0.9594216754108317, 'min_child_weight': 7}.
/home/mklemmingen/PycharmProjects/migraine-forecasting-shd/.venv/lib/python3.13/site-packages/sklearn/linear_model/_sag.py:348: ConvergenceWarning: The max_iter was reached which means the coef_ did not converge
  warnings.warn(
[I 2026-05-15 18:04:36,381] Trial 271 finished with values: [0.6949024833463213, 0.6666773154801902] and parameters: {'n_estimators': 66, 'learning_rate': 0.011693687409928539, 'subsample': 0.8073318609454947, 'colsample_bytree': 0.8598531596188859, 'min_child_weight': 1}.
[I 2026-05-15 18:04:37,161] Trial 272 finished with values: [0.7150716465551445, 0.7703903208364563] and parameters: {'n_estimators': 339, 'learning_rate': 0.0178601378893971, 'subsample': 0.6260206371941118, 'colsample_bytree': 0.9760920965699831, 'min_child_weight': 10}.
[I 2026-05-15 18:04:37,588] Trial 273 finished with values: [0.6934530763818109, 0.7259755912646992] and parameters: {'n_estimators': 54, 'learning_rate': 0.049234393858490974, 'subsample': 0.6225213102727349, 'colsample_bytree': 0.6475271665072287, 'min_child_weight': 10}.
[I 2026-05-15 18:04:38,044] Trial 274 finished with values: [0.7057331596937615, 0.8296653919211785] and parameters: {'n_estimators': 66, 'learning_rate': 0.11046009304545999, 'subsample': 0.6470104987108419, 'colsample_bytree': 0.9261845713819337, 'min_child_weight': 7}.
