[I 2026-05-15 18:02:25,146] Trial 74 finished with values: [0.7054908436197493, 0.9006993087364993] and parameters: {'n_estimators': 408, 'learning_rate': 0.029773579612263783, 'subsample': 0.6746074041599417, 'colsample_bytree': 0.6163100566219055, 'min_child_weight': 6}.
[I 2026-05-15 18:02:25,791] Trial 75 finished with values: [0.6935023301093125, 0.8654069043738678] and parameters: {'n_estimators': 294, 'learning_rate': 0.01471005003927122, 'subsample': 0.9698774473114251, 'colsample_bytree': 0.9652962210225885, 'min_child_weight': 3}.
[I 2026-05-15 18:02:26,630] Trial 76 finished with values: [0.6954522136285954, 0.8783366938269067] and parameters: {'n_estimators': 355, 'learning_rate': 0.01607123851203988, 'subsample': 0.8048372233197124, 'colsample_bytree': 0.7465447373174767, 'min_child_weight': 7}.
[I 2026-05-15 18:02:27,242] Trial 77 finished with values: [0.6707707365176774, 1.2637192423469947] and parameters: {'n_estimators': 280, 'learning_rate': 0.05917520523090666, 'subsample': 0.8006065178748798, 'colsample_bytree': 0.6180909155642152, 'min_child_weight': 8}.
[I 2026-05-15 18:02:28,143] Trial 78 finished with values: [0.6953277437636066, 0.7628128161950738] and parameters: {'n_estimators': 355, 'learning_rate': 0.01058040360169664, 'subsample': 0.8599855723111061, 'colsample_bytree': 0.9232481518257668, 'min_child_weight': 7}.
[I 2026-05-15 18:02:28,912] Trial 79 finished with values: [0.6323679188950108, 1.7434637848563774] and parameters: {'n_estimators': 348, 'learning_rate': 0.05388108577817234, 'subsample': 0.8080272084711243, 'colsample_bytree': 0.9637281608315128, 'min_child_weight': 3}.
[I 2026-05-15 18:02:29,577] Trial 80 finished with values: [0.7093871766970854, 0.7391193096760649] and parameters: {'n_estimators': 339, 'learning_rate': 0.013313275850595153, 'subsample': 0.6646514856378455, 'colsample_bytree': 0.8807867509030813, 'min_child_weight': 7}.
[I 2026-05-15 18:02:30,307] Trial 81 finished with values: [0.6258568304336154, 1.5189520067650442] and parameters: {'n_estimators': 408, 'learning_rate': 0.2063696403063293, 'subsample': 0.7168578594140873, 'colsample_bytree': 0.8245108790277985, 'min_child_weight': 5}.
[I 2026-05-15 18:02:30,940] Trial 82 finished with values: [0.6876565605921476, 0.7515762436531785] and parameters: {'n_estimators': 156, 'learning_rate': 0.017303875834205888, 'subsample': 0.9718790609370292, 'colsample_bytree': 0.7351980627406143, 'min_child_weight': 4}.
[I 2026-05-15 18:02:31,679] Trial 83 finished with values: [0.7149785880743307, 0.8793760113785727] and parameters: {'n_estimators': 414, 'learning_rate': 0.01471005003927122, 'subsample': 0.6390688456025535, 'colsample_bytree': 0.9509357413523924, 'min_child_weight': 1}.
[I 2026-05-15 18:02:32,199] Trial 84 finished with values: [0.6479534848290462, 1.33725960832088] and parameters: {'n_estimators': 207, 'learning_rate': 0.1131225105716033, 'subsample': 0.9588441039810308, 'colsample_bytree': 0.8245108790277985, 'min_child_weight': 8}.
[I 2026-05-15 18:02:32,877] Trial 85 finished with values: [0.6874805888569734, 0.894783698440305] and parameters: {'n_estimators': 215, 'learning_rate': 0.019721610970574007, 'subsample': 0.8313120563984696, 'colsample_bytree': 0.836965827544817, 'min_child_weight': 1}.
[I 2026-05-15 18:02:33,396] Trial 86 finished with values: [0.6943389482948962, 0.7198128930730772] and parameters: {'n_estimators': 66, 'learning_rate': 0.04872420129560894, 'subsample': 0.9046478461314871, 'colsample_bytree': 0.6950550175969599, 'min_child_weight': 10}.
[I 2026-05-15 18:02:34,142] Trial 87 finished with values: [0.7012852924248579, 0.8820475424981297] and parameters: {'n_estimators': 294, 'learning_rate': 0.028180680291847244, 'subsample': 0.6390688456025535, 'colsample_bytree': 0.6027808522124762, 'min_child_weight': 5}.
[I 2026-05-15 18:02:34,684] Trial 88 finished with values: [0.6915016076051568, 0.9098977170091638] and parameters: {'n_estimators': 179, 'learning_rate': 0.025985724173338116, 'subsample': 0.7168578594140873, 'colsample_bytree': 0.7465447373174767, 'min_child_weight': 2}.
[I 2026-05-15 18:02:35,422] Trial 89 finished with values: [0.7047667320568318, 0.7223375545528496] and parameters: {'n_estimators': 238, 'learning_rate': 0.0212853192163843, 'subsample': 0.6479461469334731, 'colsample_bytree': 0.7350460685614512, 'min_child_weight': 10}.
[I 2026-05-15 18:02:36,224] Trial 90 finished with values: [0.6776546672174665, 1.2967243003850766] and parameters: {'n_estimators': 348, 'learning_rate': 0.028869220380495747, 'subsample': 0.8363333042276043, 'colsample_bytree': 0.8186841117373118, 'min_child_weight': 1}.
[I 2026-05-15 18:02:37,017] Trial 91 finished with values: [0.6786568848453998, 1.149438103276598] and parameters: {'n_estimators': 468, 'learning_rate': 0.01351182947645082, 'subsample': 0.9866619276174678, 'colsample_bytree': 0.6149392754996857, 'min_child_weight': 4}.
[I 2026-05-15 18:02:37,845] Trial 92 finished with values: [0.6847810487461878, 1.166677557686347] and parameters: {'n_estimators': 426, 'learning_rate': 0.029773579612263783, 'subsample': 0.8048372233197124, 'colsample_bytree': 0.6163100566219055, 'min_child_weight': 7}.
[I 2026-05-15 18:02:38,698] Trial 93 finished with values: [0.6819699644771677, 1.1011459284305534] and parameters: {'n_estimators': 420, 'learning_rate': 0.03404436610591982, 'subsample': 0.6508242050607539, 'colsample_bytree': 0.8186841117373118, 'min_child_weight': 6}.
[I 2026-05-15 18:02:39,363] Trial 94 finished with values: [0.5912604629956307, 2.47954913859642] and parameters: {'n_estimators': 325, 'learning_rate': 0.13720623374101712, 'subsample': 0.6863284109987373, 'colsample_bytree': 0.8491561903276001, 'min_child_weight': 1}.
/home/mklemmingen/PycharmProjects/migraine-forecasting-shd/.venv/lib/python3.13/site-packages/sklearn/linear_model/_sag.py:348: ConvergenceWarning: The max_iter was reached which means the coef_ did not converge
  warnings.warn(
[I 2026-05-15 18:02:39,950] Trial 95 finished with values: [0.6789055912600409, 0.6513106989519333] and parameters: {'n_estimators': 54, 'learning_rate': 0.01607123851203988, 'subsample': 0.7168578594140873, 'colsample_bytree': 0.7465447373174767, 'min_child_weight': 1}.
[I 2026-05-15 18:02:40,531] Trial 96 finished with values: [0.6654101858088444, 1.4927805910283798] and parameters: {'n_estimators': 128, 'learning_rate': 0.10485733570643786, 'subsample': 0.8125418526272592, 'colsample_bytree': 0.8736932106048627, 'min_child_weight': 2}.
[I 2026-05-15 18:02:41,280] Trial 97 finished with values: [0.7100995040721971, 0.80710091357592] and parameters: {'n_estimators': 293, 'learning_rate': 0.025985724173338116, 'subsample': 0.6097263865725815, 'colsample_bytree': 0.858188918362867, 'min_child_weight': 10}.
[I 2026-05-15 18:02:42,084] Trial 98 finished with values: [0.687035850599782, 1.1635827840001176] and parameters: {'n_estimators': 439, 'learning_rate': 0.030245085073501415, 'subsample': 0.8985965620472096, 'colsample_bytree': 0.8598531596188859, 'min_child_weight': 9}.
[I 2026-05-15 18:02:42,789] Trial 99 finished with values: [0.6810490749699654, 1.1066542456836392] and parameters: {'n_estimators': 426, 'learning_rate': 0.01471005003927122, 'subsample': 0.8549719605992826, 'colsample_bytree': 0.9509357413523924, 'min_child_weight': 3}.
[I 2026-05-15 18:02:43,491] Trial 100 finished with values: [0.7082892319707074, 0.8356224232680705] and parameters: {'n_estimators': 377, 'learning_rate': 0.01471005003927122, 'subsample': 0.6390688456025535, 'colsample_bytree': 0.9594216754108317, 'min_child_weight': 7}.
[I 2026-05-15 18:02:44,288] Trial 101 finished with values: [0.716628233548862, 0.9021622513320553] and parameters: {'n_estimators': 459, 'learning_rate': 0.022587177280197233, 'subsample': 0.6579579488364892, 'colsample_bytree': 0.7957811041110252, 'min_child_weight': 10}.
/home/mklemmingen/PycharmProjects/migraine-forecasting-shd/.venv/lib/python3.13/site-packages/sklearn/linear_model/_sag.py:348: ConvergenceWarning: The max_iter was reached which means the coef_ did not converge
  warnings.warn(
[I 2026-05-15 18:02:44,765] Trial 102 finished with values: [0.6973788836640112, 0.6391777261676674] and parameters: {'n_estimators': 54, 'learning_rate': 0.025985724173338116, 'subsample': 0.6097263865725815, 'colsample_bytree': 0.858188918362867, 'min_child_weight': 10}.
[I 2026-05-15 18:02:45,577] Trial 103 finished with values: [0.6566490899971805, 1.3086924696521387] and parameters: {'n_estimators': 490, 'learning_rate': 0.08710745900492396, 'subsample': 0.7257423924305306, 'colsample_bytree': 0.6205915004999957, 'min_child_weight': 10}.
[I 2026-05-15 18:02:46,350] Trial 104 finished with values: [0.7090528926795484, 0.8727166864407512] and parameters: {'n_estimators': 398, 'learning_rate': 0.025985724173338116, 'subsample': 0.6097263865725815, 'colsample_bytree': 0.858188918362867, 'min_child_weight': 8}.
[I 2026-05-15 18:02:46,982] Trial 105 finished with values: [0.7114342869427952, 0.7802488775339469] and parameters: {'n_estimators': 339, 'learning_rate': 0.0178601378893971, 'subsample': 0.6260206371941118, 'colsample_bytree': 0.9594216754108317, 'min_child_weight': 10}.
[I 2026-05-15 18:02:47,476] Trial 106 finished with values: [0.6984123806435212, 0.9309483441939624] and parameters: {'n_estimators': 132, 'learning_rate': 0.057894621409801394, 'subsample': 0.6646514856378455, 'colsample_bytree': 0.7727780074568463, 'min_child_weight': 3}.
[I 2026-05-15 18:02:48,081] Trial 107 finished with values: [0.7013938515574452, 0.9560277108152304] and parameters: {'n_estimators': 294, 'learning_rate': 0.029994793096631372, 'subsample': 0.8073318609454947, 'colsample_bytree': 0.9652962210225885, 'min_child_weight': 9}.
/home/mklemmingen/PycharmProjects/migraine-forecasting-shd/.venv/lib/python3.13/site-packages/sklearn/linear_model/_sag.py:348: ConvergenceWarning: The max_iter was reached which means the coef_ did not converge
  warnings.warn(
[I 2026-05-15 18:02:48,645] Trial 108 finished with values: [0.7029655567167494, 0.6084591651303615] and parameters: {'n_estimators': 66, 'learning_rate': 0.01610352961694889, 'subsample': 0.9208787923016158, 'colsample_bytree': 0.8598531596188859, 'min_child_weight': 10}.
[I 2026-05-15 18:02:49,417] Trial 109 finished with values: [0.7042528376738029, 0.9349213183548339] and parameters: {'n_estimators': 408, 'learning_rate': 0.0212853192163843, 'subsample': 0.9208787923016158, 'colsample_bytree': 0.6298202574719083, 'min_child_weight': 10}.
[I 2026-05-15 18:02:50,131] Trial 110 finished with values: [0.6874995998187231, 0.9565201421782069] and parameters: {'n_estimators': 293, 'learning_rate': 0.025985724173338116, 'subsample': 0.6097263865725815, 'colsample_bytree': 0.858188918362867, 'min_child_weight': 3}.
[I 2026-05-15 18:02:50,657] Trial 111 finished with values: [0.6964331449288791, 0.8748147469925589] and parameters: {'n_estimators': 156, 'learning_rate': 0.030245085073501415, 'subsample': 0.8985965620472096, 'colsample_bytree': 0.7755885682822544, 'min_child_weight': 7}.
/home/mklemmingen/PycharmProjects/migraine-forecasting-shd/.venv/lib/python3.13/site-packages/sklearn/linear_model/_sag.py:348: ConvergenceWarning: The max_iter was reached which means the coef_ did not converge
  warnings.warn(
[I 2026-05-15 18:02:51,229] Trial 112 finished with values: [0.6900222236724771, 0.6253615477167225] and parameters: {'n_estimators': 54, 'learning_rate': 0.013313275850595153, 'subsample': 0.8654007076432223, 'colsample_bytree': 0.6950550175969599, 'min_child_weight': 10}.
/home/mklemmingen/PycharmProjects/migraine-forecasting-shd/.venv/lib/python3.13/site-packages/sklearn/linear_model/_sag.py:348: ConvergenceWarning: The max_iter was reached which means the coef_ did not converge
  warnings.warn(
[I 2026-05-15 18:02:51,781] Trial 113 finished with values: [0.6988834093504521, 0.6270737795004167] and parameters: {'n_estimators': 54, 'learning_rate': 0.025985724173338116, 'subsample': 0.8654007076432223, 'colsample_bytree': 0.858188918362867, 'min_child_weight': 10}.
[I 2026-05-15 18:02:52,357] Trial 114 finished with values: [0.7116272170710947, 0.7628921501834893] and parameters: {'n_estimators': 64, 'learning_rate': 0.08710745900492396, 'subsample': 0.6313825525369063, 'colsample_bytree': 0.8245108790277985, 'min_child_weight': 10}.
[I 2026-05-15 18:02:52,976] Trial 115 finished with values: [0.6978526762698294, 0.7962143593197717] and parameters: {'n_estimators': 325, 'learning_rate': 0.017303875834205888, 'subsample': 0.7168578594140873, 'colsample_bytree': 0.7465447373174767, 'min_child_weight': 1}.
[I 2026-05-15 18:02:53,766] Trial 116 finished with values: [0.6855845966637999, 0.9137711371542426] and parameters: {'n_estimators': 325, 'learning_rate': 0.01607123851203988, 'subsample': 0.98505936587117, 'colsample_bytree': 0.7465447373174767, 'min_child_weight': 5}.
[I 2026-05-15 18:02:54,441] Trial 117 finished with values: [0.7053990789841522, 0.7261169437754684] and parameters: {'n_estimators': 238, 'learning_rate': 0.0212853192163843, 'subsample': 0.7257423924305306, 'colsample_bytree': 0.7350460685614512, 'min_child_weight': 10}.
[I 2026-05-15 18:02:55,246] Trial 118 finished with values: [0.707649719769163, 0.9633474950445576] and parameters: {'n_estimators': 414, 'learning_rate': 0.028180680291847244, 'subsample': 0.6479461469334731, 'colsample_bytree': 0.7350460685614512, 'min_child_weight': 9}.
[I 2026-05-15 18:02:55,975] Trial 119 finished with values: [0.6322181052057522, 1.4509283469699916] and parameters: {'n_estimators': 355, 'learning_rate': 0.10666901691534954, 'subsample': 0.8010716092915446, 'colsample_bytree': 0.6205915004999957, 'min_child_weight': 7}.
[I 2026-05-15 18:02:56,667] Trial 120 finished with values: [0.6810126688680844, 1.384101340277462] and parameters: {'n_estimators': 339, 'learning_rate': 0.04018584329485903, 'subsample': 0.9718790609370292, 'colsample_bytree': 0.6693177280283383, 'min_child_weight': 7}.
/home/mklemmingen/PycharmProjects/migraine-forecasting-shd/.venv/lib/python3.13/site-packages/sklearn/linear_model/_sag.py:348: ConvergenceWarning: The max_iter was reached which means the coef_ did not converge
  warnings.warn(
[I 2026-05-15 18:02:57,161] Trial 121 finished with values: [0.69407549215615, 0.585242927938563] and parameters: {'n_estimators': 64, 'learning_rate': 0.01702458290769914, 'subsample': 0.7257423924305306, 'colsample_bytree': 0.8034282764658811, 'min_child_weight': 3}.
[I 2026-05-15 18:02:57,930] Trial 122 finished with values: [0.6971303578506608, 1.051277363870189] and parameters: {'n_estimators': 355, 'learning_rate': 0.023422815835049925, 'subsample': 0.8196906658824482, 'colsample_bytree': 0.9232481518257668, 'min_child_weight': 7}.
[I 2026-05-15 18:02:58,614] Trial 123 finished with values: [0.7138217539631062, 0.8561318066566368] and parameters: {'n_estimators': 398, 'learning_rate': 0.01471005003927122, 'subsample': 0.6390688456025535, 'colsample_bytree': 0.9261845713819337, 'min_child_weight': 1}.
[I 2026-05-15 18:02:59,125] Trial 124 finished with values: [0.697007170322893, 0.7512129662133035] and parameters: {'n_estimators': 64, 'learning_rate': 0.11364355894710455, 'subsample': 0.6479461469334731, 'colsample_bytree': 0.8245108790277985, 'min_child_weight': 10}.
[I 2026-05-15 18:02:59,964] Trial 125 finished with values: [0.6384892283178468, 1.5117031238540626] and parameters: {'n_estimators': 426, 'learning_rate': 0.09444774154985085, 'subsample': 0.6746074041599417, 'colsample_bytree': 0.6163100566219055, 'min_child_weight': 6}.
[I 2026-05-15 18:03:00,544] Trial 126 finished with values: [0.7081462044105173, 0.6918926782379572] and parameters: {'n_estimators': 294, 'learning_rate': 0.016149614799999188, 'subsample': 0.7119735587783771, 'colsample_bytree': 0.6180909155642152, 'min_child_weight': 10}.
[I 2026-05-15 18:03:01,196] Trial 127 finished with values: [0.6911065572857642, 0.699316412656892] and parameters: {'n_estimators': 215, 'learning_rate': 0.012184186502221764, 'subsample': 0.8654007076432223, 'colsample_bytree': 0.8404460046972835, 'min_child_weight': 1}.
[I 2026-05-15 18:03:01,934] Trial 128 finished with values: [0.6275636835169465, 1.3787185311490955] and parameters: {'n_estimators': 480, 'learning_rate': 0.12301645833176054, 'subsample': 0.8217416210045603, 'colsample_bytree': 0.8446882984937409, 'min_child_weight': 5}.
/home/mklemmingen/PycharmProjects/migraine-forecasting-shd/.venv/lib/python3.13/site-packages/sklearn/linear_model/_sag.py:348: ConvergenceWarning: The max_iter was reached which means the coef_ did not converge
  warnings.warn(
[I 2026-05-15 18:03:02,484] Trial 129 finished with values: [0.7010925296574666, 0.5913416684330653] and parameters: {'n_estimators': 64, 'learning_rate': 0.019721610970574007, 'subsample': 0.8313120563984696, 'colsample_bytree': 0.836965827544817, 'min_child_weight': 10}.
[I 2026-05-15 18:03:03,356] Trial 130 finished with values: [0.7065322432514142, 0.82028429577809] and parameters: {'n_estimators': 398, 'learning_rate': 0.019657448966046126, 'subsample': 0.602208846849441, 'colsample_bytree': 0.699092395800463, 'min_child_weight': 10}.
[I 2026-05-15 18:03:04,102] Trial 131 finished with values: [0.7059226781962431, 0.7420012195309543] and parameters: {'n_estimators': 294, 'learning_rate': 0.016149614799999188, 'subsample': 0.6137554084460873, 'colsample_bytree': 0.7423890714605046, 'min_child_weight': 8}.
[I 2026-05-15 18:03:04,790] Trial 132 finished with values: [0.6951294510948286, 0.6744143103803664] and parameters: {'n_estimators': 203, 'learning_rate': 0.010501731925367071, 'subsample': 0.6097263865725815, 'colsample_bytree': 0.858188918362867, 'min_child_weight': 3}.
[I 2026-05-15 18:03:05,582] Trial 133 finished with values: [0.7003818542366056, 0.8413065105659866] and parameters: {'n_estimators': 324, 'learning_rate': 0.01471005003927122, 'subsample': 0.9698774473114251, 'colsample_bytree': 0.9795542149013333, 'min_child_weight': 10}.
[I 2026-05-15 18:03:06,217] Trial 134 finished with values: [0.7015160112850626, 0.9180180418855685] and parameters: {'n_estimators': 294, 'learning_rate': 0.022587177280197233, 'subsample': 0.6579579488364892, 'colsample_bytree': 0.6298202574719083, 'min_child_weight': 2}.
[I 2026-05-15 18:03:06,948] Trial 135 finished with values: [0.700615714779692, 0.7128330143163095] and parameters: {'n_estimators': 325, 'learning_rate': 0.01607123851203988, 'subsample': 0.7168578594140873, 'colsample_bytree': 0.7465447373174767, 'min_child_weight': 5}.
/home/mklemmingen/PycharmProjects/migraine-forecasting-shd/.venv/lib/python3.13/site-packages/sklearn/linear_model/_sag.py:348: ConvergenceWarning: The max_iter was reached which means the coef_ did not converge
  warnings.warn(
[I 2026-05-15 18:03:07,512] Trial 136 finished with values: [0.7014130632285428, 0.6179344993720921] and parameters: {'n_estimators': 54, 'learning_rate': 0.011693687409928539, 'subsample': 0.616291520927588, 'colsample_bytree': 0.8404460046972835, 'min_child_weight': 8}.
[I 2026-05-15 18:03:08,398] Trial 137 finished with values: [0.6225471780810147, 1.5220679891683493] and parameters: {'n_estimators': 487, 'learning_rate': 0.183492792986878, 'subsample': 0.8814631437520095, 'colsample_bytree': 0.78966953163493, 'min_child_weight': 5}.
/home/mklemmingen/PycharmProjects/migraine-forecasting-shd/.venv/lib/python3.13/site-packages/sklearn/linear_model/_sag.py:348: ConvergenceWarning: The max_iter was reached which means the coef_ did not converge
  warnings.warn(
[I 2026-05-15 18:03:08,980] Trial 138 finished with values: [0.6888650785978795, 0.6549668644137011] and parameters: {'n_estimators': 54, 'learning_rate': 0.01607123851203988, 'subsample': 0.9046478461314871, 'colsample_bytree': 0.6950550175969599, 'min_child_weight': 1}.
/home/mklemmingen/PycharmProjects/migraine-forecasting-shd/.venv/lib/python3.13/site-packages/sklearn/linear_model/_sag.py:348: ConvergenceWarning: The max_iter was reached which means the coef_ did not converge
  warnings.warn(
[I 2026-05-15 18:03:09,549] Trial 139 finished with values: [0.7026905705560427, 0.6619809890939721] and parameters: {'n_estimators': 54, 'learning_rate': 0.013313275850595153, 'subsample': 0.6479461469334731, 'colsample_bytree': 0.7350460685614512, 'min_child_weight': 2}.
/home/mklemmingen/PycharmProjects/migraine-forecasting-shd/.venv/lib/python3.13/site-packages/sklearn/linear_model/_sag.py:348: ConvergenceWarning: The max_iter was reached which means the coef_ did not converge
  warnings.warn(
[I 2026-05-15 18:03:10,116] Trial 140 finished with values: [0.7033252580612398, 0.6614179481543717] and parameters: {'n_estimators': 66, 'learning_rate': 0.012184186502221764, 'subsample': 0.8073318609454947, 'colsample_bytree': 0.8598531596188859, 'min_child_weight': 5}.
[I 2026-05-15 18:03:10,695] Trial 141 finished with values: [0.6958154122901634, 0.8207056306091385] and parameters: {'n_estimators': 238, 'learning_rate': 0.0212853192163843, 'subsample': 0.6783931449676581, 'colsample_bytree': 0.7350460685614512, 'min_child_weight': 4}.
[I 2026-05-15 18:03:11,382] Trial 142 finished with values: [0.6808272708468459, 0.9449488967340425] and parameters: {'n_estimators': 426, 'learning_rate': 0.012184186502221764, 'subsample': 0.7893887083122263, 'colsample_bytree': 0.6163100566219055, 'min_child_weight': 2}.
[I 2026-05-15 18:03:11,997] Trial 143 finished with values: [0.6694436443293743, 1.2292726267103131] and parameters: {'n_estimators': 325, 'learning_rate': 0.043737251953017454, 'subsample': 0.6390688456025535, 'colsample_bytree': 0.7465447373174767, 'min_child_weight': 5}.
[I 2026-05-15 18:03:12,552] Trial 144 finished with values: [0.6790949782867628, 1.0893379826848313] and parameters: {'n_estimators': 238, 'learning_rate': 0.08710745900492396, 'subsample': 0.7257423924305306, 'colsample_bytree': 0.7350460685614512, 'min_child_weight': 10}.
