[I 2026-05-15 18:04:38,757] Trial 275 finished with values: [0.7117821089419654, 0.7968110215318029] and parameters: {'n_estimators': 386, 'learning_rate': 0.013313275850595153, 'subsample': 0.6646514856378455, 'colsample_bytree': 0.9594216754108317, 'min_child_weight': 7}.
/home/mklemmingen/PycharmProjects/migraine-forecasting-shd/.venv/lib/python3.13/site-packages/sklearn/linear_model/_sag.py:348: ConvergenceWarning: The max_iter was reached which means the coef_ did not converge
  warnings.warn(
[I 2026-05-15 18:04:39,219] Trial 276 finished with values: [0.701228753022272, 0.6381735006143667] and parameters: {'n_estimators': 64, 'learning_rate': 0.01702458290769914, 'subsample': 0.7257423924305306, 'colsample_bytree': 0.6180909155642152, 'min_child_weight': 3}.
[I 2026-05-15 18:04:39,970] Trial 277 finished with values: [0.704950046635844, 0.7694882384815698] and parameters: {'n_estimators': 339, 'learning_rate': 0.013313275850595153, 'subsample': 0.8333475060388639, 'colsample_bytree': 0.9760920965699831, 'min_child_weight': 10}.
[I 2026-05-15 18:04:40,711] Trial 278 finished with values: [0.7102172751698926, 0.7199517825224758] and parameters: {'n_estimators': 294, 'learning_rate': 0.016149614799999188, 'subsample': 0.7552679704826087, 'colsample_bytree': 0.9594216754108317, 'min_child_weight': 10}.
[I 2026-05-15 18:04:41,265] Trial 279 finished with values: [0.7037673097582261, 0.6595236346733878] and parameters: {'n_estimators': 203, 'learning_rate': 0.0178601378893971, 'subsample': 0.7499482318094817, 'colsample_bytree': 0.7142848345127443, 'min_child_weight': 10}.
/home/mklemmingen/PycharmProjects/migraine-forecasting-shd/.venv/lib/python3.13/site-packages/sklearn/linear_model/_sag.py:348: ConvergenceWarning: The max_iter was reached which means the coef_ did not converge
  warnings.warn(
[I 2026-05-15 18:04:41,730] Trial 280 finished with values: [0.686767520020448, 0.6823208575588838] and parameters: {'n_estimators': 64, 'learning_rate': 0.01702458290769914, 'subsample': 0.9474396512757841, 'colsample_bytree': 0.9261845713819337, 'min_child_weight': 3}.
[I 2026-05-15 18:04:42,160] Trial 281 finished with values: [0.6750696185492857, 1.3508396731241676] and parameters: {'n_estimators': 64, 'learning_rate': 0.26472593204036643, 'subsample': 0.7257423924305306, 'colsample_bytree': 0.6377771843023713, 'min_child_weight': 10}.
[I 2026-05-15 18:04:42,603] Trial 282 finished with values: [0.6933758581005204, 0.7006872620936336] and parameters: {'n_estimators': 64, 'learning_rate': 0.08710745900492396, 'subsample': 0.6048617898759265, 'colsample_bytree': 0.7594018937589494, 'min_child_weight': 8}.
/home/mklemmingen/PycharmProjects/migraine-forecasting-shd/.venv/lib/python3.13/site-packages/sklearn/linear_model/_sag.py:348: ConvergenceWarning: The max_iter was reached which means the coef_ did not converge
  warnings.warn(
[I 2026-05-15 18:04:43,192] Trial 283 finished with values: [0.7079167677637919, 0.5961312975866573] and parameters: {'n_estimators': 66, 'learning_rate': 0.019657448966046126, 'subsample': 0.6390688456025535, 'colsample_bytree': 0.9879515306830556, 'min_child_weight': 10}.
[I 2026-05-15 18:04:43,879] Trial 284 finished with values: [0.7228524291572722, 0.6940624974078415] and parameters: {'n_estimators': 413, 'learning_rate': 0.013313275850595153, 'subsample': 0.6260206371941118, 'colsample_bytree': 0.6172639647802304, 'min_child_weight': 10}.
[I 2026-05-15 18:04:44,285] Trial 285 finished with values: [0.6856253941179242, 1.0841080266614156] and parameters: {'n_estimators': 54, 'learning_rate': 0.20716979401768126, 'subsample': 0.8110804436345199, 'colsample_bytree': 0.9971859184477201, 'min_child_weight': 10}.
/home/mklemmingen/PycharmProjects/migraine-forecasting-shd/.venv/lib/python3.13/site-packages/sklearn/linear_model/_sag.py:348: ConvergenceWarning: The max_iter was reached which means the coef_ did not converge
  warnings.warn(
[I 2026-05-15 18:04:44,774] Trial 286 finished with values: [0.700351928992547, 0.6114616652854389] and parameters: {'n_estimators': 66, 'learning_rate': 0.01610352961694889, 'subsample': 0.9208787923016158, 'colsample_bytree': 0.9261845713819337, 'min_child_weight': 9}.
[I 2026-05-15 18:04:45,487] Trial 287 finished with values: [0.7194284990643134, 0.761492989473647] and parameters: {'n_estimators': 413, 'learning_rate': 0.016149614799999188, 'subsample': 0.6260206371941118, 'colsample_bytree': 0.9594216754108317, 'min_child_weight': 10}.
[I 2026-05-15 18:04:46,024] Trial 288 finished with values: [0.7069999898284165, 0.6360577072029271] and parameters: {'n_estimators': 54, 'learning_rate': 0.025985724173338116, 'subsample': 0.6260206371941118, 'colsample_bytree': 0.9795542149013333, 'min_child_weight': 10}.
/home/mklemmingen/PycharmProjects/migraine-forecasting-shd/.venv/lib/python3.13/site-packages/sklearn/linear_model/_sag.py:348: ConvergenceWarning: The max_iter was reached which means the coef_ did not converge
  warnings.warn(
[I 2026-05-15 18:04:46,595] Trial 289 finished with values: [0.7011503684736546, 0.6043482875719144] and parameters: {'n_estimators': 70, 'learning_rate': 0.017797595772834223, 'subsample': 0.6295186258941595, 'colsample_bytree': 0.9261845713819337, 'min_child_weight': 1}.
[I 2026-05-15 18:04:47,433] Trial 290 finished with values: [0.7115295141239985, 0.9405452812766223] and parameters: {'n_estimators': 459, 'learning_rate': 0.022587177280197233, 'subsample': 0.6579579488364892, 'colsample_bytree': 0.8215417137605283, 'min_child_weight': 10}.
[I 2026-05-15 18:04:48,140] Trial 291 finished with values: [0.7114654218875845, 0.8067890251371461] and parameters: {'n_estimators': 324, 'learning_rate': 0.01471005003927122, 'subsample': 0.6260206371941118, 'colsample_bytree': 0.9795542149013333, 'min_child_weight': 1}.
/home/mklemmingen/PycharmProjects/migraine-forecasting-shd/.venv/lib/python3.13/site-packages/sklearn/linear_model/_sag.py:348: ConvergenceWarning: The max_iter was reached which means the coef_ did not converge
  warnings.warn(
[I 2026-05-15 18:04:48,626] Trial 292 finished with values: [0.694848840741414, 0.6220537996510158] and parameters: {'n_estimators': 66, 'learning_rate': 0.019657448966046126, 'subsample': 0.7257423924305306, 'colsample_bytree': 0.9261845713819337, 'min_child_weight': 8}.
[I 2026-05-15 18:04:49,434] Trial 293 finished with values: [0.7123091135309085, 0.7500166034562555] and parameters: {'n_estimators': 398, 'learning_rate': 0.013313275850595153, 'subsample': 0.6390688456025535, 'colsample_bytree': 0.7594018937589494, 'min_child_weight': 7}.
[I 2026-05-15 18:04:50,358] Trial 294 finished with values: [0.7098043910453635, 0.9302231418952733] and parameters: {'n_estimators': 487, 'learning_rate': 0.016149614799999188, 'subsample': 0.7257423924305306, 'colsample_bytree': 0.8092391376680595, 'min_child_weight': 7}.
[I 2026-05-15 18:04:51,269] Trial 295 finished with values: [0.7106689254016563, 1.0108048360023851] and parameters: {'n_estimators': 414, 'learning_rate': 0.0178601378893971, 'subsample': 0.6390688456025535, 'colsample_bytree': 0.9509357413523924, 'min_child_weight': 1}.
[I 2026-05-15 18:04:52,038] Trial 296 finished with values: [0.6132455035661423, 1.504998825423861] and parameters: {'n_estimators': 294, 'learning_rate': 0.08505465867325865, 'subsample': 0.6390688456025535, 'colsample_bytree': 0.9261845713819337, 'min_child_weight': 1}.
[I 2026-05-15 18:04:52,800] Trial 297 finished with values: [0.7073755572344855, 0.7752299304523582] and parameters: {'n_estimators': 324, 'learning_rate': 0.0178601378893971, 'subsample': 0.6260206371941118, 'colsample_bytree': 0.8782994755938469, 'min_child_weight': 5}.
[I 2026-05-15 18:04:53,565] Trial 298 finished with values: [0.6656593660930586, 1.0291409156677407] and parameters: {'n_estimators': 398, 'learning_rate': 0.0845238710259589, 'subsample': 0.6137554084460873, 'colsample_bytree': 0.9637281608315128, 'min_child_weight': 10}.
[I 2026-05-15 18:04:54,224] Trial 299 finished with values: [0.6241747551791426, 1.6402067947348917] and parameters: {'n_estimators': 313, 'learning_rate': 0.21434810637527812, 'subsample': 0.7257423924305306, 'colsample_bytree': 0.9594216754108317, 'min_child_weight': 10}.
[I 2026-05-15 18:04:54,884] Trial 300 finished with values: [0.7035935017737657, 0.6740743526954596] and parameters: {'n_estimators': 339, 'learning_rate': 0.01167158438611932, 'subsample': 0.7552679704826087, 'colsample_bytree': 0.7594018937589494, 'min_child_weight': 10}.
[I 2026-05-15 18:04:55,489] Trial 301 finished with values: [0.6989193926262899, 0.7504930187007339] and parameters: {'n_estimators': 176, 'learning_rate': 0.019657448966046126, 'subsample': 0.9208787923016158, 'colsample_bytree': 0.9261845713819337, 'min_child_weight': 8}.
[I 2026-05-15 18:04:56,312] Trial 302 finished with values: [0.7008546729937382, 0.9707003488406626] and parameters: {'n_estimators': 413, 'learning_rate': 0.01610352961694889, 'subsample': 0.9801645936306235, 'colsample_bytree': 0.9637281608315128, 'min_child_weight': 10}.
[I 2026-05-15 18:04:56,989] Trial 303 finished with values: [0.7136789339180682, 0.7773015000985306] and parameters: {'n_estimators': 339, 'learning_rate': 0.01471005003927122, 'subsample': 0.6646514856378455, 'colsample_bytree': 0.9795542149013333, 'min_child_weight': 10}.
[I 2026-05-15 18:04:57,738] Trial 304 finished with values: [0.7124666501990957, 0.7862506300418393] and parameters: {'n_estimators': 339, 'learning_rate': 0.016149614799999188, 'subsample': 0.7257423924305306, 'colsample_bytree': 0.9760920965699831, 'min_child_weight': 10}.
[I 2026-05-15 18:04:58,414] Trial 305 finished with values: [0.6549192449279684, 1.1212243669371542] and parameters: {'n_estimators': 339, 'learning_rate': 0.20655112155089347, 'subsample': 0.6260206371941118, 'colsample_bytree': 0.9795542149013333, 'min_child_weight': 7}.
/home/mklemmingen/PycharmProjects/migraine-forecasting-shd/.venv/lib/python3.13/site-packages/sklearn/linear_model/_sag.py:348: ConvergenceWarning: The max_iter was reached which means the coef_ did not converge
  warnings.warn(
[I 2026-05-15 18:04:58,888] Trial 306 finished with values: [0.6978575669206049, 0.6303678335871475] and parameters: {'n_estimators': 54, 'learning_rate': 0.025985724173338116, 'subsample': 0.7822627011142852, 'colsample_bytree': 0.8480530391206147, 'min_child_weight': 10}.
[I 2026-05-15 18:04:59,590] Trial 307 finished with values: [0.7172548178162981, 0.8709178989981501] and parameters: {'n_estimators': 398, 'learning_rate': 0.01471005003927122, 'subsample': 0.6390688456025535, 'colsample_bytree': 0.9108587663709747, 'min_child_weight': 1}.
[I 2026-05-15 18:05:00,128] Trial 308 finished with values: [0.7045965137009003, 0.6353064967088319] and parameters: {'n_estimators': 175, 'learning_rate': 0.01610352961694889, 'subsample': 0.7552679704826087, 'colsample_bytree': 0.6377771843023713, 'min_child_weight': 10}.
[I 2026-05-15 18:05:00,783] Trial 309 finished with values: [0.6870988010697635, 0.9527340104861141] and parameters: {'n_estimators': 194, 'learning_rate': 0.019657448966046126, 'subsample': 0.9208787923016158, 'colsample_bytree': 0.9213923721539394, 'min_child_weight': 2}.
/home/mklemmingen/PycharmProjects/migraine-forecasting-shd/.venv/lib/python3.13/site-packages/sklearn/linear_model/_sag.py:348: ConvergenceWarning: The max_iter was reached which means the coef_ did not converge
  warnings.warn(
[I 2026-05-15 18:05:01,323] Trial 310 finished with values: [0.6967449697931193, 0.5953271099820455] and parameters: {'n_estimators': 64, 'learning_rate': 0.01702458290769914, 'subsample': 0.7257423924305306, 'colsample_bytree': 0.7854793619759929, 'min_child_weight': 10}.
[I 2026-05-15 18:05:01,906] Trial 311 finished with values: [0.7047151379989373, 0.6543835788711038] and parameters: {'n_estimators': 194, 'learning_rate': 0.01471005003927122, 'subsample': 0.6390688456025535, 'colsample_bytree': 0.7413408912104211, 'min_child_weight': 9}.
[I 2026-05-15 18:05:02,438] Trial 312 finished with values: [0.6904482922480556, 0.8886952285457383] and parameters: {'n_estimators': 194, 'learning_rate': 0.07279991098092103, 'subsample': 0.6310938547859939, 'colsample_bytree': 0.9213923721539394, 'min_child_weight': 9}.
[I 2026-05-15 18:05:03,042] Trial 313 finished with values: [0.6389031159891155, 1.3873879577160362] and parameters: {'n_estimators': 324, 'learning_rate': 0.27497884337724565, 'subsample': 0.6260206371941118, 'colsample_bytree': 0.9944842977918411, 'min_child_weight': 10}.
[I 2026-05-15 18:05:03,857] Trial 314 finished with values: [0.6748477242183274, 1.1034184449097821] and parameters: {'n_estimators': 364, 'learning_rate': 0.06192689958760303, 'subsample': 0.6646514856378455, 'colsample_bytree': 0.9594216754108317, 'min_child_weight': 7}.
[I 2026-05-15 18:05:04,491] Trial 315 finished with values: [0.7109918200917631, 0.6926037992249834] and parameters: {'n_estimators': 294, 'learning_rate': 0.016149614799999188, 'subsample': 0.7257423924305306, 'colsample_bytree': 0.6325395122567599, 'min_child_weight': 10}.
[I 2026-05-15 18:05:05,283] Trial 316 finished with values: [0.7116600258105786, 0.8480602488315233] and parameters: {'n_estimators': 339, 'learning_rate': 0.019657448966046126, 'subsample': 0.6390688456025535, 'colsample_bytree': 0.7238110465145311, 'min_child_weight': 9}.
[I 2026-05-15 18:05:06,092] Trial 317 finished with values: [0.709762174766712, 0.7321737921769469] and parameters: {'n_estimators': 358, 'learning_rate': 0.017386210661369347, 'subsample': 0.7257423924305306, 'colsample_bytree': 0.6180909155642152, 'min_child_weight': 10}.
[I 2026-05-15 18:05:06,784] Trial 318 finished with values: [0.6986545608489367, 0.9466165495857275] and parameters: {'n_estimators': 339, 'learning_rate': 0.016149614799999188, 'subsample': 0.9290148971692676, 'colsample_bytree': 0.9799199653167696, 'min_child_weight': 7}.
[I 2026-05-15 18:05:07,563] Trial 319 finished with values: [0.7066758109449605, 0.8222767453710871] and parameters: {'n_estimators': 377, 'learning_rate': 0.0178601378893971, 'subsample': 0.8073318609454947, 'colsample_bytree': 0.8598531596188859, 'min_child_weight': 9}.
[I 2026-05-15 18:05:08,100] Trial 320 finished with values: [0.7117810875763932, 0.7941824751946724] and parameters: {'n_estimators': 66, 'learning_rate': 0.08055428067442477, 'subsample': 0.6390688456025535, 'colsample_bytree': 0.9879515306830556, 'min_child_weight': 10}.
[I 2026-05-15 18:05:08,945] Trial 321 finished with values: [0.6913091163274754, 0.9081685578638516] and parameters: {'n_estimators': 413, 'learning_rate': 0.04147588661423153, 'subsample': 0.6260206371941118, 'colsample_bytree': 0.7594018937589494, 'min_child_weight': 10}.
[I 2026-05-15 18:05:09,814] Trial 322 finished with values: [0.7081247417506724, 1.0194871842346889] and parameters: {'n_estimators': 457, 'learning_rate': 0.0178601378893971, 'subsample': 0.6390688456025535, 'colsample_bytree': 0.9108587663709747, 'min_child_weight': 1}.
/home/mklemmingen/PycharmProjects/migraine-forecasting-shd/.venv/lib/python3.13/site-packages/sklearn/linear_model/_sag.py:348: ConvergenceWarning: The max_iter was reached which means the coef_ did not converge
  warnings.warn(
[I 2026-05-15 18:05:10,430] Trial 323 finished with values: [0.710209495269694, 0.6082474893691426] and parameters: {'n_estimators': 66, 'learning_rate': 0.013313275850595153, 'subsample': 0.6390688456025535, 'colsample_bytree': 0.9730913933416053, 'min_child_weight': 10}.
[I 2026-05-15 18:05:11,115] Trial 324 finished with values: [0.7006001536181337, 0.7226886992276143] and parameters: {'n_estimators': 339, 'learning_rate': 0.016149614799999188, 'subsample': 0.7119735587783771, 'colsample_bytree': 0.7594018937589494, 'min_child_weight': 9}.
/home/mklemmingen/PycharmProjects/migraine-forecasting-shd/.venv/lib/python3.13/site-packages/sklearn/linear_model/_sag.py:348: ConvergenceWarning: The max_iter was reached which means the coef_ did not converge
  warnings.warn(
[I 2026-05-15 18:05:11,725] Trial 325 finished with values: [0.6973488940741691, 0.560020254950258] and parameters: {'n_estimators': 70, 'learning_rate': 0.01610352961694889, 'subsample': 0.8073318609454947, 'colsample_bytree': 0.6105467897989008, 'min_child_weight': 9}.
[I 2026-05-15 18:05:12,365] Trial 326 finished with values: [0.7102172751698926, 0.7199517825224758] and parameters: {'n_estimators': 294, 'learning_rate': 0.016149614799999188, 'subsample': 0.7552679704826087, 'colsample_bytree': 0.9594216754108317, 'min_child_weight': 10}.
[I 2026-05-15 18:05:12,904] Trial 327 finished with values: [0.7114756466182033, 0.7472868048460333] and parameters: {'n_estimators': 64, 'learning_rate': 0.08710745900492396, 'subsample': 0.7505853467512198, 'colsample_bytree': 0.8034282764658811, 'min_child_weight': 10}.
[I 2026-05-15 18:05:13,659] Trial 328 finished with values: [0.7071859935662137, 0.9605817806377027] and parameters: {'n_estimators': 457, 'learning_rate': 0.0178601378893971, 'subsample': 0.7257423924305306, 'colsample_bytree': 0.8034282764658811, 'min_child_weight': 5}.
[I 2026-05-15 18:05:14,104] Trial 329 finished with values: [0.710676184348492, 0.8510219032810433] and parameters: {'n_estimators': 64, 'learning_rate': 0.15750181143068478, 'subsample': 0.6137554084460873, 'colsample_bytree': 0.9949104517259778, 'min_child_weight': 10}.
/home/mklemmingen/PycharmProjects/migraine-forecasting-shd/.venv/lib/python3.13/site-packages/sklearn/linear_model/_sag.py:348: ConvergenceWarning: The max_iter was reached which means the coef_ did not converge
  warnings.warn(
[I 2026-05-15 18:05:14,689] Trial 330 finished with values: [0.7049598638225435, 0.5937542582770907] and parameters: {'n_estimators': 54, 'learning_rate': 0.01471005003927122, 'subsample': 0.6390688456025535, 'colsample_bytree': 0.6601667564414112, 'min_child_weight': 9}.
[I 2026-05-15 18:05:15,391] Trial 331 finished with values: [0.7120303944485625, 0.7979780792477473] and parameters: {'n_estimators': 457, 'learning_rate': 0.016149614799999188, 'subsample': 0.7257423924305306, 'colsample_bytree': 0.6180909155642152, 'min_child_weight': 10}.
[I 2026-05-15 18:05:16,183] Trial 332 finished with values: [0.7189599795954571, 0.7890607554720122] and parameters: {'n_estimators': 413, 'learning_rate': 0.017797595772834223, 'subsample': 0.6260206371941118, 'colsample_bytree': 0.9261845713819337, 'min_child_weight': 10}.
/home/mklemmingen/PycharmProjects/migraine-forecasting-shd/.venv/lib/python3.13/site-packages/sklearn/linear_model/_sag.py:348: ConvergenceWarning: The max_iter was reached which means the coef_ did not converge
  warnings.warn(
[I 2026-05-15 18:05:16,787] Trial 333 finished with values: [0.6988088245440953, 0.6118128823840943] and parameters: {'n_estimators': 66, 'learning_rate': 0.013313275850595153, 'subsample': 0.6390688456025535, 'colsample_bytree': 0.7594018937589494, 'min_child_weight': 7}.
[I 2026-05-15 18:05:17,601] Trial 334 finished with values: [0.7098255530124121, 0.7070387778108183] and parameters: {'n_estimators': 339, 'learning_rate': 0.013313275850595153, 'subsample': 0.6260206371941118, 'colsample_bytree': 0.8598531596188859, 'min_child_weight': 7}.
[I 2026-05-15 18:05:18,356] Trial 335 finished with values: [0.7101255027385566, 0.7689027636325175] and parameters: {'n_estimators': 317, 'learning_rate': 0.017797595772834223, 'subsample': 0.6260206371941118, 'colsample_bytree': 0.9261845713819337, 'min_child_weight': 10}.
[I 2026-05-15 18:05:19,040] Trial 336 finished with values: [0.6372412646144123, 1.2971331837289326] and parameters: {'n_estimators': 221, 'learning_rate': 0.27082027345327275, 'subsample': 0.6390688456025535, 'colsample_bytree': 0.6172639647802304, 'min_child_weight': 10}.
/home/mklemmingen/PycharmProjects/migraine-forecasting-shd/.venv/lib/python3.13/site-packages/sklearn/linear_model/_sag.py:348: ConvergenceWarning: The max_iter was reached which means the coef_ did not converge
  warnings.warn(
[I 2026-05-15 18:05:19,499] Trial 337 finished with values: [0.7059193861669633, 0.6174710495257072] and parameters: {'n_estimators': 54, 'learning_rate': 0.013313275850595153, 'subsample': 0.6390688456025535, 'colsample_bytree': 0.9368475692542835, 'min_child_weight': 9}.
/home/mklemmingen/PycharmProjects/migraine-forecasting-shd/.venv/lib/python3.13/site-packages/sklearn/linear_model/_sag.py:348: ConvergenceWarning: The max_iter was reached which means the coef_ did not converge
  warnings.warn(
[I 2026-05-15 18:05:20,089] Trial 338 finished with values: [0.7048035884554558, 0.6127711846644004] and parameters: {'n_estimators': 66, 'learning_rate': 0.0178601378893971, 'subsample': 0.7874772639179881, 'colsample_bytree': 0.9261845713819337, 'min_child_weight': 10}.
/home/mklemmingen/PycharmProjects/migraine-forecasting-shd/.venv/lib/python3.13/site-packages/sklearn/linear_model/_sag.py:348: ConvergenceWarning: The max_iter was reached which means the coef_ did not converge
  warnings.warn(
[I 2026-05-15 18:05:20,679] Trial 339 finished with values: [0.7059929215183388, 0.60062651925944] and parameters: {'n_estimators': 66, 'learning_rate': 0.013313275850595153, 'subsample': 0.6260206371941118, 'colsample_bytree': 0.9261845713819337, 'min_child_weight': 10}.
[I 2026-05-15 18:05:21,394] Trial 340 finished with values: [0.6456072309118728, 1.485368857640981] and parameters: {'n_estimators': 413, 'learning_rate': 0.04099573751320915, 'subsample': 0.6260206371941118, 'colsample_bytree': 0.9594216754108317, 'min_child_weight': 3}.
[I 2026-05-15 18:05:22,221] Trial 341 finished with values: [0.6975839330112876, 0.7064708500445058] and parameters: {'n_estimators': 339, 'learning_rate': 0.012113606011086922, 'subsample': 0.6043350605921193, 'colsample_bytree': 0.8034282764658811, 'min_child_weight': 3}.
