[I 2026-05-15 18:06:42,790] Trial 470 finished with values: [0.7080981879781882, 0.5856156689042755] and parameters: {'n_estimators': 66, 'learning_rate': 0.013137567821944727, 'subsample': 0.6646514856378455, 'colsample_bytree': 0.8598531596188859, 'min_child_weight': 10}.
/home/mklemmingen/PycharmProjects/migraine-forecasting-shd/.venv/lib/python3.13/site-packages/sklearn/linear_model/_sag.py:348: ConvergenceWarning: The max_iter was reached which means the coef_ did not converge
  warnings.warn(
[I 2026-05-15 18:06:43,355] Trial 471 finished with values: [0.7004047451253614, 0.5836482244134225] and parameters: {'n_estimators': 66, 'learning_rate': 0.013313275850595153, 'subsample': 0.6646514856378455, 'colsample_bytree': 0.6172639647802304, 'min_child_weight': 7}.
[I 2026-05-15 18:06:44,054] Trial 472 finished with values: [0.7007690507818903, 0.7595871869855548] and parameters: {'n_estimators': 286, 'learning_rate': 0.019657448966046126, 'subsample': 0.7970472375971478, 'colsample_bytree': 0.6105467897989008, 'min_child_weight': 9}.
[I 2026-05-15 18:06:44,915] Trial 473 finished with values: [0.7006217463307065, 0.9408319717631626] and parameters: {'n_estimators': 413, 'learning_rate': 0.040383678523437626, 'subsample': 0.6769156075234684, 'colsample_bytree': 0.6172639647802304, 'min_child_weight': 10}.
[I 2026-05-15 18:06:45,460] Trial 474 finished with values: [0.6663723437318099, 0.9462727507967058] and parameters: {'n_estimators': 66, 'learning_rate': 0.28254806356395257, 'subsample': 0.7552679704826087, 'colsample_bytree': 0.7594018937589494, 'min_child_weight': 9}.
[I 2026-05-15 18:06:46,063] Trial 475 finished with values: [0.7155293429394659, 0.7120917647064205] and parameters: {'n_estimators': 294, 'learning_rate': 0.01463844831776675, 'subsample': 0.6334002866794675, 'colsample_bytree': 0.8034282764658811, 'min_child_weight': 10}.
/home/mklemmingen/PycharmProjects/migraine-forecasting-shd/.venv/lib/python3.13/site-packages/sklearn/linear_model/_sag.py:348: ConvergenceWarning: The max_iter was reached which means the coef_ did not converge
  warnings.warn(
[I 2026-05-15 18:06:46,541] Trial 476 finished with values: [0.6941515678048149, 0.6113269254502557] and parameters: {'n_estimators': 70, 'learning_rate': 0.01471005003927122, 'subsample': 0.8073318609454947, 'colsample_bytree': 0.8598531596188859, 'min_child_weight': 4}.
[I 2026-05-15 18:06:47,265] Trial 477 finished with values: [0.7109918200917631, 0.6926037992249834] and parameters: {'n_estimators': 294, 'learning_rate': 0.016149614799999188, 'subsample': 0.7257423924305306, 'colsample_bytree': 0.6325395122567599, 'min_child_weight': 10}.
/home/mklemmingen/PycharmProjects/migraine-forecasting-shd/.venv/lib/python3.13/site-packages/sklearn/linear_model/_sag.py:348: ConvergenceWarning: The max_iter was reached which means the coef_ did not converge
  warnings.warn(
[I 2026-05-15 18:06:47,773] Trial 478 finished with values: [0.7097918536406647, 0.5855057892314754] and parameters: {'n_estimators': 66, 'learning_rate': 0.013313275850595153, 'subsample': 0.6646514856378455, 'colsample_bytree': 0.8598531596188859, 'min_child_weight': 7}.
[I 2026-05-15 18:06:48,578] Trial 479 finished with values: [0.7123076739177435, 0.7634469583266392] and parameters: {'n_estimators': 413, 'learning_rate': 0.016149614799999188, 'subsample': 0.6260206371941118, 'colsample_bytree': 0.9877881733101476, 'min_child_weight': 10}.
[I 2026-05-15 18:06:49,108] Trial 480 finished with values: [0.7064188021299841, 1.0037365979242618] and parameters: {'n_estimators': 66, 'learning_rate': 0.18987114604724706, 'subsample': 0.6646514856378455, 'colsample_bytree': 0.9134612050964572, 'min_child_weight': 10}.
[I 2026-05-15 18:06:49,964] Trial 481 finished with values: [0.6927730674189382, 0.9580605025650459] and parameters: {'n_estimators': 418, 'learning_rate': 0.016149614799999188, 'subsample': 0.7257423924305306, 'colsample_bytree': 0.6325395122567599, 'min_child_weight': 3}.
/home/mklemmingen/PycharmProjects/migraine-forecasting-shd/.venv/lib/python3.13/site-packages/sklearn/linear_model/_sag.py:348: ConvergenceWarning: The max_iter was reached which means the coef_ did not converge
  warnings.warn(
[I 2026-05-15 18:06:50,557] Trial 482 finished with values: [0.7026432052535462, 0.6107226492764701] and parameters: {'n_estimators': 64, 'learning_rate': 0.019657448966046126, 'subsample': 0.6390688456025535, 'colsample_bytree': 0.6377771843023713, 'min_child_weight': 10}.
/home/mklemmingen/PycharmProjects/migraine-forecasting-shd/.venv/lib/python3.13/site-packages/sklearn/linear_model/_sag.py:348: ConvergenceWarning: The max_iter was reached which means the coef_ did not converge
  warnings.warn(
[I 2026-05-15 18:06:51,142] Trial 483 finished with values: [0.7145491475322105, 0.5598153231317669] and parameters: {'n_estimators': 64, 'learning_rate': 0.010639368372762009, 'subsample': 0.6683550349560263, 'colsample_bytree': 0.8034282764658811, 'min_child_weight': 8}.
/home/mklemmingen/PycharmProjects/migraine-forecasting-shd/.venv/lib/python3.13/site-packages/sklearn/linear_model/_sag.py:348: ConvergenceWarning: The max_iter was reached which means the coef_ did not converge
  warnings.warn(
[I 2026-05-15 18:06:51,608] Trial 484 finished with values: [0.7048482973907685, 0.6059030826801096] and parameters: {'n_estimators': 64, 'learning_rate': 0.01610352961694889, 'subsample': 0.6390688456025535, 'colsample_bytree': 0.8674572879697724, 'min_child_weight': 10}.
/home/mklemmingen/PycharmProjects/migraine-forecasting-shd/.venv/lib/python3.13/site-packages/sklearn/linear_model/_sag.py:348: ConvergenceWarning: The max_iter was reached which means the coef_ did not converge
  warnings.warn(
[I 2026-05-15 18:06:52,092] Trial 485 finished with values: [0.7041537628622272, 0.564772566478665] and parameters: {'n_estimators': 66, 'learning_rate': 0.01610352961694889, 'subsample': 0.8073318609454947, 'colsample_bytree': 0.8227051572055719, 'min_child_weight': 9}.
[I 2026-05-15 18:06:53,008] Trial 486 finished with values: [0.7189599795954571, 0.7890607554720122] and parameters: {'n_estimators': 413, 'learning_rate': 0.017797595772834223, 'subsample': 0.6260206371941118, 'colsample_bytree': 0.9261845713819337, 'min_child_weight': 10}.
[I 2026-05-15 18:06:53,686] Trial 487 finished with values: [0.7169097624383369, 0.7588753846599785] and parameters: {'n_estimators': 339, 'learning_rate': 0.016149614799999188, 'subsample': 0.6334002866794675, 'colsample_bytree': 0.9156684954429353, 'min_child_weight': 10}.
[I 2026-05-15 18:06:54,487] Trial 488 finished with values: [0.7062168228190344, 0.6994092282045135] and parameters: {'n_estimators': 307, 'learning_rate': 0.013313275850595153, 'subsample': 0.7257423924305306, 'colsample_bytree': 0.7594018937589494, 'min_child_weight': 10}.
[I 2026-05-15 18:06:55,021] Trial 489 finished with values: [0.7034995401008863, 0.5917261184093445] and parameters: {'n_estimators': 176, 'learning_rate': 0.013313275850595153, 'subsample': 0.6260206371941118, 'colsample_bytree': 0.9077971732767748, 'min_child_weight': 10}.
/home/mklemmingen/PycharmProjects/migraine-forecasting-shd/.venv/lib/python3.13/site-packages/sklearn/linear_model/_sag.py:348: ConvergenceWarning: The max_iter was reached which means the coef_ did not converge
  warnings.warn(
[I 2026-05-15 18:06:55,530] Trial 490 finished with values: [0.710761262467243, 0.5981543957960211] and parameters: {'n_estimators': 66, 'learning_rate': 0.017797595772834223, 'subsample': 0.6390688456025535, 'colsample_bytree': 0.6748174994230093, 'min_child_weight': 10}.
[I 2026-05-15 18:06:56,244] Trial 491 finished with values: [0.7105130998363439, 0.832615227160403] and parameters: {'n_estimators': 413, 'learning_rate': 0.017797595772834223, 'subsample': 0.7294716945616975, 'colsample_bytree': 0.9261845713819337, 'min_child_weight': 10}.
[I 2026-05-15 18:06:56,951] Trial 492 finished with values: [0.6979852444229036, 0.7158667787147406] and parameters: {'n_estimators': 294, 'learning_rate': 0.016149614799999188, 'subsample': 0.7701745754465668, 'colsample_bytree': 0.6325395122567599, 'min_child_weight': 9}.
/home/mklemmingen/PycharmProjects/migraine-forecasting-shd/.venv/lib/python3.13/site-packages/sklearn/linear_model/_sag.py:348: ConvergenceWarning: The max_iter was reached which means the coef_ did not converge
  warnings.warn(
[I 2026-05-15 18:06:57,536] Trial 493 finished with values: [0.7044176282154083, 0.631970437465198] and parameters: {'n_estimators': 64, 'learning_rate': 0.013313275850595153, 'subsample': 0.6390688456025535, 'colsample_bytree': 0.803044151473782, 'min_child_weight': 10}.
[I 2026-05-15 18:06:58,048] Trial 494 finished with values: [0.6991579532576389, 0.8851056314066399] and parameters: {'n_estimators': 64, 'learning_rate': 0.08710745900492396, 'subsample': 0.6969638929660321, 'colsample_bytree': 0.7594018937589494, 'min_child_weight': 5}.
[I 2026-05-15 18:06:58,656] Trial 495 finished with values: [0.7045380554328037, 0.6672356180370786] and parameters: {'n_estimators': 231, 'learning_rate': 0.011693687409928539, 'subsample': 0.6260206371941118, 'colsample_bytree': 0.8404460046972835, 'min_child_weight': 2}.
/home/mklemmingen/PycharmProjects/migraine-forecasting-shd/.venv/lib/python3.13/site-packages/sklearn/linear_model/_sag.py:348: ConvergenceWarning: The max_iter was reached which means the coef_ did not converge
  warnings.warn(
[I 2026-05-15 18:06:59,293] Trial 496 finished with values: [0.708451080425102, 0.6047537852560628] and parameters: {'n_estimators': 66, 'learning_rate': 0.019657448966046126, 'subsample': 0.9208787923016158, 'colsample_bytree': 0.8034282764658811, 'min_child_weight': 5}.
/home/mklemmingen/PycharmProjects/migraine-forecasting-shd/.venv/lib/python3.13/site-packages/sklearn/linear_model/_sag.py:348: ConvergenceWarning: The max_iter was reached which means the coef_ did not converge
  warnings.warn(
[I 2026-05-15 18:06:59,773] Trial 497 finished with values: [0.6951167139707171, 0.6207201558055822] and parameters: {'n_estimators': 70, 'learning_rate': 0.013313275850595153, 'subsample': 0.6260206371941118, 'colsample_bytree': 0.940872600127416, 'min_child_weight': 7}.
/home/mklemmingen/PycharmProjects/migraine-forecasting-shd/.venv/lib/python3.13/site-packages/sklearn/linear_model/_sag.py:348: ConvergenceWarning: The max_iter was reached which means the coef_ did not converge
  warnings.warn(
[I 2026-05-15 18:07:00,253] Trial 498 finished with values: [0.7016243966840341, 0.5901507024975794] and parameters: {'n_estimators': 64, 'learning_rate': 0.01610352961694889, 'subsample': 0.7257423924305306, 'colsample_bytree': 0.6325395122567599, 'min_child_weight': 10}.
[I 2026-05-15 18:07:01,001] Trial 499 finished with values: [0.7107580579234805, 0.823371243859096] and parameters: {'n_estimators': 294, 'learning_rate': 0.02609752135980675, 'subsample': 0.6115130705253355, 'colsample_bytree': 0.9020549022694476, 'min_child_weight': 10}.
Building variant 'auroc_max'...
Saved /home/mklemmingen/PycharmProjects/migraine-forecasting-shd/experiment/0/migraine/full_features/stacked_2xgb_meta_lr/70_30/chrono/HyperparameterTuned/pareto_AUROC_slope/auroc_max/model.joblib

# End capture ------------------------------------------
# Finished: 2026-05-15T18:07:01
