[I 2026-05-15 16:35:33,007] Trial 157 finished with values: [0.6053000402662876, 0.4679418091293564] and parameters: {'n_estimators': 459, 'learning_rate': 0.01610352961694889, 'subsample': 0.8073318609454947, 'colsample_bytree': 0.610167650697638, 'min_child_weight': 4}.
[I 2026-05-15 16:35:33,617] Trial 158 finished with values: [0.6057424658116665, 0.6351944926501113] and parameters: {'n_estimators': 294, 'learning_rate': 0.05388108577817234, 'subsample': 0.6137554084460873, 'colsample_bytree': 0.6163100566219055, 'min_child_weight': 3}.
[I 2026-05-15 16:35:34,231] Trial 159 finished with values: [0.6085157378698849, 0.3785872396040105] and parameters: {'n_estimators': 346, 'learning_rate': 0.01351182947645082, 'subsample': 0.6783931449676581, 'colsample_bytree': 0.6180909155642152, 'min_child_weight': 1}.
[I 2026-05-15 16:35:34,881] Trial 160 finished with values: [0.5910232732818692, 0.9476948081017881] and parameters: {'n_estimators': 348, 'learning_rate': 0.10485733570643786, 'subsample': 0.8080272084711243, 'colsample_bytree': 0.6282274989601719, 'min_child_weight': 2}.
[I 2026-05-15 16:35:35,500] Trial 161 finished with values: [0.6116267290220477, 0.31527616890527793] and parameters: {'n_estimators': 339, 'learning_rate': 0.017303875834205888, 'subsample': 0.9698774473114251, 'colsample_bytree': 0.9960215400417053, 'min_child_weight': 3}.
[I 2026-05-15 16:35:35,876] Trial 162 finished with values: [0.604633348539984, 0.4180373075627292] and parameters: {'n_estimators': 61, 'learning_rate': 0.07332660227137139, 'subsample': 0.9022204554172195, 'colsample_bytree': 0.6915192661966489, 'min_child_weight': 1}.
[I 2026-05-15 16:35:36,493] Trial 163 finished with values: [0.6083439727356137, 0.4957303976520654] and parameters: {'n_estimators': 294, 'learning_rate': 0.028180680291847244, 'subsample': 0.6783931449676581, 'colsample_bytree': 0.9760920965699831, 'min_child_weight': 5}.
[I 2026-05-15 16:35:37,318] Trial 164 finished with values: [0.6017075432212482, 0.5495486189930354] and parameters: {'n_estimators': 468, 'learning_rate': 0.02516607127550297, 'subsample': 0.6390688456025535, 'colsample_bytree': 0.7427013306774357, 'min_child_weight': 6}.
[I 2026-05-15 16:35:37,887] Trial 165 finished with values: [0.6011468514378119, 0.42548419731561554] and parameters: {'n_estimators': 105, 'learning_rate': 0.017797595772834223, 'subsample': 0.7552679704826087, 'colsample_bytree': 0.9509357413523924, 'min_child_weight': 3}.
[I 2026-05-15 16:35:38,721] Trial 166 finished with values: [0.6087194650893494, 0.37900575535270387] and parameters: {'n_estimators': 426, 'learning_rate': 0.01471005003927122, 'subsample': 0.8573152873769412, 'colsample_bytree': 0.7833011561966067, 'min_child_weight': 3}.
[I 2026-05-15 16:35:39,346] Trial 167 finished with values: [0.6120805415391093, 0.7034604944104249] and parameters: {'n_estimators': 348, 'learning_rate': 0.05388108577817234, 'subsample': 0.8549719605992826, 'colsample_bytree': 0.9637281608315128, 'min_child_weight': 3}.
[I 2026-05-15 16:35:40,081] Trial 168 finished with values: [0.5884621093899308, 0.9042564791791492] and parameters: {'n_estimators': 296, 'learning_rate': 0.10485733570643786, 'subsample': 0.7546941385202149, 'colsample_bytree': 0.9652962210225885, 'min_child_weight': 2}.
[I 2026-05-15 16:35:40,962] Trial 169 finished with values: [0.5875122332128958, 1.2998700262660834] and parameters: {'n_estimators': 426, 'learning_rate': 0.10485733570643786, 'subsample': 0.8549719605992826, 'colsample_bytree': 0.9509357413523924, 'min_child_weight': 3}.
[I 2026-05-15 16:35:41,651] Trial 170 finished with values: [0.5914041061014521, 1.2200215650404143] and parameters: {'n_estimators': 468, 'learning_rate': 0.24584290528289388, 'subsample': 0.9866619276174678, 'colsample_bytree': 0.7427013306774357, 'min_child_weight': 4}.
[I 2026-05-15 16:35:42,190] Trial 171 finished with values: [0.5899886348707911, 0.4646304937312383] and parameters: {'n_estimators': 105, 'learning_rate': 0.05388108577817234, 'subsample': 0.6137554084460873, 'colsample_bytree': 0.8186841117373118, 'min_child_weight': 3}.
[I 2026-05-15 16:35:42,823] Trial 172 finished with values: [0.6114334762634557, 0.5167827470685524] and parameters: {'n_estimators': 180, 'learning_rate': 0.040381768820718394, 'subsample': 0.7544410551203097, 'colsample_bytree': 0.9844762255295657, 'min_child_weight': 7}.
[I 2026-05-15 16:35:43,594] Trial 173 finished with values: [0.6110474205151033, 0.5966872730904986] and parameters: {'n_estimators': 458, 'learning_rate': 0.028869220380495747, 'subsample': 0.7546941385202149, 'colsample_bytree': 0.8186841117373118, 'min_child_weight': 2}.
[I 2026-05-15 16:35:44,293] Trial 174 finished with values: [0.6138771885299549, 0.38066133741206903] and parameters: {'n_estimators': 426, 'learning_rate': 0.019462886350651437, 'subsample': 0.8549719605992826, 'colsample_bytree': 0.9746919954946938, 'min_child_weight': 3}.
[I 2026-05-15 16:35:44,915] Trial 175 finished with values: [0.6096100990487952, 0.39463000579049995] and parameters: {'n_estimators': 225, 'learning_rate': 0.02516607127550297, 'subsample': 0.9314950036607718, 'colsample_bytree': 0.7427013306774357, 'min_child_weight': 1}.
[I 2026-05-15 16:35:45,630] Trial 176 finished with values: [0.6083311178287479, 0.46009527439761033] and parameters: {'n_estimators': 459, 'learning_rate': 0.01610352961694889, 'subsample': 0.8073318609454947, 'colsample_bytree': 0.6180909155642152, 'min_child_weight': 2}.
[I 2026-05-15 16:35:46,174] Trial 177 finished with values: [0.6078886166534182, 0.4474798789606611] and parameters: {'n_estimators': 105, 'learning_rate': 0.029994793096631372, 'subsample': 0.8080272084711243, 'colsample_bytree': 0.9637281608315128, 'min_child_weight': 2}.
[I 2026-05-15 16:35:46,978] Trial 178 finished with values: [0.5985938971382726, 0.4390027197678733] and parameters: {'n_estimators': 404, 'learning_rate': 0.010639368372762009, 'subsample': 0.7710164073434198, 'colsample_bytree': 0.6377771843023713, 'min_child_weight': 1}.
[I 2026-05-15 16:35:47,526] Trial 179 finished with values: [0.5931136081989835, 0.8999870107685464] and parameters: {'n_estimators': 128, 'learning_rate': 0.10206664092951903, 'subsample': 0.6284754593840916, 'colsample_bytree': 0.7275902521175045, 'min_child_weight': 3}.
[I 2026-05-15 16:35:48,065] Trial 180 finished with values: [0.6082458908909935, 0.5228142866999226] and parameters: {'n_estimators': 225, 'learning_rate': 0.02516607127550297, 'subsample': 0.602208846849441, 'colsample_bytree': 0.7427013306774357, 'min_child_weight': 3}.
[I 2026-05-15 16:35:48,568] Trial 181 finished with values: [0.6035343588081528, 0.3828855351291968] and parameters: {'n_estimators': 203, 'learning_rate': 0.01471005003927122, 'subsample': 0.9379501243877818, 'colsample_bytree': 0.9509357413523924, 'min_child_weight': 2}.
[I 2026-05-15 16:35:49,065] Trial 182 finished with values: [0.6010712672561191, 0.44469657401683904] and parameters: {'n_estimators': 60, 'learning_rate': 0.01607123851203988, 'subsample': 0.8080272084711243, 'colsample_bytree': 0.7465447373174767, 'min_child_weight': 1}.
[I 2026-05-15 16:35:49,622] Trial 183 finished with values: [0.6010355288243102, 0.4055315307721347] and parameters: {'n_estimators': 105, 'learning_rate': 0.029773579612263783, 'subsample': 0.98505936587117, 'colsample_bytree': 0.6163100566219055, 'min_child_weight': 6}.
[I 2026-05-15 16:35:50,406] Trial 184 finished with values: [0.6168635691220322, 0.4432498023658965] and parameters: {'n_estimators': 417, 'learning_rate': 0.02516607127550297, 'subsample': 0.9698774473114251, 'colsample_bytree': 0.6915192661966489, 'min_child_weight': 3}.
[I 2026-05-15 16:35:50,917] Trial 185 finished with values: [0.6071031792112416, 0.3648437965471504] and parameters: {'n_estimators': 203, 'learning_rate': 0.017303875834205888, 'subsample': 0.9866619276174678, 'colsample_bytree': 0.6149392754996857, 'min_child_weight': 3}.
[I 2026-05-15 16:35:51,803] Trial 186 finished with values: [0.6099420162001528, 0.42681500329785527] and parameters: {'n_estimators': 468, 'learning_rate': 0.019657448966046126, 'subsample': 0.6390688456025535, 'colsample_bytree': 0.9261845713819337, 'min_child_weight': 4}.
[I 2026-05-15 16:35:52,465] Trial 187 finished with values: [0.6113466509554409, 0.36224422855747307] and parameters: {'n_estimators': 225, 'learning_rate': 0.02516607127550297, 'subsample': 0.98505936587117, 'colsample_bytree': 0.7127419099093599, 'min_child_weight': 2}.
[I 2026-05-15 16:35:53,363] Trial 188 finished with values: [0.5993611780986985, 0.7157677556168955] and parameters: {'n_estimators': 426, 'learning_rate': 0.10485733570643786, 'subsample': 0.8786948661456602, 'colsample_bytree': 0.9509357413523924, 'min_child_weight': 3}.
[I 2026-05-15 16:35:54,005] Trial 189 finished with values: [0.605750078225826, 0.433984454229171] and parameters: {'n_estimators': 225, 'learning_rate': 0.01607123851203988, 'subsample': 0.6097263865725815, 'colsample_bytree': 0.9509357413523924, 'min_child_weight': 3}.
[I 2026-05-15 16:35:54,523] Trial 190 finished with values: [0.6099103350533265, 0.40899300748885736] and parameters: {'n_estimators': 203, 'learning_rate': 0.040381768820718394, 'subsample': 0.9698774473114251, 'colsample_bytree': 0.6915192661966489, 'min_child_weight': 3}.
[I 2026-05-15 16:35:55,245] Trial 191 finished with values: [0.5671742444178338, 1.2097681792095192] and parameters: {'n_estimators': 333, 'learning_rate': 0.19775731712985178, 'subsample': 0.6783931449676581, 'colsample_bytree': 0.9746919954946938, 'min_child_weight': 4}.
[I 2026-05-15 16:35:55,852] Trial 192 finished with values: [0.6094503843166408, 0.6460503311482103] and parameters: {'n_estimators': 105, 'learning_rate': 0.1218397677644799, 'subsample': 0.98505936587117, 'colsample_bytree': 0.7427013306774357, 'min_child_weight': 3}.
[I 2026-05-15 16:35:56,600] Trial 193 finished with values: [0.6126291177479786, 0.33064040801674227] and parameters: {'n_estimators': 426, 'learning_rate': 0.01351182947645082, 'subsample': 0.8549719605992826, 'colsample_bytree': 0.9509357413523924, 'min_child_weight': 3}.
[I 2026-05-15 16:35:57,352] Trial 194 finished with values: [0.6055524944261605, 0.40121115275568686] and parameters: {'n_estimators': 375, 'learning_rate': 0.01471005003927122, 'subsample': 0.6097263865725815, 'colsample_bytree': 0.9213923721539394, 'min_child_weight': 3}.
[I 2026-05-15 16:35:57,976] Trial 195 finished with values: [0.6094060766865921, 0.40476166856065127] and parameters: {'n_estimators': 225, 'learning_rate': 0.02609752135980675, 'subsample': 0.7546941385202149, 'colsample_bytree': 0.6709758175118891, 'min_child_weight': 2}.
[I 2026-05-15 16:35:58,439] Trial 196 finished with values: [0.6071399821561362, 0.3320804985785567] and parameters: {'n_estimators': 105, 'learning_rate': 0.05388108577817234, 'subsample': 0.9002459006563434, 'colsample_bytree': 0.9637281608315128, 'min_child_weight': 3}.
[I 2026-05-15 16:35:59,291] Trial 197 finished with values: [0.6090350808840823, 0.42427353762243153] and parameters: {'n_estimators': 413, 'learning_rate': 0.017797595772834223, 'subsample': 0.7988994023569542, 'colsample_bytree': 0.9509357413523924, 'min_child_weight': 3}.
[I 2026-05-15 16:36:00,094] Trial 198 finished with values: [0.6039019948880937, 0.7941797952035848] and parameters: {'n_estimators': 272, 'learning_rate': 0.05917520523090666, 'subsample': 0.7710164073434198, 'colsample_bytree': 0.7465447373174767, 'min_child_weight': 1}.
[I 2026-05-15 16:36:00,983] Trial 199 finished with values: [0.6138958321258441, 0.48634229401688633] and parameters: {'n_estimators': 496, 'learning_rate': 0.023422815835049925, 'subsample': 0.8196906658824482, 'colsample_bytree': 0.9509357413523924, 'min_child_weight': 1}.
[I 2026-05-15 16:36:01,840] Trial 200 finished with values: [0.6059649815710119, 0.40252482401147116] and parameters: {'n_estimators': 398, 'learning_rate': 0.01471005003927122, 'subsample': 0.7650470707645706, 'colsample_bytree': 0.9261845713819337, 'min_child_weight': 4}.
[I 2026-05-15 16:36:02,512] Trial 201 finished with values: [0.6040940459677218, 0.6716545635085394] and parameters: {'n_estimators': 346, 'learning_rate': 0.05388108577817234, 'subsample': 0.6783931449676581, 'colsample_bytree': 0.9105651842967988, 'min_child_weight': 3}.
[I 2026-05-15 16:36:03,162] Trial 202 finished with values: [0.6002028586411916, 0.6729443346074481] and parameters: {'n_estimators': 203, 'learning_rate': 0.05388108577817234, 'subsample': 0.7546941385202149, 'colsample_bytree': 0.9746919954946938, 'min_child_weight': 10}.
[I 2026-05-15 16:36:03,614] Trial 203 finished with values: [0.6150858422274176, 0.48461164555506286] and parameters: {'n_estimators': 128, 'learning_rate': 0.10666901691534954, 'subsample': 0.9698774473114251, 'colsample_bytree': 0.9746919954946938, 'min_child_weight': 2}.
[I 2026-05-15 16:36:04,362] Trial 204 finished with values: [0.6081544716423852, 0.48660151724044487] and parameters: {'n_estimators': 437, 'learning_rate': 0.02609752135980675, 'subsample': 0.7546941385202149, 'colsample_bytree': 0.6709758175118891, 'min_child_weight': 3}.
[I 2026-05-15 16:36:04,963] Trial 205 finished with values: [0.5981734458753294, 0.4501489011436857] and parameters: {'n_estimators': 105, 'learning_rate': 0.01471005003927122, 'subsample': 0.6097263865725815, 'colsample_bytree': 0.9637281608315128, 'min_child_weight': 3}.
[I 2026-05-15 16:36:05,693] Trial 206 finished with values: [0.6116665562234687, 0.761694455631314] and parameters: {'n_estimators': 243, 'learning_rate': 0.12856643861355183, 'subsample': 0.9018171496338729, 'colsample_bytree': 0.6163100566219055, 'min_child_weight': 3}.
[I 2026-05-15 16:36:06,324] Trial 207 finished with values: [0.611290762046028, 0.5586995048429045] and parameters: {'n_estimators': 180, 'learning_rate': 0.040381768820718394, 'subsample': 0.7544410551203097, 'colsample_bytree': 0.641249547534373, 'min_child_weight': 3}.
[I 2026-05-15 16:36:07,185] Trial 208 finished with values: [0.6062885640740363, 0.42364094324713386] and parameters: {'n_estimators': 457, 'learning_rate': 0.023422815835049925, 'subsample': 0.8196906658824482, 'colsample_bytree': 0.8021009489791429, 'min_child_weight': 1}.
[I 2026-05-15 16:36:07,979] Trial 209 finished with values: [0.6112225246202879, 0.9810160525735752] and parameters: {'n_estimators': 422, 'learning_rate': 0.05917520523090666, 'subsample': 0.7710164073434198, 'colsample_bytree': 0.610167650697638, 'min_child_weight': 2}.
[I 2026-05-15 16:36:08,647] Trial 210 finished with values: [0.6100717170790174, 0.6106451693860303] and parameters: {'n_estimators': 238, 'learning_rate': 0.040381768820718394, 'subsample': 0.7544410551203097, 'colsample_bytree': 0.7350460685614512, 'min_child_weight': 7}.
[I 2026-05-15 16:36:09,272] Trial 211 finished with values: [0.6100601201603691, 0.3949073107048027] and parameters: {'n_estimators': 194, 'learning_rate': 0.040381768820718394, 'subsample': 0.9314950036607718, 'colsample_bytree': 0.7427013306774357, 'min_child_weight': 9}.
[I 2026-05-15 16:36:09,902] Trial 212 finished with values: [0.6151927940365847, 0.3738557015105341] and parameters: {'n_estimators': 225, 'learning_rate': 0.029994793096631372, 'subsample': 0.8080272084711243, 'colsample_bytree': 0.9232481518257668, 'min_child_weight': 3}.
[I 2026-05-15 16:36:10,371] Trial 213 finished with values: [0.603546784574047, 0.4056023100355032] and parameters: {'n_estimators': 105, 'learning_rate': 0.02516607127550297, 'subsample': 0.6043350605921193, 'colsample_bytree': 0.9637281608315128, 'min_child_weight': 1}.
[I 2026-05-15 16:36:11,009] Trial 214 finished with values: [0.5850000315012405, 1.3547421673760647] and parameters: {'n_estimators': 203, 'learning_rate': 0.21744977418953557, 'subsample': 0.9698774473114251, 'colsample_bytree': 0.9509357413523924, 'min_child_weight': 1}.
[I 2026-05-15 16:36:11,710] Trial 215 finished with values: [0.6135852256378294, 0.4372793907950333] and parameters: {'n_estimators': 339, 'learning_rate': 0.029625450352016573, 'subsample': 0.9698774473114251, 'colsample_bytree': 0.8503439662856945, 'min_child_weight': 3}.
[I 2026-05-15 16:36:12,550] Trial 216 finished with values: [0.6013142776376047, 0.5054067865420684] and parameters: {'n_estimators': 478, 'learning_rate': 0.017303875834205888, 'subsample': 0.9698774473114251, 'colsample_bytree': 0.9960215400417053, 'min_child_weight': 10}.
[I 2026-05-15 16:36:13,258] Trial 217 finished with values: [0.6074533969008156, 0.6219950703413722] and parameters: {'n_estimators': 294, 'learning_rate': 0.05388108577817234, 'subsample': 0.9698774473114251, 'colsample_bytree': 0.9746919954946938, 'min_child_weight': 1}.
[I 2026-05-15 16:36:14,008] Trial 218 finished with values: [0.6067627457835462, 0.5790624130914486] and parameters: {'n_estimators': 308, 'learning_rate': 0.05388108577817234, 'subsample': 0.8527348848679197, 'colsample_bytree': 0.7793782087913279, 'min_child_weight': 3}.
[I 2026-05-15 16:36:14,660] Trial 219 finished with values: [0.6073753025962463, 0.47936351898700147] and parameters: {'n_estimators': 182, 'learning_rate': 0.03058280993112278, 'subsample': 0.7710164073434198, 'colsample_bytree': 0.610167650697638, 'min_child_weight': 2}.
[I 2026-05-15 16:36:15,268] Trial 220 finished with values: [0.6005896622931527, 0.38761075100355646] and parameters: {'n_estimators': 272, 'learning_rate': 0.01471005003927122, 'subsample': 0.8690073824308153, 'colsample_bytree': 0.9509357413523924, 'min_child_weight': 3}.
[I 2026-05-15 16:36:15,917] Trial 221 finished with values: [0.6125645689554581, 0.41676667088480085] and parameters: {'n_estimators': 225, 'learning_rate': 0.02516607127550297, 'subsample': 0.900949811775072, 'colsample_bytree': 0.9166316174903394, 'min_child_weight': 2}.
[I 2026-05-15 16:36:16,758] Trial 222 finished with values: [0.572178779504458, 1.817272539163073] and parameters: {'n_estimators': 465, 'learning_rate': 0.1466769064893309, 'subsample': 0.6364824412194762, 'colsample_bytree': 0.6180909155642152, 'min_child_weight': 5}.
[I 2026-05-15 16:36:17,465] Trial 223 finished with values: [0.6143547008089403, 0.3480003686059713] and parameters: {'n_estimators': 426, 'learning_rate': 0.019462886350651437, 'subsample': 0.8196906658824482, 'colsample_bytree': 0.9746919954946938, 'min_child_weight': 3}.
[I 2026-05-15 16:36:18,088] Trial 224 finished with values: [0.6099103350533265, 0.40899300748885736] and parameters: {'n_estimators': 203, 'learning_rate': 0.040381768820718394, 'subsample': 0.9698774473114251, 'colsample_bytree': 0.6915192661966489, 'min_child_weight': 3}.
[I 2026-05-15 16:36:18,680] Trial 225 finished with values: [0.5858788575133504, 0.785200831549119] and parameters: {'n_estimators': 128, 'learning_rate': 0.10485733570643786, 'subsample': 0.6230235040066577, 'colsample_bytree': 0.8198115529294943, 'min_child_weight': 5}.
[I 2026-05-15 16:36:19,316] Trial 226 finished with values: [0.5555615819698431, 2.1499934981650903] and parameters: {'n_estimators': 355, 'learning_rate': 0.20476075218575424, 'subsample': 0.8080272084711243, 'colsample_bytree': 0.9232481518257668, 'min_child_weight': 4}.
[I 2026-05-15 16:36:20,044] Trial 227 finished with values: [0.6095888427780607, 0.6198738958911878] and parameters: {'n_estimators': 465, 'learning_rate': 0.028869220380495747, 'subsample': 0.6783931449676581, 'colsample_bytree': 0.6468268065710423, 'min_child_weight': 1}.
[I 2026-05-15 16:36:20,649] Trial 228 finished with values: [0.6135841995814353, 0.3452054541474361] and parameters: {'n_estimators': 225, 'learning_rate': 0.02516607127550297, 'subsample': 0.9314950036607718, 'colsample_bytree': 0.6571966728211344, 'min_child_weight': 3}.
[I 2026-05-15 16:36:21,255] Trial 229 finished with values: [0.6015885646104833, 0.49514996534731387] and parameters: {'n_estimators': 294, 'learning_rate': 0.029773579612263783, 'subsample': 0.9002459006563434, 'colsample_bytree': 0.6163100566219055, 'min_child_weight': 5}.
[I 2026-05-15 16:36:21,775] Trial 230 finished with values: [0.6037533219072967, 0.48428457320289287] and parameters: {'n_estimators': 225, 'learning_rate': 0.019657448966046126, 'subsample': 0.9046042526869889, 'colsample_bytree': 0.7127419099093599, 'min_child_weight': 8}.
[I 2026-05-15 16:36:22,446] Trial 231 finished with values: [0.6078266002399523, 0.8134495792872707] and parameters: {'n_estimators': 328, 'learning_rate': 0.05388108577817234, 'subsample': 0.8549719605992826, 'colsample_bytree': 0.6180909155642152, 'min_child_weight': 4}.
[I 2026-05-15 16:36:22,947] Trial 232 finished with values: [0.6070431786584488, 0.3855015744284496] and parameters: {'n_estimators': 203, 'learning_rate': 0.014104914380026676, 'subsample': 0.8549719605992826, 'colsample_bytree': 0.8186841117373118, 'min_child_weight': 1}.
[I 2026-05-15 16:36:23,593] Trial 233 finished with values: [0.6120893216661699, 0.3096749106608165] and parameters: {'n_estimators': 366, 'learning_rate': 0.01471005003927122, 'subsample': 0.9698774473114251, 'colsample_bytree': 0.9509357413523924, 'min_child_weight': 3}.
[I 2026-05-15 16:36:24,056] Trial 234 finished with values: [0.608448288907771, 0.4009998963747341] and parameters: {'n_estimators': 105, 'learning_rate': 0.05388108577817234, 'subsample': 0.98505936587117, 'colsample_bytree': 0.9637281608315128, 'min_child_weight': 2}.
[I 2026-05-15 16:36:24,460] Trial 235 finished with values: [0.6119069951721847, 0.3784455084180837] and parameters: {'n_estimators': 54, 'learning_rate': 0.10666901691534954, 'subsample': 0.98505936587117, 'colsample_bytree': 0.9746919954946938, 'min_child_weight': 3}.
[I 2026-05-15 16:36:24,857] Trial 236 finished with values: [0.5971021673908594, 0.5757263075636716] and parameters: {'n_estimators': 54, 'learning_rate': 0.10666901691534954, 'subsample': 0.8549719605992826, 'colsample_bytree': 0.9746919954946938, 'min_child_weight': 2}.
