[I 2026-05-15 16:36:25,483] Trial 237 finished with values: [0.6129126529114923, 0.4231659211914332] and parameters: {'n_estimators': 294, 'learning_rate': 0.02516607127550297, 'subsample': 0.9698774473114251, 'colsample_bytree': 0.9652962210225885, 'min_child_weight': 1}.
[I 2026-05-15 16:36:26,056] Trial 238 finished with values: [0.6023990947292979, 0.4747600216500751] and parameters: {'n_estimators': 128, 'learning_rate': 0.040381768820718394, 'subsample': 0.7544410551203097, 'colsample_bytree': 0.9746919954946938, 'min_child_weight': 3}.
[I 2026-05-15 16:36:26,839] Trial 239 finished with values: [0.6220406721200856, 0.4355003459081638] and parameters: {'n_estimators': 420, 'learning_rate': 0.02516607127550297, 'subsample': 0.98505936587117, 'colsample_bytree': 0.9960215400417053, 'min_child_weight': 2}.
[I 2026-05-15 16:36:27,705] Trial 240 finished with values: [0.571648739523771, 1.4687939541284138] and parameters: {'n_estimators': 496, 'learning_rate': 0.10666901691534954, 'subsample': 0.8196906658824482, 'colsample_bytree': 0.9746919954946938, 'min_child_weight': 2}.
[I 2026-05-15 16:36:28,603] Trial 241 finished with values: [0.5820327796020862, 1.386449316155884] and parameters: {'n_estimators': 468, 'learning_rate': 0.11046009304545999, 'subsample': 0.6390688456025535, 'colsample_bytree': 0.9746919954946938, 'min_child_weight': 1}.
[I 2026-05-15 16:36:29,108] Trial 242 finished with values: [0.6178405853087467, 0.3393413923228196] and parameters: {'n_estimators': 225, 'learning_rate': 0.02516607127550297, 'subsample': 0.9698774473114251, 'colsample_bytree': 0.9960215400417053, 'min_child_weight': 3}.
[I 2026-05-15 16:36:29,629] Trial 243 finished with values: [0.6101082809062528, 0.4058429584303525] and parameters: {'n_estimators': 225, 'learning_rate': 0.02516607127550297, 'subsample': 0.8549719605992826, 'colsample_bytree': 0.6325395122567599, 'min_child_weight': 3}.
[I 2026-05-15 16:36:30,345] Trial 244 finished with values: [0.6099386456765823, 0.3520153910262515] and parameters: {'n_estimators': 294, 'learning_rate': 0.01471005003927122, 'subsample': 0.9866619276174678, 'colsample_bytree': 0.9509357413523924, 'min_child_weight': 1}.
[I 2026-05-15 16:36:30,981] Trial 245 finished with values: [0.6028935224075258, 0.5391970704458412] and parameters: {'n_estimators': 375, 'learning_rate': 0.01471005003927122, 'subsample': 0.6097263865725815, 'colsample_bytree': 0.9509357413523924, 'min_child_weight': 10}.
[I 2026-05-15 16:36:31,697] Trial 246 finished with values: [0.6145496933846789, 0.3389994106935642] and parameters: {'n_estimators': 426, 'learning_rate': 0.01471005003927122, 'subsample': 0.8549719605992826, 'colsample_bytree': 0.9960215400417053, 'min_child_weight': 3}.
[I 2026-05-15 16:36:32,299] Trial 247 finished with values: [0.6232681660686729, 0.35229124855419663] and parameters: {'n_estimators': 294, 'learning_rate': 0.029773579612263783, 'subsample': 0.9866619276174678, 'colsample_bytree': 0.8503439662856945, 'min_child_weight': 2}.
[I 2026-05-15 16:36:32,938] Trial 248 finished with values: [0.610124500922543, 0.6097316910548953] and parameters: {'n_estimators': 348, 'learning_rate': 0.035714399098231424, 'subsample': 0.8549719605992826, 'colsample_bytree': 0.7482568588267564, 'min_child_weight': 3}.
[I 2026-05-15 16:36:33,631] Trial 249 finished with values: [0.6150083870408443, 0.3090823727667121] and parameters: {'n_estimators': 426, 'learning_rate': 0.01351182947645082, 'subsample': 0.98505936587117, 'colsample_bytree': 0.9637281608315128, 'min_child_weight': 3}.
[I 2026-05-15 16:36:34,168] Trial 250 finished with values: [0.6086405747740188, 0.8184405054552905] and parameters: {'n_estimators': 128, 'learning_rate': 0.15870971677383489, 'subsample': 0.9698774473114251, 'colsample_bytree': 0.9960215400417053, 'min_child_weight': 3}.
[I 2026-05-15 16:36:34,894] Trial 251 finished with values: [0.6177262701831985, 0.45706931977312876] and parameters: {'n_estimators': 477, 'learning_rate': 0.029773579612263783, 'subsample': 0.9866619276174678, 'colsample_bytree': 0.9944004255291483, 'min_child_weight': 3}.
[I 2026-05-15 16:36:35,607] Trial 252 finished with values: [0.5746029292557979, 1.6529664956543946] and parameters: {'n_estimators': 420, 'learning_rate': 0.129667438075127, 'subsample': 0.7505038342123663, 'colsample_bytree': 0.9232481518257668, 'min_child_weight': 3}.
[I 2026-05-15 16:36:36,166] Trial 253 finished with values: [0.6208029225087256, 0.3094483035340599] and parameters: {'n_estimators': 128, 'learning_rate': 0.05388108577817234, 'subsample': 0.9698774473114251, 'colsample_bytree': 0.9746919954946938, 'min_child_weight': 3}.
[I 2026-05-15 16:36:36,697] Trial 254 finished with values: [0.6056409382236694, 0.3824776295408993] and parameters: {'n_estimators': 225, 'learning_rate': 0.02516607127550297, 'subsample': 0.9314950036607718, 'colsample_bytree': 0.9746919954946938, 'min_child_weight': 3}.
[I 2026-05-15 16:36:37,396] Trial 255 finished with values: [0.6175037883040904, 0.46783227247823617] and parameters: {'n_estimators': 420, 'learning_rate': 0.02516607127550297, 'subsample': 0.6334002866794675, 'colsample_bytree': 0.9960215400417053, 'min_child_weight': 2}.
[I 2026-05-15 16:36:38,169] Trial 256 finished with values: [0.6095301560920279, 0.33526083612330493] and parameters: {'n_estimators': 417, 'learning_rate': 0.01471005003927122, 'subsample': 0.9698774473114251, 'colsample_bytree': 0.6915192661966489, 'min_child_weight': 3}.
[I 2026-05-15 16:36:38,809] Trial 257 finished with values: [0.6088167356584728, 0.34610559367905624] and parameters: {'n_estimators': 339, 'learning_rate': 0.01471005003927122, 'subsample': 0.9698774473114251, 'colsample_bytree': 0.9108587663709747, 'min_child_weight': 3}.
[I 2026-05-15 16:36:39,523] Trial 258 finished with values: [0.6111875746218486, 0.4556730011034299] and parameters: {'n_estimators': 301, 'learning_rate': 0.028180680291847244, 'subsample': 0.9022204554172195, 'colsample_bytree': 0.9425959364753289, 'min_child_weight': 1}.
[I 2026-05-15 16:36:40,154] Trial 259 finished with values: [0.6115640484274685, 0.38975373050475465] and parameters: {'n_estimators': 346, 'learning_rate': 0.02516607127550297, 'subsample': 0.9698774473114251, 'colsample_bytree': 0.7696888036987906, 'min_child_weight': 3}.
[I 2026-05-15 16:36:40,814] Trial 260 finished with values: [0.6168350289348756, 0.372306926866799] and parameters: {'n_estimators': 294, 'learning_rate': 0.029773579612263783, 'subsample': 0.9002459006563434, 'colsample_bytree': 0.8503439662856945, 'min_child_weight': 3}.
[I 2026-05-15 16:36:41,246] Trial 261 finished with values: [0.5959540274450493, 0.5898867322646163] and parameters: {'n_estimators': 128, 'learning_rate': 0.05388108577817234, 'subsample': 0.6746074041599417, 'colsample_bytree': 0.9746919954946938, 'min_child_weight': 3}.
[I 2026-05-15 16:36:41,875] Trial 262 finished with values: [0.6139972691442646, 0.621784953960185] and parameters: {'n_estimators': 294, 'learning_rate': 0.040381768820718394, 'subsample': 0.9022204554172195, 'colsample_bytree': 0.9625417540378944, 'min_child_weight': 1}.
[I 2026-05-15 16:36:42,676] Trial 263 finished with values: [0.6142161364167038, 0.41211620098191526] and parameters: {'n_estimators': 468, 'learning_rate': 0.028180680291847244, 'subsample': 0.9866619276174678, 'colsample_bytree': 0.9746919954946938, 'min_child_weight': 4}.
[I 2026-05-15 16:36:43,133] Trial 264 finished with values: [0.6040625003560832, 0.3708204123737452] and parameters: {'n_estimators': 100, 'learning_rate': 0.02516607127550297, 'subsample': 0.9698774473114251, 'colsample_bytree': 0.7427013306774357, 'min_child_weight': 1}.
[I 2026-05-15 16:36:43,794] Trial 265 finished with values: [0.6172529615354708, 0.36317809979313276] and parameters: {'n_estimators': 225, 'learning_rate': 0.028180680291847244, 'subsample': 0.8080272084711243, 'colsample_bytree': 0.9746919954946938, 'min_child_weight': 4}.
[I 2026-05-15 16:36:44,389] Trial 266 finished with values: [0.618364116351305, 0.4929909249013513] and parameters: {'n_estimators': 294, 'learning_rate': 0.029773579612263783, 'subsample': 0.8549719605992826, 'colsample_bytree': 0.9509357413523924, 'min_child_weight': 3}.
[I 2026-05-15 16:36:45,087] Trial 267 finished with values: [0.6145496933846789, 0.3389994106935642] and parameters: {'n_estimators': 426, 'learning_rate': 0.01471005003927122, 'subsample': 0.8549719605992826, 'colsample_bytree': 0.9960215400417053, 'min_child_weight': 3}.
[I 2026-05-15 16:36:45,595] Trial 268 finished with values: [0.6087025818032024, 0.40338569387194756] and parameters: {'n_estimators': 225, 'learning_rate': 0.019462886350651437, 'subsample': 0.8549719605992826, 'colsample_bytree': 0.7427013306774357, 'min_child_weight': 3}.
[I 2026-05-15 16:36:46,151] Trial 269 finished with values: [0.6220012936840862, 0.5061729178207719] and parameters: {'n_estimators': 294, 'learning_rate': 0.053415464843459444, 'subsample': 0.9866619276174678, 'colsample_bytree': 0.8503439662856945, 'min_child_weight': 3}.
[I 2026-05-15 16:36:46,758] Trial 270 finished with values: [0.6103787736137058, 0.37553097751635167] and parameters: {'n_estimators': 203, 'learning_rate': 0.02516607127550297, 'subsample': 0.9698774473114251, 'colsample_bytree': 0.9509357413523924, 'min_child_weight': 3}.
[I 2026-05-15 16:36:47,547] Trial 271 finished with values: [0.6107106932773474, 0.39456115426584953] and parameters: {'n_estimators': 426, 'learning_rate': 0.019462886350651437, 'subsample': 0.8549719605992826, 'colsample_bytree': 0.9960215400417053, 'min_child_weight': 1}.
[I 2026-05-15 16:36:48,337] Trial 272 finished with values: [0.611172343799169, 0.3493661156838109] and parameters: {'n_estimators': 375, 'learning_rate': 0.01351182947645082, 'subsample': 0.8549719605992826, 'colsample_bytree': 0.9509357413523924, 'min_child_weight': 3}.
[I 2026-05-15 16:36:49,106] Trial 273 finished with values: [0.5979531338157618, 0.9496464455008224] and parameters: {'n_estimators': 426, 'learning_rate': 0.049234393858490974, 'subsample': 0.6225213102727349, 'colsample_bytree': 0.6475271665072287, 'min_child_weight': 4}.
[I 2026-05-15 16:36:49,743] Trial 274 finished with values: [0.6033274703709607, 0.4622690484941918] and parameters: {'n_estimators': 203, 'learning_rate': 0.01471005003927122, 'subsample': 0.6470104987108419, 'colsample_bytree': 0.9509357413523924, 'min_child_weight': 7}.
[I 2026-05-15 16:36:50,515] Trial 275 finished with values: [0.6133477026103156, 0.302598628207033] and parameters: {'n_estimators': 386, 'learning_rate': 0.01471005003927122, 'subsample': 0.9698774473114251, 'colsample_bytree': 0.9509357413523924, 'min_child_weight': 3}.
[I 2026-05-15 16:36:51,179] Trial 276 finished with values: [0.604190717227792, 0.34590448166927606] and parameters: {'n_estimators': 203, 'learning_rate': 0.01471005003927122, 'subsample': 0.98505936587117, 'colsample_bytree': 0.9960215400417053, 'min_child_weight': 3}.
[I 2026-05-15 16:36:51,831] Trial 277 finished with values: [0.6081312891250004, 0.4349280971754325] and parameters: {'n_estimators': 105, 'learning_rate': 0.040381768820718394, 'subsample': 0.8333475060388639, 'colsample_bytree': 0.9637281608315128, 'min_child_weight': 3}.
[I 2026-05-15 16:36:52,643] Trial 278 finished with values: [0.6003252872696174, 0.5917652626073883] and parameters: {'n_estimators': 426, 'learning_rate': 0.01351182947645082, 'subsample': 0.6746074041599417, 'colsample_bytree': 0.6163100566219055, 'min_child_weight': 10}.
[I 2026-05-15 16:36:53,312] Trial 279 finished with values: [0.6072737822820864, 0.8458602135762625] and parameters: {'n_estimators': 417, 'learning_rate': 0.05388108577817234, 'subsample': 0.7499482318094817, 'colsample_bytree': 0.7142848345127443, 'min_child_weight': 3}.
[I 2026-05-15 16:36:54,012] Trial 280 finished with values: [0.6141635860953499, 0.34058372167025386] and parameters: {'n_estimators': 426, 'learning_rate': 0.01351182947645082, 'subsample': 0.9474396512757841, 'colsample_bytree': 0.8503439662856945, 'min_child_weight': 3}.
[I 2026-05-15 16:36:54,880] Trial 281 finished with values: [0.5651404250683552, 1.410113766836974] and parameters: {'n_estimators': 468, 'learning_rate': 0.26472593204036643, 'subsample': 0.6390688456025535, 'colsample_bytree': 0.9746919954946938, 'min_child_weight': 4}.
[I 2026-05-15 16:36:55,511] Trial 282 finished with values: [0.6036452647853469, 0.49897659320828547] and parameters: {'n_estimators': 346, 'learning_rate': 0.01471005003927122, 'subsample': 0.6048617898759265, 'colsample_bytree': 0.7427013306774357, 'min_child_weight': 3}.
[I 2026-05-15 16:36:55,947] Trial 283 finished with values: [0.6038781144790321, 0.41697298231197194] and parameters: {'n_estimators': 105, 'learning_rate': 0.043737251953017454, 'subsample': 0.9698774473114251, 'colsample_bytree': 0.9879515306830556, 'min_child_weight': 3}.
[I 2026-05-15 16:36:56,566] Trial 284 finished with values: [0.599842570344147, 0.4047976841441091] and parameters: {'n_estimators': 225, 'learning_rate': 0.01351182947645082, 'subsample': 0.9698774473114251, 'colsample_bytree': 0.6172639647802304, 'min_child_weight': 3}.
[I 2026-05-15 16:36:57,070] Trial 285 finished with values: [0.5736339234706281, 1.6927807876212575] and parameters: {'n_estimators': 203, 'learning_rate': 0.20716979401768126, 'subsample': 0.8110804436345199, 'colsample_bytree': 0.9971859184477201, 'min_child_weight': 4}.
[I 2026-05-15 16:36:57,703] Trial 286 finished with values: [0.6105142441227243, 0.37018975366107915] and parameters: {'n_estimators': 203, 'learning_rate': 0.017303875834205888, 'subsample': 0.9866619276174678, 'colsample_bytree': 0.8503439662856945, 'min_child_weight': 3}.
[I 2026-05-15 16:36:58,264] Trial 287 finished with values: [0.610273242673949, 0.38845670934504506] and parameters: {'n_estimators': 225, 'learning_rate': 0.02516607127550297, 'subsample': 0.6390688456025535, 'colsample_bytree': 0.9746919954946938, 'min_child_weight': 5}.
[I 2026-05-15 16:36:59,048] Trial 288 finished with values: [0.6135852256378294, 0.4372793907950333] and parameters: {'n_estimators': 339, 'learning_rate': 0.029625450352016573, 'subsample': 0.9698774473114251, 'colsample_bytree': 0.8503439662856945, 'min_child_weight': 3}.
[I 2026-05-15 16:36:59,696] Trial 289 finished with values: [0.6069446871454307, 0.4522797041177885] and parameters: {'n_estimators': 225, 'learning_rate': 0.029994793096631372, 'subsample': 0.6295186258941595, 'colsample_bytree': 0.9166316174903394, 'min_child_weight': 2}.
[I 2026-05-15 16:37:00,240] Trial 290 finished with values: [0.6076320817359913, 0.7319410810947253] and parameters: {'n_estimators': 128, 'learning_rate': 0.10485733570643786, 'subsample': 0.7546941385202149, 'colsample_bytree': 0.8215417137605283, 'min_child_weight': 2}.
[I 2026-05-15 16:37:01,068] Trial 291 finished with values: [0.6060980015855331, 0.40620434316311416] and parameters: {'n_estimators': 465, 'learning_rate': 0.01471005003927122, 'subsample': 0.6783931449676581, 'colsample_bytree': 0.6180909155642152, 'min_child_weight': 3}.
[I 2026-05-15 16:37:01,730] Trial 292 finished with values: [0.6074548336128023, 0.4375312971089298] and parameters: {'n_estimators': 294, 'learning_rate': 0.029773579612263783, 'subsample': 0.8196906658824482, 'colsample_bytree': 0.8503439662856945, 'min_child_weight': 3}.
[I 2026-05-15 16:37:02,353] Trial 293 finished with values: [0.6158484828036154, 0.4117554234461915] and parameters: {'n_estimators': 346, 'learning_rate': 0.02516607127550297, 'subsample': 0.9698774473114251, 'colsample_bytree': 0.7427013306774357, 'min_child_weight': 3}.
[I 2026-05-15 16:37:03,081] Trial 294 finished with values: [0.6208327158642085, 0.42063242126476774] and parameters: {'n_estimators': 487, 'learning_rate': 0.02516607127550297, 'subsample': 0.98505936587117, 'colsample_bytree': 0.8092391376680595, 'min_child_weight': 3}.
[I 2026-05-15 16:37:03,777] Trial 295 finished with values: [0.6146699536806848, 0.4147515942677888] and parameters: {'n_estimators': 294, 'learning_rate': 0.02516607127550297, 'subsample': 0.9022204554172195, 'colsample_bytree': 0.9652962210225885, 'min_child_weight': 1}.
[I 2026-05-15 16:37:04,608] Trial 296 finished with values: [0.5912664874385738, 1.1411405560022976] and parameters: {'n_estimators': 426, 'learning_rate': 0.08505465867325865, 'subsample': 0.9866619276174678, 'colsample_bytree': 0.9509357413523924, 'min_child_weight': 1}.
[I 2026-05-15 16:37:05,442] Trial 297 finished with values: [0.6050361390246206, 0.4628177517658794] and parameters: {'n_estimators': 465, 'learning_rate': 0.01351182947645082, 'subsample': 0.6783931449676581, 'colsample_bytree': 0.8782994755938469, 'min_child_weight': 5}.
[I 2026-05-15 16:37:06,071] Trial 298 finished with values: [0.5968702474941748, 0.9339037057076964] and parameters: {'n_estimators': 339, 'learning_rate': 0.0845238710259589, 'subsample': 0.9698774473114251, 'colsample_bytree': 0.9746919954946938, 'min_child_weight': 3}.
[I 2026-05-15 16:37:06,808] Trial 299 finished with values: [0.5932406055506363, 1.319353519852148] and parameters: {'n_estimators': 313, 'learning_rate': 0.21434810637527812, 'subsample': 0.9698774473114251, 'colsample_bytree': 0.9960215400417053, 'min_child_weight': 2}.
[I 2026-05-15 16:37:07,774] Trial 300 finished with values: [0.6111191386184934, 0.3309038878270313] and parameters: {'n_estimators': 386, 'learning_rate': 0.01167158438611932, 'subsample': 0.9698774473114251, 'colsample_bytree': 0.9509357413523924, 'min_child_weight': 3}.
[I 2026-05-15 16:37:08,407] Trial 301 finished with values: [0.6097206415575915, 0.3482551123130161] and parameters: {'n_estimators': 176, 'learning_rate': 0.02516607127550297, 'subsample': 0.98505936587117, 'colsample_bytree': 0.9960215400417053, 'min_child_weight': 3}.
[I 2026-05-15 16:37:08,960] Trial 302 finished with values: [0.6076160537533941, 0.3703579206599949] and parameters: {'n_estimators': 128, 'learning_rate': 0.01471005003927122, 'subsample': 0.9801645936306235, 'colsample_bytree': 0.9108587663709747, 'min_child_weight': 3}.
[I 2026-05-15 16:37:09,609] Trial 303 finished with values: [0.6049432153375649, 0.3713387990445177] and parameters: {'n_estimators': 203, 'learning_rate': 0.019462886350651437, 'subsample': 0.9698774473114251, 'colsample_bytree': 0.9746919954946938, 'min_child_weight': 3}.
[I 2026-05-15 16:37:10,258] Trial 304 finished with values: [0.5900070252105023, 1.0950208602448643] and parameters: {'n_estimators': 355, 'learning_rate': 0.10666901691534954, 'subsample': 0.98505936587117, 'colsample_bytree': 0.9232481518257668, 'min_child_weight': 3}.
[I 2026-05-15 16:37:10,772] Trial 305 finished with values: [0.5775355552059416, 1.0215602404373942] and parameters: {'n_estimators': 203, 'learning_rate': 0.20655112155089347, 'subsample': 0.9314950036607718, 'colsample_bytree': 0.7427013306774357, 'min_child_weight': 3}.
[I 2026-05-15 16:37:11,218] Trial 306 finished with values: [0.604270664276513, 0.4669543568947555] and parameters: {'n_estimators': 105, 'learning_rate': 0.05388108577817234, 'subsample': 0.7822627011142852, 'colsample_bytree': 0.8480530391206147, 'min_child_weight': 3}.
[I 2026-05-15 16:37:12,042] Trial 307 finished with values: [0.6184316702384514, 0.4714495867915994] and parameters: {'n_estimators': 477, 'learning_rate': 0.029773579612263783, 'subsample': 0.9698774473114251, 'colsample_bytree': 0.9944004255291483, 'min_child_weight': 3}.
[I 2026-05-15 16:37:12,573] Trial 308 finished with values: [0.6033455928281126, 0.3281191579908184] and parameters: {'n_estimators': 175, 'learning_rate': 0.01471005003927122, 'subsample': 0.9698774473114251, 'colsample_bytree': 0.9509357413523924, 'min_child_weight': 3}.
[I 2026-05-15 16:37:13,265] Trial 309 finished with values: [0.6154677658560104, 0.29449893500608404] and parameters: {'n_estimators': 417, 'learning_rate': 0.02516607127550297, 'subsample': 0.98505936587117, 'colsample_bytree': 0.6915192661966489, 'min_child_weight': 2}.
[I 2026-05-15 16:37:14,064] Trial 310 finished with values: [0.6126031343638484, 0.3823179266633066] and parameters: {'n_estimators': 426, 'learning_rate': 0.01471005003927122, 'subsample': 0.8549719605992826, 'colsample_bytree': 0.7854793619759929, 'min_child_weight': 3}.
[I 2026-05-15 16:37:14,693] Trial 311 finished with values: [0.6101258217443583, 0.33641205939107444] and parameters: {'n_estimators': 225, 'learning_rate': 0.02516607127550297, 'subsample': 0.98505936587117, 'colsample_bytree': 0.7413408912104211, 'min_child_weight': 2}.
[I 2026-05-15 16:37:15,449] Trial 312 finished with values: [0.579137266468592, 1.0822408566562356] and parameters: {'n_estimators': 417, 'learning_rate': 0.07279991098092103, 'subsample': 0.6310938547859939, 'colsample_bytree': 0.6915192661966489, 'min_child_weight': 3}.
[I 2026-05-15 16:37:16,107] Trial 313 finished with values: [0.5866666033161362, 1.1665619544926977] and parameters: {'n_estimators': 225, 'learning_rate': 0.27497884337724565, 'subsample': 0.9314950036607718, 'colsample_bytree': 0.9944842977918411, 'min_child_weight': 3}.
[I 2026-05-15 16:37:16,847] Trial 314 finished with values: [0.5938036102891318, 0.7595489091082197] and parameters: {'n_estimators': 364, 'learning_rate': 0.06192689958760303, 'subsample': 0.9698774473114251, 'colsample_bytree': 0.9509357413523924, 'min_child_weight': 3}.
[I 2026-05-15 16:37:17,533] Trial 315 finished with values: [0.620423798159891, 0.37455833522938037] and parameters: {'n_estimators': 420, 'learning_rate': 0.02516607127550297, 'subsample': 0.98505936587117, 'colsample_bytree': 0.9960215400417053, 'min_child_weight': 3}.
[I 2026-05-15 16:37:18,243] Trial 316 finished with values: [0.6059318838191716, 0.615647994989209] and parameters: {'n_estimators': 426, 'learning_rate': 0.02516607127550297, 'subsample': 0.6334002866794675, 'colsample_bytree': 0.7238110465145311, 'min_child_weight': 9}.
