[I 2026-05-15 16:39:02,595] Trial 477 finished with values: [0.6232681660686729, 0.35229124855419663] and parameters: {'n_estimators': 294, 'learning_rate': 0.029773579612263783, 'subsample': 0.9866619276174678, 'colsample_bytree': 0.8503439662856945, 'min_child_weight': 2}.
[I 2026-05-15 16:39:03,289] Trial 478 finished with values: [0.6116267290220477, 0.31527616890527793] and parameters: {'n_estimators': 339, 'learning_rate': 0.017303875834205888, 'subsample': 0.9698774473114251, 'colsample_bytree': 0.9960215400417053, 'min_child_weight': 3}.
[I 2026-05-15 16:39:03,922] Trial 479 finished with values: [0.6172708694316292, 0.3651743356581101] and parameters: {'n_estimators': 225, 'learning_rate': 0.029773579612263783, 'subsample': 0.8080272084711243, 'colsample_bytree': 0.9877881733101476, 'min_child_weight': 3}.
[I 2026-05-15 16:39:04,481] Trial 480 finished with values: [0.6012464798022289, 0.9660597823011635] and parameters: {'n_estimators': 128, 'learning_rate': 0.18987114604724706, 'subsample': 0.9698774473114251, 'colsample_bytree': 0.9746919954946938, 'min_child_weight': 2}.
[I 2026-05-15 16:39:05,290] Trial 481 finished with values: [0.6126001475101759, 0.3384845577616008] and parameters: {'n_estimators': 418, 'learning_rate': 0.012113606011086922, 'subsample': 0.98505936587117, 'colsample_bytree': 0.8503439662856945, 'min_child_weight': 3}.
[I 2026-05-15 16:39:05,817] Trial 482 finished with values: [0.6010117190328923, 0.3992911674902168] and parameters: {'n_estimators': 105, 'learning_rate': 0.02516607127550297, 'subsample': 0.9002459006563434, 'colsample_bytree': 0.9637281608315128, 'min_child_weight': 3}.
[I 2026-05-15 16:39:06,625] Trial 483 finished with values: [0.6030696170720196, 0.8206650002827199] and parameters: {'n_estimators': 420, 'learning_rate': 0.053415464843459444, 'subsample': 0.6683550349560263, 'colsample_bytree': 0.9960215400417053, 'min_child_weight': 3}.
[I 2026-05-15 16:39:07,421] Trial 484 finished with values: [0.6022015908943805, 0.5155258570252388] and parameters: {'n_estimators': 377, 'learning_rate': 0.017303875834205888, 'subsample': 0.98505936587117, 'colsample_bytree': 0.8674572879697724, 'min_child_weight': 10}.
[I 2026-05-15 16:39:08,160] Trial 485 finished with values: [0.6143173124993151, 0.30220398887113953] and parameters: {'n_estimators': 346, 'learning_rate': 0.01471005003927122, 'subsample': 0.9698774473114251, 'colsample_bytree': 0.8227051572055719, 'min_child_weight': 3}.
[I 2026-05-15 16:39:08,725] Trial 486 finished with values: [0.6018326102896682, 0.43374797927784214] and parameters: {'n_estimators': 225, 'learning_rate': 0.017303875834205888, 'subsample': 0.8080272084711243, 'colsample_bytree': 0.9960215400417053, 'min_child_weight': 4}.
[I 2026-05-15 16:39:09,480] Trial 487 finished with values: [0.6201940394590317, 0.42494498940846015] and parameters: {'n_estimators': 487, 'learning_rate': 0.029773579612263783, 'subsample': 0.9866619276174678, 'colsample_bytree': 0.8148426167274191, 'min_child_weight': 3}.
[I 2026-05-15 16:39:10,164] Trial 488 finished with values: [0.6002062573888007, 0.807691665924591] and parameters: {'n_estimators': 307, 'learning_rate': 0.08055428067442477, 'subsample': 0.98505936587117, 'colsample_bytree': 0.9637281608315128, 'min_child_weight': 3}.
[I 2026-05-15 16:39:10,664] Trial 489 finished with values: [0.608375782808644, 0.3604877121674125] and parameters: {'n_estimators': 176, 'learning_rate': 0.02516607127550297, 'subsample': 0.9698774473114251, 'colsample_bytree': 0.9077971732767748, 'min_child_weight': 3}.
[I 2026-05-15 16:39:11,208] Trial 490 finished with values: [0.6080332821177277, 0.43161076270263754] and parameters: {'n_estimators': 105, 'learning_rate': 0.02516607127550297, 'subsample': 0.6334002866794675, 'colsample_bytree': 0.6748174994230093, 'min_child_weight': 2}.
[I 2026-05-15 16:39:11,928] Trial 491 finished with values: [0.6084112916352213, 0.44020759959462746] and parameters: {'n_estimators': 294, 'learning_rate': 0.017303875834205888, 'subsample': 0.7294716945616975, 'colsample_bytree': 0.9960215400417053, 'min_child_weight': 3}.
[I 2026-05-15 16:39:12,469] Trial 492 finished with values: [0.596910073081912, 0.4622402303752621] and parameters: {'n_estimators': 105, 'learning_rate': 0.08055428067442477, 'subsample': 0.7701745754465668, 'colsample_bytree': 0.9637281608315128, 'min_child_weight': 3}.
[I 2026-05-15 16:39:13,198] Trial 493 finished with values: [0.6191931445588098, 0.3320088462841884] and parameters: {'n_estimators': 339, 'learning_rate': 0.02516607127550297, 'subsample': 0.98505936587117, 'colsample_bytree': 0.803044151473782, 'min_child_weight': 3}.
[I 2026-05-15 16:39:13,907] Trial 494 finished with values: [0.6057950007393483, 0.4806348366132435] and parameters: {'n_estimators': 294, 'learning_rate': 0.029773579612263783, 'subsample': 0.6969638929660321, 'colsample_bytree': 0.9746919954946938, 'min_child_weight': 4}.
[I 2026-05-15 16:39:14,779] Trial 495 finished with values: [0.6096821334318062, 0.4027029055614403] and parameters: {'n_estimators': 417, 'learning_rate': 0.01471005003927122, 'subsample': 0.9698774473114251, 'colsample_bytree': 0.9986547348295621, 'min_child_weight': 2}.
[I 2026-05-15 16:39:15,344] Trial 496 finished with values: [0.617457999512981, 0.38479635919737076] and parameters: {'n_estimators': 128, 'learning_rate': 0.05388108577817234, 'subsample': 0.9698774473114251, 'colsample_bytree': 0.8503439662856945, 'min_child_weight': 4}.
[I 2026-05-15 16:39:15,918] Trial 497 finished with values: [0.6077925245746643, 0.45091343912664106] and parameters: {'n_estimators': 128, 'learning_rate': 0.05388108577817234, 'subsample': 0.98505936587117, 'colsample_bytree': 0.9746919954946938, 'min_child_weight': 7}.
[I 2026-05-15 16:39:16,485] Trial 498 finished with values: [0.6140216131950914, 0.34689700517632044] and parameters: {'n_estimators': 128, 'learning_rate': 0.10485733570643786, 'subsample': 0.9698774473114251, 'colsample_bytree': 0.9509357413523924, 'min_child_weight': 3}.
[I 2026-05-15 16:39:17,181] Trial 499 finished with values: [0.6148958224159775, 0.38892346246017556] and parameters: {'n_estimators': 294, 'learning_rate': 0.02516607127550297, 'subsample': 0.9698774473114251, 'colsample_bytree': 0.9960215400417053, 'min_child_weight': 2}.
Building variant 'auroc_max'...
Saved /home/mklemmingen/PycharmProjects/migraine-forecasting-shd/experiment/0/headache/full_features/stacked_2xgb_meta_lr/70_30/chrono/HyperparameterTuned/pareto_AUROC_slope/auroc_max/model.joblib

# End capture ------------------------------------------
# Finished: 2026-05-15T16:39:17
