# Training-script output capture
# Generated: 2026-05-15T16:33:45
# UUID:      524beab8-0aab-4f62-9728-eb5568299b50
# Label:     training
# Leaf:      /home/mklemmingen/PycharmProjects/migraine-forecasting-shd/experiment/0/headache/full_features/stacked_2xgb_meta_lr/70_30/chrono/HyperparameterTuned/pareto_AUROC_slope/auroc_max
# Captures stdout/stderr written during the wrapped block
# (library messages, warnings, progress bars, etc.).
# Begin capture ----------------------------------------
Loading train and chronologically subsplitting...
train_sub: (3235, 52), cal_sub: (706, 52)
Running pareto_AUROC_slope search (500 trials)...
[I 2026-05-15 16:33:45,811] A new study created in memory with name: no-name-f6fd1a17-5824-4fac-b2dc-4dbcc1f36a58
[I 2026-05-15 16:33:47,428] Trial 0 finished with values: [0.5940556658912934, 1.3981265341028268] and parameters: {'n_estimators': 218, 'learning_rate': 0.2536999076681772, 'subsample': 0.892797576724562, 'colsample_bytree': 0.8394633936788146, 'min_child_weight': 2}.
[I 2026-05-15 16:33:48,807] Trial 1 finished with values: [0.5956090273335783, 0.45967769735244646] and parameters: {'n_estimators': 120, 'learning_rate': 0.012184186502221764, 'subsample': 0.9464704583099741, 'colsample_bytree': 0.8404460046972835, 'min_child_weight': 8}.
[I 2026-05-15 16:33:50,091] Trial 2 finished with values: [0.6019022552189297, 0.8222742757561882] and parameters: {'n_estimators': 59, 'learning_rate': 0.2708160864249968, 'subsample': 0.9329770563201687, 'colsample_bytree': 0.6849356442713105, 'min_child_weight': 2}.
[I 2026-05-15 16:33:51,475] Trial 3 finished with values: [0.5972639496385705, 0.49272423362917095] and parameters: {'n_estimators': 132, 'learning_rate': 0.028145092716060652, 'subsample': 0.8099025726528951, 'colsample_bytree': 0.7727780074568463, 'min_child_weight': 3}.
[I 2026-05-15 16:33:52,940] Trial 4 finished with values: [0.6046794926626498, 0.47031383074379063] and parameters: {'n_estimators': 325, 'learning_rate': 0.01607123851203988, 'subsample': 0.7168578594140873, 'colsample_bytree': 0.7465447373174767, 'min_child_weight': 5}.
[I 2026-05-15 16:33:54,503] Trial 5 finished with values: [0.6009674417598718, 0.473369902589811] and parameters: {'n_estimators': 404, 'learning_rate': 0.019721610970574007, 'subsample': 0.8056937753654446, 'colsample_bytree': 0.836965827544817, 'min_child_weight': 1}.
[I 2026-05-15 16:33:55,972] Trial 6 finished with values: [0.6013191728580759, 0.5775807124415138] and parameters: {'n_estimators': 324, 'learning_rate': 0.0178601378893971, 'subsample': 0.6260206371941118, 'colsample_bytree': 0.9795542149013333, 'min_child_weight': 10}.
[I 2026-05-15 16:33:57,468] Trial 7 finished with values: [0.6059805278949474, 0.4828303452092526] and parameters: {'n_estimators': 414, 'learning_rate': 0.028180680291847244, 'subsample': 0.6390688456025535, 'colsample_bytree': 0.8736932106048627, 'min_child_weight': 5}.
[I 2026-05-15 16:33:57,999] Trial 8 finished with values: [0.6083159264736853, 0.4166388581802292] and parameters: {'n_estimators': 105, 'learning_rate': 0.05388108577817234, 'subsample': 0.6137554084460873, 'colsample_bytree': 0.9637281608315128, 'min_child_weight': 3}.
[I 2026-05-15 16:33:58,639] Trial 9 finished with values: [0.6082327135994037, 0.4134356616126361] and parameters: {'n_estimators': 348, 'learning_rate': 0.028869220380495747, 'subsample': 0.8080272084711243, 'colsample_bytree': 0.8186841117373118, 'min_child_weight': 2}.
[I 2026-05-15 16:33:59,327] Trial 10 finished with values: [0.5921486520980696, 1.290695165156451] and parameters: {'n_estimators': 487, 'learning_rate': 0.13962563737015762, 'subsample': 0.9757995766256756, 'colsample_bytree': 0.9579309401710595, 'min_child_weight': 6}.
[I 2026-05-15 16:34:00,094] Trial 11 finished with values: [0.6127708501686367, 0.4134906085589412] and parameters: {'n_estimators': 465, 'learning_rate': 0.01351182947645082, 'subsample': 0.6783931449676581, 'colsample_bytree': 0.6180909155642152, 'min_child_weight': 4}.
[I 2026-05-15 16:34:00,620] Trial 12 finished with values: [0.611593900286696, 0.3545283657673674] and parameters: {'n_estimators': 225, 'learning_rate': 0.02516607127550297, 'subsample': 0.9314950036607718, 'colsample_bytree': 0.7427013306774357, 'min_child_weight': 3}.
[I 2026-05-15 16:34:01,284] Trial 13 finished with values: [0.5992011564518254, 0.4923979475914244] and parameters: {'n_estimators': 294, 'learning_rate': 0.016149614799999188, 'subsample': 0.9208787923016158, 'colsample_bytree': 0.6298202574719083, 'min_child_weight': 10}.
[I 2026-05-15 16:34:01,993] Trial 14 finished with values: [0.6122217210785283, 0.43462854570699616] and parameters: {'n_estimators': 398, 'learning_rate': 0.019657448966046126, 'subsample': 0.602208846849441, 'colsample_bytree': 0.9261845713819337, 'min_child_weight': 8}.
[I 2026-05-15 16:34:02,756] Trial 15 finished with values: [0.5837137254444433, 1.4011742569098207] and parameters: {'n_estimators': 378, 'learning_rate': 0.13780336485751998, 'subsample': 0.6296178606936361, 'colsample_bytree': 0.7433862914177091, 'min_child_weight': 2}.
[I 2026-05-15 16:34:03,415] Trial 16 finished with values: [0.5855166884583292, 1.4364990174835124] and parameters: {'n_estimators': 439, 'learning_rate': 0.08330803890301997, 'subsample': 0.7323592099410596, 'colsample_bytree': 0.6254233401144095, 'min_child_weight': 4}.
[I 2026-05-15 16:34:04,041] Trial 17 finished with values: [0.586380193695575, 1.0878096555908818] and parameters: {'n_estimators': 196, 'learning_rate': 0.1195960383019184, 'subsample': 0.8550229885420852, 'colsample_bytree': 0.9548850970305306, 'min_child_weight': 5}.
[I 2026-05-15 16:34:04,480] Trial 18 finished with values: [0.5997282622406932, 0.49108903477078847] and parameters: {'n_estimators': 103, 'learning_rate': 0.1131225105716033, 'subsample': 0.9043140194467589, 'colsample_bytree': 0.8245108790277985, 'min_child_weight': 8}.
[I 2026-05-15 16:34:05,015] Trial 19 finished with values: [0.6124279887557489, 0.846742426213622] and parameters: {'n_estimators': 272, 'learning_rate': 0.05917520523090666, 'subsample': 0.7710164073434198, 'colsample_bytree': 0.610167650697638, 'min_child_weight': 2}.
[I 2026-05-15 16:34:05,398] Trial 20 finished with values: [0.5990101120865363, 0.5570246332535576] and parameters: {'n_estimators': 64, 'learning_rate': 0.08710745900492396, 'subsample': 0.7257423924305306, 'colsample_bytree': 0.8034282764658811, 'min_child_weight': 10}.
[I 2026-05-15 16:34:05,899] Trial 21 finished with values: [0.6078043064631845, 0.4595991723192002] and parameters: {'n_estimators': 162, 'learning_rate': 0.040381768820718394, 'subsample': 0.9022204554172195, 'colsample_bytree': 0.6915192661966489, 'min_child_weight': 1}.
[I 2026-05-15 16:34:06,485] Trial 22 finished with values: [0.6026729197986808, 0.3961706541616542] and parameters: {'n_estimators': 180, 'learning_rate': 0.017303875834205888, 'subsample': 0.9718790609370292, 'colsample_bytree': 0.9232481518257668, 'min_child_weight': 7}.
[I 2026-05-15 16:34:07,178] Trial 23 finished with values: [0.5592759739000407, 2.086937084094938] and parameters: {'n_estimators': 443, 'learning_rate': 0.1538583627271404, 'subsample': 0.6746280235544143, 'colsample_bytree': 0.9570235993959911, 'min_child_weight': 6}.
[I 2026-05-15 16:34:07,833] Trial 24 finished with values: [0.5829313126236514, 1.0655036263075615] and parameters: {'n_estimators': 414, 'learning_rate': 0.21068591627429098, 'subsample': 0.7272013899887455, 'colsample_bytree': 0.6440207698110707, 'min_child_weight': 3}.
[I 2026-05-15 16:34:08,480] Trial 25 finished with values: [0.5824381273026628, 0.8960969554017739] and parameters: {'n_estimators': 242, 'learning_rate': 0.16155001304356414, 'subsample': 0.9442922333025374, 'colsample_bytree': 0.6027808522124762, 'min_child_weight': 6}.
[I 2026-05-15 16:34:09,125] Trial 26 finished with values: [0.6048672549923723, 0.5030102545678743] and parameters: {'n_estimators': 238, 'learning_rate': 0.0212853192163843, 'subsample': 0.6479461469334731, 'colsample_bytree': 0.7350460685614512, 'min_child_weight': 10}.
[I 2026-05-15 16:34:09,624] Trial 27 finished with values: [0.5957282319480545, 0.6399110399311313] and parameters: {'n_estimators': 195, 'learning_rate': 0.05838706626832953, 'subsample': 0.881207583558071, 'colsample_bytree': 0.7454518409517176, 'min_child_weight': 10}.
[I 2026-05-15 16:34:10,488] Trial 28 finished with values: [0.6047236094488994, 0.5778687769789915] and parameters: {'n_estimators': 484, 'learning_rate': 0.023545774516299134, 'subsample': 0.7988994023569542, 'colsample_bytree': 0.7203513239267079, 'min_child_weight': 3}.
[I 2026-05-15 16:34:11,007] Trial 29 finished with values: [0.5961919342480622, 0.49042473318881646] and parameters: {'n_estimators': 66, 'learning_rate': 0.07950609693143304, 'subsample': 0.8010716092915446, 'colsample_bytree': 0.6205915004999957, 'min_child_weight': 3}.
[I 2026-05-15 16:34:11,717] Trial 30 finished with values: [0.5934300402107238, 0.7064442335941908] and parameters: {'n_estimators': 459, 'learning_rate': 0.022587177280197233, 'subsample': 0.6579579488364892, 'colsample_bytree': 0.7957811041110252, 'min_child_weight': 10}.
[I 2026-05-15 16:34:12,177] Trial 31 finished with values: [0.5974273763999841, 0.5740165616911835] and parameters: {'n_estimators': 159, 'learning_rate': 0.09836162684900028, 'subsample': 0.9046478461314871, 'colsample_bytree': 0.6950550175969599, 'min_child_weight': 8}.
[I 2026-05-15 16:34:12,729] Trial 32 finished with values: [0.5993851241649089, 0.6645023665547257] and parameters: {'n_estimators': 215, 'learning_rate': 0.08589984533104164, 'subsample': 0.8534118843043579, 'colsample_bytree': 0.8143098736299034, 'min_child_weight': 1}.
[I 2026-05-15 16:34:13,435] Trial 33 finished with values: [0.6111499119927277, 0.5126949661304196] and parameters: {'n_estimators': 426, 'learning_rate': 0.029773579612263783, 'subsample': 0.6746074041599417, 'colsample_bytree': 0.6163100566219055, 'min_child_weight': 6}.
[I 2026-05-15 16:34:14,058] Trial 34 finished with values: [0.5990393409916965, 0.4571271168290826] and parameters: {'n_estimators': 355, 'learning_rate': 0.01058040360169664, 'subsample': 0.8048372233197124, 'colsample_bytree': 0.6905983100791752, 'min_child_weight': 7}.
[I 2026-05-15 16:34:14,611] Trial 35 finished with values: [0.6162702669641066, 0.6099590254665285] and parameters: {'n_estimators': 128, 'learning_rate': 0.10485733570643786, 'subsample': 0.7546941385202149, 'colsample_bytree': 0.9746919954946938, 'min_child_weight': 2}.
[I 2026-05-15 16:34:15,113] Trial 36 finished with values: [0.6022056127069977, 0.3244343505430033] and parameters: {'n_estimators': 203, 'learning_rate': 0.01471005003927122, 'subsample': 0.9698774473114251, 'colsample_bytree': 0.9509357413523924, 'min_child_weight': 3}.
[I 2026-05-15 16:34:15,863] Trial 37 finished with values: [0.5966930239586994, 1.4874098650380623] and parameters: {'n_estimators': 347, 'learning_rate': 0.16111511355977057, 'subsample': 0.822080324639785, 'colsample_bytree': 0.8118602313424026, 'min_child_weight': 3}.
[I 2026-05-15 16:34:16,387] Trial 38 finished with values: [0.6096435101159037, 0.6264148898373093] and parameters: {'n_estimators': 91, 'learning_rate': 0.21149322814164553, 'subsample': 0.9601672228653322, 'colsample_bytree': 0.8532405829093072, 'min_child_weight': 4}.
[I 2026-05-15 16:34:16,881] Trial 39 finished with values: [0.5929149633066086, 1.003106397601774] and parameters: {'n_estimators': 207, 'learning_rate': 0.11812030596598909, 'subsample': 0.9588441039810308, 'colsample_bytree': 0.954834569706047, 'min_child_weight': 8}.
[I 2026-05-15 16:34:17,492] Trial 40 finished with values: [0.6030800825619183, 0.4757363633493815] and parameters: {'n_estimators': 339, 'learning_rate': 0.013313275850595153, 'subsample': 0.6646514856378455, 'colsample_bytree': 0.9594216754108317, 'min_child_weight': 7}.
[I 2026-05-15 16:34:17,991] Trial 41 finished with values: [0.6045679365362707, 0.4306459210444288] and parameters: {'n_estimators': 54, 'learning_rate': 0.01412166070620751, 'subsample': 0.8654007076432223, 'colsample_bytree': 0.6020246335384875, 'min_child_weight': 2}.
[I 2026-05-15 16:34:18,596] Trial 42 finished with values: [0.6006259319826424, 1.1082823017184904] and parameters: {'n_estimators': 297, 'learning_rate': 0.10519936117151477, 'subsample': 0.8607845038010402, 'colsample_bytree': 0.689707723784224, 'min_child_weight': 8}.
[I 2026-05-15 16:34:19,197] Trial 43 finished with values: [0.6062261648485353, 0.4591197802416154] and parameters: {'n_estimators': 156, 'learning_rate': 0.030245085073501415, 'subsample': 0.8985965620472096, 'colsample_bytree': 0.8598531596188859, 'min_child_weight': 9}.
[I 2026-05-15 16:34:19,928] Trial 44 finished with values: [0.6000702958492969, 0.8496939193249011] and parameters: {'n_estimators': 346, 'learning_rate': 0.06909724267901692, 'subsample': 0.637469907131237, 'colsample_bytree': 0.7470863212237734, 'min_child_weight': 3}.
[I 2026-05-15 16:34:20,519] Trial 45 finished with values: [0.5958733847934722, 1.461818918208522] and parameters: {'n_estimators': 160, 'learning_rate': 0.2736872535680783, 'subsample': 0.7572390898667042, 'colsample_bytree': 0.9568186220708453, 'min_child_weight': 7}.
[I 2026-05-15 16:34:21,306] Trial 46 finished with values: [0.6091197867653658, 0.7522970767494153] and parameters: {'n_estimators': 408, 'learning_rate': 0.05526573288655769, 'subsample': 0.8307615538505436, 'colsample_bytree': 0.7970070775275455, 'min_child_weight': 2}.
[I 2026-05-15 16:34:22,074] Trial 47 finished with values: [0.605949690381139, 0.4324672692899165] and parameters: {'n_estimators': 375, 'learning_rate': 0.025985724173338116, 'subsample': 0.6097263865725815, 'colsample_bytree': 0.858188918362867, 'min_child_weight': 2}.
[I 2026-05-15 16:34:22,900] Trial 48 finished with values: [0.5847002755592873, 1.6741788714777435] and parameters: {'n_estimators': 474, 'learning_rate': 0.25648866468880704, 'subsample': 0.9659457560881795, 'colsample_bytree': 0.7480634801021777, 'min_child_weight': 1}.
[I 2026-05-15 16:34:23,602] Trial 49 finished with values: [0.5961588610499217, 0.726105835889838] and parameters: {'n_estimators': 468, 'learning_rate': 0.042902233912047165, 'subsample': 0.9866619276174678, 'colsample_bytree': 0.9854479908357011, 'min_child_weight': 9}.
[I 2026-05-15 16:34:24,309] Trial 50 finished with values: [0.6051941534661766, 0.4295406753249595] and parameters: {'n_estimators': 325, 'learning_rate': 0.01607123851203988, 'subsample': 0.7710164073434198, 'colsample_bytree': 0.610167650697638, 'min_child_weight': 3}.
[I 2026-05-15 16:34:24,961] Trial 51 finished with values: [0.5998666632300583, 0.6585886259955421] and parameters: {'n_estimators': 215, 'learning_rate': 0.08589984533104164, 'subsample': 0.8534118843043579, 'colsample_bytree': 0.8143098736299034, 'min_child_weight': 4}.
[I 2026-05-15 16:34:25,736] Trial 52 finished with values: [0.5822970085710357, 1.5321186671893003] and parameters: {'n_estimators': 433, 'learning_rate': 0.2708160864249968, 'subsample': 0.9329770563201687, 'colsample_bytree': 0.6849356442713105, 'min_child_weight': 2}.
[I 2026-05-15 16:34:26,241] Trial 53 finished with values: [0.593049299791734, 0.5258888554656899] and parameters: {'n_estimators': 64, 'learning_rate': 0.029385442161128397, 'subsample': 0.6137554084460873, 'colsample_bytree': 0.9637281608315128, 'min_child_weight': 10}.
[I 2026-05-15 16:34:26,978] Trial 54 finished with values: [0.6043815463431079, 0.42200169256970277] and parameters: {'n_estimators': 346, 'learning_rate': 0.017797595772834223, 'subsample': 0.7988994023569542, 'colsample_bytree': 0.82272050498334, 'min_child_weight': 3}.
[I 2026-05-15 16:34:27,694] Trial 55 finished with values: [0.5739065741180622, 1.7074137467288861] and parameters: {'n_estimators': 414, 'learning_rate': 0.24144271975982237, 'subsample': 0.7272013899887455, 'colsample_bytree': 0.6440207698110707, 'min_child_weight': 7}.
[I 2026-05-15 16:34:28,225] Trial 56 finished with values: [0.5975534146658825, 0.43068646573451064] and parameters: {'n_estimators': 91, 'learning_rate': 0.01412166070620751, 'subsample': 0.9601672228653322, 'colsample_bytree': 0.6020246335384875, 'min_child_weight': 4}.
[I 2026-05-15 16:34:28,915] Trial 57 finished with values: [0.611385524845959, 0.6904455650041667] and parameters: {'n_estimators': 404, 'learning_rate': 0.06951034928701941, 'subsample': 0.9329770563201687, 'colsample_bytree': 0.6388705975083074, 'min_child_weight': 7}.
[I 2026-05-15 16:34:29,549] Trial 58 finished with values: [0.6042362834919269, 0.33749653940804714] and parameters: {'n_estimators': 203, 'learning_rate': 0.017303875834205888, 'subsample': 0.9698774473114251, 'colsample_bytree': 0.9960215400417053, 'min_child_weight': 3}.
[I 2026-05-15 16:34:30,355] Trial 59 finished with values: [0.6086950337710648, 0.43336439754609507] and parameters: {'n_estimators': 459, 'learning_rate': 0.01610352961694889, 'subsample': 0.8073318609454947, 'colsample_bytree': 0.610167650697638, 'min_child_weight': 2}.
[I 2026-05-15 16:34:31,062] Trial 60 finished with values: [0.6089960485820378, 0.31735530257493544] and parameters: {'n_estimators': 346, 'learning_rate': 0.01471005003927122, 'subsample': 0.9698774473114251, 'colsample_bytree': 0.9509492287711822, 'min_child_weight': 3}.
[I 2026-05-15 16:34:31,610] Trial 61 finished with values: [0.6048743622270468, 0.5329087260352361] and parameters: {'n_estimators': 120, 'learning_rate': 0.08330803890301997, 'subsample': 0.8963074471016818, 'colsample_bytree': 0.6254233401144095, 'min_child_weight': 4}.
[I 2026-05-15 16:34:32,238] Trial 62 finished with values: [0.5903440737077543, 1.2826553466860642] and parameters: {'n_estimators': 347, 'learning_rate': 0.10704755834674413, 'subsample': 0.7168578594140873, 'colsample_bytree': 0.7465447373174767, 'min_child_weight': 8}.
[I 2026-05-15 16:34:32,843] Trial 63 finished with values: [0.5908755555527458, 0.8366302997571665] and parameters: {'n_estimators': 215, 'learning_rate': 0.08589984533104164, 'subsample': 0.8534118843043579, 'colsample_bytree': 0.8245108790277985, 'min_child_weight': 8}.
[I 2026-05-15 16:34:33,555] Trial 64 finished with values: [0.5932121388980148, 1.6710337689034493] and parameters: {'n_estimators': 468, 'learning_rate': 0.16155001304356414, 'subsample': 0.9866619276174678, 'colsample_bytree': 0.6027808522124762, 'min_child_weight': 9}.
[I 2026-05-15 16:34:34,388] Trial 65 finished with values: [0.6077175153933442, 0.5437817400297612] and parameters: {'n_estimators': 487, 'learning_rate': 0.028180680291847244, 'subsample': 0.6390688456025535, 'colsample_bytree': 0.8736932106048627, 'min_child_weight': 5}.
[I 2026-05-15 16:34:34,957] Trial 66 finished with values: [0.6162702669641066, 0.6099590254665285] and parameters: {'n_estimators': 128, 'learning_rate': 0.10485733570643786, 'subsample': 0.7546941385202149, 'colsample_bytree': 0.9746919954946938, 'min_child_weight': 2}.
[I 2026-05-15 16:34:35,777] Trial 67 finished with values: [0.6087762949444186, 0.37995155544694836] and parameters: {'n_estimators': 465, 'learning_rate': 0.01351182947645082, 'subsample': 0.6783931449676581, 'colsample_bytree': 0.6180909155642152, 'min_child_weight': 1}.
[I 2026-05-15 16:34:36,454] Trial 68 finished with values: [0.6000321338800108, 0.796933426742101] and parameters: {'n_estimators': 272, 'learning_rate': 0.05917520523090666, 'subsample': 0.7168578594140873, 'colsample_bytree': 0.610167650697638, 'min_child_weight': 5}.
[I 2026-05-15 16:34:37,168] Trial 69 finished with values: [0.6014257112407024, 0.4201375575472269] and parameters: {'n_estimators': 355, 'learning_rate': 0.01058040360169664, 'subsample': 0.8048372233197124, 'colsample_bytree': 0.6905983100791752, 'min_child_weight': 4}.
[I 2026-05-15 16:34:37,577] Trial 70 finished with values: [0.6003844702855835, 0.4367001911196165] and parameters: {'n_estimators': 54, 'learning_rate': 0.012184186502221764, 'subsample': 0.8654007076432223, 'colsample_bytree': 0.8404460046972835, 'min_child_weight': 8}.
[I 2026-05-15 16:34:38,145] Trial 71 finished with values: [0.6072885502559998, 0.5301144304696139] and parameters: {'n_estimators': 272, 'learning_rate': 0.028180680291847244, 'subsample': 0.7710164073434198, 'colsample_bytree': 0.7174367377057973, 'min_child_weight': 9}.
[I 2026-05-15 16:34:38,904] Trial 72 finished with values: [0.6014104351423313, 0.45020188265347655] and parameters: {'n_estimators': 415, 'learning_rate': 0.019721610970574007, 'subsample': 0.9022204554172195, 'colsample_bytree': 0.6915192661966489, 'min_child_weight': 1}.
[I 2026-05-15 16:34:39,432] Trial 73 finished with values: [0.6033239682795704, 0.46564418150358994] and parameters: {'n_estimators': 207, 'learning_rate': 0.02516607127550297, 'subsample': 0.9588441039810308, 'colsample_bytree': 0.9468289274320415, 'min_child_weight': 8}.
[I 2026-05-15 16:34:40,131] Trial 74 finished with values: [0.6098431207299113, 0.5238350753807806] and parameters: {'n_estimators': 408, 'learning_rate': 0.029773579612263783, 'subsample': 0.6746074041599417, 'colsample_bytree': 0.6163100566219055, 'min_child_weight': 6}.
[I 2026-05-15 16:34:40,730] Trial 75 finished with values: [0.6139972691442646, 0.621784953960185] and parameters: {'n_estimators': 294, 'learning_rate': 0.040381768820718394, 'subsample': 0.9022204554172195, 'colsample_bytree': 0.9652962210225885, 'min_child_weight': 1}.
[I 2026-05-15 16:34:41,254] Trial 76 finished with values: [0.6167586770843225, 0.351646615406685] and parameters: {'n_estimators': 203, 'learning_rate': 0.028869220380495747, 'subsample': 0.9698774473114251, 'colsample_bytree': 0.8186841117373118, 'min_child_weight': 3}.
