[I 2026-05-15 16:34:41,943] Trial 77 finished with values: [0.5895412326040292, 0.7883589037620936] and parameters: {'n_estimators': 280, 'learning_rate': 0.05917520523090666, 'subsample': 0.8006065178748798, 'colsample_bytree': 0.9746919954946938, 'min_child_weight': 8}.
[I 2026-05-15 16:34:42,607] Trial 78 finished with values: [0.6039438142080761, 0.4300275330500785] and parameters: {'n_estimators': 355, 'learning_rate': 0.01058040360169664, 'subsample': 0.8599855723111061, 'colsample_bytree': 0.9232481518257668, 'min_child_weight': 7}.
[I 2026-05-15 16:34:43,354] Trial 79 finished with values: [0.609687225965445, 0.6763770462571548] and parameters: {'n_estimators': 348, 'learning_rate': 0.05388108577817234, 'subsample': 0.8080272084711243, 'colsample_bytree': 0.9637281608315128, 'min_child_weight': 3}.
[I 2026-05-15 16:34:44,171] Trial 80 finished with values: [0.6037546012772179, 0.46985852912031517] and parameters: {'n_estimators': 339, 'learning_rate': 0.013313275850595153, 'subsample': 0.6646514856378455, 'colsample_bytree': 0.8807867509030813, 'min_child_weight': 7}.
[I 2026-05-15 16:34:44,993] Trial 81 finished with values: [0.5813246800032053, 1.261426177418428] and parameters: {'n_estimators': 408, 'learning_rate': 0.2063696403063293, 'subsample': 0.7168578594140873, 'colsample_bytree': 0.7970070775275455, 'min_child_weight': 5}.
[I 2026-05-15 16:34:45,612] Trial 82 finished with values: [0.6026221670896605, 0.5040479008551229] and parameters: {'n_estimators': 156, 'learning_rate': 0.023545774516299134, 'subsample': 0.7988994023569542, 'colsample_bytree': 0.7351980627406143, 'min_child_weight': 4}.
[I 2026-05-15 16:34:46,521] Trial 83 finished with values: [0.6048303942643534, 0.4153195439975906] and parameters: {'n_estimators': 414, 'learning_rate': 0.01471005003927122, 'subsample': 0.6390688456025535, 'colsample_bytree': 0.9509357413523924, 'min_child_weight': 1}.
[I 2026-05-15 16:34:47,040] Trial 84 finished with values: [0.5983817965258516, 0.4273459073128049] and parameters: {'n_estimators': 59, 'learning_rate': 0.1131225105716033, 'subsample': 0.9329770563201687, 'colsample_bytree': 0.8245108790277985, 'min_child_weight': 2}.
[I 2026-05-15 16:34:47,721] Trial 85 finished with values: [0.6039178554322262, 0.4339896277855235] and parameters: {'n_estimators': 215, 'learning_rate': 0.019721610970574007, 'subsample': 0.8313120563984696, 'colsample_bytree': 0.836965827544817, 'min_child_weight': 1}.
[I 2026-05-15 16:34:48,134] Trial 86 finished with values: [0.6018909123381864, 0.41994698920455686] and parameters: {'n_estimators': 66, 'learning_rate': 0.04872420129560894, 'subsample': 0.9046478461314871, 'colsample_bytree': 0.6950550175969599, 'min_child_weight': 10}.
[I 2026-05-15 16:34:48,814] Trial 87 finished with values: [0.6086630189520348, 0.3726077635293811] and parameters: {'n_estimators': 294, 'learning_rate': 0.028180680291847244, 'subsample': 0.6390688456025535, 'colsample_bytree': 0.9746919954946938, 'min_child_weight': 5}.
[I 2026-05-15 16:34:49,318] Trial 88 finished with values: [0.604961147710694, 0.4576496925362232] and parameters: {'n_estimators': 179, 'learning_rate': 0.025985724173338116, 'subsample': 0.7168578594140873, 'colsample_bytree': 0.7465447373174767, 'min_child_weight': 2}.
[I 2026-05-15 16:34:49,876] Trial 89 finished with values: [0.6078043064631845, 0.4595991723192002] and parameters: {'n_estimators': 162, 'learning_rate': 0.040381768820718394, 'subsample': 0.9022204554172195, 'colsample_bytree': 0.6915192661966489, 'min_child_weight': 1}.
[I 2026-05-15 16:34:50,509] Trial 90 finished with values: [0.603680138776518, 0.4318276898993334] and parameters: {'n_estimators': 348, 'learning_rate': 0.028869220380495747, 'subsample': 0.8363333042276043, 'colsample_bytree': 0.8186841117373118, 'min_child_weight': 1}.
[I 2026-05-15 16:34:51,296] Trial 91 finished with values: [0.6086769824077517, 0.39133266885418394] and parameters: {'n_estimators': 468, 'learning_rate': 0.01351182947645082, 'subsample': 0.9866619276174678, 'colsample_bytree': 0.6149392754996857, 'min_child_weight': 4}.
[I 2026-05-15 16:34:51,944] Trial 92 finished with values: [0.6011124804640665, 0.6661586513075763] and parameters: {'n_estimators': 426, 'learning_rate': 0.029773579612263783, 'subsample': 0.8048372233197124, 'colsample_bytree': 0.6163100566219055, 'min_child_weight': 7}.
[I 2026-05-15 16:34:52,753] Trial 93 finished with values: [0.5948162717045709, 0.733835947843556] and parameters: {'n_estimators': 420, 'learning_rate': 0.03404436610591982, 'subsample': 0.6508242050607539, 'colsample_bytree': 0.8186841117373118, 'min_child_weight': 6}.
[I 2026-05-15 16:34:53,507] Trial 94 finished with values: [0.5865086280835333, 1.1051478958414391] and parameters: {'n_estimators': 339, 'learning_rate': 0.13720623374101712, 'subsample': 0.6863284109987373, 'colsample_bytree': 0.8491561903276001, 'min_child_weight': 1}.
[I 2026-05-15 16:34:54,154] Trial 95 finished with values: [0.6025072720552542, 0.3917449517931808] and parameters: {'n_estimators': 225, 'learning_rate': 0.01607123851203988, 'subsample': 0.7168578594140873, 'colsample_bytree': 0.7465447373174767, 'min_child_weight': 1}.
[I 2026-05-15 16:34:54,621] Trial 96 finished with values: [0.5822948575453729, 0.9173853725698706] and parameters: {'n_estimators': 128, 'learning_rate': 0.10485733570643786, 'subsample': 0.8125418526272592, 'colsample_bytree': 0.8736932106048627, 'min_child_weight': 2}.
[I 2026-05-15 16:34:55,220] Trial 97 finished with values: [0.6035083373727296, 0.43196774099786595] and parameters: {'n_estimators': 293, 'learning_rate': 0.025985724173338116, 'subsample': 0.6097263865725815, 'colsample_bytree': 0.858188918362867, 'min_child_weight': 2}.
[I 2026-05-15 16:34:55,908] Trial 98 finished with values: [0.5948481833566132, 0.6747859017765739] and parameters: {'n_estimators': 439, 'learning_rate': 0.030245085073501415, 'subsample': 0.8985965620472096, 'colsample_bytree': 0.8598531596188859, 'min_child_weight': 9}.
[I 2026-05-15 16:34:56,688] Trial 99 finished with values: [0.6126407607586525, 0.36513261412240355] and parameters: {'n_estimators': 426, 'learning_rate': 0.01471005003927122, 'subsample': 0.8549719605992826, 'colsample_bytree': 0.9509357413523924, 'min_child_weight': 3}.
[I 2026-05-15 16:34:57,323] Trial 100 finished with values: [0.6072396116857277, 0.4146842995750298] and parameters: {'n_estimators': 377, 'learning_rate': 0.017797595772834223, 'subsample': 0.7988994023569542, 'colsample_bytree': 0.9509357413523924, 'min_child_weight': 3}.
[I 2026-05-15 16:34:57,961] Trial 101 finished with values: [0.6022056127069977, 0.3244343505430033] and parameters: {'n_estimators': 203, 'learning_rate': 0.01471005003927122, 'subsample': 0.9698774473114251, 'colsample_bytree': 0.9509357413523924, 'min_child_weight': 3}.
[I 2026-05-15 16:34:58,526] Trial 102 finished with values: [0.60682439292845, 0.37428988847075556] and parameters: {'n_estimators': 272, 'learning_rate': 0.01471005003927122, 'subsample': 0.8549719605992826, 'colsample_bytree': 0.9509357413523924, 'min_child_weight': 3}.
[I 2026-05-15 16:34:59,238] Trial 103 finished with values: [0.6018837143288629, 0.6422607718542195] and parameters: {'n_estimators': 490, 'learning_rate': 0.028180680291847244, 'subsample': 0.6390688456025535, 'colsample_bytree': 0.6163100566219055, 'min_child_weight': 5}.
[I 2026-05-15 16:34:59,828] Trial 104 finished with values: [0.6060534216795923, 0.7094497165629698] and parameters: {'n_estimators': 162, 'learning_rate': 0.10485733570643786, 'subsample': 0.7546941385202149, 'colsample_bytree': 0.9746919954946938, 'min_child_weight': 1}.
[I 2026-05-15 16:35:00,306] Trial 105 finished with values: [0.6062322146901078, 0.34985792281467953] and parameters: {'n_estimators': 128, 'learning_rate': 0.01471005003927122, 'subsample': 0.9698774473114251, 'colsample_bytree': 0.9746919954946938, 'min_child_weight': 3}.
[I 2026-05-15 16:35:00,950] Trial 106 finished with values: [0.6043164097006655, 0.5993626696730553] and parameters: {'n_estimators': 414, 'learning_rate': 0.057894621409801394, 'subsample': 0.9698774473114251, 'colsample_bytree': 0.8736932106048627, 'min_child_weight': 5}.
[I 2026-05-15 16:35:01,488] Trial 107 finished with values: [0.6152970903026885, 0.40872911972945014] and parameters: {'n_estimators': 355, 'learning_rate': 0.029994793096631372, 'subsample': 0.8080272084711243, 'colsample_bytree': 0.9232481518257668, 'min_child_weight': 3}.
[I 2026-05-15 16:35:02,236] Trial 108 finished with values: [0.6080301218179806, 0.6785929377129234] and parameters: {'n_estimators': 487, 'learning_rate': 0.028180680291847244, 'subsample': 0.6783931449676581, 'colsample_bytree': 0.8736932106048627, 'min_child_weight': 4}.
[I 2026-05-15 16:35:03,007] Trial 109 finished with values: [0.6061524212723753, 0.4331325628023463] and parameters: {'n_estimators': 408, 'learning_rate': 0.01351182947645082, 'subsample': 0.7710164073434198, 'colsample_bytree': 0.610167650697638, 'min_child_weight': 4}.
[I 2026-05-15 16:35:03,823] Trial 110 finished with values: [0.6126407607586525, 0.36513261412240355] and parameters: {'n_estimators': 426, 'learning_rate': 0.01471005003927122, 'subsample': 0.8549719605992826, 'colsample_bytree': 0.9509357413523924, 'min_child_weight': 3}.
[I 2026-05-15 16:35:04,524] Trial 111 finished with values: [0.607546073720773, 0.40963524225543724] and parameters: {'n_estimators': 325, 'learning_rate': 0.01607123851203988, 'subsample': 0.7710164073434198, 'colsample_bytree': 0.7755885682822544, 'min_child_weight': 1}.
[I 2026-05-15 16:35:05,267] Trial 112 finished with values: [0.6048637790920958, 0.3877401579092644] and parameters: {'n_estimators': 346, 'learning_rate': 0.01471005003927122, 'subsample': 0.9698774473114251, 'colsample_bytree': 0.9746919954946938, 'min_child_weight': 5}.
[I 2026-05-15 16:35:05,899] Trial 113 finished with values: [0.6110709970742585, 0.37309934813160694] and parameters: {'n_estimators': 375, 'learning_rate': 0.01471005003927122, 'subsample': 0.6097263865725815, 'colsample_bytree': 0.9509357413523924, 'min_child_weight': 3}.
[I 2026-05-15 16:35:06,352] Trial 114 finished with values: [0.6049382848414947, 0.8188466267263455] and parameters: {'n_estimators': 128, 'learning_rate': 0.10485733570643786, 'subsample': 0.6313825525369063, 'colsample_bytree': 0.9746919954946938, 'min_child_weight': 2}.
[I 2026-05-15 16:35:06,914] Trial 115 finished with values: [0.6003096138625578, 0.43542668127152506] and parameters: {'n_estimators': 105, 'learning_rate': 0.0212853192163843, 'subsample': 0.6137554084460873, 'colsample_bytree': 0.9637281608315128, 'min_child_weight': 1}.
[I 2026-05-15 16:35:07,360] Trial 116 finished with values: [0.6117624476780372, 0.36400220661933985] and parameters: {'n_estimators': 105, 'learning_rate': 0.05388108577817234, 'subsample': 0.98505936587117, 'colsample_bytree': 0.9637281608315128, 'min_child_weight': 3}.
[I 2026-05-15 16:35:08,038] Trial 117 finished with values: [0.6081575522194369, 0.39197678851645607] and parameters: {'n_estimators': 468, 'learning_rate': 0.01351182947645082, 'subsample': 0.9718790609370292, 'colsample_bytree': 0.6149392754996857, 'min_child_weight': 4}.
[I 2026-05-15 16:35:08,826] Trial 118 finished with values: [0.5984989746884711, 0.54965127223581] and parameters: {'n_estimators': 465, 'learning_rate': 0.01351182947645082, 'subsample': 0.7988994023569542, 'colsample_bytree': 0.7203513239267079, 'min_child_weight': 9}.
[I 2026-05-15 16:35:09,224] Trial 119 finished with values: [0.6119078246999068, 0.5101832150167572] and parameters: {'n_estimators': 54, 'learning_rate': 0.10666901691534954, 'subsample': 0.7546941385202149, 'colsample_bytree': 0.9746919954946938, 'min_child_weight': 2}.
[I 2026-05-15 16:35:09,934] Trial 120 finished with values: [0.6078776663730062, 0.8285696353383786] and parameters: {'n_estimators': 355, 'learning_rate': 0.04018584329485903, 'subsample': 0.7710164073434198, 'colsample_bytree': 0.6693177280283383, 'min_child_weight': 7}.
[I 2026-05-15 16:35:10,420] Trial 121 finished with values: [0.6001163614619027, 0.41470685085063363] and parameters: {'n_estimators': 180, 'learning_rate': 0.01702458290769914, 'subsample': 0.9718790609370292, 'colsample_bytree': 0.9232481518257668, 'min_child_weight': 9}.
[I 2026-05-15 16:35:11,241] Trial 122 finished with values: [0.6118825719567279, 0.4608744456404443] and parameters: {'n_estimators': 414, 'learning_rate': 0.023422815835049925, 'subsample': 0.8196906658824482, 'colsample_bytree': 0.9509357413523924, 'min_child_weight': 1}.
[I 2026-05-15 16:35:11,745] Trial 123 finished with values: [0.6111967968594675, 0.4397502319124955] and parameters: {'n_estimators': 162, 'learning_rate': 0.04872420129560894, 'subsample': 0.9046478461314871, 'colsample_bytree': 0.6915192661966489, 'min_child_weight': 10}.
[I 2026-05-15 16:35:12,310] Trial 124 finished with values: [0.5884175432928507, 0.8686168682326093] and parameters: {'n_estimators': 128, 'learning_rate': 0.11364355894710455, 'subsample': 0.7988994023569542, 'colsample_bytree': 0.9746919954946938, 'min_child_weight': 3}.
[I 2026-05-15 16:35:12,824] Trial 125 finished with values: [0.5985362548662628, 0.9283526985208763] and parameters: {'n_estimators': 225, 'learning_rate': 0.09444774154985085, 'subsample': 0.8599855723111061, 'colsample_bytree': 0.7427013306774357, 'min_child_weight': 3}.
[I 2026-05-15 16:35:13,505] Trial 126 finished with values: [0.6091361610925276, 0.4686403020765443] and parameters: {'n_estimators': 398, 'learning_rate': 0.019657448966046126, 'subsample': 0.7119735587783771, 'colsample_bytree': 0.9746919954946938, 'min_child_weight': 8}.
[I 2026-05-15 16:35:14,087] Trial 127 finished with values: [0.6150294162615438, 0.43880778564404893] and parameters: {'n_estimators': 294, 'learning_rate': 0.029773579612263783, 'subsample': 0.6746074041599417, 'colsample_bytree': 0.6163100566219055, 'min_child_weight': 5}.
[I 2026-05-15 16:35:14,910] Trial 128 finished with values: [0.5809267837534271, 1.4982652815177333] and parameters: {'n_estimators': 480, 'learning_rate': 0.12301645833176054, 'subsample': 0.8217416210045603, 'colsample_bytree': 0.8446882984937409, 'min_child_weight': 5}.
[I 2026-05-15 16:35:15,759] Trial 129 finished with values: [0.6132380018981809, 0.3702519525710765] and parameters: {'n_estimators': 468, 'learning_rate': 0.028180680291847244, 'subsample': 0.6390688456025535, 'colsample_bytree': 0.9746919954946938, 'min_child_weight': 4}.
[I 2026-05-15 16:35:16,187] Trial 130 finished with values: [0.600487243786461, 0.4302129570236374] and parameters: {'n_estimators': 91, 'learning_rate': 0.21149322814164553, 'subsample': 0.9601672228653322, 'colsample_bytree': 0.699092395800463, 'min_child_weight': 3}.
[I 2026-05-15 16:35:16,696] Trial 131 finished with values: [0.6057159790946909, 0.5488275211337947] and parameters: {'n_estimators': 348, 'learning_rate': 0.028869220380495747, 'subsample': 0.602208846849441, 'colsample_bytree': 0.7423890714605046, 'min_child_weight': 8}.
[I 2026-05-15 16:35:17,140] Trial 132 finished with values: [0.6000091667957204, 0.44523877185346794] and parameters: {'n_estimators': 91, 'learning_rate': 0.010501731925367071, 'subsample': 0.8549719605992826, 'colsample_bytree': 0.9509357413523924, 'min_child_weight': 4}.
[I 2026-05-15 16:35:17,795] Trial 133 finished with values: [0.5996548656883876, 0.785859725508557] and parameters: {'n_estimators': 348, 'learning_rate': 0.05388108577817234, 'subsample': 0.8080272084711243, 'colsample_bytree': 0.8186841117373118, 'min_child_weight': 2}.
[I 2026-05-15 16:35:18,336] Trial 134 finished with values: [0.604983757338547, 0.3882476523318943] and parameters: {'n_estimators': 272, 'learning_rate': 0.01471005003927122, 'subsample': 0.9698774473114251, 'colsample_bytree': 0.610167650697638, 'min_child_weight': 2}.
[I 2026-05-15 16:35:18,794] Trial 135 finished with values: [0.6083159264736853, 0.4166388581802292] and parameters: {'n_estimators': 105, 'learning_rate': 0.05388108577817234, 'subsample': 0.6137554084460873, 'colsample_bytree': 0.9637281608315128, 'min_child_weight': 3}.
[I 2026-05-15 16:35:19,447] Trial 136 finished with values: [0.5946342737174198, 0.470397533908575] and parameters: {'n_estimators': 225, 'learning_rate': 0.011693687409928539, 'subsample': 0.616291520927588, 'colsample_bytree': 0.7465447373174767, 'min_child_weight': 1}.
[I 2026-05-15 16:35:20,192] Trial 137 finished with values: [0.5814421344193681, 1.5430385747073723] and parameters: {'n_estimators': 465, 'learning_rate': 0.183492792986878, 'subsample': 0.8814631437520095, 'colsample_bytree': 0.78966953163493, 'min_child_weight': 1}.
[I 2026-05-15 16:35:20,742] Trial 138 finished with values: [0.6025072720552542, 0.3917449517931808] and parameters: {'n_estimators': 225, 'learning_rate': 0.01607123851203988, 'subsample': 0.7168578594140873, 'colsample_bytree': 0.7465447373174767, 'min_child_weight': 1}.
[I 2026-05-15 16:35:21,365] Trial 139 finished with values: [0.5961743989455244, 0.4518218442469751] and parameters: {'n_estimators': 346, 'learning_rate': 0.01471005003927122, 'subsample': 0.7988994023569542, 'colsample_bytree': 0.82272050498334, 'min_child_weight': 3}.
[I 2026-05-15 16:35:21,933] Trial 140 finished with values: [0.6105020048606902, 0.4525386612525889] and parameters: {'n_estimators': 238, 'learning_rate': 0.02516607127550297, 'subsample': 0.6479461469334731, 'colsample_bytree': 0.7350460685614512, 'min_child_weight': 5}.
[I 2026-05-15 16:35:22,761] Trial 141 finished with values: [0.6000123726314052, 0.5224174698559256] and parameters: {'n_estimators': 468, 'learning_rate': 0.01351182947645082, 'subsample': 0.8048372233197124, 'colsample_bytree': 0.6149392754996857, 'min_child_weight': 4}.
[I 2026-05-15 16:35:23,338] Trial 142 finished with values: [0.6065127067998564, 0.5423336355782595] and parameters: {'n_estimators': 91, 'learning_rate': 0.05388108577817234, 'subsample': 0.7893887083122263, 'colsample_bytree': 0.8532405829093072, 'min_child_weight': 2}.
[I 2026-05-15 16:35:23,883] Trial 143 finished with values: [0.6090440052552785, 0.33783736598022246] and parameters: {'n_estimators': 105, 'learning_rate': 0.043737251953017454, 'subsample': 0.9698774473114251, 'colsample_bytree': 0.9637281608315128, 'min_child_weight': 3}.
[I 2026-05-15 16:35:24,645] Trial 144 finished with values: [0.604923327681763, 0.9791544401262886] and parameters: {'n_estimators': 468, 'learning_rate': 0.06951034928701941, 'subsample': 0.9329770563201687, 'colsample_bytree': 0.6149392754996857, 'min_child_weight': 4}.
[I 2026-05-15 16:35:25,146] Trial 145 finished with values: [0.6034311201811586, 0.4770913614250182] and parameters: {'n_estimators': 59, 'learning_rate': 0.1131225105716033, 'subsample': 0.9329770563201687, 'colsample_bytree': 0.7594018937589494, 'min_child_weight': 7}.
[I 2026-05-15 16:35:25,888] Trial 146 finished with values: [0.6015402688866864, 1.118860677263494] and parameters: {'n_estimators': 346, 'learning_rate': 0.08671821512512803, 'subsample': 0.6097263865725815, 'colsample_bytree': 0.82272050498334, 'min_child_weight': 2}.
[I 2026-05-15 16:35:26,401] Trial 147 finished with values: [0.60081964502808, 0.44356377839297617] and parameters: {'n_estimators': 70, 'learning_rate': 0.01610352961694889, 'subsample': 0.7498450458505885, 'colsample_bytree': 0.610167650697638, 'min_child_weight': 2}.
[I 2026-05-15 16:35:27,117] Trial 148 finished with values: [0.6016714828965325, 0.40727577826300065] and parameters: {'n_estimators': 398, 'learning_rate': 0.019657448966046126, 'subsample': 0.602208846849441, 'colsample_bytree': 0.9261845713819337, 'min_child_weight': 3}.
[I 2026-05-15 16:35:27,886] Trial 149 finished with values: [0.6158484828036154, 0.4117554234461915] and parameters: {'n_estimators': 346, 'learning_rate': 0.02516607127550297, 'subsample': 0.9698774473114251, 'colsample_bytree': 0.7427013306774357, 'min_child_weight': 3}.
[I 2026-05-15 16:35:28,466] Trial 150 finished with values: [0.6187798037602817, 0.35279974265075487] and parameters: {'n_estimators': 294, 'learning_rate': 0.029773579612263783, 'subsample': 0.9866619276174678, 'colsample_bytree': 0.8503439662856945, 'min_child_weight': 4}.
[I 2026-05-15 16:35:29,248] Trial 151 finished with values: [0.6036542425170663, 0.42735345905612] and parameters: {'n_estimators': 426, 'learning_rate': 0.01471005003927122, 'subsample': 0.8012545034320351, 'colsample_bytree': 0.9746919954946938, 'min_child_weight': 3}.
[I 2026-05-15 16:35:29,812] Trial 152 finished with values: [0.6081366423834434, 0.375552252027714] and parameters: {'n_estimators': 105, 'learning_rate': 0.01471005003927122, 'subsample': 0.98505936587117, 'colsample_bytree': 0.9509492287711822, 'min_child_weight': 3}.
[I 2026-05-15 16:35:30,311] Trial 153 finished with values: [0.611603289453164, 0.4035033528770171] and parameters: {'n_estimators': 162, 'learning_rate': 0.028180680291847244, 'subsample': 0.9022204554172195, 'colsample_bytree': 0.9425959364753289, 'min_child_weight': 1}.
[I 2026-05-15 16:35:31,009] Trial 154 finished with values: [0.6021013752944674, 0.4503274564554383] and parameters: {'n_estimators': 348, 'learning_rate': 0.01351182947645082, 'subsample': 0.6783931449676581, 'colsample_bytree': 0.8186841117373118, 'min_child_weight': 2}.
[I 2026-05-15 16:35:31,472] Trial 155 finished with values: [0.6208029225087256, 0.3094483035340599] and parameters: {'n_estimators': 128, 'learning_rate': 0.05388108577817234, 'subsample': 0.9698774473114251, 'colsample_bytree': 0.9746919954946938, 'min_child_weight': 3}.
[I 2026-05-15 16:35:32,152] Trial 156 finished with values: [0.5985886414592401, 1.042273649447311] and parameters: {'n_estimators': 238, 'learning_rate': 0.09396591857488666, 'subsample': 0.7710164073434198, 'colsample_bytree': 0.7350460685614512, 'min_child_weight': 2}.
