[I 2026-05-15 18:24:36,676] Trial 247 finished with value: 0.21995021337126597 and parameters: {'n_estimators': 216, 'learning_rate': 0.18913066193087913, 'subsample': 0.7892839626766228, 'colsample_bytree': 0.9872773711658887, 'min_child_weight': 2}. Best is trial 67 with value: 0.6360241820768137.
/home/mklemmingen/PycharmProjects/migraine-forecasting-shd/.venv/lib/python3.13/site-packages/sklearn/metrics/_ranking.py:424: UndefinedMetricWarning: Only one class is present in y_true. ROC AUC score is not defined in that case.
  warnings.warn(
/home/mklemmingen/PycharmProjects/migraine-forecasting-shd/.venv/lib/python3.13/site-packages/sklearn/metrics/_ranking.py:1046: UserWarning: No positive class found in y_true, recall is set to one for all thresholds.
  warnings.warn(
[I 2026-05-15 18:24:37,296] Trial 248 finished with value: 0.1941678520625889 and parameters: {'n_estimators': 441, 'learning_rate': 0.14032263056055083, 'subsample': 0.9083687378576208, 'colsample_bytree': 0.937913291246755, 'min_child_weight': 8}. Best is trial 67 with value: 0.6360241820768137.
/home/mklemmingen/PycharmProjects/migraine-forecasting-shd/.venv/lib/python3.13/site-packages/sklearn/metrics/_ranking.py:424: UndefinedMetricWarning: Only one class is present in y_true. ROC AUC score is not defined in that case.
  warnings.warn(
/home/mklemmingen/PycharmProjects/migraine-forecasting-shd/.venv/lib/python3.13/site-packages/sklearn/metrics/_ranking.py:1046: UserWarning: No positive class found in y_true, recall is set to one for all thresholds.
  warnings.warn(
[I 2026-05-15 18:24:37,895] Trial 249 finished with value: 0.5277382645803699 and parameters: {'n_estimators': 332, 'learning_rate': 0.015626603702629693, 'subsample': 0.6130104717965007, 'colsample_bytree': 0.9683391391262748, 'min_child_weight': 7}. Best is trial 67 with value: 0.6360241820768137.
/home/mklemmingen/PycharmProjects/migraine-forecasting-shd/.venv/lib/python3.13/site-packages/sklearn/metrics/_ranking.py:424: UndefinedMetricWarning: Only one class is present in y_true. ROC AUC score is not defined in that case.
  warnings.warn(
/home/mklemmingen/PycharmProjects/migraine-forecasting-shd/.venv/lib/python3.13/site-packages/sklearn/metrics/_ranking.py:1046: UserWarning: No positive class found in y_true, recall is set to one for all thresholds.
  warnings.warn(
[I 2026-05-15 18:24:38,620] Trial 250 finished with value: 0.2140825035561878 and parameters: {'n_estimators': 409, 'learning_rate': 0.05143596593714486, 'subsample': 0.6469232755849578, 'colsample_bytree': 0.6500743168810201, 'min_child_weight': 7}. Best is trial 67 with value: 0.6360241820768137.
/home/mklemmingen/PycharmProjects/migraine-forecasting-shd/.venv/lib/python3.13/site-packages/sklearn/metrics/_ranking.py:424: UndefinedMetricWarning: Only one class is present in y_true. ROC AUC score is not defined in that case.
  warnings.warn(
/home/mklemmingen/PycharmProjects/migraine-forecasting-shd/.venv/lib/python3.13/site-packages/sklearn/metrics/_ranking.py:1046: UserWarning: No positive class found in y_true, recall is set to one for all thresholds.
  warnings.warn(
[I 2026-05-15 18:24:39,090] Trial 251 finished with value: 0.5275604551920341 and parameters: {'n_estimators': 244, 'learning_rate': 0.019778772535024504, 'subsample': 0.7966378186965748, 'colsample_bytree': 0.6256835748300537, 'min_child_weight': 6}. Best is trial 67 with value: 0.6360241820768137.
/home/mklemmingen/PycharmProjects/migraine-forecasting-shd/.venv/lib/python3.13/site-packages/sklearn/metrics/_ranking.py:424: UndefinedMetricWarning: Only one class is present in y_true. ROC AUC score is not defined in that case.
  warnings.warn(
/home/mklemmingen/PycharmProjects/migraine-forecasting-shd/.venv/lib/python3.13/site-packages/sklearn/metrics/_ranking.py:1046: UserWarning: No positive class found in y_true, recall is set to one for all thresholds.
  warnings.warn(
[I 2026-05-15 18:24:39,525] Trial 252 finished with value: 0.2034139402560455 and parameters: {'n_estimators': 171, 'learning_rate': 0.15069245195299658, 'subsample': 0.7241447835694295, 'colsample_bytree': 0.7820880596327204, 'min_child_weight': 1}. Best is trial 67 with value: 0.6360241820768137.
/home/mklemmingen/PycharmProjects/migraine-forecasting-shd/.venv/lib/python3.13/site-packages/sklearn/metrics/_ranking.py:424: UndefinedMetricWarning: Only one class is present in y_true. ROC AUC score is not defined in that case.
  warnings.warn(
/home/mklemmingen/PycharmProjects/migraine-forecasting-shd/.venv/lib/python3.13/site-packages/sklearn/metrics/_ranking.py:1046: UserWarning: No positive class found in y_true, recall is set to one for all thresholds.
  warnings.warn(
[I 2026-05-15 18:24:39,888] Trial 253 finished with value: 0.5211593172119489 and parameters: {'n_estimators': 82, 'learning_rate': 0.03799798565961001, 'subsample': 0.7919755338868494, 'colsample_bytree': 0.8400082192477215, 'min_child_weight': 3}. Best is trial 67 with value: 0.6360241820768137.
/home/mklemmingen/PycharmProjects/migraine-forecasting-shd/.venv/lib/python3.13/site-packages/sklearn/metrics/_ranking.py:424: UndefinedMetricWarning: Only one class is present in y_true. ROC AUC score is not defined in that case.
  warnings.warn(
/home/mklemmingen/PycharmProjects/migraine-forecasting-shd/.venv/lib/python3.13/site-packages/sklearn/metrics/_ranking.py:1046: UserWarning: No positive class found in y_true, recall is set to one for all thresholds.
  warnings.warn(
[I 2026-05-15 18:24:40,448] Trial 254 finished with value: 0.15380512091038406 and parameters: {'n_estimators': 363, 'learning_rate': 0.18642539611497197, 'subsample': 0.91194039555734, 'colsample_bytree': 0.6158475301393428, 'min_child_weight': 5}. Best is trial 67 with value: 0.6360241820768137.
/home/mklemmingen/PycharmProjects/migraine-forecasting-shd/.venv/lib/python3.13/site-packages/sklearn/metrics/_ranking.py:424: UndefinedMetricWarning: Only one class is present in y_true. ROC AUC score is not defined in that case.
  warnings.warn(
/home/mklemmingen/PycharmProjects/migraine-forecasting-shd/.venv/lib/python3.13/site-packages/sklearn/metrics/_ranking.py:1046: UserWarning: No positive class found in y_true, recall is set to one for all thresholds.
  warnings.warn(
[I 2026-05-15 18:24:40,793] Trial 255 finished with value: 0.517425320056899 and parameters: {'n_estimators': 97, 'learning_rate': 0.02277874734335831, 'subsample': 0.9946650373068586, 'colsample_bytree': 0.6569982171606052, 'min_child_weight': 5}. Best is trial 67 with value: 0.6360241820768137.
/home/mklemmingen/PycharmProjects/migraine-forecasting-shd/.venv/lib/python3.13/site-packages/sklearn/metrics/_ranking.py:424: UndefinedMetricWarning: Only one class is present in y_true. ROC AUC score is not defined in that case.
  warnings.warn(
/home/mklemmingen/PycharmProjects/migraine-forecasting-shd/.venv/lib/python3.13/site-packages/sklearn/metrics/_ranking.py:1046: UserWarning: No positive class found in y_true, recall is set to one for all thresholds.
  warnings.warn(
[I 2026-05-15 18:24:41,344] Trial 256 finished with value: 0.20039118065433856 and parameters: {'n_estimators': 328, 'learning_rate': 0.1090500674878377, 'subsample': 0.8238594733947656, 'colsample_bytree': 0.6039083389676735, 'min_child_weight': 4}. Best is trial 67 with value: 0.6360241820768137.
/home/mklemmingen/PycharmProjects/migraine-forecasting-shd/.venv/lib/python3.13/site-packages/sklearn/metrics/_ranking.py:424: UndefinedMetricWarning: Only one class is present in y_true. ROC AUC score is not defined in that case.
  warnings.warn(
/home/mklemmingen/PycharmProjects/migraine-forecasting-shd/.venv/lib/python3.13/site-packages/sklearn/metrics/_ranking.py:1046: UserWarning: No positive class found in y_true, recall is set to one for all thresholds.
  warnings.warn(
[I 2026-05-15 18:24:41,855] Trial 257 finished with value: 0.5341394025604551 and parameters: {'n_estimators': 283, 'learning_rate': 0.013483091242052886, 'subsample': 0.7402507724836723, 'colsample_bytree': 0.6132812435165466, 'min_child_weight': 1}. Best is trial 67 with value: 0.6360241820768137.
/home/mklemmingen/PycharmProjects/migraine-forecasting-shd/.venv/lib/python3.13/site-packages/sklearn/metrics/_ranking.py:424: UndefinedMetricWarning: Only one class is present in y_true. ROC AUC score is not defined in that case.
  warnings.warn(
/home/mklemmingen/PycharmProjects/migraine-forecasting-shd/.venv/lib/python3.13/site-packages/sklearn/metrics/_ranking.py:1046: UserWarning: No positive class found in y_true, recall is set to one for all thresholds.
  warnings.warn(
[I 2026-05-15 18:24:42,356] Trial 258 finished with value: 0.5112019914651493 and parameters: {'n_estimators': 229, 'learning_rate': 0.015704975424207217, 'subsample': 0.8270163393046233, 'colsample_bytree': 0.8757859876549063, 'min_child_weight': 9}. Best is trial 67 with value: 0.6360241820768137.
/home/mklemmingen/PycharmProjects/migraine-forecasting-shd/.venv/lib/python3.13/site-packages/sklearn/metrics/_ranking.py:424: UndefinedMetricWarning: Only one class is present in y_true. ROC AUC score is not defined in that case.
  warnings.warn(
/home/mklemmingen/PycharmProjects/migraine-forecasting-shd/.venv/lib/python3.13/site-packages/sklearn/metrics/_ranking.py:1046: UserWarning: No positive class found in y_true, recall is set to one for all thresholds.
  warnings.warn(
[I 2026-05-15 18:24:42,787] Trial 259 finished with value: 0.5209815078236131 and parameters: {'n_estimators': 140, 'learning_rate': 0.01767632923587304, 'subsample': 0.6418271361337601, 'colsample_bytree': 0.8545720998174546, 'min_child_weight': 8}. Best is trial 67 with value: 0.6360241820768137.
/home/mklemmingen/PycharmProjects/migraine-forecasting-shd/.venv/lib/python3.13/site-packages/sklearn/metrics/_ranking.py:424: UndefinedMetricWarning: Only one class is present in y_true. ROC AUC score is not defined in that case.
  warnings.warn(
/home/mklemmingen/PycharmProjects/migraine-forecasting-shd/.venv/lib/python3.13/site-packages/sklearn/metrics/_ranking.py:1046: UserWarning: No positive class found in y_true, recall is set to one for all thresholds.
  warnings.warn(
[I 2026-05-15 18:24:43,128] Trial 260 finished with value: 0.5439189189189189 and parameters: {'n_estimators': 64, 'learning_rate': 0.2414899201224445, 'subsample': 0.6207885134605889, 'colsample_bytree': 0.8165185341204282, 'min_child_weight': 8}. Best is trial 67 with value: 0.6360241820768137.
/home/mklemmingen/PycharmProjects/migraine-forecasting-shd/.venv/lib/python3.13/site-packages/sklearn/metrics/_ranking.py:424: UndefinedMetricWarning: Only one class is present in y_true. ROC AUC score is not defined in that case.
  warnings.warn(
/home/mklemmingen/PycharmProjects/migraine-forecasting-shd/.venv/lib/python3.13/site-packages/sklearn/metrics/_ranking.py:1046: UserWarning: No positive class found in y_true, recall is set to one for all thresholds.
  warnings.warn(
[I 2026-05-15 18:24:43,786] Trial 261 finished with value: 0.20039118065433853 and parameters: {'n_estimators': 442, 'learning_rate': 0.11344699198303249, 'subsample': 0.9206912332279167, 'colsample_bytree': 0.7357800770171224, 'min_child_weight': 9}. Best is trial 67 with value: 0.6360241820768137.
/home/mklemmingen/PycharmProjects/migraine-forecasting-shd/.venv/lib/python3.13/site-packages/sklearn/metrics/_ranking.py:424: UndefinedMetricWarning: Only one class is present in y_true. ROC AUC score is not defined in that case.
  warnings.warn(
/home/mklemmingen/PycharmProjects/migraine-forecasting-shd/.venv/lib/python3.13/site-packages/sklearn/metrics/_ranking.py:1046: UserWarning: No positive class found in y_true, recall is set to one for all thresholds.
  warnings.warn(
[I 2026-05-15 18:24:44,145] Trial 262 finished with value: 0.2336415362731152 and parameters: {'n_estimators': 86, 'learning_rate': 0.20977450344190512, 'subsample': 0.8190369504614945, 'colsample_bytree': 0.9269191079849974, 'min_child_weight': 5}. Best is trial 67 with value: 0.6360241820768137.
/home/mklemmingen/PycharmProjects/migraine-forecasting-shd/.venv/lib/python3.13/site-packages/sklearn/metrics/_ranking.py:424: UndefinedMetricWarning: Only one class is present in y_true. ROC AUC score is not defined in that case.
  warnings.warn(
/home/mklemmingen/PycharmProjects/migraine-forecasting-shd/.venv/lib/python3.13/site-packages/sklearn/metrics/_ranking.py:1046: UserWarning: No positive class found in y_true, recall is set to one for all thresholds.
  warnings.warn(
[I 2026-05-15 18:24:44,737] Trial 263 finished with value: 0.5236486486486487 and parameters: {'n_estimators': 340, 'learning_rate': 0.05991844844327821, 'subsample': 0.8926358087021327, 'colsample_bytree': 0.6326519928122358, 'min_child_weight': 1}. Best is trial 67 with value: 0.6360241820768137.
/home/mklemmingen/PycharmProjects/migraine-forecasting-shd/.venv/lib/python3.13/site-packages/sklearn/metrics/_ranking.py:424: UndefinedMetricWarning: Only one class is present in y_true. ROC AUC score is not defined in that case.
  warnings.warn(
/home/mklemmingen/PycharmProjects/migraine-forecasting-shd/.venv/lib/python3.13/site-packages/sklearn/metrics/_ranking.py:1046: UserWarning: No positive class found in y_true, recall is set to one for all thresholds.
  warnings.warn(
[I 2026-05-15 18:24:45,129] Trial 264 finished with value: 0.5177809388335705 and parameters: {'n_estimators': 161, 'learning_rate': 0.017205481781219126, 'subsample': 0.9487134266368806, 'colsample_bytree': 0.6876855949432177, 'min_child_weight': 10}. Best is trial 67 with value: 0.6360241820768137.
/home/mklemmingen/PycharmProjects/migraine-forecasting-shd/.venv/lib/python3.13/site-packages/sklearn/metrics/_ranking.py:424: UndefinedMetricWarning: Only one class is present in y_true. ROC AUC score is not defined in that case.
  warnings.warn(
/home/mklemmingen/PycharmProjects/migraine-forecasting-shd/.venv/lib/python3.13/site-packages/sklearn/metrics/_ranking.py:1046: UserWarning: No positive class found in y_true, recall is set to one for all thresholds.
  warnings.warn(
[I 2026-05-15 18:24:45,557] Trial 265 finished with value: 0.5341394025604552 and parameters: {'n_estimators': 201, 'learning_rate': 0.018578482774605925, 'subsample': 0.9158794028569917, 'colsample_bytree': 0.8634831102003504, 'min_child_weight': 5}. Best is trial 67 with value: 0.6360241820768137.
/home/mklemmingen/PycharmProjects/migraine-forecasting-shd/.venv/lib/python3.13/site-packages/sklearn/metrics/_ranking.py:424: UndefinedMetricWarning: Only one class is present in y_true. ROC AUC score is not defined in that case.
  warnings.warn(
/home/mklemmingen/PycharmProjects/migraine-forecasting-shd/.venv/lib/python3.13/site-packages/sklearn/metrics/_ranking.py:1046: UserWarning: No positive class found in y_true, recall is set to one for all thresholds.
  warnings.warn(
[I 2026-05-15 18:24:46,106] Trial 266 finished with value: 0.20430298719772405 and parameters: {'n_estimators': 300, 'learning_rate': 0.115437850951425, 'subsample': 0.6913818965325195, 'colsample_bytree': 0.9985335664226968, 'min_child_weight': 10}. Best is trial 67 with value: 0.6360241820768137.
/home/mklemmingen/PycharmProjects/migraine-forecasting-shd/.venv/lib/python3.13/site-packages/sklearn/metrics/_ranking.py:424: UndefinedMetricWarning: Only one class is present in y_true. ROC AUC score is not defined in that case.
  warnings.warn(
/home/mklemmingen/PycharmProjects/migraine-forecasting-shd/.venv/lib/python3.13/site-packages/sklearn/metrics/_ranking.py:1046: UserWarning: No positive class found in y_true, recall is set to one for all thresholds.
  warnings.warn(
[I 2026-05-15 18:24:46,629] Trial 267 finished with value: 0.5737908961593172 and parameters: {'n_estimators': 343, 'learning_rate': 0.019712803620877697, 'subsample': 0.8720912969725165, 'colsample_bytree': 0.6288793635916703, 'min_child_weight': 1}. Best is trial 67 with value: 0.6360241820768137.
/home/mklemmingen/PycharmProjects/migraine-forecasting-shd/.venv/lib/python3.13/site-packages/sklearn/metrics/_ranking.py:424: UndefinedMetricWarning: Only one class is present in y_true. ROC AUC score is not defined in that case.
  warnings.warn(
/home/mklemmingen/PycharmProjects/migraine-forecasting-shd/.venv/lib/python3.13/site-packages/sklearn/metrics/_ranking.py:1046: UserWarning: No positive class found in y_true, recall is set to one for all thresholds.
  warnings.warn(
[I 2026-05-15 18:24:47,023] Trial 268 finished with value: 0.5341394025604552 and parameters: {'n_estimators': 166, 'learning_rate': 0.04823365829123508, 'subsample': 0.9473090021633522, 'colsample_bytree': 0.8908676279065232, 'min_child_weight': 8}. Best is trial 67 with value: 0.6360241820768137.
/home/mklemmingen/PycharmProjects/migraine-forecasting-shd/.venv/lib/python3.13/site-packages/sklearn/metrics/_ranking.py:424: UndefinedMetricWarning: Only one class is present in y_true. ROC AUC score is not defined in that case.
  warnings.warn(
/home/mklemmingen/PycharmProjects/migraine-forecasting-shd/.venv/lib/python3.13/site-packages/sklearn/metrics/_ranking.py:1046: UserWarning: No positive class found in y_true, recall is set to one for all thresholds.
  warnings.warn(
[I 2026-05-15 18:24:47,513] Trial 269 finished with value: 0.5177809388335703 and parameters: {'n_estimators': 241, 'learning_rate': 0.032433060354345296, 'subsample': 0.748415505193841, 'colsample_bytree': 0.9950598254944232, 'min_child_weight': 1}. Best is trial 67 with value: 0.6360241820768137.
/home/mklemmingen/PycharmProjects/migraine-forecasting-shd/.venv/lib/python3.13/site-packages/sklearn/metrics/_ranking.py:424: UndefinedMetricWarning: Only one class is present in y_true. ROC AUC score is not defined in that case.
  warnings.warn(
/home/mklemmingen/PycharmProjects/migraine-forecasting-shd/.venv/lib/python3.13/site-packages/sklearn/metrics/_ranking.py:1046: UserWarning: No positive class found in y_true, recall is set to one for all thresholds.
  warnings.warn(
[I 2026-05-15 18:24:48,236] Trial 270 finished with value: 0.2272403982930299 and parameters: {'n_estimators': 441, 'learning_rate': 0.07157704181182635, 'subsample': 0.7754461676758362, 'colsample_bytree': 0.8901030641660546, 'min_child_weight': 5}. Best is trial 67 with value: 0.6360241820768137.
/home/mklemmingen/PycharmProjects/migraine-forecasting-shd/.venv/lib/python3.13/site-packages/sklearn/metrics/_ranking.py:424: UndefinedMetricWarning: Only one class is present in y_true. ROC AUC score is not defined in that case.
  warnings.warn(
/home/mklemmingen/PycharmProjects/migraine-forecasting-shd/.venv/lib/python3.13/site-packages/sklearn/metrics/_ranking.py:1046: UserWarning: No positive class found in y_true, recall is set to one for all thresholds.
  warnings.warn(
[I 2026-05-15 18:24:48,876] Trial 271 finished with value: 0.14384779516358465 and parameters: {'n_estimators': 443, 'learning_rate': 0.2140158150785351, 'subsample': 0.7686883707493821, 'colsample_bytree': 0.7107311188940206, 'min_child_weight': 6}. Best is trial 67 with value: 0.6360241820768137.
/home/mklemmingen/PycharmProjects/migraine-forecasting-shd/.venv/lib/python3.13/site-packages/sklearn/metrics/_ranking.py:424: UndefinedMetricWarning: Only one class is present in y_true. ROC AUC score is not defined in that case.
  warnings.warn(
/home/mklemmingen/PycharmProjects/migraine-forecasting-shd/.venv/lib/python3.13/site-packages/sklearn/metrics/_ranking.py:1046: UserWarning: No positive class found in y_true, recall is set to one for all thresholds.
  warnings.warn(
[I 2026-05-15 18:24:49,492] Trial 272 finished with value: 0.5208036984352774 and parameters: {'n_estimators': 461, 'learning_rate': 0.02047262808645631, 'subsample': 0.8491866334253931, 'colsample_bytree': 0.8526240880370082, 'min_child_weight': 8}. Best is trial 67 with value: 0.6360241820768137.
/home/mklemmingen/PycharmProjects/migraine-forecasting-shd/.venv/lib/python3.13/site-packages/sklearn/metrics/_ranking.py:424: UndefinedMetricWarning: Only one class is present in y_true. ROC AUC score is not defined in that case.
  warnings.warn(
/home/mklemmingen/PycharmProjects/migraine-forecasting-shd/.venv/lib/python3.13/site-packages/sklearn/metrics/_ranking.py:1046: UserWarning: No positive class found in y_true, recall is set to one for all thresholds.
  warnings.warn(
[I 2026-05-15 18:24:49,826] Trial 273 finished with value: 0.6461593172119489 and parameters: {'n_estimators': 109, 'learning_rate': 0.11411960768508612, 'subsample': 0.9636130082662564, 'colsample_bytree': 0.6718732435480967, 'min_child_weight': 3}. Best is trial 273 with value: 0.6461593172119489.
/home/mklemmingen/PycharmProjects/migraine-forecasting-shd/.venv/lib/python3.13/site-packages/sklearn/metrics/_ranking.py:424: UndefinedMetricWarning: Only one class is present in y_true. ROC AUC score is not defined in that case.
  warnings.warn(
/home/mklemmingen/PycharmProjects/migraine-forecasting-shd/.venv/lib/python3.13/site-packages/sklearn/metrics/_ranking.py:1046: UserWarning: No positive class found in y_true, recall is set to one for all thresholds.
  warnings.warn(
[I 2026-05-15 18:24:50,486] Trial 274 finished with value: 0.6036628733997156 and parameters: {'n_estimators': 488, 'learning_rate': 0.018506526075021, 'subsample': 0.9417540373478317, 'colsample_bytree': 0.7969111425792139, 'min_child_weight': 3}. Best is trial 273 with value: 0.6461593172119489.
/home/mklemmingen/PycharmProjects/migraine-forecasting-shd/.venv/lib/python3.13/site-packages/sklearn/metrics/_ranking.py:424: UndefinedMetricWarning: Only one class is present in y_true. ROC AUC score is not defined in that case.
  warnings.warn(
/home/mklemmingen/PycharmProjects/migraine-forecasting-shd/.venv/lib/python3.13/site-packages/sklearn/metrics/_ranking.py:1046: UserWarning: No positive class found in y_true, recall is set to one for all thresholds.
  warnings.warn(
