[I 2026-05-15 18:26:00,670] Trial 412 finished with value: 0.5604551920341394 and parameters: {'n_estimators': 78, 'learning_rate': 0.05715162135968608, 'subsample': 0.9225614468931358, 'colsample_bytree': 0.7836959510387832, 'min_child_weight': 1}. Best is trial 273 with value: 0.6461593172119489.
/home/mklemmingen/PycharmProjects/migraine-forecasting-shd/.venv/lib/python3.13/site-packages/sklearn/metrics/_ranking.py:424: UndefinedMetricWarning: Only one class is present in y_true. ROC AUC score is not defined in that case.
  warnings.warn(
/home/mklemmingen/PycharmProjects/migraine-forecasting-shd/.venv/lib/python3.13/site-packages/sklearn/metrics/_ranking.py:1046: UserWarning: No positive class found in y_true, recall is set to one for all thresholds.
  warnings.warn(
[I 2026-05-15 18:26:01,245] Trial 413 finished with value: 0.5311166429587482 and parameters: {'n_estimators': 404, 'learning_rate': 0.01983529767778567, 'subsample': 0.7034483339552156, 'colsample_bytree': 0.6658825413729184, 'min_child_weight': 4}. Best is trial 273 with value: 0.6461593172119489.
/home/mklemmingen/PycharmProjects/migraine-forecasting-shd/.venv/lib/python3.13/site-packages/sklearn/metrics/_ranking.py:424: UndefinedMetricWarning: Only one class is present in y_true. ROC AUC score is not defined in that case.
  warnings.warn(
/home/mklemmingen/PycharmProjects/migraine-forecasting-shd/.venv/lib/python3.13/site-packages/sklearn/metrics/_ranking.py:1046: UserWarning: No positive class found in y_true, recall is set to one for all thresholds.
  warnings.warn(
[I 2026-05-15 18:26:01,859] Trial 414 finished with value: 0.5042674253200569 and parameters: {'n_estimators': 391, 'learning_rate': 0.058505391852606455, 'subsample': 0.681952509660285, 'colsample_bytree': 0.9511320312608164, 'min_child_weight': 9}. Best is trial 273 with value: 0.6461593172119489.
/home/mklemmingen/PycharmProjects/migraine-forecasting-shd/.venv/lib/python3.13/site-packages/sklearn/metrics/_ranking.py:424: UndefinedMetricWarning: Only one class is present in y_true. ROC AUC score is not defined in that case.
  warnings.warn(
/home/mklemmingen/PycharmProjects/migraine-forecasting-shd/.venv/lib/python3.13/site-packages/sklearn/metrics/_ranking.py:1046: UserWarning: No positive class found in y_true, recall is set to one for all thresholds.
  warnings.warn(
[I 2026-05-15 18:26:02,521] Trial 415 finished with value: 0.5208036984352774 and parameters: {'n_estimators': 442, 'learning_rate': 0.022528431683873033, 'subsample': 0.7804957376723952, 'colsample_bytree': 0.9939958624563501, 'min_child_weight': 8}. Best is trial 273 with value: 0.6461593172119489.
/home/mklemmingen/PycharmProjects/migraine-forecasting-shd/.venv/lib/python3.13/site-packages/sklearn/linear_model/_sag.py:348: ConvergenceWarning: The max_iter was reached which means the coef_ did not converge
  warnings.warn(
/home/mklemmingen/PycharmProjects/migraine-forecasting-shd/.venv/lib/python3.13/site-packages/sklearn/metrics/_ranking.py:424: UndefinedMetricWarning: Only one class is present in y_true. ROC AUC score is not defined in that case.
  warnings.warn(
/home/mklemmingen/PycharmProjects/migraine-forecasting-shd/.venv/lib/python3.13/site-packages/sklearn/metrics/_ranking.py:1046: UserWarning: No positive class found in y_true, recall is set to one for all thresholds.
  warnings.warn(
[I 2026-05-15 18:26:02,902] Trial 416 finished with value: 0.23435277382645803 and parameters: {'n_estimators': 62, 'learning_rate': 0.012482888394897595, 'subsample': 0.7855725507249331, 'colsample_bytree': 0.9636880823446241, 'min_child_weight': 6}. Best is trial 273 with value: 0.6461593172119489.
/home/mklemmingen/PycharmProjects/migraine-forecasting-shd/.venv/lib/python3.13/site-packages/sklearn/metrics/_ranking.py:424: UndefinedMetricWarning: Only one class is present in y_true. ROC AUC score is not defined in that case.
  warnings.warn(
/home/mklemmingen/PycharmProjects/migraine-forecasting-shd/.venv/lib/python3.13/site-packages/sklearn/metrics/_ranking.py:1046: UserWarning: No positive class found in y_true, recall is set to one for all thresholds.
  warnings.warn(
[I 2026-05-15 18:26:03,467] Trial 417 finished with value: 0.5405405405405406 and parameters: {'n_estimators': 274, 'learning_rate': 0.014315200791767483, 'subsample': 0.8627120418897176, 'colsample_bytree': 0.9288412642400902, 'min_child_weight': 4}. Best is trial 273 with value: 0.6461593172119489.
/home/mklemmingen/PycharmProjects/migraine-forecasting-shd/.venv/lib/python3.13/site-packages/sklearn/metrics/_ranking.py:424: UndefinedMetricWarning: Only one class is present in y_true. ROC AUC score is not defined in that case.
  warnings.warn(
/home/mklemmingen/PycharmProjects/migraine-forecasting-shd/.venv/lib/python3.13/site-packages/sklearn/metrics/_ranking.py:1046: UserWarning: No positive class found in y_true, recall is set to one for all thresholds.
  warnings.warn(
[I 2026-05-15 18:26:04,164] Trial 418 finished with value: 0.15736130867709813 and parameters: {'n_estimators': 399, 'learning_rate': 0.2658575297669879, 'subsample': 0.6815065836510756, 'colsample_bytree': 0.8093318524778965, 'min_child_weight': 3}. Best is trial 273 with value: 0.6461593172119489.
/home/mklemmingen/PycharmProjects/migraine-forecasting-shd/.venv/lib/python3.13/site-packages/sklearn/metrics/_ranking.py:424: UndefinedMetricWarning: Only one class is present in y_true. ROC AUC score is not defined in that case.
  warnings.warn(
/home/mklemmingen/PycharmProjects/migraine-forecasting-shd/.venv/lib/python3.13/site-packages/sklearn/metrics/_ranking.py:1046: UserWarning: No positive class found in y_true, recall is set to one for all thresholds.
  warnings.warn(
[I 2026-05-15 18:26:04,751] Trial 419 finished with value: 0.23097439544807966 and parameters: {'n_estimators': 407, 'learning_rate': 0.07131410519627522, 'subsample': 0.8538329670201215, 'colsample_bytree': 0.9191656638463577, 'min_child_weight': 4}. Best is trial 273 with value: 0.6461593172119489.
/home/mklemmingen/PycharmProjects/migraine-forecasting-shd/.venv/lib/python3.13/site-packages/sklearn/metrics/_ranking.py:424: UndefinedMetricWarning: Only one class is present in y_true. ROC AUC score is not defined in that case.
  warnings.warn(
/home/mklemmingen/PycharmProjects/migraine-forecasting-shd/.venv/lib/python3.13/site-packages/sklearn/metrics/_ranking.py:1046: UserWarning: No positive class found in y_true, recall is set to one for all thresholds.
  warnings.warn(
[I 2026-05-15 18:26:05,396] Trial 420 finished with value: 0.2071479374110953 and parameters: {'n_estimators': 462, 'learning_rate': 0.061284164435516174, 'subsample': 0.6631819291341392, 'colsample_bytree': 0.878359647267521, 'min_child_weight': 8}. Best is trial 273 with value: 0.6461593172119489.
/home/mklemmingen/PycharmProjects/migraine-forecasting-shd/.venv/lib/python3.13/site-packages/sklearn/metrics/_ranking.py:424: UndefinedMetricWarning: Only one class is present in y_true. ROC AUC score is not defined in that case.
  warnings.warn(
/home/mklemmingen/PycharmProjects/migraine-forecasting-shd/.venv/lib/python3.13/site-packages/sklearn/metrics/_ranking.py:1046: UserWarning: No positive class found in y_true, recall is set to one for all thresholds.
  warnings.warn(
[I 2026-05-15 18:26:05,822] Trial 421 finished with value: 0.22066145092460882 and parameters: {'n_estimators': 192, 'learning_rate': 0.18456854969046618, 'subsample': 0.9624573019063065, 'colsample_bytree': 0.7107617949511236, 'min_child_weight': 10}. Best is trial 273 with value: 0.6461593172119489.
/home/mklemmingen/PycharmProjects/migraine-forecasting-shd/.venv/lib/python3.13/site-packages/sklearn/metrics/_ranking.py:424: UndefinedMetricWarning: Only one class is present in y_true. ROC AUC score is not defined in that case.
  warnings.warn(
/home/mklemmingen/PycharmProjects/migraine-forecasting-shd/.venv/lib/python3.13/site-packages/sklearn/metrics/_ranking.py:1046: UserWarning: No positive class found in y_true, recall is set to one for all thresholds.
  warnings.warn(
[I 2026-05-15 18:26:06,192] Trial 422 finished with value: 0.517425320056899 and parameters: {'n_estimators': 113, 'learning_rate': 0.019879325168768943, 'subsample': 0.6736899356952104, 'colsample_bytree': 0.9575958840031482, 'min_child_weight': 7}. Best is trial 273 with value: 0.6461593172119489.
/home/mklemmingen/PycharmProjects/migraine-forecasting-shd/.venv/lib/python3.13/site-packages/sklearn/metrics/_ranking.py:424: UndefinedMetricWarning: Only one class is present in y_true. ROC AUC score is not defined in that case.
  warnings.warn(
/home/mklemmingen/PycharmProjects/migraine-forecasting-shd/.venv/lib/python3.13/site-packages/sklearn/metrics/_ranking.py:1046: UserWarning: No positive class found in y_true, recall is set to one for all thresholds.
  warnings.warn(
[I 2026-05-15 18:26:06,586] Trial 423 finished with value: 0.5375177809388336 and parameters: {'n_estimators': 118, 'learning_rate': 0.04471065994177841, 'subsample': 0.8461192100279208, 'colsample_bytree': 0.6333856339957533, 'min_child_weight': 9}. Best is trial 273 with value: 0.6461593172119489.
/home/mklemmingen/PycharmProjects/migraine-forecasting-shd/.venv/lib/python3.13/site-packages/sklearn/metrics/_ranking.py:424: UndefinedMetricWarning: Only one class is present in y_true. ROC AUC score is not defined in that case.
  warnings.warn(
/home/mklemmingen/PycharmProjects/migraine-forecasting-shd/.venv/lib/python3.13/site-packages/sklearn/metrics/_ranking.py:1046: UserWarning: No positive class found in y_true, recall is set to one for all thresholds.
  warnings.warn(
[I 2026-05-15 18:26:07,186] Trial 424 finished with value: 0.23061877667140826 and parameters: {'n_estimators': 412, 'learning_rate': 0.055750871833158994, 'subsample': 0.9868506461036681, 'colsample_bytree': 0.7671043917100399, 'min_child_weight': 10}. Best is trial 273 with value: 0.6461593172119489.
/home/mklemmingen/PycharmProjects/migraine-forecasting-shd/.venv/lib/python3.13/site-packages/sklearn/metrics/_ranking.py:424: UndefinedMetricWarning: Only one class is present in y_true. ROC AUC score is not defined in that case.
  warnings.warn(
/home/mklemmingen/PycharmProjects/migraine-forecasting-shd/.venv/lib/python3.13/site-packages/sklearn/metrics/_ranking.py:1046: UserWarning: No positive class found in y_true, recall is set to one for all thresholds.
  warnings.warn(
[I 2026-05-15 18:26:07,806] Trial 425 finished with value: 0.22706258890469416 and parameters: {'n_estimators': 351, 'learning_rate': 0.0865937260774655, 'subsample': 0.666381958118314, 'colsample_bytree': 0.9527711033218575, 'min_child_weight': 5}. Best is trial 273 with value: 0.6461593172119489.
/home/mklemmingen/PycharmProjects/migraine-forecasting-shd/.venv/lib/python3.13/site-packages/sklearn/metrics/_ranking.py:424: UndefinedMetricWarning: Only one class is present in y_true. ROC AUC score is not defined in that case.
  warnings.warn(
/home/mklemmingen/PycharmProjects/migraine-forecasting-shd/.venv/lib/python3.13/site-packages/sklearn/metrics/_ranking.py:1046: UserWarning: No positive class found in y_true, recall is set to one for all thresholds.
  warnings.warn(
[I 2026-05-15 18:26:08,246] Trial 426 finished with value: 0.5074679943100996 and parameters: {'n_estimators': 123, 'learning_rate': 0.010438133228388727, 'subsample': 0.823902273455353, 'colsample_bytree': 0.8109598488490706, 'min_child_weight': 8}. Best is trial 273 with value: 0.6461593172119489.
/home/mklemmingen/PycharmProjects/migraine-forecasting-shd/.venv/lib/python3.13/site-packages/sklearn/metrics/_ranking.py:424: UndefinedMetricWarning: Only one class is present in y_true. ROC AUC score is not defined in that case.
  warnings.warn(
/home/mklemmingen/PycharmProjects/migraine-forecasting-shd/.venv/lib/python3.13/site-packages/sklearn/metrics/_ranking.py:1046: UserWarning: No positive class found in y_true, recall is set to one for all thresholds.
  warnings.warn(
[I 2026-05-15 18:26:08,996] Trial 427 finished with value: 0.5241820768136558 and parameters: {'n_estimators': 451, 'learning_rate': 0.013100659346948772, 'subsample': 0.8925985961361449, 'colsample_bytree': 0.6749647776390328, 'min_child_weight': 9}. Best is trial 273 with value: 0.6461593172119489.
/home/mklemmingen/PycharmProjects/migraine-forecasting-shd/.venv/lib/python3.13/site-packages/sklearn/metrics/_ranking.py:424: UndefinedMetricWarning: Only one class is present in y_true. ROC AUC score is not defined in that case.
  warnings.warn(
/home/mklemmingen/PycharmProjects/migraine-forecasting-shd/.venv/lib/python3.13/site-packages/sklearn/metrics/_ranking.py:1046: UserWarning: No positive class found in y_true, recall is set to one for all thresholds.
  warnings.warn(
[I 2026-05-15 18:26:09,622] Trial 428 finished with value: 0.49431009957325744 and parameters: {'n_estimators': 419, 'learning_rate': 0.0629242358087527, 'subsample': 0.8840971194493246, 'colsample_bytree': 0.7257400452734993, 'min_child_weight': 5}. Best is trial 273 with value: 0.6461593172119489.
/home/mklemmingen/PycharmProjects/migraine-forecasting-shd/.venv/lib/python3.13/site-packages/sklearn/metrics/_ranking.py:424: UndefinedMetricWarning: Only one class is present in y_true. ROC AUC score is not defined in that case.
  warnings.warn(
/home/mklemmingen/PycharmProjects/migraine-forecasting-shd/.venv/lib/python3.13/site-packages/sklearn/metrics/_ranking.py:1046: UserWarning: No positive class found in y_true, recall is set to one for all thresholds.
  warnings.warn(
[I 2026-05-15 18:26:10,262] Trial 429 finished with value: 0.5008890469416785 and parameters: {'n_estimators': 420, 'learning_rate': 0.04768594398528765, 'subsample': 0.7431193061301767, 'colsample_bytree': 0.7976849789001199, 'min_child_weight': 9}. Best is trial 273 with value: 0.6461593172119489.
/home/mklemmingen/PycharmProjects/migraine-forecasting-shd/.venv/lib/python3.13/site-packages/sklearn/metrics/_ranking.py:424: UndefinedMetricWarning: Only one class is present in y_true. ROC AUC score is not defined in that case.
  warnings.warn(
/home/mklemmingen/PycharmProjects/migraine-forecasting-shd/.venv/lib/python3.13/site-packages/sklearn/metrics/_ranking.py:1046: UserWarning: No positive class found in y_true, recall is set to one for all thresholds.
  warnings.warn(
[I 2026-05-15 18:26:10,705] Trial 430 finished with value: 0.5241820768136558 and parameters: {'n_estimators': 201, 'learning_rate': 0.018057887475815004, 'subsample': 0.8848056081323123, 'colsample_bytree': 0.9303912850832328, 'min_child_weight': 2}. Best is trial 273 with value: 0.6461593172119489.
/home/mklemmingen/PycharmProjects/migraine-forecasting-shd/.venv/lib/python3.13/site-packages/sklearn/metrics/_ranking.py:424: UndefinedMetricWarning: Only one class is present in y_true. ROC AUC score is not defined in that case.
  warnings.warn(
/home/mklemmingen/PycharmProjects/migraine-forecasting-shd/.venv/lib/python3.13/site-packages/sklearn/metrics/_ranking.py:1046: UserWarning: No positive class found in y_true, recall is set to one for all thresholds.
  warnings.warn(
[I 2026-05-15 18:26:11,113] Trial 431 finished with value: 0.5176031294452347 and parameters: {'n_estimators': 158, 'learning_rate': 0.016207269122103407, 'subsample': 0.7391765646328666, 'colsample_bytree': 0.7801403915621651, 'min_child_weight': 8}. Best is trial 273 with value: 0.6461593172119489.
/home/mklemmingen/PycharmProjects/migraine-forecasting-shd/.venv/lib/python3.13/site-packages/sklearn/metrics/_ranking.py:424: UndefinedMetricWarning: Only one class is present in y_true. ROC AUC score is not defined in that case.
  warnings.warn(
/home/mklemmingen/PycharmProjects/migraine-forecasting-shd/.venv/lib/python3.13/site-packages/sklearn/metrics/_ranking.py:1046: UserWarning: No positive class found in y_true, recall is set to one for all thresholds.
  warnings.warn(
[I 2026-05-15 18:26:11,667] Trial 432 finished with value: 0.2037695590327169 and parameters: {'n_estimators': 343, 'learning_rate': 0.08263932946915954, 'subsample': 0.7409499786438618, 'colsample_bytree': 0.936579021233904, 'min_child_weight': 5}. Best is trial 273 with value: 0.6461593172119489.
/home/mklemmingen/PycharmProjects/migraine-forecasting-shd/.venv/lib/python3.13/site-packages/sklearn/metrics/_ranking.py:424: UndefinedMetricWarning: Only one class is present in y_true. ROC AUC score is not defined in that case.
  warnings.warn(
/home/mklemmingen/PycharmProjects/migraine-forecasting-shd/.venv/lib/python3.13/site-packages/sklearn/metrics/_ranking.py:1046: UserWarning: No positive class found in y_true, recall is set to one for all thresholds.
  warnings.warn(
[I 2026-05-15 18:26:12,326] Trial 433 finished with value: 0.2208392603129445 and parameters: {'n_estimators': 491, 'learning_rate': 0.0864380241535905, 'subsample': 0.650505896625801, 'colsample_bytree': 0.8704710248301736, 'min_child_weight': 4}. Best is trial 273 with value: 0.6461593172119489.
/home/mklemmingen/PycharmProjects/migraine-forecasting-shd/.venv/lib/python3.13/site-packages/sklearn/metrics/_ranking.py:424: UndefinedMetricWarning: Only one class is present in y_true. ROC AUC score is not defined in that case.
  warnings.warn(
/home/mklemmingen/PycharmProjects/migraine-forecasting-shd/.venv/lib/python3.13/site-packages/sklearn/metrics/_ranking.py:1046: UserWarning: No positive class found in y_true, recall is set to one for all thresholds.
  warnings.warn(
[I 2026-05-15 18:26:12,898] Trial 434 finished with value: 0.5177809388335703 and parameters: {'n_estimators': 359, 'learning_rate': 0.01267267858739504, 'subsample': 0.6699525748703837, 'colsample_bytree': 0.9422949035623145, 'min_child_weight': 3}. Best is trial 273 with value: 0.6461593172119489.
/home/mklemmingen/PycharmProjects/migraine-forecasting-shd/.venv/lib/python3.13/site-packages/sklearn/metrics/_ranking.py:424: UndefinedMetricWarning: Only one class is present in y_true. ROC AUC score is not defined in that case.
  warnings.warn(
/home/mklemmingen/PycharmProjects/migraine-forecasting-shd/.venv/lib/python3.13/site-packages/sklearn/metrics/_ranking.py:1046: UserWarning: No positive class found in y_true, recall is set to one for all thresholds.
  warnings.warn(
[I 2026-05-15 18:26:13,499] Trial 435 finished with value: 0.5142247510668564 and parameters: {'n_estimators': 427, 'learning_rate': 0.025853815556781314, 'subsample': 0.8571527640234831, 'colsample_bytree': 0.8776602294039324, 'min_child_weight': 6}. Best is trial 273 with value: 0.6461593172119489.
/home/mklemmingen/PycharmProjects/migraine-forecasting-shd/.venv/lib/python3.13/site-packages/sklearn/metrics/_ranking.py:424: UndefinedMetricWarning: Only one class is present in y_true. ROC AUC score is not defined in that case.
  warnings.warn(
/home/mklemmingen/PycharmProjects/migraine-forecasting-shd/.venv/lib/python3.13/site-packages/sklearn/metrics/_ranking.py:1046: UserWarning: No positive class found in y_true, recall is set to one for all thresholds.
  warnings.warn(
[I 2026-05-15 18:26:13,981] Trial 436 finished with value: 0.5078236130867709 and parameters: {'n_estimators': 187, 'learning_rate': 0.020611116973351568, 'subsample': 0.6132757418249705, 'colsample_bytree': 0.7215785604962895, 'min_child_weight': 7}. Best is trial 273 with value: 0.6461593172119489.
/home/mklemmingen/PycharmProjects/migraine-forecasting-shd/.venv/lib/python3.13/site-packages/sklearn/metrics/_ranking.py:424: UndefinedMetricWarning: Only one class is present in y_true. ROC AUC score is not defined in that case.
  warnings.warn(
/home/mklemmingen/PycharmProjects/migraine-forecasting-shd/.venv/lib/python3.13/site-packages/sklearn/metrics/_ranking.py:1046: UserWarning: No positive class found in y_true, recall is set to one for all thresholds.
  warnings.warn(
[I 2026-05-15 18:26:14,765] Trial 437 finished with value: 0.1539829302987198 and parameters: {'n_estimators': 473, 'learning_rate': 0.19358631724539005, 'subsample': 0.906425910614121, 'colsample_bytree': 0.9153789373013195, 'min_child_weight': 7}. Best is trial 273 with value: 0.6461593172119489.
/home/mklemmingen/PycharmProjects/migraine-forecasting-shd/.venv/lib/python3.13/site-packages/sklearn/metrics/_ranking.py:424: UndefinedMetricWarning: Only one class is present in y_true. ROC AUC score is not defined in that case.
  warnings.warn(
/home/mklemmingen/PycharmProjects/migraine-forecasting-shd/.venv/lib/python3.13/site-packages/sklearn/metrics/_ranking.py:1046: UserWarning: No positive class found in y_true, recall is set to one for all thresholds.
  warnings.warn(
[I 2026-05-15 18:26:15,157] Trial 438 finished with value: 0.24697724039829302 and parameters: {'n_estimators': 167, 'learning_rate': 0.21879483321711532, 'subsample': 0.8682929247623337, 'colsample_bytree': 0.824176252392176, 'min_child_weight': 2}. Best is trial 273 with value: 0.6461593172119489.
/home/mklemmingen/PycharmProjects/migraine-forecasting-shd/.venv/lib/python3.13/site-packages/sklearn/metrics/_ranking.py:424: UndefinedMetricWarning: Only one class is present in y_true. ROC AUC score is not defined in that case.
  warnings.warn(
/home/mklemmingen/PycharmProjects/migraine-forecasting-shd/.venv/lib/python3.13/site-packages/sklearn/metrics/_ranking.py:1046: UserWarning: No positive class found in y_true, recall is set to one for all thresholds.
  warnings.warn(
