[I 2026-05-15 18:25:47,526] Trial 385 finished with value: 0.5579658605974396 and parameters: {'n_estimators': 91, 'learning_rate': 0.07393431790849944, 'subsample': 0.7923891559544495, 'colsample_bytree': 0.8569302103620909, 'min_child_weight': 1}. Best is trial 273 with value: 0.6461593172119489.
/home/mklemmingen/PycharmProjects/migraine-forecasting-shd/.venv/lib/python3.13/site-packages/sklearn/metrics/_ranking.py:424: UndefinedMetricWarning: Only one class is present in y_true. ROC AUC score is not defined in that case.
  warnings.warn(
/home/mklemmingen/PycharmProjects/migraine-forecasting-shd/.venv/lib/python3.13/site-packages/sklearn/metrics/_ranking.py:1046: UserWarning: No positive class found in y_true, recall is set to one for all thresholds.
  warnings.warn(
[I 2026-05-15 18:25:48,024] Trial 386 finished with value: 0.22759601706970126 and parameters: {'n_estimators': 311, 'learning_rate': 0.06751197593534965, 'subsample': 0.8242640377664684, 'colsample_bytree': 0.8413950666385819, 'min_child_weight': 7}. Best is trial 273 with value: 0.6461593172119489.
/home/mklemmingen/PycharmProjects/migraine-forecasting-shd/.venv/lib/python3.13/site-packages/sklearn/metrics/_ranking.py:424: UndefinedMetricWarning: Only one class is present in y_true. ROC AUC score is not defined in that case.
  warnings.warn(
/home/mklemmingen/PycharmProjects/migraine-forecasting-shd/.venv/lib/python3.13/site-packages/sklearn/metrics/_ranking.py:1046: UserWarning: No positive class found in y_true, recall is set to one for all thresholds.
  warnings.warn(
[I 2026-05-15 18:25:48,666] Trial 387 finished with value: 0.5673897581792319 and parameters: {'n_estimators': 413, 'learning_rate': 0.025035595189926513, 'subsample': 0.9300197640720248, 'colsample_bytree': 0.7993022729053815, 'min_child_weight': 1}. Best is trial 273 with value: 0.6461593172119489.
/home/mklemmingen/PycharmProjects/migraine-forecasting-shd/.venv/lib/python3.13/site-packages/sklearn/metrics/_ranking.py:424: UndefinedMetricWarning: Only one class is present in y_true. ROC AUC score is not defined in that case.
  warnings.warn(
/home/mklemmingen/PycharmProjects/migraine-forecasting-shd/.venv/lib/python3.13/site-packages/sklearn/metrics/_ranking.py:1046: UserWarning: No positive class found in y_true, recall is set to one for all thresholds.
  warnings.warn(
[I 2026-05-15 18:25:49,056] Trial 388 finished with value: 0.5144025604551921 and parameters: {'n_estimators': 76, 'learning_rate': 0.031168114073035547, 'subsample': 0.913958790844587, 'colsample_bytree': 0.8830723738963663, 'min_child_weight': 8}. Best is trial 273 with value: 0.6461593172119489.
/home/mklemmingen/PycharmProjects/migraine-forecasting-shd/.venv/lib/python3.13/site-packages/sklearn/metrics/_ranking.py:424: UndefinedMetricWarning: Only one class is present in y_true. ROC AUC score is not defined in that case.
  warnings.warn(
/home/mklemmingen/PycharmProjects/migraine-forecasting-shd/.venv/lib/python3.13/site-packages/sklearn/metrics/_ranking.py:1046: UserWarning: No positive class found in y_true, recall is set to one for all thresholds.
  warnings.warn(
[I 2026-05-15 18:25:49,630] Trial 389 finished with value: 0.5072901849217639 and parameters: {'n_estimators': 283, 'learning_rate': 0.044691743359853014, 'subsample': 0.6589810106825136, 'colsample_bytree': 0.7312771014437246, 'min_child_weight': 5}. Best is trial 273 with value: 0.6461593172119489.
/home/mklemmingen/PycharmProjects/migraine-forecasting-shd/.venv/lib/python3.13/site-packages/sklearn/metrics/_ranking.py:424: UndefinedMetricWarning: Only one class is present in y_true. ROC AUC score is not defined in that case.
  warnings.warn(
/home/mklemmingen/PycharmProjects/migraine-forecasting-shd/.venv/lib/python3.13/site-packages/sklearn/metrics/_ranking.py:1046: UserWarning: No positive class found in y_true, recall is set to one for all thresholds.
  warnings.warn(
[I 2026-05-15 18:25:49,963] Trial 390 finished with value: 0.49768847795163584 and parameters: {'n_estimators': 89, 'learning_rate': 0.021177300754445145, 'subsample': 0.8392901176254955, 'colsample_bytree': 0.8942652456956759, 'min_child_weight': 10}. Best is trial 273 with value: 0.6461593172119489.
/home/mklemmingen/PycharmProjects/migraine-forecasting-shd/.venv/lib/python3.13/site-packages/sklearn/metrics/_ranking.py:424: UndefinedMetricWarning: Only one class is present in y_true. ROC AUC score is not defined in that case.
  warnings.warn(
/home/mklemmingen/PycharmProjects/migraine-forecasting-shd/.venv/lib/python3.13/site-packages/sklearn/metrics/_ranking.py:1046: UserWarning: No positive class found in y_true, recall is set to one for all thresholds.
  warnings.warn(
[I 2026-05-15 18:25:50,587] Trial 391 finished with value: 0.23381934566145093 and parameters: {'n_estimators': 470, 'learning_rate': 0.08895015593736016, 'subsample': 0.7684992213176288, 'colsample_bytree': 0.8544709458832931, 'min_child_weight': 8}. Best is trial 273 with value: 0.6461593172119489.
/home/mklemmingen/PycharmProjects/migraine-forecasting-shd/.venv/lib/python3.13/site-packages/sklearn/metrics/_ranking.py:424: UndefinedMetricWarning: Only one class is present in y_true. ROC AUC score is not defined in that case.
  warnings.warn(
/home/mklemmingen/PycharmProjects/migraine-forecasting-shd/.venv/lib/python3.13/site-packages/sklearn/metrics/_ranking.py:1046: UserWarning: No positive class found in y_true, recall is set to one for all thresholds.
  warnings.warn(
[I 2026-05-15 18:25:50,933] Trial 392 finished with value: 0.55049786628734 and parameters: {'n_estimators': 103, 'learning_rate': 0.04031616602432879, 'subsample': 0.9359209142542468, 'colsample_bytree': 0.7535331807732176, 'min_child_weight': 6}. Best is trial 273 with value: 0.6461593172119489.
/home/mklemmingen/PycharmProjects/migraine-forecasting-shd/.venv/lib/python3.13/site-packages/sklearn/metrics/_ranking.py:424: UndefinedMetricWarning: Only one class is present in y_true. ROC AUC score is not defined in that case.
  warnings.warn(
/home/mklemmingen/PycharmProjects/migraine-forecasting-shd/.venv/lib/python3.13/site-packages/sklearn/metrics/_ranking.py:1046: UserWarning: No positive class found in y_true, recall is set to one for all thresholds.
  warnings.warn(
[I 2026-05-15 18:25:51,497] Trial 393 finished with value: 0.5442745376955904 and parameters: {'n_estimators': 315, 'learning_rate': 0.018728103227942054, 'subsample': 0.7448941766609154, 'colsample_bytree': 0.7338045154967728, 'min_child_weight': 1}. Best is trial 273 with value: 0.6461593172119489.
/home/mklemmingen/PycharmProjects/migraine-forecasting-shd/.venv/lib/python3.13/site-packages/sklearn/metrics/_ranking.py:424: UndefinedMetricWarning: Only one class is present in y_true. ROC AUC score is not defined in that case.
  warnings.warn(
/home/mklemmingen/PycharmProjects/migraine-forecasting-shd/.venv/lib/python3.13/site-packages/sklearn/metrics/_ranking.py:1046: UserWarning: No positive class found in y_true, recall is set to one for all thresholds.
  warnings.warn(
[I 2026-05-15 18:25:51,823] Trial 394 finished with value: 0.5144025604551921 and parameters: {'n_estimators': 60, 'learning_rate': 0.16924559760882657, 'subsample': 0.7092283239891249, 'colsample_bytree': 0.8072315064955262, 'min_child_weight': 3}. Best is trial 273 with value: 0.6461593172119489.
/home/mklemmingen/PycharmProjects/migraine-forecasting-shd/.venv/lib/python3.13/site-packages/sklearn/metrics/_ranking.py:424: UndefinedMetricWarning: Only one class is present in y_true. ROC AUC score is not defined in that case.
  warnings.warn(
/home/mklemmingen/PycharmProjects/migraine-forecasting-shd/.venv/lib/python3.13/site-packages/sklearn/metrics/_ranking.py:1046: UserWarning: No positive class found in y_true, recall is set to one for all thresholds.
  warnings.warn(
[I 2026-05-15 18:25:52,471] Trial 395 finished with value: 0.5341394025604552 and parameters: {'n_estimators': 474, 'learning_rate': 0.024155317696268403, 'subsample': 0.7718627250955741, 'colsample_bytree': 0.9490921001938407, 'min_child_weight': 9}. Best is trial 273 with value: 0.6461593172119489.
/home/mklemmingen/PycharmProjects/migraine-forecasting-shd/.venv/lib/python3.13/site-packages/sklearn/metrics/_ranking.py:424: UndefinedMetricWarning: Only one class is present in y_true. ROC AUC score is not defined in that case.
  warnings.warn(
/home/mklemmingen/PycharmProjects/migraine-forecasting-shd/.venv/lib/python3.13/site-packages/sklearn/metrics/_ranking.py:1046: UserWarning: No positive class found in y_true, recall is set to one for all thresholds.
  warnings.warn(
[I 2026-05-15 18:25:52,887] Trial 396 finished with value: 0.22688477951635844 and parameters: {'n_estimators': 133, 'learning_rate': 0.15332094693292653, 'subsample': 0.7832747546951571, 'colsample_bytree': 0.7931875488341421, 'min_child_weight': 2}. Best is trial 273 with value: 0.6461593172119489.
/home/mklemmingen/PycharmProjects/migraine-forecasting-shd/.venv/lib/python3.13/site-packages/sklearn/metrics/_ranking.py:424: UndefinedMetricWarning: Only one class is present in y_true. ROC AUC score is not defined in that case.
  warnings.warn(
/home/mklemmingen/PycharmProjects/migraine-forecasting-shd/.venv/lib/python3.13/site-packages/sklearn/metrics/_ranking.py:1046: UserWarning: No positive class found in y_true, recall is set to one for all thresholds.
  warnings.warn(
[I 2026-05-15 18:25:53,252] Trial 397 finished with value: 0.5437411095305833 and parameters: {'n_estimators': 86, 'learning_rate': 0.11891992386176588, 'subsample': 0.7985844609421199, 'colsample_bytree': 0.7747402810460718, 'min_child_weight': 8}. Best is trial 273 with value: 0.6461593172119489.
/home/mklemmingen/PycharmProjects/migraine-forecasting-shd/.venv/lib/python3.13/site-packages/sklearn/metrics/_ranking.py:424: UndefinedMetricWarning: Only one class is present in y_true. ROC AUC score is not defined in that case.
  warnings.warn(
/home/mklemmingen/PycharmProjects/migraine-forecasting-shd/.venv/lib/python3.13/site-packages/sklearn/metrics/_ranking.py:1046: UserWarning: No positive class found in y_true, recall is set to one for all thresholds.
  warnings.warn(
[I 2026-05-15 18:25:53,892] Trial 398 finished with value: 0.5307610241820768 and parameters: {'n_estimators': 395, 'learning_rate': 0.01716827384736297, 'subsample': 0.8440900597910566, 'colsample_bytree': 0.6541416329110742, 'min_child_weight': 8}. Best is trial 273 with value: 0.6461593172119489.
/home/mklemmingen/PycharmProjects/migraine-forecasting-shd/.venv/lib/python3.13/site-packages/sklearn/metrics/_ranking.py:424: UndefinedMetricWarning: Only one class is present in y_true. ROC AUC score is not defined in that case.
  warnings.warn(
/home/mklemmingen/PycharmProjects/migraine-forecasting-shd/.venv/lib/python3.13/site-packages/sklearn/metrics/_ranking.py:1046: UserWarning: No positive class found in y_true, recall is set to one for all thresholds.
  warnings.warn(
[I 2026-05-15 18:25:54,438] Trial 399 finished with value: 0.1911450924608819 and parameters: {'n_estimators': 346, 'learning_rate': 0.2588426213619937, 'subsample': 0.6275832065425685, 'colsample_bytree': 0.6228218884605017, 'min_child_weight': 3}. Best is trial 273 with value: 0.6461593172119489.
/home/mklemmingen/PycharmProjects/migraine-forecasting-shd/.venv/lib/python3.13/site-packages/sklearn/metrics/_ranking.py:424: UndefinedMetricWarning: Only one class is present in y_true. ROC AUC score is not defined in that case.
  warnings.warn(
/home/mklemmingen/PycharmProjects/migraine-forecasting-shd/.venv/lib/python3.13/site-packages/sklearn/metrics/_ranking.py:1046: UserWarning: No positive class found in y_true, recall is set to one for all thresholds.
  warnings.warn(
[I 2026-05-15 18:25:54,825] Trial 400 finished with value: 0.5440967283072546 and parameters: {'n_estimators': 168, 'learning_rate': 0.023164217472997732, 'subsample': 0.9625018322084147, 'colsample_bytree': 0.6998184799398024, 'min_child_weight': 3}. Best is trial 273 with value: 0.6461593172119489.
/home/mklemmingen/PycharmProjects/migraine-forecasting-shd/.venv/lib/python3.13/site-packages/sklearn/metrics/_ranking.py:424: UndefinedMetricWarning: Only one class is present in y_true. ROC AUC score is not defined in that case.
  warnings.warn(
/home/mklemmingen/PycharmProjects/migraine-forecasting-shd/.venv/lib/python3.13/site-packages/sklearn/metrics/_ranking.py:1046: UserWarning: No positive class found in y_true, recall is set to one for all thresholds.
  warnings.warn(
[I 2026-05-15 18:25:55,378] Trial 401 finished with value: 0.530583214793741 and parameters: {'n_estimators': 392, 'learning_rate': 0.046165790921315036, 'subsample': 0.9106842227820725, 'colsample_bytree': 0.626146463025754, 'min_child_weight': 5}. Best is trial 273 with value: 0.6461593172119489.
/home/mklemmingen/PycharmProjects/migraine-forecasting-shd/.venv/lib/python3.13/site-packages/sklearn/linear_model/_sag.py:348: ConvergenceWarning: The max_iter was reached which means the coef_ did not converge
  warnings.warn(
/home/mklemmingen/PycharmProjects/migraine-forecasting-shd/.venv/lib/python3.13/site-packages/sklearn/metrics/_ranking.py:424: UndefinedMetricWarning: Only one class is present in y_true. ROC AUC score is not defined in that case.
  warnings.warn(
/home/mklemmingen/PycharmProjects/migraine-forecasting-shd/.venv/lib/python3.13/site-packages/sklearn/metrics/_ranking.py:1046: UserWarning: No positive class found in y_true, recall is set to one for all thresholds.
  warnings.warn(
[I 2026-05-15 18:25:55,751] Trial 402 finished with value: 0.4907539118065434 and parameters: {'n_estimators': 65, 'learning_rate': 0.012375033364089306, 'subsample': 0.9625749813377644, 'colsample_bytree': 0.655698148447038, 'min_child_weight': 6}. Best is trial 273 with value: 0.6461593172119489.
/home/mklemmingen/PycharmProjects/migraine-forecasting-shd/.venv/lib/python3.13/site-packages/sklearn/metrics/_ranking.py:424: UndefinedMetricWarning: Only one class is present in y_true. ROC AUC score is not defined in that case.
  warnings.warn(
/home/mklemmingen/PycharmProjects/migraine-forecasting-shd/.venv/lib/python3.13/site-packages/sklearn/metrics/_ranking.py:1046: UserWarning: No positive class found in y_true, recall is set to one for all thresholds.
  warnings.warn(
[I 2026-05-15 18:25:56,236] Trial 403 finished with value: 0.5670341394025604 and parameters: {'n_estimators': 235, 'learning_rate': 0.03258878806411497, 'subsample': 0.959933338274909, 'colsample_bytree': 0.6087293587101957, 'min_child_weight': 7}. Best is trial 273 with value: 0.6461593172119489.
/home/mklemmingen/PycharmProjects/migraine-forecasting-shd/.venv/lib/python3.13/site-packages/sklearn/metrics/_ranking.py:424: UndefinedMetricWarning: Only one class is present in y_true. ROC AUC score is not defined in that case.
  warnings.warn(
/home/mklemmingen/PycharmProjects/migraine-forecasting-shd/.venv/lib/python3.13/site-packages/sklearn/metrics/_ranking.py:1046: UserWarning: No positive class found in y_true, recall is set to one for all thresholds.
  warnings.warn(
[I 2026-05-15 18:25:56,866] Trial 404 finished with value: 0.2635135135135135 and parameters: {'n_estimators': 484, 'learning_rate': 0.06721037677312691, 'subsample': 0.9747289848132368, 'colsample_bytree': 0.6209031517144095, 'min_child_weight': 5}. Best is trial 273 with value: 0.6461593172119489.
/home/mklemmingen/PycharmProjects/migraine-forecasting-shd/.venv/lib/python3.13/site-packages/sklearn/metrics/_ranking.py:424: UndefinedMetricWarning: Only one class is present in y_true. ROC AUC score is not defined in that case.
  warnings.warn(
/home/mklemmingen/PycharmProjects/migraine-forecasting-shd/.venv/lib/python3.13/site-packages/sklearn/metrics/_ranking.py:1046: UserWarning: No positive class found in y_true, recall is set to one for all thresholds.
  warnings.warn(
[I 2026-05-15 18:25:57,258] Trial 405 finished with value: 0.5270270270270271 and parameters: {'n_estimators': 167, 'learning_rate': 0.12009119896986077, 'subsample': 0.9925188361988987, 'colsample_bytree': 0.7026120249776991, 'min_child_weight': 7}. Best is trial 273 with value: 0.6461593172119489.
/home/mklemmingen/PycharmProjects/migraine-forecasting-shd/.venv/lib/python3.13/site-packages/sklearn/metrics/_ranking.py:424: UndefinedMetricWarning: Only one class is present in y_true. ROC AUC score is not defined in that case.
  warnings.warn(
/home/mklemmingen/PycharmProjects/migraine-forecasting-shd/.venv/lib/python3.13/site-packages/sklearn/metrics/_ranking.py:1046: UserWarning: No positive class found in y_true, recall is set to one for all thresholds.
  warnings.warn(
[I 2026-05-15 18:25:57,671] Trial 406 finished with value: 0.5508534850640114 and parameters: {'n_estimators': 139, 'learning_rate': 0.06840082422420674, 'subsample': 0.7855729946753345, 'colsample_bytree': 0.9888021318526148, 'min_child_weight': 7}. Best is trial 273 with value: 0.6461593172119489.
/home/mklemmingen/PycharmProjects/migraine-forecasting-shd/.venv/lib/python3.13/site-packages/sklearn/metrics/_ranking.py:424: UndefinedMetricWarning: Only one class is present in y_true. ROC AUC score is not defined in that case.
  warnings.warn(
/home/mklemmingen/PycharmProjects/migraine-forecasting-shd/.venv/lib/python3.13/site-packages/sklearn/metrics/_ranking.py:1046: UserWarning: No positive class found in y_true, recall is set to one for all thresholds.
  warnings.warn(
[I 2026-05-15 18:25:58,142] Trial 407 finished with value: 0.510846372688478 and parameters: {'n_estimators': 207, 'learning_rate': 0.014741215968264691, 'subsample': 0.6604987314939738, 'colsample_bytree': 0.690126771980494, 'min_child_weight': 3}. Best is trial 273 with value: 0.6461593172119489.
/home/mklemmingen/PycharmProjects/migraine-forecasting-shd/.venv/lib/python3.13/site-packages/sklearn/metrics/_ranking.py:424: UndefinedMetricWarning: Only one class is present in y_true. ROC AUC score is not defined in that case.
  warnings.warn(
/home/mklemmingen/PycharmProjects/migraine-forecasting-shd/.venv/lib/python3.13/site-packages/sklearn/metrics/_ranking.py:1046: UserWarning: No positive class found in y_true, recall is set to one for all thresholds.
  warnings.warn(
[I 2026-05-15 18:25:58,772] Trial 408 finished with value: 0.2375533428165007 and parameters: {'n_estimators': 433, 'learning_rate': 0.06745188784237581, 'subsample': 0.8093563645497466, 'colsample_bytree': 0.645907548747687, 'min_child_weight': 9}. Best is trial 273 with value: 0.6461593172119489.
/home/mklemmingen/PycharmProjects/migraine-forecasting-shd/.venv/lib/python3.13/site-packages/sklearn/metrics/_ranking.py:424: UndefinedMetricWarning: Only one class is present in y_true. ROC AUC score is not defined in that case.
  warnings.warn(
/home/mklemmingen/PycharmProjects/migraine-forecasting-shd/.venv/lib/python3.13/site-packages/sklearn/metrics/_ranking.py:1046: UserWarning: No positive class found in y_true, recall is set to one for all thresholds.
  warnings.warn(
[I 2026-05-15 18:25:59,317] Trial 409 finished with value: 0.5471194879089616 and parameters: {'n_estimators': 375, 'learning_rate': 0.012587931636111327, 'subsample': 0.8831340388919074, 'colsample_bytree': 0.8174152869370584, 'min_child_weight': 1}. Best is trial 273 with value: 0.6461593172119489.
/home/mklemmingen/PycharmProjects/migraine-forecasting-shd/.venv/lib/python3.13/site-packages/sklearn/metrics/_ranking.py:424: UndefinedMetricWarning: Only one class is present in y_true. ROC AUC score is not defined in that case.
  warnings.warn(
/home/mklemmingen/PycharmProjects/migraine-forecasting-shd/.venv/lib/python3.13/site-packages/sklearn/metrics/_ranking.py:1046: UserWarning: No positive class found in y_true, recall is set to one for all thresholds.
  warnings.warn(
[I 2026-05-15 18:25:59,803] Trial 410 finished with value: 0.5176031294452347 and parameters: {'n_estimators': 256, 'learning_rate': 0.05199423440889519, 'subsample': 0.6663098160653103, 'colsample_bytree': 0.9782792588001129, 'min_child_weight': 9}. Best is trial 273 with value: 0.6461593172119489.
/home/mklemmingen/PycharmProjects/migraine-forecasting-shd/.venv/lib/python3.13/site-packages/sklearn/metrics/_ranking.py:424: UndefinedMetricWarning: Only one class is present in y_true. ROC AUC score is not defined in that case.
  warnings.warn(
/home/mklemmingen/PycharmProjects/migraine-forecasting-shd/.venv/lib/python3.13/site-packages/sklearn/metrics/_ranking.py:1046: UserWarning: No positive class found in y_true, recall is set to one for all thresholds.
  warnings.warn(
[I 2026-05-15 18:26:00,324] Trial 411 finished with value: 0.510846372688478 and parameters: {'n_estimators': 351, 'learning_rate': 0.04817997819550144, 'subsample': 0.7647062166338034, 'colsample_bytree': 0.8603893868603816, 'min_child_weight': 6}. Best is trial 273 with value: 0.6461593172119489.
/home/mklemmingen/PycharmProjects/migraine-forecasting-shd/.venv/lib/python3.13/site-packages/sklearn/metrics/_ranking.py:424: UndefinedMetricWarning: Only one class is present in y_true. ROC AUC score is not defined in that case.
  warnings.warn(
/home/mklemmingen/PycharmProjects/migraine-forecasting-shd/.venv/lib/python3.13/site-packages/sklearn/metrics/_ranking.py:1046: UserWarning: No positive class found in y_true, recall is set to one for all thresholds.
  warnings.warn(
