[I 2026-05-15 18:22:55,608] Trial 53 finished with value: 0.22066145092460882 and parameters: {'n_estimators': 384, 'learning_rate': 0.10704755834674413, 'subsample': 0.8809936335948436, 'colsample_bytree': 0.743796460487902, 'min_child_weight': 3}. Best is trial 2 with value: 0.5800142247510669.
/home/mklemmingen/PycharmProjects/migraine-forecasting-shd/.venv/lib/python3.13/site-packages/sklearn/metrics/_ranking.py:424: UndefinedMetricWarning: Only one class is present in y_true. ROC AUC score is not defined in that case.
  warnings.warn(
/home/mklemmingen/PycharmProjects/migraine-forecasting-shd/.venv/lib/python3.13/site-packages/sklearn/metrics/_ranking.py:1046: UserWarning: No positive class found in y_true, recall is set to one for all thresholds.
  warnings.warn(
[I 2026-05-15 18:22:56,187] Trial 54 finished with value: 0.16660739687055476 and parameters: {'n_estimators': 415, 'learning_rate': 0.1572663162015696, 'subsample': 0.9468289274320415, 'colsample_bytree': 0.9652962210225885, 'min_child_weight': 6}. Best is trial 2 with value: 0.5800142247510669.
/home/mklemmingen/PycharmProjects/migraine-forecasting-shd/.venv/lib/python3.13/site-packages/sklearn/metrics/_ranking.py:424: UndefinedMetricWarning: Only one class is present in y_true. ROC AUC score is not defined in that case.
  warnings.warn(
/home/mklemmingen/PycharmProjects/migraine-forecasting-shd/.venv/lib/python3.13/site-packages/sklearn/metrics/_ranking.py:1046: UserWarning: No positive class found in y_true, recall is set to one for all thresholds.
  warnings.warn(
[I 2026-05-15 18:22:56,681] Trial 55 finished with value: 0.2240398293029872 and parameters: {'n_estimators': 276, 'learning_rate': 0.15107019033830843, 'subsample': 0.8599855723111061, 'colsample_bytree': 0.8807867509030813, 'min_child_weight': 8}. Best is trial 2 with value: 0.5800142247510669.
/home/mklemmingen/PycharmProjects/migraine-forecasting-shd/.venv/lib/python3.13/site-packages/sklearn/metrics/_ranking.py:424: UndefinedMetricWarning: Only one class is present in y_true. ROC AUC score is not defined in that case.
  warnings.warn(
/home/mklemmingen/PycharmProjects/migraine-forecasting-shd/.venv/lib/python3.13/site-packages/sklearn/metrics/_ranking.py:1046: UserWarning: No positive class found in y_true, recall is set to one for all thresholds.
  warnings.warn(
[I 2026-05-15 18:22:57,357] Trial 56 finished with value: 0.5407183499288764 and parameters: {'n_estimators': 451, 'learning_rate': 0.03156892767756196, 'subsample': 0.7502331810559776, 'colsample_bytree': 0.6375927759363476, 'min_child_weight': 6}. Best is trial 2 with value: 0.5800142247510669.
/home/mklemmingen/PycharmProjects/migraine-forecasting-shd/.venv/lib/python3.13/site-packages/sklearn/metrics/_ranking.py:424: UndefinedMetricWarning: Only one class is present in y_true. ROC AUC score is not defined in that case.
  warnings.warn(
/home/mklemmingen/PycharmProjects/migraine-forecasting-shd/.venv/lib/python3.13/site-packages/sklearn/metrics/_ranking.py:1046: UserWarning: No positive class found in y_true, recall is set to one for all thresholds.
  warnings.warn(
[I 2026-05-15 18:22:57,682] Trial 57 finished with value: 0.5074679943100996 and parameters: {'n_estimators': 66, 'learning_rate': 0.04872420129560894, 'subsample': 0.8170578538830306, 'colsample_bytree': 0.7146165008513138, 'min_child_weight': 6}. Best is trial 2 with value: 0.5800142247510669.
/home/mklemmingen/PycharmProjects/migraine-forecasting-shd/.venv/lib/python3.13/site-packages/sklearn/linear_model/_sag.py:348: ConvergenceWarning: The max_iter was reached which means the coef_ did not converge
  warnings.warn(
/home/mklemmingen/PycharmProjects/migraine-forecasting-shd/.venv/lib/python3.13/site-packages/sklearn/metrics/_ranking.py:424: UndefinedMetricWarning: Only one class is present in y_true. ROC AUC score is not defined in that case.
  warnings.warn(
/home/mklemmingen/PycharmProjects/migraine-forecasting-shd/.venv/lib/python3.13/site-packages/sklearn/metrics/_ranking.py:1046: UserWarning: No positive class found in y_true, recall is set to one for all thresholds.
  warnings.warn(
[I 2026-05-15 18:22:58,072] Trial 58 finished with value: 0.48755334281650076 and parameters: {'n_estimators': 63, 'learning_rate': 0.011354494477798304, 'subsample': 0.9290402242638633, 'colsample_bytree': 0.7440762565645052, 'min_child_weight': 2}. Best is trial 2 with value: 0.5800142247510669.
/home/mklemmingen/PycharmProjects/migraine-forecasting-shd/.venv/lib/python3.13/site-packages/sklearn/metrics/_ranking.py:424: UndefinedMetricWarning: Only one class is present in y_true. ROC AUC score is not defined in that case.
  warnings.warn(
/home/mklemmingen/PycharmProjects/migraine-forecasting-shd/.venv/lib/python3.13/site-packages/sklearn/metrics/_ranking.py:1046: UserWarning: No positive class found in y_true, recall is set to one for all thresholds.
  warnings.warn(
[I 2026-05-15 18:22:58,564] Trial 59 finished with value: 0.16731863442389755 and parameters: {'n_estimators': 285, 'learning_rate': 0.13720623374101712, 'subsample': 0.6863284109987373, 'colsample_bytree': 0.8491561903276001, 'min_child_weight': 1}. Best is trial 2 with value: 0.5800142247510669.
/home/mklemmingen/PycharmProjects/migraine-forecasting-shd/.venv/lib/python3.13/site-packages/sklearn/metrics/_ranking.py:424: UndefinedMetricWarning: Only one class is present in y_true. ROC AUC score is not defined in that case.
  warnings.warn(
/home/mklemmingen/PycharmProjects/migraine-forecasting-shd/.venv/lib/python3.13/site-packages/sklearn/metrics/_ranking.py:1046: UserWarning: No positive class found in y_true, recall is set to one for all thresholds.
  warnings.warn(
[I 2026-05-15 18:22:58,887] Trial 60 finished with value: 0.5143136557610242 and parameters: {'n_estimators': 73, 'learning_rate': 0.060936179246384004, 'subsample': 0.8162540486440426, 'colsample_bytree': 0.8549719605992826, 'min_child_weight': 8}. Best is trial 2 with value: 0.5800142247510669.
/home/mklemmingen/PycharmProjects/migraine-forecasting-shd/.venv/lib/python3.13/site-packages/sklearn/metrics/_ranking.py:424: UndefinedMetricWarning: Only one class is present in y_true. ROC AUC score is not defined in that case.
  warnings.warn(
/home/mklemmingen/PycharmProjects/migraine-forecasting-shd/.venv/lib/python3.13/site-packages/sklearn/metrics/_ranking.py:1046: UserWarning: No positive class found in y_true, recall is set to one for all thresholds.
  warnings.warn(
[I 2026-05-15 18:22:59,572] Trial 61 finished with value: 0.20412517780938833 and parameters: {'n_estimators': 490, 'learning_rate': 0.057894621409801394, 'subsample': 0.7291825891764984, 'colsample_bytree': 0.9180744779074814, 'min_child_weight': 3}. Best is trial 2 with value: 0.5800142247510669.
/home/mklemmingen/PycharmProjects/migraine-forecasting-shd/.venv/lib/python3.13/site-packages/sklearn/metrics/_ranking.py:424: UndefinedMetricWarning: Only one class is present in y_true. ROC AUC score is not defined in that case.
  warnings.warn(
/home/mklemmingen/PycharmProjects/migraine-forecasting-shd/.venv/lib/python3.13/site-packages/sklearn/metrics/_ranking.py:1046: UserWarning: No positive class found in y_true, recall is set to one for all thresholds.
  warnings.warn(
[I 2026-05-15 18:23:00,097] Trial 62 finished with value: 0.5209815078236131 and parameters: {'n_estimators': 247, 'learning_rate': 0.013058388599138515, 'subsample': 0.610140297366183, 'colsample_bytree': 0.98505936587117, 'min_child_weight': 9}. Best is trial 2 with value: 0.5800142247510669.
/home/mklemmingen/PycharmProjects/migraine-forecasting-shd/.venv/lib/python3.13/site-packages/sklearn/metrics/_ranking.py:424: UndefinedMetricWarning: Only one class is present in y_true. ROC AUC score is not defined in that case.
  warnings.warn(
/home/mklemmingen/PycharmProjects/migraine-forecasting-shd/.venv/lib/python3.13/site-packages/sklearn/metrics/_ranking.py:1046: UserWarning: No positive class found in y_true, recall is set to one for all thresholds.
  warnings.warn(
[I 2026-05-15 18:23:00,816] Trial 63 finished with value: 0.49768847795163584 and parameters: {'n_estimators': 363, 'learning_rate': 0.04018584329485903, 'subsample': 0.6693177280283383, 'colsample_bytree': 0.6625748170684344, 'min_child_weight': 3}. Best is trial 2 with value: 0.5800142247510669.
/home/mklemmingen/PycharmProjects/migraine-forecasting-shd/.venv/lib/python3.13/site-packages/sklearn/metrics/_ranking.py:424: UndefinedMetricWarning: Only one class is present in y_true. ROC AUC score is not defined in that case.
  warnings.warn(
/home/mklemmingen/PycharmProjects/migraine-forecasting-shd/.venv/lib/python3.13/site-packages/sklearn/metrics/_ranking.py:1046: UserWarning: No positive class found in y_true, recall is set to one for all thresholds.
  warnings.warn(
[I 2026-05-15 18:23:01,321] Trial 64 finished with value: 0.23061877667140826 and parameters: {'n_estimators': 297, 'learning_rate': 0.11364355894710455, 'subsample': 0.8640789506870925, 'colsample_bytree': 0.7119735587783771, 'min_child_weight': 10}. Best is trial 2 with value: 0.5800142247510669.
/home/mklemmingen/PycharmProjects/migraine-forecasting-shd/.venv/lib/python3.13/site-packages/sklearn/metrics/_ranking.py:424: UndefinedMetricWarning: Only one class is present in y_true. ROC AUC score is not defined in that case.
  warnings.warn(
/home/mklemmingen/PycharmProjects/migraine-forecasting-shd/.venv/lib/python3.13/site-packages/sklearn/metrics/_ranking.py:1046: UserWarning: No positive class found in y_true, recall is set to one for all thresholds.
  warnings.warn(
[I 2026-05-15 18:23:01,862] Trial 65 finished with value: 0.21390469416785207 and parameters: {'n_estimators': 382, 'learning_rate': 0.06589434624667669, 'subsample': 0.8446882984937409, 'colsample_bytree': 0.7678400249711159, 'min_child_weight': 3}. Best is trial 2 with value: 0.5800142247510669.
/home/mklemmingen/PycharmProjects/migraine-forecasting-shd/.venv/lib/python3.13/site-packages/sklearn/metrics/_ranking.py:424: UndefinedMetricWarning: Only one class is present in y_true. ROC AUC score is not defined in that case.
  warnings.warn(
/home/mklemmingen/PycharmProjects/migraine-forecasting-shd/.venv/lib/python3.13/site-packages/sklearn/metrics/_ranking.py:1046: UserWarning: No positive class found in y_true, recall is set to one for all thresholds.
  warnings.warn(
[I 2026-05-15 18:23:02,369] Trial 66 finished with value: 0.21354907539118065 and parameters: {'n_estimators': 210, 'learning_rate': 0.1316529507921963, 'subsample': 0.6057573954519023, 'colsample_bytree': 0.6464290562027665, 'min_child_weight': 1}. Best is trial 2 with value: 0.5800142247510669.
/home/mklemmingen/PycharmProjects/migraine-forecasting-shd/.venv/lib/python3.13/site-packages/sklearn/metrics/_ranking.py:424: UndefinedMetricWarning: Only one class is present in y_true. ROC AUC score is not defined in that case.
  warnings.warn(
/home/mklemmingen/PycharmProjects/migraine-forecasting-shd/.venv/lib/python3.13/site-packages/sklearn/metrics/_ranking.py:1046: UserWarning: No positive class found in y_true, recall is set to one for all thresholds.
  warnings.warn(
[I 2026-05-15 18:23:02,717] Trial 67 finished with value: 0.6360241820768137 and parameters: {'n_estimators': 68, 'learning_rate': 0.183492792986878, 'subsample': 0.8814631437520095, 'colsample_bytree': 0.78966953163493, 'min_child_weight': 1}. Best is trial 67 with value: 0.6360241820768137.
/home/mklemmingen/PycharmProjects/migraine-forecasting-shd/.venv/lib/python3.13/site-packages/sklearn/metrics/_ranking.py:424: UndefinedMetricWarning: Only one class is present in y_true. ROC AUC score is not defined in that case.
  warnings.warn(
/home/mklemmingen/PycharmProjects/migraine-forecasting-shd/.venv/lib/python3.13/site-packages/sklearn/metrics/_ranking.py:1046: UserWarning: No positive class found in y_true, recall is set to one for all thresholds.
  warnings.warn(
[I 2026-05-15 18:23:03,268] Trial 68 finished with value: 0.5008890469416785 and parameters: {'n_estimators': 271, 'learning_rate': 0.050046673502396374, 'subsample': 0.669280747964006, 'colsample_bytree': 0.7735406596951893, 'min_child_weight': 4}. Best is trial 67 with value: 0.6360241820768137.
/home/mklemmingen/PycharmProjects/migraine-forecasting-shd/.venv/lib/python3.13/site-packages/sklearn/metrics/_ranking.py:424: UndefinedMetricWarning: Only one class is present in y_true. ROC AUC score is not defined in that case.
  warnings.warn(
/home/mklemmingen/PycharmProjects/migraine-forecasting-shd/.venv/lib/python3.13/site-packages/sklearn/metrics/_ranking.py:1046: UserWarning: No positive class found in y_true, recall is set to one for all thresholds.
  warnings.warn(
[I 2026-05-15 18:23:03,810] Trial 69 finished with value: 0.21746088193456614 and parameters: {'n_estimators': 327, 'learning_rate': 0.08671821512512803, 'subsample': 0.6181216039088178, 'colsample_bytree': 0.7498450458505885, 'min_child_weight': 7}. Best is trial 67 with value: 0.6360241820768137.
/home/mklemmingen/PycharmProjects/migraine-forecasting-shd/.venv/lib/python3.13/site-packages/sklearn/metrics/_ranking.py:424: UndefinedMetricWarning: Only one class is present in y_true. ROC AUC score is not defined in that case.
  warnings.warn(
/home/mklemmingen/PycharmProjects/migraine-forecasting-shd/.venv/lib/python3.13/site-packages/sklearn/metrics/_ranking.py:1046: UserWarning: No positive class found in y_true, recall is set to one for all thresholds.
  warnings.warn(
[I 2026-05-15 18:23:04,284] Trial 70 finished with value: 0.22083926031294449 and parameters: {'n_estimators': 276, 'learning_rate': 0.18413627311856376, 'subsample': 0.8634774526475779, 'colsample_bytree': 0.6651737708325719, 'min_child_weight': 1}. Best is trial 67 with value: 0.6360241820768137.
/home/mklemmingen/PycharmProjects/migraine-forecasting-shd/.venv/lib/python3.13/site-packages/sklearn/metrics/_ranking.py:424: UndefinedMetricWarning: Only one class is present in y_true. ROC AUC score is not defined in that case.
  warnings.warn(
/home/mklemmingen/PycharmProjects/migraine-forecasting-shd/.venv/lib/python3.13/site-packages/sklearn/metrics/_ranking.py:1046: UserWarning: No positive class found in y_true, recall is set to one for all thresholds.
  warnings.warn(
[I 2026-05-15 18:23:04,880] Trial 71 finished with value: 0.5142247510668563 and parameters: {'n_estimators': 339, 'learning_rate': 0.010943605280157023, 'subsample': 0.8343102325093853, 'colsample_bytree': 0.9760920965699831, 'min_child_weight': 6}. Best is trial 67 with value: 0.6360241820768137.
/home/mklemmingen/PycharmProjects/migraine-forecasting-shd/.venv/lib/python3.13/site-packages/sklearn/metrics/_ranking.py:424: UndefinedMetricWarning: Only one class is present in y_true. ROC AUC score is not defined in that case.
  warnings.warn(
/home/mklemmingen/PycharmProjects/migraine-forecasting-shd/.venv/lib/python3.13/site-packages/sklearn/metrics/_ranking.py:1046: UserWarning: No positive class found in y_true, recall is set to one for all thresholds.
  warnings.warn(
[I 2026-05-15 18:23:05,357] Trial 72 finished with value: 0.2503556187766714 and parameters: {'n_estimators': 225, 'learning_rate': 0.08916916511121768, 'subsample': 0.7833011561966067, 'colsample_bytree': 0.818246715726374, 'min_child_weight': 10}. Best is trial 67 with value: 0.6360241820768137.
/home/mklemmingen/PycharmProjects/migraine-forecasting-shd/.venv/lib/python3.13/site-packages/sklearn/metrics/_ranking.py:424: UndefinedMetricWarning: Only one class is present in y_true. ROC AUC score is not defined in that case.
  warnings.warn(
/home/mklemmingen/PycharmProjects/migraine-forecasting-shd/.venv/lib/python3.13/site-packages/sklearn/metrics/_ranking.py:1046: UserWarning: No positive class found in y_true, recall is set to one for all thresholds.
  warnings.warn(
[I 2026-05-15 18:23:05,833] Trial 73 finished with value: 0.21354907539118065 and parameters: {'n_estimators': 224, 'learning_rate': 0.26290267902103615, 'subsample': 0.9621402567824255, 'colsample_bytree': 0.6783164539157186, 'min_child_weight': 1}. Best is trial 67 with value: 0.6360241820768137.
/home/mklemmingen/PycharmProjects/migraine-forecasting-shd/.venv/lib/python3.13/site-packages/sklearn/linear_model/_sag.py:348: ConvergenceWarning: The max_iter was reached which means the coef_ did not converge
  warnings.warn(
/home/mklemmingen/PycharmProjects/migraine-forecasting-shd/.venv/lib/python3.13/site-packages/sklearn/metrics/_ranking.py:424: UndefinedMetricWarning: Only one class is present in y_true. ROC AUC score is not defined in that case.
  warnings.warn(
/home/mklemmingen/PycharmProjects/migraine-forecasting-shd/.venv/lib/python3.13/site-packages/sklearn/metrics/_ranking.py:1046: UserWarning: No positive class found in y_true, recall is set to one for all thresholds.
  warnings.warn(
[I 2026-05-15 18:23:06,262] Trial 74 finished with value: 0.510846372688478 and parameters: {'n_estimators': 95, 'learning_rate': 0.010639368372762009, 'subsample': 0.6377771843023713, 'colsample_bytree': 0.8732027093665427, 'min_child_weight': 1}. Best is trial 67 with value: 0.6360241820768137.
/home/mklemmingen/PycharmProjects/migraine-forecasting-shd/.venv/lib/python3.13/site-packages/sklearn/metrics/_ranking.py:424: UndefinedMetricWarning: Only one class is present in y_true. ROC AUC score is not defined in that case.
  warnings.warn(
/home/mklemmingen/PycharmProjects/migraine-forecasting-shd/.venv/lib/python3.13/site-packages/sklearn/metrics/_ranking.py:1046: UserWarning: No positive class found in y_true, recall is set to one for all thresholds.
  warnings.warn(
[I 2026-05-15 18:23:06,771] Trial 75 finished with value: 0.18403271692745377 and parameters: {'n_estimators': 193, 'learning_rate': 0.17700408094497766, 'subsample': 0.6093087742943303, 'colsample_bytree': 0.9257873930355743, 'min_child_weight': 3}. Best is trial 67 with value: 0.6360241820768137.
/home/mklemmingen/PycharmProjects/migraine-forecasting-shd/.venv/lib/python3.13/site-packages/sklearn/metrics/_ranking.py:424: UndefinedMetricWarning: Only one class is present in y_true. ROC AUC score is not defined in that case.
  warnings.warn(
/home/mklemmingen/PycharmProjects/migraine-forecasting-shd/.venv/lib/python3.13/site-packages/sklearn/metrics/_ranking.py:1046: UserWarning: No positive class found in y_true, recall is set to one for all thresholds.
  warnings.warn(
[I 2026-05-15 18:23:07,132] Trial 76 finished with value: 0.5209815078236131 and parameters: {'n_estimators': 103, 'learning_rate': 0.10694617981517995, 'subsample': 0.8515771387119535, 'colsample_bytree': 0.9509888054108212, 'min_child_weight': 8}. Best is trial 67 with value: 0.6360241820768137.
/home/mklemmingen/PycharmProjects/migraine-forecasting-shd/.venv/lib/python3.13/site-packages/sklearn/metrics/_ranking.py:424: UndefinedMetricWarning: Only one class is present in y_true. ROC AUC score is not defined in that case.
  warnings.warn(
/home/mklemmingen/PycharmProjects/migraine-forecasting-shd/.venv/lib/python3.13/site-packages/sklearn/metrics/_ranking.py:1046: UserWarning: No positive class found in y_true, recall is set to one for all thresholds.
  warnings.warn(
[I 2026-05-15 18:23:07,795] Trial 77 finished with value: 0.517425320056899 and parameters: {'n_estimators': 412, 'learning_rate': 0.02609752135980675, 'subsample': 0.6709758175118891, 'colsample_bytree': 0.9002459006563434, 'min_child_weight': 9}. Best is trial 67 with value: 0.6360241820768137.
/home/mklemmingen/PycharmProjects/migraine-forecasting-shd/.venv/lib/python3.13/site-packages/sklearn/metrics/_ranking.py:424: UndefinedMetricWarning: Only one class is present in y_true. ROC AUC score is not defined in that case.
  warnings.warn(
/home/mklemmingen/PycharmProjects/migraine-forecasting-shd/.venv/lib/python3.13/site-packages/sklearn/metrics/_ranking.py:1046: UserWarning: No positive class found in y_true, recall is set to one for all thresholds.
  warnings.warn(
[I 2026-05-15 18:23:08,478] Trial 78 finished with value: 0.5010668563300142 and parameters: {'n_estimators': 496, 'learning_rate': 0.04068987358935104, 'subsample': 0.7488072343171133, 'colsample_bytree': 0.9105651842967988, 'min_child_weight': 4}. Best is trial 67 with value: 0.6360241820768137.
/home/mklemmingen/PycharmProjects/migraine-forecasting-shd/.venv/lib/python3.13/site-packages/sklearn/metrics/_ranking.py:424: UndefinedMetricWarning: Only one class is present in y_true. ROC AUC score is not defined in that case.
  warnings.warn(
/home/mklemmingen/PycharmProjects/migraine-forecasting-shd/.venv/lib/python3.13/site-packages/sklearn/metrics/_ranking.py:1046: UserWarning: No positive class found in y_true, recall is set to one for all thresholds.
  warnings.warn(
[I 2026-05-15 18:23:09,179] Trial 79 finished with value: 0.1637624466571835 and parameters: {'n_estimators': 469, 'learning_rate': 0.18534450766991437, 'subsample': 0.7715976109500073, 'colsample_bytree': 0.9003484271165989, 'min_child_weight': 8}. Best is trial 67 with value: 0.6360241820768137.
/home/mklemmingen/PycharmProjects/migraine-forecasting-shd/.venv/lib/python3.13/site-packages/sklearn/metrics/_ranking.py:424: UndefinedMetricWarning: Only one class is present in y_true. ROC AUC score is not defined in that case.
  warnings.warn(
/home/mklemmingen/PycharmProjects/migraine-forecasting-shd/.venv/lib/python3.13/site-packages/sklearn/metrics/_ranking.py:1046: UserWarning: No positive class found in y_true, recall is set to one for all thresholds.
  warnings.warn(
