[I 2026-05-15 18:09:37,337] Trial 213 finished with value: 0.6951479246455439 and parameters: {'n_estimators': 382, 'learning_rate': 0.02252697085449845, 'subsample': 0.6441896452525578, 'colsample_bytree': 0.7418488630563106, 'min_child_weight': 3}. Best is trial 97 with value: 0.7185192617123185.
[I 2026-05-15 18:09:37,892] Trial 214 finished with value: 0.7015753435421385 and parameters: {'n_estimators': 183, 'learning_rate': 0.022134360263848504, 'subsample': 0.6168372758545447, 'colsample_bytree': 0.6071495738933655, 'min_child_weight': 10}. Best is trial 97 with value: 0.7185192617123185.
[I 2026-05-15 18:09:38,464] Trial 215 finished with value: 0.7078633933075633 and parameters: {'n_estimators': 242, 'learning_rate': 0.03695702972706243, 'subsample': 0.8718589130772278, 'colsample_bytree': 0.6873015551460256, 'min_child_weight': 10}. Best is trial 97 with value: 0.7185192617123185.
[I 2026-05-15 18:09:39,333] Trial 216 finished with value: 0.7099266380110144 and parameters: {'n_estimators': 404, 'learning_rate': 0.01355410644318373, 'subsample': 0.7670323103139713, 'colsample_bytree': 0.9516473230248659, 'min_child_weight': 10}. Best is trial 97 with value: 0.7185192617123185.
[I 2026-05-15 18:09:39,979] Trial 217 finished with value: 0.6360259594896766 and parameters: {'n_estimators': 260, 'learning_rate': 0.08055323771079952, 'subsample': 0.6668135784368301, 'colsample_bytree': 0.9964674504547906, 'min_child_weight': 3}. Best is trial 97 with value: 0.7185192617123185.
[I 2026-05-15 18:09:40,748] Trial 218 finished with value: 0.6041187014634805 and parameters: {'n_estimators': 475, 'learning_rate': 0.09111856536457716, 'subsample': 0.8430947179515437, 'colsample_bytree': 0.8050754044066034, 'min_child_weight': 3}. Best is trial 97 with value: 0.7185192617123185.
[I 2026-05-15 18:09:41,406] Trial 219 finished with value: 0.7126450371285071 and parameters: {'n_estimators': 129, 'learning_rate': 0.021168245605336592, 'subsample': 0.6745753048577018, 'colsample_bytree': 0.9118337894267013, 'min_child_weight': 4}. Best is trial 97 with value: 0.7185192617123185.
[I 2026-05-15 18:09:41,864] Trial 220 finished with value: 0.6716316630553832 and parameters: {'n_estimators': 76, 'learning_rate': 0.27007357481469935, 'subsample': 0.9535143539853703, 'colsample_bytree': 0.9711009132780852, 'min_child_weight': 10}. Best is trial 97 with value: 0.7185192617123185.
[I 2026-05-15 18:09:42,375] Trial 221 finished with value: 0.6859747757598941 and parameters: {'n_estimators': 128, 'learning_rate': 0.038485533221220426, 'subsample': 0.9032953902816365, 'colsample_bytree': 0.8784082472215169, 'min_child_weight': 2}. Best is trial 97 with value: 0.7185192617123185.
[I 2026-05-15 18:09:43,168] Trial 222 finished with value: 0.7053653913678846 and parameters: {'n_estimators': 417, 'learning_rate': 0.021454872553820167, 'subsample': 0.6895270459290492, 'colsample_bytree': 0.8147897691573655, 'min_child_weight': 6}. Best is trial 97 with value: 0.7185192617123185.
[I 2026-05-15 18:09:43,916] Trial 223 finished with value: 0.692041224957611 and parameters: {'n_estimators': 311, 'learning_rate': 0.013650141458097294, 'subsample': 0.9509843450521521, 'colsample_bytree': 0.7062400170354824, 'min_child_weight': 2}. Best is trial 97 with value: 0.7185192617123185.
[I 2026-05-15 18:09:44,633] Trial 224 finished with value: 0.6235338266279087 and parameters: {'n_estimators': 450, 'learning_rate': 0.25799609949079394, 'subsample': 0.9448510469061803, 'colsample_bytree': 0.9238064298899512, 'min_child_weight': 7}. Best is trial 97 with value: 0.7185192617123185.
[I 2026-05-15 18:09:45,223] Trial 225 finished with value: 0.6958867905728873 and parameters: {'n_estimators': 298, 'learning_rate': 0.013442807881704787, 'subsample': 0.7633812852282795, 'colsample_bytree': 0.7490754068049256, 'min_child_weight': 3}. Best is trial 97 with value: 0.7185192617123185.
[I 2026-05-15 18:09:45,869] Trial 226 finished with value: 0.6640922866531402 and parameters: {'n_estimators': 376, 'learning_rate': 0.05400930490489831, 'subsample': 0.6324184863630592, 'colsample_bytree': 0.6880732807799246, 'min_child_weight': 7}. Best is trial 97 with value: 0.7185192617123185.
[I 2026-05-15 18:09:46,387] Trial 227 finished with value: 0.6539278625112754 and parameters: {'n_estimators': 84, 'learning_rate': 0.18085720917034953, 'subsample': 0.7980586108055897, 'colsample_bytree': 0.7922346309306592, 'min_child_weight': 6}. Best is trial 97 with value: 0.7185192617123185.
[I 2026-05-15 18:09:47,197] Trial 228 finished with value: 0.6643552881641772 and parameters: {'n_estimators': 421, 'learning_rate': 0.03264046773889467, 'subsample': 0.8712064610236254, 'colsample_bytree': 0.8262927855983164, 'min_child_weight': 3}. Best is trial 97 with value: 0.7185192617123185.
[I 2026-05-15 18:09:47,968] Trial 229 finished with value: 0.6352058500810559 and parameters: {'n_estimators': 446, 'learning_rate': 0.1506242597564433, 'subsample': 0.8633807338633701, 'colsample_bytree': 0.9402326916376967, 'min_child_weight': 9}. Best is trial 97 with value: 0.7185192617123185.
[I 2026-05-15 18:09:48,767] Trial 230 finished with value: 0.6240263844440801 and parameters: {'n_estimators': 369, 'learning_rate': 0.17233368627246023, 'subsample': 0.8789885846677135, 'colsample_bytree': 0.8720563087041202, 'min_child_weight': 7}. Best is trial 97 with value: 0.7185192617123185.
[I 2026-05-15 18:09:49,495] Trial 231 finished with value: 0.6899683243031451 and parameters: {'n_estimators': 389, 'learning_rate': 0.01715058633804989, 'subsample': 0.9523483036795714, 'colsample_bytree': 0.9487374110980928, 'min_child_weight': 1}. Best is trial 97 with value: 0.7185192617123185.
[I 2026-05-15 18:09:50,354] Trial 232 finished with value: 0.6988955179894971 and parameters: {'n_estimators': 422, 'learning_rate': 0.015500882360981386, 'subsample': 0.7340475417036567, 'colsample_bytree': 0.897403302516643, 'min_child_weight': 2}. Best is trial 97 with value: 0.7185192617123185.
[I 2026-05-15 18:09:51,206] Trial 233 finished with value: 0.5837413571238504 and parameters: {'n_estimators': 418, 'learning_rate': 0.16949741572693364, 'subsample': 0.8029870935043345, 'colsample_bytree': 0.6025543486867334, 'min_child_weight': 3}. Best is trial 97 with value: 0.7185192617123185.
[I 2026-05-15 18:09:51,976] Trial 234 finished with value: 0.6138993433463292 and parameters: {'n_estimators': 328, 'learning_rate': 0.2814044483905247, 'subsample': 0.8527254108066673, 'colsample_bytree': 0.703921432425664, 'min_child_weight': 7}. Best is trial 97 with value: 0.7185192617123185.
[I 2026-05-15 18:09:52,689] Trial 235 finished with value: 0.6590662143603555 and parameters: {'n_estimators': 293, 'learning_rate': 0.14188164286328378, 'subsample': 0.6427922555307833, 'colsample_bytree': 0.9044111610008112, 'min_child_weight': 6}. Best is trial 97 with value: 0.7185192617123185.
[I 2026-05-15 18:09:53,574] Trial 236 finished with value: 0.6449094735257688 and parameters: {'n_estimators': 484, 'learning_rate': 0.031987967260885763, 'subsample': 0.8530487572535792, 'colsample_bytree': 0.9728112422040069, 'min_child_weight': 2}. Best is trial 97 with value: 0.7185192617123185.
[I 2026-05-15 18:09:54,455] Trial 237 finished with value: 0.6406210450854075 and parameters: {'n_estimators': 472, 'learning_rate': 0.10377449322923026, 'subsample': 0.6271348236420687, 'colsample_bytree': 0.7203854267787265, 'min_child_weight': 8}. Best is trial 97 with value: 0.7185192617123185.
[I 2026-05-15 18:09:54,915] Trial 238 finished with value: 0.6966273927227096 and parameters: {'n_estimators': 80, 'learning_rate': 0.07243298125258663, 'subsample': 0.7383532227811826, 'colsample_bytree': 0.8483662071069908, 'min_child_weight': 1}. Best is trial 97 with value: 0.7185192617123185.
[I 2026-05-15 18:09:55,635] Trial 239 finished with value: 0.5843417994318167 and parameters: {'n_estimators': 443, 'learning_rate': 0.2741329550308027, 'subsample': 0.9875511421142766, 'colsample_bytree': 0.8998607326971699, 'min_child_weight': 2}. Best is trial 97 with value: 0.7185192617123185.
[I 2026-05-15 18:09:56,383] Trial 240 finished with value: 0.7013486922016474 and parameters: {'n_estimators': 391, 'learning_rate': 0.010872210614728706, 'subsample': 0.6088494206115989, 'colsample_bytree': 0.7294440876598165, 'min_child_weight': 5}. Best is trial 97 with value: 0.7185192617123185.
[I 2026-05-15 18:09:57,233] Trial 241 finished with value: 0.6389104622977265 and parameters: {'n_estimators': 397, 'learning_rate': 0.10216687836661903, 'subsample': 0.7783610825506994, 'colsample_bytree': 0.7094506665126663, 'min_child_weight': 10}. Best is trial 97 with value: 0.7185192617123185.
[I 2026-05-15 18:09:57,827] Trial 242 finished with value: 0.6822532026133892 and parameters: {'n_estimators': 242, 'learning_rate': 0.04642515557144032, 'subsample': 0.6654495284766676, 'colsample_bytree': 0.9179238194999717, 'min_child_weight': 7}. Best is trial 97 with value: 0.7185192617123185.
[I 2026-05-15 18:09:58,370] Trial 243 finished with value: 0.6930784725538505 and parameters: {'n_estimators': 149, 'learning_rate': 0.013233867846615706, 'subsample': 0.8721997208298853, 'colsample_bytree': 0.861804485712454, 'min_child_weight': 3}. Best is trial 97 with value: 0.7185192617123185.
[I 2026-05-15 18:09:59,307] Trial 244 finished with value: 0.6944763814841741 and parameters: {'n_estimators': 478, 'learning_rate': 0.016715940732072453, 'subsample': 0.7729339204170408, 'colsample_bytree': 0.9774463680670396, 'min_child_weight': 5}. Best is trial 97 with value: 0.7185192617123185.
[I 2026-05-15 18:10:00,080] Trial 245 finished with value: 0.6770805845309569 and parameters: {'n_estimators': 337, 'learning_rate': 0.03866296319102493, 'subsample': 0.7096860809394681, 'colsample_bytree': 0.9935910591839313, 'min_child_weight': 5}. Best is trial 97 with value: 0.7185192617123185.
[I 2026-05-15 18:10:00,851] Trial 246 finished with value: 0.7123458133960398 and parameters: {'n_estimators': 453, 'learning_rate': 0.02186104086033942, 'subsample': 0.6852418816100333, 'colsample_bytree': 0.6124536331538045, 'min_child_weight': 7}. Best is trial 97 with value: 0.7185192617123185.
[I 2026-05-15 18:10:01,434] Trial 247 finished with value: 0.6043960609936653 and parameters: {'n_estimators': 216, 'learning_rate': 0.18913066193087913, 'subsample': 0.7892839626766228, 'colsample_bytree': 0.9872773711658887, 'min_child_weight': 2}. Best is trial 97 with value: 0.7185192617123185.
[I 2026-05-15 18:10:02,159] Trial 248 finished with value: 0.6257964572597488 and parameters: {'n_estimators': 441, 'learning_rate': 0.14032263056055083, 'subsample': 0.9083687378576208, 'colsample_bytree': 0.937913291246755, 'min_child_weight': 8}. Best is trial 97 with value: 0.7185192617123185.
[I 2026-05-15 18:10:02,879] Trial 249 finished with value: 0.7052281871011057 and parameters: {'n_estimators': 332, 'learning_rate': 0.015626603702629693, 'subsample': 0.6130104717965007, 'colsample_bytree': 0.9683391391262748, 'min_child_weight': 7}. Best is trial 97 with value: 0.7185192617123185.
[I 2026-05-15 18:10:03,676] Trial 250 finished with value: 0.6544039803509756 and parameters: {'n_estimators': 409, 'learning_rate': 0.05143596593714486, 'subsample': 0.6469232755849578, 'colsample_bytree': 0.6500743168810201, 'min_child_weight': 7}. Best is trial 97 with value: 0.7185192617123185.
[I 2026-05-15 18:10:04,381] Trial 251 finished with value: 0.6952678989676164 and parameters: {'n_estimators': 244, 'learning_rate': 0.019778772535024504, 'subsample': 0.7966378186965748, 'colsample_bytree': 0.6256835748300537, 'min_child_weight': 6}. Best is trial 97 with value: 0.7185192617123185.
[I 2026-05-15 18:10:05,035] Trial 252 finished with value: 0.6268799415086929 and parameters: {'n_estimators': 171, 'learning_rate': 0.15069245195299658, 'subsample': 0.7241447835694295, 'colsample_bytree': 0.7820880596327204, 'min_child_weight': 1}. Best is trial 97 with value: 0.7185192617123185.
[I 2026-05-15 18:10:05,604] Trial 253 finished with value: 0.7000857659999256 and parameters: {'n_estimators': 82, 'learning_rate': 0.03799798565961001, 'subsample': 0.7919755338868494, 'colsample_bytree': 0.8400082192477215, 'min_child_weight': 3}. Best is trial 97 with value: 0.7185192617123185.
[I 2026-05-15 18:10:06,363] Trial 254 finished with value: 0.6200255655697393 and parameters: {'n_estimators': 363, 'learning_rate': 0.18642539611497197, 'subsample': 0.91194039555734, 'colsample_bytree': 0.6158475301393428, 'min_child_weight': 5}. Best is trial 97 with value: 0.7185192617123185.
[I 2026-05-15 18:10:06,964] Trial 255 finished with value: 0.6930261271351911 and parameters: {'n_estimators': 97, 'learning_rate': 0.02277874734335831, 'subsample': 0.9946650373068586, 'colsample_bytree': 0.6569982171606052, 'min_child_weight': 5}. Best is trial 97 with value: 0.7185192617123185.
[I 2026-05-15 18:10:07,621] Trial 256 finished with value: 0.6075836992628547 and parameters: {'n_estimators': 328, 'learning_rate': 0.1090500674878377, 'subsample': 0.8238594733947656, 'colsample_bytree': 0.6039083389676735, 'min_child_weight': 4}. Best is trial 97 with value: 0.7185192617123185.
[I 2026-05-15 18:10:08,335] Trial 257 finished with value: 0.6952215688897838 and parameters: {'n_estimators': 283, 'learning_rate': 0.013483091242052886, 'subsample': 0.7402507724836723, 'colsample_bytree': 0.6132812435165466, 'min_child_weight': 1}. Best is trial 97 with value: 0.7185192617123185.
[I 2026-05-15 18:10:09,020] Trial 258 finished with value: 0.6980205993374167 and parameters: {'n_estimators': 229, 'learning_rate': 0.015704975424207217, 'subsample': 0.8270163393046233, 'colsample_bytree': 0.8757859876549063, 'min_child_weight': 9}. Best is trial 97 with value: 0.7185192617123185.
[I 2026-05-15 18:10:09,502] Trial 259 finished with value: 0.708682634171848 and parameters: {'n_estimators': 140, 'learning_rate': 0.01767632923587304, 'subsample': 0.6418271361337601, 'colsample_bytree': 0.8545720998174546, 'min_child_weight': 8}. Best is trial 97 with value: 0.7185192617123185.
[I 2026-05-15 18:10:10,044] Trial 260 finished with value: 0.6908659285561836 and parameters: {'n_estimators': 64, 'learning_rate': 0.2414899201224445, 'subsample': 0.6207885134605889, 'colsample_bytree': 0.8165185341204282, 'min_child_weight': 8}. Best is trial 97 with value: 0.7185192617123185.
[I 2026-05-15 18:10:10,864] Trial 261 finished with value: 0.640940833977781 and parameters: {'n_estimators': 442, 'learning_rate': 0.11344699198303249, 'subsample': 0.9206912332279167, 'colsample_bytree': 0.7357800770171224, 'min_child_weight': 9}. Best is trial 97 with value: 0.7185192617123185.
[I 2026-05-15 18:10:11,321] Trial 262 finished with value: 0.6692283324483312 and parameters: {'n_estimators': 86, 'learning_rate': 0.20977450344190512, 'subsample': 0.8190369504614945, 'colsample_bytree': 0.9269191079849974, 'min_child_weight': 5}. Best is trial 97 with value: 0.7185192617123185.
[I 2026-05-15 18:10:12,101] Trial 263 finished with value: 0.6197877632287011 and parameters: {'n_estimators': 340, 'learning_rate': 0.05991844844327821, 'subsample': 0.8926358087021327, 'colsample_bytree': 0.6326519928122358, 'min_child_weight': 1}. Best is trial 97 with value: 0.7185192617123185.
[I 2026-05-15 18:10:12,744] Trial 264 finished with value: 0.698923931478868 and parameters: {'n_estimators': 161, 'learning_rate': 0.017205481781219126, 'subsample': 0.9487134266368806, 'colsample_bytree': 0.6876855949432177, 'min_child_weight': 10}. Best is trial 97 with value: 0.7185192617123185.
[I 2026-05-15 18:10:13,286] Trial 265 finished with value: 0.6907233072406231 and parameters: {'n_estimators': 201, 'learning_rate': 0.018578482774605925, 'subsample': 0.9158794028569917, 'colsample_bytree': 0.8634831102003504, 'min_child_weight': 5}. Best is trial 97 with value: 0.7185192617123185.
[I 2026-05-15 18:10:13,931] Trial 266 finished with value: 0.6707237603834295 and parameters: {'n_estimators': 300, 'learning_rate': 0.115437850951425, 'subsample': 0.6913818965325195, 'colsample_bytree': 0.9985335664226968, 'min_child_weight': 10}. Best is trial 97 with value: 0.7185192617123185.
[I 2026-05-15 18:10:14,622] Trial 267 finished with value: 0.681657863173542 and parameters: {'n_estimators': 343, 'learning_rate': 0.019712803620877697, 'subsample': 0.8720912969725165, 'colsample_bytree': 0.6288793635916703, 'min_child_weight': 1}. Best is trial 97 with value: 0.7185192617123185.
[I 2026-05-15 18:10:15,222] Trial 268 finished with value: 0.6894952411095907 and parameters: {'n_estimators': 166, 'learning_rate': 0.04823365829123508, 'subsample': 0.9473090021633522, 'colsample_bytree': 0.8908676279065232, 'min_child_weight': 8}. Best is trial 97 with value: 0.7185192617123185.
[I 2026-05-15 18:10:15,898] Trial 269 finished with value: 0.6529544726605655 and parameters: {'n_estimators': 241, 'learning_rate': 0.032433060354345296, 'subsample': 0.748415505193841, 'colsample_bytree': 0.9950598254944232, 'min_child_weight': 1}. Best is trial 97 with value: 0.7185192617123185.
[I 2026-05-15 18:10:16,720] Trial 270 finished with value: 0.6352955681495104 and parameters: {'n_estimators': 441, 'learning_rate': 0.07157704181182635, 'subsample': 0.7754461676758362, 'colsample_bytree': 0.8901030641660546, 'min_child_weight': 5}. Best is trial 97 with value: 0.7185192617123185.
[I 2026-05-15 18:10:17,407] Trial 271 finished with value: 0.6012543786068286 and parameters: {'n_estimators': 443, 'learning_rate': 0.2140158150785351, 'subsample': 0.7686883707493821, 'colsample_bytree': 0.7107311188940206, 'min_child_weight': 6}. Best is trial 97 with value: 0.7185192617123185.
[I 2026-05-15 18:10:18,247] Trial 272 finished with value: 0.6985428769861068 and parameters: {'n_estimators': 461, 'learning_rate': 0.02047262808645631, 'subsample': 0.8491866334253931, 'colsample_bytree': 0.8526240880370082, 'min_child_weight': 8}. Best is trial 97 with value: 0.7185192617123185.
[I 2026-05-15 18:10:18,794] Trial 273 finished with value: 0.6540710222278054 and parameters: {'n_estimators': 109, 'learning_rate': 0.11411960768508612, 'subsample': 0.9636130082662564, 'colsample_bytree': 0.6718732435480967, 'min_child_weight': 3}. Best is trial 97 with value: 0.7185192617123185.
[I 2026-05-15 18:10:19,661] Trial 274 finished with value: 0.6797703242839404 and parameters: {'n_estimators': 488, 'learning_rate': 0.018506526075021, 'subsample': 0.9417540373478317, 'colsample_bytree': 0.7969111425792139, 'min_child_weight': 3}. Best is trial 97 with value: 0.7185192617123185.
[I 2026-05-15 18:10:20,432] Trial 275 finished with value: 0.6385821561272234 and parameters: {'n_estimators': 442, 'learning_rate': 0.04547470150059332, 'subsample': 0.805926941571876, 'colsample_bytree': 0.7436933477599063, 'min_child_weight': 6}. Best is trial 97 with value: 0.7185192617123185.
[I 2026-05-15 18:10:21,071] Trial 276 finished with value: 0.690919042288247 and parameters: {'n_estimators': 123, 'learning_rate': 0.03781593563644722, 'subsample': 0.987764928934115, 'colsample_bytree': 0.703253373080451, 'min_child_weight': 7}. Best is trial 97 with value: 0.7185192617123185.
[I 2026-05-15 18:10:21,730] Trial 277 finished with value: 0.6393646577764552 and parameters: {'n_estimators': 196, 'learning_rate': 0.1388396767630528, 'subsample': 0.6523494642873399, 'colsample_bytree': 0.9879284180314178, 'min_child_weight': 5}. Best is trial 97 with value: 0.7185192617123185.
[I 2026-05-15 18:10:22,302] Trial 278 finished with value: 0.7053817777641166 and parameters: {'n_estimators': 156, 'learning_rate': 0.012839958132831194, 'subsample': 0.6679031620350163, 'colsample_bytree': 0.807909579422407, 'min_child_weight': 4}. Best is trial 97 with value: 0.7185192617123185.
[I 2026-05-15 18:10:23,168] Trial 279 finished with value: 0.667590060462268 and parameters: {'n_estimators': 423, 'learning_rate': 0.0432985267536062, 'subsample': 0.6994857090350519, 'colsample_bytree': 0.846857994641612, 'min_child_weight': 8}. Best is trial 97 with value: 0.7185192617123185.
[I 2026-05-15 18:10:23,689] Trial 280 finished with value: 0.6893594689077214 and parameters: {'n_estimators': 125, 'learning_rate': 0.017684545676288067, 'subsample': 0.6146685707734172, 'colsample_bytree': 0.8945608060262562, 'min_child_weight': 7}. Best is trial 97 with value: 0.7185192617123185.
[I 2026-05-15 18:10:24,453] Trial 281 finished with value: 0.6385591926019771 and parameters: {'n_estimators': 264, 'learning_rate': 0.17658024407455558, 'subsample': 0.9222680611800212, 'colsample_bytree': 0.8341417457587008, 'min_child_weight': 9}. Best is trial 97 with value: 0.7185192617123185.
[I 2026-05-15 18:10:24,973] Trial 282 finished with value: 0.6984681938049464 and parameters: {'n_estimators': 142, 'learning_rate': 0.014632510641679492, 'subsample': 0.7078998446067959, 'colsample_bytree': 0.6228347424357259, 'min_child_weight': 6}. Best is trial 97 with value: 0.7185192617123185.
[I 2026-05-15 18:10:25,727] Trial 283 finished with value: 0.714838843015295 and parameters: {'n_estimators': 472, 'learning_rate': 0.011431814801654361, 'subsample': 0.6488439656040107, 'colsample_bytree': 0.7808796113133741, 'min_child_weight': 10}. Best is trial 97 with value: 0.7185192617123185.
[I 2026-05-15 18:10:26,408] Trial 284 finished with value: 0.6998759348947383 and parameters: {'n_estimators': 192, 'learning_rate': 0.05613675661974366, 'subsample': 0.6166291436201569, 'colsample_bytree': 0.6593372803848355, 'min_child_weight': 10}. Best is trial 97 with value: 0.7185192617123185.
[I 2026-05-15 18:10:27,287] Trial 285 finished with value: 0.6891741122162747 and parameters: {'n_estimators': 485, 'learning_rate': 0.010169437951699022, 'subsample': 0.9807247141692956, 'colsample_bytree': 0.8556479751262, 'min_child_weight': 9}. Best is trial 97 with value: 0.7185192617123185.
