[I 2026-05-15 18:11:14,833] Trial 357 finished with value: 0.6316091174065045 and parameters: {'n_estimators': 453, 'learning_rate': 0.08718430698622275, 'subsample': 0.8455734339040247, 'colsample_bytree': 0.6266608162242759, 'min_child_weight': 6}. Best is trial 97 with value: 0.7185192617123185.
[I 2026-05-15 18:11:15,305] Trial 358 finished with value: 0.6305042917647693 and parameters: {'n_estimators': 117, 'learning_rate': 0.12282282825998894, 'subsample': 0.8048887683250698, 'colsample_bytree': 0.8720911116833413, 'min_child_weight': 1}. Best is trial 97 with value: 0.7185192617123185.
[I 2026-05-15 18:11:15,861] Trial 359 finished with value: 0.6909478684568258 and parameters: {'n_estimators': 88, 'learning_rate': 0.11431323145889176, 'subsample': 0.6288337343994693, 'colsample_bytree': 0.6285026911061035, 'min_child_weight': 1}. Best is trial 97 with value: 0.7185192617123185.
[I 2026-05-15 18:11:16,615] Trial 360 finished with value: 0.608575393632856 and parameters: {'n_estimators': 481, 'learning_rate': 0.12285399209683807, 'subsample': 0.7413005634008256, 'colsample_bytree': 0.7186142325150621, 'min_child_weight': 4}. Best is trial 97 with value: 0.7185192617123185.
[I 2026-05-15 18:11:17,333] Trial 361 finished with value: 0.5993082122939647 and parameters: {'n_estimators': 399, 'learning_rate': 0.09482537893094686, 'subsample': 0.6740782271469872, 'colsample_bytree': 0.6696437341336338, 'min_child_weight': 1}. Best is trial 97 with value: 0.7185192617123185.
[I 2026-05-15 18:11:18,013] Trial 362 finished with value: 0.5880293607582983 and parameters: {'n_estimators': 347, 'learning_rate': 0.1346080726275355, 'subsample': 0.7060185713300016, 'colsample_bytree': 0.6083779844123651, 'min_child_weight': 1}. Best is trial 97 with value: 0.7185192617123185.
[I 2026-05-15 18:11:18,894] Trial 363 finished with value: 0.6631309862614823 and parameters: {'n_estimators': 486, 'learning_rate': 0.027315412315616086, 'subsample': 0.9076892591352534, 'colsample_bytree': 0.8498654275417055, 'min_child_weight': 4}. Best is trial 97 with value: 0.7185192617123185.
[I 2026-05-15 18:11:19,471] Trial 364 finished with value: 0.6812352337563523 and parameters: {'n_estimators': 142, 'learning_rate': 0.015111321945937187, 'subsample': 0.8460051872155466, 'colsample_bytree': 0.9098535122551152, 'min_child_weight': 7}. Best is trial 97 with value: 0.7185192617123185.
[I 2026-05-15 18:11:20,213] Trial 365 finished with value: 0.6857780171193442 and parameters: {'n_estimators': 289, 'learning_rate': 0.011533657319501244, 'subsample': 0.9873955110377535, 'colsample_bytree': 0.9194856766618298, 'min_child_weight': 3}. Best is trial 97 with value: 0.7185192617123185.
[I 2026-05-15 18:11:21,026] Trial 366 finished with value: 0.6522175212677663 and parameters: {'n_estimators': 491, 'learning_rate': 0.07745546916009907, 'subsample': 0.8329690632828985, 'colsample_bytree': 0.8992292717718129, 'min_child_weight': 9}. Best is trial 97 with value: 0.7185192617123185.
[I 2026-05-15 18:11:21,708] Trial 367 finished with value: 0.7035112200980194 and parameters: {'n_estimators': 346, 'learning_rate': 0.015460123169963555, 'subsample': 0.7353070023977993, 'colsample_bytree': 0.9712334561304199, 'min_child_weight': 3}. Best is trial 97 with value: 0.7185192617123185.
[I 2026-05-15 18:11:22,361] Trial 368 finished with value: 0.7021253788481748 and parameters: {'n_estimators': 217, 'learning_rate': 0.0434740346787853, 'subsample': 0.7757619958777808, 'colsample_bytree': 0.8451758329978102, 'min_child_weight': 10}. Best is trial 97 with value: 0.7185192617123185.
[I 2026-05-15 18:11:22,917] Trial 369 finished with value: 0.7048543090193385 and parameters: {'n_estimators': 158, 'learning_rate': 0.015117231557486779, 'subsample': 0.678988195943975, 'colsample_bytree': 0.9547699600837078, 'min_child_weight': 7}. Best is trial 97 with value: 0.7185192617123185.
[I 2026-05-15 18:11:23,460] Trial 370 finished with value: 0.6564422124872001 and parameters: {'n_estimators': 178, 'learning_rate': 0.16041780377709564, 'subsample': 0.9445479985453744, 'colsample_bytree': 0.9386057354761113, 'min_child_weight': 10}. Best is trial 97 with value: 0.7185192617123185.
[I 2026-05-15 18:11:24,067] Trial 371 finished with value: 0.6718298196080807 and parameters: {'n_estimators': 163, 'learning_rate': 0.13040326976863553, 'subsample': 0.784215798909656, 'colsample_bytree': 0.9367994211560247, 'min_child_weight': 8}. Best is trial 97 with value: 0.7185192617123185.
[I 2026-05-15 18:11:24,889] Trial 372 finished with value: 0.662128179374662 and parameters: {'n_estimators': 400, 'learning_rate': 0.09316023963068912, 'subsample': 0.6709715077878827, 'colsample_bytree': 0.8180107675587753, 'min_child_weight': 10}. Best is trial 97 with value: 0.7185192617123185.
[I 2026-05-15 18:11:25,650] Trial 373 finished with value: 0.7001242179264977 and parameters: {'n_estimators': 472, 'learning_rate': 0.01158171417528467, 'subsample': 0.6659259262917748, 'colsample_bytree': 0.6526915093818247, 'min_child_weight': 8}. Best is trial 97 with value: 0.7185192617123185.
[I 2026-05-15 18:11:26,553] Trial 374 finished with value: 0.702272158633739 and parameters: {'n_estimators': 418, 'learning_rate': 0.020671984815280927, 'subsample': 0.8023410771807316, 'colsample_bytree': 0.93628121120448, 'min_child_weight': 8}. Best is trial 97 with value: 0.7185192617123185.
[I 2026-05-15 18:11:27,151] Trial 375 finished with value: 0.6387950557838347 and parameters: {'n_estimators': 294, 'learning_rate': 0.07447579044113503, 'subsample': 0.803344218766512, 'colsample_bytree': 0.7190193805275282, 'min_child_weight': 6}. Best is trial 97 with value: 0.7185192617123185.
[I 2026-05-15 18:11:27,933] Trial 376 finished with value: 0.5792910062314437 and parameters: {'n_estimators': 360, 'learning_rate': 0.19498618458374162, 'subsample': 0.8545165415916992, 'colsample_bytree': 0.9044486148172632, 'min_child_weight': 2}. Best is trial 97 with value: 0.7185192617123185.
[I 2026-05-15 18:11:28,607] Trial 377 finished with value: 0.7053714589277894 and parameters: {'n_estimators': 258, 'learning_rate': 0.01032247724034241, 'subsample': 0.6986715458086492, 'colsample_bytree': 0.8905846860452019, 'min_child_weight': 10}. Best is trial 97 with value: 0.7185192617123185.
[I 2026-05-15 18:11:29,174] Trial 378 finished with value: 0.7056351773993453 and parameters: {'n_estimators': 94, 'learning_rate': 0.03917922018225619, 'subsample': 0.9200283874796638, 'colsample_bytree': 0.6816142538515595, 'min_child_weight': 6}. Best is trial 97 with value: 0.7185192617123185.
[I 2026-05-15 18:11:29,933] Trial 379 finished with value: 0.6596424526306139 and parameters: {'n_estimators': 380, 'learning_rate': 0.0812615685770304, 'subsample': 0.6752098938461665, 'colsample_bytree': 0.7421538274742958, 'min_child_weight': 8}. Best is trial 97 with value: 0.7185192617123185.
[I 2026-05-15 18:11:30,535] Trial 380 finished with value: 0.6880140000586041 and parameters: {'n_estimators': 299, 'learning_rate': 0.010179460777247762, 'subsample': 0.9043963040112375, 'colsample_bytree': 0.6141245419760956, 'min_child_weight': 8}. Best is trial 97 with value: 0.7185192617123185.
[I 2026-05-15 18:11:31,016] Trial 381 finished with value: 0.592129207422296 and parameters: {'n_estimators': 141, 'learning_rate': 0.2601301558072128, 'subsample': 0.7471763005208338, 'colsample_bytree': 0.7307726465352317, 'min_child_weight': 2}. Best is trial 97 with value: 0.7185192617123185.
[I 2026-05-15 18:11:31,654] Trial 382 finished with value: 0.6016474338357056 and parameters: {'n_estimators': 187, 'learning_rate': 0.19720570440560253, 'subsample': 0.9985337350508989, 'colsample_bytree': 0.7473238122027394, 'min_child_weight': 5}. Best is trial 97 with value: 0.7185192617123185.
[I 2026-05-15 18:11:32,312] Trial 383 finished with value: 0.6192908936263224 and parameters: {'n_estimators': 375, 'learning_rate': 0.20371294308531432, 'subsample': 0.8372177336747136, 'colsample_bytree': 0.7566102792711318, 'min_child_weight': 5}. Best is trial 97 with value: 0.7185192617123185.
[I 2026-05-15 18:11:33,062] Trial 384 finished with value: 0.6922132263104562 and parameters: {'n_estimators': 363, 'learning_rate': 0.010110060758310611, 'subsample': 0.8478357349839363, 'colsample_bytree': 0.742197204176543, 'min_child_weight': 8}. Best is trial 97 with value: 0.7185192617123185.
[I 2026-05-15 18:11:33,494] Trial 385 finished with value: 0.6805622445472393 and parameters: {'n_estimators': 91, 'learning_rate': 0.07393431790849944, 'subsample': 0.7923891559544495, 'colsample_bytree': 0.8569302103620909, 'min_child_weight': 1}. Best is trial 97 with value: 0.7185192617123185.
[I 2026-05-15 18:11:34,098] Trial 386 finished with value: 0.6659134096810904 and parameters: {'n_estimators': 311, 'learning_rate': 0.06751197593534965, 'subsample': 0.8242640377664684, 'colsample_bytree': 0.8413950666385819, 'min_child_weight': 7}. Best is trial 97 with value: 0.7185192617123185.
[I 2026-05-15 18:11:34,975] Trial 387 finished with value: 0.663564456705781 and parameters: {'n_estimators': 413, 'learning_rate': 0.025035595189926513, 'subsample': 0.9300197640720248, 'colsample_bytree': 0.7993022729053815, 'min_child_weight': 1}. Best is trial 97 with value: 0.7185192617123185.
[I 2026-05-15 18:11:35,513] Trial 388 finished with value: 0.6975997588567516 and parameters: {'n_estimators': 76, 'learning_rate': 0.031168114073035547, 'subsample': 0.913958790844587, 'colsample_bytree': 0.8830723738963663, 'min_child_weight': 8}. Best is trial 97 with value: 0.7185192617123185.
[I 2026-05-15 18:11:36,231] Trial 389 finished with value: 0.6911694031938476 and parameters: {'n_estimators': 283, 'learning_rate': 0.044691743359853014, 'subsample': 0.6589810106825136, 'colsample_bytree': 0.7312771014437246, 'min_child_weight': 5}. Best is trial 97 with value: 0.7185192617123185.
[I 2026-05-15 18:11:36,824] Trial 390 finished with value: 0.7015288123837321 and parameters: {'n_estimators': 89, 'learning_rate': 0.021177300754445145, 'subsample': 0.8392901176254955, 'colsample_bytree': 0.8942652456956759, 'min_child_weight': 10}. Best is trial 97 with value: 0.7185192617123185.
[I 2026-05-15 18:11:37,680] Trial 391 finished with value: 0.6455934744020594 and parameters: {'n_estimators': 470, 'learning_rate': 0.08895015593736016, 'subsample': 0.7684992213176288, 'colsample_bytree': 0.8544709458832931, 'min_child_weight': 8}. Best is trial 97 with value: 0.7185192617123185.
[I 2026-05-15 18:11:38,258] Trial 392 finished with value: 0.6925837749928923 and parameters: {'n_estimators': 103, 'learning_rate': 0.04031616602432879, 'subsample': 0.9359209142542468, 'colsample_bytree': 0.7535331807732176, 'min_child_weight': 6}. Best is trial 97 with value: 0.7185192617123185.
[I 2026-05-15 18:11:38,998] Trial 393 finished with value: 0.6989449932149846 and parameters: {'n_estimators': 315, 'learning_rate': 0.018728103227942054, 'subsample': 0.7448941766609154, 'colsample_bytree': 0.7338045154967728, 'min_child_weight': 1}. Best is trial 97 with value: 0.7185192617123185.
[I 2026-05-15 18:11:39,429] Trial 394 finished with value: 0.6761370748822572 and parameters: {'n_estimators': 60, 'learning_rate': 0.16924559760882657, 'subsample': 0.7092283239891249, 'colsample_bytree': 0.8072315064955262, 'min_child_weight': 3}. Best is trial 97 with value: 0.7185192617123185.
[I 2026-05-15 18:11:40,183] Trial 395 finished with value: 0.6993642741765917 and parameters: {'n_estimators': 474, 'learning_rate': 0.024155317696268403, 'subsample': 0.7718627250955741, 'colsample_bytree': 0.9490921001938407, 'min_child_weight': 9}. Best is trial 97 with value: 0.7185192617123185.
[I 2026-05-15 18:11:40,791] Trial 396 finished with value: 0.6466175931073588 and parameters: {'n_estimators': 133, 'learning_rate': 0.15332094693292653, 'subsample': 0.7832747546951571, 'colsample_bytree': 0.7931875488341421, 'min_child_weight': 2}. Best is trial 97 with value: 0.7185192617123185.
[I 2026-05-15 18:11:41,242] Trial 397 finished with value: 0.6933891825036489 and parameters: {'n_estimators': 86, 'learning_rate': 0.11891992386176588, 'subsample': 0.7985844609421199, 'colsample_bytree': 0.7747402810460718, 'min_child_weight': 8}. Best is trial 97 with value: 0.7185192617123185.
[I 2026-05-15 18:11:41,985] Trial 398 finished with value: 0.6956946346357317 and parameters: {'n_estimators': 395, 'learning_rate': 0.01716827384736297, 'subsample': 0.8440900597910566, 'colsample_bytree': 0.6541416329110742, 'min_child_weight': 8}. Best is trial 97 with value: 0.7185192617123185.
[I 2026-05-15 18:11:42,667] Trial 399 finished with value: 0.5933308763143369 and parameters: {'n_estimators': 346, 'learning_rate': 0.2588426213619937, 'subsample': 0.6275832065425685, 'colsample_bytree': 0.6228218884605017, 'min_child_weight': 3}. Best is trial 97 with value: 0.7185192617123185.
[I 2026-05-15 18:11:43,308] Trial 400 finished with value: 0.6798360671134441 and parameters: {'n_estimators': 168, 'learning_rate': 0.023164217472997732, 'subsample': 0.9625018322084147, 'colsample_bytree': 0.6998184799398024, 'min_child_weight': 3}. Best is trial 97 with value: 0.7185192617123185.
[I 2026-05-15 18:11:44,020] Trial 401 finished with value: 0.6529914836128118 and parameters: {'n_estimators': 392, 'learning_rate': 0.046165790921315036, 'subsample': 0.9106842227820725, 'colsample_bytree': 0.626146463025754, 'min_child_weight': 5}. Best is trial 97 with value: 0.7185192617123185.
/home/mklemmingen/PycharmProjects/migraine-forecasting-shd/.venv/lib/python3.13/site-packages/sklearn/linear_model/_sag.py:348: ConvergenceWarning: The max_iter was reached which means the coef_ did not converge
  warnings.warn(
[I 2026-05-15 18:11:44,522] Trial 402 finished with value: 0.6996871473356094 and parameters: {'n_estimators': 65, 'learning_rate': 0.012375033364089306, 'subsample': 0.9625749813377644, 'colsample_bytree': 0.655698148447038, 'min_child_weight': 6}. Best is trial 97 with value: 0.7185192617123185.
[I 2026-05-15 18:11:45,095] Trial 403 finished with value: 0.6888595110789579 and parameters: {'n_estimators': 235, 'learning_rate': 0.03258878806411497, 'subsample': 0.959933338274909, 'colsample_bytree': 0.6087293587101957, 'min_child_weight': 7}. Best is trial 97 with value: 0.7185192617123185.
[I 2026-05-15 18:11:45,931] Trial 404 finished with value: 0.6261630778795826 and parameters: {'n_estimators': 484, 'learning_rate': 0.06721037677312691, 'subsample': 0.9747289848132368, 'colsample_bytree': 0.6209031517144095, 'min_child_weight': 5}. Best is trial 97 with value: 0.7185192617123185.
[I 2026-05-15 18:11:46,437] Trial 405 finished with value: 0.6365984501130109 and parameters: {'n_estimators': 167, 'learning_rate': 0.12009119896986077, 'subsample': 0.9925188361988987, 'colsample_bytree': 0.7026120249776991, 'min_child_weight': 7}. Best is trial 97 with value: 0.7185192617123185.
[I 2026-05-15 18:11:46,900] Trial 406 finished with value: 0.7090600432284873 and parameters: {'n_estimators': 139, 'learning_rate': 0.06840082422420674, 'subsample': 0.7855729946753345, 'colsample_bytree': 0.9888021318526148, 'min_child_weight': 7}. Best is trial 97 with value: 0.7185192617123185.
[I 2026-05-15 18:11:47,449] Trial 407 finished with value: 0.6987857088163227 and parameters: {'n_estimators': 207, 'learning_rate': 0.014741215968264691, 'subsample': 0.6604987314939738, 'colsample_bytree': 0.690126771980494, 'min_child_weight': 3}. Best is trial 97 with value: 0.7185192617123185.
[I 2026-05-15 18:11:48,209] Trial 408 finished with value: 0.6446394667387734 and parameters: {'n_estimators': 433, 'learning_rate': 0.06745188784237581, 'subsample': 0.8093563645497466, 'colsample_bytree': 0.645907548747687, 'min_child_weight': 9}. Best is trial 97 with value: 0.7185192617123185.
[I 2026-05-15 18:11:49,021] Trial 409 finished with value: 0.6931248958093275 and parameters: {'n_estimators': 375, 'learning_rate': 0.012587931636111327, 'subsample': 0.8831340388919074, 'colsample_bytree': 0.8174152869370584, 'min_child_weight': 1}. Best is trial 97 with value: 0.7185192617123185.
[I 2026-05-15 18:11:49,592] Trial 410 finished with value: 0.6827511345399059 and parameters: {'n_estimators': 256, 'learning_rate': 0.05199423440889519, 'subsample': 0.6663098160653103, 'colsample_bytree': 0.9782792588001129, 'min_child_weight': 9}. Best is trial 97 with value: 0.7185192617123185.
[I 2026-05-15 18:11:50,418] Trial 411 finished with value: 0.6613134180905893 and parameters: {'n_estimators': 351, 'learning_rate': 0.04817997819550144, 'subsample': 0.7647062166338034, 'colsample_bytree': 0.8603893868603816, 'min_child_weight': 6}. Best is trial 97 with value: 0.7185192617123185.
[I 2026-05-15 18:11:51,011] Trial 412 finished with value: 0.6853345136824873 and parameters: {'n_estimators': 78, 'learning_rate': 0.05715162135968608, 'subsample': 0.9225614468931358, 'colsample_bytree': 0.7836959510387832, 'min_child_weight': 1}. Best is trial 97 with value: 0.7185192617123185.
[I 2026-05-15 18:11:51,917] Trial 413 finished with value: 0.6997968254661209 and parameters: {'n_estimators': 404, 'learning_rate': 0.01983529767778567, 'subsample': 0.7034483339552156, 'colsample_bytree': 0.6658825413729184, 'min_child_weight': 4}. Best is trial 97 with value: 0.7185192617123185.
[I 2026-05-15 18:11:52,700] Trial 414 finished with value: 0.6815911403082578 and parameters: {'n_estimators': 391, 'learning_rate': 0.058505391852606455, 'subsample': 0.681952509660285, 'colsample_bytree': 0.9511320312608164, 'min_child_weight': 9}. Best is trial 97 with value: 0.7185192617123185.
[I 2026-05-15 18:11:53,458] Trial 415 finished with value: 0.705198432992083 and parameters: {'n_estimators': 442, 'learning_rate': 0.022528431683873033, 'subsample': 0.7804957376723952, 'colsample_bytree': 0.9939958624563501, 'min_child_weight': 8}. Best is trial 97 with value: 0.7185192617123185.
/home/mklemmingen/PycharmProjects/migraine-forecasting-shd/.venv/lib/python3.13/site-packages/sklearn/linear_model/_sag.py:348: ConvergenceWarning: The max_iter was reached which means the coef_ did not converge
  warnings.warn(
[I 2026-05-15 18:11:54,046] Trial 416 finished with value: 0.7007409941641345 and parameters: {'n_estimators': 62, 'learning_rate': 0.012482888394897595, 'subsample': 0.7855725507249331, 'colsample_bytree': 0.9636880823446241, 'min_child_weight': 6}. Best is trial 97 with value: 0.7185192617123185.
[I 2026-05-15 18:11:54,764] Trial 417 finished with value: 0.6870614641813753 and parameters: {'n_estimators': 274, 'learning_rate': 0.014315200791767483, 'subsample': 0.8627120418897176, 'colsample_bytree': 0.9288412642400902, 'min_child_weight': 4}. Best is trial 97 with value: 0.7185192617123185.
[I 2026-05-15 18:11:55,564] Trial 418 finished with value: 0.601748821940071 and parameters: {'n_estimators': 399, 'learning_rate': 0.2658575297669879, 'subsample': 0.6815065836510756, 'colsample_bytree': 0.8093318524778965, 'min_child_weight': 3}. Best is trial 97 with value: 0.7185192617123185.
[I 2026-05-15 18:11:56,286] Trial 419 finished with value: 0.6275488669103491 and parameters: {'n_estimators': 407, 'learning_rate': 0.07131410519627522, 'subsample': 0.8538329670201215, 'colsample_bytree': 0.9191656638463577, 'min_child_weight': 4}. Best is trial 97 with value: 0.7185192617123185.
[I 2026-05-15 18:11:57,024] Trial 420 finished with value: 0.6722511961386194 and parameters: {'n_estimators': 462, 'learning_rate': 0.061284164435516174, 'subsample': 0.6631819291341392, 'colsample_bytree': 0.878359647267521, 'min_child_weight': 8}. Best is trial 97 with value: 0.7185192617123185.
[I 2026-05-15 18:11:57,573] Trial 421 finished with value: 0.6401419313307738 and parameters: {'n_estimators': 192, 'learning_rate': 0.18456854969046618, 'subsample': 0.9624573019063065, 'colsample_bytree': 0.7107617949511236, 'min_child_weight': 10}. Best is trial 97 with value: 0.7185192617123185.
[I 2026-05-15 18:11:58,083] Trial 422 finished with value: 0.7006516702136043 and parameters: {'n_estimators': 113, 'learning_rate': 0.019879325168768943, 'subsample': 0.6736899356952104, 'colsample_bytree': 0.9575958840031482, 'min_child_weight': 7}. Best is trial 97 with value: 0.7185192617123185.
[I 2026-05-15 18:11:58,658] Trial 423 finished with value: 0.705434518785603 and parameters: {'n_estimators': 118, 'learning_rate': 0.04471065994177841, 'subsample': 0.8461192100279208, 'colsample_bytree': 0.6333856339957533, 'min_child_weight': 9}. Best is trial 97 with value: 0.7185192617123185.
[I 2026-05-15 18:11:59,430] Trial 424 finished with value: 0.6663256140914098 and parameters: {'n_estimators': 412, 'learning_rate': 0.055750871833158994, 'subsample': 0.9868506461036681, 'colsample_bytree': 0.7671043917100399, 'min_child_weight': 10}. Best is trial 97 with value: 0.7185192617123185.
[I 2026-05-15 18:12:00,266] Trial 425 finished with value: 0.6554106196479157 and parameters: {'n_estimators': 351, 'learning_rate': 0.0865937260774655, 'subsample': 0.666381958118314, 'colsample_bytree': 0.9527711033218575, 'min_child_weight': 5}. Best is trial 97 with value: 0.7185192617123185.
/home/mklemmingen/PycharmProjects/migraine-forecasting-shd/.venv/lib/python3.13/site-packages/sklearn/linear_model/_sag.py:348: ConvergenceWarning: The max_iter was reached which means the coef_ did not converge
  warnings.warn(
[I 2026-05-15 18:12:00,823] Trial 426 finished with value: 0.6936967219387047 and parameters: {'n_estimators': 123, 'learning_rate': 0.010438133228388727, 'subsample': 0.823902273455353, 'colsample_bytree': 0.8109598488490706, 'min_child_weight': 8}. Best is trial 97 with value: 0.7185192617123185.
[I 2026-05-15 18:12:01,569] Trial 427 finished with value: 0.7002607461913236 and parameters: {'n_estimators': 451, 'learning_rate': 0.013100659346948772, 'subsample': 0.8925985961361449, 'colsample_bytree': 0.6749647776390328, 'min_child_weight': 9}. Best is trial 97 with value: 0.7185192617123185.
