[I 2026-05-15 18:19:44,802] Trial 227 finished with values: [0.22350640113798007, 25.481340028849033] and parameters: {'n_estimators': 465, 'learning_rate': 0.08710745900492396, 'subsample': 0.9698774473114251, 'colsample_bytree': 0.6468268065710423, 'min_child_weight': 3}.
/home/mklemmingen/PycharmProjects/migraine-forecasting-shd/.venv/lib/python3.13/site-packages/sklearn/metrics/_ranking.py:424: UndefinedMetricWarning: Only one class is present in y_true. ROC AUC score is not defined in that case.
  warnings.warn(
/home/mklemmingen/PycharmProjects/migraine-forecasting-shd/.venv/lib/python3.13/site-packages/sklearn/metrics/_ranking.py:1046: UserWarning: No positive class found in y_true, recall is set to one for all thresholds.
  warnings.warn(
[I 2026-05-15 18:19:45,228] Trial 228 finished with values: [0.5572546230440967, 14.37647204522679] and parameters: {'n_estimators': 225, 'learning_rate': 0.02516607127550297, 'subsample': 0.9314950036607718, 'colsample_bytree': 0.6571966728211344, 'min_child_weight': 3}.
/home/mklemmingen/PycharmProjects/migraine-forecasting-shd/.venv/lib/python3.13/site-packages/sklearn/metrics/_ranking.py:424: UndefinedMetricWarning: Only one class is present in y_true. ROC AUC score is not defined in that case.
  warnings.warn(
/home/mklemmingen/PycharmProjects/migraine-forecasting-shd/.venv/lib/python3.13/site-packages/sklearn/metrics/_ranking.py:1046: UserWarning: No positive class found in y_true, recall is set to one for all thresholds.
  warnings.warn(
[I 2026-05-15 18:19:45,789] Trial 229 finished with values: [0.5307610241820768, 15.601308543975017] and parameters: {'n_estimators': 325, 'learning_rate': 0.01607123851203988, 'subsample': 0.8048372233197124, 'colsample_bytree': 0.7465447373174767, 'min_child_weight': 5}.
/home/mklemmingen/PycharmProjects/migraine-forecasting-shd/.venv/lib/python3.13/site-packages/sklearn/metrics/_ranking.py:424: UndefinedMetricWarning: Only one class is present in y_true. ROC AUC score is not defined in that case.
  warnings.warn(
/home/mklemmingen/PycharmProjects/migraine-forecasting-shd/.venv/lib/python3.13/site-packages/sklearn/metrics/_ranking.py:1046: UserWarning: No positive class found in y_true, recall is set to one for all thresholds.
  warnings.warn(
[I 2026-05-15 18:19:46,427] Trial 230 finished with values: [0.2533783783783784, 205.35082038121416] and parameters: {'n_estimators': 417, 'learning_rate': 0.05917520523090666, 'subsample': 0.9046042526869889, 'colsample_bytree': 0.6180909155642152, 'min_child_weight': 2}.
/home/mklemmingen/PycharmProjects/migraine-forecasting-shd/.venv/lib/python3.13/site-packages/sklearn/metrics/_ranking.py:424: UndefinedMetricWarning: Only one class is present in y_true. ROC AUC score is not defined in that case.
  warnings.warn(
/home/mklemmingen/PycharmProjects/migraine-forecasting-shd/.venv/lib/python3.13/site-packages/sklearn/metrics/_ranking.py:1046: UserWarning: No positive class found in y_true, recall is set to one for all thresholds.
  warnings.warn(
[I 2026-05-15 18:19:47,012] Trial 231 finished with values: [0.543918918918919, 11.9655707609204] and parameters: {'n_estimators': 328, 'learning_rate': 0.01351182947645082, 'subsample': 0.9022204554172195, 'colsample_bytree': 0.6849356442713105, 'min_child_weight': 2}.
/home/mklemmingen/PycharmProjects/migraine-forecasting-shd/.venv/lib/python3.13/site-packages/sklearn/metrics/_ranking.py:424: UndefinedMetricWarning: Only one class is present in y_true. ROC AUC score is not defined in that case.
  warnings.warn(
/home/mklemmingen/PycharmProjects/migraine-forecasting-shd/.venv/lib/python3.13/site-packages/sklearn/metrics/_ranking.py:1046: UserWarning: No positive class found in y_true, recall is set to one for all thresholds.
  warnings.warn(
[I 2026-05-15 18:19:47,724] Trial 232 finished with values: [0.5670341394025604, 9.88011542179121] and parameters: {'n_estimators': 408, 'learning_rate': 0.014104914380026676, 'subsample': 0.9329770563201687, 'colsample_bytree': 0.9213923721539394, 'min_child_weight': 1}.
/home/mklemmingen/PycharmProjects/migraine-forecasting-shd/.venv/lib/python3.13/site-packages/sklearn/metrics/_ranking.py:424: UndefinedMetricWarning: Only one class is present in y_true. ROC AUC score is not defined in that case.
  warnings.warn(
/home/mklemmingen/PycharmProjects/migraine-forecasting-shd/.venv/lib/python3.13/site-packages/sklearn/metrics/_ranking.py:1046: UserWarning: No positive class found in y_true, recall is set to one for all thresholds.
  warnings.warn(
[I 2026-05-15 18:19:48,317] Trial 233 finished with values: [0.4678165007112376, 2514.5384145619687] and parameters: {'n_estimators': 366, 'learning_rate': 0.057894621409801394, 'subsample': 0.7257423924305306, 'colsample_bytree': 0.8034282764658811, 'min_child_weight': 4}.
/home/mklemmingen/PycharmProjects/migraine-forecasting-shd/.venv/lib/python3.13/site-packages/sklearn/metrics/_ranking.py:424: UndefinedMetricWarning: Only one class is present in y_true. ROC AUC score is not defined in that case.
  warnings.warn(
/home/mklemmingen/PycharmProjects/migraine-forecasting-shd/.venv/lib/python3.13/site-packages/sklearn/metrics/_ranking.py:1046: UserWarning: No positive class found in y_true, recall is set to one for all thresholds.
  warnings.warn(
[I 2026-05-15 18:19:48,807] Trial 234 finished with values: [0.5668563300142248, 11.772303681702732] and parameters: {'n_estimators': 272, 'learning_rate': 0.029385442161128397, 'subsample': 0.9314950036607718, 'colsample_bytree': 0.6027808522124762, 'min_child_weight': 4}.
/home/mklemmingen/PycharmProjects/migraine-forecasting-shd/.venv/lib/python3.13/site-packages/sklearn/metrics/_ranking.py:424: UndefinedMetricWarning: Only one class is present in y_true. ROC AUC score is not defined in that case.
  warnings.warn(
/home/mklemmingen/PycharmProjects/migraine-forecasting-shd/.venv/lib/python3.13/site-packages/sklearn/metrics/_ranking.py:1046: UserWarning: No positive class found in y_true, recall is set to one for all thresholds.
  warnings.warn(
[I 2026-05-15 18:19:49,420] Trial 235 finished with values: [0.590149359886202, 13.505178909572258] and parameters: {'n_estimators': 465, 'learning_rate': 0.029994793096631372, 'subsample': 0.9442922333025374, 'colsample_bytree': 0.6180909155642152, 'min_child_weight': 2}.
/home/mklemmingen/PycharmProjects/migraine-forecasting-shd/.venv/lib/python3.13/site-packages/sklearn/metrics/_ranking.py:424: UndefinedMetricWarning: Only one class is present in y_true. ROC AUC score is not defined in that case.
  warnings.warn(
/home/mklemmingen/PycharmProjects/migraine-forecasting-shd/.venv/lib/python3.13/site-packages/sklearn/metrics/_ranking.py:1046: UserWarning: No positive class found in y_true, recall is set to one for all thresholds.
  warnings.warn(
[I 2026-05-15 18:19:50,010] Trial 236 finished with values: [0.5736130867709816, 8.03921294788308] and parameters: {'n_estimators': 408, 'learning_rate': 0.01607123851203988, 'subsample': 0.9442922333025374, 'colsample_bytree': 0.6298202574719083, 'min_child_weight': 1}.
/home/mklemmingen/PycharmProjects/migraine-forecasting-shd/.venv/lib/python3.13/site-packages/sklearn/metrics/_ranking.py:424: UndefinedMetricWarning: Only one class is present in y_true. ROC AUC score is not defined in that case.
  warnings.warn(
/home/mklemmingen/PycharmProjects/migraine-forecasting-shd/.venv/lib/python3.13/site-packages/sklearn/metrics/_ranking.py:1046: UserWarning: No positive class found in y_true, recall is set to one for all thresholds.
  warnings.warn(
[I 2026-05-15 18:19:50,333] Trial 237 finished with values: [0.5042674253200569, 29.120813513880908] and parameters: {'n_estimators': 64, 'learning_rate': 0.043737251953017454, 'subsample': 0.9442922333025374, 'colsample_bytree': 0.6849356442713105, 'min_child_weight': 1}.
/home/mklemmingen/PycharmProjects/migraine-forecasting-shd/.venv/lib/python3.13/site-packages/sklearn/metrics/_ranking.py:424: UndefinedMetricWarning: Only one class is present in y_true. ROC AUC score is not defined in that case.
  warnings.warn(
/home/mklemmingen/PycharmProjects/migraine-forecasting-shd/.venv/lib/python3.13/site-packages/sklearn/metrics/_ranking.py:1046: UserWarning: No positive class found in y_true, recall is set to one for all thresholds.
  warnings.warn(
[I 2026-05-15 18:19:50,660] Trial 238 finished with values: [0.504267425320057, 78.10526369356491] and parameters: {'n_estimators': 64, 'learning_rate': 0.028869220380495747, 'subsample': 0.9022204554172195, 'colsample_bytree': 0.8034282764658811, 'min_child_weight': 8}.
/home/mklemmingen/PycharmProjects/migraine-forecasting-shd/.venv/lib/python3.13/site-packages/sklearn/metrics/_ranking.py:424: UndefinedMetricWarning: Only one class is present in y_true. ROC AUC score is not defined in that case.
  warnings.warn(
/home/mklemmingen/PycharmProjects/migraine-forecasting-shd/.venv/lib/python3.13/site-packages/sklearn/metrics/_ranking.py:1046: UserWarning: No positive class found in y_true, recall is set to one for all thresholds.
  warnings.warn(
[I 2026-05-15 18:19:51,279] Trial 239 finished with values: [0.5833926031294452, 12.111827371727491] and parameters: {'n_estimators': 420, 'learning_rate': 0.029385442161128397, 'subsample': 0.9442922333025374, 'colsample_bytree': 0.6163100566219055, 'min_child_weight': 2}.
/home/mklemmingen/PycharmProjects/migraine-forecasting-shd/.venv/lib/python3.13/site-packages/sklearn/metrics/_ranking.py:424: UndefinedMetricWarning: Only one class is present in y_true. ROC AUC score is not defined in that case.
  warnings.warn(
/home/mklemmingen/PycharmProjects/migraine-forecasting-shd/.venv/lib/python3.13/site-packages/sklearn/metrics/_ranking.py:1046: UserWarning: No positive class found in y_true, recall is set to one for all thresholds.
  warnings.warn(
[I 2026-05-15 18:19:51,776] Trial 240 finished with values: [0.6034850640113798, 7.972173959218802] and parameters: {'n_estimators': 294, 'learning_rate': 0.029385442161128397, 'subsample': 0.9208787923016158, 'colsample_bytree': 0.6027808522124762, 'min_child_weight': 2}.
/home/mklemmingen/PycharmProjects/migraine-forecasting-shd/.venv/lib/python3.13/site-packages/sklearn/metrics/_ranking.py:424: UndefinedMetricWarning: Only one class is present in y_true. ROC AUC score is not defined in that case.
  warnings.warn(
/home/mklemmingen/PycharmProjects/migraine-forecasting-shd/.venv/lib/python3.13/site-packages/sklearn/metrics/_ranking.py:1046: UserWarning: No positive class found in y_true, recall is set to one for all thresholds.
  warnings.warn(
[I 2026-05-15 18:19:52,379] Trial 241 finished with values: [0.256578947368421, 17.450130920279722] and parameters: {'n_estimators': 348, 'learning_rate': 0.11046009304545999, 'subsample': 0.9022204554172195, 'colsample_bytree': 0.6915192661966489, 'min_child_weight': 2}.
/home/mklemmingen/PycharmProjects/migraine-forecasting-shd/.venv/lib/python3.13/site-packages/sklearn/metrics/_ranking.py:424: UndefinedMetricWarning: Only one class is present in y_true. ROC AUC score is not defined in that case.
  warnings.warn(
/home/mklemmingen/PycharmProjects/migraine-forecasting-shd/.venv/lib/python3.13/site-packages/sklearn/metrics/_ranking.py:1046: UserWarning: No positive class found in y_true, recall is set to one for all thresholds.
  warnings.warn(
[I 2026-05-15 18:19:53,034] Trial 242 finished with values: [0.55049786628734, 11.473311460246022] and parameters: {'n_estimators': 465, 'learning_rate': 0.019462886350651437, 'subsample': 0.8125418526272592, 'colsample_bytree': 0.6282274989601719, 'min_child_weight': 1}.
/home/mklemmingen/PycharmProjects/migraine-forecasting-shd/.venv/lib/python3.13/site-packages/sklearn/metrics/_ranking.py:424: UndefinedMetricWarning: Only one class is present in y_true. ROC AUC score is not defined in that case.
  warnings.warn(
/home/mklemmingen/PycharmProjects/migraine-forecasting-shd/.venv/lib/python3.13/site-packages/sklearn/metrics/_ranking.py:1046: UserWarning: No positive class found in y_true, recall is set to one for all thresholds.
  warnings.warn(
[I 2026-05-15 18:19:53,399] Trial 243 finished with values: [0.5668563300142248, 26.470335107787804] and parameters: {'n_estimators': 128, 'learning_rate': 0.10485733570643786, 'subsample': 0.9022204554172195, 'colsample_bytree': 0.6325395122567599, 'min_child_weight': 2}.
/home/mklemmingen/PycharmProjects/migraine-forecasting-shd/.venv/lib/python3.13/site-packages/sklearn/metrics/_ranking.py:424: UndefinedMetricWarning: Only one class is present in y_true. ROC AUC score is not defined in that case.
  warnings.warn(
/home/mklemmingen/PycharmProjects/migraine-forecasting-shd/.venv/lib/python3.13/site-packages/sklearn/metrics/_ranking.py:1046: UserWarning: No positive class found in y_true, recall is set to one for all thresholds.
  warnings.warn(
[I 2026-05-15 18:19:53,888] Trial 244 finished with values: [0.540807254623044, 13.208656354688499] and parameters: {'n_estimators': 225, 'learning_rate': 0.01607123851203988, 'subsample': 0.9314950036607718, 'colsample_bytree': 0.836965827544817, 'min_child_weight': 1}.
/home/mklemmingen/PycharmProjects/migraine-forecasting-shd/.venv/lib/python3.13/site-packages/sklearn/metrics/_ranking.py:424: UndefinedMetricWarning: Only one class is present in y_true. ROC AUC score is not defined in that case.
  warnings.warn(
/home/mklemmingen/PycharmProjects/migraine-forecasting-shd/.venv/lib/python3.13/site-packages/sklearn/metrics/_ranking.py:1046: UserWarning: No positive class found in y_true, recall is set to one for all thresholds.
  warnings.warn(
[I 2026-05-15 18:19:54,250] Trial 245 finished with values: [0.517425320056899, 19.95988015171069] and parameters: {'n_estimators': 132, 'learning_rate': 0.029385442161128397, 'subsample': 0.9329770563201687, 'colsample_bytree': 0.7727780074568463, 'min_child_weight': 10}.
/home/mklemmingen/PycharmProjects/migraine-forecasting-shd/.venv/lib/python3.13/site-packages/sklearn/metrics/_ranking.py:424: UndefinedMetricWarning: Only one class is present in y_true. ROC AUC score is not defined in that case.
  warnings.warn(
/home/mklemmingen/PycharmProjects/migraine-forecasting-shd/.venv/lib/python3.13/site-packages/sklearn/metrics/_ranking.py:1046: UserWarning: No positive class found in y_true, recall is set to one for all thresholds.
  warnings.warn(
[I 2026-05-15 18:19:54,874] Trial 246 finished with values: [0.5705903271692745, 7.86344715352601] and parameters: {'n_estimators': 404, 'learning_rate': 0.019721610970574007, 'subsample': 0.9022204554172195, 'colsample_bytree': 0.6282274989601719, 'min_child_weight': 1}.
/home/mklemmingen/PycharmProjects/migraine-forecasting-shd/.venv/lib/python3.13/site-packages/sklearn/metrics/_ranking.py:424: UndefinedMetricWarning: Only one class is present in y_true. ROC AUC score is not defined in that case.
  warnings.warn(
/home/mklemmingen/PycharmProjects/migraine-forecasting-shd/.venv/lib/python3.13/site-packages/sklearn/metrics/_ranking.py:1046: UserWarning: No positive class found in y_true, recall is set to one for all thresholds.
  warnings.warn(
[I 2026-05-15 18:19:55,496] Trial 247 finished with values: [0.5672119487908962, 10.21684021099998] and parameters: {'n_estimators': 417, 'learning_rate': 0.02516607127550297, 'subsample': 0.9314950036607718, 'colsample_bytree': 0.6180909155642152, 'min_child_weight': 3}.
/home/mklemmingen/PycharmProjects/migraine-forecasting-shd/.venv/lib/python3.13/site-packages/sklearn/metrics/_ranking.py:424: UndefinedMetricWarning: Only one class is present in y_true. ROC AUC score is not defined in that case.
  warnings.warn(
/home/mklemmingen/PycharmProjects/migraine-forecasting-shd/.venv/lib/python3.13/site-packages/sklearn/metrics/_ranking.py:1046: UserWarning: No positive class found in y_true, recall is set to one for all thresholds.
  warnings.warn(
[I 2026-05-15 18:19:56,200] Trial 248 finished with values: [0.5339615931721196, 26.421482078719706] and parameters: {'n_estimators': 465, 'learning_rate': 0.035714399098231424, 'subsample': 0.9022204554172195, 'colsample_bytree': 0.7482568588267564, 'min_child_weight': 1}.
/home/mklemmingen/PycharmProjects/migraine-forecasting-shd/.venv/lib/python3.13/site-packages/sklearn/metrics/_ranking.py:424: UndefinedMetricWarning: Only one class is present in y_true. ROC AUC score is not defined in that case.
  warnings.warn(
/home/mklemmingen/PycharmProjects/migraine-forecasting-shd/.venv/lib/python3.13/site-packages/sklearn/metrics/_ranking.py:1046: UserWarning: No positive class found in y_true, recall is set to one for all thresholds.
  warnings.warn(
[I 2026-05-15 18:19:56,728] Trial 249 finished with values: [0.5670341394025604, 10.533721285741949] and parameters: {'n_estimators': 272, 'learning_rate': 0.029385442161128397, 'subsample': 0.9698774473114251, 'colsample_bytree': 0.6180909155642152, 'min_child_weight': 1}.
/home/mklemmingen/PycharmProjects/migraine-forecasting-shd/.venv/lib/python3.13/site-packages/sklearn/metrics/_ranking.py:424: UndefinedMetricWarning: Only one class is present in y_true. ROC AUC score is not defined in that case.
  warnings.warn(
/home/mklemmingen/PycharmProjects/migraine-forecasting-shd/.venv/lib/python3.13/site-packages/sklearn/metrics/_ranking.py:1046: UserWarning: No positive class found in y_true, recall is set to one for all thresholds.
  warnings.warn(
[I 2026-05-15 18:19:57,153] Trial 250 finished with values: [0.5133357041251778, 3.788755403261427] and parameters: {'n_estimators': 128, 'learning_rate': 0.15870971677383489, 'subsample': 0.9442922333025374, 'colsample_bytree': 0.6027808522124762, 'min_child_weight': 1}.
/home/mklemmingen/PycharmProjects/migraine-forecasting-shd/.venv/lib/python3.13/site-packages/sklearn/metrics/_ranking.py:424: UndefinedMetricWarning: Only one class is present in y_true. ROC AUC score is not defined in that case.
  warnings.warn(
/home/mklemmingen/PycharmProjects/migraine-forecasting-shd/.venv/lib/python3.13/site-packages/sklearn/metrics/_ranking.py:1046: UserWarning: No positive class found in y_true, recall is set to one for all thresholds.
  warnings.warn(
[I 2026-05-15 18:19:57,839] Trial 251 finished with values: [0.563655761024182, 8.049214711983373] and parameters: {'n_estimators': 477, 'learning_rate': 0.016149614799999188, 'subsample': 0.9208787923016158, 'colsample_bytree': 0.9944004255291483, 'min_child_weight': 3}.
/home/mklemmingen/PycharmProjects/migraine-forecasting-shd/.venv/lib/python3.13/site-packages/sklearn/metrics/_ranking.py:424: UndefinedMetricWarning: Only one class is present in y_true. ROC AUC score is not defined in that case.
  warnings.warn(
/home/mklemmingen/PycharmProjects/migraine-forecasting-shd/.venv/lib/python3.13/site-packages/sklearn/metrics/_ranking.py:1046: UserWarning: No positive class found in y_true, recall is set to one for all thresholds.
  warnings.warn(
[I 2026-05-15 18:19:58,428] Trial 252 finished with values: [0.23097439544807966, 21.200193582158985] and parameters: {'n_estimators': 408, 'learning_rate': 0.129667438075127, 'subsample': 0.7505038342123663, 'colsample_bytree': 0.6027808522124762, 'min_child_weight': 10}.
/home/mklemmingen/PycharmProjects/migraine-forecasting-shd/.venv/lib/python3.13/site-packages/sklearn/metrics/_ranking.py:424: UndefinedMetricWarning: Only one class is present in y_true. ROC AUC score is not defined in that case.
  warnings.warn(
/home/mklemmingen/PycharmProjects/migraine-forecasting-shd/.venv/lib/python3.13/site-packages/sklearn/metrics/_ranking.py:1046: UserWarning: No positive class found in y_true, recall is set to one for all thresholds.
  warnings.warn(
[I 2026-05-15 18:19:58,987] Trial 253 finished with values: [0.5538762446657184, 12.567578448224635] and parameters: {'n_estimators': 422, 'learning_rate': 0.029385442161128397, 'subsample': 0.9022204554172195, 'colsample_bytree': 0.6180909155642152, 'min_child_weight': 2}.
/home/mklemmingen/PycharmProjects/migraine-forecasting-shd/.venv/lib/python3.13/site-packages/sklearn/metrics/_ranking.py:424: UndefinedMetricWarning: Only one class is present in y_true. ROC AUC score is not defined in that case.
  warnings.warn(
/home/mklemmingen/PycharmProjects/migraine-forecasting-shd/.venv/lib/python3.13/site-packages/sklearn/metrics/_ranking.py:1046: UserWarning: No positive class found in y_true, recall is set to one for all thresholds.
  warnings.warn(
[I 2026-05-15 18:19:59,444] Trial 254 finished with values: [0.5538762446657184, 10.839689695802473] and parameters: {'n_estimators': 272, 'learning_rate': 0.029385442161128397, 'subsample': 0.9208787923016158, 'colsample_bytree': 0.7127419099093599, 'min_child_weight': 1}.
/home/mklemmingen/PycharmProjects/migraine-forecasting-shd/.venv/lib/python3.13/site-packages/sklearn/metrics/_ranking.py:424: UndefinedMetricWarning: Only one class is present in y_true. ROC AUC score is not defined in that case.
  warnings.warn(
/home/mklemmingen/PycharmProjects/migraine-forecasting-shd/.venv/lib/python3.13/site-packages/sklearn/metrics/_ranking.py:1046: UserWarning: No positive class found in y_true, recall is set to one for all thresholds.
  warnings.warn(
[I 2026-05-15 18:20:00,100] Trial 255 finished with values: [0.5241820768136558, 13.916833959497101] and parameters: {'n_estimators': 408, 'learning_rate': 0.01607123851203988, 'subsample': 0.6334002866794675, 'colsample_bytree': 0.6298202574719083, 'min_child_weight': 1}.
/home/mklemmingen/PycharmProjects/migraine-forecasting-shd/.venv/lib/python3.13/site-packages/sklearn/metrics/_ranking.py:424: UndefinedMetricWarning: Only one class is present in y_true. ROC AUC score is not defined in that case.
  warnings.warn(
/home/mklemmingen/PycharmProjects/migraine-forecasting-shd/.venv/lib/python3.13/site-packages/sklearn/metrics/_ranking.py:1046: UserWarning: No positive class found in y_true, recall is set to one for all thresholds.
  warnings.warn(
