[I 2026-05-15 18:18:01,714] Trial 27 finished with values: [0.5375177809388335, 13.303466703849315] and parameters: {'n_estimators': 195, 'learning_rate': 0.05838706626832953, 'subsample': 0.881207583558071, 'colsample_bytree': 0.7454518409517176, 'min_child_weight': 10}.
/home/mklemmingen/PycharmProjects/migraine-forecasting-shd/.venv/lib/python3.13/site-packages/sklearn/metrics/_ranking.py:424: UndefinedMetricWarning: Only one class is present in y_true. ROC AUC score is not defined in that case.
  warnings.warn(
/home/mklemmingen/PycharmProjects/migraine-forecasting-shd/.venv/lib/python3.13/site-packages/sklearn/metrics/_ranking.py:1046: UserWarning: No positive class found in y_true, recall is set to one for all thresholds.
  warnings.warn(
[I 2026-05-15 18:18:02,412] Trial 28 finished with values: [0.5309388335704125, 17.051400078296226] and parameters: {'n_estimators': 484, 'learning_rate': 0.023545774516299134, 'subsample': 0.7988994023569542, 'colsample_bytree': 0.7203513239267079, 'min_child_weight': 3}.
/home/mklemmingen/PycharmProjects/migraine-forecasting-shd/.venv/lib/python3.13/site-packages/sklearn/metrics/_ranking.py:424: UndefinedMetricWarning: Only one class is present in y_true. ROC AUC score is not defined in that case.
  warnings.warn(
/home/mklemmingen/PycharmProjects/migraine-forecasting-shd/.venv/lib/python3.13/site-packages/sklearn/metrics/_ranking.py:1046: UserWarning: No positive class found in y_true, recall is set to one for all thresholds.
  warnings.warn(
[I 2026-05-15 18:18:02,749] Trial 29 finished with values: [0.5734352773826459, 10.277793480957095] and parameters: {'n_estimators': 66, 'learning_rate': 0.07950609693143304, 'subsample': 0.8010716092915446, 'colsample_bytree': 0.6205915004999957, 'min_child_weight': 3}.
/home/mklemmingen/PycharmProjects/migraine-forecasting-shd/.venv/lib/python3.13/site-packages/sklearn/metrics/_ranking.py:424: UndefinedMetricWarning: Only one class is present in y_true. ROC AUC score is not defined in that case.
  warnings.warn(
/home/mklemmingen/PycharmProjects/migraine-forecasting-shd/.venv/lib/python3.13/site-packages/sklearn/metrics/_ranking.py:1046: UserWarning: No positive class found in y_true, recall is set to one for all thresholds.
  warnings.warn(
[I 2026-05-15 18:18:03,496] Trial 30 finished with values: [0.5373399715504978, 12.25111680282261] and parameters: {'n_estimators': 459, 'learning_rate': 0.022587177280197233, 'subsample': 0.6579579488364892, 'colsample_bytree': 0.7957811041110252, 'min_child_weight': 10}.
/home/mklemmingen/PycharmProjects/migraine-forecasting-shd/.venv/lib/python3.13/site-packages/sklearn/metrics/_ranking.py:424: UndefinedMetricWarning: Only one class is present in y_true. ROC AUC score is not defined in that case.
  warnings.warn(
/home/mklemmingen/PycharmProjects/migraine-forecasting-shd/.venv/lib/python3.13/site-packages/sklearn/metrics/_ranking.py:1046: UserWarning: No positive class found in y_true, recall is set to one for all thresholds.
  warnings.warn(
[I 2026-05-15 18:18:03,907] Trial 31 finished with values: [0.5238264580369844, 18.403641764165577] and parameters: {'n_estimators': 159, 'learning_rate': 0.09836162684900028, 'subsample': 0.9046478461314871, 'colsample_bytree': 0.6950550175969599, 'min_child_weight': 8}.
/home/mklemmingen/PycharmProjects/migraine-forecasting-shd/.venv/lib/python3.13/site-packages/sklearn/metrics/_ranking.py:424: UndefinedMetricWarning: Only one class is present in y_true. ROC AUC score is not defined in that case.
  warnings.warn(
/home/mklemmingen/PycharmProjects/migraine-forecasting-shd/.venv/lib/python3.13/site-packages/sklearn/metrics/_ranking.py:1046: UserWarning: No positive class found in y_true, recall is set to one for all thresholds.
  warnings.warn(
[I 2026-05-15 18:18:04,312] Trial 32 finished with values: [0.2736486486486487, 333.94376525076837] and parameters: {'n_estimators': 215, 'learning_rate': 0.08589984533104164, 'subsample': 0.8534118843043579, 'colsample_bytree': 0.8143098736299034, 'min_child_weight': 1}.
/home/mklemmingen/PycharmProjects/migraine-forecasting-shd/.venv/lib/python3.13/site-packages/sklearn/metrics/_ranking.py:424: UndefinedMetricWarning: Only one class is present in y_true. ROC AUC score is not defined in that case.
  warnings.warn(
/home/mklemmingen/PycharmProjects/migraine-forecasting-shd/.venv/lib/python3.13/site-packages/sklearn/metrics/_ranking.py:1046: UserWarning: No positive class found in y_true, recall is set to one for all thresholds.
  warnings.warn(
[I 2026-05-15 18:18:04,884] Trial 33 finished with values: [0.5241820768136558, 16.560817090549076] and parameters: {'n_estimators': 426, 'learning_rate': 0.029773579612263783, 'subsample': 0.6746074041599417, 'colsample_bytree': 0.6163100566219055, 'min_child_weight': 6}.
/home/mklemmingen/PycharmProjects/migraine-forecasting-shd/.venv/lib/python3.13/site-packages/sklearn/metrics/_ranking.py:424: UndefinedMetricWarning: Only one class is present in y_true. ROC AUC score is not defined in that case.
  warnings.warn(
/home/mklemmingen/PycharmProjects/migraine-forecasting-shd/.venv/lib/python3.13/site-packages/sklearn/metrics/_ranking.py:1046: UserWarning: No positive class found in y_true, recall is set to one for all thresholds.
  warnings.warn(
[I 2026-05-15 18:18:05,422] Trial 34 finished with values: [0.5373399715504978, 16.47717236603266] and parameters: {'n_estimators': 355, 'learning_rate': 0.01058040360169664, 'subsample': 0.8048372233197124, 'colsample_bytree': 0.6905983100791752, 'min_child_weight': 7}.
/home/mklemmingen/PycharmProjects/migraine-forecasting-shd/.venv/lib/python3.13/site-packages/sklearn/metrics/_ranking.py:424: UndefinedMetricWarning: Only one class is present in y_true. ROC AUC score is not defined in that case.
  warnings.warn(
/home/mklemmingen/PycharmProjects/migraine-forecasting-shd/.venv/lib/python3.13/site-packages/sklearn/metrics/_ranking.py:1046: UserWarning: No positive class found in y_true, recall is set to one for all thresholds.
  warnings.warn(
[I 2026-05-15 18:18:05,797] Trial 35 finished with values: [0.5339615931721194, 19.659671578805067] and parameters: {'n_estimators': 128, 'learning_rate': 0.10485733570643786, 'subsample': 0.7546941385202149, 'colsample_bytree': 0.9746919954946938, 'min_child_weight': 2}.
/home/mklemmingen/PycharmProjects/migraine-forecasting-shd/.venv/lib/python3.13/site-packages/sklearn/metrics/_ranking.py:424: UndefinedMetricWarning: Only one class is present in y_true. ROC AUC score is not defined in that case.
  warnings.warn(
/home/mklemmingen/PycharmProjects/migraine-forecasting-shd/.venv/lib/python3.13/site-packages/sklearn/metrics/_ranking.py:1046: UserWarning: No positive class found in y_true, recall is set to one for all thresholds.
  warnings.warn(
[I 2026-05-15 18:18:06,201] Trial 36 finished with values: [0.5209815078236131, 15.621365066441232] and parameters: {'n_estimators': 203, 'learning_rate': 0.01471005003927122, 'subsample': 0.9698774473114251, 'colsample_bytree': 0.9509357413523924, 'min_child_weight': 3}.
/home/mklemmingen/PycharmProjects/migraine-forecasting-shd/.venv/lib/python3.13/site-packages/sklearn/metrics/_ranking.py:424: UndefinedMetricWarning: Only one class is present in y_true. ROC AUC score is not defined in that case.
  warnings.warn(
/home/mklemmingen/PycharmProjects/migraine-forecasting-shd/.venv/lib/python3.13/site-packages/sklearn/metrics/_ranking.py:1046: UserWarning: No positive class found in y_true, recall is set to one for all thresholds.
  warnings.warn(
[I 2026-05-15 18:18:06,781] Trial 37 finished with values: [0.18723328591749644, 119.93253302365858] and parameters: {'n_estimators': 347, 'learning_rate': 0.16111511355977057, 'subsample': 0.822080324639785, 'colsample_bytree': 0.8118602313424026, 'min_child_weight': 3}.
/home/mklemmingen/PycharmProjects/migraine-forecasting-shd/.venv/lib/python3.13/site-packages/sklearn/metrics/_ranking.py:424: UndefinedMetricWarning: Only one class is present in y_true. ROC AUC score is not defined in that case.
  warnings.warn(
/home/mklemmingen/PycharmProjects/migraine-forecasting-shd/.venv/lib/python3.13/site-packages/sklearn/metrics/_ranking.py:1046: UserWarning: No positive class found in y_true, recall is set to one for all thresholds.
  warnings.warn(
[I 2026-05-15 18:18:07,125] Trial 38 finished with values: [0.48079658605974396, 174.9480443549364] and parameters: {'n_estimators': 91, 'learning_rate': 0.21149322814164553, 'subsample': 0.9601672228653322, 'colsample_bytree': 0.8532405829093072, 'min_child_weight': 4}.
/home/mklemmingen/PycharmProjects/migraine-forecasting-shd/.venv/lib/python3.13/site-packages/sklearn/metrics/_ranking.py:424: UndefinedMetricWarning: Only one class is present in y_true. ROC AUC score is not defined in that case.
  warnings.warn(
/home/mklemmingen/PycharmProjects/migraine-forecasting-shd/.venv/lib/python3.13/site-packages/sklearn/metrics/_ranking.py:1046: UserWarning: No positive class found in y_true, recall is set to one for all thresholds.
  warnings.warn(
[I 2026-05-15 18:18:07,597] Trial 39 finished with values: [0.5007112375533429, 1070.8673716987732] and parameters: {'n_estimators': 207, 'learning_rate': 0.11812030596598909, 'subsample': 0.9588441039810308, 'colsample_bytree': 0.954834569706047, 'min_child_weight': 8}.
/home/mklemmingen/PycharmProjects/migraine-forecasting-shd/.venv/lib/python3.13/site-packages/sklearn/metrics/_ranking.py:424: UndefinedMetricWarning: Only one class is present in y_true. ROC AUC score is not defined in that case.
  warnings.warn(
/home/mklemmingen/PycharmProjects/migraine-forecasting-shd/.venv/lib/python3.13/site-packages/sklearn/metrics/_ranking.py:1046: UserWarning: No positive class found in y_true, recall is set to one for all thresholds.
  warnings.warn(
[I 2026-05-15 18:18:08,213] Trial 40 finished with values: [0.5243598862019915, 20.131893401936185] and parameters: {'n_estimators': 339, 'learning_rate': 0.013313275850595153, 'subsample': 0.6646514856378455, 'colsample_bytree': 0.9594216754108317, 'min_child_weight': 7}.
/home/mklemmingen/PycharmProjects/migraine-forecasting-shd/.venv/lib/python3.13/site-packages/sklearn/linear_model/_sag.py:348: ConvergenceWarning: The max_iter was reached which means the coef_ did not converge
  warnings.warn(
/home/mklemmingen/PycharmProjects/migraine-forecasting-shd/.venv/lib/python3.13/site-packages/sklearn/metrics/_ranking.py:424: UndefinedMetricWarning: Only one class is present in y_true. ROC AUC score is not defined in that case.
  warnings.warn(
/home/mklemmingen/PycharmProjects/migraine-forecasting-shd/.venv/lib/python3.13/site-packages/sklearn/metrics/_ranking.py:1046: UserWarning: No positive class found in y_true, recall is set to one for all thresholds.
  warnings.warn(
[I 2026-05-15 18:18:08,646] Trial 41 finished with values: [0.5074679943100996, 17.888006508148422] and parameters: {'n_estimators': 54, 'learning_rate': 0.01412166070620751, 'subsample': 0.8654007076432223, 'colsample_bytree': 0.6020246335384875, 'min_child_weight': 2}.
/home/mklemmingen/PycharmProjects/migraine-forecasting-shd/.venv/lib/python3.13/site-packages/sklearn/metrics/_ranking.py:424: UndefinedMetricWarning: Only one class is present in y_true. ROC AUC score is not defined in that case.
  warnings.warn(
/home/mklemmingen/PycharmProjects/migraine-forecasting-shd/.venv/lib/python3.13/site-packages/sklearn/metrics/_ranking.py:1046: UserWarning: No positive class found in y_true, recall is set to one for all thresholds.
  warnings.warn(
[I 2026-05-15 18:18:09,156] Trial 42 finished with values: [0.24413229018492175, 48.21756080135765] and parameters: {'n_estimators': 297, 'learning_rate': 0.10519936117151477, 'subsample': 0.8607845038010402, 'colsample_bytree': 0.689707723784224, 'min_child_weight': 8}.
/home/mklemmingen/PycharmProjects/migraine-forecasting-shd/.venv/lib/python3.13/site-packages/sklearn/metrics/_ranking.py:424: UndefinedMetricWarning: Only one class is present in y_true. ROC AUC score is not defined in that case.
  warnings.warn(
/home/mklemmingen/PycharmProjects/migraine-forecasting-shd/.venv/lib/python3.13/site-packages/sklearn/metrics/_ranking.py:1046: UserWarning: No positive class found in y_true, recall is set to one for all thresholds.
  warnings.warn(
[I 2026-05-15 18:18:09,563] Trial 43 finished with values: [0.5110241820768137, 28.19243710342836] and parameters: {'n_estimators': 156, 'learning_rate': 0.030245085073501415, 'subsample': 0.8985965620472096, 'colsample_bytree': 0.8598531596188859, 'min_child_weight': 9}.
/home/mklemmingen/PycharmProjects/migraine-forecasting-shd/.venv/lib/python3.13/site-packages/sklearn/metrics/_ranking.py:424: UndefinedMetricWarning: Only one class is present in y_true. ROC AUC score is not defined in that case.
  warnings.warn(
/home/mklemmingen/PycharmProjects/migraine-forecasting-shd/.venv/lib/python3.13/site-packages/sklearn/metrics/_ranking.py:1046: UserWarning: No positive class found in y_true, recall is set to one for all thresholds.
  warnings.warn(
[I 2026-05-15 18:18:10,146] Trial 44 finished with values: [0.2238620199146515, 69.32283395059486] and parameters: {'n_estimators': 346, 'learning_rate': 0.06909724267901692, 'subsample': 0.637469907131237, 'colsample_bytree': 0.7470863212237734, 'min_child_weight': 3}.
/home/mklemmingen/PycharmProjects/migraine-forecasting-shd/.venv/lib/python3.13/site-packages/sklearn/metrics/_ranking.py:424: UndefinedMetricWarning: Only one class is present in y_true. ROC AUC score is not defined in that case.
  warnings.warn(
/home/mklemmingen/PycharmProjects/migraine-forecasting-shd/.venv/lib/python3.13/site-packages/sklearn/metrics/_ranking.py:1046: UserWarning: No positive class found in y_true, recall is set to one for all thresholds.
  warnings.warn(
[I 2026-05-15 18:18:10,567] Trial 45 finished with values: [0.2236842105263158, 20.754927036422593] and parameters: {'n_estimators': 160, 'learning_rate': 0.2736872535680783, 'subsample': 0.7572390898667042, 'colsample_bytree': 0.9568186220708453, 'min_child_weight': 7}.
/home/mklemmingen/PycharmProjects/migraine-forecasting-shd/.venv/lib/python3.13/site-packages/sklearn/metrics/_ranking.py:424: UndefinedMetricWarning: Only one class is present in y_true. ROC AUC score is not defined in that case.
  warnings.warn(
/home/mklemmingen/PycharmProjects/migraine-forecasting-shd/.venv/lib/python3.13/site-packages/sklearn/metrics/_ranking.py:1046: UserWarning: No positive class found in y_true, recall is set to one for all thresholds.
  warnings.warn(
[I 2026-05-15 18:18:11,203] Trial 46 finished with values: [0.5074679943100996, 19.604764628644553] and parameters: {'n_estimators': 408, 'learning_rate': 0.05526573288655769, 'subsample': 0.8307615538505436, 'colsample_bytree': 0.7970070775275455, 'min_child_weight': 2}.
/home/mklemmingen/PycharmProjects/migraine-forecasting-shd/.venv/lib/python3.13/site-packages/sklearn/metrics/_ranking.py:424: UndefinedMetricWarning: Only one class is present in y_true. ROC AUC score is not defined in that case.
  warnings.warn(
/home/mklemmingen/PycharmProjects/migraine-forecasting-shd/.venv/lib/python3.13/site-packages/sklearn/metrics/_ranking.py:1046: UserWarning: No positive class found in y_true, recall is set to one for all thresholds.
  warnings.warn(
[I 2026-05-15 18:18:11,805] Trial 47 finished with values: [0.5243598862019915, 34.903786632292885] and parameters: {'n_estimators': 375, 'learning_rate': 0.025985724173338116, 'subsample': 0.6097263865725815, 'colsample_bytree': 0.858188918362867, 'min_child_weight': 2}.
/home/mklemmingen/PycharmProjects/migraine-forecasting-shd/.venv/lib/python3.13/site-packages/sklearn/metrics/_ranking.py:424: UndefinedMetricWarning: Only one class is present in y_true. ROC AUC score is not defined in that case.
  warnings.warn(
/home/mklemmingen/PycharmProjects/migraine-forecasting-shd/.venv/lib/python3.13/site-packages/sklearn/metrics/_ranking.py:1046: UserWarning: No positive class found in y_true, recall is set to one for all thresholds.
  warnings.warn(
[I 2026-05-15 18:18:12,468] Trial 48 finished with values: [0.15024893314366997, 634.5149891887338] and parameters: {'n_estimators': 474, 'learning_rate': 0.25648866468880704, 'subsample': 0.9659457560881795, 'colsample_bytree': 0.7480634801021777, 'min_child_weight': 1}.
/home/mklemmingen/PycharmProjects/migraine-forecasting-shd/.venv/lib/python3.13/site-packages/sklearn/metrics/_ranking.py:424: UndefinedMetricWarning: Only one class is present in y_true. ROC AUC score is not defined in that case.
  warnings.warn(
/home/mklemmingen/PycharmProjects/migraine-forecasting-shd/.venv/lib/python3.13/site-packages/sklearn/metrics/_ranking.py:1046: UserWarning: No positive class found in y_true, recall is set to one for all thresholds.
  warnings.warn(
[I 2026-05-15 18:18:13,104] Trial 49 finished with values: [0.510846372688478, 83.63330809455563] and parameters: {'n_estimators': 468, 'learning_rate': 0.042902233912047165, 'subsample': 0.9866619276174678, 'colsample_bytree': 0.9854479908357011, 'min_child_weight': 9}.
/home/mklemmingen/PycharmProjects/migraine-forecasting-shd/.venv/lib/python3.13/site-packages/sklearn/metrics/_ranking.py:424: UndefinedMetricWarning: Only one class is present in y_true. ROC AUC score is not defined in that case.
  warnings.warn(
/home/mklemmingen/PycharmProjects/migraine-forecasting-shd/.venv/lib/python3.13/site-packages/sklearn/metrics/_ranking.py:1046: UserWarning: No positive class found in y_true, recall is set to one for all thresholds.
  warnings.warn(
[I 2026-05-15 18:18:13,662] Trial 50 finished with values: [0.5142247510668563, 17.355034210727684] and parameters: {'n_estimators': 325, 'learning_rate': 0.01607123851203988, 'subsample': 0.8099025726528951, 'colsample_bytree': 0.7727780074568463, 'min_child_weight': 3}.
/home/mklemmingen/PycharmProjects/migraine-forecasting-shd/.venv/lib/python3.13/site-packages/sklearn/metrics/_ranking.py:424: UndefinedMetricWarning: Only one class is present in y_true. ROC AUC score is not defined in that case.
  warnings.warn(
/home/mklemmingen/PycharmProjects/migraine-forecasting-shd/.venv/lib/python3.13/site-packages/sklearn/metrics/_ranking.py:1046: UserWarning: No positive class found in y_true, recall is set to one for all thresholds.
  warnings.warn(
[I 2026-05-15 18:18:13,978] Trial 51 finished with values: [0.5572546230440967, 16.470685120322013] and parameters: {'n_estimators': 64, 'learning_rate': 0.08710745900492396, 'subsample': 0.7257423924305306, 'colsample_bytree': 0.8034282764658811, 'min_child_weight': 4}.
/home/mklemmingen/PycharmProjects/migraine-forecasting-shd/.venv/lib/python3.13/site-packages/sklearn/metrics/_ranking.py:424: UndefinedMetricWarning: Only one class is present in y_true. ROC AUC score is not defined in that case.
  warnings.warn(
/home/mklemmingen/PycharmProjects/migraine-forecasting-shd/.venv/lib/python3.13/site-packages/sklearn/metrics/_ranking.py:1046: UserWarning: No positive class found in y_true, recall is set to one for all thresholds.
  warnings.warn(
[I 2026-05-15 18:18:14,586] Trial 52 finished with values: [0.12322190611664297, 463.42204379496104] and parameters: {'n_estimators': 433, 'learning_rate': 0.2708160864249968, 'subsample': 0.9329770563201687, 'colsample_bytree': 0.6849356442713105, 'min_child_weight': 2}.
/home/mklemmingen/PycharmProjects/migraine-forecasting-shd/.venv/lib/python3.13/site-packages/sklearn/metrics/_ranking.py:424: UndefinedMetricWarning: Only one class is present in y_true. ROC AUC score is not defined in that case.
  warnings.warn(
/home/mklemmingen/PycharmProjects/migraine-forecasting-shd/.venv/lib/python3.13/site-packages/sklearn/metrics/_ranking.py:1046: UserWarning: No positive class found in y_true, recall is set to one for all thresholds.
  warnings.warn(
[I 2026-05-15 18:18:15,110] Trial 53 finished with values: [0.5768136557610242, 8.342375283237418] and parameters: {'n_estimators': 272, 'learning_rate': 0.029385442161128397, 'subsample': 0.9442922333025374, 'colsample_bytree': 0.6027808522124762, 'min_child_weight': 2}.
/home/mklemmingen/PycharmProjects/migraine-forecasting-shd/.venv/lib/python3.13/site-packages/sklearn/metrics/_ranking.py:424: UndefinedMetricWarning: Only one class is present in y_true. ROC AUC score is not defined in that case.
  warnings.warn(
/home/mklemmingen/PycharmProjects/migraine-forecasting-shd/.venv/lib/python3.13/site-packages/sklearn/metrics/_ranking.py:1046: UserWarning: No positive class found in y_true, recall is set to one for all thresholds.
  warnings.warn(
[I 2026-05-15 18:18:15,592] Trial 54 finished with values: [0.510846372688478, 27.0553955340035] and parameters: {'n_estimators': 242, 'learning_rate': 0.017797595772834223, 'subsample': 0.7988994023569542, 'colsample_bytree': 0.82272050498334, 'min_child_weight': 6}.
/home/mklemmingen/PycharmProjects/migraine-forecasting-shd/.venv/lib/python3.13/site-packages/sklearn/metrics/_ranking.py:424: UndefinedMetricWarning: Only one class is present in y_true. ROC AUC score is not defined in that case.
  warnings.warn(
/home/mklemmingen/PycharmProjects/migraine-forecasting-shd/.venv/lib/python3.13/site-packages/sklearn/metrics/_ranking.py:1046: UserWarning: No positive class found in y_true, recall is set to one for all thresholds.
  warnings.warn(
