[I 2026-05-15 18:22:08,013] Trial 486 finished with values: [0.5867709815078237, 6.646260262316652] and parameters: {'n_estimators': 404, 'learning_rate': 0.02516607127550297, 'subsample': 0.9442922333025374, 'colsample_bytree': 0.6180909155642152, 'min_child_weight': 1}.
/home/mklemmingen/PycharmProjects/migraine-forecasting-shd/.venv/lib/python3.13/site-packages/sklearn/metrics/_ranking.py:424: UndefinedMetricWarning: Only one class is present in y_true. ROC AUC score is not defined in that case.
  warnings.warn(
/home/mklemmingen/PycharmProjects/migraine-forecasting-shd/.venv/lib/python3.13/site-packages/sklearn/metrics/_ranking.py:1046: UserWarning: No positive class found in y_true, recall is set to one for all thresholds.
  warnings.warn(
[I 2026-05-15 18:22:08,655] Trial 487 finished with values: [0.5472972972972973, 9.966224718476461] and parameters: {'n_estimators': 415, 'learning_rate': 0.01351182947645082, 'subsample': 0.9022204554172195, 'colsample_bytree': 0.6282274989601719, 'min_child_weight': 1}.
/home/mklemmingen/PycharmProjects/migraine-forecasting-shd/.venv/lib/python3.13/site-packages/sklearn/metrics/_ranking.py:424: UndefinedMetricWarning: Only one class is present in y_true. ROC AUC score is not defined in that case.
  warnings.warn(
/home/mklemmingen/PycharmProjects/migraine-forecasting-shd/.venv/lib/python3.13/site-packages/sklearn/metrics/_ranking.py:1046: UserWarning: No positive class found in y_true, recall is set to one for all thresholds.
  warnings.warn(
[I 2026-05-15 18:22:09,189] Trial 488 finished with values: [0.5803698435277382, 7.996498733359105] and parameters: {'n_estimators': 307, 'learning_rate': 0.019462886350651437, 'subsample': 0.9208787923016158, 'colsample_bytree': 0.9730913933416053, 'min_child_weight': 1}.
/home/mklemmingen/PycharmProjects/migraine-forecasting-shd/.venv/lib/python3.13/site-packages/sklearn/metrics/_ranking.py:424: UndefinedMetricWarning: Only one class is present in y_true. ROC AUC score is not defined in that case.
  warnings.warn(
/home/mklemmingen/PycharmProjects/migraine-forecasting-shd/.venv/lib/python3.13/site-packages/sklearn/metrics/_ranking.py:1046: UserWarning: No positive class found in y_true, recall is set to one for all thresholds.
  warnings.warn(
[I 2026-05-15 18:22:09,611] Trial 489 finished with values: [0.5341394025604551, 10.745223755440263] and parameters: {'n_estimators': 176, 'learning_rate': 0.029385442161128397, 'subsample': 0.9208787923016158, 'colsample_bytree': 0.9077971732767748, 'min_child_weight': 2}.
/home/mklemmingen/PycharmProjects/migraine-forecasting-shd/.venv/lib/python3.13/site-packages/sklearn/metrics/_ranking.py:424: UndefinedMetricWarning: Only one class is present in y_true. ROC AUC score is not defined in that case.
  warnings.warn(
/home/mklemmingen/PycharmProjects/migraine-forecasting-shd/.venv/lib/python3.13/site-packages/sklearn/metrics/_ranking.py:1046: UserWarning: No positive class found in y_true, recall is set to one for all thresholds.
  warnings.warn(
[I 2026-05-15 18:22:10,197] Trial 490 finished with values: [0.5768136557610242, 8.074613111483124] and parameters: {'n_estimators': 415, 'learning_rate': 0.019462886350651437, 'subsample': 0.9698774473114251, 'colsample_bytree': 0.6748174994230093, 'min_child_weight': 3}.
/home/mklemmingen/PycharmProjects/migraine-forecasting-shd/.venv/lib/python3.13/site-packages/sklearn/metrics/_ranking.py:424: UndefinedMetricWarning: Only one class is present in y_true. ROC AUC score is not defined in that case.
  warnings.warn(
/home/mklemmingen/PycharmProjects/migraine-forecasting-shd/.venv/lib/python3.13/site-packages/sklearn/metrics/_ranking.py:1046: UserWarning: No positive class found in y_true, recall is set to one for all thresholds.
  warnings.warn(
[I 2026-05-15 18:22:10,730] Trial 491 finished with values: [0.5439189189189189, 10.183942217177608] and parameters: {'n_estimators': 294, 'learning_rate': 0.02516607127550297, 'subsample': 0.7294716945616975, 'colsample_bytree': 0.6180909155642152, 'min_child_weight': 2}.
/home/mklemmingen/PycharmProjects/migraine-forecasting-shd/.venv/lib/python3.13/site-packages/sklearn/metrics/_ranking.py:424: UndefinedMetricWarning: Only one class is present in y_true. ROC AUC score is not defined in that case.
  warnings.warn(
/home/mklemmingen/PycharmProjects/migraine-forecasting-shd/.venv/lib/python3.13/site-packages/sklearn/metrics/_ranking.py:1046: UserWarning: No positive class found in y_true, recall is set to one for all thresholds.
  warnings.warn(
[I 2026-05-15 18:22:11,337] Trial 492 finished with values: [0.5339615931721194, 12.212489515076127] and parameters: {'n_estimators': 404, 'learning_rate': 0.019721610970574007, 'subsample': 0.7701745754465668, 'colsample_bytree': 0.6298202574719083, 'min_child_weight': 2}.
/home/mklemmingen/PycharmProjects/migraine-forecasting-shd/.venv/lib/python3.13/site-packages/sklearn/metrics/_ranking.py:424: UndefinedMetricWarning: Only one class is present in y_true. ROC AUC score is not defined in that case.
  warnings.warn(
/home/mklemmingen/PycharmProjects/migraine-forecasting-shd/.venv/lib/python3.13/site-packages/sklearn/metrics/_ranking.py:1046: UserWarning: No positive class found in y_true, recall is set to one for all thresholds.
  warnings.warn(
[I 2026-05-15 18:22:11,859] Trial 493 finished with values: [0.557076813655761, 9.845652665716248] and parameters: {'n_estimators': 294, 'learning_rate': 0.02516607127550297, 'subsample': 0.9442922333025374, 'colsample_bytree': 0.803044151473782, 'min_child_weight': 2}.
/home/mklemmingen/PycharmProjects/migraine-forecasting-shd/.venv/lib/python3.13/site-packages/sklearn/metrics/_ranking.py:424: UndefinedMetricWarning: Only one class is present in y_true. ROC AUC score is not defined in that case.
  warnings.warn(
/home/mklemmingen/PycharmProjects/migraine-forecasting-shd/.venv/lib/python3.13/site-packages/sklearn/metrics/_ranking.py:1046: UserWarning: No positive class found in y_true, recall is set to one for all thresholds.
  warnings.warn(
[I 2026-05-15 18:22:12,180] Trial 494 finished with values: [0.5638335704125178, 11.673989751434041] and parameters: {'n_estimators': 64, 'learning_rate': 0.08710745900492396, 'subsample': 0.6969638929660321, 'colsample_bytree': 0.6027808522124762, 'min_child_weight': 2}.
/home/mklemmingen/PycharmProjects/migraine-forecasting-shd/.venv/lib/python3.13/site-packages/sklearn/metrics/_ranking.py:424: UndefinedMetricWarning: Only one class is present in y_true. ROC AUC score is not defined in that case.
  warnings.warn(
/home/mklemmingen/PycharmProjects/migraine-forecasting-shd/.venv/lib/python3.13/site-packages/sklearn/metrics/_ranking.py:1046: UserWarning: No positive class found in y_true, recall is set to one for all thresholds.
  warnings.warn(
[I 2026-05-15 18:22:12,849] Trial 495 finished with values: [0.580547652916074, 8.856389987404429] and parameters: {'n_estimators': 487, 'learning_rate': 0.019721610970574007, 'subsample': 0.9208787923016158, 'colsample_bytree': 0.6298202574719083, 'min_child_weight': 2}.
/home/mklemmingen/PycharmProjects/migraine-forecasting-shd/.venv/lib/python3.13/site-packages/sklearn/metrics/_ranking.py:424: UndefinedMetricWarning: Only one class is present in y_true. ROC AUC score is not defined in that case.
  warnings.warn(
/home/mklemmingen/PycharmProjects/migraine-forecasting-shd/.venv/lib/python3.13/site-packages/sklearn/metrics/_ranking.py:1046: UserWarning: No positive class found in y_true, recall is set to one for all thresholds.
  warnings.warn(
[I 2026-05-15 18:22:13,551] Trial 496 finished with values: [0.5604551920341394, 9.383734232226825] and parameters: {'n_estimators': 437, 'learning_rate': 0.01607123851203988, 'subsample': 0.9208787923016158, 'colsample_bytree': 0.7127419099093599, 'min_child_weight': 2}.
/home/mklemmingen/PycharmProjects/migraine-forecasting-shd/.venv/lib/python3.13/site-packages/sklearn/metrics/_ranking.py:424: UndefinedMetricWarning: Only one class is present in y_true. ROC AUC score is not defined in that case.
  warnings.warn(
/home/mklemmingen/PycharmProjects/migraine-forecasting-shd/.venv/lib/python3.13/site-packages/sklearn/metrics/_ranking.py:1046: UserWarning: No positive class found in y_true, recall is set to one for all thresholds.
  warnings.warn(
[I 2026-05-15 18:22:14,076] Trial 497 finished with values: [0.5602773826458036, 8.053316678502002] and parameters: {'n_estimators': 294, 'learning_rate': 0.029385442161128397, 'subsample': 0.9801645936306235, 'colsample_bytree': 0.6180909155642152, 'min_child_weight': 7}.
/home/mklemmingen/PycharmProjects/migraine-forecasting-shd/.venv/lib/python3.13/site-packages/sklearn/metrics/_ranking.py:424: UndefinedMetricWarning: Only one class is present in y_true. ROC AUC score is not defined in that case.
  warnings.warn(
/home/mklemmingen/PycharmProjects/migraine-forecasting-shd/.venv/lib/python3.13/site-packages/sklearn/metrics/_ranking.py:1046: UserWarning: No positive class found in y_true, recall is set to one for all thresholds.
  warnings.warn(
[I 2026-05-15 18:22:14,417] Trial 498 finished with values: [0.5636557610241821, 8.919653878415717] and parameters: {'n_estimators': 64, 'learning_rate': 0.15870971677383489, 'subsample': 0.9442922333025374, 'colsample_bytree': 0.6027808522124762, 'min_child_weight': 2}.
/home/mklemmingen/PycharmProjects/migraine-forecasting-shd/.venv/lib/python3.13/site-packages/sklearn/metrics/_ranking.py:424: UndefinedMetricWarning: Only one class is present in y_true. ROC AUC score is not defined in that case.
  warnings.warn(
/home/mklemmingen/PycharmProjects/migraine-forecasting-shd/.venv/lib/python3.13/site-packages/sklearn/metrics/_ranking.py:1046: UserWarning: No positive class found in y_true, recall is set to one for all thresholds.
  warnings.warn(
[I 2026-05-15 18:22:15,139] Trial 499 finished with values: [0.583570412517781, 7.606672383406452] and parameters: {'n_estimators': 465, 'learning_rate': 0.01351182947645082, 'subsample': 0.9442922333025374, 'colsample_bytree': 0.7957811041110252, 'min_child_weight': 1}.
Building variant 'auroc_max'...
Saved /home/mklemmingen/PycharmProjects/migraine-forecasting-shd/experiment/0/migraine/full_features/stacked_2xgb_meta_lr/70_30/stratified/HyperparameterTuned/pareto_AUROC_slope/auroc_max/model.joblib

# End capture ------------------------------------------
# Finished: 2026-05-15T18:22:15
