[I 2026-05-22 18:42:28,558] Trial 366 finished with values: [0.6956989247311828, 30.54112795912605] and parameters: {'n_estimators': 225, 'learning_rate': 0.01412166070620751, 'subsample': 0.8481238205413859, 'colsample_bytree': 0.6254233401144095, 'min_child_weight': 4}.
/home/mklemmingen/PycharmProjects/migraine-forecasting-shd/.venv/lib/python3.13/site-packages/sklearn/metrics/_ranking.py:424: UndefinedMetricWarning: Only one class is present in y_true. ROC AUC score is not defined in that case.
  warnings.warn(
/home/mklemmingen/PycharmProjects/migraine-forecasting-shd/.venv/lib/python3.13/site-packages/sklearn/metrics/_ranking.py:1046: UserWarning: No positive class found in y_true, recall is set to one for all thresholds.
  warnings.warn(
[I 2026-05-22 18:42:29,299] Trial 367 finished with values: [0.5258064516129032, 2.6494772911080062] and parameters: {'n_estimators': 242, 'learning_rate': 0.16155001304356414, 'subsample': 0.9208787923016158, 'colsample_bytree': 0.9760920965699831, 'min_child_weight': 6}.
/home/mklemmingen/PycharmProjects/migraine-forecasting-shd/.venv/lib/python3.13/site-packages/sklearn/metrics/_ranking.py:424: UndefinedMetricWarning: Only one class is present in y_true. ROC AUC score is not defined in that case.
  warnings.warn(
/home/mklemmingen/PycharmProjects/migraine-forecasting-shd/.venv/lib/python3.13/site-packages/sklearn/metrics/_ranking.py:1046: UserWarning: No positive class found in y_true, recall is set to one for all thresholds.
  warnings.warn(
[I 2026-05-22 18:42:30,303] Trial 368 finished with values: [0.3575268817204301, 18.866337080077585] and parameters: {'n_estimators': 367, 'learning_rate': 0.1538583627271404, 'subsample': 0.6851856646035643, 'colsample_bytree': 0.9570235993959911, 'min_child_weight': 3}.
/home/mklemmingen/PycharmProjects/migraine-forecasting-shd/.venv/lib/python3.13/site-packages/sklearn/metrics/_ranking.py:424: UndefinedMetricWarning: Only one class is present in y_true. ROC AUC score is not defined in that case.
  warnings.warn(
/home/mklemmingen/PycharmProjects/migraine-forecasting-shd/.venv/lib/python3.13/site-packages/sklearn/metrics/_ranking.py:1046: UserWarning: No positive class found in y_true, recall is set to one for all thresholds.
  warnings.warn(
[I 2026-05-22 18:42:30,957] Trial 369 finished with values: [0.665725806451613, 16.220900922499837] and parameters: {'n_estimators': 111, 'learning_rate': 0.01412166070620751, 'subsample': 0.6058178662671527, 'colsample_bytree': 0.6254233401144095, 'min_child_weight': 4}.
/home/mklemmingen/PycharmProjects/migraine-forecasting-shd/.venv/lib/python3.13/site-packages/sklearn/metrics/_ranking.py:424: UndefinedMetricWarning: Only one class is present in y_true. ROC AUC score is not defined in that case.
  warnings.warn(
/home/mklemmingen/PycharmProjects/migraine-forecasting-shd/.venv/lib/python3.13/site-packages/sklearn/metrics/_ranking.py:1046: UserWarning: No positive class found in y_true, recall is set to one for all thresholds.
  warnings.warn(
[I 2026-05-22 18:42:31,877] Trial 370 finished with values: [0.369489247311828, 29.55265244555542] and parameters: {'n_estimators': 487, 'learning_rate': 0.01412166070620751, 'subsample': 0.9379501243877818, 'colsample_bytree': 0.9570235993959911, 'min_child_weight': 6}.
/home/mklemmingen/PycharmProjects/migraine-forecasting-shd/.venv/lib/python3.13/site-packages/sklearn/metrics/_ranking.py:424: UndefinedMetricWarning: Only one class is present in y_true. ROC AUC score is not defined in that case.
  warnings.warn(
/home/mklemmingen/PycharmProjects/migraine-forecasting-shd/.venv/lib/python3.13/site-packages/sklearn/metrics/_ranking.py:1046: UserWarning: No positive class found in y_true, recall is set to one for all thresholds.
  warnings.warn(
[I 2026-05-22 18:42:32,519] Trial 371 finished with values: [0.19919354838709677, 61.31463074337887] and parameters: {'n_estimators': 226, 'learning_rate': 0.04427958131171205, 'subsample': 0.9043140194467589, 'colsample_bytree': 0.8245108790277985, 'min_child_weight': 4}.
/home/mklemmingen/PycharmProjects/migraine-forecasting-shd/.venv/lib/python3.13/site-packages/sklearn/metrics/_ranking.py:424: UndefinedMetricWarning: Only one class is present in y_true. ROC AUC score is not defined in that case.
  warnings.warn(
/home/mklemmingen/PycharmProjects/migraine-forecasting-shd/.venv/lib/python3.13/site-packages/sklearn/metrics/_ranking.py:1046: UserWarning: No positive class found in y_true, recall is set to one for all thresholds.
  warnings.warn(
[I 2026-05-22 18:42:33,187] Trial 372 finished with values: [0.2700268817204301, 8.60174360398771] and parameters: {'n_estimators': 355, 'learning_rate': 0.16155001304356414, 'subsample': 0.8599855723111061, 'colsample_bytree': 0.6254233401144095, 'min_child_weight': 6}.
/home/mklemmingen/PycharmProjects/migraine-forecasting-shd/.venv/lib/python3.13/site-packages/sklearn/metrics/_ranking.py:424: UndefinedMetricWarning: Only one class is present in y_true. ROC AUC score is not defined in that case.
  warnings.warn(
/home/mklemmingen/PycharmProjects/migraine-forecasting-shd/.venv/lib/python3.13/site-packages/sklearn/metrics/_ranking.py:1046: UserWarning: No positive class found in y_true, recall is set to one for all thresholds.
  warnings.warn(
[I 2026-05-22 18:42:33,836] Trial 373 finished with values: [0.5799731182795699, 2.6437892701960815] and parameters: {'n_estimators': 355, 'learning_rate': 0.1538583627271404, 'subsample': 0.8599855723111061, 'colsample_bytree': 0.9570235993959911, 'min_child_weight': 10}.
/home/mklemmingen/PycharmProjects/migraine-forecasting-shd/.venv/lib/python3.13/site-packages/sklearn/metrics/_ranking.py:424: UndefinedMetricWarning: Only one class is present in y_true. ROC AUC score is not defined in that case.
  warnings.warn(
/home/mklemmingen/PycharmProjects/migraine-forecasting-shd/.venv/lib/python3.13/site-packages/sklearn/metrics/_ranking.py:1046: UserWarning: No positive class found in y_true, recall is set to one for all thresholds.
  warnings.warn(
[I 2026-05-22 18:42:34,396] Trial 374 finished with values: [0.596505376344086, 14.76455188020054] and parameters: {'n_estimators': 120, 'learning_rate': 0.032690047558986524, 'subsample': 0.8055957956639244, 'colsample_bytree': 0.836965827544817, 'min_child_weight': 10}.
/home/mklemmingen/PycharmProjects/migraine-forecasting-shd/.venv/lib/python3.13/site-packages/sklearn/linear_model/_sag.py:348: ConvergenceWarning: The max_iter was reached which means the coef_ did not converge
  warnings.warn(
/home/mklemmingen/PycharmProjects/migraine-forecasting-shd/.venv/lib/python3.13/site-packages/sklearn/metrics/_ranking.py:424: UndefinedMetricWarning: Only one class is present in y_true. ROC AUC score is not defined in that case.
  warnings.warn(
/home/mklemmingen/PycharmProjects/migraine-forecasting-shd/.venv/lib/python3.13/site-packages/sklearn/metrics/_ranking.py:1046: UserWarning: No positive class found in y_true, recall is set to one for all thresholds.
  warnings.warn(
[I 2026-05-22 18:42:34,939] Trial 375 finished with values: [0.7547043010752689, 16.79100175093051] and parameters: {'n_estimators': 54, 'learning_rate': 0.011693687409928539, 'subsample': 0.616291520927588, 'colsample_bytree': 0.9134612050964572, 'min_child_weight': 1}.
/home/mklemmingen/PycharmProjects/migraine-forecasting-shd/.venv/lib/python3.13/site-packages/sklearn/metrics/_ranking.py:424: UndefinedMetricWarning: Only one class is present in y_true. ROC AUC score is not defined in that case.
  warnings.warn(
/home/mklemmingen/PycharmProjects/migraine-forecasting-shd/.venv/lib/python3.13/site-packages/sklearn/metrics/_ranking.py:1046: UserWarning: No positive class found in y_true, recall is set to one for all thresholds.
  warnings.warn(
[I 2026-05-22 18:42:35,645] Trial 376 finished with values: [0.32836021505376345, 5.00004163612317] and parameters: {'n_estimators': 437, 'learning_rate': 0.1538583627271404, 'subsample': 0.9379501243877818, 'colsample_bytree': 0.9570235993959911, 'min_child_weight': 5}.
/home/mklemmingen/PycharmProjects/migraine-forecasting-shd/.venv/lib/python3.13/site-packages/sklearn/metrics/_ranking.py:424: UndefinedMetricWarning: Only one class is present in y_true. ROC AUC score is not defined in that case.
  warnings.warn(
/home/mklemmingen/PycharmProjects/migraine-forecasting-shd/.venv/lib/python3.13/site-packages/sklearn/metrics/_ranking.py:1046: UserWarning: No positive class found in y_true, recall is set to one for all thresholds.
  warnings.warn(
[I 2026-05-22 18:42:36,550] Trial 377 finished with values: [0.29086021505376347, 32.27108773163434] and parameters: {'n_estimators': 487, 'learning_rate': 0.1538583627271404, 'subsample': 0.900949811775072, 'colsample_bytree': 0.8404460046972835, 'min_child_weight': 5}.
/home/mklemmingen/PycharmProjects/migraine-forecasting-shd/.venv/lib/python3.13/site-packages/sklearn/metrics/_ranking.py:424: UndefinedMetricWarning: Only one class is present in y_true. ROC AUC score is not defined in that case.
  warnings.warn(
/home/mklemmingen/PycharmProjects/migraine-forecasting-shd/.venv/lib/python3.13/site-packages/sklearn/metrics/_ranking.py:1046: UserWarning: No positive class found in y_true, recall is set to one for all thresholds.
  warnings.warn(
[I 2026-05-22 18:42:37,499] Trial 378 finished with values: [0.5672043010752689, 2.70715990134884] and parameters: {'n_estimators': 487, 'learning_rate': 0.1538583627271404, 'subsample': 0.9464704583099741, 'colsample_bytree': 0.7586171129285081, 'min_child_weight': 10}.
/home/mklemmingen/PycharmProjects/migraine-forecasting-shd/.venv/lib/python3.13/site-packages/sklearn/metrics/_ranking.py:424: UndefinedMetricWarning: Only one class is present in y_true. ROC AUC score is not defined in that case.
  warnings.warn(
/home/mklemmingen/PycharmProjects/migraine-forecasting-shd/.venv/lib/python3.13/site-packages/sklearn/metrics/_ranking.py:1046: UserWarning: No positive class found in y_true, recall is set to one for all thresholds.
  warnings.warn(
[I 2026-05-22 18:42:37,973] Trial 379 finished with values: [0.5723118279569893, 21.563441836636237] and parameters: {'n_estimators': 103, 'learning_rate': 0.028180680291847244, 'subsample': 0.900949811775072, 'colsample_bytree': 0.8245108790277985, 'min_child_weight': 5}.
/home/mklemmingen/PycharmProjects/migraine-forecasting-shd/.venv/lib/python3.13/site-packages/sklearn/metrics/_ranking.py:424: UndefinedMetricWarning: Only one class is present in y_true. ROC AUC score is not defined in that case.
  warnings.warn(
/home/mklemmingen/PycharmProjects/migraine-forecasting-shd/.venv/lib/python3.13/site-packages/sklearn/metrics/_ranking.py:1046: UserWarning: No positive class found in y_true, recall is set to one for all thresholds.
  warnings.warn(
[I 2026-05-22 18:42:38,820] Trial 380 finished with values: [0.36169354838709683, 25.470666592450122] and parameters: {'n_estimators': 330, 'learning_rate': 0.1878519741643379, 'subsample': 0.6746280235544143, 'colsample_bytree': 0.9570235993959911, 'min_child_weight': 3}.
/home/mklemmingen/PycharmProjects/migraine-forecasting-shd/.venv/lib/python3.13/site-packages/sklearn/linear_model/_sag.py:348: ConvergenceWarning: The max_iter was reached which means the coef_ did not converge
  warnings.warn(
/home/mklemmingen/PycharmProjects/migraine-forecasting-shd/.venv/lib/python3.13/site-packages/sklearn/metrics/_ranking.py:424: UndefinedMetricWarning: Only one class is present in y_true. ROC AUC score is not defined in that case.
  warnings.warn(
/home/mklemmingen/PycharmProjects/migraine-forecasting-shd/.venv/lib/python3.13/site-packages/sklearn/metrics/_ranking.py:1046: UserWarning: No positive class found in y_true, recall is set to one for all thresholds.
  warnings.warn(
[I 2026-05-22 18:42:39,469] Trial 381 finished with values: [0.7260752688172043, 80.94862212575025] and parameters: {'n_estimators': 70, 'learning_rate': 0.01058040360169664, 'subsample': 0.8599855723111061, 'colsample_bytree': 0.6020246335384875, 'min_child_weight': 4}.
/home/mklemmingen/PycharmProjects/migraine-forecasting-shd/.venv/lib/python3.13/site-packages/sklearn/metrics/_ranking.py:424: UndefinedMetricWarning: Only one class is present in y_true. ROC AUC score is not defined in that case.
  warnings.warn(
/home/mklemmingen/PycharmProjects/migraine-forecasting-shd/.venv/lib/python3.13/site-packages/sklearn/metrics/_ranking.py:1046: UserWarning: No positive class found in y_true, recall is set to one for all thresholds.
  warnings.warn(
[I 2026-05-22 18:42:40,494] Trial 382 finished with values: [0.25362903225806455, 12.678894126539475] and parameters: {'n_estimators': 487, 'learning_rate': 0.1538583627271404, 'subsample': 0.9798082494630569, 'colsample_bytree': 0.9570235993959911, 'min_child_weight': 2}.
/home/mklemmingen/PycharmProjects/migraine-forecasting-shd/.venv/lib/python3.13/site-packages/sklearn/metrics/_ranking.py:424: UndefinedMetricWarning: Only one class is present in y_true. ROC AUC score is not defined in that case.
  warnings.warn(
/home/mklemmingen/PycharmProjects/migraine-forecasting-shd/.venv/lib/python3.13/site-packages/sklearn/metrics/_ranking.py:1046: UserWarning: No positive class found in y_true, recall is set to one for all thresholds.
  warnings.warn(
[I 2026-05-22 18:42:41,463] Trial 383 finished with values: [0.3241935483870968, 42.31129496413788] and parameters: {'n_estimators': 437, 'learning_rate': 0.23371267997797157, 'subsample': 0.7968465172318153, 'colsample_bytree': 0.7032977553195834, 'min_child_weight': 1}.
/home/mklemmingen/PycharmProjects/migraine-forecasting-shd/.venv/lib/python3.13/site-packages/sklearn/metrics/_ranking.py:424: UndefinedMetricWarning: Only one class is present in y_true. ROC AUC score is not defined in that case.
  warnings.warn(
/home/mklemmingen/PycharmProjects/migraine-forecasting-shd/.venv/lib/python3.13/site-packages/sklearn/metrics/_ranking.py:1046: UserWarning: No positive class found in y_true, recall is set to one for all thresholds.
  warnings.warn(
[I 2026-05-22 18:42:42,091] Trial 384 finished with values: [0.7505376344086022, 25.037747580853974] and parameters: {'n_estimators': 91, 'learning_rate': 0.01412166070620751, 'subsample': 0.8786948661456602, 'colsample_bytree': 0.6020246335384875, 'min_child_weight': 10}.
/home/mklemmingen/PycharmProjects/migraine-forecasting-shd/.venv/lib/python3.13/site-packages/sklearn/metrics/_ranking.py:424: UndefinedMetricWarning: Only one class is present in y_true. ROC AUC score is not defined in that case.
  warnings.warn(
/home/mklemmingen/PycharmProjects/migraine-forecasting-shd/.venv/lib/python3.13/site-packages/sklearn/metrics/_ranking.py:1046: UserWarning: No positive class found in y_true, recall is set to one for all thresholds.
  warnings.warn(
[I 2026-05-22 18:42:42,696] Trial 385 finished with values: [0.6342741935483871, 181.95444870290228] and parameters: {'n_estimators': 91, 'learning_rate': 0.04766495467029922, 'subsample': 0.8786948661456602, 'colsample_bytree': 0.9570235993959911, 'min_child_weight': 10}.
/home/mklemmingen/PycharmProjects/migraine-forecasting-shd/.venv/lib/python3.13/site-packages/sklearn/metrics/_ranking.py:424: UndefinedMetricWarning: Only one class is present in y_true. ROC AUC score is not defined in that case.
  warnings.warn(
/home/mklemmingen/PycharmProjects/migraine-forecasting-shd/.venv/lib/python3.13/site-packages/sklearn/metrics/_ranking.py:1046: UserWarning: No positive class found in y_true, recall is set to one for all thresholds.
  warnings.warn(
[I 2026-05-22 18:42:43,441] Trial 386 finished with values: [0.7420698924731184, 7.540803422411125] and parameters: {'n_estimators': 355, 'learning_rate': 0.01412166070620751, 'subsample': 0.8599855723111061, 'colsample_bytree': 0.6254233401144095, 'min_child_weight': 4}.
/home/mklemmingen/PycharmProjects/migraine-forecasting-shd/.venv/lib/python3.13/site-packages/sklearn/metrics/_ranking.py:424: UndefinedMetricWarning: Only one class is present in y_true. ROC AUC score is not defined in that case.
  warnings.warn(
/home/mklemmingen/PycharmProjects/migraine-forecasting-shd/.venv/lib/python3.13/site-packages/sklearn/metrics/_ranking.py:1046: UserWarning: No positive class found in y_true, recall is set to one for all thresholds.
  warnings.warn(
[I 2026-05-22 18:42:44,263] Trial 387 finished with values: [0.6631720430107527, 8.757405818814263] and parameters: {'n_estimators': 325, 'learning_rate': 0.01412166070620751, 'subsample': 0.8599855723111061, 'colsample_bytree': 0.8491561903276001, 'min_child_weight': 4}.
/home/mklemmingen/PycharmProjects/migraine-forecasting-shd/.venv/lib/python3.13/site-packages/sklearn/metrics/_ranking.py:424: UndefinedMetricWarning: Only one class is present in y_true. ROC AUC score is not defined in that case.
  warnings.warn(
/home/mklemmingen/PycharmProjects/migraine-forecasting-shd/.venv/lib/python3.13/site-packages/sklearn/metrics/_ranking.py:1046: UserWarning: No positive class found in y_true, recall is set to one for all thresholds.
  warnings.warn(
[I 2026-05-22 18:42:44,904] Trial 388 finished with values: [0.6774193548387097, 19.735974560129264] and parameters: {'n_estimators': 132, 'learning_rate': 0.01412166070620751, 'subsample': 0.7970472375971478, 'colsample_bytree': 0.9570235993959911, 'min_child_weight': 3}.
/home/mklemmingen/PycharmProjects/migraine-forecasting-shd/.venv/lib/python3.13/site-packages/sklearn/metrics/_ranking.py:424: UndefinedMetricWarning: Only one class is present in y_true. ROC AUC score is not defined in that case.
  warnings.warn(
/home/mklemmingen/PycharmProjects/migraine-forecasting-shd/.venv/lib/python3.13/site-packages/sklearn/metrics/_ranking.py:1046: UserWarning: No positive class found in y_true, recall is set to one for all thresholds.
  warnings.warn(
[I 2026-05-22 18:42:45,504] Trial 389 finished with values: [0.383736559139785, 114.3217991993459] and parameters: {'n_estimators': 103, 'learning_rate': 0.028180680291847244, 'subsample': 0.900949811775072, 'colsample_bytree': 0.6020246335384875, 'min_child_weight': 1}.
/home/mklemmingen/PycharmProjects/migraine-forecasting-shd/.venv/lib/python3.13/site-packages/sklearn/metrics/_ranking.py:424: UndefinedMetricWarning: Only one class is present in y_true. ROC AUC score is not defined in that case.
  warnings.warn(
/home/mklemmingen/PycharmProjects/migraine-forecasting-shd/.venv/lib/python3.13/site-packages/sklearn/metrics/_ranking.py:1046: UserWarning: No positive class found in y_true, recall is set to one for all thresholds.
  warnings.warn(
[I 2026-05-22 18:42:46,169] Trial 390 finished with values: [0.37983870967741934, 22.65891565479823] and parameters: {'n_estimators': 132, 'learning_rate': 0.030591867605824115, 'subsample': 0.6746280235544143, 'colsample_bytree': 0.9986547348295621, 'min_child_weight': 7}.
/home/mklemmingen/PycharmProjects/migraine-forecasting-shd/.venv/lib/python3.13/site-packages/sklearn/metrics/_ranking.py:424: UndefinedMetricWarning: Only one class is present in y_true. ROC AUC score is not defined in that case.
  warnings.warn(
/home/mklemmingen/PycharmProjects/migraine-forecasting-shd/.venv/lib/python3.13/site-packages/sklearn/metrics/_ranking.py:1046: UserWarning: No positive class found in y_true, recall is set to one for all thresholds.
  warnings.warn(
[I 2026-05-22 18:42:46,755] Trial 391 finished with values: [0.3075268817204301, 4.253456074142597] and parameters: {'n_estimators': 91, 'learning_rate': 0.15870971677383489, 'subsample': 0.6746280235544143, 'colsample_bytree': 0.836965827544817, 'min_child_weight': 7}.
/home/mklemmingen/PycharmProjects/migraine-forecasting-shd/.venv/lib/python3.13/site-packages/sklearn/metrics/_ranking.py:424: UndefinedMetricWarning: Only one class is present in y_true. ROC AUC score is not defined in that case.
  warnings.warn(
/home/mklemmingen/PycharmProjects/migraine-forecasting-shd/.venv/lib/python3.13/site-packages/sklearn/metrics/_ranking.py:1046: UserWarning: No positive class found in y_true, recall is set to one for all thresholds.
  warnings.warn(
[I 2026-05-22 18:42:47,323] Trial 392 finished with values: [0.6173387096774193, 5.414950959624626] and parameters: {'n_estimators': 54, 'learning_rate': 0.1538583627271404, 'subsample': 0.6960582475112772, 'colsample_bytree': 0.6303453312434656, 'min_child_weight': 9}.
/home/mklemmingen/PycharmProjects/migraine-forecasting-shd/.venv/lib/python3.13/site-packages/sklearn/metrics/_ranking.py:424: UndefinedMetricWarning: Only one class is present in y_true. ROC AUC score is not defined in that case.
  warnings.warn(
/home/mklemmingen/PycharmProjects/migraine-forecasting-shd/.venv/lib/python3.13/site-packages/sklearn/metrics/_ranking.py:1046: UserWarning: No positive class found in y_true, recall is set to one for all thresholds.
  warnings.warn(
[I 2026-05-22 18:42:47,911] Trial 393 finished with values: [0.40456989247311825, 52.128959746925815] and parameters: {'n_estimators': 108, 'learning_rate': 0.028180680291847244, 'subsample': 0.8786948661456602, 'colsample_bytree': 0.6512183355831089, 'min_child_weight': 2}.
/home/mklemmingen/PycharmProjects/migraine-forecasting-shd/.venv/lib/python3.13/site-packages/sklearn/metrics/_ranking.py:424: UndefinedMetricWarning: Only one class is present in y_true. ROC AUC score is not defined in that case.
  warnings.warn(
/home/mklemmingen/PycharmProjects/migraine-forecasting-shd/.venv/lib/python3.13/site-packages/sklearn/metrics/_ranking.py:1046: UserWarning: No positive class found in y_true, recall is set to one for all thresholds.
  warnings.warn(
