[I 2026-05-22 18:39:58,917] Trial 140 finished with values: [0.6129032258064516, 6.728611802173154] and parameters: {'n_estimators': 103, 'learning_rate': 0.028180680291847244, 'subsample': 0.9043140194467589, 'colsample_bytree': 0.8245108790277985, 'min_child_weight': 5}.
/home/mklemmingen/PycharmProjects/migraine-forecasting-shd/.venv/lib/python3.13/site-packages/sklearn/metrics/_ranking.py:424: UndefinedMetricWarning: Only one class is present in y_true. ROC AUC score is not defined in that case.
  warnings.warn(
/home/mklemmingen/PycharmProjects/migraine-forecasting-shd/.venv/lib/python3.13/site-packages/sklearn/metrics/_ranking.py:1046: UserWarning: No positive class found in y_true, recall is set to one for all thresholds.
  warnings.warn(
[I 2026-05-22 18:39:59,555] Trial 141 finished with values: [0.32836021505376345, 4.1522645661259245] and parameters: {'n_estimators': 325, 'learning_rate': 0.13720623374101712, 'subsample': 0.8534118843043579, 'colsample_bytree': 0.8491561903276001, 'min_child_weight': 8}.
/home/mklemmingen/PycharmProjects/migraine-forecasting-shd/.venv/lib/python3.13/site-packages/sklearn/metrics/_ranking.py:424: UndefinedMetricWarning: Only one class is present in y_true. ROC AUC score is not defined in that case.
  warnings.warn(
/home/mklemmingen/PycharmProjects/migraine-forecasting-shd/.venv/lib/python3.13/site-packages/sklearn/metrics/_ranking.py:1046: UserWarning: No positive class found in y_true, recall is set to one for all thresholds.
  warnings.warn(
[I 2026-05-22 18:40:00,131] Trial 142 finished with values: [0.6373655913978494, 30.320280854522025] and parameters: {'n_estimators': 159, 'learning_rate': 0.012184186502221764, 'subsample': 0.7893887083122263, 'colsample_bytree': 0.6950550175969599, 'min_child_weight': 2}.
/home/mklemmingen/PycharmProjects/migraine-forecasting-shd/.venv/lib/python3.13/site-packages/sklearn/metrics/_ranking.py:424: UndefinedMetricWarning: Only one class is present in y_true. ROC AUC score is not defined in that case.
  warnings.warn(
/home/mklemmingen/PycharmProjects/migraine-forecasting-shd/.venv/lib/python3.13/site-packages/sklearn/metrics/_ranking.py:1046: UserWarning: No positive class found in y_true, recall is set to one for all thresholds.
  warnings.warn(
[I 2026-05-22 18:40:00,720] Trial 143 finished with values: [0.3408602150537634, 253.66646309467808] and parameters: {'n_estimators': 132, 'learning_rate': 0.043737251953017454, 'subsample': 0.9046478461314871, 'colsample_bytree': 0.7727780074568463, 'min_child_weight': 3}.
/home/mklemmingen/PycharmProjects/migraine-forecasting-shd/.venv/lib/python3.13/site-packages/sklearn/metrics/_ranking.py:424: UndefinedMetricWarning: Only one class is present in y_true. ROC AUC score is not defined in that case.
  warnings.warn(
/home/mklemmingen/PycharmProjects/migraine-forecasting-shd/.venv/lib/python3.13/site-packages/sklearn/metrics/_ranking.py:1046: UserWarning: No positive class found in y_true, recall is set to one for all thresholds.
  warnings.warn(
[I 2026-05-22 18:40:01,428] Trial 144 finished with values: [0.3989247311827957, 73.06034802069286] and parameters: {'n_estimators': 325, 'learning_rate': 0.042902233912047165, 'subsample': 0.9866619276174678, 'colsample_bytree': 0.8491561903276001, 'min_child_weight': 1}.
/home/mklemmingen/PycharmProjects/migraine-forecasting-shd/.venv/lib/python3.13/site-packages/sklearn/metrics/_ranking.py:424: UndefinedMetricWarning: Only one class is present in y_true. ROC AUC score is not defined in that case.
  warnings.warn(
/home/mklemmingen/PycharmProjects/migraine-forecasting-shd/.venv/lib/python3.13/site-packages/sklearn/metrics/_ranking.py:1046: UserWarning: No positive class found in y_true, recall is set to one for all thresholds.
  warnings.warn(
[I 2026-05-22 18:40:02,190] Trial 145 finished with values: [0.6334677419354839, 11.303453226901603] and parameters: {'n_estimators': 355, 'learning_rate': 0.01058040360169664, 'subsample': 0.8599855723111061, 'colsample_bytree': 0.7594018937589494, 'min_child_weight': 7}.
/home/mklemmingen/PycharmProjects/migraine-forecasting-shd/.venv/lib/python3.13/site-packages/sklearn/metrics/_ranking.py:424: UndefinedMetricWarning: Only one class is present in y_true. ROC AUC score is not defined in that case.
  warnings.warn(
/home/mklemmingen/PycharmProjects/migraine-forecasting-shd/.venv/lib/python3.13/site-packages/sklearn/metrics/_ranking.py:1046: UserWarning: No positive class found in y_true, recall is set to one for all thresholds.
  warnings.warn(
[I 2026-05-22 18:40:02,773] Trial 146 finished with values: [0.3658602150537634, 3.814384189291033] and parameters: {'n_estimators': 160, 'learning_rate': 0.08671821512512803, 'subsample': 0.9588441039810308, 'colsample_bytree': 0.9568186220708453, 'min_child_weight': 8}.
/home/mklemmingen/PycharmProjects/migraine-forecasting-shd/.venv/lib/python3.13/site-packages/sklearn/metrics/_ranking.py:424: UndefinedMetricWarning: Only one class is present in y_true. ROC AUC score is not defined in that case.
  warnings.warn(
/home/mklemmingen/PycharmProjects/migraine-forecasting-shd/.venv/lib/python3.13/site-packages/sklearn/metrics/_ranking.py:1046: UserWarning: No positive class found in y_true, recall is set to one for all thresholds.
  warnings.warn(
[I 2026-05-22 18:40:03,307] Trial 147 finished with values: [0.7096774193548387, 26.35668021073104] and parameters: {'n_estimators': 70, 'learning_rate': 0.029385442161128397, 'subsample': 0.7498450458505885, 'colsample_bytree': 0.6027808522124762, 'min_child_weight': 2}.
/home/mklemmingen/PycharmProjects/migraine-forecasting-shd/.venv/lib/python3.13/site-packages/sklearn/metrics/_ranking.py:424: UndefinedMetricWarning: Only one class is present in y_true. ROC AUC score is not defined in that case.
  warnings.warn(
/home/mklemmingen/PycharmProjects/migraine-forecasting-shd/.venv/lib/python3.13/site-packages/sklearn/metrics/_ranking.py:1046: UserWarning: No positive class found in y_true, recall is set to one for all thresholds.
  warnings.warn(
[I 2026-05-22 18:40:04,032] Trial 148 finished with values: [0.3739247311827957, 330.71646843910685] and parameters: {'n_estimators': 465, 'learning_rate': 0.01351182947645082, 'subsample': 0.6783931449676581, 'colsample_bytree': 0.6180909155642152, 'min_child_weight': 5}.
/home/mklemmingen/PycharmProjects/migraine-forecasting-shd/.venv/lib/python3.13/site-packages/sklearn/metrics/_ranking.py:424: UndefinedMetricWarning: Only one class is present in y_true. ROC AUC score is not defined in that case.
  warnings.warn(
/home/mklemmingen/PycharmProjects/migraine-forecasting-shd/.venv/lib/python3.13/site-packages/sklearn/metrics/_ranking.py:1046: UserWarning: No positive class found in y_true, recall is set to one for all thresholds.
  warnings.warn(
[I 2026-05-22 18:40:04,606] Trial 149 finished with values: [0.5049731182795698, 8.77950748151892] and parameters: {'n_estimators': 132, 'learning_rate': 0.2736872535680783, 'subsample': 0.8099025726528951, 'colsample_bytree': 0.9568186220708453, 'min_child_weight': 7}.
/home/mklemmingen/PycharmProjects/migraine-forecasting-shd/.venv/lib/python3.13/site-packages/sklearn/metrics/_ranking.py:424: UndefinedMetricWarning: Only one class is present in y_true. ROC AUC score is not defined in that case.
  warnings.warn(
/home/mklemmingen/PycharmProjects/migraine-forecasting-shd/.venv/lib/python3.13/site-packages/sklearn/metrics/_ranking.py:1046: UserWarning: No positive class found in y_true, recall is set to one for all thresholds.
  warnings.warn(
[I 2026-05-22 18:40:05,073] Trial 150 finished with values: [0.5850806451612903, 18.568939556080956] and parameters: {'n_estimators': 132, 'learning_rate': 0.028145092716060652, 'subsample': 0.9208787923016158, 'colsample_bytree': 0.8503439662856945, 'min_child_weight': 7}.
/home/mklemmingen/PycharmProjects/migraine-forecasting-shd/.venv/lib/python3.13/site-packages/sklearn/metrics/_ranking.py:424: UndefinedMetricWarning: Only one class is present in y_true. ROC AUC score is not defined in that case.
  warnings.warn(
/home/mklemmingen/PycharmProjects/migraine-forecasting-shd/.venv/lib/python3.13/site-packages/sklearn/metrics/_ranking.py:1046: UserWarning: No positive class found in y_true, recall is set to one for all thresholds.
  warnings.warn(
[I 2026-05-22 18:40:05,636] Trial 151 finished with values: [0.7138440860215054, 31.667950270725225] and parameters: {'n_estimators': 91, 'learning_rate': 0.01412166070620751, 'subsample': 0.8012545034320351, 'colsample_bytree': 0.9570235993959911, 'min_child_weight': 10}.
/home/mklemmingen/PycharmProjects/migraine-forecasting-shd/.venv/lib/python3.13/site-packages/sklearn/metrics/_ranking.py:424: UndefinedMetricWarning: Only one class is present in y_true. ROC AUC score is not defined in that case.
  warnings.warn(
/home/mklemmingen/PycharmProjects/migraine-forecasting-shd/.venv/lib/python3.13/site-packages/sklearn/metrics/_ranking.py:1046: UserWarning: No positive class found in y_true, recall is set to one for all thresholds.
  warnings.warn(
[I 2026-05-22 18:40:06,218] Trial 152 finished with values: [0.1739247311827957, 10.299054728994822] and parameters: {'n_estimators': 132, 'learning_rate': 0.06951034928701941, 'subsample': 0.8099025726528951, 'colsample_bytree': 0.6388705975083074, 'min_child_weight': 1}.
/home/mklemmingen/PycharmProjects/migraine-forecasting-shd/.venv/lib/python3.13/site-packages/sklearn/metrics/_ranking.py:424: UndefinedMetricWarning: Only one class is present in y_true. ROC AUC score is not defined in that case.
  warnings.warn(
/home/mklemmingen/PycharmProjects/migraine-forecasting-shd/.venv/lib/python3.13/site-packages/sklearn/metrics/_ranking.py:1046: UserWarning: No positive class found in y_true, recall is set to one for all thresholds.
  warnings.warn(
[I 2026-05-22 18:40:06,807] Trial 153 finished with values: [0.2994623655913978, 4.84885270635677] and parameters: {'n_estimators': 325, 'learning_rate': 0.13720623374101712, 'subsample': 0.6863284109987373, 'colsample_bytree': 0.9425959364753289, 'min_child_weight': 1}.
/home/mklemmingen/PycharmProjects/migraine-forecasting-shd/.venv/lib/python3.13/site-packages/sklearn/metrics/_ranking.py:424: UndefinedMetricWarning: Only one class is present in y_true. ROC AUC score is not defined in that case.
  warnings.warn(
/home/mklemmingen/PycharmProjects/migraine-forecasting-shd/.venv/lib/python3.13/site-packages/sklearn/metrics/_ranking.py:1046: UserWarning: No positive class found in y_true, recall is set to one for all thresholds.
  warnings.warn(
[I 2026-05-22 18:40:07,376] Trial 154 finished with values: [0.3033602150537634, 4.94487436932547] and parameters: {'n_estimators': 132, 'learning_rate': 0.1538583627271404, 'subsample': 0.6746280235544143, 'colsample_bytree': 0.7727780074568463, 'min_child_weight': 3}.
/home/mklemmingen/PycharmProjects/migraine-forecasting-shd/.venv/lib/python3.13/site-packages/sklearn/metrics/_ranking.py:424: UndefinedMetricWarning: Only one class is present in y_true. ROC AUC score is not defined in that case.
  warnings.warn(
/home/mklemmingen/PycharmProjects/migraine-forecasting-shd/.venv/lib/python3.13/site-packages/sklearn/metrics/_ranking.py:1046: UserWarning: No positive class found in y_true, recall is set to one for all thresholds.
  warnings.warn(
[I 2026-05-22 18:40:08,146] Trial 155 finished with values: [0.6381720430107527, 40.28295349955416] and parameters: {'n_estimators': 294, 'learning_rate': 0.012184186502221764, 'subsample': 0.6746280235544143, 'colsample_bytree': 0.9570235993959911, 'min_child_weight': 8}.
/home/mklemmingen/PycharmProjects/migraine-forecasting-shd/.venv/lib/python3.13/site-packages/sklearn/metrics/_ranking.py:424: UndefinedMetricWarning: Only one class is present in y_true. ROC AUC score is not defined in that case.
  warnings.warn(
/home/mklemmingen/PycharmProjects/migraine-forecasting-shd/.venv/lib/python3.13/site-packages/sklearn/metrics/_ranking.py:1046: UserWarning: No positive class found in y_true, recall is set to one for all thresholds.
  warnings.warn(
[I 2026-05-22 18:40:08,918] Trial 156 finished with values: [0.3658602150537635, 5.994971205899362] and parameters: {'n_estimators': 355, 'learning_rate': 0.09396591857488666, 'subsample': 0.6746280235544143, 'colsample_bytree': 0.7594018937589494, 'min_child_weight': 2}.
/home/mklemmingen/PycharmProjects/migraine-forecasting-shd/.venv/lib/python3.13/site-packages/sklearn/metrics/_ranking.py:424: UndefinedMetricWarning: Only one class is present in y_true. ROC AUC score is not defined in that case.
  warnings.warn(
/home/mklemmingen/PycharmProjects/migraine-forecasting-shd/.venv/lib/python3.13/site-packages/sklearn/metrics/_ranking.py:1046: UserWarning: No positive class found in y_true, recall is set to one for all thresholds.
  warnings.warn(
[I 2026-05-22 18:40:09,737] Trial 157 finished with values: [0.20362903225806453, 5.6143820126184245] and parameters: {'n_estimators': 325, 'learning_rate': 0.06951034928701941, 'subsample': 0.9208787923016158, 'colsample_bytree': 0.6388705975083074, 'min_child_weight': 1}.
/home/mklemmingen/PycharmProjects/migraine-forecasting-shd/.venv/lib/python3.13/site-packages/sklearn/metrics/_ranking.py:424: UndefinedMetricWarning: Only one class is present in y_true. ROC AUC score is not defined in that case.
  warnings.warn(
/home/mklemmingen/PycharmProjects/migraine-forecasting-shd/.venv/lib/python3.13/site-packages/sklearn/metrics/_ranking.py:1046: UserWarning: No positive class found in y_true, recall is set to one for all thresholds.
  warnings.warn(
[I 2026-05-22 18:40:10,578] Trial 158 finished with values: [0.6130376344086022, 5.560934642635765] and parameters: {'n_estimators': 225, 'learning_rate': 0.13720623374101712, 'subsample': 0.6863284109987373, 'colsample_bytree': 0.836965827544817, 'min_child_weight': 1}.
/home/mklemmingen/PycharmProjects/migraine-forecasting-shd/.venv/lib/python3.13/site-packages/sklearn/metrics/_ranking.py:424: UndefinedMetricWarning: Only one class is present in y_true. ROC AUC score is not defined in that case.
  warnings.warn(
/home/mklemmingen/PycharmProjects/migraine-forecasting-shd/.venv/lib/python3.13/site-packages/sklearn/metrics/_ranking.py:1046: UserWarning: No positive class found in y_true, recall is set to one for all thresholds.
  warnings.warn(
[I 2026-05-22 18:40:11,429] Trial 159 finished with values: [0.34946236559139787, 9.57706636424608] and parameters: {'n_estimators': 294, 'learning_rate': 0.10485733570643786, 'subsample': 0.7546941385202149, 'colsample_bytree': 0.9746919954946938, 'min_child_weight': 2}.
/home/mklemmingen/PycharmProjects/migraine-forecasting-shd/.venv/lib/python3.13/site-packages/sklearn/metrics/_ranking.py:424: UndefinedMetricWarning: Only one class is present in y_true. ROC AUC score is not defined in that case.
  warnings.warn(
/home/mklemmingen/PycharmProjects/migraine-forecasting-shd/.venv/lib/python3.13/site-packages/sklearn/metrics/_ranking.py:1046: UserWarning: No positive class found in y_true, recall is set to one for all thresholds.
  warnings.warn(
[I 2026-05-22 18:40:12,063] Trial 160 finished with values: [0.6860215053763441, 12.196435230910597] and parameters: {'n_estimators': 132, 'learning_rate': 0.01412166070620751, 'subsample': 0.8099025726528951, 'colsample_bytree': 0.6282274989601719, 'min_child_weight': 2}.
/home/mklemmingen/PycharmProjects/migraine-forecasting-shd/.venv/lib/python3.13/site-packages/sklearn/metrics/_ranking.py:424: UndefinedMetricWarning: Only one class is present in y_true. ROC AUC score is not defined in that case.
  warnings.warn(
/home/mklemmingen/PycharmProjects/migraine-forecasting-shd/.venv/lib/python3.13/site-packages/sklearn/metrics/_ranking.py:1046: UserWarning: No positive class found in y_true, recall is set to one for all thresholds.
  warnings.warn(
[I 2026-05-22 18:40:12,894] Trial 161 finished with values: [0.6545698924731183, 7.334995238811358] and parameters: {'n_estimators': 339, 'learning_rate': 0.01412166070620751, 'subsample': 0.9601672228653322, 'colsample_bytree': 0.6020246335384875, 'min_child_weight': 4}.
/home/mklemmingen/PycharmProjects/migraine-forecasting-shd/.venv/lib/python3.13/site-packages/sklearn/metrics/_ranking.py:424: UndefinedMetricWarning: Only one class is present in y_true. ROC AUC score is not defined in that case.
  warnings.warn(
/home/mklemmingen/PycharmProjects/migraine-forecasting-shd/.venv/lib/python3.13/site-packages/sklearn/metrics/_ranking.py:1046: UserWarning: No positive class found in y_true, recall is set to one for all thresholds.
  warnings.warn(
[I 2026-05-22 18:40:13,463] Trial 162 finished with values: [0.6803763440860215, 24.3741160906944] and parameters: {'n_estimators': 61, 'learning_rate': 0.07332660227137139, 'subsample': 0.8048372233197124, 'colsample_bytree': 0.6905983100791752, 'min_child_weight': 7}.
/home/mklemmingen/PycharmProjects/migraine-forecasting-shd/.venv/lib/python3.13/site-packages/sklearn/metrics/_ranking.py:424: UndefinedMetricWarning: Only one class is present in y_true. ROC AUC score is not defined in that case.
  warnings.warn(
/home/mklemmingen/PycharmProjects/migraine-forecasting-shd/.venv/lib/python3.13/site-packages/sklearn/metrics/_ranking.py:1046: UserWarning: No positive class found in y_true, recall is set to one for all thresholds.
  warnings.warn(
[I 2026-05-22 18:40:14,254] Trial 163 finished with values: [0.5258064516129032, 2.6494772911080062] and parameters: {'n_estimators': 242, 'learning_rate': 0.16155001304356414, 'subsample': 0.9208787923016158, 'colsample_bytree': 0.9760920965699831, 'min_child_weight': 6}.
/home/mklemmingen/PycharmProjects/migraine-forecasting-shd/.venv/lib/python3.13/site-packages/sklearn/metrics/_ranking.py:424: UndefinedMetricWarning: Only one class is present in y_true. ROC AUC score is not defined in that case.
  warnings.warn(
/home/mklemmingen/PycharmProjects/migraine-forecasting-shd/.venv/lib/python3.13/site-packages/sklearn/metrics/_ranking.py:1046: UserWarning: No positive class found in y_true, recall is set to one for all thresholds.
  warnings.warn(
[I 2026-05-22 18:40:15,137] Trial 164 finished with values: [0.4755376344086022, 1069.5072341624154] and parameters: {'n_estimators': 225, 'learning_rate': 0.2736872535680783, 'subsample': 0.8313120563984696, 'colsample_bytree': 0.9568186220708453, 'min_child_weight': 6}.
/home/mklemmingen/PycharmProjects/migraine-forecasting-shd/.venv/lib/python3.13/site-packages/sklearn/metrics/_ranking.py:424: UndefinedMetricWarning: Only one class is present in y_true. ROC AUC score is not defined in that case.
  warnings.warn(
/home/mklemmingen/PycharmProjects/migraine-forecasting-shd/.venv/lib/python3.13/site-packages/sklearn/metrics/_ranking.py:1046: UserWarning: No positive class found in y_true, recall is set to one for all thresholds.
  warnings.warn(
[I 2026-05-22 18:40:15,818] Trial 165 finished with values: [0.5216397849462364, 3.767101604634786] and parameters: {'n_estimators': 160, 'learning_rate': 0.16155001304356414, 'subsample': 0.7552679704826087, 'colsample_bytree': 0.6027808522124762, 'min_child_weight': 6}.
/home/mklemmingen/PycharmProjects/migraine-forecasting-shd/.venv/lib/python3.13/site-packages/sklearn/metrics/_ranking.py:424: UndefinedMetricWarning: Only one class is present in y_true. ROC AUC score is not defined in that case.
  warnings.warn(
/home/mklemmingen/PycharmProjects/migraine-forecasting-shd/.venv/lib/python3.13/site-packages/sklearn/metrics/_ranking.py:1046: UserWarning: No positive class found in y_true, recall is set to one for all thresholds.
  warnings.warn(
[I 2026-05-22 18:40:16,495] Trial 166 finished with values: [0.21169354838709678, 10.104796926704353] and parameters: {'n_estimators': 159, 'learning_rate': 0.09836162684900028, 'subsample': 0.8573152873769412, 'colsample_bytree': 0.7833011561966067, 'min_child_weight': 4}.
/home/mklemmingen/PycharmProjects/migraine-forecasting-shd/.venv/lib/python3.13/site-packages/sklearn/metrics/_ranking.py:424: UndefinedMetricWarning: Only one class is present in y_true. ROC AUC score is not defined in that case.
  warnings.warn(
/home/mklemmingen/PycharmProjects/migraine-forecasting-shd/.venv/lib/python3.13/site-packages/sklearn/metrics/_ranking.py:1046: UserWarning: No positive class found in y_true, recall is set to one for all thresholds.
  warnings.warn(
[I 2026-05-22 18:40:17,060] Trial 167 finished with values: [0.6212365591397849, 74.77004903133977] and parameters: {'n_estimators': 66, 'learning_rate': 0.04872420129560894, 'subsample': 0.6863284109987373, 'colsample_bytree': 0.6950550175969599, 'min_child_weight': 1}.
/home/mklemmingen/PycharmProjects/migraine-forecasting-shd/.venv/lib/python3.13/site-packages/sklearn/metrics/_ranking.py:424: UndefinedMetricWarning: Only one class is present in y_true. ROC AUC score is not defined in that case.
  warnings.warn(
/home/mklemmingen/PycharmProjects/migraine-forecasting-shd/.venv/lib/python3.13/site-packages/sklearn/metrics/_ranking.py:1046: UserWarning: No positive class found in y_true, recall is set to one for all thresholds.
  warnings.warn(
[I 2026-05-22 18:40:17,901] Trial 168 finished with values: [0.6293010752688172, 19.487970370858665] and parameters: {'n_estimators': 296, 'learning_rate': 0.01412166070620751, 'subsample': 0.8654007076432223, 'colsample_bytree': 0.6254233401144095, 'min_child_weight': 2}.
/home/mklemmingen/PycharmProjects/migraine-forecasting-shd/.venv/lib/python3.13/site-packages/sklearn/metrics/_ranking.py:424: UndefinedMetricWarning: Only one class is present in y_true. ROC AUC score is not defined in that case.
  warnings.warn(
/home/mklemmingen/PycharmProjects/migraine-forecasting-shd/.venv/lib/python3.13/site-packages/sklearn/metrics/_ranking.py:1046: UserWarning: No positive class found in y_true, recall is set to one for all thresholds.
  warnings.warn(
