[I 2026-05-15 17:17:42,623] Trial 290 finished with value: 0.5516321044546851 and parameters: {'n_estimators': 274, 'learning_rate': 0.08177777509881522, 'subsample': 0.9475619937914873, 'colsample_bytree': 0.8282438986555318, 'min_child_weight': 1}. Best is trial 101 with value: 0.5883684337615789.
[I 2026-05-15 17:17:43,434] Trial 291 finished with value: 0.40705070579062513 and parameters: {'n_estimators': 469, 'learning_rate': 0.1043553261250046, 'subsample': 0.8706053543108986, 'colsample_bytree': 0.6862700609590868, 'min_child_weight': 7}. Best is trial 101 with value: 0.5883684337615789.
[I 2026-05-15 17:17:43,965] Trial 292 finished with value: 0.4586744169808686 and parameters: {'n_estimators': 227, 'learning_rate': 0.09161151646334173, 'subsample': 0.6426372121231962, 'colsample_bytree': 0.8631381218412144, 'min_child_weight': 10}. Best is trial 101 with value: 0.5883684337615789.
[I 2026-05-15 17:17:44,350] Trial 293 finished with value: 0.5722225422427035 and parameters: {'n_estimators': 71, 'learning_rate': 0.2775906009459129, 'subsample': 0.7627631842891482, 'colsample_bytree': 0.9483013801349036, 'min_child_weight': 8}. Best is trial 101 with value: 0.5883684337615789.
[I 2026-05-15 17:17:45,029] Trial 294 finished with value: 0.4168593335428012 and parameters: {'n_estimators': 305, 'learning_rate': 0.12324775650896964, 'subsample': 0.9514062245205391, 'colsample_bytree': 0.7616561286604132, 'min_child_weight': 4}. Best is trial 101 with value: 0.5883684337615789.
[I 2026-05-15 17:17:45,646] Trial 295 finished with value: 0.47667007052087695 and parameters: {'n_estimators': 351, 'learning_rate': 0.15605813459825824, 'subsample': 0.9049140539106463, 'colsample_bytree': 0.9191254595434538, 'min_child_weight': 5}. Best is trial 101 with value: 0.5883684337615789.
[I 2026-05-15 17:17:46,459] Trial 296 finished with value: 0.43501531734394633 and parameters: {'n_estimators': 418, 'learning_rate': 0.01505093051273995, 'subsample': 0.8177956391843398, 'colsample_bytree': 0.6023034641992486, 'min_child_weight': 4}. Best is trial 101 with value: 0.5883684337615789.
[I 2026-05-15 17:17:46,985] Trial 297 finished with value: 0.4322172182656054 and parameters: {'n_estimators': 215, 'learning_rate': 0.03847645956359465, 'subsample': 0.8781868826759449, 'colsample_bytree': 0.7554232405081382, 'min_child_weight': 5}. Best is trial 101 with value: 0.5883684337615789.
[I 2026-05-15 17:17:47,556] Trial 298 finished with value: 0.4394541323371969 and parameters: {'n_estimators': 157, 'learning_rate': 0.03559083316675368, 'subsample': 0.6909078509052606, 'colsample_bytree': 0.6292783695073775, 'min_child_weight': 7}. Best is trial 101 with value: 0.5883684337615789.
[I 2026-05-15 17:17:48,220] Trial 299 finished with value: 0.45869824396034076 and parameters: {'n_estimators': 351, 'learning_rate': 0.08223607182620725, 'subsample': 0.785397617520229, 'colsample_bytree': 0.7519143120716919, 'min_child_weight': 9}. Best is trial 101 with value: 0.5883684337615789.
[I 2026-05-15 17:17:48,884] Trial 300 finished with value: 0.4666112594842434 and parameters: {'n_estimators': 284, 'learning_rate': 0.05102813975834138, 'subsample': 0.6102568263225743, 'colsample_bytree': 0.7364991310504625, 'min_child_weight': 4}. Best is trial 101 with value: 0.5883684337615789.
[I 2026-05-15 17:17:49,522] Trial 301 finished with value: 0.48610911825629566 and parameters: {'n_estimators': 229, 'learning_rate': 0.07194240268183227, 'subsample': 0.8134410186907514, 'colsample_bytree': 0.8431620371173778, 'min_child_weight': 8}. Best is trial 101 with value: 0.5883684337615789.
[I 2026-05-15 17:17:50,202] Trial 302 finished with value: 0.47986825338639855 and parameters: {'n_estimators': 416, 'learning_rate': 0.11501509947959764, 'subsample': 0.9822094783819739, 'colsample_bytree': 0.6072930330705446, 'min_child_weight': 2}. Best is trial 101 with value: 0.5883684337615789.
[I 2026-05-15 17:17:50,590] Trial 303 finished with value: 0.3976807461132058 and parameters: {'n_estimators': 53, 'learning_rate': 0.09044793628268057, 'subsample': 0.9592122195799948, 'colsample_bytree': 0.6973929186305197, 'min_child_weight': 10}. Best is trial 101 with value: 0.5883684337615789.
[I 2026-05-15 17:17:51,076] Trial 304 finished with value: 0.5498135153377088 and parameters: {'n_estimators': 77, 'learning_rate': 0.2400354115771027, 'subsample': 0.7406490748958537, 'colsample_bytree': 0.6405683313796866, 'min_child_weight': 5}. Best is trial 101 with value: 0.5883684337615789.
[I 2026-05-15 17:17:51,572] Trial 305 finished with value: 0.45494516012661174 and parameters: {'n_estimators': 165, 'learning_rate': 0.0263506794768714, 'subsample': 0.7229159859705147, 'colsample_bytree': 0.9212103591330654, 'min_child_weight': 6}. Best is trial 101 with value: 0.5883684337615789.
[I 2026-05-15 17:17:52,073] Trial 306 finished with value: 0.4200928350323512 and parameters: {'n_estimators': 190, 'learning_rate': 0.0797144407910146, 'subsample': 0.8864602696892774, 'colsample_bytree': 0.7090496002934135, 'min_child_weight': 5}. Best is trial 101 with value: 0.5883684337615789.
[I 2026-05-15 17:17:52,505] Trial 307 finished with value: 0.3864331971791649 and parameters: {'n_estimators': 104, 'learning_rate': 0.018517380662798396, 'subsample': 0.8724471415859931, 'colsample_bytree': 0.6725753390782507, 'min_child_weight': 6}. Best is trial 101 with value: 0.5883684337615789.
[I 2026-05-15 17:17:53,106] Trial 308 finished with value: 0.4514877461248429 and parameters: {'n_estimators': 369, 'learning_rate': 0.014383685371489131, 'subsample': 0.8269248878515614, 'colsample_bytree': 0.7026251134805455, 'min_child_weight': 10}. Best is trial 101 with value: 0.5883684337615789.
[I 2026-05-15 17:17:53,776] Trial 309 finished with value: 0.4493049009682074 and parameters: {'n_estimators': 268, 'learning_rate': 0.15507747688843285, 'subsample': 0.8200906168625047, 'colsample_bytree': 0.6173650131419276, 'min_child_weight': 7}. Best is trial 101 with value: 0.5883684337615789.
[I 2026-05-15 17:17:54,601] Trial 310 finished with value: 0.5120529168412233 and parameters: {'n_estimators': 479, 'learning_rate': 0.07738443331853193, 'subsample': 0.927675543770716, 'colsample_bytree': 0.9536825853393631, 'min_child_weight': 3}. Best is trial 101 with value: 0.5883684337615789.
[I 2026-05-15 17:17:55,087] Trial 311 finished with value: 0.5064480344923894 and parameters: {'n_estimators': 145, 'learning_rate': 0.0798901073742648, 'subsample': 0.7644113879226819, 'colsample_bytree': 0.9359445211466881, 'min_child_weight': 10}. Best is trial 101 with value: 0.5883684337615789.
[I 2026-05-15 17:17:55,618] Trial 312 finished with value: 0.4467066619536377 and parameters: {'n_estimators': 209, 'learning_rate': 0.022381363321172874, 'subsample': 0.9122102060975448, 'colsample_bytree': 0.7099224142192544, 'min_child_weight': 9}. Best is trial 101 with value: 0.5883684337615789.
[I 2026-05-15 17:17:56,172] Trial 313 finished with value: 0.4791901736256575 and parameters: {'n_estimators': 241, 'learning_rate': 0.09683941223364781, 'subsample': 0.6382141255338672, 'colsample_bytree': 0.8495437298706292, 'min_child_weight': 5}. Best is trial 101 with value: 0.5883684337615789.
[I 2026-05-15 17:17:56,820] Trial 314 finished with value: 0.39497586754643205 and parameters: {'n_estimators': 314, 'learning_rate': 0.01770831983748908, 'subsample': 0.8947494979776729, 'colsample_bytree': 0.9451188310172914, 'min_child_weight': 3}. Best is trial 101 with value: 0.5883684337615789.
[I 2026-05-15 17:17:57,361] Trial 315 finished with value: 0.3491812275985663 and parameters: {'n_estimators': 93, 'learning_rate': 0.01083719924029523, 'subsample': 0.8567886001773064, 'colsample_bytree': 0.8428376144355123, 'min_child_weight': 6}. Best is trial 101 with value: 0.5883684337615789.
[I 2026-05-15 17:17:57,852] Trial 316 finished with value: 0.45856003875157103 and parameters: {'n_estimators': 154, 'learning_rate': 0.03779336441896264, 'subsample': 0.8377905340744692, 'colsample_bytree': 0.7987067435436678, 'min_child_weight': 10}. Best is trial 101 with value: 0.5883684337615789.
[I 2026-05-15 17:17:58,388] Trial 317 finished with value: 0.5881480269282688 and parameters: {'n_estimators': 111, 'learning_rate': 0.10636844146050517, 'subsample': 0.7617275072417169, 'colsample_bytree': 0.7712798459702459, 'min_child_weight': 8}. Best is trial 101 with value: 0.5883684337615789.
[I 2026-05-15 17:17:59,039] Trial 318 finished with value: 0.4729314603407345 and parameters: {'n_estimators': 362, 'learning_rate': 0.29120933806254257, 'subsample': 0.65135771578165, 'colsample_bytree': 0.6416438597536666, 'min_child_weight': 8}. Best is trial 101 with value: 0.5883684337615789.
[I 2026-05-15 17:17:59,632] Trial 319 finished with value: 0.4629731357352325 and parameters: {'n_estimators': 310, 'learning_rate': 0.02540788691400217, 'subsample': 0.6317677475955946, 'colsample_bytree': 0.6342632998385722, 'min_child_weight': 9}. Best is trial 101 with value: 0.5883684337615789.
[I 2026-05-15 17:18:00,119] Trial 320 finished with value: 0.43877967462644873 and parameters: {'n_estimators': 136, 'learning_rate': 0.030037169658485924, 'subsample': 0.6906625608907953, 'colsample_bytree': 0.741998522332775, 'min_child_weight': 1}. Best is trial 101 with value: 0.5883684337615789.
[I 2026-05-15 17:18:00,816] Trial 321 finished with value: 0.42207757296466963 and parameters: {'n_estimators': 284, 'learning_rate': 0.012585542911797537, 'subsample': 0.9201426031289446, 'colsample_bytree': 0.6934848327641732, 'min_child_weight': 6}. Best is trial 101 with value: 0.5883684337615789.
[I 2026-05-15 17:18:01,662] Trial 322 finished with value: 0.5244511212353954 and parameters: {'n_estimators': 446, 'learning_rate': 0.09150077995838635, 'subsample': 0.8131831146205342, 'colsample_bytree': 0.7297335012461502, 'min_child_weight': 4}. Best is trial 101 with value: 0.5883684337615789.
[I 2026-05-15 17:18:02,385] Trial 323 finished with value: 0.5220012771726481 and parameters: {'n_estimators': 351, 'learning_rate': 0.29407924898517374, 'subsample': 0.8647356759397514, 'colsample_bytree': 0.82311336694801, 'min_child_weight': 8}. Best is trial 101 with value: 0.5883684337615789.
[I 2026-05-15 17:18:03,075] Trial 324 finished with value: 0.434504782851557 and parameters: {'n_estimators': 259, 'learning_rate': 0.01226980138039418, 'subsample': 0.8249187263511639, 'colsample_bytree': 0.9830501138021521, 'min_child_weight': 2}. Best is trial 101 with value: 0.5883684337615789.
[I 2026-05-15 17:18:03,837] Trial 325 finished with value: 0.46987023169482856 and parameters: {'n_estimators': 361, 'learning_rate': 0.019806303165826888, 'subsample': 0.8143310737892325, 'colsample_bytree': 0.6386705798586878, 'min_child_weight': 5}. Best is trial 101 with value: 0.5883684337615789.
[I 2026-05-15 17:18:04,592] Trial 326 finished with value: 0.4510300441046409 and parameters: {'n_estimators': 391, 'learning_rate': 0.03261409155209172, 'subsample': 0.8659646897948872, 'colsample_bytree': 0.9181799843158917, 'min_child_weight': 10}. Best is trial 101 with value: 0.5883684337615789.
[I 2026-05-15 17:18:05,211] Trial 327 finished with value: 0.45447713017269464 and parameters: {'n_estimators': 155, 'learning_rate': 0.03889000747205442, 'subsample': 0.660966405332167, 'colsample_bytree': 0.9969934008633501, 'min_child_weight': 10}. Best is trial 101 with value: 0.5883684337615789.
[I 2026-05-15 17:18:05,872] Trial 328 finished with value: 0.5040179007820136 and parameters: {'n_estimators': 293, 'learning_rate': 0.1753013563315513, 'subsample': 0.8083831909088168, 'colsample_bytree': 0.8494342752011039, 'min_child_weight': 1}. Best is trial 101 with value: 0.5883684337615789.
[I 2026-05-15 17:18:06,506] Trial 329 finished with value: 0.43459238118512317 and parameters: {'n_estimators': 390, 'learning_rate': 0.015440035736547127, 'subsample': 0.9304270521010114, 'colsample_bytree': 0.9128112350681543, 'min_child_weight': 8}. Best is trial 101 with value: 0.5883684337615789.
[I 2026-05-15 17:18:07,021] Trial 330 finished with value: 0.41449281117627895 and parameters: {'n_estimators': 66, 'learning_rate': 0.028038665366359614, 'subsample': 0.7052450279643372, 'colsample_bytree': 0.7440545629886076, 'min_child_weight': 1}. Best is trial 101 with value: 0.5883684337615789.
[I 2026-05-15 17:18:07,793] Trial 331 finished with value: 0.44251185530419407 and parameters: {'n_estimators': 472, 'learning_rate': 0.06577079034641956, 'subsample': 0.7222097242632094, 'colsample_bytree': 0.7587926068297134, 'min_child_weight': 5}. Best is trial 101 with value: 0.5883684337615789.
[I 2026-05-15 17:18:08,496] Trial 332 finished with value: 0.4773809669273379 and parameters: {'n_estimators': 320, 'learning_rate': 0.057772484305485476, 'subsample': 0.9677567892857669, 'colsample_bytree': 0.7987853931623321, 'min_child_weight': 10}. Best is trial 101 with value: 0.5883684337615789.
[I 2026-05-15 17:18:09,367] Trial 333 finished with value: 0.4417352383279803 and parameters: {'n_estimators': 433, 'learning_rate': 0.020323350754982393, 'subsample': 0.9722380858575665, 'colsample_bytree': 0.6465465591541905, 'min_child_weight': 9}. Best is trial 101 with value: 0.5883684337615789.
[I 2026-05-15 17:18:09,881] Trial 334 finished with value: 0.4452593475073313 and parameters: {'n_estimators': 221, 'learning_rate': 0.19809546339433803, 'subsample': 0.9472226760429802, 'colsample_bytree': 0.9223701600470484, 'min_child_weight': 8}. Best is trial 101 with value: 0.5883684337615789.
[I 2026-05-15 17:18:10,494] Trial 335 finished with value: 0.3990169261741842 and parameters: {'n_estimators': 187, 'learning_rate': 0.013168235744853684, 'subsample': 0.7611920715060646, 'colsample_bytree': 0.6694098059946034, 'min_child_weight': 7}. Best is trial 101 with value: 0.5883684337615789.
[I 2026-05-15 17:18:11,114] Trial 336 finished with value: 0.5399907775915841 and parameters: {'n_estimators': 206, 'learning_rate': 0.2761179014535634, 'subsample': 0.8563888309381328, 'colsample_bytree': 0.9289922254537444, 'min_child_weight': 2}. Best is trial 101 with value: 0.5883684337615789.
[I 2026-05-15 17:18:11,932] Trial 337 finished with value: 0.5413668074756786 and parameters: {'n_estimators': 438, 'learning_rate': 0.23068760438332875, 'subsample': 0.7948247675275744, 'colsample_bytree': 0.842501175100391, 'min_child_weight': 8}. Best is trial 101 with value: 0.5883684337615789.
[I 2026-05-15 17:18:12,536] Trial 338 finished with value: 0.48461236791881956 and parameters: {'n_estimators': 128, 'learning_rate': 0.055252385524164935, 'subsample': 0.7594652111089253, 'colsample_bytree': 0.6585495968648997, 'min_child_weight': 4}. Best is trial 101 with value: 0.5883684337615789.
[I 2026-05-15 17:18:13,115] Trial 339 finished with value: 0.40067541777219196 and parameters: {'n_estimators': 80, 'learning_rate': 0.01091760346507846, 'subsample': 0.6540665156619291, 'colsample_bytree': 0.9852460446356696, 'min_child_weight': 6}. Best is trial 101 with value: 0.5883684337615789.
[I 2026-05-15 17:18:13,887] Trial 340 finished with value: 0.4800904348787413 and parameters: {'n_estimators': 485, 'learning_rate': 0.04353632923371348, 'subsample': 0.7247264532341038, 'colsample_bytree': 0.8024567451360977, 'min_child_weight': 5}. Best is trial 101 with value: 0.5883684337615789.
[I 2026-05-15 17:18:14,307] Trial 341 finished with value: 0.37840270504585016 and parameters: {'n_estimators': 97, 'learning_rate': 0.08842563149178337, 'subsample': 0.6864152730038399, 'colsample_bytree': 0.8478351819591319, 'min_child_weight': 7}. Best is trial 101 with value: 0.5883684337615789.
[I 2026-05-15 17:18:14,885] Trial 342 finished with value: 0.3830081852511288 and parameters: {'n_estimators': 118, 'learning_rate': 0.012320287379467502, 'subsample': 0.912304634427376, 'colsample_bytree': 0.783920169507728, 'min_child_weight': 1}. Best is trial 101 with value: 0.5883684337615789.
[I 2026-05-15 17:18:15,742] Trial 343 finished with value: 0.44836661546338963 and parameters: {'n_estimators': 498, 'learning_rate': 0.012171634282309616, 'subsample': 0.8780140915434212, 'colsample_bytree': 0.9934715701053655, 'min_child_weight': 3}. Best is trial 101 with value: 0.5883684337615789.
[I 2026-05-15 17:18:16,225] Trial 344 finished with value: 0.42666327735884185 and parameters: {'n_estimators': 114, 'learning_rate': 0.015111245944092168, 'subsample': 0.7213100590270383, 'colsample_bytree': 0.6404183244042586, 'min_child_weight': 7}. Best is trial 101 with value: 0.5883684337615789.
[I 2026-05-15 17:18:16,734] Trial 345 finished with value: 0.4066400322347903 and parameters: {'n_estimators': 78, 'learning_rate': 0.0565559436526224, 'subsample': 0.9986787415411907, 'colsample_bytree': 0.9255881078024075, 'min_child_weight': 7}. Best is trial 101 with value: 0.5883684337615789.
[I 2026-05-15 17:18:17,267] Trial 346 finished with value: 0.4004634769352511 and parameters: {'n_estimators': 188, 'learning_rate': 0.08347757040088627, 'subsample': 0.8108165855646606, 'colsample_bytree': 0.7704333535561486, 'min_child_weight': 2}. Best is trial 101 with value: 0.5883684337615789.
[I 2026-05-15 17:18:17,989] Trial 347 finished with value: 0.4615327526416236 and parameters: {'n_estimators': 449, 'learning_rate': 0.046172826907491506, 'subsample': 0.677849004728306, 'colsample_bytree': 0.7471037403509159, 'min_child_weight': 5}. Best is trial 101 with value: 0.5883684337615789.
[I 2026-05-15 17:18:18,759] Trial 348 finished with value: 0.4765895417306708 and parameters: {'n_estimators': 423, 'learning_rate': 0.12123761779314282, 'subsample': 0.9077219574565359, 'colsample_bytree': 0.6044125057714589, 'min_child_weight': 5}. Best is trial 101 with value: 0.5883684337615789.
[I 2026-05-15 17:18:19,448] Trial 349 finished with value: 0.4231069915747335 and parameters: {'n_estimators': 267, 'learning_rate': 0.010674543712834376, 'subsample': 0.7039252834980136, 'colsample_bytree': 0.904115929248854, 'min_child_weight': 2}. Best is trial 101 with value: 0.5883684337615789.
[I 2026-05-15 17:18:20,141] Trial 350 finished with value: 0.4422116179071824 and parameters: {'n_estimators': 291, 'learning_rate': 0.020791185786432916, 'subsample': 0.6048483098575573, 'colsample_bytree': 0.6964805830398166, 'min_child_weight': 10}. Best is trial 101 with value: 0.5883684337615789.
[I 2026-05-15 17:18:20,883] Trial 351 finished with value: 0.5062229291765583 and parameters: {'n_estimators': 411, 'learning_rate': 0.2614634918292481, 'subsample': 0.795141617570545, 'colsample_bytree': 0.6438944794710014, 'min_child_weight': 6}. Best is trial 101 with value: 0.5883684337615789.
[I 2026-05-15 17:18:21,578] Trial 352 finished with value: 0.49433492470790863 and parameters: {'n_estimators': 254, 'learning_rate': 0.1766923689636204, 'subsample': 0.6392330323136978, 'colsample_bytree': 0.7952964548087113, 'min_child_weight': 2}. Best is trial 101 with value: 0.5883684337615789.
[I 2026-05-15 17:18:22,196] Trial 353 finished with value: 0.49437837476143925 and parameters: {'n_estimators': 196, 'learning_rate': 0.12279079504118676, 'subsample': 0.7904072517475066, 'colsample_bytree': 0.7503553140583077, 'min_child_weight': 4}. Best is trial 101 with value: 0.5883684337615789.
[I 2026-05-15 17:18:22,835] Trial 354 finished with value: 0.45326288518828833 and parameters: {'n_estimators': 257, 'learning_rate': 0.144399145153865, 'subsample': 0.9568338755760938, 'colsample_bytree': 0.9821338746015713, 'min_child_weight': 8}. Best is trial 101 with value: 0.5883684337615789.
[I 2026-05-15 17:18:23,303] Trial 355 finished with value: 0.4606443466927338 and parameters: {'n_estimators': 192, 'learning_rate': 0.10386241115349532, 'subsample': 0.7750412496221568, 'colsample_bytree': 0.7018682488184205, 'min_child_weight': 9}. Best is trial 101 with value: 0.5883684337615789.
[I 2026-05-15 17:18:23,709] Trial 356 finished with value: 0.4719268433179723 and parameters: {'n_estimators': 67, 'learning_rate': 0.21478888586811315, 'subsample': 0.7845909858498936, 'colsample_bytree': 0.8548805907233121, 'min_child_weight': 7}. Best is trial 101 with value: 0.5883684337615789.
[I 2026-05-15 17:18:24,410] Trial 357 finished with value: 0.3852292364893171 and parameters: {'n_estimators': 453, 'learning_rate': 0.08718430698622275, 'subsample': 0.8455734339040247, 'colsample_bytree': 0.6266608162242759, 'min_child_weight': 6}. Best is trial 101 with value: 0.5883684337615789.
[I 2026-05-15 17:18:24,861] Trial 358 finished with value: 0.4920386759298049 and parameters: {'n_estimators': 117, 'learning_rate': 0.12282282825998894, 'subsample': 0.8048887683250698, 'colsample_bytree': 0.8720911116833413, 'min_child_weight': 1}. Best is trial 101 with value: 0.5883684337615789.
[I 2026-05-15 17:18:25,290] Trial 359 finished with value: 0.4798723700134991 and parameters: {'n_estimators': 88, 'learning_rate': 0.11431323145889176, 'subsample': 0.6288337343994693, 'colsample_bytree': 0.6285026911061035, 'min_child_weight': 1}. Best is trial 101 with value: 0.5883684337615789.
[I 2026-05-15 17:18:26,100] Trial 360 finished with value: 0.495306332332542 and parameters: {'n_estimators': 481, 'learning_rate': 0.12285399209683807, 'subsample': 0.7413005634008256, 'colsample_bytree': 0.7186142325150621, 'min_child_weight': 4}. Best is trial 101 with value: 0.5883684337615789.
[I 2026-05-15 17:18:26,810] Trial 361 finished with value: 0.5609309977656751 and parameters: {'n_estimators': 399, 'learning_rate': 0.09482537893094686, 'subsample': 0.6740782271469872, 'colsample_bytree': 0.6696437341336338, 'min_child_weight': 1}. Best is trial 101 with value: 0.5883684337615789.
[I 2026-05-15 17:18:27,603] Trial 362 finished with value: 0.5375959915980077 and parameters: {'n_estimators': 347, 'learning_rate': 0.1346080726275355, 'subsample': 0.7060185713300016, 'colsample_bytree': 0.6083779844123651, 'min_child_weight': 1}. Best is trial 101 with value: 0.5883684337615789.
