[I 2026-05-15 17:19:15,175] Trial 436 finished with value: 0.4269003543499511 and parameters: {'n_estimators': 187, 'learning_rate': 0.020611116973351568, 'subsample': 0.6132757418249705, 'colsample_bytree': 0.7215785604962895, 'min_child_weight': 7}. Best is trial 101 with value: 0.5883684337615789.
[I 2026-05-15 17:19:15,952] Trial 437 finished with value: 0.5289041335009077 and parameters: {'n_estimators': 473, 'learning_rate': 0.19358631724539005, 'subsample': 0.906425910614121, 'colsample_bytree': 0.9153789373013195, 'min_child_weight': 7}. Best is trial 101 with value: 0.5883684337615789.
[I 2026-05-15 17:19:16,439] Trial 438 finished with value: 0.5295048555834846 and parameters: {'n_estimators': 167, 'learning_rate': 0.21879483321711532, 'subsample': 0.8682929247623337, 'colsample_bytree': 0.824176252392176, 'min_child_weight': 2}. Best is trial 101 with value: 0.5883684337615789.
[I 2026-05-15 17:19:17,101] Trial 439 finished with value: 0.3936617179863148 and parameters: {'n_estimators': 251, 'learning_rate': 0.04786355886562226, 'subsample': 0.945825443809068, 'colsample_bytree': 0.8186592880751153, 'min_child_weight': 4}. Best is trial 101 with value: 0.5883684337615789.
[I 2026-05-15 17:19:17,936] Trial 440 finished with value: 0.4715580197132617 and parameters: {'n_estimators': 490, 'learning_rate': 0.01457295895607814, 'subsample': 0.7690193713247778, 'colsample_bytree': 0.6168098700685621, 'min_child_weight': 8}. Best is trial 101 with value: 0.5883684337615789.
[I 2026-05-15 17:19:18,736] Trial 441 finished with value: 0.4391987414467254 and parameters: {'n_estimators': 464, 'learning_rate': 0.025920841209530192, 'subsample': 0.9433366707196483, 'colsample_bytree': 0.7168872921847591, 'min_child_weight': 10}. Best is trial 101 with value: 0.5883684337615789.
[I 2026-05-15 17:19:19,401] Trial 442 finished with value: 0.3998611983894242 and parameters: {'n_estimators': 390, 'learning_rate': 0.15450584307359988, 'subsample': 0.6072026222401817, 'colsample_bytree': 0.9851241428296104, 'min_child_weight': 8}. Best is trial 101 with value: 0.5883684337615789.
[I 2026-05-15 17:19:20,021] Trial 443 finished with value: 0.5444084421402969 and parameters: {'n_estimators': 187, 'learning_rate': 0.16792543733160814, 'subsample': 0.7126084793659719, 'colsample_bytree': 0.9491015358264512, 'min_child_weight': 2}. Best is trial 101 with value: 0.5883684337615789.
[I 2026-05-15 17:19:20,665] Trial 444 finished with value: 0.48401164583624257 and parameters: {'n_estimators': 367, 'learning_rate': 0.06290384785668314, 'subsample': 0.6386137880781763, 'colsample_bytree': 0.6967575313035356, 'min_child_weight': 1}. Best is trial 101 with value: 0.5883684337615789.
[I 2026-05-15 17:19:21,322] Trial 445 finished with value: 0.45265759554066004 and parameters: {'n_estimators': 261, 'learning_rate': 0.027861552979882055, 'subsample': 0.8393429937191035, 'colsample_bytree': 0.7188951230834468, 'min_child_weight': 3}. Best is trial 101 with value: 0.5883684337615789.
[I 2026-05-15 17:19:22,094] Trial 446 finished with value: 0.415426238188335 and parameters: {'n_estimators': 385, 'learning_rate': 0.011779118917765358, 'subsample': 0.9611579980767949, 'colsample_bytree': 0.9409055497564726, 'min_child_weight': 7}. Best is trial 101 with value: 0.5883684337615789.
[I 2026-05-15 17:19:22,808] Trial 447 finished with value: 0.5189377938369873 and parameters: {'n_estimators': 317, 'learning_rate': 0.20798833851902154, 'subsample': 0.6741320718114857, 'colsample_bytree': 0.6315876648763314, 'min_child_weight': 3}. Best is trial 101 with value: 0.5883684337615789.
[I 2026-05-15 17:19:23,612] Trial 448 finished with value: 0.4292014179816599 and parameters: {'n_estimators': 408, 'learning_rate': 0.011251545684671009, 'subsample': 0.8331227340333959, 'colsample_bytree': 0.998175006476524, 'min_child_weight': 9}. Best is trial 101 with value: 0.5883684337615789.
[I 2026-05-15 17:19:24,350] Trial 449 finished with value: 0.42269537250384015 and parameters: {'n_estimators': 285, 'learning_rate': 0.01241667574162566, 'subsample': 0.9325494057542839, 'colsample_bytree': 0.8395914032708842, 'min_child_weight': 2}. Best is trial 101 with value: 0.5883684337615789.
[I 2026-05-15 17:19:24,879] Trial 450 finished with value: 0.4813227464739562 and parameters: {'n_estimators': 92, 'learning_rate': 0.22061198833242798, 'subsample': 0.8676801051752314, 'colsample_bytree': 0.9317147197267022, 'min_child_weight': 9}. Best is trial 101 with value: 0.5883684337615789.
[I 2026-05-15 17:19:25,503] Trial 451 finished with value: 0.48013586324070195 and parameters: {'n_estimators': 307, 'learning_rate': 0.0581207224960615, 'subsample': 0.772170964128396, 'colsample_bytree': 0.7267786351164477, 'min_child_weight': 5}. Best is trial 101 with value: 0.5883684337615789.
[I 2026-05-15 17:19:26,146] Trial 452 finished with value: 0.4570056410883024 and parameters: {'n_estimators': 399, 'learning_rate': 0.07746649269331939, 'subsample': 0.9570093159819384, 'colsample_bytree': 0.7773520057516751, 'min_child_weight': 7}. Best is trial 101 with value: 0.5883684337615789.
[I 2026-05-15 17:19:26,871] Trial 453 finished with value: 0.3981292911837267 and parameters: {'n_estimators': 334, 'learning_rate': 0.0748184065939263, 'subsample': 0.8810535092342064, 'colsample_bytree': 0.6949733873499225, 'min_child_weight': 6}. Best is trial 101 with value: 0.5883684337615789.
[I 2026-05-15 17:19:27,294] Trial 454 finished with value: 0.4310943973141554 and parameters: {'n_estimators': 97, 'learning_rate': 0.036980251015176706, 'subsample': 0.7950668274485058, 'colsample_bytree': 0.860889703818189, 'min_child_weight': 10}. Best is trial 101 with value: 0.5883684337615789.
[I 2026-05-15 17:19:28,043] Trial 455 finished with value: 0.5148567762882279 and parameters: {'n_estimators': 320, 'learning_rate': 0.1254233448202614, 'subsample': 0.8025064237980811, 'colsample_bytree': 0.8536416125505325, 'min_child_weight': 1}. Best is trial 101 with value: 0.5883684337615789.
[I 2026-05-15 17:19:28,552] Trial 456 finished with value: 0.45894305962854354 and parameters: {'n_estimators': 164, 'learning_rate': 0.034237409324173344, 'subsample': 0.7889973420026054, 'colsample_bytree': 0.6182594982009535, 'min_child_weight': 2}. Best is trial 101 with value: 0.5883684337615789.
[I 2026-05-15 17:19:29,193] Trial 457 finished with value: 0.43449832425638873 and parameters: {'n_estimators': 174, 'learning_rate': 0.27231501443854883, 'subsample': 0.7325388028412203, 'colsample_bytree': 0.792816423244833, 'min_child_weight': 2}. Best is trial 101 with value: 0.5883684337615789.
[I 2026-05-15 17:19:29,945] Trial 458 finished with value: 0.49014857678164125 and parameters: {'n_estimators': 325, 'learning_rate': 0.025977846332749535, 'subsample': 0.6827970313753707, 'colsample_bytree': 0.8066290513783916, 'min_child_weight': 1}. Best is trial 101 with value: 0.5883684337615789.
[I 2026-05-15 17:19:30,329] Trial 459 finished with value: 0.3602324512405158 and parameters: {'n_estimators': 53, 'learning_rate': 0.021066442106264575, 'subsample': 0.6146885450003284, 'colsample_bytree': 0.6432103016522766, 'min_child_weight': 4}. Best is trial 101 with value: 0.5883684337615789.
[I 2026-05-15 17:19:30,994] Trial 460 finished with value: 0.5432123946841688 and parameters: {'n_estimators': 411, 'learning_rate': 0.0699818162890777, 'subsample': 0.8050670903825665, 'colsample_bytree': 0.7173955292832487, 'min_child_weight': 10}. Best is trial 101 with value: 0.5883684337615789.
[I 2026-05-15 17:19:31,621] Trial 461 finished with value: 0.4239215891635246 and parameters: {'n_estimators': 229, 'learning_rate': 0.013447655564488178, 'subsample': 0.8468266064471205, 'colsample_bytree': 0.6455353573906405, 'min_child_weight': 4}. Best is trial 101 with value: 0.5883684337615789.
[I 2026-05-15 17:19:32,185] Trial 462 finished with value: 0.5542787174742819 and parameters: {'n_estimators': 278, 'learning_rate': 0.19558370667886593, 'subsample': 0.7974186321360475, 'colsample_bytree': 0.8809035064126657, 'min_child_weight': 10}. Best is trial 101 with value: 0.5883684337615789.
[I 2026-05-15 17:19:32,636] Trial 463 finished with value: 0.41986316215146857 and parameters: {'n_estimators': 109, 'learning_rate': 0.025457266891510556, 'subsample': 0.7578304302390586, 'colsample_bytree': 0.7687312714155325, 'min_child_weight': 5}. Best is trial 101 with value: 0.5883684337615789.
[I 2026-05-15 17:19:33,495] Trial 464 finished with value: 0.4378121363403621 and parameters: {'n_estimators': 459, 'learning_rate': 0.11342604671636315, 'subsample': 0.8431620856362815, 'colsample_bytree': 0.7237490871451129, 'min_child_weight': 9}. Best is trial 101 with value: 0.5883684337615789.
[I 2026-05-15 17:19:34,269] Trial 465 finished with value: 0.5371466392030909 and parameters: {'n_estimators': 480, 'learning_rate': 0.16330874355333033, 'subsample': 0.6006260420765891, 'colsample_bytree': 0.8545605480733628, 'min_child_weight': 1}. Best is trial 101 with value: 0.5883684337615789.
[I 2026-05-15 17:19:34,746] Trial 466 finished with value: 0.4109809645999162 and parameters: {'n_estimators': 166, 'learning_rate': 0.012244052978408184, 'subsample': 0.8415181811797551, 'colsample_bytree': 0.8746359653970427, 'min_child_weight': 2}. Best is trial 101 with value: 0.5883684337615789.
[I 2026-05-15 17:19:35,394] Trial 467 finished with value: 0.4999812788018433 and parameters: {'n_estimators': 223, 'learning_rate': 0.04719724454824646, 'subsample': 0.7476212087043667, 'colsample_bytree': 0.6484100001940772, 'min_child_weight': 5}. Best is trial 101 with value: 0.5883684337615789.
[I 2026-05-15 17:19:36,191] Trial 468 finished with value: 0.45984813573523253 and parameters: {'n_estimators': 388, 'learning_rate': 0.012731715650031412, 'subsample': 0.6320720056327613, 'colsample_bytree': 0.7419085167343937, 'min_child_weight': 10}. Best is trial 101 with value: 0.5883684337615789.
[I 2026-05-15 17:19:36,869] Trial 469 finished with value: 0.4455241208164595 and parameters: {'n_estimators': 351, 'learning_rate': 0.1005721693369172, 'subsample': 0.744767996335146, 'colsample_bytree': 0.8374643164834153, 'min_child_weight': 1}. Best is trial 101 with value: 0.5883684337615789.
[I 2026-05-15 17:19:37,587] Trial 470 finished with value: 0.4296636875669134 and parameters: {'n_estimators': 336, 'learning_rate': 0.22337551249364163, 'subsample': 0.8450293873379277, 'colsample_bytree': 0.9494794373865381, 'min_child_weight': 8}. Best is trial 101 with value: 0.5883684337615789.
[I 2026-05-15 17:19:38,044] Trial 471 finished with value: 0.5326598065912582 and parameters: {'n_estimators': 104, 'learning_rate': 0.215294513028138, 'subsample': 0.62657753774231, 'colsample_bytree': 0.8135869890191055, 'min_child_weight': 2}. Best is trial 101 with value: 0.5883684337615789.
[I 2026-05-15 17:19:38,520] Trial 472 finished with value: 0.39672166655029556 and parameters: {'n_estimators': 55, 'learning_rate': 0.04201416878899634, 'subsample': 0.7180162830616625, 'colsample_bytree': 0.7944001975190412, 'min_child_weight': 6}. Best is trial 101 with value: 0.5883684337615789.
[I 2026-05-15 17:19:38,925] Trial 473 finished with value: 0.37500610948191593 and parameters: {'n_estimators': 69, 'learning_rate': 0.015194652827633496, 'subsample': 0.8234569585801701, 'colsample_bytree': 0.7372669412690633, 'min_child_weight': 8}. Best is trial 101 with value: 0.5883684337615789.
[I 2026-05-15 17:19:39,649] Trial 474 finished with value: 0.3909886596378532 and parameters: {'n_estimators': 344, 'learning_rate': 0.17744353370227875, 'subsample': 0.87699713066769, 'colsample_bytree': 0.7719724309560593, 'min_child_weight': 7}. Best is trial 101 with value: 0.5883684337615789.
[I 2026-05-15 17:19:40,262] Trial 475 finished with value: 0.409921260415212 and parameters: {'n_estimators': 174, 'learning_rate': 0.028344067896520723, 'subsample': 0.9155940639683173, 'colsample_bytree': 0.7785678065606328, 'min_child_weight': 8}. Best is trial 101 with value: 0.5883684337615789.
[I 2026-05-15 17:19:41,011] Trial 476 finished with value: 0.5363578032630453 and parameters: {'n_estimators': 420, 'learning_rate': 0.18480918686773107, 'subsample': 0.966654094336483, 'colsample_bytree': 0.7723940882053185, 'min_child_weight': 4}. Best is trial 101 with value: 0.5883684337615789.
[I 2026-05-15 17:19:41,719] Trial 477 finished with value: 0.45701596902201747 and parameters: {'n_estimators': 312, 'learning_rate': 0.03534001063181978, 'subsample': 0.8404296667200932, 'colsample_bytree': 0.8822343450575298, 'min_child_weight': 7}. Best is trial 101 with value: 0.5883684337615789.
[I 2026-05-15 17:19:42,386] Trial 478 finished with value: 0.43299412616952937 and parameters: {'n_estimators': 218, 'learning_rate': 0.017638950866389155, 'subsample': 0.772211735384883, 'colsample_bytree': 0.6570376576327634, 'min_child_weight': 9}. Best is trial 101 with value: 0.5883684337615789.
[I 2026-05-15 17:19:43,047] Trial 479 finished with value: 0.4280476568682213 and parameters: {'n_estimators': 205, 'learning_rate': 0.016910473789524524, 'subsample': 0.6101791039623004, 'colsample_bytree': 0.8583289545145937, 'min_child_weight': 7}. Best is trial 101 with value: 0.5883684337615789.
[I 2026-05-15 17:19:43,589] Trial 480 finished with value: 0.4104101935251128 and parameters: {'n_estimators': 203, 'learning_rate': 0.01276224728057398, 'subsample': 0.7638515579580928, 'colsample_bytree': 0.7244869980253574, 'min_child_weight': 7}. Best is trial 101 with value: 0.5883684337615789.
[I 2026-05-15 17:19:44,323] Trial 481 finished with value: 0.4403920832751478 and parameters: {'n_estimators': 323, 'learning_rate': 0.034558043364063346, 'subsample': 0.687157021701996, 'colsample_bytree': 0.9952143864622367, 'min_child_weight': 5}. Best is trial 101 with value: 0.5883684337615789.
[I 2026-05-15 17:19:45,061] Trial 482 finished with value: 0.45839224619466556 and parameters: {'n_estimators': 360, 'learning_rate': 0.016129235233041137, 'subsample': 0.7942358798637591, 'colsample_bytree': 0.6110146879477861, 'min_child_weight': 6}. Best is trial 101 with value: 0.5883684337615789.
[I 2026-05-15 17:19:45,885] Trial 483 finished with value: 0.4752957134711167 and parameters: {'n_estimators': 484, 'learning_rate': 0.036941957297335196, 'subsample': 0.6155984050299647, 'colsample_bytree': 0.6123823163677374, 'min_child_weight': 4}. Best is trial 101 with value: 0.5883684337615789.
[I 2026-05-15 17:19:46,446] Trial 484 finished with value: 0.38970508658008657 and parameters: {'n_estimators': 122, 'learning_rate': 0.010826644528932216, 'subsample': 0.9024854455800707, 'colsample_bytree': 0.7834092035527562, 'min_child_weight': 3}. Best is trial 101 with value: 0.5883684337615789.
[I 2026-05-15 17:19:47,218] Trial 485 finished with value: 0.44222869536377607 and parameters: {'n_estimators': 455, 'learning_rate': 0.01484401302025239, 'subsample': 0.9823675315821276, 'colsample_bytree': 0.7255866869509411, 'min_child_weight': 9}. Best is trial 101 with value: 0.5883684337615789.
[I 2026-05-15 17:19:47,791] Trial 486 finished with value: 0.5741795838570032 and parameters: {'n_estimators': 321, 'learning_rate': 0.1663975825517907, 'subsample': 0.9936052652841857, 'colsample_bytree': 0.7153621751274983, 'min_child_weight': 10}. Best is trial 101 with value: 0.5883684337615789.
[I 2026-05-15 17:19:48,464] Trial 487 finished with value: 0.4293908119210538 and parameters: {'n_estimators': 225, 'learning_rate': 0.03710631511959666, 'subsample': 0.7361548417018022, 'colsample_bytree': 0.816563042939034, 'min_child_weight': 2}. Best is trial 101 with value: 0.5883684337615789.
[I 2026-05-15 17:19:49,033] Trial 488 finished with value: 0.4685309459805428 and parameters: {'n_estimators': 299, 'learning_rate': 0.06311952067227176, 'subsample': 0.904760725041948, 'colsample_bytree': 0.9334599847750342, 'min_child_weight': 5}. Best is trial 101 with value: 0.5883684337615789.
[I 2026-05-15 17:19:49,659] Trial 489 finished with value: 0.43713698040310944 and parameters: {'n_estimators': 186, 'learning_rate': 0.024158451240371123, 'subsample': 0.6778495346819488, 'colsample_bytree': 0.62305903287961, 'min_child_weight': 4}. Best is trial 101 with value: 0.5883684337615789.
[I 2026-05-15 17:19:50,164] Trial 490 finished with value: 0.5053378107107946 and parameters: {'n_estimators': 171, 'learning_rate': 0.26761821003465075, 'subsample': 0.8230835305000176, 'colsample_bytree': 0.7389108156122031, 'min_child_weight': 6}. Best is trial 101 with value: 0.5883684337615789.
[I 2026-05-15 17:19:50,713] Trial 491 finished with value: 0.37072417725643536 and parameters: {'n_estimators': 112, 'learning_rate': 0.04528000435725376, 'subsample': 0.8504937285684255, 'colsample_bytree': 0.7955591327169805, 'min_child_weight': 5}. Best is trial 101 with value: 0.5883684337615789.
[I 2026-05-15 17:19:51,566] Trial 492 finished with value: 0.5115311089000605 and parameters: {'n_estimators': 498, 'learning_rate': 0.19967865653201164, 'subsample': 0.849362383263776, 'colsample_bytree': 0.8277509444729131, 'min_child_weight': 7}. Best is trial 101 with value: 0.5883684337615789.
[I 2026-05-15 17:19:52,033] Trial 493 finished with value: 0.4262255329795653 and parameters: {'n_estimators': 140, 'learning_rate': 0.038341258077311625, 'subsample': 0.6157838131563597, 'colsample_bytree': 0.7902184149947307, 'min_child_weight': 6}. Best is trial 101 with value: 0.5883684337615789.
[I 2026-05-15 17:19:52,513] Trial 494 finished with value: 0.44928012847367677 and parameters: {'n_estimators': 152, 'learning_rate': 0.2654529159286528, 'subsample': 0.9637818443748968, 'colsample_bytree': 0.8888572941823623, 'min_child_weight': 6}. Best is trial 101 with value: 0.5883684337615789.
[I 2026-05-15 17:19:53,295] Trial 495 finished with value: 0.433556503979891 and parameters: {'n_estimators': 442, 'learning_rate': 0.015595142736302707, 'subsample': 0.916203917709954, 'colsample_bytree': 0.6499283255867393, 'min_child_weight': 8}. Best is trial 101 with value: 0.5883684337615789.
[I 2026-05-15 17:19:53,795] Trial 496 finished with value: 0.48317067565051436 and parameters: {'n_estimators': 174, 'learning_rate': 0.1975009275199412, 'subsample': 0.9776168375301592, 'colsample_bytree': 0.6595183877620462, 'min_child_weight': 5}. Best is trial 101 with value: 0.5883684337615789.
[I 2026-05-15 17:19:54,539] Trial 497 finished with value: 0.41168701706000094 and parameters: {'n_estimators': 492, 'learning_rate': 0.05176680938836045, 'subsample': 0.9454190090058181, 'colsample_bytree': 0.835492608852528, 'min_child_weight': 4}. Best is trial 101 with value: 0.5883684337615789.
[I 2026-05-15 17:19:55,159] Trial 498 finished with value: 0.4398957460550202 and parameters: {'n_estimators': 178, 'learning_rate': 0.01996113111347245, 'subsample': 0.9047192765510789, 'colsample_bytree': 0.7546162027292111, 'min_child_weight': 6}. Best is trial 101 with value: 0.5883684337615789.
[I 2026-05-15 17:19:55,818] Trial 499 finished with value: 0.5049747765675185 and parameters: {'n_estimators': 272, 'learning_rate': 0.07123790253213053, 'subsample': 0.9462308582498209, 'colsample_bytree': 0.9922957374333717, 'min_child_weight': 5}. Best is trial 101 with value: 0.5883684337615789.
Building variant 'HP020'...
Saved /home/mklemmingen/PycharmProjects/migraine-forecasting-shd/experiment/0/headache/full_features/stacked_2xgb_meta_lr/80_20/stratified/HyperparameterTuned/single_AUROC/HP020/model.joblib

# End capture ------------------------------------------
# Finished: 2026-05-15T17:19:56
