# Training-script output capture
# Generated: 2026-05-15T17:14:29
# UUID:      06b68ec3-a963-42fe-a1f8-a42c01ac0d51
# Label:     training
# Leaf:      /home/mklemmingen/PycharmProjects/migraine-forecasting-shd/experiment/0/headache/full_features/stacked_2xgb_meta_lr/80_20/stratified/HyperparameterTuned/single_AUROC/HP020
# Captures stdout/stderr written during the wrapped block
# (library messages, warnings, progress bars, etc.).
# Begin capture ----------------------------------------
Loading train and chronologically subsplitting...
train_sub: (3432, 52), cal_sub: (180, 52)
Running single_AUROC search (500 trials)...
[I 2026-05-15 17:14:29,436] A new study created in memory with name: no-name-c042fc34-9ba9-4957-8a5e-762553e0aa81
[I 2026-05-15 17:14:31,120] Trial 0 finished with value: 0.5736697184983475 and parameters: {'n_estimators': 218, 'learning_rate': 0.2536999076681772, 'subsample': 0.892797576724562, 'colsample_bytree': 0.8394633936788146, 'min_child_weight': 2}. Best is trial 0 with value: 0.5736697184983475.
[I 2026-05-15 17:14:32,600] Trial 1 finished with value: 0.3576967180445003 and parameters: {'n_estimators': 120, 'learning_rate': 0.012184186502221764, 'subsample': 0.9464704583099741, 'colsample_bytree': 0.8404460046972835, 'min_child_weight': 8}. Best is trial 0 with value: 0.5736697184983475.
[I 2026-05-15 17:14:34,023] Trial 2 finished with value: 0.42371898710608386 and parameters: {'n_estimators': 59, 'learning_rate': 0.2708160864249968, 'subsample': 0.9329770563201687, 'colsample_bytree': 0.6849356442713105, 'min_child_weight': 2}. Best is trial 0 with value: 0.5736697184983475.
[I 2026-05-15 17:14:35,691] Trial 3 finished with value: 0.4151735456523763 and parameters: {'n_estimators': 132, 'learning_rate': 0.028145092716060652, 'subsample': 0.8099025726528951, 'colsample_bytree': 0.7727780074568463, 'min_child_weight': 3}. Best is trial 0 with value: 0.5736697184983475.
[I 2026-05-15 17:14:37,343] Trial 4 finished with value: 0.4567231357352325 and parameters: {'n_estimators': 325, 'learning_rate': 0.01607123851203988, 'subsample': 0.7168578594140873, 'colsample_bytree': 0.7465447373174767, 'min_child_weight': 5}. Best is trial 0 with value: 0.5736697184983475.
[I 2026-05-15 17:14:38,979] Trial 5 finished with value: 0.4615839413722478 and parameters: {'n_estimators': 404, 'learning_rate': 0.019721610970574007, 'subsample': 0.8056937753654446, 'colsample_bytree': 0.836965827544817, 'min_child_weight': 1}. Best is trial 0 with value: 0.5736697184983475.
[I 2026-05-15 17:14:40,556] Trial 6 finished with value: 0.4598304036912907 and parameters: {'n_estimators': 324, 'learning_rate': 0.0178601378893971, 'subsample': 0.6260206371941118, 'colsample_bytree': 0.9795542149013333, 'min_child_weight': 10}. Best is trial 0 with value: 0.5736697184983475.
[I 2026-05-15 17:14:42,178] Trial 7 finished with value: 0.48052781559838015 and parameters: {'n_estimators': 414, 'learning_rate': 0.028180680291847244, 'subsample': 0.6390688456025535, 'colsample_bytree': 0.8736932106048627, 'min_child_weight': 5}. Best is trial 0 with value: 0.5736697184983475.
[I 2026-05-15 17:14:42,711] Trial 8 finished with value: 0.4624600119862217 and parameters: {'n_estimators': 105, 'learning_rate': 0.05388108577817234, 'subsample': 0.6137554084460873, 'colsample_bytree': 0.9637281608315128, 'min_child_weight': 3}. Best is trial 0 with value: 0.5736697184983475.
[I 2026-05-15 17:14:43,440] Trial 9 finished with value: 0.4759469260578132 and parameters: {'n_estimators': 348, 'learning_rate': 0.028869220380495747, 'subsample': 0.8080272084711243, 'colsample_bytree': 0.8186841117373118, 'min_child_weight': 2}. Best is trial 0 with value: 0.5736697184983475.
[I 2026-05-15 17:14:44,278] Trial 10 finished with value: 0.504715821812596 and parameters: {'n_estimators': 487, 'learning_rate': 0.13962563737015762, 'subsample': 0.9757995766256756, 'colsample_bytree': 0.9579309401710595, 'min_child_weight': 6}. Best is trial 0 with value: 0.5736697184983475.
[I 2026-05-15 17:14:45,000] Trial 11 finished with value: 0.4753062886933854 and parameters: {'n_estimators': 465, 'learning_rate': 0.01351182947645082, 'subsample': 0.6783931449676581, 'colsample_bytree': 0.6180909155642152, 'min_child_weight': 4}. Best is trial 0 with value: 0.5736697184983475.
[I 2026-05-15 17:14:45,663] Trial 12 finished with value: 0.4255037558767397 and parameters: {'n_estimators': 225, 'learning_rate': 0.02516607127550297, 'subsample': 0.9314950036607718, 'colsample_bytree': 0.7427013306774357, 'min_child_weight': 3}. Best is trial 0 with value: 0.5736697184983475.
[I 2026-05-15 17:14:46,332] Trial 13 finished with value: 0.42505761823302146 and parameters: {'n_estimators': 294, 'learning_rate': 0.016149614799999188, 'subsample': 0.9208787923016158, 'colsample_bytree': 0.6298202574719083, 'min_child_weight': 10}. Best is trial 0 with value: 0.5736697184983475.
[I 2026-05-15 17:14:47,113] Trial 14 finished with value: 0.4507916870316063 and parameters: {'n_estimators': 398, 'learning_rate': 0.019657448966046126, 'subsample': 0.602208846849441, 'colsample_bytree': 0.9261845713819337, 'min_child_weight': 8}. Best is trial 0 with value: 0.5736697184983475.
[I 2026-05-15 17:14:47,875] Trial 15 finished with value: 0.45311727586929207 and parameters: {'n_estimators': 378, 'learning_rate': 0.13780336485751998, 'subsample': 0.6296178606936361, 'colsample_bytree': 0.7433862914177091, 'min_child_weight': 2}. Best is trial 0 with value: 0.5736697184983475.
[I 2026-05-15 17:14:48,563] Trial 16 finished with value: 0.3893820113578178 and parameters: {'n_estimators': 439, 'learning_rate': 0.08330803890301997, 'subsample': 0.7323592099410596, 'colsample_bytree': 0.6254233401144095, 'min_child_weight': 4}. Best is trial 0 with value: 0.5736697184983475.
[I 2026-05-15 17:14:49,077] Trial 17 finished with value: 0.4508332460550203 and parameters: {'n_estimators': 196, 'learning_rate': 0.1195960383019184, 'subsample': 0.8550229885420852, 'colsample_bytree': 0.9548850970305306, 'min_child_weight': 5}. Best is trial 0 with value: 0.5736697184983475.
[I 2026-05-15 17:14:49,620] Trial 18 finished with value: 0.4696357439603407 and parameters: {'n_estimators': 103, 'learning_rate': 0.1131225105716033, 'subsample': 0.9043140194467589, 'colsample_bytree': 0.8245108790277985, 'min_child_weight': 8}. Best is trial 0 with value: 0.5736697184983475.
[I 2026-05-15 17:14:50,287] Trial 19 finished with value: 0.4959238409440022 and parameters: {'n_estimators': 272, 'learning_rate': 0.05917520523090666, 'subsample': 0.7710164073434198, 'colsample_bytree': 0.610167650697638, 'min_child_weight': 2}. Best is trial 0 with value: 0.5736697184983475.
[I 2026-05-15 17:14:50,801] Trial 20 finished with value: 0.44066860279057857 and parameters: {'n_estimators': 64, 'learning_rate': 0.08710745900492396, 'subsample': 0.7257423924305306, 'colsample_bytree': 0.8034282764658811, 'min_child_weight': 10}. Best is trial 0 with value: 0.5736697184983475.
[I 2026-05-15 17:14:51,404] Trial 21 finished with value: 0.4761492371875436 and parameters: {'n_estimators': 162, 'learning_rate': 0.040381768820718394, 'subsample': 0.9022204554172195, 'colsample_bytree': 0.6915192661966489, 'min_child_weight': 1}. Best is trial 0 with value: 0.5736697184983475.
[I 2026-05-15 17:14:52,032] Trial 22 finished with value: 0.38437501454638545 and parameters: {'n_estimators': 180, 'learning_rate': 0.017303875834205888, 'subsample': 0.9718790609370292, 'colsample_bytree': 0.9232481518257668, 'min_child_weight': 7}. Best is trial 0 with value: 0.5736697184983475.
[I 2026-05-15 17:14:52,869] Trial 23 finished with value: 0.4596768084066471 and parameters: {'n_estimators': 443, 'learning_rate': 0.1538583627271404, 'subsample': 0.6746280235544143, 'colsample_bytree': 0.9570235993959911, 'min_child_weight': 6}. Best is trial 0 with value: 0.5736697184983475.
[I 2026-05-15 17:14:53,667] Trial 24 finished with value: 0.5152568309826374 and parameters: {'n_estimators': 414, 'learning_rate': 0.21068591627429098, 'subsample': 0.7272013899887455, 'colsample_bytree': 0.6440207698110707, 'min_child_weight': 3}. Best is trial 0 with value: 0.5736697184983475.
[I 2026-05-15 17:14:54,309] Trial 25 finished with value: 0.4596343038681748 and parameters: {'n_estimators': 242, 'learning_rate': 0.16155001304356414, 'subsample': 0.9442922333025374, 'colsample_bytree': 0.6027808522124762, 'min_child_weight': 6}. Best is trial 0 with value: 0.5736697184983475.
[I 2026-05-15 17:14:54,938] Trial 26 finished with value: 0.4418943466927338 and parameters: {'n_estimators': 238, 'learning_rate': 0.0212853192163843, 'subsample': 0.6479461469334731, 'colsample_bytree': 0.7350460685614512, 'min_child_weight': 10}. Best is trial 0 with value: 0.5736697184983475.
[I 2026-05-15 17:14:55,440] Trial 27 finished with value: 0.46117520248568644 and parameters: {'n_estimators': 195, 'learning_rate': 0.05838706626832953, 'subsample': 0.881207583558071, 'colsample_bytree': 0.7454518409517176, 'min_child_weight': 10}. Best is trial 0 with value: 0.5736697184983475.
[I 2026-05-15 17:14:56,299] Trial 28 finished with value: 0.4421404424428618 and parameters: {'n_estimators': 484, 'learning_rate': 0.023545774516299134, 'subsample': 0.7988994023569542, 'colsample_bytree': 0.7203513239267079, 'min_child_weight': 3}. Best is trial 0 with value: 0.5736697184983475.
[I 2026-05-15 17:14:56,804] Trial 29 finished with value: 0.4590129259181679 and parameters: {'n_estimators': 66, 'learning_rate': 0.07950609693143304, 'subsample': 0.8010716092915446, 'colsample_bytree': 0.6205915004999957, 'min_child_weight': 3}. Best is trial 0 with value: 0.5736697184983475.
[I 2026-05-15 17:14:57,561] Trial 30 finished with value: 0.4942283142484755 and parameters: {'n_estimators': 459, 'learning_rate': 0.022587177280197233, 'subsample': 0.6579579488364892, 'colsample_bytree': 0.7957811041110252, 'min_child_weight': 10}. Best is trial 0 with value: 0.5736697184983475.
[I 2026-05-15 17:14:58,156] Trial 31 finished with value: 0.46526292591816787 and parameters: {'n_estimators': 159, 'learning_rate': 0.09836162684900028, 'subsample': 0.9046478461314871, 'colsample_bytree': 0.6950550175969599, 'min_child_weight': 8}. Best is trial 0 with value: 0.5736697184983475.
[I 2026-05-15 17:14:58,831] Trial 32 finished with value: 0.47405271028254903 and parameters: {'n_estimators': 215, 'learning_rate': 0.08589984533104164, 'subsample': 0.8534118843043579, 'colsample_bytree': 0.8143098736299034, 'min_child_weight': 1}. Best is trial 0 with value: 0.5736697184983475.
[I 2026-05-15 17:14:59,687] Trial 33 finished with value: 0.45044705406600566 and parameters: {'n_estimators': 426, 'learning_rate': 0.029773579612263783, 'subsample': 0.6746074041599417, 'colsample_bytree': 0.6163100566219055, 'min_child_weight': 6}. Best is trial 0 with value: 0.5736697184983475.
[I 2026-05-15 17:15:00,455] Trial 34 finished with value: 0.44284262556439974 and parameters: {'n_estimators': 355, 'learning_rate': 0.01058040360169664, 'subsample': 0.8048372233197124, 'colsample_bytree': 0.6905983100791752, 'min_child_weight': 7}. Best is trial 0 with value: 0.5736697184983475.
[I 2026-05-15 17:15:01,057] Trial 35 finished with value: 0.5052466194200065 and parameters: {'n_estimators': 128, 'learning_rate': 0.10485733570643786, 'subsample': 0.7546941385202149, 'colsample_bytree': 0.9746919954946938, 'min_child_weight': 2}. Best is trial 0 with value: 0.5736697184983475.
[I 2026-05-15 17:15:01,673] Trial 36 finished with value: 0.43152379206814684 and parameters: {'n_estimators': 203, 'learning_rate': 0.01471005003927122, 'subsample': 0.9698774473114251, 'colsample_bytree': 0.9509357413523924, 'min_child_weight': 3}. Best is trial 0 with value: 0.5736697184983475.
[I 2026-05-15 17:15:02,459] Trial 37 finished with value: 0.5250789577805708 and parameters: {'n_estimators': 347, 'learning_rate': 0.16111511355977057, 'subsample': 0.822080324639785, 'colsample_bytree': 0.8118602313424026, 'min_child_weight': 3}. Best is trial 0 with value: 0.5736697184983475.
[I 2026-05-15 17:15:02,887] Trial 38 finished with value: 0.4508683464832658 and parameters: {'n_estimators': 91, 'learning_rate': 0.21149322814164553, 'subsample': 0.9601672228653322, 'colsample_bytree': 0.8532405829093072, 'min_child_weight': 4}. Best is trial 0 with value: 0.5736697184983475.
[I 2026-05-15 17:15:03,517] Trial 39 finished with value: 0.5570742563887725 and parameters: {'n_estimators': 207, 'learning_rate': 0.11812030596598909, 'subsample': 0.9588441039810308, 'colsample_bytree': 0.954834569706047, 'min_child_weight': 8}. Best is trial 0 with value: 0.5736697184983475.
[I 2026-05-15 17:15:04,276] Trial 40 finished with value: 0.44183316459526134 and parameters: {'n_estimators': 339, 'learning_rate': 0.013313275850595153, 'subsample': 0.6646514856378455, 'colsample_bytree': 0.9594216754108317, 'min_child_weight': 7}. Best is trial 0 with value: 0.5736697184983475.
[I 2026-05-15 17:15:04,796] Trial 41 finished with value: 0.3801400380533445 and parameters: {'n_estimators': 54, 'learning_rate': 0.01412166070620751, 'subsample': 0.8654007076432223, 'colsample_bytree': 0.6020246335384875, 'min_child_weight': 2}. Best is trial 0 with value: 0.5736697184983475.
[I 2026-05-15 17:15:05,519] Trial 42 finished with value: 0.4537106229344133 and parameters: {'n_estimators': 297, 'learning_rate': 0.10519936117151477, 'subsample': 0.8607845038010402, 'colsample_bytree': 0.689707723784224, 'min_child_weight': 8}. Best is trial 0 with value: 0.5736697184983475.
[I 2026-05-15 17:15:06,096] Trial 43 finished with value: 0.4327973281199088 and parameters: {'n_estimators': 156, 'learning_rate': 0.030245085073501415, 'subsample': 0.8985965620472096, 'colsample_bytree': 0.8598531596188859, 'min_child_weight': 9}. Best is trial 0 with value: 0.5736697184983475.
[I 2026-05-15 17:15:06,721] Trial 44 finished with value: 0.5167916346646185 and parameters: {'n_estimators': 346, 'learning_rate': 0.06909724267901692, 'subsample': 0.637469907131237, 'colsample_bytree': 0.7470863212237734, 'min_child_weight': 3}. Best is trial 0 with value: 0.5736697184983475.
[I 2026-05-15 17:15:07,272] Trial 45 finished with value: 0.5044050382860867 and parameters: {'n_estimators': 160, 'learning_rate': 0.2736872535680783, 'subsample': 0.7572390898667042, 'colsample_bytree': 0.9568186220708453, 'min_child_weight': 7}. Best is trial 0 with value: 0.5736697184983475.
[I 2026-05-15 17:15:08,032] Trial 46 finished with value: 0.510506534236373 and parameters: {'n_estimators': 408, 'learning_rate': 0.05526573288655769, 'subsample': 0.8307615538505436, 'colsample_bytree': 0.7970070775275455, 'min_child_weight': 2}. Best is trial 0 with value: 0.5736697184983475.
[I 2026-05-15 17:15:08,826] Trial 47 finished with value: 0.4637944828469022 and parameters: {'n_estimators': 375, 'learning_rate': 0.025985724173338116, 'subsample': 0.6097263865725815, 'colsample_bytree': 0.858188918362867, 'min_child_weight': 2}. Best is trial 0 with value: 0.5736697184983475.
[I 2026-05-15 17:15:09,598] Trial 48 finished with value: 0.5692592107713075 and parameters: {'n_estimators': 474, 'learning_rate': 0.25648866468880704, 'subsample': 0.9659457560881795, 'colsample_bytree': 0.7480634801021777, 'min_child_weight': 1}. Best is trial 0 with value: 0.5736697184983475.
[I 2026-05-15 17:15:10,295] Trial 49 finished with value: 0.4378359633198342 and parameters: {'n_estimators': 468, 'learning_rate': 0.042902233912047165, 'subsample': 0.9866619276174678, 'colsample_bytree': 0.9854479908357011, 'min_child_weight': 9}. Best is trial 0 with value: 0.5736697184983475.
[I 2026-05-15 17:15:10,908] Trial 50 finished with value: 0.4400699972070939 and parameters: {'n_estimators': 182, 'learning_rate': 0.03705408044695723, 'subsample': 0.9404546686067428, 'colsample_bytree': 0.726768802062511, 'min_child_weight': 2}. Best is trial 0 with value: 0.5736697184983475.
[I 2026-05-15 17:15:11,571] Trial 51 finished with value: 0.5327889639482382 and parameters: {'n_estimators': 301, 'learning_rate': 0.24144271975982237, 'subsample': 0.8784119186699892, 'colsample_bytree': 0.828024468035746, 'min_child_weight': 1}. Best is trial 0 with value: 0.5736697184983475.
[I 2026-05-15 17:15:12,183] Trial 52 finished with value: 0.4482703329376717 and parameters: {'n_estimators': 327, 'learning_rate': 0.290021093247953, 'subsample': 0.6560336060946096, 'colsample_bytree': 0.8073318609454947, 'min_child_weight': 9}. Best is trial 0 with value: 0.5736697184983475.
[I 2026-05-15 17:15:12,916] Trial 53 finished with value: 0.5314735052134245 and parameters: {'n_estimators': 384, 'learning_rate': 0.10704755834674413, 'subsample': 0.8809936335948436, 'colsample_bytree': 0.743796460487902, 'min_child_weight': 3}. Best is trial 0 with value: 0.5736697184983475.
[I 2026-05-15 17:15:13,700] Trial 54 finished with value: 0.4730744804031094 and parameters: {'n_estimators': 415, 'learning_rate': 0.1572663162015696, 'subsample': 0.9468289274320415, 'colsample_bytree': 0.9652962210225885, 'min_child_weight': 6}. Best is trial 0 with value: 0.5736697184983475.
[I 2026-05-15 17:15:14,413] Trial 55 finished with value: 0.46939385211562634 and parameters: {'n_estimators': 276, 'learning_rate': 0.15107019033830843, 'subsample': 0.8599855723111061, 'colsample_bytree': 0.8807867509030813, 'min_child_weight': 8}. Best is trial 0 with value: 0.5736697184983475.
[I 2026-05-15 17:15:15,269] Trial 56 finished with value: 0.4899733801145091 and parameters: {'n_estimators': 451, 'learning_rate': 0.03156892767756196, 'subsample': 0.7502331810559776, 'colsample_bytree': 0.6375927759363476, 'min_child_weight': 6}. Best is trial 0 with value: 0.5736697184983475.
[I 2026-05-15 17:15:15,669] Trial 57 finished with value: 0.418741286715077 and parameters: {'n_estimators': 66, 'learning_rate': 0.04872420129560894, 'subsample': 0.8170578538830306, 'colsample_bytree': 0.7146165008513138, 'min_child_weight': 6}. Best is trial 0 with value: 0.5736697184983475.
[I 2026-05-15 17:15:16,182] Trial 58 finished with value: 0.3521471192338127 and parameters: {'n_estimators': 63, 'learning_rate': 0.011354494477798304, 'subsample': 0.9290402242638633, 'colsample_bytree': 0.7440762565645052, 'min_child_weight': 2}. Best is trial 0 with value: 0.5736697184983475.
[I 2026-05-15 17:15:16,889] Trial 59 finished with value: 0.5725311001722292 and parameters: {'n_estimators': 285, 'learning_rate': 0.13720623374101712, 'subsample': 0.6863284109987373, 'colsample_bytree': 0.8491561903276001, 'min_child_weight': 1}. Best is trial 0 with value: 0.5736697184983475.
[I 2026-05-15 17:15:17,318] Trial 60 finished with value: 0.40687258530000464 and parameters: {'n_estimators': 73, 'learning_rate': 0.060936179246384004, 'subsample': 0.8162540486440426, 'colsample_bytree': 0.8549719605992826, 'min_child_weight': 8}. Best is trial 0 with value: 0.5736697184983475.
[I 2026-05-15 17:15:18,178] Trial 61 finished with value: 0.4068816331517944 and parameters: {'n_estimators': 490, 'learning_rate': 0.057894621409801394, 'subsample': 0.7291825891764984, 'colsample_bytree': 0.9180744779074814, 'min_child_weight': 3}. Best is trial 0 with value: 0.5736697184983475.
[I 2026-05-15 17:15:18,768] Trial 62 finished with value: 0.43136464006423686 and parameters: {'n_estimators': 247, 'learning_rate': 0.013058388599138515, 'subsample': 0.610140297366183, 'colsample_bytree': 0.98505936587117, 'min_child_weight': 9}. Best is trial 0 with value: 0.5736697184983475.
[I 2026-05-15 17:15:19,535] Trial 63 finished with value: 0.482770286389238 and parameters: {'n_estimators': 363, 'learning_rate': 0.04018584329485903, 'subsample': 0.6693177280283383, 'colsample_bytree': 0.6625748170684344, 'min_child_weight': 3}. Best is trial 0 with value: 0.5736697184983475.
[I 2026-05-15 17:15:20,143] Trial 64 finished with value: 0.4485737414467253 and parameters: {'n_estimators': 297, 'learning_rate': 0.11364355894710455, 'subsample': 0.8640789506870925, 'colsample_bytree': 0.7119735587783771, 'min_child_weight': 10}. Best is trial 0 with value: 0.5736697184983475.
[I 2026-05-15 17:15:20,802] Trial 65 finished with value: 0.4943552169157008 and parameters: {'n_estimators': 382, 'learning_rate': 0.06589434624667669, 'subsample': 0.8446882984937409, 'colsample_bytree': 0.7678400249711159, 'min_child_weight': 3}. Best is trial 0 with value: 0.5736697184983475.
[I 2026-05-15 17:15:21,405] Trial 66 finished with value: 0.38764690394730716 and parameters: {'n_estimators': 210, 'learning_rate': 0.1316529507921963, 'subsample': 0.6057573954519023, 'colsample_bytree': 0.6464290562027665, 'min_child_weight': 1}. Best is trial 0 with value: 0.5736697184983475.
[I 2026-05-15 17:15:21,916] Trial 67 finished with value: 0.40399375378206026 and parameters: {'n_estimators': 68, 'learning_rate': 0.183492792986878, 'subsample': 0.8814631437520095, 'colsample_bytree': 0.78966953163493, 'min_child_weight': 1}. Best is trial 0 with value: 0.5736697184983475.
[I 2026-05-15 17:15:22,603] Trial 68 finished with value: 0.4885613042871107 and parameters: {'n_estimators': 271, 'learning_rate': 0.050046673502396374, 'subsample': 0.669280747964006, 'colsample_bytree': 0.7735406596951893, 'min_child_weight': 4}. Best is trial 0 with value: 0.5736697184983475.
[I 2026-05-15 17:15:23,199] Trial 69 finished with value: 0.49725633349625287 and parameters: {'n_estimators': 327, 'learning_rate': 0.08671821512512803, 'subsample': 0.6181216039088178, 'colsample_bytree': 0.7498450458505885, 'min_child_weight': 7}. Best is trial 0 with value: 0.5736697184983475.
[I 2026-05-15 17:15:23,809] Trial 70 finished with value: 0.5099218713634036 and parameters: {'n_estimators': 276, 'learning_rate': 0.18413627311856376, 'subsample': 0.8634774526475779, 'colsample_bytree': 0.6651737708325719, 'min_child_weight': 1}. Best is trial 0 with value: 0.5736697184983475.
