# Training-script output capture
# Generated: 2026-05-22T18:13:27
# UUID:      2eed52f5-1e48-41a7-a168-91eb8192e41c
# Label:     training
# Leaf:      /home/mklemmingen/PycharmProjects/migraine-forecasting-shd/experiment/0/migraine/full_features/stacked_2xgb_meta_lr/70_15_15/patient/HyperparameterTuned/pareto_AUPRC_slope/auprc_max
# Captures stdout/stderr written during the wrapped block
# (library messages, warnings, progress bars, etc.).
# Begin capture ----------------------------------------
Loading datasets...
Running pareto_AUPRC_slope search (500 trials, seed=42)...
[I 2026-05-22 18:13:27,895] A new study created in memory with name: no-name-0daf6c36-85e4-4d78-ac1a-66a6dc833064
[I 2026-05-22 18:13:29,495] Trial 0 finished with values: [0.14481608005415136, 2.5400231656407706] and parameters: {'n_estimators': 218, 'learning_rate': 0.2536999076681772, 'subsample': 0.892797576724562, 'colsample_bytree': 0.8394633936788146, 'min_child_weight': 2}.
[I 2026-05-22 18:13:30,841] Trial 1 finished with values: [0.12856049886446794, 0.7729154528323927] and parameters: {'n_estimators': 120, 'learning_rate': 0.012184186502221764, 'subsample': 0.9464704583099741, 'colsample_bytree': 0.8404460046972835, 'min_child_weight': 8}.
[I 2026-05-22 18:13:32,124] Trial 2 finished with values: [0.11873969942931169, 2.4663586439686194] and parameters: {'n_estimators': 59, 'learning_rate': 0.2708160864249968, 'subsample': 0.9329770563201687, 'colsample_bytree': 0.6849356442713105, 'min_child_weight': 2}.
[I 2026-05-22 18:13:33,450] Trial 3 finished with values: [0.12231141522068016, 0.8493217322817385] and parameters: {'n_estimators': 132, 'learning_rate': 0.028145092716060652, 'subsample': 0.8099025726528951, 'colsample_bytree': 0.7727780074568463, 'min_child_weight': 3}.
[I 2026-05-22 18:13:34,919] Trial 4 finished with values: [0.12202283968011125, 0.9497035018219073] and parameters: {'n_estimators': 325, 'learning_rate': 0.01607123851203988, 'subsample': 0.7168578594140873, 'colsample_bytree': 0.7465447373174767, 'min_child_weight': 5}.
[I 2026-05-22 18:13:36,362] Trial 5 finished with values: [0.12336140089199979, 0.8352462942884292] and parameters: {'n_estimators': 404, 'learning_rate': 0.019721610970574007, 'subsample': 0.8056937753654446, 'colsample_bytree': 0.836965827544817, 'min_child_weight': 1}.
[I 2026-05-22 18:13:37,735] Trial 6 finished with values: [0.11956733386400169, 1.1977213507584852] and parameters: {'n_estimators': 324, 'learning_rate': 0.0178601378893971, 'subsample': 0.6260206371941118, 'colsample_bytree': 0.9795542149013333, 'min_child_weight': 10}.
[I 2026-05-22 18:13:39,370] Trial 7 finished with values: [0.12279574459769296, 1.2842863268899896] and parameters: {'n_estimators': 414, 'learning_rate': 0.028180680291847244, 'subsample': 0.6390688456025535, 'colsample_bytree': 0.8736932106048627, 'min_child_weight': 5}.
[I 2026-05-22 18:13:39,850] Trial 8 finished with values: [0.12139671998199768, 0.9723117242711753] and parameters: {'n_estimators': 105, 'learning_rate': 0.05388108577817234, 'subsample': 0.6137554084460873, 'colsample_bytree': 0.9637281608315128, 'min_child_weight': 3}.
[I 2026-05-22 18:13:40,642] Trial 9 finished with values: [0.12038922450241067, 1.202186399676652] and parameters: {'n_estimators': 348, 'learning_rate': 0.028869220380495747, 'subsample': 0.8080272084711243, 'colsample_bytree': 0.8186841117373118, 'min_child_weight': 2}.
[I 2026-05-22 18:13:41,553] Trial 10 finished with values: [0.14563391782615348, 2.0603903845475324] and parameters: {'n_estimators': 487, 'learning_rate': 0.13962563737015762, 'subsample': 0.9757995766256756, 'colsample_bytree': 0.9579309401710595, 'min_child_weight': 6}.
[I 2026-05-22 18:13:42,272] Trial 11 finished with values: [0.12231579132371209, 1.0245056287840397] and parameters: {'n_estimators': 465, 'learning_rate': 0.01351182947645082, 'subsample': 0.6783931449676581, 'colsample_bytree': 0.6180909155642152, 'min_child_weight': 4}.
[I 2026-05-22 18:13:42,867] Trial 12 finished with values: [0.12329671162823239, 1.0401277585939055] and parameters: {'n_estimators': 225, 'learning_rate': 0.02516607127550297, 'subsample': 0.9314950036607718, 'colsample_bytree': 0.7427013306774357, 'min_child_weight': 3}.
[I 2026-05-22 18:13:43,561] Trial 13 finished with values: [0.12092749858614182, 0.8448527088087247] and parameters: {'n_estimators': 294, 'learning_rate': 0.016149614799999188, 'subsample': 0.9208787923016158, 'colsample_bytree': 0.6298202574719083, 'min_child_weight': 10}.
[I 2026-05-22 18:13:44,422] Trial 14 finished with values: [0.12234846350052886, 1.232863111952875] and parameters: {'n_estimators': 398, 'learning_rate': 0.019657448966046126, 'subsample': 0.602208846849441, 'colsample_bytree': 0.9261845713819337, 'min_child_weight': 8}.
[I 2026-05-22 18:13:45,091] Trial 15 finished with values: [0.12892542758866501, 1.588378649761527] and parameters: {'n_estimators': 378, 'learning_rate': 0.13780336485751998, 'subsample': 0.6296178606936361, 'colsample_bytree': 0.7433862914177091, 'min_child_weight': 2}.
[I 2026-05-22 18:13:45,776] Trial 16 finished with values: [0.12811141100296325, 2.2082741704352555] and parameters: {'n_estimators': 439, 'learning_rate': 0.08330803890301997, 'subsample': 0.7323592099410596, 'colsample_bytree': 0.6254233401144095, 'min_child_weight': 4}.
[I 2026-05-22 18:13:46,402] Trial 17 finished with values: [0.11957652670946788, 1.5358059827366486] and parameters: {'n_estimators': 196, 'learning_rate': 0.1195960383019184, 'subsample': 0.8550229885420852, 'colsample_bytree': 0.9548850970305306, 'min_child_weight': 5}.
[I 2026-05-22 18:13:46,818] Trial 18 finished with values: [0.12405399329448652, 0.982329269137783] and parameters: {'n_estimators': 103, 'learning_rate': 0.1131225105716033, 'subsample': 0.9043140194467589, 'colsample_bytree': 0.8245108790277985, 'min_child_weight': 8}.
[I 2026-05-22 18:13:47,452] Trial 19 finished with values: [0.12438976995086429, 1.1868106066360773] and parameters: {'n_estimators': 272, 'learning_rate': 0.05917520523090666, 'subsample': 0.7710164073434198, 'colsample_bytree': 0.610167650697638, 'min_child_weight': 2}.
[I 2026-05-22 18:13:47,952] Trial 20 finished with values: [0.1168330936878385, 1.0754271249722693] and parameters: {'n_estimators': 64, 'learning_rate': 0.08710745900492396, 'subsample': 0.7257423924305306, 'colsample_bytree': 0.8034282764658811, 'min_child_weight': 10}.
[I 2026-05-22 18:13:48,522] Trial 21 finished with values: [0.1240192590292375, 0.9049507071872828] and parameters: {'n_estimators': 162, 'learning_rate': 0.040381768820718394, 'subsample': 0.9022204554172195, 'colsample_bytree': 0.6915192661966489, 'min_child_weight': 1}.
[I 2026-05-22 18:13:49,000] Trial 22 finished with values: [0.12353379503831745, 0.7551493982709856] and parameters: {'n_estimators': 180, 'learning_rate': 0.017303875834205888, 'subsample': 0.9718790609370292, 'colsample_bytree': 0.9232481518257668, 'min_child_weight': 7}.
[I 2026-05-22 18:13:49,778] Trial 23 finished with values: [0.1403429052843836, 1.222074095303863] and parameters: {'n_estimators': 443, 'learning_rate': 0.1538583627271404, 'subsample': 0.6746280235544143, 'colsample_bytree': 0.9570235993959911, 'min_child_weight': 6}.
[I 2026-05-22 18:13:50,532] Trial 24 finished with values: [0.12949752196854553, 3.5278082304796343] and parameters: {'n_estimators': 414, 'learning_rate': 0.21068591627429098, 'subsample': 0.7272013899887455, 'colsample_bytree': 0.6440207698110707, 'min_child_weight': 3}.
[I 2026-05-22 18:13:51,073] Trial 25 finished with values: [0.1287911064703422, 1.9120660401973981] and parameters: {'n_estimators': 242, 'learning_rate': 0.16155001304356414, 'subsample': 0.9442922333025374, 'colsample_bytree': 0.6027808522124762, 'min_child_weight': 6}.
[I 2026-05-22 18:13:51,606] Trial 26 finished with values: [0.12171307346413832, 0.9552841889354875] and parameters: {'n_estimators': 238, 'learning_rate': 0.0212853192163843, 'subsample': 0.6479461469334731, 'colsample_bytree': 0.7350460685614512, 'min_child_weight': 10}.
[I 2026-05-22 18:13:52,123] Trial 27 finished with values: [0.11900479079566766, 1.1532525025223217] and parameters: {'n_estimators': 195, 'learning_rate': 0.05838706626832953, 'subsample': 0.881207583558071, 'colsample_bytree': 0.7454518409517176, 'min_child_weight': 10}.
[I 2026-05-22 18:13:52,851] Trial 28 finished with values: [0.12142927086585076, 1.063119620273841] and parameters: {'n_estimators': 484, 'learning_rate': 0.023545774516299134, 'subsample': 0.7988994023569542, 'colsample_bytree': 0.7203513239267079, 'min_child_weight': 3}.
[I 2026-05-22 18:13:53,255] Trial 29 finished with values: [0.1187932790299276, 1.1390488283273594] and parameters: {'n_estimators': 66, 'learning_rate': 0.07950609693143304, 'subsample': 0.8010716092915446, 'colsample_bytree': 0.6205915004999957, 'min_child_weight': 3}.
[I 2026-05-22 18:13:54,099] Trial 30 finished with values: [0.12056862775427142, 1.6197546009270987] and parameters: {'n_estimators': 459, 'learning_rate': 0.022587177280197233, 'subsample': 0.6579579488364892, 'colsample_bytree': 0.7957811041110252, 'min_child_weight': 10}.
[I 2026-05-22 18:13:54,717] Trial 31 finished with values: [0.1242939656491878, 1.1382249815631735] and parameters: {'n_estimators': 159, 'learning_rate': 0.09836162684900028, 'subsample': 0.9046478461314871, 'colsample_bytree': 0.6950550175969599, 'min_child_weight': 8}.
[I 2026-05-22 18:13:55,238] Trial 32 finished with values: [0.12114653125273993, 1.4982961337973615] and parameters: {'n_estimators': 215, 'learning_rate': 0.08589984533104164, 'subsample': 0.8534118843043579, 'colsample_bytree': 0.8143098736299034, 'min_child_weight': 1}.
[I 2026-05-22 18:13:56,078] Trial 33 finished with values: [0.12102893956285272, 1.7756076450597178] and parameters: {'n_estimators': 426, 'learning_rate': 0.029773579612263783, 'subsample': 0.6746074041599417, 'colsample_bytree': 0.6163100566219055, 'min_child_weight': 6}.
[I 2026-05-22 18:13:56,714] Trial 34 finished with values: [0.12335478224794805, 0.8529078258873108] and parameters: {'n_estimators': 355, 'learning_rate': 0.01058040360169664, 'subsample': 0.8048372233197124, 'colsample_bytree': 0.6905983100791752, 'min_child_weight': 7}.
[I 2026-05-22 18:13:57,279] Trial 35 finished with values: [0.12553894386533926, 1.1961141365968657] and parameters: {'n_estimators': 128, 'learning_rate': 0.10485733570643786, 'subsample': 0.7546941385202149, 'colsample_bytree': 0.9746919954946938, 'min_child_weight': 2}.
[I 2026-05-22 18:13:57,899] Trial 36 finished with values: [0.11971244608804403, 0.8318116535267436] and parameters: {'n_estimators': 203, 'learning_rate': 0.01471005003927122, 'subsample': 0.9698774473114251, 'colsample_bytree': 0.9509357413523924, 'min_child_weight': 3}.
[I 2026-05-22 18:13:58,623] Trial 37 finished with values: [0.12994001730132104, 2.621472362261681] and parameters: {'n_estimators': 347, 'learning_rate': 0.16111511355977057, 'subsample': 0.822080324639785, 'colsample_bytree': 0.8118602313424026, 'min_child_weight': 3}.
[I 2026-05-22 18:13:59,126] Trial 38 finished with values: [0.125989036028738, 0.8842558156172844] and parameters: {'n_estimators': 91, 'learning_rate': 0.21149322814164553, 'subsample': 0.9601672228653322, 'colsample_bytree': 0.8532405829093072, 'min_child_weight': 4}.
[I 2026-05-22 18:13:59,609] Trial 39 finished with values: [0.12928385983522844, 1.7569667488837113] and parameters: {'n_estimators': 207, 'learning_rate': 0.11812030596598909, 'subsample': 0.9588441039810308, 'colsample_bytree': 0.954834569706047, 'min_child_weight': 8}.
[I 2026-05-22 18:14:00,331] Trial 40 finished with values: [0.11906694408186232, 1.0076187169520043] and parameters: {'n_estimators': 339, 'learning_rate': 0.013313275850595153, 'subsample': 0.6646514856378455, 'colsample_bytree': 0.9594216754108317, 'min_child_weight': 7}.
/home/mklemmingen/PycharmProjects/migraine-forecasting-shd/.venv/lib/python3.13/site-packages/sklearn/linear_model/_sag.py:348: ConvergenceWarning: The max_iter was reached which means the coef_ did not converge
  warnings.warn(
[I 2026-05-22 18:14:00,874] Trial 41 finished with values: [0.1258415947483958, 0.9359953183305876] and parameters: {'n_estimators': 54, 'learning_rate': 0.01412166070620751, 'subsample': 0.8654007076432223, 'colsample_bytree': 0.6020246335384875, 'min_child_weight': 2}.
[I 2026-05-22 18:14:01,575] Trial 42 finished with values: [0.12150179686302458, 1.0017212015634978] and parameters: {'n_estimators': 297, 'learning_rate': 0.10519936117151477, 'subsample': 0.8607845038010402, 'colsample_bytree': 0.689707723784224, 'min_child_weight': 8}.
[I 2026-05-22 18:14:02,039] Trial 43 finished with values: [0.12478064887132445, 0.7921554336345091] and parameters: {'n_estimators': 156, 'learning_rate': 0.030245085073501415, 'subsample': 0.8985965620472096, 'colsample_bytree': 0.8598531596188859, 'min_child_weight': 9}.
[I 2026-05-22 18:14:02,729] Trial 44 finished with values: [0.1255699917115662, 2.2703836738554015] and parameters: {'n_estimators': 346, 'learning_rate': 0.06909724267901692, 'subsample': 0.637469907131237, 'colsample_bytree': 0.7470863212237734, 'min_child_weight': 3}.
[I 2026-05-22 18:14:03,223] Trial 45 finished with values: [0.1319443780075784, 5.398173594097511] and parameters: {'n_estimators': 160, 'learning_rate': 0.2736872535680783, 'subsample': 0.7572390898667042, 'colsample_bytree': 0.9568186220708453, 'min_child_weight': 7}.
[I 2026-05-22 18:14:03,904] Trial 46 finished with values: [0.12504174930501033, 1.8937721874854219] and parameters: {'n_estimators': 408, 'learning_rate': 0.05526573288655769, 'subsample': 0.8307615538505436, 'colsample_bytree': 0.7970070775275455, 'min_child_weight': 2}.
[I 2026-05-22 18:14:04,660] Trial 47 finished with values: [0.11976790772367356, 1.4969642655980344] and parameters: {'n_estimators': 375, 'learning_rate': 0.025985724173338116, 'subsample': 0.6097263865725815, 'colsample_bytree': 0.858188918362867, 'min_child_weight': 2}.
[I 2026-05-22 18:14:05,395] Trial 48 finished with values: [0.12928810918202857, 3.254880223360691] and parameters: {'n_estimators': 474, 'learning_rate': 0.25648866468880704, 'subsample': 0.9659457560881795, 'colsample_bytree': 0.7480634801021777, 'min_child_weight': 1}.
[I 2026-05-22 18:14:06,204] Trial 49 finished with values: [0.12161106520148061, 1.094224188445215] and parameters: {'n_estimators': 468, 'learning_rate': 0.042902233912047165, 'subsample': 0.9866619276174678, 'colsample_bytree': 0.9854479908357011, 'min_child_weight': 9}.
/home/mklemmingen/PycharmProjects/migraine-forecasting-shd/.venv/lib/python3.13/site-packages/sklearn/linear_model/_sag.py:348: ConvergenceWarning: The max_iter was reached which means the coef_ did not converge
  warnings.warn(
[I 2026-05-22 18:14:06,739] Trial 50 finished with values: [0.1304374819096986, 0.7962798101453632] and parameters: {'n_estimators': 54, 'learning_rate': 0.01412166070620751, 'subsample': 0.9588441039810308, 'colsample_bytree': 0.954834569706047, 'min_child_weight': 3}.
[I 2026-05-22 18:14:07,350] Trial 51 finished with values: [0.12161958146113687, 1.6238048495376223] and parameters: {'n_estimators': 215, 'learning_rate': 0.08589984533104164, 'subsample': 0.8534118843043579, 'colsample_bytree': 0.8143098736299034, 'min_child_weight': 4}.
[I 2026-05-22 18:14:08,143] Trial 52 finished with values: [0.12643879197227134, 3.4415426925566934] and parameters: {'n_estimators': 433, 'learning_rate': 0.2708160864249968, 'subsample': 0.9329770563201687, 'colsample_bytree': 0.6849356442713105, 'min_child_weight': 2}.
[I 2026-05-22 18:14:08,713] Trial 53 finished with values: [0.12176781733439217, 0.8328130421218697] and parameters: {'n_estimators': 120, 'learning_rate': 0.029385442161128397, 'subsample': 0.9442922333025374, 'colsample_bytree': 0.6027808522124762, 'min_child_weight': 8}.
[I 2026-05-22 18:14:09,380] Trial 54 finished with values: [0.12030147178627706, 0.9070741318725162] and parameters: {'n_estimators': 242, 'learning_rate': 0.017797595772834223, 'subsample': 0.7988994023569542, 'colsample_bytree': 0.82272050498334, 'min_child_weight': 6}.
[I 2026-05-22 18:14:10,061] Trial 55 finished with values: [0.13210273758688226, 4.009233464404924] and parameters: {'n_estimators': 414, 'learning_rate': 0.24144271975982237, 'subsample': 0.7272013899887455, 'colsample_bytree': 0.6440207698110707, 'min_child_weight': 7}.
[I 2026-05-22 18:14:10,589] Trial 56 finished with values: [0.12185816824423931, 0.80337375714986] and parameters: {'n_estimators': 91, 'learning_rate': 0.01412166070620751, 'subsample': 0.9601672228653322, 'colsample_bytree': 0.6020246335384875, 'min_child_weight': 4}.
[I 2026-05-22 18:14:11,207] Trial 57 finished with values: [0.12422646988916337, 1.4653262180887456] and parameters: {'n_estimators': 325, 'learning_rate': 0.06951034928701941, 'subsample': 0.9208787923016158, 'colsample_bytree': 0.6388705975083074, 'min_child_weight': 7}.
[I 2026-05-22 18:14:11,818] Trial 58 finished with values: [0.11958450474561347, 2.1370930131696113] and parameters: {'n_estimators': 203, 'learning_rate': 0.11812030596598909, 'subsample': 0.9698774473114251, 'colsample_bytree': 0.9960215400417053, 'min_child_weight': 3}.
[I 2026-05-22 18:14:12,576] Trial 59 finished with values: [0.1202162275193513, 0.8513708829558194] and parameters: {'n_estimators': 487, 'learning_rate': 0.01610352961694889, 'subsample': 0.8073318609454947, 'colsample_bytree': 0.8598531596188859, 'min_child_weight': 9}.
[I 2026-05-22 18:14:13,284] Trial 60 finished with values: [0.1253442480490451, 2.227285411921824] and parameters: {'n_estimators': 346, 'learning_rate': 0.08589984533104164, 'subsample': 0.8534118843043579, 'colsample_bytree': 0.9509492287711822, 'min_child_weight': 1}.
[I 2026-05-22 18:14:13,843] Trial 61 finished with values: [0.11733295036849592, 2.572515472440256] and parameters: {'n_estimators': 120, 'learning_rate': 0.25648866468880704, 'subsample': 0.8963074471016818, 'colsample_bytree': 0.7480634801021777, 'min_child_weight': 1}.
[I 2026-05-22 18:14:14,565] Trial 62 finished with values: [0.1277434261734269, 0.955471480293119] and parameters: {'n_estimators': 347, 'learning_rate': 0.10704755834674413, 'subsample': 0.7168578594140873, 'colsample_bytree': 0.7465447373174767, 'min_child_weight': 8}.
[I 2026-05-22 18:14:15,065] Trial 63 finished with values: [0.11940085575291307, 1.6581978861009112] and parameters: {'n_estimators': 215, 'learning_rate': 0.08589984533104164, 'subsample': 0.8534118843043579, 'colsample_bytree': 0.8245108790277985, 'min_child_weight': 8}.
[I 2026-05-22 18:14:15,813] Trial 64 finished with values: [0.1309171598459588, 2.068263437025054] and parameters: {'n_estimators': 468, 'learning_rate': 0.13780336485751998, 'subsample': 0.9866619276174678, 'colsample_bytree': 0.7433862914177091, 'min_child_weight': 9}.
[I 2026-05-22 18:14:16,620] Trial 65 finished with values: [0.1296008647994092, 1.1807976832751597] and parameters: {'n_estimators': 487, 'learning_rate': 0.028180680291847244, 'subsample': 0.6390688456025535, 'colsample_bytree': 0.8736932106048627, 'min_child_weight': 5}.
[I 2026-05-22 18:14:17,204] Trial 66 finished with values: [0.12553894386533926, 1.1961141365968657] and parameters: {'n_estimators': 128, 'learning_rate': 0.10485733570643786, 'subsample': 0.7546941385202149, 'colsample_bytree': 0.9746919954946938, 'min_child_weight': 2}.
[I 2026-05-22 18:14:17,881] Trial 67 finished with values: [0.12114177682719005, 1.0352896006980696] and parameters: {'n_estimators': 465, 'learning_rate': 0.01351182947645082, 'subsample': 0.6783931449676581, 'colsample_bytree': 0.6180909155642152, 'min_child_weight': 1}.
[I 2026-05-22 18:14:18,461] Trial 68 finished with values: [0.12510620161333136, 1.006193867758307] and parameters: {'n_estimators': 272, 'learning_rate': 0.05917520523090666, 'subsample': 0.7168578594140873, 'colsample_bytree': 0.610167650697638, 'min_child_weight': 5}.
[I 2026-05-22 18:14:19,094] Trial 69 finished with values: [0.12159244451846563, 0.8291074270957817] and parameters: {'n_estimators': 355, 'learning_rate': 0.01058040360169664, 'subsample': 0.8048372233197124, 'colsample_bytree': 0.6905983100791752, 'min_child_weight': 4}.
[I 2026-05-22 18:14:19,599] Trial 70 finished with values: [0.11887601063262995, 1.6147593763251429] and parameters: {'n_estimators': 54, 'learning_rate': 0.16155001304356414, 'subsample': 0.8654007076432223, 'colsample_bytree': 0.6027808522124762, 'min_child_weight': 6}.
[I 2026-05-22 18:14:20,185] Trial 71 finished with values: [0.11971239876683423, 1.1971976616457183] and parameters: {'n_estimators': 272, 'learning_rate': 0.028180680291847244, 'subsample': 0.7710164073434198, 'colsample_bytree': 0.7174367377057973, 'min_child_weight': 9}.
[I 2026-05-22 18:14:20,829] Trial 72 finished with values: [0.12326849512281537, 0.8022421017677169] and parameters: {'n_estimators': 415, 'learning_rate': 0.019721610970574007, 'subsample': 0.9659457560881795, 'colsample_bytree': 0.7480634801021777, 'min_child_weight': 1}.
[I 2026-05-22 18:14:21,634] Trial 73 finished with values: [0.12920515297573829, 1.9418988201935412] and parameters: {'n_estimators': 378, 'learning_rate': 0.10519936117151477, 'subsample': 0.6296178606936361, 'colsample_bytree': 0.9468289274320415, 'min_child_weight': 2}.
[I 2026-05-22 18:14:22,407] Trial 74 finished with values: [0.12258976124098327, 1.4889119779380184] and parameters: {'n_estimators': 408, 'learning_rate': 0.09836162684900028, 'subsample': 0.9046478461314871, 'colsample_bytree': 0.6950550175969599, 'min_child_weight': 8}.
[I 2026-05-22 18:14:23,004] Trial 75 finished with values: [0.12217344483600132, 0.8157231211682061] and parameters: {'n_estimators': 294, 'learning_rate': 0.040381768820718394, 'subsample': 0.9022204554172195, 'colsample_bytree': 0.9652962210225885, 'min_child_weight': 1}.
