[I 2026-05-22 18:18:02,695] Trial 442 finished with values: [0.12361491676121072, 1.483597455304638] and parameters: {'n_estimators': 408, 'learning_rate': 0.13962563737015762, 'subsample': 0.892797576724562, 'colsample_bytree': 0.8404460046972835, 'min_child_weight': 1}.
[I 2026-05-22 18:18:03,236] Trial 443 finished with values: [0.12301470642613577, 1.4614901636944395] and parameters: {'n_estimators': 100, 'learning_rate': 0.1538583627271404, 'subsample': 0.7572390898667042, 'colsample_bytree': 0.6512183355831089, 'min_child_weight': 6}.
[I 2026-05-22 18:18:03,767] Trial 444 finished with values: [0.12511555239478891, 0.8830621869546416] and parameters: {'n_estimators': 104, 'learning_rate': 0.01412166070620751, 'subsample': 0.956210912295958, 'colsample_bytree': 0.8404460046972835, 'min_child_weight': 1}.
[I 2026-05-22 18:18:04,161] Trial 445 finished with values: [0.12489863719505165, 0.8621983765210436] and parameters: {'n_estimators': 54, 'learning_rate': 0.07530226332540962, 'subsample': 0.9757995766256756, 'colsample_bytree': 0.9799199653167696, 'min_child_weight': 1}.
[I 2026-05-22 18:18:04,972] Trial 446 finished with values: [0.1241179813473483, 1.6423123938188549] and parameters: {'n_estimators': 443, 'learning_rate': 0.1007201745492095, 'subsample': 0.8985965620472096, 'colsample_bytree': 0.8404460046972835, 'min_child_weight': 1}.
[I 2026-05-22 18:18:05,496] Trial 447 finished with values: [0.12454557758673553, 0.6929672811159556] and parameters: {'n_estimators': 54, 'learning_rate': 0.035714399098231424, 'subsample': 0.9022204554172195, 'colsample_bytree': 0.9156684954429353, 'min_child_weight': 2}.
[I 2026-05-22 18:18:06,055] Trial 448 finished with values: [0.1202906049711073, 1.2837597335394597] and parameters: {'n_estimators': 103, 'learning_rate': 0.05448281849002502, 'subsample': 0.6347681152349695, 'colsample_bytree': 0.8404460046972835, 'min_child_weight': 5}.
[I 2026-05-22 18:18:06,470] Trial 449 finished with values: [0.11940972011643916, 1.2506163546299323] and parameters: {'n_estimators': 60, 'learning_rate': 0.27082027345327275, 'subsample': 0.8217416210045603, 'colsample_bytree': 0.8148426167274191, 'min_child_weight': 4}.
[I 2026-05-22 18:18:07,016] Trial 450 finished with values: [0.1274617195540276, 0.8478071707334591] and parameters: {'n_estimators': 120, 'learning_rate': 0.08055428067442477, 'subsample': 0.9464704583099741, 'colsample_bytree': 0.6282274989601719, 'min_child_weight': 4}.
[I 2026-05-22 18:18:07,731] Trial 451 finished with values: [0.11979348508112746, 0.9781838970939571] and parameters: {'n_estimators': 443, 'learning_rate': 0.030245085073501415, 'subsample': 0.8985965620472096, 'colsample_bytree': 0.9570235993959911, 'min_child_weight': 6}.
/home/mklemmingen/PycharmProjects/migraine-forecasting-shd/.venv/lib/python3.13/site-packages/sklearn/linear_model/_sag.py:348: ConvergenceWarning: The max_iter was reached which means the coef_ did not converge
  warnings.warn(
[I 2026-05-22 18:18:08,289] Trial 452 finished with values: [0.1360732916303032, 0.742592686155018] and parameters: {'n_estimators': 60, 'learning_rate': 0.01412166070620751, 'subsample': 0.8985965620472096, 'colsample_bytree': 0.8347364472083516, 'min_child_weight': 1}.
/home/mklemmingen/PycharmProjects/migraine-forecasting-shd/.venv/lib/python3.13/site-packages/sklearn/linear_model/_sag.py:348: ConvergenceWarning: The max_iter was reached which means the coef_ did not converge
  warnings.warn(
[I 2026-05-22 18:18:08,838] Trial 453 finished with values: [0.13597702529530892, 0.6984901923652177] and parameters: {'n_estimators': 60, 'learning_rate': 0.012184186502221764, 'subsample': 0.8981757896737319, 'colsample_bytree': 0.8404460046972835, 'min_child_weight': 5}.
[I 2026-05-22 18:18:09,253] Trial 454 finished with values: [0.11988941539446829, 1.1077930593206147] and parameters: {'n_estimators': 60, 'learning_rate': 0.0434123694731224, 'subsample': 0.6510321211182255, 'colsample_bytree': 0.7135103623194898, 'min_child_weight': 4}.
[I 2026-05-22 18:18:09,776] Trial 455 finished with values: [0.12780280631740734, 0.7642010670255543] and parameters: {'n_estimators': 54, 'learning_rate': 0.017969555911761862, 'subsample': 0.6769156075234684, 'colsample_bytree': 0.954834569706047, 'min_child_weight': 2}.
[I 2026-05-22 18:18:10,453] Trial 456 finished with values: [0.13252862249228262, 1.9418616013893277] and parameters: {'n_estimators': 443, 'learning_rate': 0.27082027345327275, 'subsample': 0.8217416210045603, 'colsample_bytree': 0.9570235993959911, 'min_child_weight': 10}.
[I 2026-05-22 18:18:10,911] Trial 457 finished with values: [0.12110906460097048, 1.1222397475464057] and parameters: {'n_estimators': 108, 'learning_rate': 0.1538583627271404, 'subsample': 0.9757995766256756, 'colsample_bytree': 0.8583668965326405, 'min_child_weight': 6}.
[I 2026-05-22 18:18:11,779] Trial 458 finished with values: [0.12280229713915165, 1.0343843316541532] and parameters: {'n_estimators': 487, 'learning_rate': 0.06968010004656464, 'subsample': 0.9757995766256756, 'colsample_bytree': 0.9579309401710595, 'min_child_weight': 6}.
[I 2026-05-22 18:18:12,239] Trial 459 finished with values: [0.13237765514932281, 1.1573293703972891] and parameters: {'n_estimators': 112, 'learning_rate': 0.13962563737015762, 'subsample': 0.7272013899887455, 'colsample_bytree': 0.6440207698110707, 'min_child_weight': 2}.
[I 2026-05-22 18:18:12,890] Trial 460 finished with values: [0.12482288709760074, 2.78096342549716] and parameters: {'n_estimators': 210, 'learning_rate': 0.13962563737015762, 'subsample': 0.7272013899887455, 'colsample_bytree': 0.9946060995171919, 'min_child_weight': 5}.
[I 2026-05-22 18:18:13,503] Trial 461 finished with values: [0.12006324581547759, 0.8454674825758876] and parameters: {'n_estimators': 323, 'learning_rate': 0.012184186502221764, 'subsample': 0.6948907166943978, 'colsample_bytree': 0.6407129890481614, 'min_child_weight': 8}.
/home/mklemmingen/PycharmProjects/migraine-forecasting-shd/.venv/lib/python3.13/site-packages/sklearn/linear_model/_sag.py:348: ConvergenceWarning: The max_iter was reached which means the coef_ did not converge
  warnings.warn(
[I 2026-05-22 18:18:13,953] Trial 462 finished with values: [0.12146770708444984, 0.785745313107028] and parameters: {'n_estimators': 60, 'learning_rate': 0.012184186502221764, 'subsample': 0.6611436556737328, 'colsample_bytree': 0.8404460046972835, 'min_child_weight': 4}.
[I 2026-05-22 18:18:14,417] Trial 463 finished with values: [0.12379644227800586, 0.7333184433547879] and parameters: {'n_estimators': 120, 'learning_rate': 0.01412166070620751, 'subsample': 0.8012545034320351, 'colsample_bytree': 0.6905983100791752, 'min_child_weight': 4}.
/home/mklemmingen/PycharmProjects/migraine-forecasting-shd/.venv/lib/python3.13/site-packages/sklearn/linear_model/_sag.py:348: ConvergenceWarning: The max_iter was reached which means the coef_ did not converge
  warnings.warn(
[I 2026-05-22 18:18:14,974] Trial 464 finished with values: [0.12951596854009545, 0.7501103825488221] and parameters: {'n_estimators': 60, 'learning_rate': 0.012184186502221764, 'subsample': 0.8985965620472096, 'colsample_bytree': 0.6983830913538033, 'min_child_weight': 4}.
[I 2026-05-22 18:18:15,406] Trial 465 finished with values: [0.12270526874744281, 0.7520562876526099] and parameters: {'n_estimators': 86, 'learning_rate': 0.012184186502221764, 'subsample': 0.6642725493038223, 'colsample_bytree': 0.8404460046972835, 'min_child_weight': 6}.
[I 2026-05-22 18:18:15,917] Trial 466 finished with values: [0.1299068770426103, 1.3425566472116357] and parameters: {'n_estimators': 103, 'learning_rate': 0.1538583627271404, 'subsample': 0.7650470707645706, 'colsample_bytree': 0.9134612050964572, 'min_child_weight': 2}.
[I 2026-05-22 18:18:16,680] Trial 467 finished with values: [0.12152198617925361, 0.813814375551423] and parameters: {'n_estimators': 487, 'learning_rate': 0.010639368372762009, 'subsample': 0.7552679704826087, 'colsample_bytree': 0.9134612050964572, 'min_child_weight': 3}.
[I 2026-05-22 18:18:17,232] Trial 468 finished with values: [0.12538165217524172, 0.8212267162164956] and parameters: {'n_estimators': 60, 'learning_rate': 0.018034072970800914, 'subsample': 0.8690073824308153, 'colsample_bytree': 0.9570235993959911, 'min_child_weight': 6}.
[I 2026-05-22 18:18:17,778] Trial 469 finished with values: [0.1232502025987928, 1.4114465653867247] and parameters: {'n_estimators': 108, 'learning_rate': 0.1538583627271404, 'subsample': 0.9683489602127253, 'colsample_bytree': 0.9587061698505701, 'min_child_weight': 2}.
/home/mklemmingen/PycharmProjects/migraine-forecasting-shd/.venv/lib/python3.13/site-packages/sklearn/linear_model/_sag.py:348: ConvergenceWarning: The max_iter was reached which means the coef_ did not converge
  warnings.warn(
[I 2026-05-22 18:18:18,235] Trial 470 finished with values: [0.12600054866301108, 0.7052149913571155] and parameters: {'n_estimators': 54, 'learning_rate': 0.013137567821944727, 'subsample': 0.7168578594140873, 'colsample_bytree': 0.7465447373174767, 'min_child_weight': 2}.
/home/mklemmingen/PycharmProjects/migraine-forecasting-shd/.venv/lib/python3.13/site-packages/sklearn/linear_model/_sag.py:348: ConvergenceWarning: The max_iter was reached which means the coef_ did not converge
  warnings.warn(
[I 2026-05-22 18:18:18,808] Trial 471 finished with values: [0.14213762699307317, 0.7107518933760074] and parameters: {'n_estimators': 60, 'learning_rate': 0.012184186502221764, 'subsample': 0.8985965620472096, 'colsample_bytree': 0.8404460046972835, 'min_child_weight': 5}.
[I 2026-05-22 18:18:19,508] Trial 472 finished with values: [0.12305079009637354, 0.9745184627732183] and parameters: {'n_estimators': 286, 'learning_rate': 0.030245085073501415, 'subsample': 0.8563498979212858, 'colsample_bytree': 0.8404460046972835, 'min_child_weight': 2}.
[I 2026-05-22 18:18:19,987] Trial 473 finished with values: [0.12496485194808507, 0.7674224851041879] and parameters: {'n_estimators': 60, 'learning_rate': 0.040383678523437626, 'subsample': 0.892797576724562, 'colsample_bytree': 0.8404460046972835, 'min_child_weight': 2}.
[I 2026-05-22 18:18:20,556] Trial 474 finished with values: [0.12352627933742336, 1.4296108906847107] and parameters: {'n_estimators': 120, 'learning_rate': 0.28254806356395257, 'subsample': 0.892797576724562, 'colsample_bytree': 0.8404460046972835, 'min_child_weight': 8}.
[I 2026-05-22 18:18:21,385] Trial 475 finished with values: [0.120493937967684, 0.9543508912316024] and parameters: {'n_estimators': 487, 'learning_rate': 0.01463844831776675, 'subsample': 0.7272013899887455, 'colsample_bytree': 0.9570235993959911, 'min_child_weight': 5}.
[I 2026-05-22 18:18:21,921] Trial 476 finished with values: [0.12958106615164453, 3.785493657734297] and parameters: {'n_estimators': 221, 'learning_rate': 0.27082027345327275, 'subsample': 0.892797576724562, 'colsample_bytree': 0.8394633936788146, 'min_child_weight': 4}.
[I 2026-05-22 18:18:22,727] Trial 477 finished with values: [0.13467170111091548, 1.1540212819748819] and parameters: {'n_estimators': 487, 'learning_rate': 0.03404436610591982, 'subsample': 0.7552679704826087, 'colsample_bytree': 0.8186841117373118, 'min_child_weight': 6}.
/home/mklemmingen/PycharmProjects/migraine-forecasting-shd/.venv/lib/python3.13/site-packages/sklearn/linear_model/_sag.py:348: ConvergenceWarning: The max_iter was reached which means the coef_ did not converge
  warnings.warn(
[I 2026-05-22 18:18:23,267] Trial 478 finished with values: [0.12655114500378947, 0.7401732938565256] and parameters: {'n_estimators': 54, 'learning_rate': 0.01607123851203988, 'subsample': 0.7168578594140873, 'colsample_bytree': 0.7465447373174767, 'min_child_weight': 1}.
[I 2026-05-22 18:18:23,684] Trial 479 finished with values: [0.11754389465495015, 0.87937962507] and parameters: {'n_estimators': 60, 'learning_rate': 0.16111511355977057, 'subsample': 0.8985965620472096, 'colsample_bytree': 0.9877881733101476, 'min_child_weight': 6}.
[I 2026-05-22 18:18:24,088] Trial 480 finished with values: [0.12393453694899129, 1.1179705275864942] and parameters: {'n_estimators': 60, 'learning_rate': 0.18987114604724706, 'subsample': 0.8985965620472096, 'colsample_bytree': 0.8404460046972835, 'min_child_weight': 5}.
[I 2026-05-22 18:18:24,849] Trial 481 finished with values: [0.12305342753706708, 0.8826149100199776] and parameters: {'n_estimators': 418, 'learning_rate': 0.012184186502221764, 'subsample': 0.8690073824308153, 'colsample_bytree': 0.8404460046972835, 'min_child_weight': 3}.
[I 2026-05-22 18:18:25,411] Trial 482 finished with values: [0.12681885925167516, 2.2011731626425286] and parameters: {'n_estimators': 120, 'learning_rate': 0.21149322814164553, 'subsample': 0.7505853467512198, 'colsample_bytree': 0.8404460046972835, 'min_child_weight': 4}.
/home/mklemmingen/PycharmProjects/migraine-forecasting-shd/.venv/lib/python3.13/site-packages/sklearn/linear_model/_sag.py:348: ConvergenceWarning: The max_iter was reached which means the coef_ did not converge
  warnings.warn(
[I 2026-05-22 18:18:25,958] Trial 483 finished with values: [0.13055055956859768, 0.7019611980918424] and parameters: {'n_estimators': 54, 'learning_rate': 0.012184186502221764, 'subsample': 0.6683550349560263, 'colsample_bytree': 0.7465447373174767, 'min_child_weight': 5}.
/home/mklemmingen/PycharmProjects/migraine-forecasting-shd/.venv/lib/python3.13/site-packages/sklearn/linear_model/_sag.py:348: ConvergenceWarning: The max_iter was reached which means the coef_ did not converge
  warnings.warn(
[I 2026-05-22 18:18:26,530] Trial 484 finished with values: [0.13245464248256314, 0.714278488419186] and parameters: {'n_estimators': 60, 'learning_rate': 0.01412166070620751, 'subsample': 0.8985965620472096, 'colsample_bytree': 0.8674572879697724, 'min_child_weight': 10}.
[I 2026-05-22 18:18:27,169] Trial 485 finished with values: [0.12881019268890975, 3.0927100128380185] and parameters: {'n_estimators': 218, 'learning_rate': 0.2536999076681772, 'subsample': 0.892797576724562, 'colsample_bytree': 0.8227051572055719, 'min_child_weight': 2}.
[I 2026-05-22 18:18:27,676] Trial 486 finished with values: [0.12120372896106638, 1.0278274539946977] and parameters: {'n_estimators': 60, 'learning_rate': 0.1538583627271404, 'subsample': 0.8985965620472096, 'colsample_bytree': 0.6512183355831089, 'min_child_weight': 3}.
[I 2026-05-22 18:18:28,191] Trial 487 finished with values: [0.11587548587378431, 1.0510301209601405] and parameters: {'n_estimators': 54, 'learning_rate': 0.13962563737015762, 'subsample': 0.7272013899887455, 'colsample_bytree': 0.9156684954429353, 'min_child_weight': 2}.
[I 2026-05-22 18:18:28,914] Trial 488 finished with values: [0.12378191910508116, 0.8140312005849456] and parameters: {'n_estimators': 307, 'learning_rate': 0.012184186502221764, 'subsample': 0.8690073824308153, 'colsample_bytree': 0.8404460046972835, 'min_child_weight': 2}.
[I 2026-05-22 18:18:29,431] Trial 489 finished with values: [0.12211931051006189, 0.8159029695010644] and parameters: {'n_estimators': 176, 'learning_rate': 0.01412166070620751, 'subsample': 0.8985965620472096, 'colsample_bytree': 0.9077971732767748, 'min_child_weight': 3}.
[I 2026-05-22 18:18:30,010] Trial 490 finished with values: [0.12397999405534435, 0.7370279464690624] and parameters: {'n_estimators': 120, 'learning_rate': 0.014104914380026676, 'subsample': 0.892797576724562, 'colsample_bytree': 0.6748174994230093, 'min_child_weight': 1}.
[I 2026-05-22 18:18:30,559] Trial 491 finished with values: [0.1273511170752302, 0.9962901985216576] and parameters: {'n_estimators': 100, 'learning_rate': 0.1538583627271404, 'subsample': 0.7294716945616975, 'colsample_bytree': 0.6512183355831089, 'min_child_weight': 6}.
[I 2026-05-22 18:18:31,247] Trial 492 finished with values: [0.13336549330767994, 2.069180923914007] and parameters: {'n_estimators': 293, 'learning_rate': 0.1538583627271404, 'subsample': 0.7701745754465668, 'colsample_bytree': 0.6020246335384875, 'min_child_weight': 2}.
/home/mklemmingen/PycharmProjects/migraine-forecasting-shd/.venv/lib/python3.13/site-packages/sklearn/linear_model/_sag.py:348: ConvergenceWarning: The max_iter was reached which means the coef_ did not converge
  warnings.warn(
[I 2026-05-22 18:18:31,778] Trial 493 finished with values: [0.14106922793800436, 0.7366980472268594] and parameters: {'n_estimators': 60, 'learning_rate': 0.012184186502221764, 'subsample': 0.8985965620472096, 'colsample_bytree': 0.803044151473782, 'min_child_weight': 4}.
[I 2026-05-22 18:18:32,596] Trial 494 finished with values: [0.1312148439512904, 2.1233975355437105] and parameters: {'n_estimators': 443, 'learning_rate': 0.1538583627271404, 'subsample': 0.6969638929660321, 'colsample_bytree': 0.8404460046972835, 'min_child_weight': 6}.
/home/mklemmingen/PycharmProjects/migraine-forecasting-shd/.venv/lib/python3.13/site-packages/sklearn/linear_model/_sag.py:348: ConvergenceWarning: The max_iter was reached which means the coef_ did not converge
  warnings.warn(
[I 2026-05-22 18:18:33,039] Trial 495 finished with values: [0.13544459555645721, 0.8398459235263228] and parameters: {'n_estimators': 54, 'learning_rate': 0.01412166070620751, 'subsample': 0.9464704583099741, 'colsample_bytree': 0.954834569706047, 'min_child_weight': 2}.
/home/mklemmingen/PycharmProjects/migraine-forecasting-shd/.venv/lib/python3.13/site-packages/sklearn/linear_model/_sag.py:348: ConvergenceWarning: The max_iter was reached which means the coef_ did not converge
  warnings.warn(
[I 2026-05-22 18:18:33,609] Trial 496 finished with values: [0.13473556843572604, 0.7247838446597814] and parameters: {'n_estimators': 60, 'learning_rate': 0.014104914380026676, 'subsample': 0.892797576724562, 'colsample_bytree': 0.9570235993959911, 'min_child_weight': 6}.
[I 2026-05-22 18:18:34,066] Trial 497 finished with values: [0.13357315479684873, 0.7191923174698432] and parameters: {'n_estimators': 120, 'learning_rate': 0.012113606011086922, 'subsample': 0.892797576724562, 'colsample_bytree': 0.9570235993959911, 'min_child_weight': 7}.
[I 2026-05-22 18:18:34,729] Trial 498 finished with values: [0.13649966653169773, 2.686831574383192] and parameters: {'n_estimators': 221, 'learning_rate': 0.27082027345327275, 'subsample': 0.8690073824308153, 'colsample_bytree': 0.954834569706047, 'min_child_weight': 2}.
[I 2026-05-22 18:18:35,271] Trial 499 finished with values: [0.1255855399830654, 0.6846606096283051] and parameters: {'n_estimators': 103, 'learning_rate': 0.01412166070620751, 'subsample': 0.7650470707645706, 'colsample_bytree': 0.9134612050964572, 'min_child_weight': 6}.
Building variant 'auprc_max'...
Saved /home/mklemmingen/PycharmProjects/migraine-forecasting-shd/experiment/0/migraine/full_features/stacked_2xgb_meta_lr/70_15_15/patient/HyperparameterTuned/pareto_AUPRC_slope/auprc_max/model.joblib

# End capture ------------------------------------------
# Finished: 2026-05-22T18:18:35
