[I 2026-05-22 18:15:11,703] Trial 153 finished with values: [0.13036112093789468, 2.3899559592826582] and parameters: {'n_estimators': 280, 'learning_rate': 0.16111511355977057, 'subsample': 0.8006065178748798, 'colsample_bytree': 0.9425959364753289, 'min_child_weight': 8}.
[I 2026-05-22 18:15:12,264] Trial 154 finished with values: [0.12220904102751326, 1.0368170801777359] and parameters: {'n_estimators': 120, 'learning_rate': 0.16111511355977057, 'subsample': 0.9043140194467589, 'colsample_bytree': 0.8404460046972835, 'min_child_weight': 8}.
[I 2026-05-22 18:15:13,060] Trial 155 finished with values: [0.12180180461110209, 3.0418777436417797] and parameters: {'n_estimators': 355, 'learning_rate': 0.2536999076681772, 'subsample': 0.8056937753654446, 'colsample_bytree': 0.6905983100791752, 'min_child_weight': 2}.
[I 2026-05-22 18:15:13,438] Trial 156 finished with values: [0.1271626903993641, 0.9413130879322926] and parameters: {'n_estimators': 54, 'learning_rate': 0.09396591857488666, 'subsample': 0.9022204554172195, 'colsample_bytree': 0.7465447373174767, 'min_child_weight': 2}.
/home/mklemmingen/PycharmProjects/migraine-forecasting-shd/.venv/lib/python3.13/site-packages/sklearn/linear_model/_sag.py:348: ConvergenceWarning: The max_iter was reached which means the coef_ did not converge
  warnings.warn(
[I 2026-05-22 18:15:13,900] Trial 157 finished with values: [0.13294609471480004, 0.878927886712064] and parameters: {'n_estimators': 54, 'learning_rate': 0.01412166070620751, 'subsample': 0.9588441039810308, 'colsample_bytree': 0.954834569706047, 'min_child_weight': 1}.
[I 2026-05-22 18:15:14,505] Trial 158 finished with values: [0.12218531424011111, 1.8238164684699327] and parameters: {'n_estimators': 160, 'learning_rate': 0.16111511355977057, 'subsample': 0.7572390898667042, 'colsample_bytree': 0.6915192661966489, 'min_child_weight': 3}.
[I 2026-05-22 18:15:14,997] Trial 159 finished with values: [0.1252504927868695, 0.9299446387616583] and parameters: {'n_estimators': 70, 'learning_rate': 0.13780336485751998, 'subsample': 0.9866619276174678, 'colsample_bytree': 0.7433862914177091, 'min_child_weight': 9}.
[I 2026-05-22 18:15:15,551] Trial 160 finished with values: [0.1345016950289153, 1.2488255016564485] and parameters: {'n_estimators': 120, 'learning_rate': 0.21149322814164553, 'subsample': 0.9464704583099741, 'colsample_bytree': 0.6282274989601719, 'min_child_weight': 4}.
[I 2026-05-22 18:15:16,253] Trial 161 finished with values: [0.12316638067981436, 1.0402228237281637] and parameters: {'n_estimators': 339, 'learning_rate': 0.030245085073501415, 'subsample': 0.8985965620472096, 'colsample_bytree': 0.8598531596188859, 'min_child_weight': 9}.
[I 2026-05-22 18:15:16,657] Trial 162 finished with values: [0.12172610256290442, 0.946182208584234] and parameters: {'n_estimators': 61, 'learning_rate': 0.07332660227137139, 'subsample': 0.6746280235544143, 'colsample_bytree': 0.9570235993959911, 'min_child_weight': 6}.
[I 2026-05-22 18:15:17,473] Trial 163 finished with values: [0.11905371373447002, 1.8991103080433085] and parameters: {'n_estimators': 420, 'learning_rate': 0.03404436610591982, 'subsample': 0.8056937753654446, 'colsample_bytree': 0.9760920965699831, 'min_child_weight': 6}.
[I 2026-05-22 18:15:17,915] Trial 164 finished with values: [0.12222470675071413, 0.7581839466243185] and parameters: {'n_estimators': 54, 'learning_rate': 0.01412166070620751, 'subsample': 0.616291520927588, 'colsample_bytree': 0.954834569706047, 'min_child_weight': 6}.
[I 2026-05-22 18:15:18,710] Trial 165 finished with values: [0.13467170111091548, 1.1540212819748819] and parameters: {'n_estimators': 487, 'learning_rate': 0.03404436610591982, 'subsample': 0.7552679704826087, 'colsample_bytree': 0.8186841117373118, 'min_child_weight': 6}.
[I 2026-05-22 18:15:19,287] Trial 166 finished with values: [0.12028098482644285, 0.9021882078819964] and parameters: {'n_estimators': 180, 'learning_rate': 0.017303875834205888, 'subsample': 0.8573152873769412, 'colsample_bytree': 0.7833011561966067, 'min_child_weight': 9}.
[I 2026-05-22 18:15:19,925] Trial 167 finished with values: [0.12137671056734341, 0.9909306565981565] and parameters: {'n_estimators': 355, 'learning_rate': 0.01607123851203988, 'subsample': 0.6746280235544143, 'colsample_bytree': 0.7465447373174767, 'min_child_weight': 10}.
[I 2026-05-22 18:15:20,505] Trial 168 finished with values: [0.1286723523041666, 1.6803621568842757] and parameters: {'n_estimators': 296, 'learning_rate': 0.21149322814164553, 'subsample': 0.9601672228653322, 'colsample_bytree': 0.7480634801021777, 'min_child_weight': 4}.
[I 2026-05-22 18:15:20,930] Trial 169 finished with values: [0.13037654354407754, 1.0698056260447513] and parameters: {'n_estimators': 91, 'learning_rate': 0.21149322814164553, 'subsample': 0.9757995766256756, 'colsample_bytree': 0.6020246335384875, 'min_child_weight': 6}.
[I 2026-05-22 18:15:21,385] Trial 170 finished with values: [0.13018792755418368, 1.581163437642133] and parameters: {'n_estimators': 120, 'learning_rate': 0.24584290528289388, 'subsample': 0.6390688456025535, 'colsample_bytree': 0.9579309401710595, 'min_child_weight': 5}.
[I 2026-05-22 18:15:22,011] Trial 171 finished with values: [0.12431939533121547, 1.714740866861407] and parameters: {'n_estimators': 347, 'learning_rate': 0.16111511355977057, 'subsample': 0.7572390898667042, 'colsample_bytree': 0.8404460046972835, 'min_child_weight': 3}.
[I 2026-05-22 18:15:22,727] Trial 172 finished with values: [0.12850030001640333, 5.1835456534447495] and parameters: {'n_estimators': 443, 'learning_rate': 0.1538583627271404, 'subsample': 0.7544410551203097, 'colsample_bytree': 0.9844762255295657, 'min_child_weight': 6}.
[I 2026-05-22 18:15:23,566] Trial 173 finished with values: [0.13178281930009186, 1.588156208697524] and parameters: {'n_estimators': 458, 'learning_rate': 0.1538583627271404, 'subsample': 0.9866619276174678, 'colsample_bytree': 0.9570235993959911, 'min_child_weight': 9}.
[I 2026-05-22 18:15:24,229] Trial 174 finished with values: [0.12379984239557171, 0.8413343471342003] and parameters: {'n_estimators': 408, 'learning_rate': 0.019462886350651437, 'subsample': 0.9043140194467589, 'colsample_bytree': 0.6020246335384875, 'min_child_weight': 1}.
[I 2026-05-22 18:15:24,961] Trial 175 finished with values: [0.12042916214580239, 1.253906904356521] and parameters: {'n_estimators': 487, 'learning_rate': 0.028180680291847244, 'subsample': 0.6390688456025535, 'colsample_bytree': 0.8736932106048627, 'min_child_weight': 1}.
/home/mklemmingen/PycharmProjects/migraine-forecasting-shd/.venv/lib/python3.13/site-packages/sklearn/linear_model/_sag.py:348: ConvergenceWarning: The max_iter was reached which means the coef_ did not converge
  warnings.warn(
[I 2026-05-22 18:15:25,502] Trial 176 finished with values: [0.13183215959449612, 0.9078466632745161] and parameters: {'n_estimators': 54, 'learning_rate': 0.01412166070620751, 'subsample': 0.9588441039810308, 'colsample_bytree': 0.836965827544817, 'min_child_weight': 3}.
[I 2026-05-22 18:15:25,910] Trial 177 finished with values: [0.12981177755839982, 0.8038776410097608] and parameters: {'n_estimators': 91, 'learning_rate': 0.01412166070620751, 'subsample': 0.9588441039810308, 'colsample_bytree': 0.8532405829093072, 'min_child_weight': 2}.
/home/mklemmingen/PycharmProjects/migraine-forecasting-shd/.venv/lib/python3.13/site-packages/sklearn/linear_model/_sag.py:348: ConvergenceWarning: The max_iter was reached which means the coef_ did not converge
  warnings.warn(
[I 2026-05-22 18:15:26,451] Trial 178 finished with values: [0.12938443136364827, 0.9544808972406853] and parameters: {'n_estimators': 54, 'learning_rate': 0.010639368372762009, 'subsample': 0.9043140194467589, 'colsample_bytree': 0.6377771843023713, 'min_child_weight': 1}.
[I 2026-05-22 18:15:26,847] Trial 179 finished with values: [0.11509436624850859, 1.450562100027057] and parameters: {'n_estimators': 91, 'learning_rate': 0.10206664092951903, 'subsample': 0.6284754593840916, 'colsample_bytree': 0.7275902521175045, 'min_child_weight': 8}.
[I 2026-05-22 18:15:27,577] Trial 180 finished with values: [0.12657914700863104, 2.0741348061396145] and parameters: {'n_estimators': 487, 'learning_rate': 0.13962563737015762, 'subsample': 0.8217416210045603, 'colsample_bytree': 0.9579309401710595, 'min_child_weight': 6}.
/home/mklemmingen/PycharmProjects/migraine-forecasting-shd/.venv/lib/python3.13/site-packages/sklearn/linear_model/_sag.py:348: ConvergenceWarning: The max_iter was reached which means the coef_ did not converge
  warnings.warn(
[I 2026-05-22 18:15:28,010] Trial 181 finished with values: [0.12442748199784055, 0.9577690668135246] and parameters: {'n_estimators': 54, 'learning_rate': 0.01607123851203988, 'subsample': 0.9379501243877818, 'colsample_bytree': 0.7465447373174767, 'min_child_weight': 3}.
/home/mklemmingen/PycharmProjects/migraine-forecasting-shd/.venv/lib/python3.13/site-packages/sklearn/linear_model/_sag.py:348: ConvergenceWarning: The max_iter was reached which means the coef_ did not converge
  warnings.warn(
[I 2026-05-22 18:15:28,449] Trial 182 finished with values: [0.14213762699307317, 0.7107518933760074] and parameters: {'n_estimators': 60, 'learning_rate': 0.012184186502221764, 'subsample': 0.8985965620472096, 'colsample_bytree': 0.8404460046972835, 'min_child_weight': 5}.
[I 2026-05-22 18:15:28,976] Trial 183 finished with values: [0.11997546116496735, 0.7524920284915367] and parameters: {'n_estimators': 91, 'learning_rate': 0.028180680291847244, 'subsample': 0.9718790609370292, 'colsample_bytree': 0.8736932106048627, 'min_child_weight': 5}.
[I 2026-05-22 18:15:29,757] Trial 184 finished with values: [0.1228389621526041, 0.8847985790113272] and parameters: {'n_estimators': 417, 'learning_rate': 0.01412166070620751, 'subsample': 0.7498450458505885, 'colsample_bytree': 0.9652962210225885, 'min_child_weight': 3}.
[I 2026-05-22 18:15:30,240] Trial 185 finished with values: [0.12153044889236779, 0.8602267323961328] and parameters: {'n_estimators': 156, 'learning_rate': 0.030245085073501415, 'subsample': 0.9718790609370292, 'colsample_bytree': 0.7351980627406143, 'min_child_weight': 9}.
[I 2026-05-22 18:15:30,623] Trial 186 finished with values: [0.12877101238015803, 1.018908878058289] and parameters: {'n_estimators': 54, 'learning_rate': 0.13780336485751998, 'subsample': 0.7168578594140873, 'colsample_bytree': 0.7433862914177091, 'min_child_weight': 1}.
/home/mklemmingen/PycharmProjects/migraine-forecasting-shd/.venv/lib/python3.13/site-packages/sklearn/linear_model/_sag.py:348: ConvergenceWarning: The max_iter was reached which means the coef_ did not converge
  warnings.warn(
[I 2026-05-22 18:15:31,065] Trial 187 finished with values: [0.1264599687267752, 0.9182875567009191] and parameters: {'n_estimators': 54, 'learning_rate': 0.01412166070620751, 'subsample': 0.9718790609370292, 'colsample_bytree': 0.7127419099093599, 'min_child_weight': 2}.
[I 2026-05-22 18:15:31,775] Trial 188 finished with values: [0.12422085901652813, 2.0359537479254217] and parameters: {'n_estimators': 293, 'learning_rate': 0.21149322814164553, 'subsample': 0.8786948661456602, 'colsample_bytree': 0.9570235993959911, 'min_child_weight': 3}.
[I 2026-05-22 18:15:32,503] Trial 189 finished with values: [0.1240440543375166, 1.753244369680481] and parameters: {'n_estimators': 346, 'learning_rate': 0.08671821512512803, 'subsample': 0.9022204554172195, 'colsample_bytree': 0.9652962210225885, 'min_child_weight': 1}.
[I 2026-05-22 18:15:33,037] Trial 190 finished with values: [0.1219868371382451, 1.3179406759445502] and parameters: {'n_estimators': 207, 'learning_rate': 0.1538583627271404, 'subsample': 0.9588441039810308, 'colsample_bytree': 0.9746919954946938, 'min_child_weight': 8}.
[I 2026-05-22 18:15:33,809] Trial 191 finished with values: [0.11494045390557235, 2.264675028127711] and parameters: {'n_estimators': 333, 'learning_rate': 0.19775731712985178, 'subsample': 0.8056937753654446, 'colsample_bytree': 0.6440207698110707, 'min_child_weight': 1}.
[I 2026-05-22 18:15:34,231] Trial 192 finished with values: [0.116546082257039, 1.0758903209995834] and parameters: {'n_estimators': 91, 'learning_rate': 0.1218397677644799, 'subsample': 0.9718790609370292, 'colsample_bytree': 0.9579309401710595, 'min_child_weight': 6}.
/home/mklemmingen/PycharmProjects/migraine-forecasting-shd/.venv/lib/python3.13/site-packages/sklearn/linear_model/_sag.py:348: ConvergenceWarning: The max_iter was reached which means the coef_ did not converge
  warnings.warn(
[I 2026-05-22 18:15:34,772] Trial 193 finished with values: [0.1258415947483958, 0.9359953183305876] and parameters: {'n_estimators': 54, 'learning_rate': 0.01412166070620751, 'subsample': 0.8654007076432223, 'colsample_bytree': 0.6020246335384875, 'min_child_weight': 2}.
[I 2026-05-22 18:15:35,502] Trial 194 finished with values: [0.12252364615269566, 0.8229637955059854] and parameters: {'n_estimators': 487, 'learning_rate': 0.017303875834205888, 'subsample': 0.9718790609370292, 'colsample_bytree': 0.9213923721539394, 'min_child_weight': 4}.
[I 2026-05-22 18:15:35,909] Trial 195 finished with values: [0.11757438402956104, 1.0803575578219644] and parameters: {'n_estimators': 103, 'learning_rate': 0.02609752135980675, 'subsample': 0.7168578594140873, 'colsample_bytree': 0.6709758175118891, 'min_child_weight': 8}.
[I 2026-05-22 18:15:36,632] Trial 196 finished with values: [0.1221128546447076, 1.916923576431488] and parameters: {'n_estimators': 487, 'learning_rate': 0.21149322814164553, 'subsample': 0.9002459006563434, 'colsample_bytree': 0.7594018937589494, 'min_child_weight': 7}.
[I 2026-05-22 18:15:37,298] Trial 197 finished with values: [0.12787701361815287, 1.6451323633015789] and parameters: {'n_estimators': 413, 'learning_rate': 0.03404436610591982, 'subsample': 0.6508242050607539, 'colsample_bytree': 0.8186841117373118, 'min_child_weight': 6}.
[I 2026-05-22 18:15:37,786] Trial 198 finished with values: [0.12492721902727662, 0.8772094778645458] and parameters: {'n_estimators': 162, 'learning_rate': 0.040381768820718394, 'subsample': 0.9022204554172195, 'colsample_bytree': 0.8404460046972835, 'min_child_weight': 5}.
[I 2026-05-22 18:15:38,606] Trial 199 finished with values: [0.12692156812081193, 1.8532059723480565] and parameters: {'n_estimators': 496, 'learning_rate': 0.11364355894710455, 'subsample': 0.7272013899887455, 'colsample_bytree': 0.8394633936788146, 'min_child_weight': 3}.
[I 2026-05-22 18:15:39,048] Trial 200 finished with values: [0.12318856330087838, 0.7458018547244555] and parameters: {'n_estimators': 103, 'learning_rate': 0.010639368372762009, 'subsample': 0.7650470707645706, 'colsample_bytree': 0.8118602313424026, 'min_child_weight': 4}.
[I 2026-05-22 18:15:39,737] Trial 201 finished with values: [0.12397343169397819, 0.8633445143599934] and parameters: {'n_estimators': 346, 'learning_rate': 0.01412166070620751, 'subsample': 0.8654007076432223, 'colsample_bytree': 0.9105651842967988, 'min_child_weight': 6}.
[I 2026-05-22 18:15:40,178] Trial 202 finished with values: [0.12210150988049422, 0.9314335807534304] and parameters: {'n_estimators': 203, 'learning_rate': 0.01412166070620751, 'subsample': 0.6746280235544143, 'colsample_bytree': 0.9570235993959911, 'min_child_weight': 10}.
[I 2026-05-22 18:15:40,844] Trial 203 finished with values: [0.13135244912917426, 1.795584016243901] and parameters: {'n_estimators': 346, 'learning_rate': 0.13720623374101712, 'subsample': 0.8654007076432223, 'colsample_bytree': 0.7470863212237734, 'min_child_weight': 1}.
[I 2026-05-22 18:15:41,658] Trial 204 finished with values: [0.12112701912866528, 0.8125332272394047] and parameters: {'n_estimators': 437, 'learning_rate': 0.012184186502221764, 'subsample': 0.8985965620472096, 'colsample_bytree': 0.8404460046972835, 'min_child_weight': 9}.
[I 2026-05-22 18:15:42,178] Trial 205 finished with values: [0.12232228849582054, 0.9313226479631513] and parameters: {'n_estimators': 91, 'learning_rate': 0.11364355894710455, 'subsample': 0.7272013899887455, 'colsample_bytree': 0.6020246335384875, 'min_child_weight': 3}.
[I 2026-05-22 18:15:42,713] Trial 206 finished with values: [0.12102523443214927, 2.0118810192269527] and parameters: {'n_estimators': 243, 'learning_rate': 0.12856643861355183, 'subsample': 0.9018171496338729, 'colsample_bytree': 0.6440207698110707, 'min_child_weight': 3}.
[I 2026-05-22 18:15:43,076] Trial 207 finished with values: [0.12570983911809405, 0.9000704867985055] and parameters: {'n_estimators': 54, 'learning_rate': 0.09396591857488666, 'subsample': 0.9022204554172195, 'colsample_bytree': 0.641249547534373, 'min_child_weight': 6}.
[I 2026-05-22 18:15:43,899] Trial 208 finished with values: [0.1302011058604941, 3.692840281289466] and parameters: {'n_estimators': 457, 'learning_rate': 0.13780336485751998, 'subsample': 0.7168578594140873, 'colsample_bytree': 0.8021009489791429, 'min_child_weight': 1}.
[I 2026-05-22 18:15:44,556] Trial 209 finished with values: [0.12159686765702157, 0.9086133341120707] and parameters: {'n_estimators': 422, 'learning_rate': 0.017303875834205888, 'subsample': 0.9718790609370292, 'colsample_bytree': 0.9232481518257668, 'min_child_weight': 7}.
[I 2026-05-22 18:15:45,157] Trial 210 finished with values: [0.12093755116190782, 0.8896583998169982] and parameters: {'n_estimators': 294, 'learning_rate': 0.01412166070620751, 'subsample': 0.9588441039810308, 'colsample_bytree': 0.9652962210225885, 'min_child_weight': 1}.
[I 2026-05-22 18:15:45,768] Trial 211 finished with values: [0.1214702585857832, 0.824437233503561] and parameters: {'n_estimators': 194, 'learning_rate': 0.028180680291847244, 'subsample': 0.8985965620472096, 'colsample_bytree': 0.8404460046972835, 'min_child_weight': 9}.
[I 2026-05-22 18:15:46,398] Trial 212 finished with values: [0.12283613941607144, 0.7627210260458677] and parameters: {'n_estimators': 225, 'learning_rate': 0.012184186502221764, 'subsample': 0.8985965620472096, 'colsample_bytree': 0.8404460046972835, 'min_child_weight': 5}.
[I 2026-05-22 18:15:47,132] Trial 213 finished with values: [0.12028035380056637, 1.0203736167491826] and parameters: {'n_estimators': 480, 'learning_rate': 0.012184186502221764, 'subsample': 0.6043350605921193, 'colsample_bytree': 0.8446882984937409, 'min_child_weight': 5}.
[I 2026-05-22 18:15:47,868] Trial 214 finished with values: [0.13170508597910824, 3.0520191927458775] and parameters: {'n_estimators': 415, 'learning_rate': 0.21744977418953557, 'subsample': 0.9659457560881795, 'colsample_bytree': 0.8532405829093072, 'min_child_weight': 1}.
[I 2026-05-22 18:15:48,411] Trial 215 finished with values: [0.11915392264818732, 0.8643127923186574] and parameters: {'n_estimators': 91, 'learning_rate': 0.029625450352016573, 'subsample': 0.8012545034320351, 'colsample_bytree': 0.6915192661966489, 'min_child_weight': 6}.
[I 2026-05-22 18:15:49,249] Trial 216 finished with values: [0.11727553525386332, 1.1922029413439443] and parameters: {'n_estimators': 478, 'learning_rate': 0.030245085073501415, 'subsample': 0.8985965620472096, 'colsample_bytree': 0.8598531596188859, 'min_child_weight': 10}.
[I 2026-05-22 18:15:50,066] Trial 217 finished with values: [0.14054623311861172, 1.3657818593265223] and parameters: {'n_estimators': 487, 'learning_rate': 0.13962563737015762, 'subsample': 0.7272013899887455, 'colsample_bytree': 0.6440207698110707, 'min_child_weight': 5}.
[I 2026-05-22 18:15:50,753] Trial 218 finished with values: [0.11994827683463141, 0.9426473604336308] and parameters: {'n_estimators': 308, 'learning_rate': 0.028180680291847244, 'subsample': 0.8527348848679197, 'colsample_bytree': 0.7793782087913279, 'min_child_weight': 5}.
[I 2026-05-22 18:15:51,240] Trial 219 finished with values: [0.12430056203234971, 0.888691330009161] and parameters: {'n_estimators': 182, 'learning_rate': 0.03058280993112278, 'subsample': 0.9718790609370292, 'colsample_bytree': 0.9232481518257668, 'min_child_weight': 7}.
/home/mklemmingen/PycharmProjects/migraine-forecasting-shd/.venv/lib/python3.13/site-packages/sklearn/linear_model/_sag.py:348: ConvergenceWarning: The max_iter was reached which means the coef_ did not converge
  warnings.warn(
[I 2026-05-22 18:15:51,779] Trial 220 finished with values: [0.133606816250958, 0.7793422710225755] and parameters: {'n_estimators': 60, 'learning_rate': 0.012184186502221764, 'subsample': 0.8690073824308153, 'colsample_bytree': 0.8404460046972835, 'min_child_weight': 2}.
/home/mklemmingen/PycharmProjects/migraine-forecasting-shd/.venv/lib/python3.13/site-packages/sklearn/linear_model/_sag.py:348: ConvergenceWarning: The max_iter was reached which means the coef_ did not converge
  warnings.warn(
[I 2026-05-22 18:15:52,319] Trial 221 finished with values: [0.12983382411101368, 0.8713278115997115] and parameters: {'n_estimators': 54, 'learning_rate': 0.01412166070620751, 'subsample': 0.900949811775072, 'colsample_bytree': 0.9166316174903394, 'min_child_weight': 3}.
[I 2026-05-22 18:15:52,938] Trial 222 finished with values: [0.12764547499404083, 1.868140609803835] and parameters: {'n_estimators': 218, 'learning_rate': 0.1466769064893309, 'subsample': 0.6364824412194762, 'colsample_bytree': 0.8394633936788146, 'min_child_weight': 5}.
[I 2026-05-22 18:15:53,374] Trial 223 finished with values: [0.12283161558457426, 1.151499030529578] and parameters: {'n_estimators': 120, 'learning_rate': 0.21149322814164553, 'subsample': 0.7168578594140873, 'colsample_bytree': 0.6282274989601719, 'min_child_weight': 4}.
[I 2026-05-22 18:15:53,908] Trial 224 finished with values: [0.12981177755839982, 0.8038776410097608] and parameters: {'n_estimators': 91, 'learning_rate': 0.01412166070620751, 'subsample': 0.9588441039810308, 'colsample_bytree': 0.8532405829093072, 'min_child_weight': 2}.
