# Training-script output capture
# Generated: 2026-05-22T18:24:41
# UUID:      0492f93c-6bef-4f02-8a42-bfaf93005561
# Label:     training
# Leaf:      /home/mklemmingen/PycharmProjects/migraine-forecasting-shd/experiment/0/migraine/full_features/stacked_2xgb_meta_lr/70_15_15/patient/HyperparameterTuned/single_AUROC/HP020
# Captures stdout/stderr written during the wrapped block
# (library messages, warnings, progress bars, etc.).
# Begin capture ----------------------------------------
Loading datasets...
Running single_AUROC search (500 trials, seed=42)...
[I 2026-05-22 18:24:41,057] A new study created in memory with name: no-name-da5530bc-ecc0-47dd-ac66-99c61c67807b
[I 2026-05-22 18:24:42,844] Trial 0 finished with value: 0.5541542021398951 and parameters: {'n_estimators': 218, 'learning_rate': 0.2536999076681772, 'subsample': 0.892797576724562, 'colsample_bytree': 0.8394633936788146, 'min_child_weight': 2}. Best is trial 0 with value: 0.5541542021398951.
[I 2026-05-22 18:24:44,469] Trial 1 finished with value: 0.5729486060769275 and parameters: {'n_estimators': 120, 'learning_rate': 0.012184186502221764, 'subsample': 0.9464704583099741, 'colsample_bytree': 0.8404460046972835, 'min_child_weight': 8}. Best is trial 1 with value: 0.5729486060769275.
[I 2026-05-22 18:24:45,898] Trial 2 finished with value: 0.5127771738716076 and parameters: {'n_estimators': 59, 'learning_rate': 0.2708160864249968, 'subsample': 0.9329770563201687, 'colsample_bytree': 0.6849356442713105, 'min_child_weight': 2}. Best is trial 1 with value: 0.5729486060769275.
[I 2026-05-22 18:24:47,353] Trial 3 finished with value: 0.5496269716932779 and parameters: {'n_estimators': 132, 'learning_rate': 0.028145092716060652, 'subsample': 0.8099025726528951, 'colsample_bytree': 0.7727780074568463, 'min_child_weight': 3}. Best is trial 1 with value: 0.5729486060769275.
[I 2026-05-22 18:24:48,920] Trial 4 finished with value: 0.5331682072193539 and parameters: {'n_estimators': 325, 'learning_rate': 0.01607123851203988, 'subsample': 0.7168578594140873, 'colsample_bytree': 0.7465447373174767, 'min_child_weight': 5}. Best is trial 1 with value: 0.5729486060769275.
[I 2026-05-22 18:24:50,715] Trial 5 finished with value: 0.5419091915068426 and parameters: {'n_estimators': 404, 'learning_rate': 0.019721610970574007, 'subsample': 0.8056937753654446, 'colsample_bytree': 0.836965827544817, 'min_child_weight': 1}. Best is trial 1 with value: 0.5729486060769275.
[I 2026-05-22 18:24:52,278] Trial 6 finished with value: 0.5154228932411954 and parameters: {'n_estimators': 324, 'learning_rate': 0.0178601378893971, 'subsample': 0.6260206371941118, 'colsample_bytree': 0.9795542149013333, 'min_child_weight': 10}. Best is trial 1 with value: 0.5729486060769275.
[I 2026-05-22 18:24:53,916] Trial 7 finished with value: 0.5107451243158392 and parameters: {'n_estimators': 414, 'learning_rate': 0.028180680291847244, 'subsample': 0.6390688456025535, 'colsample_bytree': 0.8736932106048627, 'min_child_weight': 5}. Best is trial 1 with value: 0.5729486060769275.
[I 2026-05-22 18:24:54,496] Trial 8 finished with value: 0.5360044391939178 and parameters: {'n_estimators': 105, 'learning_rate': 0.05388108577817234, 'subsample': 0.6137554084460873, 'colsample_bytree': 0.9637281608315128, 'min_child_weight': 3}. Best is trial 1 with value: 0.5729486060769275.
[I 2026-05-22 18:24:55,321] Trial 9 finished with value: 0.5056674373036554 and parameters: {'n_estimators': 348, 'learning_rate': 0.028869220380495747, 'subsample': 0.8080272084711243, 'colsample_bytree': 0.8186841117373118, 'min_child_weight': 2}. Best is trial 1 with value: 0.5729486060769275.
[I 2026-05-22 18:24:56,250] Trial 10 finished with value: 0.5610297263203017 and parameters: {'n_estimators': 487, 'learning_rate': 0.13962563737015762, 'subsample': 0.9757995766256756, 'colsample_bytree': 0.9579309401710595, 'min_child_weight': 6}. Best is trial 1 with value: 0.5729486060769275.
[I 2026-05-22 18:24:57,168] Trial 11 finished with value: 0.5291117281744263 and parameters: {'n_estimators': 465, 'learning_rate': 0.01351182947645082, 'subsample': 0.6783931449676581, 'colsample_bytree': 0.6180909155642152, 'min_child_weight': 4}. Best is trial 1 with value: 0.5729486060769275.
[I 2026-05-22 18:24:57,748] Trial 12 finished with value: 0.5657022210623792 and parameters: {'n_estimators': 225, 'learning_rate': 0.02516607127550297, 'subsample': 0.9314950036607718, 'colsample_bytree': 0.7427013306774357, 'min_child_weight': 3}. Best is trial 1 with value: 0.5729486060769275.
[I 2026-05-22 18:24:58,466] Trial 13 finished with value: 0.5577956371527126 and parameters: {'n_estimators': 294, 'learning_rate': 0.016149614799999188, 'subsample': 0.9208787923016158, 'colsample_bytree': 0.6298202574719083, 'min_child_weight': 10}. Best is trial 1 with value: 0.5729486060769275.
[I 2026-05-22 18:24:59,354] Trial 14 finished with value: 0.514538738680707 and parameters: {'n_estimators': 398, 'learning_rate': 0.019657448966046126, 'subsample': 0.602208846849441, 'colsample_bytree': 0.9261845713819337, 'min_child_weight': 8}. Best is trial 1 with value: 0.5729486060769275.
[I 2026-05-22 18:25:00,150] Trial 15 finished with value: 0.5205364652406097 and parameters: {'n_estimators': 378, 'learning_rate': 0.13780336485751998, 'subsample': 0.6296178606936361, 'colsample_bytree': 0.7433862914177091, 'min_child_weight': 2}. Best is trial 1 with value: 0.5729486060769275.
[I 2026-05-22 18:25:01,140] Trial 16 finished with value: 0.49535001307281856 and parameters: {'n_estimators': 439, 'learning_rate': 0.08330803890301997, 'subsample': 0.7323592099410596, 'colsample_bytree': 0.6254233401144095, 'min_child_weight': 4}. Best is trial 1 with value: 0.5729486060769275.
[I 2026-05-22 18:25:01,938] Trial 17 finished with value: 0.5147703878878329 and parameters: {'n_estimators': 196, 'learning_rate': 0.1195960383019184, 'subsample': 0.8550229885420852, 'colsample_bytree': 0.9548850970305306, 'min_child_weight': 5}. Best is trial 1 with value: 0.5729486060769275.
[I 2026-05-22 18:25:02,544] Trial 18 finished with value: 0.546948234390266 and parameters: {'n_estimators': 103, 'learning_rate': 0.1131225105716033, 'subsample': 0.9043140194467589, 'colsample_bytree': 0.8245108790277985, 'min_child_weight': 8}. Best is trial 1 with value: 0.5729486060769275.
[I 2026-05-22 18:25:03,370] Trial 19 finished with value: 0.5308397215912615 and parameters: {'n_estimators': 272, 'learning_rate': 0.05917520523090666, 'subsample': 0.7710164073434198, 'colsample_bytree': 0.610167650697638, 'min_child_weight': 2}. Best is trial 1 with value: 0.5729486060769275.
[I 2026-05-22 18:25:03,942] Trial 20 finished with value: 0.5122630433779863 and parameters: {'n_estimators': 64, 'learning_rate': 0.08710745900492396, 'subsample': 0.7257423924305306, 'colsample_bytree': 0.8034282764658811, 'min_child_weight': 10}. Best is trial 1 with value: 0.5729486060769275.
[I 2026-05-22 18:25:04,575] Trial 21 finished with value: 0.5493641177823261 and parameters: {'n_estimators': 162, 'learning_rate': 0.040381768820718394, 'subsample': 0.9022204554172195, 'colsample_bytree': 0.6915192661966489, 'min_child_weight': 1}. Best is trial 1 with value: 0.5729486060769275.
[I 2026-05-22 18:25:05,240] Trial 22 finished with value: 0.5550090760771852 and parameters: {'n_estimators': 180, 'learning_rate': 0.017303875834205888, 'subsample': 0.9718790609370292, 'colsample_bytree': 0.9232481518257668, 'min_child_weight': 7}. Best is trial 1 with value: 0.5729486060769275.
[I 2026-05-22 18:25:06,222] Trial 23 finished with value: 0.5748532889943272 and parameters: {'n_estimators': 443, 'learning_rate': 0.1538583627271404, 'subsample': 0.6746280235544143, 'colsample_bytree': 0.9570235993959911, 'min_child_weight': 6}. Best is trial 23 with value: 0.5748532889943272.
[I 2026-05-22 18:25:07,181] Trial 24 finished with value: 0.4893264946130344 and parameters: {'n_estimators': 414, 'learning_rate': 0.21068591627429098, 'subsample': 0.7272013899887455, 'colsample_bytree': 0.6440207698110707, 'min_child_weight': 3}. Best is trial 23 with value: 0.5748532889943272.
[I 2026-05-22 18:25:07,920] Trial 25 finished with value: 0.5295795498225911 and parameters: {'n_estimators': 242, 'learning_rate': 0.16155001304356414, 'subsample': 0.9442922333025374, 'colsample_bytree': 0.6027808522124762, 'min_child_weight': 6}. Best is trial 23 with value: 0.5748532889943272.
[I 2026-05-22 18:25:08,646] Trial 26 finished with value: 0.536601453033853 and parameters: {'n_estimators': 238, 'learning_rate': 0.0212853192163843, 'subsample': 0.6479461469334731, 'colsample_bytree': 0.7350460685614512, 'min_child_weight': 10}. Best is trial 23 with value: 0.5748532889943272.
[I 2026-05-22 18:25:09,269] Trial 27 finished with value: 0.5185098285709445 and parameters: {'n_estimators': 195, 'learning_rate': 0.05838706626832953, 'subsample': 0.881207583558071, 'colsample_bytree': 0.7454518409517176, 'min_child_weight': 10}. Best is trial 23 with value: 0.5748532889943272.
[I 2026-05-22 18:25:10,139] Trial 28 finished with value: 0.524217651464185 and parameters: {'n_estimators': 484, 'learning_rate': 0.023545774516299134, 'subsample': 0.7988994023569542, 'colsample_bytree': 0.7203513239267079, 'min_child_weight': 3}. Best is trial 23 with value: 0.5748532889943272.
[I 2026-05-22 18:25:10,646] Trial 29 finished with value: 0.5386399741409752 and parameters: {'n_estimators': 66, 'learning_rate': 0.07950609693143304, 'subsample': 0.8010716092915446, 'colsample_bytree': 0.6205915004999957, 'min_child_weight': 3}. Best is trial 23 with value: 0.5748532889943272.
[I 2026-05-22 18:25:11,502] Trial 30 finished with value: 0.4954034493677126 and parameters: {'n_estimators': 459, 'learning_rate': 0.022587177280197233, 'subsample': 0.6579579488364892, 'colsample_bytree': 0.7957811041110252, 'min_child_weight': 10}. Best is trial 23 with value: 0.5748532889943272.
[I 2026-05-22 18:25:12,011] Trial 31 finished with value: 0.5333600502515601 and parameters: {'n_estimators': 159, 'learning_rate': 0.09836162684900028, 'subsample': 0.9046478461314871, 'colsample_bytree': 0.6950550175969599, 'min_child_weight': 8}. Best is trial 23 with value: 0.5748532889943272.
[I 2026-05-22 18:25:12,689] Trial 32 finished with value: 0.5024142722033147 and parameters: {'n_estimators': 215, 'learning_rate': 0.08589984533104164, 'subsample': 0.8534118843043579, 'colsample_bytree': 0.8143098736299034, 'min_child_weight': 1}. Best is trial 23 with value: 0.5748532889943272.
[I 2026-05-22 18:25:13,395] Trial 33 finished with value: 0.49552472639150735 and parameters: {'n_estimators': 426, 'learning_rate': 0.029773579612263783, 'subsample': 0.6746074041599417, 'colsample_bytree': 0.6163100566219055, 'min_child_weight': 6}. Best is trial 23 with value: 0.5748532889943272.
[I 2026-05-22 18:25:14,055] Trial 34 finished with value: 0.5539685047671281 and parameters: {'n_estimators': 355, 'learning_rate': 0.01058040360169664, 'subsample': 0.8048372233197124, 'colsample_bytree': 0.6905983100791752, 'min_child_weight': 7}. Best is trial 23 with value: 0.5748532889943272.
[I 2026-05-22 18:25:14,653] Trial 35 finished with value: 0.5187575526751556 and parameters: {'n_estimators': 128, 'learning_rate': 0.10485733570643786, 'subsample': 0.7546941385202149, 'colsample_bytree': 0.9746919954946938, 'min_child_weight': 2}. Best is trial 23 with value: 0.5748532889943272.
[I 2026-05-22 18:25:15,298] Trial 36 finished with value: 0.5479405611203448 and parameters: {'n_estimators': 203, 'learning_rate': 0.01471005003927122, 'subsample': 0.9698774473114251, 'colsample_bytree': 0.9509357413523924, 'min_child_weight': 3}. Best is trial 23 with value: 0.5748532889943272.
[I 2026-05-22 18:25:15,942] Trial 37 finished with value: 0.49675066457521044 and parameters: {'n_estimators': 347, 'learning_rate': 0.16111511355977057, 'subsample': 0.822080324639785, 'colsample_bytree': 0.8118602313424026, 'min_child_weight': 3}. Best is trial 23 with value: 0.5748532889943272.
[I 2026-05-22 18:25:16,414] Trial 38 finished with value: 0.5693069067848912 and parameters: {'n_estimators': 91, 'learning_rate': 0.21149322814164553, 'subsample': 0.9601672228653322, 'colsample_bytree': 0.8532405829093072, 'min_child_weight': 4}. Best is trial 23 with value: 0.5748532889943272.
[I 2026-05-22 18:25:17,043] Trial 39 finished with value: 0.5197600735288098 and parameters: {'n_estimators': 207, 'learning_rate': 0.11812030596598909, 'subsample': 0.9588441039810308, 'colsample_bytree': 0.954834569706047, 'min_child_weight': 8}. Best is trial 23 with value: 0.5748532889943272.
[I 2026-05-22 18:25:17,784] Trial 40 finished with value: 0.5240356955538179 and parameters: {'n_estimators': 339, 'learning_rate': 0.013313275850595153, 'subsample': 0.6646514856378455, 'colsample_bytree': 0.9594216754108317, 'min_child_weight': 7}. Best is trial 23 with value: 0.5748532889943272.
/home/mklemmingen/PycharmProjects/migraine-forecasting-shd/.venv/lib/python3.13/site-packages/sklearn/linear_model/_sag.py:348: ConvergenceWarning: The max_iter was reached which means the coef_ did not converge
  warnings.warn(
[I 2026-05-22 18:25:18,349] Trial 41 finished with value: 0.5612477935524443 and parameters: {'n_estimators': 54, 'learning_rate': 0.01412166070620751, 'subsample': 0.8654007076432223, 'colsample_bytree': 0.6020246335384875, 'min_child_weight': 2}. Best is trial 23 with value: 0.5748532889943272.
[I 2026-05-22 18:25:19,059] Trial 42 finished with value: 0.553929545894755 and parameters: {'n_estimators': 297, 'learning_rate': 0.10519936117151477, 'subsample': 0.8607845038010402, 'colsample_bytree': 0.689707723784224, 'min_child_weight': 8}. Best is trial 23 with value: 0.5748532889943272.
[I 2026-05-22 18:25:19,667] Trial 43 finished with value: 0.5516117555392732 and parameters: {'n_estimators': 156, 'learning_rate': 0.030245085073501415, 'subsample': 0.8985965620472096, 'colsample_bytree': 0.8598531596188859, 'min_child_weight': 9}. Best is trial 23 with value: 0.5748532889943272.
[I 2026-05-22 18:25:20,408] Trial 44 finished with value: 0.48249014709504257 and parameters: {'n_estimators': 346, 'learning_rate': 0.06909724267901692, 'subsample': 0.637469907131237, 'colsample_bytree': 0.7470863212237734, 'min_child_weight': 3}. Best is trial 23 with value: 0.5748532889943272.
[I 2026-05-22 18:25:21,012] Trial 45 finished with value: 0.46378340784291455 and parameters: {'n_estimators': 160, 'learning_rate': 0.2736872535680783, 'subsample': 0.7572390898667042, 'colsample_bytree': 0.9568186220708453, 'min_child_weight': 7}. Best is trial 23 with value: 0.5748532889943272.
[I 2026-05-22 18:25:21,834] Trial 46 finished with value: 0.48990009241170007 and parameters: {'n_estimators': 408, 'learning_rate': 0.05526573288655769, 'subsample': 0.8307615538505436, 'colsample_bytree': 0.7970070775275455, 'min_child_weight': 2}. Best is trial 23 with value: 0.5748532889943272.
[I 2026-05-22 18:25:22,491] Trial 47 finished with value: 0.5087798598635922 and parameters: {'n_estimators': 375, 'learning_rate': 0.025985724173338116, 'subsample': 0.6097263865725815, 'colsample_bytree': 0.858188918362867, 'min_child_weight': 2}. Best is trial 23 with value: 0.5748532889943272.
[I 2026-05-22 18:25:23,270] Trial 48 finished with value: 0.5216416378573088 and parameters: {'n_estimators': 474, 'learning_rate': 0.25648866468880704, 'subsample': 0.9659457560881795, 'colsample_bytree': 0.7480634801021777, 'min_child_weight': 1}. Best is trial 23 with value: 0.5748532889943272.
[I 2026-05-22 18:25:24,051] Trial 49 finished with value: 0.5517881938491296 and parameters: {'n_estimators': 468, 'learning_rate': 0.042902233912047165, 'subsample': 0.9866619276174678, 'colsample_bytree': 0.9854479908357011, 'min_child_weight': 9}. Best is trial 23 with value: 0.5748532889943272.
[I 2026-05-22 18:25:24,555] Trial 50 finished with value: 0.5490807899327124 and parameters: {'n_estimators': 182, 'learning_rate': 0.03705408044695723, 'subsample': 0.9404546686067428, 'colsample_bytree': 0.726768802062511, 'min_child_weight': 2}. Best is trial 23 with value: 0.5748532889943272.
[I 2026-05-22 18:25:25,203] Trial 51 finished with value: 0.48388609607430483 and parameters: {'n_estimators': 301, 'learning_rate': 0.24144271975982237, 'subsample': 0.8784119186699892, 'colsample_bytree': 0.828024468035746, 'min_child_weight': 1}. Best is trial 23 with value: 0.5748532889943272.
[I 2026-05-22 18:25:25,843] Trial 52 finished with value: 0.5307038388383555 and parameters: {'n_estimators': 327, 'learning_rate': 0.290021093247953, 'subsample': 0.6560336060946096, 'colsample_bytree': 0.8073318609454947, 'min_child_weight': 9}. Best is trial 23 with value: 0.5748532889943272.
[I 2026-05-22 18:25:26,687] Trial 53 finished with value: 0.5107713885017771 and parameters: {'n_estimators': 384, 'learning_rate': 0.10704755834674413, 'subsample': 0.8809936335948436, 'colsample_bytree': 0.743796460487902, 'min_child_weight': 3}. Best is trial 23 with value: 0.5748532889943272.
[I 2026-05-22 18:25:27,580] Trial 54 finished with value: 0.49892677537677466 and parameters: {'n_estimators': 415, 'learning_rate': 0.1572663162015696, 'subsample': 0.9468289274320415, 'colsample_bytree': 0.9652962210225885, 'min_child_weight': 6}. Best is trial 23 with value: 0.5748532889943272.
[I 2026-05-22 18:25:28,190] Trial 55 finished with value: 0.5237864436961687 and parameters: {'n_estimators': 276, 'learning_rate': 0.15107019033830843, 'subsample': 0.8599855723111061, 'colsample_bytree': 0.8807867509030813, 'min_child_weight': 8}. Best is trial 23 with value: 0.5748532889943272.
[I 2026-05-22 18:25:29,000] Trial 56 finished with value: 0.521281819138158 and parameters: {'n_estimators': 451, 'learning_rate': 0.03156892767756196, 'subsample': 0.7502331810559776, 'colsample_bytree': 0.6375927759363476, 'min_child_weight': 6}. Best is trial 23 with value: 0.5748532889943272.
[I 2026-05-22 18:25:29,406] Trial 57 finished with value: 0.5367729806999841 and parameters: {'n_estimators': 66, 'learning_rate': 0.04872420129560894, 'subsample': 0.8170578538830306, 'colsample_bytree': 0.7146165008513138, 'min_child_weight': 6}. Best is trial 23 with value: 0.5748532889943272.
/home/mklemmingen/PycharmProjects/migraine-forecasting-shd/.venv/lib/python3.13/site-packages/sklearn/linear_model/_sag.py:348: ConvergenceWarning: The max_iter was reached which means the coef_ did not converge
  warnings.warn(
[I 2026-05-22 18:25:29,869] Trial 58 finished with value: 0.5740995304336616 and parameters: {'n_estimators': 63, 'learning_rate': 0.011354494477798304, 'subsample': 0.9290402242638633, 'colsample_bytree': 0.7440762565645052, 'min_child_weight': 2}. Best is trial 23 with value: 0.5748532889943272.
[I 2026-05-22 18:25:30,523] Trial 59 finished with value: 0.48560631339254295 and parameters: {'n_estimators': 285, 'learning_rate': 0.13720623374101712, 'subsample': 0.6863284109987373, 'colsample_bytree': 0.8491561903276001, 'min_child_weight': 1}. Best is trial 23 with value: 0.5748532889943272.
[I 2026-05-22 18:25:30,946] Trial 60 finished with value: 0.5474770649122125 and parameters: {'n_estimators': 73, 'learning_rate': 0.060936179246384004, 'subsample': 0.8162540486440426, 'colsample_bytree': 0.8549719605992826, 'min_child_weight': 8}. Best is trial 23 with value: 0.5748532889943272.
[I 2026-05-22 18:25:31,733] Trial 61 finished with value: 0.5016994158950469 and parameters: {'n_estimators': 490, 'learning_rate': 0.057894621409801394, 'subsample': 0.7291825891764984, 'colsample_bytree': 0.9180744779074814, 'min_child_weight': 3}. Best is trial 23 with value: 0.5748532889943272.
[I 2026-05-22 18:25:32,449] Trial 62 finished with value: 0.5481415680504214 and parameters: {'n_estimators': 247, 'learning_rate': 0.013058388599138515, 'subsample': 0.610140297366183, 'colsample_bytree': 0.98505936587117, 'min_child_weight': 9}. Best is trial 23 with value: 0.5748532889943272.
[I 2026-05-22 18:25:33,215] Trial 63 finished with value: 0.49694881438636196 and parameters: {'n_estimators': 363, 'learning_rate': 0.04018584329485903, 'subsample': 0.6693177280283383, 'colsample_bytree': 0.6625748170684344, 'min_child_weight': 3}. Best is trial 23 with value: 0.5748532889943272.
[I 2026-05-22 18:25:33,806] Trial 64 finished with value: 0.5418640160278435 and parameters: {'n_estimators': 297, 'learning_rate': 0.11364355894710455, 'subsample': 0.8640789506870925, 'colsample_bytree': 0.7119735587783771, 'min_child_weight': 10}. Best is trial 23 with value: 0.5748532889943272.
[I 2026-05-22 18:25:34,591] Trial 65 finished with value: 0.4934954017613354 and parameters: {'n_estimators': 382, 'learning_rate': 0.06589434624667669, 'subsample': 0.8446882984937409, 'colsample_bytree': 0.7678400249711159, 'min_child_weight': 3}. Best is trial 23 with value: 0.5748532889943272.
[I 2026-05-22 18:25:35,121] Trial 66 finished with value: 0.4828263489391717 and parameters: {'n_estimators': 210, 'learning_rate': 0.1316529507921963, 'subsample': 0.6057573954519023, 'colsample_bytree': 0.6464290562027665, 'min_child_weight': 1}. Best is trial 23 with value: 0.5748532889943272.
[I 2026-05-22 18:25:35,652] Trial 67 finished with value: 0.536057300352718 and parameters: {'n_estimators': 68, 'learning_rate': 0.183492792986878, 'subsample': 0.8814631437520095, 'colsample_bytree': 0.78966953163493, 'min_child_weight': 1}. Best is trial 23 with value: 0.5748532889943272.
[I 2026-05-22 18:25:36,260] Trial 68 finished with value: 0.4948362785651125 and parameters: {'n_estimators': 271, 'learning_rate': 0.050046673502396374, 'subsample': 0.669280747964006, 'colsample_bytree': 0.7735406596951893, 'min_child_weight': 4}. Best is trial 23 with value: 0.5748532889943272.
