[I 2026-05-22 18:29:02,860] Trial 359 finished with value: 0.5111360247346207 and parameters: {'n_estimators': 88, 'learning_rate': 0.11431323145889176, 'subsample': 0.6288337343994693, 'colsample_bytree': 0.6285026911061035, 'min_child_weight': 1}. Best is trial 189 with value: 0.5822926158692907.
[I 2026-05-22 18:29:03,632] Trial 360 finished with value: 0.5130474095763344 and parameters: {'n_estimators': 481, 'learning_rate': 0.12285399209683807, 'subsample': 0.7413005634008256, 'colsample_bytree': 0.7186142325150621, 'min_child_weight': 4}. Best is trial 189 with value: 0.5822926158692907.
[I 2026-05-22 18:29:04,346] Trial 361 finished with value: 0.4746665214920126 and parameters: {'n_estimators': 399, 'learning_rate': 0.09482537893094686, 'subsample': 0.6740782271469872, 'colsample_bytree': 0.6696437341336338, 'min_child_weight': 1}. Best is trial 189 with value: 0.5822926158692907.
[I 2026-05-22 18:29:05,106] Trial 362 finished with value: 0.5057831082357127 and parameters: {'n_estimators': 347, 'learning_rate': 0.1346080726275355, 'subsample': 0.7060185713300016, 'colsample_bytree': 0.6083779844123651, 'min_child_weight': 1}. Best is trial 189 with value: 0.5822926158692907.
[I 2026-05-22 18:29:05,974] Trial 363 finished with value: 0.5385777597464485 and parameters: {'n_estimators': 486, 'learning_rate': 0.027315412315616086, 'subsample': 0.9076892591352534, 'colsample_bytree': 0.8498654275417055, 'min_child_weight': 4}. Best is trial 189 with value: 0.5822926158692907.
[I 2026-05-22 18:29:06,584] Trial 364 finished with value: 0.560290501467178 and parameters: {'n_estimators': 142, 'learning_rate': 0.015111321945937187, 'subsample': 0.8460051872155466, 'colsample_bytree': 0.9098535122551152, 'min_child_weight': 7}. Best is trial 189 with value: 0.5822926158692907.
[I 2026-05-22 18:29:07,175] Trial 365 finished with value: 0.5386072187867168 and parameters: {'n_estimators': 289, 'learning_rate': 0.011533657319501244, 'subsample': 0.9873955110377535, 'colsample_bytree': 0.9194856766618298, 'min_child_weight': 3}. Best is trial 189 with value: 0.5822926158692907.
[I 2026-05-22 18:29:07,913] Trial 366 finished with value: 0.5178023829952693 and parameters: {'n_estimators': 491, 'learning_rate': 0.07745546916009907, 'subsample': 0.8329690632828985, 'colsample_bytree': 0.8992292717718129, 'min_child_weight': 9}. Best is trial 189 with value: 0.5822926158692907.
[I 2026-05-22 18:29:08,693] Trial 367 finished with value: 0.5349311705146762 and parameters: {'n_estimators': 346, 'learning_rate': 0.015460123169963555, 'subsample': 0.7353070023977993, 'colsample_bytree': 0.9712334561304199, 'min_child_weight': 3}. Best is trial 189 with value: 0.5822926158692907.
[I 2026-05-22 18:29:09,252] Trial 368 finished with value: 0.5252324996095827 and parameters: {'n_estimators': 217, 'learning_rate': 0.0434740346787853, 'subsample': 0.7757619958777808, 'colsample_bytree': 0.8451758329978102, 'min_child_weight': 10}. Best is trial 189 with value: 0.5822926158692907.
[I 2026-05-22 18:29:09,899] Trial 369 finished with value: 0.5506171163454898 and parameters: {'n_estimators': 158, 'learning_rate': 0.015117231557486779, 'subsample': 0.678988195943975, 'colsample_bytree': 0.9547699600837078, 'min_child_weight': 7}. Best is trial 189 with value: 0.5822926158692907.
[I 2026-05-22 18:29:10,547] Trial 370 finished with value: 0.5549104497612044 and parameters: {'n_estimators': 178, 'learning_rate': 0.16041780377709564, 'subsample': 0.9445479985453744, 'colsample_bytree': 0.9386057354761113, 'min_child_weight': 10}. Best is trial 189 with value: 0.5822926158692907.
[I 2026-05-22 18:29:11,140] Trial 371 finished with value: 0.4801202489506474 and parameters: {'n_estimators': 163, 'learning_rate': 0.13040326976863553, 'subsample': 0.784215798909656, 'colsample_bytree': 0.9367994211560247, 'min_child_weight': 8}. Best is trial 189 with value: 0.5822926158692907.
[I 2026-05-22 18:29:12,090] Trial 372 finished with value: 0.4991828281915563 and parameters: {'n_estimators': 400, 'learning_rate': 0.09316023963068912, 'subsample': 0.6709715077878827, 'colsample_bytree': 0.8180107675587753, 'min_child_weight': 10}. Best is trial 189 with value: 0.5822926158692907.
[I 2026-05-22 18:29:13,092] Trial 373 finished with value: 0.5218615915477202 and parameters: {'n_estimators': 472, 'learning_rate': 0.01158171417528467, 'subsample': 0.6659259262917748, 'colsample_bytree': 0.6526915093818247, 'min_child_weight': 8}. Best is trial 189 with value: 0.5822926158692907.
[I 2026-05-22 18:29:14,033] Trial 374 finished with value: 0.5292094216227474 and parameters: {'n_estimators': 418, 'learning_rate': 0.020671984815280927, 'subsample': 0.8023410771807316, 'colsample_bytree': 0.93628121120448, 'min_child_weight': 8}. Best is trial 189 with value: 0.5822926158692907.
[I 2026-05-22 18:29:14,939] Trial 375 finished with value: 0.49444837931471514 and parameters: {'n_estimators': 294, 'learning_rate': 0.07447579044113503, 'subsample': 0.803344218766512, 'colsample_bytree': 0.7190193805275282, 'min_child_weight': 6}. Best is trial 189 with value: 0.5822926158692907.
[I 2026-05-22 18:29:15,880] Trial 376 finished with value: 0.5085546796925005 and parameters: {'n_estimators': 360, 'learning_rate': 0.19498618458374162, 'subsample': 0.8545165415916992, 'colsample_bytree': 0.9044486148172632, 'min_child_weight': 2}. Best is trial 189 with value: 0.5822926158692907.
[I 2026-05-22 18:29:16,698] Trial 377 finished with value: 0.5393459179822366 and parameters: {'n_estimators': 258, 'learning_rate': 0.01032247724034241, 'subsample': 0.6986715458086492, 'colsample_bytree': 0.8905846860452019, 'min_child_weight': 10}. Best is trial 189 with value: 0.5822926158692907.
[I 2026-05-22 18:29:17,169] Trial 378 finished with value: 0.5830856281951393 and parameters: {'n_estimators': 94, 'learning_rate': 0.03917922018225619, 'subsample': 0.9200283874796638, 'colsample_bytree': 0.6816142538515595, 'min_child_weight': 6}. Best is trial 378 with value: 0.5830856281951393.
[I 2026-05-22 18:29:18,130] Trial 379 finished with value: 0.5235591337317347 and parameters: {'n_estimators': 380, 'learning_rate': 0.0812615685770304, 'subsample': 0.6752098938461665, 'colsample_bytree': 0.7421538274742958, 'min_child_weight': 8}. Best is trial 378 with value: 0.5830856281951393.
[I 2026-05-22 18:29:18,960] Trial 380 finished with value: 0.5537533662899662 and parameters: {'n_estimators': 299, 'learning_rate': 0.010179460777247762, 'subsample': 0.9043963040112375, 'colsample_bytree': 0.6141245419760956, 'min_child_weight': 8}. Best is trial 378 with value: 0.5830856281951393.
[I 2026-05-22 18:29:19,555] Trial 381 finished with value: 0.46654495006229324 and parameters: {'n_estimators': 141, 'learning_rate': 0.2601301558072128, 'subsample': 0.7471763005208338, 'colsample_bytree': 0.7307726465352317, 'min_child_weight': 2}. Best is trial 378 with value: 0.5830856281951393.
[I 2026-05-22 18:29:20,136] Trial 382 finished with value: 0.5539054489096417 and parameters: {'n_estimators': 187, 'learning_rate': 0.19720570440560253, 'subsample': 0.9985337350508989, 'colsample_bytree': 0.7473238122027394, 'min_child_weight': 5}. Best is trial 378 with value: 0.5830856281951393.
[I 2026-05-22 18:29:20,855] Trial 383 finished with value: 0.505814665463508 and parameters: {'n_estimators': 375, 'learning_rate': 0.20371294308531432, 'subsample': 0.8372177336747136, 'colsample_bytree': 0.7566102792711318, 'min_child_weight': 5}. Best is trial 378 with value: 0.5830856281951393.
[I 2026-05-22 18:29:21,684] Trial 384 finished with value: 0.5575308205212702 and parameters: {'n_estimators': 363, 'learning_rate': 0.010110060758310611, 'subsample': 0.8478357349839363, 'colsample_bytree': 0.742197204176543, 'min_child_weight': 8}. Best is trial 378 with value: 0.5830856281951393.
[I 2026-05-22 18:29:22,216] Trial 385 finished with value: 0.5430167403929469 and parameters: {'n_estimators': 91, 'learning_rate': 0.07393431790849944, 'subsample': 0.7923891559544495, 'colsample_bytree': 0.8569302103620909, 'min_child_weight': 1}. Best is trial 378 with value: 0.5830856281951393.
[I 2026-05-22 18:29:22,972] Trial 386 finished with value: 0.5178743451578608 and parameters: {'n_estimators': 311, 'learning_rate': 0.06751197593534965, 'subsample': 0.8242640377664684, 'colsample_bytree': 0.8413950666385819, 'min_child_weight': 7}. Best is trial 378 with value: 0.5830856281951393.
[I 2026-05-22 18:29:23,768] Trial 387 finished with value: 0.554782131952748 and parameters: {'n_estimators': 413, 'learning_rate': 0.025035595189926513, 'subsample': 0.9300197640720248, 'colsample_bytree': 0.7993022729053815, 'min_child_weight': 1}. Best is trial 378 with value: 0.5830856281951393.
[I 2026-05-22 18:29:24,292] Trial 388 finished with value: 0.5713156804684312 and parameters: {'n_estimators': 76, 'learning_rate': 0.031168114073035547, 'subsample': 0.913958790844587, 'colsample_bytree': 0.8830723738963663, 'min_child_weight': 8}. Best is trial 378 with value: 0.5830856281951393.
[I 2026-05-22 18:29:25,003] Trial 389 finished with value: 0.5095186868980301 and parameters: {'n_estimators': 283, 'learning_rate': 0.044691743359853014, 'subsample': 0.6589810106825136, 'colsample_bytree': 0.7312771014437246, 'min_child_weight': 5}. Best is trial 378 with value: 0.5830856281951393.
[I 2026-05-22 18:29:25,438] Trial 390 finished with value: 0.5801288893839189 and parameters: {'n_estimators': 89, 'learning_rate': 0.021177300754445145, 'subsample': 0.8392901176254955, 'colsample_bytree': 0.8942652456956759, 'min_child_weight': 10}. Best is trial 378 with value: 0.5830856281951393.
[I 2026-05-22 18:29:26,210] Trial 391 finished with value: 0.5323167817476235 and parameters: {'n_estimators': 470, 'learning_rate': 0.08895015593736016, 'subsample': 0.7684992213176288, 'colsample_bytree': 0.8544709458832931, 'min_child_weight': 8}. Best is trial 378 with value: 0.5830856281951393.
[I 2026-05-22 18:29:26,723] Trial 392 finished with value: 0.5666745467023235 and parameters: {'n_estimators': 103, 'learning_rate': 0.04031616602432879, 'subsample': 0.9359209142542468, 'colsample_bytree': 0.7535331807732176, 'min_child_weight': 6}. Best is trial 378 with value: 0.5830856281951393.
[I 2026-05-22 18:29:27,380] Trial 393 finished with value: 0.5379365402033844 and parameters: {'n_estimators': 315, 'learning_rate': 0.018728103227942054, 'subsample': 0.7448941766609154, 'colsample_bytree': 0.7338045154967728, 'min_child_weight': 1}. Best is trial 378 with value: 0.5830856281951393.
[I 2026-05-22 18:29:27,799] Trial 394 finished with value: 0.5183448089156648 and parameters: {'n_estimators': 60, 'learning_rate': 0.16924559760882657, 'subsample': 0.7092283239891249, 'colsample_bytree': 0.8072315064955262, 'min_child_weight': 3}. Best is trial 378 with value: 0.5830856281951393.
[I 2026-05-22 18:29:28,695] Trial 395 finished with value: 0.5244620981509043 and parameters: {'n_estimators': 474, 'learning_rate': 0.024155317696268403, 'subsample': 0.7718627250955741, 'colsample_bytree': 0.9490921001938407, 'min_child_weight': 9}. Best is trial 378 with value: 0.5830856281951393.
[I 2026-05-22 18:29:29,279] Trial 396 finished with value: 0.47526969927485485 and parameters: {'n_estimators': 133, 'learning_rate': 0.15332094693292653, 'subsample': 0.7832747546951571, 'colsample_bytree': 0.7931875488341421, 'min_child_weight': 2}. Best is trial 378 with value: 0.5830856281951393.
[I 2026-05-22 18:29:29,816] Trial 397 finished with value: 0.5301573881976844 and parameters: {'n_estimators': 86, 'learning_rate': 0.11891992386176588, 'subsample': 0.7985844609421199, 'colsample_bytree': 0.7747402810460718, 'min_child_weight': 8}. Best is trial 378 with value: 0.5830856281951393.
[I 2026-05-22 18:29:30,493] Trial 398 finished with value: 0.5384630652893544 and parameters: {'n_estimators': 395, 'learning_rate': 0.01716827384736297, 'subsample': 0.8440900597910566, 'colsample_bytree': 0.6541416329110742, 'min_child_weight': 8}. Best is trial 378 with value: 0.5830856281951393.
[I 2026-05-22 18:29:31,353] Trial 399 finished with value: 0.4686297191352843 and parameters: {'n_estimators': 346, 'learning_rate': 0.2588426213619937, 'subsample': 0.6275832065425685, 'colsample_bytree': 0.6228218884605017, 'min_child_weight': 3}. Best is trial 378 with value: 0.5830856281951393.
[I 2026-05-22 18:29:31,919] Trial 400 finished with value: 0.5482789210709639 and parameters: {'n_estimators': 168, 'learning_rate': 0.023164217472997732, 'subsample': 0.9625018322084147, 'colsample_bytree': 0.6998184799398024, 'min_child_weight': 3}. Best is trial 378 with value: 0.5830856281951393.
[I 2026-05-22 18:29:32,814] Trial 401 finished with value: 0.5279196661158803 and parameters: {'n_estimators': 392, 'learning_rate': 0.046165790921315036, 'subsample': 0.9106842227820725, 'colsample_bytree': 0.626146463025754, 'min_child_weight': 5}. Best is trial 378 with value: 0.5830856281951393.
/home/mklemmingen/PycharmProjects/migraine-forecasting-shd/.venv/lib/python3.13/site-packages/sklearn/linear_model/_sag.py:348: ConvergenceWarning: The max_iter was reached which means the coef_ did not converge
  warnings.warn(
[I 2026-05-22 18:29:33,455] Trial 402 finished with value: 0.5671095895051652 and parameters: {'n_estimators': 65, 'learning_rate': 0.012375033364089306, 'subsample': 0.9625749813377644, 'colsample_bytree': 0.655698148447038, 'min_child_weight': 6}. Best is trial 378 with value: 0.5830856281951393.
[I 2026-05-22 18:29:34,258] Trial 403 finished with value: 0.546740969812139 and parameters: {'n_estimators': 235, 'learning_rate': 0.03258878806411497, 'subsample': 0.959933338274909, 'colsample_bytree': 0.6087293587101957, 'min_child_weight': 7}. Best is trial 378 with value: 0.5830856281951393.
[I 2026-05-22 18:29:35,247] Trial 404 finished with value: 0.5205911387442226 and parameters: {'n_estimators': 484, 'learning_rate': 0.06721037677312691, 'subsample': 0.9747289848132368, 'colsample_bytree': 0.6209031517144095, 'min_child_weight': 5}. Best is trial 378 with value: 0.5830856281951393.
[I 2026-05-22 18:29:35,921] Trial 405 finished with value: 0.5279942499495573 and parameters: {'n_estimators': 167, 'learning_rate': 0.12009119896986077, 'subsample': 0.9925188361988987, 'colsample_bytree': 0.7026120249776991, 'min_child_weight': 7}. Best is trial 378 with value: 0.5830856281951393.
[I 2026-05-22 18:29:36,564] Trial 406 finished with value: 0.5304528409253149 and parameters: {'n_estimators': 139, 'learning_rate': 0.06840082422420674, 'subsample': 0.7855729946753345, 'colsample_bytree': 0.9888021318526148, 'min_child_weight': 7}. Best is trial 378 with value: 0.5830856281951393.
[I 2026-05-22 18:29:37,271] Trial 407 finished with value: 0.5402701547329162 and parameters: {'n_estimators': 207, 'learning_rate': 0.014741215968264691, 'subsample': 0.6604987314939738, 'colsample_bytree': 0.690126771980494, 'min_child_weight': 3}. Best is trial 378 with value: 0.5830856281951393.
[I 2026-05-22 18:29:38,210] Trial 408 finished with value: 0.48939389298060065 and parameters: {'n_estimators': 433, 'learning_rate': 0.06745188784237581, 'subsample': 0.8093563645497466, 'colsample_bytree': 0.645907548747687, 'min_child_weight': 9}. Best is trial 378 with value: 0.5830856281951393.
[I 2026-05-22 18:29:39,085] Trial 409 finished with value: 0.5402347138133927 and parameters: {'n_estimators': 375, 'learning_rate': 0.012587931636111327, 'subsample': 0.8831340388919074, 'colsample_bytree': 0.8174152869370584, 'min_child_weight': 1}. Best is trial 378 with value: 0.5830856281951393.
[I 2026-05-22 18:29:39,675] Trial 410 finished with value: 0.5059505097219091 and parameters: {'n_estimators': 256, 'learning_rate': 0.05199423440889519, 'subsample': 0.6663098160653103, 'colsample_bytree': 0.9782792588001129, 'min_child_weight': 9}. Best is trial 378 with value: 0.5830856281951393.
[I 2026-05-22 18:29:40,440] Trial 411 finished with value: 0.5189847153164227 and parameters: {'n_estimators': 351, 'learning_rate': 0.04817997819550144, 'subsample': 0.7647062166338034, 'colsample_bytree': 0.8603893868603816, 'min_child_weight': 6}. Best is trial 378 with value: 0.5830856281951393.
[I 2026-05-22 18:29:40,956] Trial 412 finished with value: 0.5513101343816075 and parameters: {'n_estimators': 78, 'learning_rate': 0.05715162135968608, 'subsample': 0.9225614468931358, 'colsample_bytree': 0.7836959510387832, 'min_child_weight': 1}. Best is trial 378 with value: 0.5830856281951393.
[I 2026-05-22 18:29:41,808] Trial 413 finished with value: 0.528533610996986 and parameters: {'n_estimators': 404, 'learning_rate': 0.01983529767778567, 'subsample': 0.7034483339552156, 'colsample_bytree': 0.6658825413729184, 'min_child_weight': 4}. Best is trial 378 with value: 0.5830856281951393.
[I 2026-05-22 18:29:42,529] Trial 414 finished with value: 0.5275176384720272 and parameters: {'n_estimators': 391, 'learning_rate': 0.058505391852606455, 'subsample': 0.681952509660285, 'colsample_bytree': 0.9511320312608164, 'min_child_weight': 9}. Best is trial 378 with value: 0.5830856281951393.
[I 2026-05-22 18:29:43,399] Trial 415 finished with value: 0.5188906753006275 and parameters: {'n_estimators': 442, 'learning_rate': 0.022528431683873033, 'subsample': 0.7804957376723952, 'colsample_bytree': 0.9939958624563501, 'min_child_weight': 8}. Best is trial 378 with value: 0.5830856281951393.
/home/mklemmingen/PycharmProjects/migraine-forecasting-shd/.venv/lib/python3.13/site-packages/sklearn/linear_model/_sag.py:348: ConvergenceWarning: The max_iter was reached which means the coef_ did not converge
  warnings.warn(
[I 2026-05-22 18:29:44,066] Trial 416 finished with value: 0.574591660909956 and parameters: {'n_estimators': 62, 'learning_rate': 0.012482888394897595, 'subsample': 0.7855725507249331, 'colsample_bytree': 0.9636880823446241, 'min_child_weight': 6}. Best is trial 378 with value: 0.5830856281951393.
[I 2026-05-22 18:29:44,772] Trial 417 finished with value: 0.5467685140620311 and parameters: {'n_estimators': 274, 'learning_rate': 0.014315200791767483, 'subsample': 0.8627120418897176, 'colsample_bytree': 0.9288412642400902, 'min_child_weight': 4}. Best is trial 378 with value: 0.5830856281951393.
[I 2026-05-22 18:29:45,589] Trial 418 finished with value: 0.5300791973385003 and parameters: {'n_estimators': 399, 'learning_rate': 0.2658575297669879, 'subsample': 0.6815065836510756, 'colsample_bytree': 0.8093318524778965, 'min_child_weight': 3}. Best is trial 378 with value: 0.5830856281951393.
[I 2026-05-22 18:29:46,411] Trial 419 finished with value: 0.5051958186664576 and parameters: {'n_estimators': 407, 'learning_rate': 0.07131410519627522, 'subsample': 0.8538329670201215, 'colsample_bytree': 0.9191656638463577, 'min_child_weight': 4}. Best is trial 378 with value: 0.5830856281951393.
[I 2026-05-22 18:29:47,147] Trial 420 finished with value: 0.49504307452272445 and parameters: {'n_estimators': 462, 'learning_rate': 0.061284164435516174, 'subsample': 0.6631819291341392, 'colsample_bytree': 0.878359647267521, 'min_child_weight': 8}. Best is trial 378 with value: 0.5830856281951393.
[I 2026-05-22 18:29:47,750] Trial 421 finished with value: 0.5392128223680133 and parameters: {'n_estimators': 192, 'learning_rate': 0.18456854969046618, 'subsample': 0.9624573019063065, 'colsample_bytree': 0.7107617949511236, 'min_child_weight': 10}. Best is trial 378 with value: 0.5830856281951393.
[I 2026-05-22 18:29:48,336] Trial 422 finished with value: 0.5441541935751679 and parameters: {'n_estimators': 113, 'learning_rate': 0.019879325168768943, 'subsample': 0.6736899356952104, 'colsample_bytree': 0.9575958840031482, 'min_child_weight': 7}. Best is trial 378 with value: 0.5830856281951393.
[I 2026-05-22 18:29:48,922] Trial 423 finished with value: 0.5482570844925465 and parameters: {'n_estimators': 118, 'learning_rate': 0.04471065994177841, 'subsample': 0.8461192100279208, 'colsample_bytree': 0.6333856339957533, 'min_child_weight': 9}. Best is trial 378 with value: 0.5830856281951393.
[I 2026-05-22 18:29:49,852] Trial 424 finished with value: 0.5290255296302642 and parameters: {'n_estimators': 412, 'learning_rate': 0.055750871833158994, 'subsample': 0.9868506461036681, 'colsample_bytree': 0.7671043917100399, 'min_child_weight': 10}. Best is trial 378 with value: 0.5830856281951393.
[I 2026-05-22 18:29:50,823] Trial 425 finished with value: 0.5299755126764334 and parameters: {'n_estimators': 351, 'learning_rate': 0.0865937260774655, 'subsample': 0.666381958118314, 'colsample_bytree': 0.9527711033218575, 'min_child_weight': 5}. Best is trial 378 with value: 0.5830856281951393.
[I 2026-05-22 18:29:51,359] Trial 426 finished with value: 0.5645424285411311 and parameters: {'n_estimators': 123, 'learning_rate': 0.010438133228388727, 'subsample': 0.823902273455353, 'colsample_bytree': 0.8109598488490706, 'min_child_weight': 8}. Best is trial 378 with value: 0.5830856281951393.
[I 2026-05-22 18:29:52,265] Trial 427 finished with value: 0.5454034393127533 and parameters: {'n_estimators': 451, 'learning_rate': 0.013100659346948772, 'subsample': 0.8925985961361449, 'colsample_bytree': 0.6749647776390328, 'min_child_weight': 9}. Best is trial 378 with value: 0.5830856281951393.
[I 2026-05-22 18:29:53,201] Trial 428 finished with value: 0.5075313506470428 and parameters: {'n_estimators': 419, 'learning_rate': 0.0629242358087527, 'subsample': 0.8840971194493246, 'colsample_bytree': 0.7257400452734993, 'min_child_weight': 5}. Best is trial 378 with value: 0.5830856281951393.
[I 2026-05-22 18:29:54,113] Trial 429 finished with value: 0.5348777894177805 and parameters: {'n_estimators': 420, 'learning_rate': 0.04768594398528765, 'subsample': 0.7431193061301767, 'colsample_bytree': 0.7976849789001199, 'min_child_weight': 9}. Best is trial 378 with value: 0.5830856281951393.
