[I 2026-05-15 18:42:31,439] Trial 283 finished with value: 0.7099908379055555 and parameters: {'n_estimators': 472, 'learning_rate': 0.011431814801654361, 'subsample': 0.6488439656040107, 'colsample_bytree': 0.7808796113133741, 'min_child_weight': 10}. Best is trial 6 with value: 0.7148993178199843.
[I 2026-05-15 18:42:32,039] Trial 284 finished with value: 0.7040544811223746 and parameters: {'n_estimators': 192, 'learning_rate': 0.05613675661974366, 'subsample': 0.6166291436201569, 'colsample_bytree': 0.6593372803848355, 'min_child_weight': 10}. Best is trial 6 with value: 0.7148993178199843.
[I 2026-05-15 18:42:32,918] Trial 285 finished with value: 0.6860256867777907 and parameters: {'n_estimators': 485, 'learning_rate': 0.010169437951699022, 'subsample': 0.9807247141692956, 'colsample_bytree': 0.8556479751262, 'min_child_weight': 9}. Best is trial 6 with value: 0.7148993178199843.
[I 2026-05-15 18:42:33,629] Trial 286 finished with value: 0.6599173771800446 and parameters: {'n_estimators': 255, 'learning_rate': 0.05775609906804066, 'subsample': 0.7955386321027681, 'colsample_bytree': 0.8667457030184418, 'min_child_weight': 2}. Best is trial 6 with value: 0.7148993178199843.
/home/mklemmingen/PycharmProjects/migraine-forecasting-shd/.venv/lib/python3.13/site-packages/sklearn/linear_model/_sag.py:348: ConvergenceWarning: The max_iter was reached which means the coef_ did not converge
  warnings.warn(
[I 2026-05-15 18:42:34,149] Trial 287 finished with value: 0.6714043374910297 and parameters: {'n_estimators': 63, 'learning_rate': 0.028500328230541317, 'subsample': 0.8818723050946586, 'colsample_bytree': 0.6807413808491793, 'min_child_weight': 7}. Best is trial 6 with value: 0.7148993178199843.
[I 2026-05-15 18:42:34,913] Trial 288 finished with value: 0.7002847032518618 and parameters: {'n_estimators': 487, 'learning_rate': 0.013762671476649342, 'subsample': 0.8690408472900505, 'colsample_bytree': 0.7775000877218284, 'min_child_weight': 9}. Best is trial 6 with value: 0.7148993178199843.
[I 2026-05-15 18:42:35,483] Trial 289 finished with value: 0.6815770387530318 and parameters: {'n_estimators': 129, 'learning_rate': 0.10546115311381248, 'subsample': 0.9352461158592441, 'colsample_bytree': 0.9778456877896093, 'min_child_weight': 7}. Best is trial 6 with value: 0.7148993178199843.
[I 2026-05-15 18:42:36,228] Trial 290 finished with value: 0.6346783124416349 and parameters: {'n_estimators': 274, 'learning_rate': 0.08177777509881522, 'subsample': 0.9475619937914873, 'colsample_bytree': 0.8282438986555318, 'min_child_weight': 1}. Best is trial 6 with value: 0.7148993178199843.
[I 2026-05-15 18:42:37,096] Trial 291 finished with value: 0.6497088440357471 and parameters: {'n_estimators': 469, 'learning_rate': 0.1043553261250046, 'subsample': 0.8706053543108986, 'colsample_bytree': 0.6862700609590868, 'min_child_weight': 7}. Best is trial 6 with value: 0.7148993178199843.
[I 2026-05-15 18:42:37,789] Trial 292 finished with value: 0.6910632672590831 and parameters: {'n_estimators': 227, 'learning_rate': 0.09161151646334173, 'subsample': 0.6426372121231962, 'colsample_bytree': 0.8631381218412144, 'min_child_weight': 10}. Best is trial 6 with value: 0.7148993178199843.
[I 2026-05-15 18:42:38,337] Trial 293 finished with value: 0.6766028619403306 and parameters: {'n_estimators': 71, 'learning_rate': 0.2775906009459129, 'subsample': 0.7627631842891482, 'colsample_bytree': 0.9483013801349036, 'min_child_weight': 8}. Best is trial 6 with value: 0.7148993178199843.
[I 2026-05-15 18:42:39,144] Trial 294 finished with value: 0.6483696885282547 and parameters: {'n_estimators': 305, 'learning_rate': 0.12324775650896964, 'subsample': 0.9514062245205391, 'colsample_bytree': 0.7616561286604132, 'min_child_weight': 4}. Best is trial 6 with value: 0.7148993178199843.
[I 2026-05-15 18:42:39,823] Trial 295 finished with value: 0.6118202516385266 and parameters: {'n_estimators': 351, 'learning_rate': 0.15605813459825824, 'subsample': 0.9049140539106463, 'colsample_bytree': 0.9191254595434538, 'min_child_weight': 5}. Best is trial 6 with value: 0.7148993178199843.
[I 2026-05-15 18:42:40,675] Trial 296 finished with value: 0.6889734507587668 and parameters: {'n_estimators': 418, 'learning_rate': 0.01505093051273995, 'subsample': 0.8177956391843398, 'colsample_bytree': 0.6023034641992486, 'min_child_weight': 4}. Best is trial 6 with value: 0.7148993178199843.
[I 2026-05-15 18:42:41,322] Trial 297 finished with value: 0.6906503432651782 and parameters: {'n_estimators': 215, 'learning_rate': 0.03847645956359465, 'subsample': 0.8781868826759449, 'colsample_bytree': 0.7554232405081382, 'min_child_weight': 5}. Best is trial 6 with value: 0.7148993178199843.
[I 2026-05-15 18:42:41,854] Trial 298 finished with value: 0.7036808313970411 and parameters: {'n_estimators': 157, 'learning_rate': 0.03559083316675368, 'subsample': 0.6909078509052606, 'colsample_bytree': 0.6292783695073775, 'min_child_weight': 7}. Best is trial 6 with value: 0.7148993178199843.
[I 2026-05-15 18:42:42,620] Trial 299 finished with value: 0.6740515604523332 and parameters: {'n_estimators': 351, 'learning_rate': 0.08223607182620725, 'subsample': 0.785397617520229, 'colsample_bytree': 0.7519143120716919, 'min_child_weight': 9}. Best is trial 6 with value: 0.7148993178199843.
[I 2026-05-15 18:42:43,364] Trial 300 finished with value: 0.6869816620471008 and parameters: {'n_estimators': 284, 'learning_rate': 0.05102813975834138, 'subsample': 0.6102568263225743, 'colsample_bytree': 0.7364991310504625, 'min_child_weight': 4}. Best is trial 6 with value: 0.7148993178199843.
[I 2026-05-15 18:42:44,065] Trial 301 finished with value: 0.6806659800903642 and parameters: {'n_estimators': 229, 'learning_rate': 0.07194240268183227, 'subsample': 0.8134410186907514, 'colsample_bytree': 0.8431620371173778, 'min_child_weight': 8}. Best is trial 6 with value: 0.7148993178199843.
[I 2026-05-15 18:42:44,955] Trial 302 finished with value: 0.6342410945776358 and parameters: {'n_estimators': 416, 'learning_rate': 0.11501509947959764, 'subsample': 0.9822094783819739, 'colsample_bytree': 0.6072930330705446, 'min_child_weight': 2}. Best is trial 6 with value: 0.7148993178199843.
[I 2026-05-15 18:42:45,517] Trial 303 finished with value: 0.6970036829354912 and parameters: {'n_estimators': 53, 'learning_rate': 0.09044793628268057, 'subsample': 0.9592122195799948, 'colsample_bytree': 0.6973929186305197, 'min_child_weight': 10}. Best is trial 6 with value: 0.7148993178199843.
[I 2026-05-15 18:42:46,045] Trial 304 finished with value: 0.6313774334078261 and parameters: {'n_estimators': 77, 'learning_rate': 0.2400354115771027, 'subsample': 0.7406490748958537, 'colsample_bytree': 0.6405683313796866, 'min_child_weight': 5}. Best is trial 6 with value: 0.7148993178199843.
[I 2026-05-15 18:42:46,575] Trial 305 finished with value: 0.7016268051394006 and parameters: {'n_estimators': 165, 'learning_rate': 0.0263506794768714, 'subsample': 0.7229159859705147, 'colsample_bytree': 0.9212103591330654, 'min_child_weight': 6}. Best is trial 6 with value: 0.7148993178199843.
[I 2026-05-15 18:42:47,214] Trial 306 finished with value: 0.6493703358102607 and parameters: {'n_estimators': 190, 'learning_rate': 0.0797144407910146, 'subsample': 0.8864602696892774, 'colsample_bytree': 0.7090496002934135, 'min_child_weight': 5}. Best is trial 6 with value: 0.7148993178199843.
[I 2026-05-15 18:42:47,863] Trial 307 finished with value: 0.6819367955054066 and parameters: {'n_estimators': 104, 'learning_rate': 0.018517380662798396, 'subsample': 0.8724471415859931, 'colsample_bytree': 0.6725753390782507, 'min_child_weight': 6}. Best is trial 6 with value: 0.7148993178199843.
[I 2026-05-15 18:42:48,658] Trial 308 finished with value: 0.7048765420630476 and parameters: {'n_estimators': 369, 'learning_rate': 0.014383685371489131, 'subsample': 0.8269248878515614, 'colsample_bytree': 0.7026251134805455, 'min_child_weight': 10}. Best is trial 6 with value: 0.7148993178199843.
[I 2026-05-15 18:42:49,258] Trial 309 finished with value: 0.6341456758528177 and parameters: {'n_estimators': 268, 'learning_rate': 0.15507747688843285, 'subsample': 0.8200906168625047, 'colsample_bytree': 0.6173650131419276, 'min_child_weight': 7}. Best is trial 6 with value: 0.7148993178199843.
[I 2026-05-15 18:42:49,996] Trial 310 finished with value: 0.6156177567701193 and parameters: {'n_estimators': 479, 'learning_rate': 0.07738443331853193, 'subsample': 0.927675543770716, 'colsample_bytree': 0.9536825853393631, 'min_child_weight': 3}. Best is trial 6 with value: 0.7148993178199843.
[I 2026-05-15 18:42:50,663] Trial 311 finished with value: 0.6993076095902312 and parameters: {'n_estimators': 145, 'learning_rate': 0.0798901073742648, 'subsample': 0.7644113879226819, 'colsample_bytree': 0.9359445211466881, 'min_child_weight': 10}. Best is trial 6 with value: 0.7148993178199843.
[I 2026-05-15 18:42:51,314] Trial 312 finished with value: 0.6919389541499557 and parameters: {'n_estimators': 209, 'learning_rate': 0.022381363321172874, 'subsample': 0.9122102060975448, 'colsample_bytree': 0.7099224142192544, 'min_child_weight': 9}. Best is trial 6 with value: 0.7148993178199843.
[I 2026-05-15 18:42:52,017] Trial 313 finished with value: 0.6760942270932422 and parameters: {'n_estimators': 241, 'learning_rate': 0.09683941223364781, 'subsample': 0.6382141255338672, 'colsample_bytree': 0.8495437298706292, 'min_child_weight': 5}. Best is trial 6 with value: 0.7148993178199843.
[I 2026-05-15 18:42:52,712] Trial 314 finished with value: 0.690414858130975 and parameters: {'n_estimators': 314, 'learning_rate': 0.01770831983748908, 'subsample': 0.8947494979776729, 'colsample_bytree': 0.9451188310172914, 'min_child_weight': 3}. Best is trial 6 with value: 0.7148993178199843.
/home/mklemmingen/PycharmProjects/migraine-forecasting-shd/.venv/lib/python3.13/site-packages/sklearn/linear_model/_sag.py:348: ConvergenceWarning: The max_iter was reached which means the coef_ did not converge
  warnings.warn(
[I 2026-05-15 18:42:53,228] Trial 315 finished with value: 0.6910532099832831 and parameters: {'n_estimators': 93, 'learning_rate': 0.01083719924029523, 'subsample': 0.8567886001773064, 'colsample_bytree': 0.8428376144355123, 'min_child_weight': 6}. Best is trial 6 with value: 0.7148993178199843.
[I 2026-05-15 18:42:53,829] Trial 316 finished with value: 0.7031161601924634 and parameters: {'n_estimators': 154, 'learning_rate': 0.03779336441896264, 'subsample': 0.8377905340744692, 'colsample_bytree': 0.7987067435436678, 'min_child_weight': 10}. Best is trial 6 with value: 0.7148993178199843.
[I 2026-05-15 18:42:54,421] Trial 317 finished with value: 0.6692034854629471 and parameters: {'n_estimators': 111, 'learning_rate': 0.10636844146050517, 'subsample': 0.7617275072417169, 'colsample_bytree': 0.7712798459702459, 'min_child_weight': 8}. Best is trial 6 with value: 0.7148993178199843.
[I 2026-05-15 18:42:55,180] Trial 318 finished with value: 0.6341580585330648 and parameters: {'n_estimators': 362, 'learning_rate': 0.29120933806254257, 'subsample': 0.65135771578165, 'colsample_bytree': 0.6416438597536666, 'min_child_weight': 8}. Best is trial 6 with value: 0.7148993178199843.
[I 2026-05-15 18:42:55,914] Trial 319 finished with value: 0.7069155700382643 and parameters: {'n_estimators': 310, 'learning_rate': 0.02540788691400217, 'subsample': 0.6317677475955946, 'colsample_bytree': 0.6342632998385722, 'min_child_weight': 9}. Best is trial 6 with value: 0.7148993178199843.
[I 2026-05-15 18:42:56,541] Trial 320 finished with value: 0.6881908028436164 and parameters: {'n_estimators': 136, 'learning_rate': 0.030037169658485924, 'subsample': 0.6906625608907953, 'colsample_bytree': 0.741998522332775, 'min_child_weight': 1}. Best is trial 6 with value: 0.7148993178199843.
[I 2026-05-15 18:42:57,168] Trial 321 finished with value: 0.695463847714632 and parameters: {'n_estimators': 284, 'learning_rate': 0.012585542911797537, 'subsample': 0.9201426031289446, 'colsample_bytree': 0.6934848327641732, 'min_child_weight': 6}. Best is trial 6 with value: 0.7148993178199843.
[I 2026-05-15 18:42:57,934] Trial 322 finished with value: 0.65046322144288 and parameters: {'n_estimators': 446, 'learning_rate': 0.09150077995838635, 'subsample': 0.8131831146205342, 'colsample_bytree': 0.7297335012461502, 'min_child_weight': 4}. Best is trial 6 with value: 0.7148993178199843.
[I 2026-05-15 18:42:58,722] Trial 323 finished with value: 0.6464925640388384 and parameters: {'n_estimators': 351, 'learning_rate': 0.29407924898517374, 'subsample': 0.8647356759397514, 'colsample_bytree': 0.82311336694801, 'min_child_weight': 8}. Best is trial 6 with value: 0.7148993178199843.
[I 2026-05-15 18:42:59,494] Trial 324 finished with value: 0.692958072495701 and parameters: {'n_estimators': 259, 'learning_rate': 0.01226980138039418, 'subsample': 0.8249187263511639, 'colsample_bytree': 0.9830501138021521, 'min_child_weight': 2}. Best is trial 6 with value: 0.7148993178199843.
[I 2026-05-15 18:43:00,284] Trial 325 finished with value: 0.686606323518222 and parameters: {'n_estimators': 361, 'learning_rate': 0.019806303165826888, 'subsample': 0.8143310737892325, 'colsample_bytree': 0.6386705798586878, 'min_child_weight': 5}. Best is trial 6 with value: 0.7148993178199843.
[I 2026-05-15 18:43:01,000] Trial 326 finished with value: 0.6896814678111152 and parameters: {'n_estimators': 391, 'learning_rate': 0.03261409155209172, 'subsample': 0.8659646897948872, 'colsample_bytree': 0.9181799843158917, 'min_child_weight': 10}. Best is trial 6 with value: 0.7148993178199843.
[I 2026-05-15 18:43:01,528] Trial 327 finished with value: 0.7145346089654429 and parameters: {'n_estimators': 155, 'learning_rate': 0.03889000747205442, 'subsample': 0.660966405332167, 'colsample_bytree': 0.9969934008633501, 'min_child_weight': 10}. Best is trial 6 with value: 0.7148993178199843.
[I 2026-05-15 18:43:02,207] Trial 328 finished with value: 0.6196636597149234 and parameters: {'n_estimators': 293, 'learning_rate': 0.1753013563315513, 'subsample': 0.8083831909088168, 'colsample_bytree': 0.8494342752011039, 'min_child_weight': 1}. Best is trial 6 with value: 0.7148993178199843.
[I 2026-05-15 18:43:03,081] Trial 329 finished with value: 0.6867191501252046 and parameters: {'n_estimators': 390, 'learning_rate': 0.015440035736547127, 'subsample': 0.9304270521010114, 'colsample_bytree': 0.9128112350681543, 'min_child_weight': 8}. Best is trial 6 with value: 0.7148993178199843.
[I 2026-05-15 18:43:03,648] Trial 330 finished with value: 0.6777067164536035 and parameters: {'n_estimators': 66, 'learning_rate': 0.028038665366359614, 'subsample': 0.7052450279643372, 'colsample_bytree': 0.7440545629886076, 'min_child_weight': 1}. Best is trial 6 with value: 0.7148993178199843.
[I 2026-05-15 18:43:04,552] Trial 331 finished with value: 0.6462556002597557 and parameters: {'n_estimators': 472, 'learning_rate': 0.06577079034641956, 'subsample': 0.7222097242632094, 'colsample_bytree': 0.7587926068297134, 'min_child_weight': 5}. Best is trial 6 with value: 0.7148993178199843.
[I 2026-05-15 18:43:05,316] Trial 332 finished with value: 0.6732677658811853 and parameters: {'n_estimators': 320, 'learning_rate': 0.057772484305485476, 'subsample': 0.9677567892857669, 'colsample_bytree': 0.7987853931623321, 'min_child_weight': 10}. Best is trial 6 with value: 0.7148993178199843.
[I 2026-05-15 18:43:06,056] Trial 333 finished with value: 0.6840359621668994 and parameters: {'n_estimators': 433, 'learning_rate': 0.020323350754982393, 'subsample': 0.9722380858575665, 'colsample_bytree': 0.6465465591541905, 'min_child_weight': 9}. Best is trial 6 with value: 0.7148993178199843.
[I 2026-05-15 18:43:06,782] Trial 334 finished with value: 0.6382350695400691 and parameters: {'n_estimators': 221, 'learning_rate': 0.19809546339433803, 'subsample': 0.9472226760429802, 'colsample_bytree': 0.9223701600470484, 'min_child_weight': 8}. Best is trial 6 with value: 0.7148993178199843.
[I 2026-05-15 18:43:07,416] Trial 335 finished with value: 0.7009362632895324 and parameters: {'n_estimators': 187, 'learning_rate': 0.013168235744853684, 'subsample': 0.7611920715060646, 'colsample_bytree': 0.6694098059946034, 'min_child_weight': 7}. Best is trial 6 with value: 0.7148993178199843.
[I 2026-05-15 18:43:08,053] Trial 336 finished with value: 0.6474404538610878 and parameters: {'n_estimators': 206, 'learning_rate': 0.2761179014535634, 'subsample': 0.8563888309381328, 'colsample_bytree': 0.9289922254537444, 'min_child_weight': 2}. Best is trial 6 with value: 0.7148993178199843.
[I 2026-05-15 18:43:08,911] Trial 337 finished with value: 0.6309168060164654 and parameters: {'n_estimators': 438, 'learning_rate': 0.23068760438332875, 'subsample': 0.7948247675275744, 'colsample_bytree': 0.842501175100391, 'min_child_weight': 8}. Best is trial 6 with value: 0.7148993178199843.
[I 2026-05-15 18:43:09,520] Trial 338 finished with value: 0.6689445749715419 and parameters: {'n_estimators': 128, 'learning_rate': 0.055252385524164935, 'subsample': 0.7594652111089253, 'colsample_bytree': 0.6585495968648997, 'min_child_weight': 4}. Best is trial 6 with value: 0.7148993178199843.
/home/mklemmingen/PycharmProjects/migraine-forecasting-shd/.venv/lib/python3.13/site-packages/sklearn/linear_model/_sag.py:348: ConvergenceWarning: The max_iter was reached which means the coef_ did not converge
  warnings.warn(
[I 2026-05-15 18:43:10,077] Trial 339 finished with value: 0.7002203121255149 and parameters: {'n_estimators': 80, 'learning_rate': 0.01091760346507846, 'subsample': 0.6540665156619291, 'colsample_bytree': 0.9852460446356696, 'min_child_weight': 6}. Best is trial 6 with value: 0.7148993178199843.
[I 2026-05-15 18:43:10,986] Trial 340 finished with value: 0.6611367911162538 and parameters: {'n_estimators': 485, 'learning_rate': 0.04353632923371348, 'subsample': 0.7247264532341038, 'colsample_bytree': 0.8024567451360977, 'min_child_weight': 5}. Best is trial 6 with value: 0.7148993178199843.
[I 2026-05-15 18:43:11,496] Trial 341 finished with value: 0.701785887869294 and parameters: {'n_estimators': 97, 'learning_rate': 0.08842563149178337, 'subsample': 0.6864152730038399, 'colsample_bytree': 0.8478351819591319, 'min_child_weight': 7}. Best is trial 6 with value: 0.7148993178199843.
/home/mklemmingen/PycharmProjects/migraine-forecasting-shd/.venv/lib/python3.13/site-packages/sklearn/linear_model/_sag.py:348: ConvergenceWarning: The max_iter was reached which means the coef_ did not converge
  warnings.warn(
[I 2026-05-15 18:43:12,154] Trial 342 finished with value: 0.6868376877125856 and parameters: {'n_estimators': 118, 'learning_rate': 0.012320287379467502, 'subsample': 0.912304634427376, 'colsample_bytree': 0.783920169507728, 'min_child_weight': 1}. Best is trial 6 with value: 0.7148993178199843.
[I 2026-05-15 18:43:13,149] Trial 343 finished with value: 0.6933417911286646 and parameters: {'n_estimators': 498, 'learning_rate': 0.012171634282309616, 'subsample': 0.8780140915434212, 'colsample_bytree': 0.9934715701053655, 'min_child_weight': 3}. Best is trial 6 with value: 0.7148993178199843.
/home/mklemmingen/PycharmProjects/migraine-forecasting-shd/.venv/lib/python3.13/site-packages/sklearn/linear_model/_sag.py:348: ConvergenceWarning: The max_iter was reached which means the coef_ did not converge
  warnings.warn(
[I 2026-05-15 18:43:13,827] Trial 344 finished with value: 0.7043866613154935 and parameters: {'n_estimators': 114, 'learning_rate': 0.015111245944092168, 'subsample': 0.7213100590270383, 'colsample_bytree': 0.6404183244042586, 'min_child_weight': 7}. Best is trial 6 with value: 0.7148993178199843.
[I 2026-05-15 18:43:14,423] Trial 345 finished with value: 0.6812925426890516 and parameters: {'n_estimators': 78, 'learning_rate': 0.0565559436526224, 'subsample': 0.9986787415411907, 'colsample_bytree': 0.9255881078024075, 'min_child_weight': 7}. Best is trial 6 with value: 0.7148993178199843.
[I 2026-05-15 18:43:15,077] Trial 346 finished with value: 0.6610776115717444 and parameters: {'n_estimators': 188, 'learning_rate': 0.08347757040088627, 'subsample': 0.8108165855646606, 'colsample_bytree': 0.7704333535561486, 'min_child_weight': 2}. Best is trial 6 with value: 0.7148993178199843.
[I 2026-05-15 18:43:15,889] Trial 347 finished with value: 0.6615304293082145 and parameters: {'n_estimators': 449, 'learning_rate': 0.046172826907491506, 'subsample': 0.677849004728306, 'colsample_bytree': 0.7471037403509159, 'min_child_weight': 5}. Best is trial 6 with value: 0.7148993178199843.
[I 2026-05-15 18:43:16,678] Trial 348 finished with value: 0.6337616626956548 and parameters: {'n_estimators': 423, 'learning_rate': 0.12123761779314282, 'subsample': 0.9077219574565359, 'colsample_bytree': 0.6044125057714589, 'min_child_weight': 5}. Best is trial 6 with value: 0.7148993178199843.
[I 2026-05-15 18:43:17,264] Trial 349 finished with value: 0.6912264658234821 and parameters: {'n_estimators': 267, 'learning_rate': 0.010674543712834376, 'subsample': 0.7039252834980136, 'colsample_bytree': 0.904115929248854, 'min_child_weight': 2}. Best is trial 6 with value: 0.7148993178199843.
[I 2026-05-15 18:43:17,911] Trial 350 finished with value: 0.710824341285108 and parameters: {'n_estimators': 291, 'learning_rate': 0.020791185786432916, 'subsample': 0.6048483098575573, 'colsample_bytree': 0.6964805830398166, 'min_child_weight': 10}. Best is trial 6 with value: 0.7148993178199843.
[I 2026-05-15 18:43:18,634] Trial 351 finished with value: 0.6243823889623134 and parameters: {'n_estimators': 411, 'learning_rate': 0.2614634918292481, 'subsample': 0.795141617570545, 'colsample_bytree': 0.6438944794710014, 'min_child_weight': 6}. Best is trial 6 with value: 0.7148993178199843.
