[I 2026-05-15 18:44:07,761] Trial 422 finished with value: 0.7006902369135812 and parameters: {'n_estimators': 113, 'learning_rate': 0.019879325168768943, 'subsample': 0.6736899356952104, 'colsample_bytree': 0.9575958840031482, 'min_child_weight': 7}. Best is trial 6 with value: 0.7148993178199843.
[I 2026-05-15 18:44:08,358] Trial 423 finished with value: 0.6991977079891135 and parameters: {'n_estimators': 118, 'learning_rate': 0.04471065994177841, 'subsample': 0.8461192100279208, 'colsample_bytree': 0.6333856339957533, 'min_child_weight': 9}. Best is trial 6 with value: 0.7148993178199843.
[I 2026-05-15 18:44:09,086] Trial 424 finished with value: 0.6600066515647411 and parameters: {'n_estimators': 412, 'learning_rate': 0.055750871833158994, 'subsample': 0.9868506461036681, 'colsample_bytree': 0.7671043917100399, 'min_child_weight': 10}. Best is trial 6 with value: 0.7148993178199843.
[I 2026-05-15 18:44:09,896] Trial 425 finished with value: 0.6856144143210504 and parameters: {'n_estimators': 351, 'learning_rate': 0.0865937260774655, 'subsample': 0.666381958118314, 'colsample_bytree': 0.9527711033218575, 'min_child_weight': 5}. Best is trial 6 with value: 0.7148993178199843.
/home/mklemmingen/PycharmProjects/migraine-forecasting-shd/.venv/lib/python3.13/site-packages/sklearn/linear_model/_sag.py:348: ConvergenceWarning: The max_iter was reached which means the coef_ did not converge
  warnings.warn(
[I 2026-05-15 18:44:10,453] Trial 426 finished with value: 0.6984004321823598 and parameters: {'n_estimators': 123, 'learning_rate': 0.010438133228388727, 'subsample': 0.823902273455353, 'colsample_bytree': 0.8109598488490706, 'min_child_weight': 8}. Best is trial 6 with value: 0.7148993178199843.
[I 2026-05-15 18:44:11,224] Trial 427 finished with value: 0.6955147051526972 and parameters: {'n_estimators': 451, 'learning_rate': 0.013100659346948772, 'subsample': 0.8925985961361449, 'colsample_bytree': 0.6749647776390328, 'min_child_weight': 9}. Best is trial 6 with value: 0.7148993178199843.
[I 2026-05-15 18:44:12,062] Trial 428 finished with value: 0.6342390121108794 and parameters: {'n_estimators': 419, 'learning_rate': 0.0629242358087527, 'subsample': 0.8840971194493246, 'colsample_bytree': 0.7257400452734993, 'min_child_weight': 5}. Best is trial 6 with value: 0.7148993178199843.
[I 2026-05-15 18:44:12,887] Trial 429 finished with value: 0.679803947982776 and parameters: {'n_estimators': 420, 'learning_rate': 0.04768594398528765, 'subsample': 0.7431193061301767, 'colsample_bytree': 0.7976849789001199, 'min_child_weight': 9}. Best is trial 6 with value: 0.7148993178199843.
[I 2026-05-15 18:44:13,479] Trial 430 finished with value: 0.6898757935757013 and parameters: {'n_estimators': 201, 'learning_rate': 0.018057887475815004, 'subsample': 0.8848056081323123, 'colsample_bytree': 0.9303912850832328, 'min_child_weight': 2}. Best is trial 6 with value: 0.7148993178199843.
[I 2026-05-15 18:44:14,150] Trial 431 finished with value: 0.7125670378793544 and parameters: {'n_estimators': 158, 'learning_rate': 0.016207269122103407, 'subsample': 0.7391765646328666, 'colsample_bytree': 0.7801403915621651, 'min_child_weight': 8}. Best is trial 6 with value: 0.7148993178199843.
[I 2026-05-15 18:44:14,950] Trial 432 finished with value: 0.6676419256239499 and parameters: {'n_estimators': 343, 'learning_rate': 0.08263932946915954, 'subsample': 0.7409499786438618, 'colsample_bytree': 0.936579021233904, 'min_child_weight': 5}. Best is trial 6 with value: 0.7148993178199843.
[I 2026-05-15 18:44:15,883] Trial 433 finished with value: 0.6695022081512594 and parameters: {'n_estimators': 491, 'learning_rate': 0.0864380241535905, 'subsample': 0.650505896625801, 'colsample_bytree': 0.8704710248301736, 'min_child_weight': 4}. Best is trial 6 with value: 0.7148993178199843.
[I 2026-05-15 18:44:16,683] Trial 434 finished with value: 0.6958215960222913 and parameters: {'n_estimators': 359, 'learning_rate': 0.01267267858739504, 'subsample': 0.6699525748703837, 'colsample_bytree': 0.9422949035623145, 'min_child_weight': 3}. Best is trial 6 with value: 0.7148993178199843.
[I 2026-05-15 18:44:17,492] Trial 435 finished with value: 0.6660986528521338 and parameters: {'n_estimators': 427, 'learning_rate': 0.025853815556781314, 'subsample': 0.8571527640234831, 'colsample_bytree': 0.8776602294039324, 'min_child_weight': 6}. Best is trial 6 with value: 0.7148993178199843.
[I 2026-05-15 18:44:18,069] Trial 436 finished with value: 0.7094845843821285 and parameters: {'n_estimators': 187, 'learning_rate': 0.020611116973351568, 'subsample': 0.6132757418249705, 'colsample_bytree': 0.7215785604962895, 'min_child_weight': 7}. Best is trial 6 with value: 0.7148993178199843.
[I 2026-05-15 18:44:18,909] Trial 437 finished with value: 0.6118927076577738 and parameters: {'n_estimators': 473, 'learning_rate': 0.19358631724539005, 'subsample': 0.906425910614121, 'colsample_bytree': 0.9153789373013195, 'min_child_weight': 7}. Best is trial 6 with value: 0.7148993178199843.
[I 2026-05-15 18:44:19,538] Trial 438 finished with value: 0.6130772178672517 and parameters: {'n_estimators': 167, 'learning_rate': 0.21879483321711532, 'subsample': 0.8682929247623337, 'colsample_bytree': 0.824176252392176, 'min_child_weight': 2}. Best is trial 6 with value: 0.7148993178199843.
[I 2026-05-15 18:44:20,240] Trial 439 finished with value: 0.6524900098368602 and parameters: {'n_estimators': 251, 'learning_rate': 0.04786355886562226, 'subsample': 0.945825443809068, 'colsample_bytree': 0.8186592880751153, 'min_child_weight': 4}. Best is trial 6 with value: 0.7148993178199843.
[I 2026-05-15 18:44:21,205] Trial 440 finished with value: 0.7090598242505886 and parameters: {'n_estimators': 490, 'learning_rate': 0.01457295895607814, 'subsample': 0.7690193713247778, 'colsample_bytree': 0.6168098700685621, 'min_child_weight': 8}. Best is trial 6 with value: 0.7148993178199843.
[I 2026-05-15 18:44:21,973] Trial 441 finished with value: 0.6879586501822843 and parameters: {'n_estimators': 464, 'learning_rate': 0.025920841209530192, 'subsample': 0.9433366707196483, 'colsample_bytree': 0.7168872921847591, 'min_child_weight': 10}. Best is trial 6 with value: 0.7148993178199843.
[I 2026-05-15 18:44:22,695] Trial 442 finished with value: 0.6561807524155864 and parameters: {'n_estimators': 390, 'learning_rate': 0.15450584307359988, 'subsample': 0.6072026222401817, 'colsample_bytree': 0.9851241428296104, 'min_child_weight': 8}. Best is trial 6 with value: 0.7148993178199843.
[I 2026-05-15 18:44:23,345] Trial 443 finished with value: 0.6215322361274739 and parameters: {'n_estimators': 187, 'learning_rate': 0.16792543733160814, 'subsample': 0.7126084793659719, 'colsample_bytree': 0.9491015358264512, 'min_child_weight': 2}. Best is trial 6 with value: 0.7148993178199843.
[I 2026-05-15 18:44:24,142] Trial 444 finished with value: 0.6781912527927128 and parameters: {'n_estimators': 367, 'learning_rate': 0.06290384785668314, 'subsample': 0.6386137880781763, 'colsample_bytree': 0.6967575313035356, 'min_child_weight': 1}. Best is trial 6 with value: 0.7148993178199843.
[I 2026-05-15 18:44:24,850] Trial 445 finished with value: 0.68384396521094 and parameters: {'n_estimators': 261, 'learning_rate': 0.027861552979882055, 'subsample': 0.8393429937191035, 'colsample_bytree': 0.7188951230834468, 'min_child_weight': 3}. Best is trial 6 with value: 0.7148993178199843.
[I 2026-05-15 18:44:25,729] Trial 446 finished with value: 0.6864212899477278 and parameters: {'n_estimators': 385, 'learning_rate': 0.011779118917765358, 'subsample': 0.9611579980767949, 'colsample_bytree': 0.9409055497564726, 'min_child_weight': 7}. Best is trial 6 with value: 0.7148993178199843.
[I 2026-05-15 18:44:26,476] Trial 447 finished with value: 0.6294300271297281 and parameters: {'n_estimators': 317, 'learning_rate': 0.20798833851902154, 'subsample': 0.6741320718114857, 'colsample_bytree': 0.6315876648763314, 'min_child_weight': 3}. Best is trial 6 with value: 0.7148993178199843.
[I 2026-05-15 18:44:27,337] Trial 448 finished with value: 0.7086055711089914 and parameters: {'n_estimators': 408, 'learning_rate': 0.011251545684671009, 'subsample': 0.8331227340333959, 'colsample_bytree': 0.998175006476524, 'min_child_weight': 9}. Best is trial 6 with value: 0.7148993178199843.
[I 2026-05-15 18:44:28,131] Trial 449 finished with value: 0.694791084115923 and parameters: {'n_estimators': 285, 'learning_rate': 0.01241667574162566, 'subsample': 0.9325494057542839, 'colsample_bytree': 0.8395914032708842, 'min_child_weight': 2}. Best is trial 6 with value: 0.7148993178199843.
[I 2026-05-15 18:44:28,704] Trial 450 finished with value: 0.677034981197102 and parameters: {'n_estimators': 92, 'learning_rate': 0.22061198833242798, 'subsample': 0.8676801051752314, 'colsample_bytree': 0.9317147197267022, 'min_child_weight': 9}. Best is trial 6 with value: 0.7148993178199843.
[I 2026-05-15 18:44:29,505] Trial 451 finished with value: 0.6526123327639877 and parameters: {'n_estimators': 307, 'learning_rate': 0.0581207224960615, 'subsample': 0.772170964128396, 'colsample_bytree': 0.7267786351164477, 'min_child_weight': 5}. Best is trial 6 with value: 0.7148993178199843.
[I 2026-05-15 18:44:30,331] Trial 452 finished with value: 0.663185984752879 and parameters: {'n_estimators': 399, 'learning_rate': 0.07746649269331939, 'subsample': 0.9570093159819384, 'colsample_bytree': 0.7773520057516751, 'min_child_weight': 7}. Best is trial 6 with value: 0.7148993178199843.
[I 2026-05-15 18:44:30,981] Trial 453 finished with value: 0.6258545278897274 and parameters: {'n_estimators': 334, 'learning_rate': 0.0748184065939263, 'subsample': 0.8810535092342064, 'colsample_bytree': 0.6949733873499225, 'min_child_weight': 6}. Best is trial 6 with value: 0.7148993178199843.
[I 2026-05-15 18:44:31,429] Trial 454 finished with value: 0.7025035194140223 and parameters: {'n_estimators': 97, 'learning_rate': 0.036980251015176706, 'subsample': 0.7950668274485058, 'colsample_bytree': 0.860889703818189, 'min_child_weight': 10}. Best is trial 6 with value: 0.7148993178199843.
[I 2026-05-15 18:44:32,217] Trial 455 finished with value: 0.6580061599443467 and parameters: {'n_estimators': 320, 'learning_rate': 0.1254233448202614, 'subsample': 0.8025064237980811, 'colsample_bytree': 0.8536416125505325, 'min_child_weight': 1}. Best is trial 6 with value: 0.7148993178199843.
[I 2026-05-15 18:44:32,777] Trial 456 finished with value: 0.6774020879777731 and parameters: {'n_estimators': 164, 'learning_rate': 0.034237409324173344, 'subsample': 0.7889973420026054, 'colsample_bytree': 0.6182594982009535, 'min_child_weight': 2}. Best is trial 6 with value: 0.7148993178199843.
[I 2026-05-15 18:44:33,347] Trial 457 finished with value: 0.6409340912945383 and parameters: {'n_estimators': 174, 'learning_rate': 0.27231501443854883, 'subsample': 0.7325388028412203, 'colsample_bytree': 0.792816423244833, 'min_child_weight': 2}. Best is trial 6 with value: 0.7148993178199843.
[I 2026-05-15 18:44:34,226] Trial 458 finished with value: 0.6871750066048005 and parameters: {'n_estimators': 325, 'learning_rate': 0.025977846332749535, 'subsample': 0.6827970313753707, 'colsample_bytree': 0.8066290513783916, 'min_child_weight': 1}. Best is trial 6 with value: 0.7148993178199843.
/home/mklemmingen/PycharmProjects/migraine-forecasting-shd/.venv/lib/python3.13/site-packages/sklearn/linear_model/_sag.py:348: ConvergenceWarning: The max_iter was reached which means the coef_ did not converge
  warnings.warn(
[I 2026-05-15 18:44:34,822] Trial 459 finished with value: 0.6926713791407856 and parameters: {'n_estimators': 53, 'learning_rate': 0.021066442106264575, 'subsample': 0.6146885450003284, 'colsample_bytree': 0.6432103016522766, 'min_child_weight': 4}. Best is trial 6 with value: 0.7148993178199843.
[I 2026-05-15 18:44:35,660] Trial 460 finished with value: 0.663859028407245 and parameters: {'n_estimators': 411, 'learning_rate': 0.0699818162890777, 'subsample': 0.8050670903825665, 'colsample_bytree': 0.7173955292832487, 'min_child_weight': 10}. Best is trial 6 with value: 0.7148993178199843.
[I 2026-05-15 18:44:36,401] Trial 461 finished with value: 0.6828847934270371 and parameters: {'n_estimators': 229, 'learning_rate': 0.013447655564488178, 'subsample': 0.8468266064471205, 'colsample_bytree': 0.6455353573906405, 'min_child_weight': 4}. Best is trial 6 with value: 0.7148993178199843.
[I 2026-05-15 18:44:37,055] Trial 462 finished with value: 0.6573149626280991 and parameters: {'n_estimators': 278, 'learning_rate': 0.19558370667886593, 'subsample': 0.7974186321360475, 'colsample_bytree': 0.8809035064126657, 'min_child_weight': 10}. Best is trial 6 with value: 0.7148993178199843.
[I 2026-05-15 18:44:37,557] Trial 463 finished with value: 0.6972745039282996 and parameters: {'n_estimators': 109, 'learning_rate': 0.025457266891510556, 'subsample': 0.7578304302390586, 'colsample_bytree': 0.7687312714155325, 'min_child_weight': 5}. Best is trial 6 with value: 0.7148993178199843.
[I 2026-05-15 18:44:38,469] Trial 464 finished with value: 0.6467180299474753 and parameters: {'n_estimators': 459, 'learning_rate': 0.11342604671636315, 'subsample': 0.8431620856362815, 'colsample_bytree': 0.7237490871451129, 'min_child_weight': 9}. Best is trial 6 with value: 0.7148993178199843.
[I 2026-05-15 18:44:39,438] Trial 465 finished with value: 0.6311158038843075 and parameters: {'n_estimators': 480, 'learning_rate': 0.16330874355333033, 'subsample': 0.6006260420765891, 'colsample_bytree': 0.8545605480733628, 'min_child_weight': 1}. Best is trial 6 with value: 0.7148993178199843.
[I 2026-05-15 18:44:39,974] Trial 466 finished with value: 0.6972945299668669 and parameters: {'n_estimators': 166, 'learning_rate': 0.012244052978408184, 'subsample': 0.8415181811797551, 'colsample_bytree': 0.8746359653970427, 'min_child_weight': 2}. Best is trial 6 with value: 0.7148993178199843.
[I 2026-05-15 18:44:40,557] Trial 467 finished with value: 0.6778410393848044 and parameters: {'n_estimators': 223, 'learning_rate': 0.04719724454824646, 'subsample': 0.7476212087043667, 'colsample_bytree': 0.6484100001940772, 'min_child_weight': 5}. Best is trial 6 with value: 0.7148993178199843.
[I 2026-05-15 18:44:41,365] Trial 468 finished with value: 0.7035292308959669 and parameters: {'n_estimators': 388, 'learning_rate': 0.012731715650031412, 'subsample': 0.6320720056327613, 'colsample_bytree': 0.7419085167343937, 'min_child_weight': 10}. Best is trial 6 with value: 0.7148993178199843.
[I 2026-05-15 18:44:42,164] Trial 469 finished with value: 0.6560970708708563 and parameters: {'n_estimators': 351, 'learning_rate': 0.1005721693369172, 'subsample': 0.744767996335146, 'colsample_bytree': 0.8374643164834153, 'min_child_weight': 1}. Best is trial 6 with value: 0.7148993178199843.
[I 2026-05-15 18:44:42,964] Trial 470 finished with value: 0.6258669858647632 and parameters: {'n_estimators': 336, 'learning_rate': 0.22337551249364163, 'subsample': 0.8450293873379277, 'colsample_bytree': 0.9494794373865381, 'min_child_weight': 8}. Best is trial 6 with value: 0.7148993178199843.
[I 2026-05-15 18:44:43,411] Trial 471 finished with value: 0.6466625414720701 and parameters: {'n_estimators': 104, 'learning_rate': 0.215294513028138, 'subsample': 0.62657753774231, 'colsample_bytree': 0.8135869890191055, 'min_child_weight': 2}. Best is trial 6 with value: 0.7148993178199843.
[I 2026-05-15 18:44:43,961] Trial 472 finished with value: 0.6951536960258117 and parameters: {'n_estimators': 55, 'learning_rate': 0.04201416878899634, 'subsample': 0.7180162830616625, 'colsample_bytree': 0.7944001975190412, 'min_child_weight': 6}. Best is trial 6 with value: 0.7148993178199843.
/home/mklemmingen/PycharmProjects/migraine-forecasting-shd/.venv/lib/python3.13/site-packages/sklearn/linear_model/_sag.py:348: ConvergenceWarning: The max_iter was reached which means the coef_ did not converge
  warnings.warn(
[I 2026-05-15 18:44:44,478] Trial 473 finished with value: 0.6872881940622952 and parameters: {'n_estimators': 69, 'learning_rate': 0.015194652827633496, 'subsample': 0.8234569585801701, 'colsample_bytree': 0.7372669412690633, 'min_child_weight': 8}. Best is trial 6 with value: 0.7148993178199843.
[I 2026-05-15 18:44:45,280] Trial 474 finished with value: 0.6394341896767607 and parameters: {'n_estimators': 344, 'learning_rate': 0.17744353370227875, 'subsample': 0.87699713066769, 'colsample_bytree': 0.7719724309560593, 'min_child_weight': 7}. Best is trial 6 with value: 0.7148993178199843.
[I 2026-05-15 18:44:45,841] Trial 475 finished with value: 0.6868385461613536 and parameters: {'n_estimators': 174, 'learning_rate': 0.028344067896520723, 'subsample': 0.9155940639683173, 'colsample_bytree': 0.7785678065606328, 'min_child_weight': 8}. Best is trial 6 with value: 0.7148993178199843.
[I 2026-05-15 18:44:46,657] Trial 476 finished with value: 0.6126776374064924 and parameters: {'n_estimators': 420, 'learning_rate': 0.18480918686773107, 'subsample': 0.966654094336483, 'colsample_bytree': 0.7723940882053185, 'min_child_weight': 4}. Best is trial 6 with value: 0.7148993178199843.
[I 2026-05-15 18:44:47,383] Trial 477 finished with value: 0.6871917138807533 and parameters: {'n_estimators': 312, 'learning_rate': 0.03534001063181978, 'subsample': 0.8404296667200932, 'colsample_bytree': 0.8822343450575298, 'min_child_weight': 7}. Best is trial 6 with value: 0.7148993178199843.
[I 2026-05-15 18:44:48,017] Trial 478 finished with value: 0.7069802494472951 and parameters: {'n_estimators': 218, 'learning_rate': 0.017638950866389155, 'subsample': 0.772211735384883, 'colsample_bytree': 0.6570376576327634, 'min_child_weight': 9}. Best is trial 6 with value: 0.7148993178199843.
[I 2026-05-15 18:44:48,728] Trial 479 finished with value: 0.7172636368250682 and parameters: {'n_estimators': 205, 'learning_rate': 0.016910473789524524, 'subsample': 0.6101791039623004, 'colsample_bytree': 0.8583289545145937, 'min_child_weight': 7}. Best is trial 479 with value: 0.7172636368250682.
[I 2026-05-15 18:44:49,331] Trial 480 finished with value: 0.691057250640235 and parameters: {'n_estimators': 203, 'learning_rate': 0.01276224728057398, 'subsample': 0.7638515579580928, 'colsample_bytree': 0.7244869980253574, 'min_child_weight': 7}. Best is trial 479 with value: 0.7172636368250682.
[I 2026-05-15 18:44:50,121] Trial 481 finished with value: 0.691359089376917 and parameters: {'n_estimators': 323, 'learning_rate': 0.034558043364063346, 'subsample': 0.687157021701996, 'colsample_bytree': 0.9952143864622367, 'min_child_weight': 5}. Best is trial 479 with value: 0.7172636368250682.
[I 2026-05-15 18:44:50,863] Trial 482 finished with value: 0.6972483893197867 and parameters: {'n_estimators': 360, 'learning_rate': 0.016129235233041137, 'subsample': 0.7942358798637591, 'colsample_bytree': 0.6110146879477861, 'min_child_weight': 6}. Best is trial 479 with value: 0.7172636368250682.
[I 2026-05-15 18:44:51,785] Trial 483 finished with value: 0.6775913578566805 and parameters: {'n_estimators': 484, 'learning_rate': 0.036941957297335196, 'subsample': 0.6155984050299647, 'colsample_bytree': 0.6123823163677374, 'min_child_weight': 4}. Best is trial 479 with value: 0.7172636368250682.
/home/mklemmingen/PycharmProjects/migraine-forecasting-shd/.venv/lib/python3.13/site-packages/sklearn/linear_model/_sag.py:348: ConvergenceWarning: The max_iter was reached which means the coef_ did not converge
  warnings.warn(
[I 2026-05-15 18:44:52,456] Trial 484 finished with value: 0.6774008060569299 and parameters: {'n_estimators': 122, 'learning_rate': 0.010826644528932216, 'subsample': 0.9024854455800707, 'colsample_bytree': 0.7834092035527562, 'min_child_weight': 3}. Best is trial 479 with value: 0.7172636368250682.
[I 2026-05-15 18:44:53,349] Trial 485 finished with value: 0.6886051942796009 and parameters: {'n_estimators': 455, 'learning_rate': 0.01484401302025239, 'subsample': 0.9823675315821276, 'colsample_bytree': 0.7255866869509411, 'min_child_weight': 9}. Best is trial 479 with value: 0.7172636368250682.
[I 2026-05-15 18:44:54,126] Trial 486 finished with value: 0.6612295591201593 and parameters: {'n_estimators': 321, 'learning_rate': 0.1663975825517907, 'subsample': 0.9936052652841857, 'colsample_bytree': 0.7153621751274983, 'min_child_weight': 10}. Best is trial 479 with value: 0.7172636368250682.
[I 2026-05-15 18:44:54,823] Trial 487 finished with value: 0.6739782022556708 and parameters: {'n_estimators': 225, 'learning_rate': 0.03710631511959666, 'subsample': 0.7361548417018022, 'colsample_bytree': 0.816563042939034, 'min_child_weight': 2}. Best is trial 479 with value: 0.7172636368250682.
[I 2026-05-15 18:44:55,520] Trial 488 finished with value: 0.657417095469379 and parameters: {'n_estimators': 299, 'learning_rate': 0.06311952067227176, 'subsample': 0.904760725041948, 'colsample_bytree': 0.9334599847750342, 'min_child_weight': 5}. Best is trial 479 with value: 0.7172636368250682.
[I 2026-05-15 18:44:56,085] Trial 489 finished with value: 0.69315057399983 and parameters: {'n_estimators': 186, 'learning_rate': 0.024158451240371123, 'subsample': 0.6778495346819488, 'colsample_bytree': 0.62305903287961, 'min_child_weight': 4}. Best is trial 479 with value: 0.7172636368250682.
[I 2026-05-15 18:44:56,713] Trial 490 finished with value: 0.613659719172029 and parameters: {'n_estimators': 171, 'learning_rate': 0.26761821003465075, 'subsample': 0.8230835305000176, 'colsample_bytree': 0.7389108156122031, 'min_child_weight': 6}. Best is trial 479 with value: 0.7172636368250682.
[I 2026-05-15 18:44:57,284] Trial 491 finished with value: 0.6932560441393227 and parameters: {'n_estimators': 112, 'learning_rate': 0.04528000435725376, 'subsample': 0.8504937285684255, 'colsample_bytree': 0.7955591327169805, 'min_child_weight': 5}. Best is trial 479 with value: 0.7172636368250682.
