[I 2026-05-15 18:44:58,091] Trial 492 finished with value: 0.6269398210951419 and parameters: {'n_estimators': 498, 'learning_rate': 0.19967865653201164, 'subsample': 0.849362383263776, 'colsample_bytree': 0.8277509444729131, 'min_child_weight': 7}. Best is trial 479 with value: 0.7172636368250682.
[I 2026-05-15 18:44:58,720] Trial 493 finished with value: 0.707828987914575 and parameters: {'n_estimators': 140, 'learning_rate': 0.038341258077311625, 'subsample': 0.6157838131563597, 'colsample_bytree': 0.7902184149947307, 'min_child_weight': 6}. Best is trial 479 with value: 0.7172636368250682.
[I 2026-05-15 18:44:59,370] Trial 494 finished with value: 0.6350049009091433 and parameters: {'n_estimators': 152, 'learning_rate': 0.2654529159286528, 'subsample': 0.9637818443748968, 'colsample_bytree': 0.8888572941823623, 'min_child_weight': 6}. Best is trial 479 with value: 0.7172636368250682.
[I 2026-05-15 18:45:00,295] Trial 495 finished with value: 0.6956767610527004 and parameters: {'n_estimators': 442, 'learning_rate': 0.015595142736302707, 'subsample': 0.916203917709954, 'colsample_bytree': 0.6499283255867393, 'min_child_weight': 8}. Best is trial 479 with value: 0.7172636368250682.
[I 2026-05-15 18:45:00,868] Trial 496 finished with value: 0.6405272167059893 and parameters: {'n_estimators': 174, 'learning_rate': 0.1975009275199412, 'subsample': 0.9776168375301592, 'colsample_bytree': 0.6595183877620462, 'min_child_weight': 5}. Best is trial 479 with value: 0.7172636368250682.
[I 2026-05-15 18:45:01,657] Trial 497 finished with value: 0.640553591516914 and parameters: {'n_estimators': 492, 'learning_rate': 0.05176680938836045, 'subsample': 0.9454190090058181, 'colsample_bytree': 0.835492608852528, 'min_child_weight': 4}. Best is trial 479 with value: 0.7172636368250682.
[I 2026-05-15 18:45:02,176] Trial 498 finished with value: 0.6884220126775517 and parameters: {'n_estimators': 178, 'learning_rate': 0.01996113111347245, 'subsample': 0.9047192765510789, 'colsample_bytree': 0.7546162027292111, 'min_child_weight': 6}. Best is trial 479 with value: 0.7172636368250682.
[I 2026-05-15 18:45:02,846] Trial 499 finished with value: 0.6465181332764651 and parameters: {'n_estimators': 272, 'learning_rate': 0.07123790253213053, 'subsample': 0.9462308582498209, 'colsample_bytree': 0.9922957374333717, 'min_child_weight': 5}. Best is trial 479 with value: 0.7172636368250682.
Building variant 'HP020'...
Saved /home/mklemmingen/PycharmProjects/migraine-forecasting-shd/experiment/0/migraine/full_features/stacked_2xgb_meta_lr/80_20/chrono/HyperparameterTuned/single_AUROC/HP020/model.joblib

# End capture ------------------------------------------
# Finished: 2026-05-15T18:45:03
