[I 2026-05-15 18:40:51,649] Trial 141 finished with value: 0.6623961434241398 and parameters: {'n_estimators': 496, 'learning_rate': 0.029933377031564574, 'subsample': 0.923949778341854, 'colsample_bytree': 0.7018562619055055, 'min_child_weight': 7}. Best is trial 6 with value: 0.7148993178199843.
[I 2026-05-15 18:40:52,473] Trial 142 finished with value: 0.6666633009215109 and parameters: {'n_estimators': 392, 'learning_rate': 0.07582818201673895, 'subsample': 0.7886304754200634, 'colsample_bytree': 0.7647363656589075, 'min_child_weight': 4}. Best is trial 6 with value: 0.7148993178199843.
[I 2026-05-15 18:40:53,388] Trial 143 finished with value: 0.6396038563531137 and parameters: {'n_estimators': 469, 'learning_rate': 0.16862640522400024, 'subsample': 0.986010764266605, 'colsample_bytree': 0.6497188893942178, 'min_child_weight': 8}. Best is trial 6 with value: 0.7148993178199843.
[I 2026-05-15 18:40:54,145] Trial 144 finished with value: 0.7022899217697695 and parameters: {'n_estimators': 473, 'learning_rate': 0.018522653992975043, 'subsample': 0.6265985069467109, 'colsample_bytree': 0.8964482597160236, 'min_child_weight': 6}. Best is trial 6 with value: 0.7148993178199843.
[I 2026-05-15 18:40:54,895] Trial 145 finished with value: 0.6930058764034436 and parameters: {'n_estimators': 429, 'learning_rate': 0.016086469813325163, 'subsample': 0.918106924743956, 'colsample_bytree': 0.6806509280190978, 'min_child_weight': 2}. Best is trial 6 with value: 0.7148993178199843.
[I 2026-05-15 18:40:55,365] Trial 146 finished with value: 0.6323687900029584 and parameters: {'n_estimators': 124, 'learning_rate': 0.15967084837073278, 'subsample': 0.86607888827848, 'colsample_bytree': 0.8092261699076477, 'min_child_weight': 4}. Best is trial 6 with value: 0.7148993178199843.
[I 2026-05-15 18:40:56,127] Trial 147 finished with value: 0.6521290204297713 and parameters: {'n_estimators': 445, 'learning_rate': 0.03799172469421923, 'subsample': 0.9266397757886309, 'colsample_bytree': 0.7756539634280873, 'min_child_weight': 4}. Best is trial 6 with value: 0.7148993178199843.
[I 2026-05-15 18:40:56,716] Trial 148 finished with value: 0.6737944924645196 and parameters: {'n_estimators': 258, 'learning_rate': 0.02787222656744598, 'subsample': 0.8990437520705004, 'colsample_bytree': 0.8010881560369917, 'min_child_weight': 3}. Best is trial 6 with value: 0.7148993178199843.
[I 2026-05-15 18:40:57,486] Trial 149 finished with value: 0.6664891820354358 and parameters: {'n_estimators': 455, 'learning_rate': 0.036902338018406936, 'subsample': 0.8174211444455954, 'colsample_bytree': 0.9625888443858188, 'min_child_weight': 7}. Best is trial 6 with value: 0.7148993178199843.
[I 2026-05-15 18:40:58,030] Trial 150 finished with value: 0.59496780485775 and parameters: {'n_estimators': 102, 'learning_rate': 0.24448150234693505, 'subsample': 0.851083221228567, 'colsample_bytree': 0.7339622458628344, 'min_child_weight': 2}. Best is trial 6 with value: 0.7148993178199843.
[I 2026-05-15 18:40:58,729] Trial 151 finished with value: 0.6712425998528149 and parameters: {'n_estimators': 408, 'learning_rate': 0.08239913397912682, 'subsample': 0.8133844367905286, 'colsample_bytree': 0.9575570332203831, 'min_child_weight': 8}. Best is trial 6 with value: 0.7148993178199843.
[I 2026-05-15 18:40:59,347] Trial 152 finished with value: 0.6938447421626901 and parameters: {'n_estimators': 118, 'learning_rate': 0.028870299675381083, 'subsample': 0.6993956559257863, 'colsample_bytree': 0.8975785170290708, 'min_child_weight': 1}. Best is trial 6 with value: 0.7148993178199843.
[I 2026-05-15 18:41:00,105] Trial 153 finished with value: 0.6370252730639063 and parameters: {'n_estimators': 307, 'learning_rate': 0.1337346454163836, 'subsample': 0.9507062547046998, 'colsample_bytree': 0.736832699486363, 'min_child_weight': 9}. Best is trial 6 with value: 0.7148993178199843.
[I 2026-05-15 18:41:00,673] Trial 154 finished with value: 0.6717275932062987 and parameters: {'n_estimators': 99, 'learning_rate': 0.17795601470260156, 'subsample': 0.6509954649327929, 'colsample_bytree': 0.7589149162241469, 'min_child_weight': 8}. Best is trial 6 with value: 0.7148993178199843.
[I 2026-05-15 18:41:01,203] Trial 155 finished with value: 0.686416808898201 and parameters: {'n_estimators': 117, 'learning_rate': 0.021808817013805933, 'subsample': 0.8889010273572264, 'colsample_bytree': 0.8880146146184298, 'min_child_weight': 7}. Best is trial 6 with value: 0.7148993178199843.
[I 2026-05-15 18:41:01,999] Trial 156 finished with value: 0.6533488637790006 and parameters: {'n_estimators': 362, 'learning_rate': 0.06333879703036574, 'subsample': 0.7007196235627811, 'colsample_bytree': 0.7382783974015678, 'min_child_weight': 2}. Best is trial 6 with value: 0.7148993178199843.
[I 2026-05-15 18:41:02,959] Trial 157 finished with value: 0.6578069906484094 and parameters: {'n_estimators': 459, 'learning_rate': 0.07273449366508514, 'subsample': 0.7603405667054559, 'colsample_bytree': 0.784802321457653, 'min_child_weight': 10}. Best is trial 6 with value: 0.7148993178199843.
[I 2026-05-15 18:41:03,545] Trial 158 finished with value: 0.6883284113736519 and parameters: {'n_estimators': 119, 'learning_rate': 0.07343997917165422, 'subsample': 0.8023554715537864, 'colsample_bytree': 0.8445816941738591, 'min_child_weight': 1}. Best is trial 6 with value: 0.7148993178199843.
[I 2026-05-15 18:41:04,316] Trial 159 finished with value: 0.6303008122421726 and parameters: {'n_estimators': 443, 'learning_rate': 0.23815062574705925, 'subsample': 0.8260532734356836, 'colsample_bytree': 0.8786603295507569, 'min_child_weight': 10}. Best is trial 6 with value: 0.7148993178199843.
[I 2026-05-15 18:41:05,166] Trial 160 finished with value: 0.6953741110998515 and parameters: {'n_estimators': 368, 'learning_rate': 0.016800362883013086, 'subsample': 0.8305153440667252, 'colsample_bytree': 0.8426860185531424, 'min_child_weight': 5}. Best is trial 6 with value: 0.7148993178199843.
[I 2026-05-15 18:41:05,831] Trial 161 finished with value: 0.631536396682759 and parameters: {'n_estimators': 382, 'learning_rate': 0.23997907622316453, 'subsample': 0.9702274051627106, 'colsample_bytree': 0.7803357485616529, 'min_child_weight': 2}. Best is trial 6 with value: 0.7148993178199843.
[I 2026-05-15 18:41:06,777] Trial 162 finished with value: 0.6616594093288346 and parameters: {'n_estimators': 494, 'learning_rate': 0.1734419685281264, 'subsample': 0.6498650724813068, 'colsample_bytree': 0.9683367530469489, 'min_child_weight': 9}. Best is trial 6 with value: 0.7148993178199843.
[I 2026-05-15 18:41:07,529] Trial 163 finished with value: 0.642841304888358 and parameters: {'n_estimators': 283, 'learning_rate': 0.07471116585141002, 'subsample': 0.7596010815480521, 'colsample_bytree': 0.6219046555288125, 'min_child_weight': 4}. Best is trial 6 with value: 0.7148993178199843.
[I 2026-05-15 18:41:08,278] Trial 164 finished with value: 0.6981375915579026 and parameters: {'n_estimators': 412, 'learning_rate': 0.010158791797488999, 'subsample': 0.7333996686764577, 'colsample_bytree': 0.7592674774363773, 'min_child_weight': 6}. Best is trial 6 with value: 0.7148993178199843.
[I 2026-05-15 18:41:09,031] Trial 165 finished with value: 0.665756475675668 and parameters: {'n_estimators': 464, 'learning_rate': 0.03247843017843543, 'subsample': 0.738781280758491, 'colsample_bytree': 0.8950004992438994, 'min_child_weight': 5}. Best is trial 6 with value: 0.7148993178199843.
[I 2026-05-15 18:41:09,563] Trial 166 finished with value: 0.7000785496078475 and parameters: {'n_estimators': 151, 'learning_rate': 0.04659164301583207, 'subsample': 0.6563428081519199, 'colsample_bytree': 0.6705547946024893, 'min_child_weight': 5}. Best is trial 6 with value: 0.7148993178199843.
[I 2026-05-15 18:41:10,236] Trial 167 finished with value: 0.6399952805637446 and parameters: {'n_estimators': 238, 'learning_rate': 0.22456306397987974, 'subsample': 0.7449575596466532, 'colsample_bytree': 0.8322353401112174, 'min_child_weight': 7}. Best is trial 6 with value: 0.7148993178199843.
[I 2026-05-15 18:41:10,674] Trial 168 finished with value: 0.6852910743397106 and parameters: {'n_estimators': 55, 'learning_rate': 0.0955267836593859, 'subsample': 0.6712143867479006, 'colsample_bytree': 0.984428126987782, 'min_child_weight': 2}. Best is trial 6 with value: 0.7148993178199843.
[I 2026-05-15 18:41:11,305] Trial 169 finished with value: 0.6845847223461472 and parameters: {'n_estimators': 236, 'learning_rate': 0.013368165353768521, 'subsample': 0.998749700738379, 'colsample_bytree': 0.800878004132497, 'min_child_weight': 6}. Best is trial 6 with value: 0.7148993178199843.
[I 2026-05-15 18:41:11,868] Trial 170 finished with value: 0.6645683688392151 and parameters: {'n_estimators': 80, 'learning_rate': 0.1281688687155785, 'subsample': 0.6839622372382343, 'colsample_bytree': 0.9592217157762855, 'min_child_weight': 3}. Best is trial 6 with value: 0.7148993178199843.
/home/mklemmingen/PycharmProjects/migraine-forecasting-shd/.venv/lib/python3.13/site-packages/sklearn/linear_model/_sag.py:348: ConvergenceWarning: The max_iter was reached which means the coef_ did not converge
  warnings.warn(
[I 2026-05-15 18:41:12,553] Trial 171 finished with value: 0.6891877907904056 and parameters: {'n_estimators': 136, 'learning_rate': 0.011323698336394534, 'subsample': 0.7888267780439997, 'colsample_bytree': 0.8259364533050466, 'min_child_weight': 1}. Best is trial 6 with value: 0.7148993178199843.
[I 2026-05-15 18:41:13,386] Trial 172 finished with value: 0.6636934318013518 and parameters: {'n_estimators': 399, 'learning_rate': 0.046726426888067565, 'subsample': 0.809756107731032, 'colsample_bytree': 0.7763050987752913, 'min_child_weight': 5}. Best is trial 6 with value: 0.7148993178199843.
[I 2026-05-15 18:41:14,169] Trial 173 finished with value: 0.7045770056960103 and parameters: {'n_estimators': 302, 'learning_rate': 0.016955424480598027, 'subsample': 0.6727712521981084, 'colsample_bytree': 0.944714248405407, 'min_child_weight': 10}. Best is trial 6 with value: 0.7148993178199843.
[I 2026-05-15 18:41:14,841] Trial 174 finished with value: 0.6921591507672133 and parameters: {'n_estimators': 218, 'learning_rate': 0.025114394464228234, 'subsample': 0.8575998172956063, 'colsample_bytree': 0.7634936684392386, 'min_child_weight': 1}. Best is trial 6 with value: 0.7148993178199843.
[I 2026-05-15 18:41:15,322] Trial 175 finished with value: 0.6331375485601033 and parameters: {'n_estimators': 120, 'learning_rate': 0.1141767816030627, 'subsample': 0.8635695767640605, 'colsample_bytree': 0.6108383970013934, 'min_child_weight': 3}. Best is trial 6 with value: 0.7148993178199843.
[I 2026-05-15 18:41:15,840] Trial 176 finished with value: 0.7075626739045436 and parameters: {'n_estimators': 154, 'learning_rate': 0.09828043102035339, 'subsample': 0.6078842151017456, 'colsample_bytree': 0.6416434327938295, 'min_child_weight': 8}. Best is trial 6 with value: 0.7148993178199843.
[I 2026-05-15 18:41:16,351] Trial 177 finished with value: 0.6448962875371084 and parameters: {'n_estimators': 130, 'learning_rate': 0.09208420644826416, 'subsample': 0.6952731124186906, 'colsample_bytree': 0.639776557103738, 'min_child_weight': 3}. Best is trial 6 with value: 0.7148993178199843.
[I 2026-05-15 18:41:17,218] Trial 178 finished with value: 0.6301802773517643 and parameters: {'n_estimators': 375, 'learning_rate': 0.1836400661900525, 'subsample': 0.9320879458267967, 'colsample_bytree': 0.7588734118473819, 'min_child_weight': 7}. Best is trial 6 with value: 0.7148993178199843.
[I 2026-05-15 18:41:17,801] Trial 179 finished with value: 0.6881819690651068 and parameters: {'n_estimators': 142, 'learning_rate': 0.027102836372426303, 'subsample': 0.9585343274084479, 'colsample_bytree': 0.6052007694042943, 'min_child_weight': 1}. Best is trial 6 with value: 0.7148993178199843.
[I 2026-05-15 18:41:18,478] Trial 180 finished with value: 0.6988860019378309 and parameters: {'n_estimators': 143, 'learning_rate': 0.01094438298606279, 'subsample': 0.6725741740359189, 'colsample_bytree': 0.8332166243878769, 'min_child_weight': 5}. Best is trial 6 with value: 0.7148993178199843.
[I 2026-05-15 18:41:19,326] Trial 181 finished with value: 0.6342243011127713 and parameters: {'n_estimators': 452, 'learning_rate': 0.1612364618828189, 'subsample': 0.7367269406791503, 'colsample_bytree': 0.703769373372517, 'min_child_weight': 4}. Best is trial 6 with value: 0.7148993178199843.
[I 2026-05-15 18:41:20,071] Trial 182 finished with value: 0.6898572218457778 and parameters: {'n_estimators': 316, 'learning_rate': 0.024886424308080555, 'subsample': 0.8496595631396536, 'colsample_bytree': 0.7637646608764962, 'min_child_weight': 6}. Best is trial 6 with value: 0.7148993178199843.
[I 2026-05-15 18:41:20,682] Trial 183 finished with value: 0.6870413566878103 and parameters: {'n_estimators': 246, 'learning_rate': 0.02722460781358145, 'subsample': 0.9793813227848627, 'colsample_bytree': 0.9054423176639044, 'min_child_weight': 2}. Best is trial 6 with value: 0.7148993178199843.
[I 2026-05-15 18:41:21,585] Trial 184 finished with value: 0.6472629680755915 and parameters: {'n_estimators': 441, 'learning_rate': 0.05248013978512199, 'subsample': 0.9578208907576365, 'colsample_bytree': 0.919942102378926, 'min_child_weight': 5}. Best is trial 6 with value: 0.7148993178199843.
/home/mklemmingen/PycharmProjects/migraine-forecasting-shd/.venv/lib/python3.13/site-packages/sklearn/linear_model/_sag.py:348: ConvergenceWarning: The max_iter was reached which means the coef_ did not converge
  warnings.warn(
[I 2026-05-15 18:41:22,170] Trial 185 finished with value: 0.6707046828496379 and parameters: {'n_estimators': 60, 'learning_rate': 0.024938425936488588, 'subsample': 0.8166536858643467, 'colsample_bytree': 0.8533912879304588, 'min_child_weight': 3}. Best is trial 6 with value: 0.7148993178199843.
[I 2026-05-15 18:41:22,633] Trial 186 finished with value: 0.6682098276511887 and parameters: {'n_estimators': 112, 'learning_rate': 0.17111701629080409, 'subsample': 0.9937608722814208, 'colsample_bytree': 0.8102760729210743, 'min_child_weight': 2}. Best is trial 6 with value: 0.7148993178199843.
/home/mklemmingen/PycharmProjects/migraine-forecasting-shd/.venv/lib/python3.13/site-packages/sklearn/linear_model/_sag.py:348: ConvergenceWarning: The max_iter was reached which means the coef_ did not converge
  warnings.warn(
[I 2026-05-15 18:41:23,230] Trial 187 finished with value: 0.6787621915002405 and parameters: {'n_estimators': 172, 'learning_rate': 0.01064548026606399, 'subsample': 0.9657195226241996, 'colsample_bytree': 0.6471004331560565, 'min_child_weight': 6}. Best is trial 6 with value: 0.7148993178199843.
[I 2026-05-15 18:41:23,877] Trial 188 finished with value: 0.6785088358677867 and parameters: {'n_estimators': 173, 'learning_rate': 0.06585490178883348, 'subsample': 0.8605681553407456, 'colsample_bytree': 0.9318967214828806, 'min_child_weight': 3}. Best is trial 6 with value: 0.7148993178199843.
/home/mklemmingen/PycharmProjects/migraine-forecasting-shd/.venv/lib/python3.13/site-packages/sklearn/linear_model/_sag.py:348: ConvergenceWarning: The max_iter was reached which means the coef_ did not converge
  warnings.warn(
[I 2026-05-15 18:41:24,457] Trial 189 finished with value: 0.6882541470497532 and parameters: {'n_estimators': 54, 'learning_rate': 0.01592929934470225, 'subsample': 0.960007456739242, 'colsample_bytree': 0.9495560310250061, 'min_child_weight': 6}. Best is trial 6 with value: 0.7148993178199843.
[I 2026-05-15 18:41:25,098] Trial 190 finished with value: 0.6694215963882391 and parameters: {'n_estimators': 320, 'learning_rate': 0.09601515937619896, 'subsample': 0.6701485114493798, 'colsample_bytree': 0.9657647783699839, 'min_child_weight': 5}. Best is trial 6 with value: 0.7148993178199843.
[I 2026-05-15 18:41:25,802] Trial 191 finished with value: 0.6993750561937497 and parameters: {'n_estimators': 222, 'learning_rate': 0.058412308727041146, 'subsample': 0.618786386710022, 'colsample_bytree': 0.6665133475024317, 'min_child_weight': 8}. Best is trial 6 with value: 0.7148993178199843.
[I 2026-05-15 18:41:26,255] Trial 192 finished with value: 0.690578190999267 and parameters: {'n_estimators': 87, 'learning_rate': 0.07779090083180924, 'subsample': 0.6981396438725284, 'colsample_bytree': 0.7557182456167906, 'min_child_weight': 3}. Best is trial 6 with value: 0.7148993178199843.
[I 2026-05-15 18:41:26,921] Trial 193 finished with value: 0.6349626401243821 and parameters: {'n_estimators': 210, 'learning_rate': 0.11537666720139932, 'subsample': 0.71884868624927, 'colsample_bytree': 0.8265618561187589, 'min_child_weight': 5}. Best is trial 6 with value: 0.7148993178199843.
[I 2026-05-15 18:41:27,588] Trial 194 finished with value: 0.606959962969975 and parameters: {'n_estimators': 349, 'learning_rate': 0.24199763404822136, 'subsample': 0.8930288388841001, 'colsample_bytree': 0.6859761514363028, 'min_child_weight': 1}. Best is trial 6 with value: 0.7148993178199843.
[I 2026-05-15 18:41:28,215] Trial 195 finished with value: 0.6946473803273123 and parameters: {'n_estimators': 168, 'learning_rate': 0.07568368328637066, 'subsample': 0.6205703253937002, 'colsample_bytree': 0.7985464988804946, 'min_child_weight': 6}. Best is trial 6 with value: 0.7148993178199843.
[I 2026-05-15 18:41:28,913] Trial 196 finished with value: 0.6740212913055581 and parameters: {'n_estimators': 200, 'learning_rate': 0.13763560673020894, 'subsample': 0.6426393012535087, 'colsample_bytree': 0.6300551126943235, 'min_child_weight': 8}. Best is trial 6 with value: 0.7148993178199843.
[I 2026-05-15 18:41:29,639] Trial 197 finished with value: 0.6542556329347656 and parameters: {'n_estimators': 273, 'learning_rate': 0.10395701758431695, 'subsample': 0.7739309354414985, 'colsample_bytree': 0.6985608132956427, 'min_child_weight': 9}. Best is trial 6 with value: 0.7148993178199843.
[I 2026-05-15 18:41:30,399] Trial 198 finished with value: 0.643007515121462 and parameters: {'n_estimators': 410, 'learning_rate': 0.10620645735874883, 'subsample': 0.7088580548919851, 'colsample_bytree': 0.8360922667476348, 'min_child_weight': 4}. Best is trial 6 with value: 0.7148993178199843.
[I 2026-05-15 18:41:30,889] Trial 199 finished with value: 0.6506519861568867 and parameters: {'n_estimators': 91, 'learning_rate': 0.22645576413554422, 'subsample': 0.6547274523675846, 'colsample_bytree': 0.980094941528321, 'min_child_weight': 5}. Best is trial 6 with value: 0.7148993178199843.
[I 2026-05-15 18:41:31,395] Trial 200 finished with value: 0.6900321943415599 and parameters: {'n_estimators': 133, 'learning_rate': 0.06316164135709629, 'subsample': 0.9491783343505633, 'colsample_bytree': 0.8928899545638245, 'min_child_weight': 9}. Best is trial 6 with value: 0.7148993178199843.
[I 2026-05-15 18:41:32,177] Trial 201 finished with value: 0.6421189777671866 and parameters: {'n_estimators': 347, 'learning_rate': 0.10533590420371362, 'subsample': 0.9396782606261277, 'colsample_bytree': 0.6998672035436744, 'min_child_weight': 5}. Best is trial 6 with value: 0.7148993178199843.
[I 2026-05-15 18:41:32,802] Trial 202 finished with value: 0.6386262447791495 and parameters: {'n_estimators': 149, 'learning_rate': 0.2876771762794441, 'subsample': 0.9776237358746453, 'colsample_bytree': 0.6157707245474023, 'min_child_weight': 8}. Best is trial 6 with value: 0.7148993178199843.
[I 2026-05-15 18:41:33,558] Trial 203 finished with value: 0.6783714115488241 and parameters: {'n_estimators': 467, 'learning_rate': 0.018481264404573195, 'subsample': 0.8271780922210518, 'colsample_bytree': 0.9661953190352167, 'min_child_weight': 1}. Best is trial 6 with value: 0.7148993178199843.
[I 2026-05-15 18:41:34,346] Trial 204 finished with value: 0.674341229008392 and parameters: {'n_estimators': 364, 'learning_rate': 0.027492899141939076, 'subsample': 0.9697584781506121, 'colsample_bytree': 0.9884232980661471, 'min_child_weight': 10}. Best is trial 6 with value: 0.7148993178199843.
[I 2026-05-15 18:41:35,085] Trial 205 finished with value: 0.6321406099343191 and parameters: {'n_estimators': 263, 'learning_rate': 0.18764695537323295, 'subsample': 0.9378197594140282, 'colsample_bytree': 0.7276401892973022, 'min_child_weight': 9}. Best is trial 6 with value: 0.7148993178199843.
[I 2026-05-15 18:41:35,621] Trial 206 finished with value: 0.6806812219777205 and parameters: {'n_estimators': 66, 'learning_rate': 0.07599113148200978, 'subsample': 0.6920035349150813, 'colsample_bytree': 0.6482267543109115, 'min_child_weight': 1}. Best is trial 6 with value: 0.7148993178199843.
[I 2026-05-15 18:41:36,319] Trial 207 finished with value: 0.6604020543832169 and parameters: {'n_estimators': 364, 'learning_rate': 0.03177141321100769, 'subsample': 0.8899067086115046, 'colsample_bytree': 0.626142536319577, 'min_child_weight': 4}. Best is trial 6 with value: 0.7148993178199843.
[I 2026-05-15 18:41:37,093] Trial 208 finished with value: 0.6504572846828784 and parameters: {'n_estimators': 293, 'learning_rate': 0.1472292139391591, 'subsample': 0.727501001172828, 'colsample_bytree': 0.8503565505748036, 'min_child_weight': 9}. Best is trial 6 with value: 0.7148993178199843.
[I 2026-05-15 18:41:37,814] Trial 209 finished with value: 0.6982869403990729 and parameters: {'n_estimators': 327, 'learning_rate': 0.022085609631954523, 'subsample': 0.6097603126226152, 'colsample_bytree': 0.948039549560372, 'min_child_weight': 1}. Best is trial 6 with value: 0.7148993178199843.
[I 2026-05-15 18:41:38,674] Trial 210 finished with value: 0.6736943828869553 and parameters: {'n_estimators': 444, 'learning_rate': 0.06043719268200286, 'subsample': 0.9756270794051585, 'colsample_bytree': 0.9195132943094662, 'min_child_weight': 10}. Best is trial 6 with value: 0.7148993178199843.
