[I 2026-05-22 18:48:54,890] Trial 387 finished with value: 0.16975806451612904 and parameters: {'n_estimators': 413, 'learning_rate': 0.025035595189926513, 'subsample': 0.9300197640720248, 'colsample_bytree': 0.7993022729053815, 'min_child_weight': 1}. Best is trial 117 with value: 0.7344086021505376.
/home/mklemmingen/PycharmProjects/migraine-forecasting-shd/.venv/lib/python3.13/site-packages/sklearn/metrics/_ranking.py:424: UndefinedMetricWarning: Only one class is present in y_true. ROC AUC score is not defined in that case.
  warnings.warn(
/home/mklemmingen/PycharmProjects/migraine-forecasting-shd/.venv/lib/python3.13/site-packages/sklearn/metrics/_ranking.py:1046: UserWarning: No positive class found in y_true, recall is set to one for all thresholds.
  warnings.warn(
[I 2026-05-22 18:48:55,409] Trial 388 finished with value: 0.6852150537634409 and parameters: {'n_estimators': 76, 'learning_rate': 0.031168114073035547, 'subsample': 0.913958790844587, 'colsample_bytree': 0.8830723738963663, 'min_child_weight': 8}. Best is trial 117 with value: 0.7344086021505376.
/home/mklemmingen/PycharmProjects/migraine-forecasting-shd/.venv/lib/python3.13/site-packages/sklearn/metrics/_ranking.py:424: UndefinedMetricWarning: Only one class is present in y_true. ROC AUC score is not defined in that case.
  warnings.warn(
/home/mklemmingen/PycharmProjects/migraine-forecasting-shd/.venv/lib/python3.13/site-packages/sklearn/metrics/_ranking.py:1046: UserWarning: No positive class found in y_true, recall is set to one for all thresholds.
  warnings.warn(
[I 2026-05-22 18:48:55,956] Trial 389 finished with value: 0.2241935483870968 and parameters: {'n_estimators': 283, 'learning_rate': 0.044691743359853014, 'subsample': 0.6589810106825136, 'colsample_bytree': 0.7312771014437246, 'min_child_weight': 5}. Best is trial 117 with value: 0.7344086021505376.
/home/mklemmingen/PycharmProjects/migraine-forecasting-shd/.venv/lib/python3.13/site-packages/sklearn/metrics/_ranking.py:424: UndefinedMetricWarning: Only one class is present in y_true. ROC AUC score is not defined in that case.
  warnings.warn(
/home/mklemmingen/PycharmProjects/migraine-forecasting-shd/.venv/lib/python3.13/site-packages/sklearn/metrics/_ranking.py:1046: UserWarning: No positive class found in y_true, recall is set to one for all thresholds.
  warnings.warn(
[I 2026-05-22 18:48:56,384] Trial 390 finished with value: 0.6329301075268817 and parameters: {'n_estimators': 89, 'learning_rate': 0.021177300754445145, 'subsample': 0.8392901176254955, 'colsample_bytree': 0.8942652456956759, 'min_child_weight': 10}. Best is trial 117 with value: 0.7344086021505376.
/home/mklemmingen/PycharmProjects/migraine-forecasting-shd/.venv/lib/python3.13/site-packages/sklearn/metrics/_ranking.py:424: UndefinedMetricWarning: Only one class is present in y_true. ROC AUC score is not defined in that case.
  warnings.warn(
/home/mklemmingen/PycharmProjects/migraine-forecasting-shd/.venv/lib/python3.13/site-packages/sklearn/metrics/_ranking.py:1046: UserWarning: No positive class found in y_true, recall is set to one for all thresholds.
  warnings.warn(
[I 2026-05-22 18:48:57,198] Trial 391 finished with value: 0.5383064516129032 and parameters: {'n_estimators': 470, 'learning_rate': 0.08895015593736016, 'subsample': 0.7684992213176288, 'colsample_bytree': 0.8544709458832931, 'min_child_weight': 8}. Best is trial 117 with value: 0.7344086021505376.
/home/mklemmingen/PycharmProjects/migraine-forecasting-shd/.venv/lib/python3.13/site-packages/sklearn/metrics/_ranking.py:424: UndefinedMetricWarning: Only one class is present in y_true. ROC AUC score is not defined in that case.
  warnings.warn(
/home/mklemmingen/PycharmProjects/migraine-forecasting-shd/.venv/lib/python3.13/site-packages/sklearn/metrics/_ranking.py:1046: UserWarning: No positive class found in y_true, recall is set to one for all thresholds.
  warnings.warn(
[I 2026-05-22 18:48:57,644] Trial 392 finished with value: 0.33225806451612905 and parameters: {'n_estimators': 103, 'learning_rate': 0.04031616602432879, 'subsample': 0.9359209142542468, 'colsample_bytree': 0.7535331807732176, 'min_child_weight': 6}. Best is trial 117 with value: 0.7344086021505376.
/home/mklemmingen/PycharmProjects/migraine-forecasting-shd/.venv/lib/python3.13/site-packages/sklearn/metrics/_ranking.py:424: UndefinedMetricWarning: Only one class is present in y_true. ROC AUC score is not defined in that case.
  warnings.warn(
/home/mklemmingen/PycharmProjects/migraine-forecasting-shd/.venv/lib/python3.13/site-packages/sklearn/metrics/_ranking.py:1046: UserWarning: No positive class found in y_true, recall is set to one for all thresholds.
  warnings.warn(
[I 2026-05-22 18:48:58,237] Trial 393 finished with value: 0.3489247311827957 and parameters: {'n_estimators': 315, 'learning_rate': 0.018728103227942054, 'subsample': 0.7448941766609154, 'colsample_bytree': 0.7338045154967728, 'min_child_weight': 1}. Best is trial 117 with value: 0.7344086021505376.
/home/mklemmingen/PycharmProjects/migraine-forecasting-shd/.venv/lib/python3.13/site-packages/sklearn/metrics/_ranking.py:424: UndefinedMetricWarning: Only one class is present in y_true. ROC AUC score is not defined in that case.
  warnings.warn(
/home/mklemmingen/PycharmProjects/migraine-forecasting-shd/.venv/lib/python3.13/site-packages/sklearn/metrics/_ranking.py:1046: UserWarning: No positive class found in y_true, recall is set to one for all thresholds.
  warnings.warn(
[I 2026-05-22 18:48:58,742] Trial 394 finished with value: 0.6858870967741936 and parameters: {'n_estimators': 60, 'learning_rate': 0.16924559760882657, 'subsample': 0.7092283239891249, 'colsample_bytree': 0.8072315064955262, 'min_child_weight': 3}. Best is trial 117 with value: 0.7344086021505376.
/home/mklemmingen/PycharmProjects/migraine-forecasting-shd/.venv/lib/python3.13/site-packages/sklearn/metrics/_ranking.py:424: UndefinedMetricWarning: Only one class is present in y_true. ROC AUC score is not defined in that case.
  warnings.warn(
/home/mklemmingen/PycharmProjects/migraine-forecasting-shd/.venv/lib/python3.13/site-packages/sklearn/metrics/_ranking.py:1046: UserWarning: No positive class found in y_true, recall is set to one for all thresholds.
  warnings.warn(
[I 2026-05-22 18:48:59,585] Trial 395 finished with value: 0.20752688172043013 and parameters: {'n_estimators': 474, 'learning_rate': 0.024155317696268403, 'subsample': 0.7718627250955741, 'colsample_bytree': 0.9490921001938407, 'min_child_weight': 9}. Best is trial 117 with value: 0.7344086021505376.
/home/mklemmingen/PycharmProjects/migraine-forecasting-shd/.venv/lib/python3.13/site-packages/sklearn/metrics/_ranking.py:424: UndefinedMetricWarning: Only one class is present in y_true. ROC AUC score is not defined in that case.
  warnings.warn(
/home/mklemmingen/PycharmProjects/migraine-forecasting-shd/.venv/lib/python3.13/site-packages/sklearn/metrics/_ranking.py:1046: UserWarning: No positive class found in y_true, recall is set to one for all thresholds.
  warnings.warn(
[I 2026-05-22 18:49:00,040] Trial 396 finished with value: 0.2866935483870968 and parameters: {'n_estimators': 133, 'learning_rate': 0.15332094693292653, 'subsample': 0.7832747546951571, 'colsample_bytree': 0.7931875488341421, 'min_child_weight': 2}. Best is trial 117 with value: 0.7344086021505376.
/home/mklemmingen/PycharmProjects/migraine-forecasting-shd/.venv/lib/python3.13/site-packages/sklearn/metrics/_ranking.py:424: UndefinedMetricWarning: Only one class is present in y_true. ROC AUC score is not defined in that case.
  warnings.warn(
/home/mklemmingen/PycharmProjects/migraine-forecasting-shd/.venv/lib/python3.13/site-packages/sklearn/metrics/_ranking.py:1046: UserWarning: No positive class found in y_true, recall is set to one for all thresholds.
  warnings.warn(
[I 2026-05-22 18:49:00,458] Trial 397 finished with value: 0.294758064516129 and parameters: {'n_estimators': 86, 'learning_rate': 0.11891992386176588, 'subsample': 0.7985844609421199, 'colsample_bytree': 0.7747402810460718, 'min_child_weight': 8}. Best is trial 117 with value: 0.7344086021505376.
/home/mklemmingen/PycharmProjects/migraine-forecasting-shd/.venv/lib/python3.13/site-packages/sklearn/metrics/_ranking.py:424: UndefinedMetricWarning: Only one class is present in y_true. ROC AUC score is not defined in that case.
  warnings.warn(
/home/mklemmingen/PycharmProjects/migraine-forecasting-shd/.venv/lib/python3.13/site-packages/sklearn/metrics/_ranking.py:1046: UserWarning: No positive class found in y_true, recall is set to one for all thresholds.
  warnings.warn(
[I 2026-05-22 18:49:01,027] Trial 398 finished with value: 0.3864247311827957 and parameters: {'n_estimators': 395, 'learning_rate': 0.01716827384736297, 'subsample': 0.8440900597910566, 'colsample_bytree': 0.6541416329110742, 'min_child_weight': 8}. Best is trial 117 with value: 0.7344086021505376.
/home/mklemmingen/PycharmProjects/migraine-forecasting-shd/.venv/lib/python3.13/site-packages/sklearn/metrics/_ranking.py:424: UndefinedMetricWarning: Only one class is present in y_true. ROC AUC score is not defined in that case.
  warnings.warn(
/home/mklemmingen/PycharmProjects/migraine-forecasting-shd/.venv/lib/python3.13/site-packages/sklearn/metrics/_ranking.py:1046: UserWarning: No positive class found in y_true, recall is set to one for all thresholds.
  warnings.warn(
[I 2026-05-22 18:49:01,707] Trial 399 finished with value: 0.3077956989247312 and parameters: {'n_estimators': 346, 'learning_rate': 0.2588426213619937, 'subsample': 0.6275832065425685, 'colsample_bytree': 0.6228218884605017, 'min_child_weight': 3}. Best is trial 117 with value: 0.7344086021505376.
/home/mklemmingen/PycharmProjects/migraine-forecasting-shd/.venv/lib/python3.13/site-packages/sklearn/metrics/_ranking.py:424: UndefinedMetricWarning: Only one class is present in y_true. ROC AUC score is not defined in that case.
  warnings.warn(
/home/mklemmingen/PycharmProjects/migraine-forecasting-shd/.venv/lib/python3.13/site-packages/sklearn/metrics/_ranking.py:1046: UserWarning: No positive class found in y_true, recall is set to one for all thresholds.
  warnings.warn(
[I 2026-05-22 18:49:02,187] Trial 400 finished with value: 0.6418010752688172 and parameters: {'n_estimators': 168, 'learning_rate': 0.023164217472997732, 'subsample': 0.9625018322084147, 'colsample_bytree': 0.6998184799398024, 'min_child_weight': 3}. Best is trial 117 with value: 0.7344086021505376.
/home/mklemmingen/PycharmProjects/migraine-forecasting-shd/.venv/lib/python3.13/site-packages/sklearn/metrics/_ranking.py:424: UndefinedMetricWarning: Only one class is present in y_true. ROC AUC score is not defined in that case.
  warnings.warn(
/home/mklemmingen/PycharmProjects/migraine-forecasting-shd/.venv/lib/python3.13/site-packages/sklearn/metrics/_ranking.py:1046: UserWarning: No positive class found in y_true, recall is set to one for all thresholds.
  warnings.warn(
[I 2026-05-22 18:49:02,823] Trial 401 finished with value: 0.24919354838709679 and parameters: {'n_estimators': 392, 'learning_rate': 0.046165790921315036, 'subsample': 0.9106842227820725, 'colsample_bytree': 0.626146463025754, 'min_child_weight': 5}. Best is trial 117 with value: 0.7344086021505376.
/home/mklemmingen/PycharmProjects/migraine-forecasting-shd/.venv/lib/python3.13/site-packages/sklearn/linear_model/_sag.py:348: ConvergenceWarning: The max_iter was reached which means the coef_ did not converge
  warnings.warn(
/home/mklemmingen/PycharmProjects/migraine-forecasting-shd/.venv/lib/python3.13/site-packages/sklearn/metrics/_ranking.py:424: UndefinedMetricWarning: Only one class is present in y_true. ROC AUC score is not defined in that case.
  warnings.warn(
/home/mklemmingen/PycharmProjects/migraine-forecasting-shd/.venv/lib/python3.13/site-packages/sklearn/metrics/_ranking.py:1046: UserWarning: No positive class found in y_true, recall is set to one for all thresholds.
  warnings.warn(
[I 2026-05-22 18:49:03,269] Trial 402 finished with value: 0.6589381720430108 and parameters: {'n_estimators': 65, 'learning_rate': 0.012375033364089306, 'subsample': 0.9625749813377644, 'colsample_bytree': 0.655698148447038, 'min_child_weight': 6}. Best is trial 117 with value: 0.7344086021505376.
/home/mklemmingen/PycharmProjects/migraine-forecasting-shd/.venv/lib/python3.13/site-packages/sklearn/metrics/_ranking.py:424: UndefinedMetricWarning: Only one class is present in y_true. ROC AUC score is not defined in that case.
  warnings.warn(
/home/mklemmingen/PycharmProjects/migraine-forecasting-shd/.venv/lib/python3.13/site-packages/sklearn/metrics/_ranking.py:1046: UserWarning: No positive class found in y_true, recall is set to one for all thresholds.
  warnings.warn(
[I 2026-05-22 18:49:03,887] Trial 403 finished with value: 0.6069892473118279 and parameters: {'n_estimators': 235, 'learning_rate': 0.03258878806411497, 'subsample': 0.959933338274909, 'colsample_bytree': 0.6087293587101957, 'min_child_weight': 7}. Best is trial 117 with value: 0.7344086021505376.
/home/mklemmingen/PycharmProjects/migraine-forecasting-shd/.venv/lib/python3.13/site-packages/sklearn/metrics/_ranking.py:424: UndefinedMetricWarning: Only one class is present in y_true. ROC AUC score is not defined in that case.
  warnings.warn(
/home/mklemmingen/PycharmProjects/migraine-forecasting-shd/.venv/lib/python3.13/site-packages/sklearn/metrics/_ranking.py:1046: UserWarning: No positive class found in y_true, recall is set to one for all thresholds.
  warnings.warn(
[I 2026-05-22 18:49:04,594] Trial 404 finished with value: 0.19946236559139788 and parameters: {'n_estimators': 484, 'learning_rate': 0.06721037677312691, 'subsample': 0.9747289848132368, 'colsample_bytree': 0.6209031517144095, 'min_child_weight': 5}. Best is trial 117 with value: 0.7344086021505376.
/home/mklemmingen/PycharmProjects/migraine-forecasting-shd/.venv/lib/python3.13/site-packages/sklearn/metrics/_ranking.py:424: UndefinedMetricWarning: Only one class is present in y_true. ROC AUC score is not defined in that case.
  warnings.warn(
/home/mklemmingen/PycharmProjects/migraine-forecasting-shd/.venv/lib/python3.13/site-packages/sklearn/metrics/_ranking.py:1046: UserWarning: No positive class found in y_true, recall is set to one for all thresholds.
  warnings.warn(
[I 2026-05-22 18:49:05,183] Trial 405 finished with value: 0.24946236559139787 and parameters: {'n_estimators': 167, 'learning_rate': 0.12009119896986077, 'subsample': 0.9925188361988987, 'colsample_bytree': 0.7026120249776991, 'min_child_weight': 7}. Best is trial 117 with value: 0.7344086021505376.
/home/mklemmingen/PycharmProjects/migraine-forecasting-shd/.venv/lib/python3.13/site-packages/sklearn/metrics/_ranking.py:424: UndefinedMetricWarning: Only one class is present in y_true. ROC AUC score is not defined in that case.
  warnings.warn(
/home/mklemmingen/PycharmProjects/migraine-forecasting-shd/.venv/lib/python3.13/site-packages/sklearn/metrics/_ranking.py:1046: UserWarning: No positive class found in y_true, recall is set to one for all thresholds.
  warnings.warn(
[I 2026-05-22 18:49:05,659] Trial 406 finished with value: 0.3033602150537635 and parameters: {'n_estimators': 139, 'learning_rate': 0.06840082422420674, 'subsample': 0.7855729946753345, 'colsample_bytree': 0.9888021318526148, 'min_child_weight': 7}. Best is trial 117 with value: 0.7344086021505376.
/home/mklemmingen/PycharmProjects/migraine-forecasting-shd/.venv/lib/python3.13/site-packages/sklearn/metrics/_ranking.py:424: UndefinedMetricWarning: Only one class is present in y_true. ROC AUC score is not defined in that case.
  warnings.warn(
/home/mklemmingen/PycharmProjects/migraine-forecasting-shd/.venv/lib/python3.13/site-packages/sklearn/metrics/_ranking.py:1046: UserWarning: No positive class found in y_true, recall is set to one for all thresholds.
  warnings.warn(
[I 2026-05-22 18:49:06,208] Trial 407 finished with value: 0.6290322580645161 and parameters: {'n_estimators': 207, 'learning_rate': 0.014741215968264691, 'subsample': 0.6604987314939738, 'colsample_bytree': 0.690126771980494, 'min_child_weight': 3}. Best is trial 117 with value: 0.7344086021505376.
/home/mklemmingen/PycharmProjects/migraine-forecasting-shd/.venv/lib/python3.13/site-packages/sklearn/metrics/_ranking.py:424: UndefinedMetricWarning: Only one class is present in y_true. ROC AUC score is not defined in that case.
  warnings.warn(
/home/mklemmingen/PycharmProjects/migraine-forecasting-shd/.venv/lib/python3.13/site-packages/sklearn/metrics/_ranking.py:1046: UserWarning: No positive class found in y_true, recall is set to one for all thresholds.
  warnings.warn(
[I 2026-05-22 18:49:07,015] Trial 408 finished with value: 0.24919354838709679 and parameters: {'n_estimators': 433, 'learning_rate': 0.06745188784237581, 'subsample': 0.8093563645497466, 'colsample_bytree': 0.645907548747687, 'min_child_weight': 9}. Best is trial 117 with value: 0.7344086021505376.
/home/mklemmingen/PycharmProjects/migraine-forecasting-shd/.venv/lib/python3.13/site-packages/sklearn/metrics/_ranking.py:424: UndefinedMetricWarning: Only one class is present in y_true. ROC AUC score is not defined in that case.
  warnings.warn(
/home/mklemmingen/PycharmProjects/migraine-forecasting-shd/.venv/lib/python3.13/site-packages/sklearn/metrics/_ranking.py:1046: UserWarning: No positive class found in y_true, recall is set to one for all thresholds.
  warnings.warn(
[I 2026-05-22 18:49:07,636] Trial 409 finished with value: 0.3361559139784946 and parameters: {'n_estimators': 375, 'learning_rate': 0.012587931636111327, 'subsample': 0.8831340388919074, 'colsample_bytree': 0.8174152869370584, 'min_child_weight': 1}. Best is trial 117 with value: 0.7344086021505376.
/home/mklemmingen/PycharmProjects/migraine-forecasting-shd/.venv/lib/python3.13/site-packages/sklearn/metrics/_ranking.py:424: UndefinedMetricWarning: Only one class is present in y_true. ROC AUC score is not defined in that case.
  warnings.warn(
/home/mklemmingen/PycharmProjects/migraine-forecasting-shd/.venv/lib/python3.13/site-packages/sklearn/metrics/_ranking.py:1046: UserWarning: No positive class found in y_true, recall is set to one for all thresholds.
  warnings.warn(
[I 2026-05-22 18:49:08,274] Trial 410 finished with value: 0.3033602150537634 and parameters: {'n_estimators': 256, 'learning_rate': 0.05199423440889519, 'subsample': 0.6663098160653103, 'colsample_bytree': 0.9782792588001129, 'min_child_weight': 9}. Best is trial 117 with value: 0.7344086021505376.
/home/mklemmingen/PycharmProjects/migraine-forecasting-shd/.venv/lib/python3.13/site-packages/sklearn/metrics/_ranking.py:424: UndefinedMetricWarning: Only one class is present in y_true. ROC AUC score is not defined in that case.
  warnings.warn(
/home/mklemmingen/PycharmProjects/migraine-forecasting-shd/.venv/lib/python3.13/site-packages/sklearn/metrics/_ranking.py:1046: UserWarning: No positive class found in y_true, recall is set to one for all thresholds.
  warnings.warn(
[I 2026-05-22 18:49:08,947] Trial 411 finished with value: 0.27419354838709675 and parameters: {'n_estimators': 351, 'learning_rate': 0.04817997819550144, 'subsample': 0.7647062166338034, 'colsample_bytree': 0.8603893868603816, 'min_child_weight': 6}. Best is trial 117 with value: 0.7344086021505376.
/home/mklemmingen/PycharmProjects/migraine-forecasting-shd/.venv/lib/python3.13/site-packages/sklearn/metrics/_ranking.py:424: UndefinedMetricWarning: Only one class is present in y_true. ROC AUC score is not defined in that case.
  warnings.warn(
/home/mklemmingen/PycharmProjects/migraine-forecasting-shd/.venv/lib/python3.13/site-packages/sklearn/metrics/_ranking.py:1046: UserWarning: No positive class found in y_true, recall is set to one for all thresholds.
  warnings.warn(
[I 2026-05-22 18:49:09,359] Trial 412 finished with value: 0.32836021505376345 and parameters: {'n_estimators': 78, 'learning_rate': 0.05715162135968608, 'subsample': 0.9225614468931358, 'colsample_bytree': 0.7836959510387832, 'min_child_weight': 1}. Best is trial 117 with value: 0.7344086021505376.
/home/mklemmingen/PycharmProjects/migraine-forecasting-shd/.venv/lib/python3.13/site-packages/sklearn/metrics/_ranking.py:424: UndefinedMetricWarning: Only one class is present in y_true. ROC AUC score is not defined in that case.
  warnings.warn(
/home/mklemmingen/PycharmProjects/migraine-forecasting-shd/.venv/lib/python3.13/site-packages/sklearn/metrics/_ranking.py:1046: UserWarning: No positive class found in y_true, recall is set to one for all thresholds.
  warnings.warn(
[I 2026-05-22 18:49:10,150] Trial 413 finished with value: 0.44059139784946233 and parameters: {'n_estimators': 404, 'learning_rate': 0.01983529767778567, 'subsample': 0.7034483339552156, 'colsample_bytree': 0.6658825413729184, 'min_child_weight': 4}. Best is trial 117 with value: 0.7344086021505376.
/home/mklemmingen/PycharmProjects/migraine-forecasting-shd/.venv/lib/python3.13/site-packages/sklearn/metrics/_ranking.py:424: UndefinedMetricWarning: Only one class is present in y_true. ROC AUC score is not defined in that case.
  warnings.warn(
/home/mklemmingen/PycharmProjects/migraine-forecasting-shd/.venv/lib/python3.13/site-packages/sklearn/metrics/_ranking.py:1046: UserWarning: No positive class found in y_true, recall is set to one for all thresholds.
  warnings.warn(
