[I 2026-05-22 18:47:10,011] Trial 219 finished with value: 0.5806451612903226 and parameters: {'n_estimators': 129, 'learning_rate': 0.021168245605336592, 'subsample': 0.6745753048577018, 'colsample_bytree': 0.9118337894267013, 'min_child_weight': 4}. Best is trial 117 with value: 0.7344086021505376.
/home/mklemmingen/PycharmProjects/migraine-forecasting-shd/.venv/lib/python3.13/site-packages/sklearn/metrics/_ranking.py:424: UndefinedMetricWarning: Only one class is present in y_true. ROC AUC score is not defined in that case.
  warnings.warn(
/home/mklemmingen/PycharmProjects/migraine-forecasting-shd/.venv/lib/python3.13/site-packages/sklearn/metrics/_ranking.py:1046: UserWarning: No positive class found in y_true, recall is set to one for all thresholds.
  warnings.warn(
[I 2026-05-22 18:47:10,493] Trial 220 finished with value: 0.3369623655913978 and parameters: {'n_estimators': 76, 'learning_rate': 0.27007357481469935, 'subsample': 0.9535143539853703, 'colsample_bytree': 0.9711009132780852, 'min_child_weight': 10}. Best is trial 117 with value: 0.7344086021505376.
/home/mklemmingen/PycharmProjects/migraine-forecasting-shd/.venv/lib/python3.13/site-packages/sklearn/metrics/_ranking.py:424: UndefinedMetricWarning: Only one class is present in y_true. ROC AUC score is not defined in that case.
  warnings.warn(
/home/mklemmingen/PycharmProjects/migraine-forecasting-shd/.venv/lib/python3.13/site-packages/sklearn/metrics/_ranking.py:1046: UserWarning: No positive class found in y_true, recall is set to one for all thresholds.
  warnings.warn(
[I 2026-05-22 18:47:10,927] Trial 221 finished with value: 0.3239247311827957 and parameters: {'n_estimators': 128, 'learning_rate': 0.038485533221220426, 'subsample': 0.9032953902816365, 'colsample_bytree': 0.8784082472215169, 'min_child_weight': 2}. Best is trial 117 with value: 0.7344086021505376.
/home/mklemmingen/PycharmProjects/migraine-forecasting-shd/.venv/lib/python3.13/site-packages/sklearn/metrics/_ranking.py:424: UndefinedMetricWarning: Only one class is present in y_true. ROC AUC score is not defined in that case.
  warnings.warn(
/home/mklemmingen/PycharmProjects/migraine-forecasting-shd/.venv/lib/python3.13/site-packages/sklearn/metrics/_ranking.py:1046: UserWarning: No positive class found in y_true, recall is set to one for all thresholds.
  warnings.warn(
[I 2026-05-22 18:47:11,590] Trial 222 finished with value: 0.2616935483870968 and parameters: {'n_estimators': 417, 'learning_rate': 0.021454872553820167, 'subsample': 0.6895270459290492, 'colsample_bytree': 0.8147897691573655, 'min_child_weight': 6}. Best is trial 117 with value: 0.7344086021505376.
/home/mklemmingen/PycharmProjects/migraine-forecasting-shd/.venv/lib/python3.13/site-packages/sklearn/metrics/_ranking.py:424: UndefinedMetricWarning: Only one class is present in y_true. ROC AUC score is not defined in that case.
  warnings.warn(
/home/mklemmingen/PycharmProjects/migraine-forecasting-shd/.venv/lib/python3.13/site-packages/sklearn/metrics/_ranking.py:1046: UserWarning: No positive class found in y_true, recall is set to one for all thresholds.
  warnings.warn(
[I 2026-05-22 18:47:12,202] Trial 223 finished with value: 0.6048387096774194 and parameters: {'n_estimators': 311, 'learning_rate': 0.013650141458097294, 'subsample': 0.9509843450521521, 'colsample_bytree': 0.7062400170354824, 'min_child_weight': 2}. Best is trial 117 with value: 0.7344086021505376.
/home/mklemmingen/PycharmProjects/migraine-forecasting-shd/.venv/lib/python3.13/site-packages/sklearn/metrics/_ranking.py:424: UndefinedMetricWarning: Only one class is present in y_true. ROC AUC score is not defined in that case.
  warnings.warn(
/home/mklemmingen/PycharmProjects/migraine-forecasting-shd/.venv/lib/python3.13/site-packages/sklearn/metrics/_ranking.py:1046: UserWarning: No positive class found in y_true, recall is set to one for all thresholds.
  warnings.warn(
[I 2026-05-22 18:47:12,905] Trial 224 finished with value: 0.5841397849462366 and parameters: {'n_estimators': 450, 'learning_rate': 0.25799609949079394, 'subsample': 0.9448510469061803, 'colsample_bytree': 0.9238064298899512, 'min_child_weight': 7}. Best is trial 117 with value: 0.7344086021505376.
/home/mklemmingen/PycharmProjects/migraine-forecasting-shd/.venv/lib/python3.13/site-packages/sklearn/metrics/_ranking.py:424: UndefinedMetricWarning: Only one class is present in y_true. ROC AUC score is not defined in that case.
  warnings.warn(
/home/mklemmingen/PycharmProjects/migraine-forecasting-shd/.venv/lib/python3.13/site-packages/sklearn/metrics/_ranking.py:1046: UserWarning: No positive class found in y_true, recall is set to one for all thresholds.
  warnings.warn(
[I 2026-05-22 18:47:13,597] Trial 225 finished with value: 0.6059139784946236 and parameters: {'n_estimators': 298, 'learning_rate': 0.013442807881704787, 'subsample': 0.7633812852282795, 'colsample_bytree': 0.7490754068049256, 'min_child_weight': 3}. Best is trial 117 with value: 0.7344086021505376.
/home/mklemmingen/PycharmProjects/migraine-forecasting-shd/.venv/lib/python3.13/site-packages/sklearn/metrics/_ranking.py:424: UndefinedMetricWarning: Only one class is present in y_true. ROC AUC score is not defined in that case.
  warnings.warn(
/home/mklemmingen/PycharmProjects/migraine-forecasting-shd/.venv/lib/python3.13/site-packages/sklearn/metrics/_ranking.py:1046: UserWarning: No positive class found in y_true, recall is set to one for all thresholds.
  warnings.warn(
[I 2026-05-22 18:47:14,130] Trial 226 finished with value: 0.2700268817204301 and parameters: {'n_estimators': 376, 'learning_rate': 0.05400930490489831, 'subsample': 0.6324184863630592, 'colsample_bytree': 0.6880732807799246, 'min_child_weight': 7}. Best is trial 117 with value: 0.7344086021505376.
/home/mklemmingen/PycharmProjects/migraine-forecasting-shd/.venv/lib/python3.13/site-packages/sklearn/metrics/_ranking.py:424: UndefinedMetricWarning: Only one class is present in y_true. ROC AUC score is not defined in that case.
  warnings.warn(
/home/mklemmingen/PycharmProjects/migraine-forecasting-shd/.venv/lib/python3.13/site-packages/sklearn/metrics/_ranking.py:1046: UserWarning: No positive class found in y_true, recall is set to one for all thresholds.
  warnings.warn(
[I 2026-05-22 18:47:14,543] Trial 227 finished with value: 0.2950268817204301 and parameters: {'n_estimators': 84, 'learning_rate': 0.18085720917034953, 'subsample': 0.7980586108055897, 'colsample_bytree': 0.7922346309306592, 'min_child_weight': 6}. Best is trial 117 with value: 0.7344086021505376.
/home/mklemmingen/PycharmProjects/migraine-forecasting-shd/.venv/lib/python3.13/site-packages/sklearn/metrics/_ranking.py:424: UndefinedMetricWarning: Only one class is present in y_true. ROC AUC score is not defined in that case.
  warnings.warn(
/home/mklemmingen/PycharmProjects/migraine-forecasting-shd/.venv/lib/python3.13/site-packages/sklearn/metrics/_ranking.py:1046: UserWarning: No positive class found in y_true, recall is set to one for all thresholds.
  warnings.warn(
[I 2026-05-22 18:47:15,236] Trial 228 finished with value: 0.22446236559139787 and parameters: {'n_estimators': 421, 'learning_rate': 0.03264046773889467, 'subsample': 0.8712064610236254, 'colsample_bytree': 0.8262927855983164, 'min_child_weight': 3}. Best is trial 117 with value: 0.7344086021505376.
/home/mklemmingen/PycharmProjects/migraine-forecasting-shd/.venv/lib/python3.13/site-packages/sklearn/metrics/_ranking.py:424: UndefinedMetricWarning: Only one class is present in y_true. ROC AUC score is not defined in that case.
  warnings.warn(
/home/mklemmingen/PycharmProjects/migraine-forecasting-shd/.venv/lib/python3.13/site-packages/sklearn/metrics/_ranking.py:1046: UserWarning: No positive class found in y_true, recall is set to one for all thresholds.
  warnings.warn(
[I 2026-05-22 18:47:15,919] Trial 229 finished with value: 0.48830645161290326 and parameters: {'n_estimators': 446, 'learning_rate': 0.1506242597564433, 'subsample': 0.8633807338633701, 'colsample_bytree': 0.9402326916376967, 'min_child_weight': 9}. Best is trial 117 with value: 0.7344086021505376.
/home/mklemmingen/PycharmProjects/migraine-forecasting-shd/.venv/lib/python3.13/site-packages/sklearn/metrics/_ranking.py:424: UndefinedMetricWarning: Only one class is present in y_true. ROC AUC score is not defined in that case.
  warnings.warn(
/home/mklemmingen/PycharmProjects/migraine-forecasting-shd/.venv/lib/python3.13/site-packages/sklearn/metrics/_ranking.py:1046: UserWarning: No positive class found in y_true, recall is set to one for all thresholds.
  warnings.warn(
[I 2026-05-22 18:47:16,630] Trial 230 finished with value: 0.5674731182795699 and parameters: {'n_estimators': 369, 'learning_rate': 0.17233368627246023, 'subsample': 0.8789885846677135, 'colsample_bytree': 0.8720563087041202, 'min_child_weight': 7}. Best is trial 117 with value: 0.7344086021505376.
/home/mklemmingen/PycharmProjects/migraine-forecasting-shd/.venv/lib/python3.13/site-packages/sklearn/metrics/_ranking.py:424: UndefinedMetricWarning: Only one class is present in y_true. ROC AUC score is not defined in that case.
  warnings.warn(
/home/mklemmingen/PycharmProjects/migraine-forecasting-shd/.venv/lib/python3.13/site-packages/sklearn/metrics/_ranking.py:1046: UserWarning: No positive class found in y_true, recall is set to one for all thresholds.
  warnings.warn(
[I 2026-05-22 18:47:17,391] Trial 231 finished with value: 0.3614247311827957 and parameters: {'n_estimators': 389, 'learning_rate': 0.01715058633804989, 'subsample': 0.9523483036795714, 'colsample_bytree': 0.9487374110980928, 'min_child_weight': 1}. Best is trial 117 with value: 0.7344086021505376.
/home/mklemmingen/PycharmProjects/migraine-forecasting-shd/.venv/lib/python3.13/site-packages/sklearn/metrics/_ranking.py:424: UndefinedMetricWarning: Only one class is present in y_true. ROC AUC score is not defined in that case.
  warnings.warn(
/home/mklemmingen/PycharmProjects/migraine-forecasting-shd/.venv/lib/python3.13/site-packages/sklearn/metrics/_ranking.py:1046: UserWarning: No positive class found in y_true, recall is set to one for all thresholds.
  warnings.warn(
[I 2026-05-22 18:47:18,174] Trial 232 finished with value: 0.3905913978494624 and parameters: {'n_estimators': 422, 'learning_rate': 0.015500882360981386, 'subsample': 0.7340475417036567, 'colsample_bytree': 0.897403302516643, 'min_child_weight': 2}. Best is trial 117 with value: 0.7344086021505376.
/home/mklemmingen/PycharmProjects/migraine-forecasting-shd/.venv/lib/python3.13/site-packages/sklearn/metrics/_ranking.py:424: UndefinedMetricWarning: Only one class is present in y_true. ROC AUC score is not defined in that case.
  warnings.warn(
/home/mklemmingen/PycharmProjects/migraine-forecasting-shd/.venv/lib/python3.13/site-packages/sklearn/metrics/_ranking.py:1046: UserWarning: No positive class found in y_true, recall is set to one for all thresholds.
  warnings.warn(
[I 2026-05-22 18:47:18,930] Trial 233 finished with value: 0.2661290322580645 and parameters: {'n_estimators': 418, 'learning_rate': 0.16949741572693364, 'subsample': 0.8029870935043345, 'colsample_bytree': 0.6025543486867334, 'min_child_weight': 3}. Best is trial 117 with value: 0.7344086021505376.
/home/mklemmingen/PycharmProjects/migraine-forecasting-shd/.venv/lib/python3.13/site-packages/sklearn/metrics/_ranking.py:424: UndefinedMetricWarning: Only one class is present in y_true. ROC AUC score is not defined in that case.
  warnings.warn(
/home/mklemmingen/PycharmProjects/migraine-forecasting-shd/.venv/lib/python3.13/site-packages/sklearn/metrics/_ranking.py:1046: UserWarning: No positive class found in y_true, recall is set to one for all thresholds.
  warnings.warn(
[I 2026-05-22 18:47:19,522] Trial 234 finished with value: 0.5299731182795699 and parameters: {'n_estimators': 328, 'learning_rate': 0.2814044483905247, 'subsample': 0.8527254108066673, 'colsample_bytree': 0.703921432425664, 'min_child_weight': 7}. Best is trial 117 with value: 0.7344086021505376.
/home/mklemmingen/PycharmProjects/migraine-forecasting-shd/.venv/lib/python3.13/site-packages/sklearn/metrics/_ranking.py:424: UndefinedMetricWarning: Only one class is present in y_true. ROC AUC score is not defined in that case.
  warnings.warn(
/home/mklemmingen/PycharmProjects/migraine-forecasting-shd/.venv/lib/python3.13/site-packages/sklearn/metrics/_ranking.py:1046: UserWarning: No positive class found in y_true, recall is set to one for all thresholds.
  warnings.warn(
[I 2026-05-22 18:47:20,228] Trial 235 finished with value: 0.47137096774193554 and parameters: {'n_estimators': 293, 'learning_rate': 0.14188164286328378, 'subsample': 0.6427922555307833, 'colsample_bytree': 0.9044111610008112, 'min_child_weight': 6}. Best is trial 117 with value: 0.7344086021505376.
/home/mklemmingen/PycharmProjects/migraine-forecasting-shd/.venv/lib/python3.13/site-packages/sklearn/metrics/_ranking.py:424: UndefinedMetricWarning: Only one class is present in y_true. ROC AUC score is not defined in that case.
  warnings.warn(
/home/mklemmingen/PycharmProjects/migraine-forecasting-shd/.venv/lib/python3.13/site-packages/sklearn/metrics/_ranking.py:1046: UserWarning: No positive class found in y_true, recall is set to one for all thresholds.
  warnings.warn(
[I 2026-05-22 18:47:21,091] Trial 236 finished with value: 0.21169354838709678 and parameters: {'n_estimators': 484, 'learning_rate': 0.031987967260885763, 'subsample': 0.8530487572535792, 'colsample_bytree': 0.9728112422040069, 'min_child_weight': 2}. Best is trial 117 with value: 0.7344086021505376.
/home/mklemmingen/PycharmProjects/migraine-forecasting-shd/.venv/lib/python3.13/site-packages/sklearn/metrics/_ranking.py:424: UndefinedMetricWarning: Only one class is present in y_true. ROC AUC score is not defined in that case.
  warnings.warn(
/home/mklemmingen/PycharmProjects/migraine-forecasting-shd/.venv/lib/python3.13/site-packages/sklearn/metrics/_ranking.py:1046: UserWarning: No positive class found in y_true, recall is set to one for all thresholds.
  warnings.warn(
[I 2026-05-22 18:47:21,796] Trial 237 finished with value: 0.2661290322580645 and parameters: {'n_estimators': 472, 'learning_rate': 0.10377449322923026, 'subsample': 0.6271348236420687, 'colsample_bytree': 0.7203854267787265, 'min_child_weight': 8}. Best is trial 117 with value: 0.7344086021505376.
/home/mklemmingen/PycharmProjects/migraine-forecasting-shd/.venv/lib/python3.13/site-packages/sklearn/metrics/_ranking.py:424: UndefinedMetricWarning: Only one class is present in y_true. ROC AUC score is not defined in that case.
  warnings.warn(
/home/mklemmingen/PycharmProjects/migraine-forecasting-shd/.venv/lib/python3.13/site-packages/sklearn/metrics/_ranking.py:1046: UserWarning: No positive class found in y_true, recall is set to one for all thresholds.
  warnings.warn(
[I 2026-05-22 18:47:22,302] Trial 238 finished with value: 0.15309139784946238 and parameters: {'n_estimators': 80, 'learning_rate': 0.07243298125258663, 'subsample': 0.7383532227811826, 'colsample_bytree': 0.8483662071069908, 'min_child_weight': 1}. Best is trial 117 with value: 0.7344086021505376.
/home/mklemmingen/PycharmProjects/migraine-forecasting-shd/.venv/lib/python3.13/site-packages/sklearn/metrics/_ranking.py:424: UndefinedMetricWarning: Only one class is present in y_true. ROC AUC score is not defined in that case.
  warnings.warn(
/home/mklemmingen/PycharmProjects/migraine-forecasting-shd/.venv/lib/python3.13/site-packages/sklearn/metrics/_ranking.py:1046: UserWarning: No positive class found in y_true, recall is set to one for all thresholds.
  warnings.warn(
[I 2026-05-22 18:47:23,006] Trial 239 finished with value: 0.5424731182795698 and parameters: {'n_estimators': 443, 'learning_rate': 0.2741329550308027, 'subsample': 0.9875511421142766, 'colsample_bytree': 0.8998607326971699, 'min_child_weight': 2}. Best is trial 117 with value: 0.7344086021505376.
/home/mklemmingen/PycharmProjects/migraine-forecasting-shd/.venv/lib/python3.13/site-packages/sklearn/metrics/_ranking.py:424: UndefinedMetricWarning: Only one class is present in y_true. ROC AUC score is not defined in that case.
  warnings.warn(
/home/mklemmingen/PycharmProjects/migraine-forecasting-shd/.venv/lib/python3.13/site-packages/sklearn/metrics/_ranking.py:1046: UserWarning: No positive class found in y_true, recall is set to one for all thresholds.
  warnings.warn(
[I 2026-05-22 18:47:23,639] Trial 240 finished with value: 0.6014784946236559 and parameters: {'n_estimators': 391, 'learning_rate': 0.010872210614728706, 'subsample': 0.6088494206115989, 'colsample_bytree': 0.7294440876598165, 'min_child_weight': 5}. Best is trial 117 with value: 0.7344086021505376.
/home/mklemmingen/PycharmProjects/migraine-forecasting-shd/.venv/lib/python3.13/site-packages/sklearn/metrics/_ranking.py:424: UndefinedMetricWarning: Only one class is present in y_true. ROC AUC score is not defined in that case.
  warnings.warn(
/home/mklemmingen/PycharmProjects/migraine-forecasting-shd/.venv/lib/python3.13/site-packages/sklearn/metrics/_ranking.py:1046: UserWarning: No positive class found in y_true, recall is set to one for all thresholds.
  warnings.warn(
[I 2026-05-22 18:47:24,386] Trial 241 finished with value: 0.2783602150537634 and parameters: {'n_estimators': 397, 'learning_rate': 0.10216687836661903, 'subsample': 0.7783610825506994, 'colsample_bytree': 0.7094506665126663, 'min_child_weight': 10}. Best is trial 117 with value: 0.7344086021505376.
/home/mklemmingen/PycharmProjects/migraine-forecasting-shd/.venv/lib/python3.13/site-packages/sklearn/metrics/_ranking.py:424: UndefinedMetricWarning: Only one class is present in y_true. ROC AUC score is not defined in that case.
  warnings.warn(
/home/mklemmingen/PycharmProjects/migraine-forecasting-shd/.venv/lib/python3.13/site-packages/sklearn/metrics/_ranking.py:1046: UserWarning: No positive class found in y_true, recall is set to one for all thresholds.
  warnings.warn(
[I 2026-05-22 18:47:25,041] Trial 242 finished with value: 0.2952956989247312 and parameters: {'n_estimators': 242, 'learning_rate': 0.04642515557144032, 'subsample': 0.6654495284766676, 'colsample_bytree': 0.9179238194999717, 'min_child_weight': 7}. Best is trial 117 with value: 0.7344086021505376.
/home/mklemmingen/PycharmProjects/migraine-forecasting-shd/.venv/lib/python3.13/site-packages/sklearn/metrics/_ranking.py:424: UndefinedMetricWarning: Only one class is present in y_true. ROC AUC score is not defined in that case.
  warnings.warn(
/home/mklemmingen/PycharmProjects/migraine-forecasting-shd/.venv/lib/python3.13/site-packages/sklearn/metrics/_ranking.py:1046: UserWarning: No positive class found in y_true, recall is set to one for all thresholds.
  warnings.warn(
[I 2026-05-22 18:47:25,633] Trial 243 finished with value: 0.6290322580645161 and parameters: {'n_estimators': 149, 'learning_rate': 0.013233867846615706, 'subsample': 0.8721997208298853, 'colsample_bytree': 0.861804485712454, 'min_child_weight': 3}. Best is trial 117 with value: 0.7344086021505376.
/home/mklemmingen/PycharmProjects/migraine-forecasting-shd/.venv/lib/python3.13/site-packages/sklearn/metrics/_ranking.py:424: UndefinedMetricWarning: Only one class is present in y_true. ROC AUC score is not defined in that case.
  warnings.warn(
/home/mklemmingen/PycharmProjects/migraine-forecasting-shd/.venv/lib/python3.13/site-packages/sklearn/metrics/_ranking.py:1046: UserWarning: No positive class found in y_true, recall is set to one for all thresholds.
  warnings.warn(
[I 2026-05-22 18:47:26,466] Trial 244 finished with value: 0.21559139784946235 and parameters: {'n_estimators': 478, 'learning_rate': 0.016715940732072453, 'subsample': 0.7729339204170408, 'colsample_bytree': 0.9774463680670396, 'min_child_weight': 5}. Best is trial 117 with value: 0.7344086021505376.
/home/mklemmingen/PycharmProjects/migraine-forecasting-shd/.venv/lib/python3.13/site-packages/sklearn/metrics/_ranking.py:424: UndefinedMetricWarning: Only one class is present in y_true. ROC AUC score is not defined in that case.
  warnings.warn(
/home/mklemmingen/PycharmProjects/migraine-forecasting-shd/.venv/lib/python3.13/site-packages/sklearn/metrics/_ranking.py:1046: UserWarning: No positive class found in y_true, recall is set to one for all thresholds.
  warnings.warn(
[I 2026-05-22 18:47:27,199] Trial 245 finished with value: 0.26196236559139785 and parameters: {'n_estimators': 337, 'learning_rate': 0.03866296319102493, 'subsample': 0.7096860809394681, 'colsample_bytree': 0.9935910591839313, 'min_child_weight': 5}. Best is trial 117 with value: 0.7344086021505376.
/home/mklemmingen/PycharmProjects/migraine-forecasting-shd/.venv/lib/python3.13/site-packages/sklearn/metrics/_ranking.py:424: UndefinedMetricWarning: Only one class is present in y_true. ROC AUC score is not defined in that case.
  warnings.warn(
/home/mklemmingen/PycharmProjects/migraine-forecasting-shd/.venv/lib/python3.13/site-packages/sklearn/metrics/_ranking.py:1046: UserWarning: No positive class found in y_true, recall is set to one for all thresholds.
  warnings.warn(
[I 2026-05-22 18:47:28,049] Trial 246 finished with value: 0.18225806451612903 and parameters: {'n_estimators': 453, 'learning_rate': 0.02186104086033942, 'subsample': 0.6852418816100333, 'colsample_bytree': 0.6124536331538045, 'min_child_weight': 7}. Best is trial 117 with value: 0.7344086021505376.
/home/mklemmingen/PycharmProjects/migraine-forecasting-shd/.venv/lib/python3.13/site-packages/sklearn/metrics/_ranking.py:424: UndefinedMetricWarning: Only one class is present in y_true. ROC AUC score is not defined in that case.
  warnings.warn(
/home/mklemmingen/PycharmProjects/migraine-forecasting-shd/.venv/lib/python3.13/site-packages/sklearn/metrics/_ranking.py:1046: UserWarning: No positive class found in y_true, recall is set to one for all thresholds.
  warnings.warn(
