[I 2026-05-22 18:46:37,422] Trial 164 finished with value: 0.5850806451612903 and parameters: {'n_estimators': 412, 'learning_rate': 0.010158791797488999, 'subsample': 0.7333996686764577, 'colsample_bytree': 0.7592674774363773, 'min_child_weight': 6}. Best is trial 117 with value: 0.7344086021505376.
/home/mklemmingen/PycharmProjects/migraine-forecasting-shd/.venv/lib/python3.13/site-packages/sklearn/metrics/_ranking.py:424: UndefinedMetricWarning: Only one class is present in y_true. ROC AUC score is not defined in that case.
  warnings.warn(
/home/mklemmingen/PycharmProjects/migraine-forecasting-shd/.venv/lib/python3.13/site-packages/sklearn/metrics/_ranking.py:1046: UserWarning: No positive class found in y_true, recall is set to one for all thresholds.
  warnings.warn(
[I 2026-05-22 18:46:38,152] Trial 165 finished with value: 0.2783602150537634 and parameters: {'n_estimators': 464, 'learning_rate': 0.03247843017843543, 'subsample': 0.738781280758491, 'colsample_bytree': 0.8950004992438994, 'min_child_weight': 5}. Best is trial 117 with value: 0.7344086021505376.
/home/mklemmingen/PycharmProjects/migraine-forecasting-shd/.venv/lib/python3.13/site-packages/sklearn/metrics/_ranking.py:424: UndefinedMetricWarning: Only one class is present in y_true. ROC AUC score is not defined in that case.
  warnings.warn(
/home/mklemmingen/PycharmProjects/migraine-forecasting-shd/.venv/lib/python3.13/site-packages/sklearn/metrics/_ranking.py:1046: UserWarning: No positive class found in y_true, recall is set to one for all thresholds.
  warnings.warn(
[I 2026-05-22 18:46:38,724] Trial 166 finished with value: 0.2364247311827957 and parameters: {'n_estimators': 151, 'learning_rate': 0.04659164301583207, 'subsample': 0.6563428081519199, 'colsample_bytree': 0.6705547946024893, 'min_child_weight': 5}. Best is trial 117 with value: 0.7344086021505376.
/home/mklemmingen/PycharmProjects/migraine-forecasting-shd/.venv/lib/python3.13/site-packages/sklearn/metrics/_ranking.py:424: UndefinedMetricWarning: Only one class is present in y_true. ROC AUC score is not defined in that case.
  warnings.warn(
/home/mklemmingen/PycharmProjects/migraine-forecasting-shd/.venv/lib/python3.13/site-packages/sklearn/metrics/_ranking.py:1046: UserWarning: No positive class found in y_true, recall is set to one for all thresholds.
  warnings.warn(
[I 2026-05-22 18:46:39,255] Trial 167 finished with value: 0.4633064516129032 and parameters: {'n_estimators': 238, 'learning_rate': 0.22456306397987974, 'subsample': 0.7449575596466532, 'colsample_bytree': 0.8322353401112174, 'min_child_weight': 7}. Best is trial 117 with value: 0.7344086021505376.
/home/mklemmingen/PycharmProjects/migraine-forecasting-shd/.venv/lib/python3.13/site-packages/sklearn/metrics/_ranking.py:424: UndefinedMetricWarning: Only one class is present in y_true. ROC AUC score is not defined in that case.
  warnings.warn(
/home/mklemmingen/PycharmProjects/migraine-forecasting-shd/.venv/lib/python3.13/site-packages/sklearn/metrics/_ranking.py:1046: UserWarning: No positive class found in y_true, recall is set to one for all thresholds.
  warnings.warn(
[I 2026-05-22 18:46:39,652] Trial 168 finished with value: 0.6397849462365591 and parameters: {'n_estimators': 55, 'learning_rate': 0.0955267836593859, 'subsample': 0.6712143867479006, 'colsample_bytree': 0.984428126987782, 'min_child_weight': 2}. Best is trial 117 with value: 0.7344086021505376.
/home/mklemmingen/PycharmProjects/migraine-forecasting-shd/.venv/lib/python3.13/site-packages/sklearn/metrics/_ranking.py:424: UndefinedMetricWarning: Only one class is present in y_true. ROC AUC score is not defined in that case.
  warnings.warn(
/home/mklemmingen/PycharmProjects/migraine-forecasting-shd/.venv/lib/python3.13/site-packages/sklearn/metrics/_ranking.py:1046: UserWarning: No positive class found in y_true, recall is set to one for all thresholds.
  warnings.warn(
[I 2026-05-22 18:46:40,286] Trial 169 finished with value: 0.07809139784946235 and parameters: {'n_estimators': 236, 'learning_rate': 0.013368165353768521, 'subsample': 0.998749700738379, 'colsample_bytree': 0.800878004132497, 'min_child_weight': 6}. Best is trial 117 with value: 0.7344086021505376.
/home/mklemmingen/PycharmProjects/migraine-forecasting-shd/.venv/lib/python3.13/site-packages/sklearn/metrics/_ranking.py:424: UndefinedMetricWarning: Only one class is present in y_true. ROC AUC score is not defined in that case.
  warnings.warn(
/home/mklemmingen/PycharmProjects/migraine-forecasting-shd/.venv/lib/python3.13/site-packages/sklearn/metrics/_ranking.py:1046: UserWarning: No positive class found in y_true, recall is set to one for all thresholds.
  warnings.warn(
[I 2026-05-22 18:46:40,811] Trial 170 finished with value: 0.582258064516129 and parameters: {'n_estimators': 80, 'learning_rate': 0.1281688687155785, 'subsample': 0.6839622372382343, 'colsample_bytree': 0.9592217157762855, 'min_child_weight': 3}. Best is trial 117 with value: 0.7344086021505376.
/home/mklemmingen/PycharmProjects/migraine-forecasting-shd/.venv/lib/python3.13/site-packages/sklearn/metrics/_ranking.py:424: UndefinedMetricWarning: Only one class is present in y_true. ROC AUC score is not defined in that case.
  warnings.warn(
/home/mklemmingen/PycharmProjects/migraine-forecasting-shd/.venv/lib/python3.13/site-packages/sklearn/metrics/_ranking.py:1046: UserWarning: No positive class found in y_true, recall is set to one for all thresholds.
  warnings.warn(
[I 2026-05-22 18:46:41,289] Trial 171 finished with value: 0.6451612903225806 and parameters: {'n_estimators': 136, 'learning_rate': 0.011323698336394534, 'subsample': 0.7888267780439997, 'colsample_bytree': 0.8259364533050466, 'min_child_weight': 1}. Best is trial 117 with value: 0.7344086021505376.
/home/mklemmingen/PycharmProjects/migraine-forecasting-shd/.venv/lib/python3.13/site-packages/sklearn/metrics/_ranking.py:424: UndefinedMetricWarning: Only one class is present in y_true. ROC AUC score is not defined in that case.
  warnings.warn(
/home/mklemmingen/PycharmProjects/migraine-forecasting-shd/.venv/lib/python3.13/site-packages/sklearn/metrics/_ranking.py:1046: UserWarning: No positive class found in y_true, recall is set to one for all thresholds.
  warnings.warn(
[I 2026-05-22 18:46:41,950] Trial 172 finished with value: 0.19946236559139788 and parameters: {'n_estimators': 399, 'learning_rate': 0.046726426888067565, 'subsample': 0.809756107731032, 'colsample_bytree': 0.7763050987752913, 'min_child_weight': 5}. Best is trial 117 with value: 0.7344086021505376.
/home/mklemmingen/PycharmProjects/migraine-forecasting-shd/.venv/lib/python3.13/site-packages/sklearn/metrics/_ranking.py:424: UndefinedMetricWarning: Only one class is present in y_true. ROC AUC score is not defined in that case.
  warnings.warn(
/home/mklemmingen/PycharmProjects/migraine-forecasting-shd/.venv/lib/python3.13/site-packages/sklearn/metrics/_ranking.py:1046: UserWarning: No positive class found in y_true, recall is set to one for all thresholds.
  warnings.warn(
[I 2026-05-22 18:46:42,535] Trial 173 finished with value: 0.5728494623655914 and parameters: {'n_estimators': 302, 'learning_rate': 0.016955424480598027, 'subsample': 0.6727712521981084, 'colsample_bytree': 0.944714248405407, 'min_child_weight': 10}. Best is trial 117 with value: 0.7344086021505376.
/home/mklemmingen/PycharmProjects/migraine-forecasting-shd/.venv/lib/python3.13/site-packages/sklearn/metrics/_ranking.py:424: UndefinedMetricWarning: Only one class is present in y_true. ROC AUC score is not defined in that case.
  warnings.warn(
/home/mklemmingen/PycharmProjects/migraine-forecasting-shd/.venv/lib/python3.13/site-packages/sklearn/metrics/_ranking.py:1046: UserWarning: No positive class found in y_true, recall is set to one for all thresholds.
  warnings.warn(
[I 2026-05-22 18:46:43,170] Trial 174 finished with value: 0.5817204301075269 and parameters: {'n_estimators': 218, 'learning_rate': 0.025114394464228234, 'subsample': 0.8575998172956063, 'colsample_bytree': 0.7634936684392386, 'min_child_weight': 1}. Best is trial 117 with value: 0.7344086021505376.
/home/mklemmingen/PycharmProjects/migraine-forecasting-shd/.venv/lib/python3.13/site-packages/sklearn/metrics/_ranking.py:424: UndefinedMetricWarning: Only one class is present in y_true. ROC AUC score is not defined in that case.
  warnings.warn(
/home/mklemmingen/PycharmProjects/migraine-forecasting-shd/.venv/lib/python3.13/site-packages/sklearn/metrics/_ranking.py:1046: UserWarning: No positive class found in y_true, recall is set to one for all thresholds.
  warnings.warn(
[I 2026-05-22 18:46:43,715] Trial 175 finished with value: 0.26196236559139785 and parameters: {'n_estimators': 120, 'learning_rate': 0.1141767816030627, 'subsample': 0.8635695767640605, 'colsample_bytree': 0.6108383970013934, 'min_child_weight': 3}. Best is trial 117 with value: 0.7344086021505376.
/home/mklemmingen/PycharmProjects/migraine-forecasting-shd/.venv/lib/python3.13/site-packages/sklearn/metrics/_ranking.py:424: UndefinedMetricWarning: Only one class is present in y_true. ROC AUC score is not defined in that case.
  warnings.warn(
/home/mklemmingen/PycharmProjects/migraine-forecasting-shd/.venv/lib/python3.13/site-packages/sklearn/metrics/_ranking.py:1046: UserWarning: No positive class found in y_true, recall is set to one for all thresholds.
  warnings.warn(
[I 2026-05-22 18:46:44,203] Trial 176 finished with value: 0.1991935483870968 and parameters: {'n_estimators': 154, 'learning_rate': 0.09828043102035339, 'subsample': 0.6078842151017456, 'colsample_bytree': 0.6416434327938295, 'min_child_weight': 8}. Best is trial 117 with value: 0.7344086021505376.
/home/mklemmingen/PycharmProjects/migraine-forecasting-shd/.venv/lib/python3.13/site-packages/sklearn/metrics/_ranking.py:424: UndefinedMetricWarning: Only one class is present in y_true. ROC AUC score is not defined in that case.
  warnings.warn(
/home/mklemmingen/PycharmProjects/migraine-forecasting-shd/.venv/lib/python3.13/site-packages/sklearn/metrics/_ranking.py:1046: UserWarning: No positive class found in y_true, recall is set to one for all thresholds.
  warnings.warn(
[I 2026-05-22 18:46:44,661] Trial 177 finished with value: 0.2991935483870968 and parameters: {'n_estimators': 130, 'learning_rate': 0.09208420644826416, 'subsample': 0.6952731124186906, 'colsample_bytree': 0.639776557103738, 'min_child_weight': 3}. Best is trial 117 with value: 0.7344086021505376.
/home/mklemmingen/PycharmProjects/migraine-forecasting-shd/.venv/lib/python3.13/site-packages/sklearn/metrics/_ranking.py:424: UndefinedMetricWarning: Only one class is present in y_true. ROC AUC score is not defined in that case.
  warnings.warn(
/home/mklemmingen/PycharmProjects/migraine-forecasting-shd/.venv/lib/python3.13/site-packages/sklearn/metrics/_ranking.py:1046: UserWarning: No positive class found in y_true, recall is set to one for all thresholds.
  warnings.warn(
[I 2026-05-22 18:46:45,258] Trial 178 finished with value: 0.5049731182795699 and parameters: {'n_estimators': 375, 'learning_rate': 0.1836400661900525, 'subsample': 0.9320879458267967, 'colsample_bytree': 0.7588734118473819, 'min_child_weight': 7}. Best is trial 117 with value: 0.7344086021505376.
/home/mklemmingen/PycharmProjects/migraine-forecasting-shd/.venv/lib/python3.13/site-packages/sklearn/metrics/_ranking.py:424: UndefinedMetricWarning: Only one class is present in y_true. ROC AUC score is not defined in that case.
  warnings.warn(
/home/mklemmingen/PycharmProjects/migraine-forecasting-shd/.venv/lib/python3.13/site-packages/sklearn/metrics/_ranking.py:1046: UserWarning: No positive class found in y_true, recall is set to one for all thresholds.
  warnings.warn(
[I 2026-05-22 18:46:45,848] Trial 179 finished with value: 0.6287634408602151 and parameters: {'n_estimators': 142, 'learning_rate': 0.027102836372426303, 'subsample': 0.9585343274084479, 'colsample_bytree': 0.6052007694042943, 'min_child_weight': 1}. Best is trial 117 with value: 0.7344086021505376.
/home/mklemmingen/PycharmProjects/migraine-forecasting-shd/.venv/lib/python3.13/site-packages/sklearn/metrics/_ranking.py:424: UndefinedMetricWarning: Only one class is present in y_true. ROC AUC score is not defined in that case.
  warnings.warn(
/home/mklemmingen/PycharmProjects/migraine-forecasting-shd/.venv/lib/python3.13/site-packages/sklearn/metrics/_ranking.py:1046: UserWarning: No positive class found in y_true, recall is set to one for all thresholds.
  warnings.warn(
[I 2026-05-22 18:46:46,334] Trial 180 finished with value: 0.7336021505376344 and parameters: {'n_estimators': 143, 'learning_rate': 0.01094438298606279, 'subsample': 0.6725741740359189, 'colsample_bytree': 0.8332166243878769, 'min_child_weight': 5}. Best is trial 117 with value: 0.7344086021505376.
/home/mklemmingen/PycharmProjects/migraine-forecasting-shd/.venv/lib/python3.13/site-packages/sklearn/metrics/_ranking.py:424: UndefinedMetricWarning: Only one class is present in y_true. ROC AUC score is not defined in that case.
  warnings.warn(
/home/mklemmingen/PycharmProjects/migraine-forecasting-shd/.venv/lib/python3.13/site-packages/sklearn/metrics/_ranking.py:1046: UserWarning: No positive class found in y_true, recall is set to one for all thresholds.
  warnings.warn(
[I 2026-05-22 18:46:47,044] Trial 181 finished with value: 0.4883064516129032 and parameters: {'n_estimators': 452, 'learning_rate': 0.1612364618828189, 'subsample': 0.7367269406791503, 'colsample_bytree': 0.703769373372517, 'min_child_weight': 4}. Best is trial 117 with value: 0.7344086021505376.
/home/mklemmingen/PycharmProjects/migraine-forecasting-shd/.venv/lib/python3.13/site-packages/sklearn/metrics/_ranking.py:424: UndefinedMetricWarning: Only one class is present in y_true. ROC AUC score is not defined in that case.
  warnings.warn(
/home/mklemmingen/PycharmProjects/migraine-forecasting-shd/.venv/lib/python3.13/site-packages/sklearn/metrics/_ranking.py:1046: UserWarning: No positive class found in y_true, recall is set to one for all thresholds.
  warnings.warn(
[I 2026-05-22 18:46:47,666] Trial 182 finished with value: 0.14475806451612905 and parameters: {'n_estimators': 316, 'learning_rate': 0.024886424308080555, 'subsample': 0.8496595631396536, 'colsample_bytree': 0.7637646608764962, 'min_child_weight': 6}. Best is trial 117 with value: 0.7344086021505376.
/home/mklemmingen/PycharmProjects/migraine-forecasting-shd/.venv/lib/python3.13/site-packages/sklearn/metrics/_ranking.py:424: UndefinedMetricWarning: Only one class is present in y_true. ROC AUC score is not defined in that case.
  warnings.warn(
/home/mklemmingen/PycharmProjects/migraine-forecasting-shd/.venv/lib/python3.13/site-packages/sklearn/metrics/_ranking.py:1046: UserWarning: No positive class found in y_true, recall is set to one for all thresholds.
  warnings.warn(
[I 2026-05-22 18:46:48,294] Trial 183 finished with value: 0.6103494623655914 and parameters: {'n_estimators': 246, 'learning_rate': 0.02722460781358145, 'subsample': 0.9793813227848627, 'colsample_bytree': 0.9054423176639044, 'min_child_weight': 2}. Best is trial 117 with value: 0.7344086021505376.
/home/mklemmingen/PycharmProjects/migraine-forecasting-shd/.venv/lib/python3.13/site-packages/sklearn/metrics/_ranking.py:424: UndefinedMetricWarning: Only one class is present in y_true. ROC AUC score is not defined in that case.
  warnings.warn(
/home/mklemmingen/PycharmProjects/migraine-forecasting-shd/.venv/lib/python3.13/site-packages/sklearn/metrics/_ranking.py:1046: UserWarning: No positive class found in y_true, recall is set to one for all thresholds.
  warnings.warn(
[I 2026-05-22 18:46:49,000] Trial 184 finished with value: 0.23669354838709677 and parameters: {'n_estimators': 441, 'learning_rate': 0.05248013978512199, 'subsample': 0.9578208907576365, 'colsample_bytree': 0.919942102378926, 'min_child_weight': 5}. Best is trial 117 with value: 0.7344086021505376.
/home/mklemmingen/PycharmProjects/migraine-forecasting-shd/.venv/lib/python3.13/site-packages/sklearn/metrics/_ranking.py:424: UndefinedMetricWarning: Only one class is present in y_true. ROC AUC score is not defined in that case.
  warnings.warn(
/home/mklemmingen/PycharmProjects/migraine-forecasting-shd/.venv/lib/python3.13/site-packages/sklearn/metrics/_ranking.py:1046: UserWarning: No positive class found in y_true, recall is set to one for all thresholds.
  warnings.warn(
[I 2026-05-22 18:46:49,502] Trial 185 finished with value: 0.6774193548387097 and parameters: {'n_estimators': 60, 'learning_rate': 0.024938425936488588, 'subsample': 0.8166536858643467, 'colsample_bytree': 0.8533912879304588, 'min_child_weight': 3}. Best is trial 117 with value: 0.7344086021505376.
/home/mklemmingen/PycharmProjects/migraine-forecasting-shd/.venv/lib/python3.13/site-packages/sklearn/metrics/_ranking.py:424: UndefinedMetricWarning: Only one class is present in y_true. ROC AUC score is not defined in that case.
  warnings.warn(
/home/mklemmingen/PycharmProjects/migraine-forecasting-shd/.venv/lib/python3.13/site-packages/sklearn/metrics/_ranking.py:1046: UserWarning: No positive class found in y_true, recall is set to one for all thresholds.
  warnings.warn(
[I 2026-05-22 18:46:49,918] Trial 186 finished with value: 0.1700268817204301 and parameters: {'n_estimators': 112, 'learning_rate': 0.17111701629080409, 'subsample': 0.9937608722814208, 'colsample_bytree': 0.8102760729210743, 'min_child_weight': 2}. Best is trial 117 with value: 0.7344086021505376.
/home/mklemmingen/PycharmProjects/migraine-forecasting-shd/.venv/lib/python3.13/site-packages/sklearn/metrics/_ranking.py:424: UndefinedMetricWarning: Only one class is present in y_true. ROC AUC score is not defined in that case.
  warnings.warn(
/home/mklemmingen/PycharmProjects/migraine-forecasting-shd/.venv/lib/python3.13/site-packages/sklearn/metrics/_ranking.py:1046: UserWarning: No positive class found in y_true, recall is set to one for all thresholds.
  warnings.warn(
[I 2026-05-22 18:46:50,507] Trial 187 finished with value: 0.6571236559139786 and parameters: {'n_estimators': 172, 'learning_rate': 0.01064548026606399, 'subsample': 0.9657195226241996, 'colsample_bytree': 0.6471004331560565, 'min_child_weight': 6}. Best is trial 117 with value: 0.7344086021505376.
/home/mklemmingen/PycharmProjects/migraine-forecasting-shd/.venv/lib/python3.13/site-packages/sklearn/metrics/_ranking.py:424: UndefinedMetricWarning: Only one class is present in y_true. ROC AUC score is not defined in that case.
  warnings.warn(
/home/mklemmingen/PycharmProjects/migraine-forecasting-shd/.venv/lib/python3.13/site-packages/sklearn/metrics/_ranking.py:1046: UserWarning: No positive class found in y_true, recall is set to one for all thresholds.
  warnings.warn(
[I 2026-05-22 18:46:51,095] Trial 188 finished with value: 0.16612903225806455 and parameters: {'n_estimators': 173, 'learning_rate': 0.06585490178883348, 'subsample': 0.8605681553407456, 'colsample_bytree': 0.9318967214828806, 'min_child_weight': 3}. Best is trial 117 with value: 0.7344086021505376.
/home/mklemmingen/PycharmProjects/migraine-forecasting-shd/.venv/lib/python3.13/site-packages/sklearn/linear_model/_sag.py:348: ConvergenceWarning: The max_iter was reached which means the coef_ did not converge
  warnings.warn(
/home/mklemmingen/PycharmProjects/migraine-forecasting-shd/.venv/lib/python3.13/site-packages/sklearn/metrics/_ranking.py:424: UndefinedMetricWarning: Only one class is present in y_true. ROC AUC score is not defined in that case.
  warnings.warn(
/home/mklemmingen/PycharmProjects/migraine-forecasting-shd/.venv/lib/python3.13/site-packages/sklearn/metrics/_ranking.py:1046: UserWarning: No positive class found in y_true, recall is set to one for all thresholds.
  warnings.warn(
[I 2026-05-22 18:46:51,616] Trial 189 finished with value: 0.4672715053763441 and parameters: {'n_estimators': 54, 'learning_rate': 0.01592929934470225, 'subsample': 0.960007456739242, 'colsample_bytree': 0.9495560310250061, 'min_child_weight': 6}. Best is trial 117 with value: 0.7344086021505376.
/home/mklemmingen/PycharmProjects/migraine-forecasting-shd/.venv/lib/python3.13/site-packages/sklearn/metrics/_ranking.py:424: UndefinedMetricWarning: Only one class is present in y_true. ROC AUC score is not defined in that case.
  warnings.warn(
/home/mklemmingen/PycharmProjects/migraine-forecasting-shd/.venv/lib/python3.13/site-packages/sklearn/metrics/_ranking.py:1046: UserWarning: No positive class found in y_true, recall is set to one for all thresholds.
  warnings.warn(
[I 2026-05-22 18:46:52,203] Trial 190 finished with value: 0.27419354838709675 and parameters: {'n_estimators': 320, 'learning_rate': 0.09601515937619896, 'subsample': 0.6701485114493798, 'colsample_bytree': 0.9657647783699839, 'min_child_weight': 5}. Best is trial 117 with value: 0.7344086021505376.
/home/mklemmingen/PycharmProjects/migraine-forecasting-shd/.venv/lib/python3.13/site-packages/sklearn/metrics/_ranking.py:424: UndefinedMetricWarning: Only one class is present in y_true. ROC AUC score is not defined in that case.
  warnings.warn(
/home/mklemmingen/PycharmProjects/migraine-forecasting-shd/.venv/lib/python3.13/site-packages/sklearn/metrics/_ranking.py:1046: UserWarning: No positive class found in y_true, recall is set to one for all thresholds.
  warnings.warn(
