[I 2026-05-22 18:46:02,264] Trial 108 finished with value: 0.5049731182795699 and parameters: {'n_estimators': 480, 'learning_rate': 0.0785947318608976, 'subsample': 0.6914571222013851, 'colsample_bytree': 0.8686802737623427, 'min_child_weight': 7}. Best is trial 74 with value: 0.7219086021505376.
/home/mklemmingen/PycharmProjects/migraine-forecasting-shd/.venv/lib/python3.13/site-packages/sklearn/metrics/_ranking.py:424: UndefinedMetricWarning: Only one class is present in y_true. ROC AUC score is not defined in that case.
  warnings.warn(
/home/mklemmingen/PycharmProjects/migraine-forecasting-shd/.venv/lib/python3.13/site-packages/sklearn/metrics/_ranking.py:1046: UserWarning: No positive class found in y_true, recall is set to one for all thresholds.
  warnings.warn(
[I 2026-05-22 18:46:02,776] Trial 109 finished with value: 0.6456989247311827 and parameters: {'n_estimators': 211, 'learning_rate': 0.014714256860732133, 'subsample': 0.8686292782371199, 'colsample_bytree': 0.8081230803615174, 'min_child_weight': 8}. Best is trial 74 with value: 0.7219086021505376.
/home/mklemmingen/PycharmProjects/migraine-forecasting-shd/.venv/lib/python3.13/site-packages/sklearn/metrics/_ranking.py:424: UndefinedMetricWarning: Only one class is present in y_true. ROC AUC score is not defined in that case.
  warnings.warn(
/home/mklemmingen/PycharmProjects/migraine-forecasting-shd/.venv/lib/python3.13/site-packages/sklearn/metrics/_ranking.py:1046: UserWarning: No positive class found in y_true, recall is set to one for all thresholds.
  warnings.warn(
[I 2026-05-22 18:46:03,334] Trial 110 finished with value: 0.2866935483870968 and parameters: {'n_estimators': 284, 'learning_rate': 0.18145770215697452, 'subsample': 0.8207627355097942, 'colsample_bytree': 0.8243751886141545, 'min_child_weight': 9}. Best is trial 74 with value: 0.7219086021505376.
/home/mklemmingen/PycharmProjects/migraine-forecasting-shd/.venv/lib/python3.13/site-packages/sklearn/metrics/_ranking.py:424: UndefinedMetricWarning: Only one class is present in y_true. ROC AUC score is not defined in that case.
  warnings.warn(
/home/mklemmingen/PycharmProjects/migraine-forecasting-shd/.venv/lib/python3.13/site-packages/sklearn/metrics/_ranking.py:1046: UserWarning: No positive class found in y_true, recall is set to one for all thresholds.
  warnings.warn(
[I 2026-05-22 18:46:03,851] Trial 111 finished with value: 0.5814516129032259 and parameters: {'n_estimators': 231, 'learning_rate': 0.015774541406529004, 'subsample': 0.6115130705253355, 'colsample_bytree': 0.9020549022694476, 'min_child_weight': 7}. Best is trial 74 with value: 0.7219086021505376.
/home/mklemmingen/PycharmProjects/migraine-forecasting-shd/.venv/lib/python3.13/site-packages/sklearn/metrics/_ranking.py:424: UndefinedMetricWarning: Only one class is present in y_true. ROC AUC score is not defined in that case.
  warnings.warn(
/home/mklemmingen/PycharmProjects/migraine-forecasting-shd/.venv/lib/python3.13/site-packages/sklearn/metrics/_ranking.py:1046: UserWarning: No positive class found in y_true, recall is set to one for all thresholds.
  warnings.warn(
[I 2026-05-22 18:46:04,478] Trial 112 finished with value: 0.344758064516129 and parameters: {'n_estimators': 367, 'learning_rate': 0.020633546899416644, 'subsample': 0.6545485902347079, 'colsample_bytree': 0.6058178662671527, 'min_child_weight': 4}. Best is trial 74 with value: 0.7219086021505376.
/home/mklemmingen/PycharmProjects/migraine-forecasting-shd/.venv/lib/python3.13/site-packages/sklearn/metrics/_ranking.py:424: UndefinedMetricWarning: Only one class is present in y_true. ROC AUC score is not defined in that case.
  warnings.warn(
/home/mklemmingen/PycharmProjects/migraine-forecasting-shd/.venv/lib/python3.13/site-packages/sklearn/metrics/_ranking.py:1046: UserWarning: No positive class found in y_true, recall is set to one for all thresholds.
  warnings.warn(
[I 2026-05-22 18:46:05,180] Trial 113 finished with value: 0.22836021505376344 and parameters: {'n_estimators': 316, 'learning_rate': 0.037965752834227796, 'subsample': 0.7749899688094917, 'colsample_bytree': 0.9616634777974994, 'min_child_weight': 4}. Best is trial 74 with value: 0.7219086021505376.
/home/mklemmingen/PycharmProjects/migraine-forecasting-shd/.venv/lib/python3.13/site-packages/sklearn/metrics/_ranking.py:424: UndefinedMetricWarning: Only one class is present in y_true. ROC AUC score is not defined in that case.
  warnings.warn(
/home/mklemmingen/PycharmProjects/migraine-forecasting-shd/.venv/lib/python3.13/site-packages/sklearn/metrics/_ranking.py:1046: UserWarning: No positive class found in y_true, recall is set to one for all thresholds.
  warnings.warn(
[I 2026-05-22 18:46:05,748] Trial 114 finished with value: 0.3575268817204301 and parameters: {'n_estimators': 281, 'learning_rate': 0.14373102458263218, 'subsample': 0.7586171129285081, 'colsample_bytree': 0.8488346800911494, 'min_child_weight': 9}. Best is trial 74 with value: 0.7219086021505376.
/home/mklemmingen/PycharmProjects/migraine-forecasting-shd/.venv/lib/python3.13/site-packages/sklearn/metrics/_ranking.py:424: UndefinedMetricWarning: Only one class is present in y_true. ROC AUC score is not defined in that case.
  warnings.warn(
/home/mklemmingen/PycharmProjects/migraine-forecasting-shd/.venv/lib/python3.13/site-packages/sklearn/metrics/_ranking.py:1046: UserWarning: No positive class found in y_true, recall is set to one for all thresholds.
  warnings.warn(
[I 2026-05-22 18:46:06,470] Trial 115 finished with value: 0.3655913978494624 and parameters: {'n_estimators': 478, 'learning_rate': 0.016490938219803204, 'subsample': 0.9706350500645977, 'colsample_bytree': 0.7968465172318153, 'min_child_weight': 3}. Best is trial 74 with value: 0.7219086021505376.
/home/mklemmingen/PycharmProjects/migraine-forecasting-shd/.venv/lib/python3.13/site-packages/sklearn/metrics/_ranking.py:424: UndefinedMetricWarning: Only one class is present in y_true. ROC AUC score is not defined in that case.
  warnings.warn(
/home/mklemmingen/PycharmProjects/migraine-forecasting-shd/.venv/lib/python3.13/site-packages/sklearn/metrics/_ranking.py:1046: UserWarning: No positive class found in y_true, recall is set to one for all thresholds.
  warnings.warn(
[I 2026-05-22 18:46:07,028] Trial 116 finished with value: 0.530241935483871 and parameters: {'n_estimators': 257, 'learning_rate': 0.28030248454196793, 'subsample': 0.7970472375971478, 'colsample_bytree': 0.7315006441150033, 'min_child_weight': 7}. Best is trial 74 with value: 0.7219086021505376.
/home/mklemmingen/PycharmProjects/migraine-forecasting-shd/.venv/lib/python3.13/site-packages/sklearn/metrics/_ranking.py:424: UndefinedMetricWarning: Only one class is present in y_true. ROC AUC score is not defined in that case.
  warnings.warn(
/home/mklemmingen/PycharmProjects/migraine-forecasting-shd/.venv/lib/python3.13/site-packages/sklearn/metrics/_ranking.py:1046: UserWarning: No positive class found in y_true, recall is set to one for all thresholds.
  warnings.warn(
[I 2026-05-22 18:46:07,594] Trial 117 finished with value: 0.7344086021505376 and parameters: {'n_estimators': 158, 'learning_rate': 0.012943726698159996, 'subsample': 0.6515518887642596, 'colsample_bytree': 0.6512183355831089, 'min_child_weight': 2}. Best is trial 117 with value: 0.7344086021505376.
/home/mklemmingen/PycharmProjects/migraine-forecasting-shd/.venv/lib/python3.13/site-packages/sklearn/metrics/_ranking.py:424: UndefinedMetricWarning: Only one class is present in y_true. ROC AUC score is not defined in that case.
  warnings.warn(
/home/mklemmingen/PycharmProjects/migraine-forecasting-shd/.venv/lib/python3.13/site-packages/sklearn/metrics/_ranking.py:1046: UserWarning: No positive class found in y_true, recall is set to one for all thresholds.
  warnings.warn(
[I 2026-05-22 18:46:08,023] Trial 118 finished with value: 0.28696236559139787 and parameters: {'n_estimators': 112, 'learning_rate': 0.08844019819451818, 'subsample': 0.6727520337596579, 'colsample_bytree': 0.7382669133295453, 'min_child_weight': 9}. Best is trial 117 with value: 0.7344086021505376.
/home/mklemmingen/PycharmProjects/migraine-forecasting-shd/.venv/lib/python3.13/site-packages/sklearn/metrics/_ranking.py:424: UndefinedMetricWarning: Only one class is present in y_true. ROC AUC score is not defined in that case.
  warnings.warn(
/home/mklemmingen/PycharmProjects/migraine-forecasting-shd/.venv/lib/python3.13/site-packages/sklearn/metrics/_ranking.py:1046: UserWarning: No positive class found in y_true, recall is set to one for all thresholds.
  warnings.warn(
[I 2026-05-22 18:46:08,564] Trial 119 finished with value: 0.24112903225806454 and parameters: {'n_estimators': 263, 'learning_rate': 0.09684199427475873, 'subsample': 0.668927948480652, 'colsample_bytree': 0.6769156075234684, 'min_child_weight': 1}. Best is trial 117 with value: 0.7344086021505376.
/home/mklemmingen/PycharmProjects/migraine-forecasting-shd/.venv/lib/python3.13/site-packages/sklearn/metrics/_ranking.py:424: UndefinedMetricWarning: Only one class is present in y_true. ROC AUC score is not defined in that case.
  warnings.warn(
/home/mklemmingen/PycharmProjects/migraine-forecasting-shd/.venv/lib/python3.13/site-packages/sklearn/metrics/_ranking.py:1046: UserWarning: No positive class found in y_true, recall is set to one for all thresholds.
  warnings.warn(
[I 2026-05-22 18:46:09,034] Trial 120 finished with value: 0.5614247311827958 and parameters: {'n_estimators': 126, 'learning_rate': 0.025793585182259916, 'subsample': 0.6708041937106987, 'colsample_bytree': 0.6354810135028223, 'min_child_weight': 2}. Best is trial 117 with value: 0.7344086021505376.
/home/mklemmingen/PycharmProjects/migraine-forecasting-shd/.venv/lib/python3.13/site-packages/sklearn/metrics/_ranking.py:424: UndefinedMetricWarning: Only one class is present in y_true. ROC AUC score is not defined in that case.
  warnings.warn(
/home/mklemmingen/PycharmProjects/migraine-forecasting-shd/.venv/lib/python3.13/site-packages/sklearn/metrics/_ranking.py:1046: UserWarning: No positive class found in y_true, recall is set to one for all thresholds.
  warnings.warn(
[I 2026-05-22 18:46:09,557] Trial 121 finished with value: 0.3364247311827957 and parameters: {'n_estimators': 257, 'learning_rate': 0.02017343814481253, 'subsample': 0.7457079444192302, 'colsample_bytree': 0.8013669083419428, 'min_child_weight': 7}. Best is trial 117 with value: 0.7344086021505376.
/home/mklemmingen/PycharmProjects/migraine-forecasting-shd/.venv/lib/python3.13/site-packages/sklearn/metrics/_ranking.py:424: UndefinedMetricWarning: Only one class is present in y_true. ROC AUC score is not defined in that case.
  warnings.warn(
/home/mklemmingen/PycharmProjects/migraine-forecasting-shd/.venv/lib/python3.13/site-packages/sklearn/metrics/_ranking.py:1046: UserWarning: No positive class found in y_true, recall is set to one for all thresholds.
  warnings.warn(
[I 2026-05-22 18:46:09,949] Trial 122 finished with value: 0.19919354838709677 and parameters: {'n_estimators': 67, 'learning_rate': 0.15164430026640188, 'subsample': 0.8511601557963631, 'colsample_bytree': 0.6327036127795488, 'min_child_weight': 9}. Best is trial 117 with value: 0.7344086021505376.
/home/mklemmingen/PycharmProjects/migraine-forecasting-shd/.venv/lib/python3.13/site-packages/sklearn/metrics/_ranking.py:424: UndefinedMetricWarning: Only one class is present in y_true. ROC AUC score is not defined in that case.
  warnings.warn(
/home/mklemmingen/PycharmProjects/migraine-forecasting-shd/.venv/lib/python3.13/site-packages/sklearn/metrics/_ranking.py:1046: UserWarning: No positive class found in y_true, recall is set to one for all thresholds.
  warnings.warn(
[I 2026-05-22 18:46:10,690] Trial 123 finished with value: 0.5611559139784946 and parameters: {'n_estimators': 465, 'learning_rate': 0.012308908766048775, 'subsample': 0.7107510592588815, 'colsample_bytree': 0.9224805119172246, 'min_child_weight': 8}. Best is trial 117 with value: 0.7344086021505376.
/home/mklemmingen/PycharmProjects/migraine-forecasting-shd/.venv/lib/python3.13/site-packages/sklearn/metrics/_ranking.py:424: UndefinedMetricWarning: Only one class is present in y_true. ROC AUC score is not defined in that case.
  warnings.warn(
/home/mklemmingen/PycharmProjects/migraine-forecasting-shd/.venv/lib/python3.13/site-packages/sklearn/metrics/_ranking.py:1046: UserWarning: No positive class found in y_true, recall is set to one for all thresholds.
  warnings.warn(
[I 2026-05-22 18:46:11,266] Trial 124 finished with value: 0.608736559139785 and parameters: {'n_estimators': 133, 'learning_rate': 0.020381415146353103, 'subsample': 0.7481888411165528, 'colsample_bytree': 0.7938091940764085, 'min_child_weight': 7}. Best is trial 117 with value: 0.7344086021505376.
/home/mklemmingen/PycharmProjects/migraine-forecasting-shd/.venv/lib/python3.13/site-packages/sklearn/metrics/_ranking.py:424: UndefinedMetricWarning: Only one class is present in y_true. ROC AUC score is not defined in that case.
  warnings.warn(
/home/mklemmingen/PycharmProjects/migraine-forecasting-shd/.venv/lib/python3.13/site-packages/sklearn/metrics/_ranking.py:1046: UserWarning: No positive class found in y_true, recall is set to one for all thresholds.
  warnings.warn(
[I 2026-05-22 18:46:11,897] Trial 125 finished with value: 0.46586021505376346 and parameters: {'n_estimators': 216, 'learning_rate': 0.04821918439843223, 'subsample': 0.8989883752535026, 'colsample_bytree': 0.6146732811562391, 'min_child_weight': 3}. Best is trial 117 with value: 0.7344086021505376.
/home/mklemmingen/PycharmProjects/migraine-forecasting-shd/.venv/lib/python3.13/site-packages/sklearn/metrics/_ranking.py:424: UndefinedMetricWarning: Only one class is present in y_true. ROC AUC score is not defined in that case.
  warnings.warn(
/home/mklemmingen/PycharmProjects/migraine-forecasting-shd/.venv/lib/python3.13/site-packages/sklearn/metrics/_ranking.py:1046: UserWarning: No positive class found in y_true, recall is set to one for all thresholds.
  warnings.warn(
[I 2026-05-22 18:46:12,681] Trial 126 finished with value: 0.31612903225806455 and parameters: {'n_estimators': 371, 'learning_rate': 0.21005307678586949, 'subsample': 0.8046709768462664, 'colsample_bytree': 0.8128453941061262, 'min_child_weight': 2}. Best is trial 117 with value: 0.7344086021505376.
/home/mklemmingen/PycharmProjects/migraine-forecasting-shd/.venv/lib/python3.13/site-packages/sklearn/metrics/_ranking.py:424: UndefinedMetricWarning: Only one class is present in y_true. ROC AUC score is not defined in that case.
  warnings.warn(
/home/mklemmingen/PycharmProjects/migraine-forecasting-shd/.venv/lib/python3.13/site-packages/sklearn/metrics/_ranking.py:1046: UserWarning: No positive class found in y_true, recall is set to one for all thresholds.
  warnings.warn(
[I 2026-05-22 18:46:13,343] Trial 127 finished with value: 0.21612903225806454 and parameters: {'n_estimators': 251, 'learning_rate': 0.06119843058104698, 'subsample': 0.6969882014538918, 'colsample_bytree': 0.7076972923797524, 'min_child_weight': 4}. Best is trial 117 with value: 0.7344086021505376.
/home/mklemmingen/PycharmProjects/migraine-forecasting-shd/.venv/lib/python3.13/site-packages/sklearn/metrics/_ranking.py:424: UndefinedMetricWarning: Only one class is present in y_true. ROC AUC score is not defined in that case.
  warnings.warn(
/home/mklemmingen/PycharmProjects/migraine-forecasting-shd/.venv/lib/python3.13/site-packages/sklearn/metrics/_ranking.py:1046: UserWarning: No positive class found in y_true, recall is set to one for all thresholds.
  warnings.warn(
[I 2026-05-22 18:46:13,731] Trial 128 finished with value: 0.6615591397849463 and parameters: {'n_estimators': 59, 'learning_rate': 0.029905425167400378, 'subsample': 0.6845792027986178, 'colsample_bytree': 0.7309989408711659, 'min_child_weight': 2}. Best is trial 117 with value: 0.7344086021505376.
/home/mklemmingen/PycharmProjects/migraine-forecasting-shd/.venv/lib/python3.13/site-packages/sklearn/metrics/_ranking.py:424: UndefinedMetricWarning: Only one class is present in y_true. ROC AUC score is not defined in that case.
  warnings.warn(
/home/mklemmingen/PycharmProjects/migraine-forecasting-shd/.venv/lib/python3.13/site-packages/sklearn/metrics/_ranking.py:1046: UserWarning: No positive class found in y_true, recall is set to one for all thresholds.
  warnings.warn(
[I 2026-05-22 18:46:14,528] Trial 129 finished with value: 0.27862903225806457 and parameters: {'n_estimators': 451, 'learning_rate': 0.07530226332540962, 'subsample': 0.8716409276577959, 'colsample_bytree': 0.9156684954429353, 'min_child_weight': 5}. Best is trial 117 with value: 0.7344086021505376.
/home/mklemmingen/PycharmProjects/migraine-forecasting-shd/.venv/lib/python3.13/site-packages/sklearn/metrics/_ranking.py:424: UndefinedMetricWarning: Only one class is present in y_true. ROC AUC score is not defined in that case.
  warnings.warn(
/home/mklemmingen/PycharmProjects/migraine-forecasting-shd/.venv/lib/python3.13/site-packages/sklearn/metrics/_ranking.py:1046: UserWarning: No positive class found in y_true, recall is set to one for all thresholds.
  warnings.warn(
[I 2026-05-22 18:46:15,026] Trial 130 finished with value: 0.357258064516129 and parameters: {'n_estimators': 89, 'learning_rate': 0.0621400343470248, 'subsample': 0.8347364472083516, 'colsample_bytree': 0.8981757896737319, 'min_child_weight': 5}. Best is trial 117 with value: 0.7344086021505376.
/home/mklemmingen/PycharmProjects/migraine-forecasting-shd/.venv/lib/python3.13/site-packages/sklearn/metrics/_ranking.py:424: UndefinedMetricWarning: Only one class is present in y_true. ROC AUC score is not defined in that case.
  warnings.warn(
/home/mklemmingen/PycharmProjects/migraine-forecasting-shd/.venv/lib/python3.13/site-packages/sklearn/metrics/_ranking.py:1046: UserWarning: No positive class found in y_true, recall is set to one for all thresholds.
  warnings.warn(
[I 2026-05-22 18:46:15,466] Trial 131 finished with value: 0.6376344086021505 and parameters: {'n_estimators': 107, 'learning_rate': 0.026252545631543493, 'subsample': 0.7452329185594541, 'colsample_bytree': 0.8583668965326405, 'min_child_weight': 6}. Best is trial 117 with value: 0.7344086021505376.
/home/mklemmingen/PycharmProjects/migraine-forecasting-shd/.venv/lib/python3.13/site-packages/sklearn/metrics/_ranking.py:424: UndefinedMetricWarning: Only one class is present in y_true. ROC AUC score is not defined in that case.
  warnings.warn(
/home/mklemmingen/PycharmProjects/migraine-forecasting-shd/.venv/lib/python3.13/site-packages/sklearn/metrics/_ranking.py:1046: UserWarning: No positive class found in y_true, recall is set to one for all thresholds.
  warnings.warn(
[I 2026-05-22 18:46:15,974] Trial 132 finished with value: 0.3241935483870968 and parameters: {'n_estimators': 210, 'learning_rate': 0.2865514709109943, 'subsample': 0.8423099277427548, 'colsample_bytree': 0.6948907166943978, 'min_child_weight': 2}. Best is trial 117 with value: 0.7344086021505376.
/home/mklemmingen/PycharmProjects/migraine-forecasting-shd/.venv/lib/python3.13/site-packages/sklearn/metrics/_ranking.py:424: UndefinedMetricWarning: Only one class is present in y_true. ROC AUC score is not defined in that case.
  warnings.warn(
/home/mklemmingen/PycharmProjects/migraine-forecasting-shd/.venv/lib/python3.13/site-packages/sklearn/metrics/_ranking.py:1046: UserWarning: No positive class found in y_true, recall is set to one for all thresholds.
  warnings.warn(
[I 2026-05-22 18:46:16,500] Trial 133 finished with value: 0.6456989247311827 and parameters: {'n_estimators': 118, 'learning_rate': 0.023083910848062564, 'subsample': 0.6642725493038223, 'colsample_bytree': 0.6746268096205222, 'min_child_weight': 3}. Best is trial 117 with value: 0.7344086021505376.
/home/mklemmingen/PycharmProjects/migraine-forecasting-shd/.venv/lib/python3.13/site-packages/sklearn/metrics/_ranking.py:424: UndefinedMetricWarning: Only one class is present in y_true. ROC AUC score is not defined in that case.
  warnings.warn(
/home/mklemmingen/PycharmProjects/migraine-forecasting-shd/.venv/lib/python3.13/site-packages/sklearn/metrics/_ranking.py:1046: UserWarning: No positive class found in y_true, recall is set to one for all thresholds.
  warnings.warn(
[I 2026-05-22 18:46:17,048] Trial 134 finished with value: 0.25336021505376344 and parameters: {'n_estimators': 128, 'learning_rate': 0.2111695377304645, 'subsample': 0.6320934982646569, 'colsample_bytree': 0.8098045558281018, 'min_child_weight': 5}. Best is trial 117 with value: 0.7344086021505376.
/home/mklemmingen/PycharmProjects/migraine-forecasting-shd/.venv/lib/python3.13/site-packages/sklearn/metrics/_ranking.py:424: UndefinedMetricWarning: Only one class is present in y_true. ROC AUC score is not defined in that case.
  warnings.warn(
/home/mklemmingen/PycharmProjects/migraine-forecasting-shd/.venv/lib/python3.13/site-packages/sklearn/metrics/_ranking.py:1046: UserWarning: No positive class found in y_true, recall is set to one for all thresholds.
  warnings.warn(
[I 2026-05-22 18:46:17,934] Trial 135 finished with value: 0.17002688172043012 and parameters: {'n_estimators': 493, 'learning_rate': 0.01463844831776675, 'subsample': 0.7591422396182966, 'colsample_bytree': 0.9877881733101476, 'min_child_weight': 9}. Best is trial 117 with value: 0.7344086021505376.
/home/mklemmingen/PycharmProjects/migraine-forecasting-shd/.venv/lib/python3.13/site-packages/sklearn/metrics/_ranking.py:424: UndefinedMetricWarning: Only one class is present in y_true. ROC AUC score is not defined in that case.
  warnings.warn(
/home/mklemmingen/PycharmProjects/migraine-forecasting-shd/.venv/lib/python3.13/site-packages/sklearn/metrics/_ranking.py:1046: UserWarning: No positive class found in y_true, recall is set to one for all thresholds.
  warnings.warn(
