[I 2026-05-22 18:49:45,697] Trial 469 finished with value: 0.35336021505376347 and parameters: {'n_estimators': 351, 'learning_rate': 0.1005721693369172, 'subsample': 0.744767996335146, 'colsample_bytree': 0.8374643164834153, 'min_child_weight': 1}. Best is trial 117 with value: 0.7344086021505376.
/home/mklemmingen/PycharmProjects/migraine-forecasting-shd/.venv/lib/python3.13/site-packages/sklearn/metrics/_ranking.py:424: UndefinedMetricWarning: Only one class is present in y_true. ROC AUC score is not defined in that case.
  warnings.warn(
/home/mklemmingen/PycharmProjects/migraine-forecasting-shd/.venv/lib/python3.13/site-packages/sklearn/metrics/_ranking.py:1046: UserWarning: No positive class found in y_true, recall is set to one for all thresholds.
  warnings.warn(
[I 2026-05-22 18:49:46,261] Trial 470 finished with value: 0.5049731182795699 and parameters: {'n_estimators': 336, 'learning_rate': 0.22337551249364163, 'subsample': 0.8450293873379277, 'colsample_bytree': 0.9494794373865381, 'min_child_weight': 8}. Best is trial 117 with value: 0.7344086021505376.
/home/mklemmingen/PycharmProjects/migraine-forecasting-shd/.venv/lib/python3.13/site-packages/sklearn/metrics/_ranking.py:424: UndefinedMetricWarning: Only one class is present in y_true. ROC AUC score is not defined in that case.
  warnings.warn(
/home/mklemmingen/PycharmProjects/migraine-forecasting-shd/.venv/lib/python3.13/site-packages/sklearn/metrics/_ranking.py:1046: UserWarning: No positive class found in y_true, recall is set to one for all thresholds.
  warnings.warn(
[I 2026-05-22 18:49:46,688] Trial 471 finished with value: 0.3325268817204301 and parameters: {'n_estimators': 104, 'learning_rate': 0.215294513028138, 'subsample': 0.62657753774231, 'colsample_bytree': 0.8135869890191055, 'min_child_weight': 2}. Best is trial 117 with value: 0.7344086021505376.
/home/mklemmingen/PycharmProjects/migraine-forecasting-shd/.venv/lib/python3.13/site-packages/sklearn/metrics/_ranking.py:424: UndefinedMetricWarning: Only one class is present in y_true. ROC AUC score is not defined in that case.
  warnings.warn(
/home/mklemmingen/PycharmProjects/migraine-forecasting-shd/.venv/lib/python3.13/site-packages/sklearn/metrics/_ranking.py:1046: UserWarning: No positive class found in y_true, recall is set to one for all thresholds.
  warnings.warn(
[I 2026-05-22 18:49:47,181] Trial 472 finished with value: 0.6818548387096774 and parameters: {'n_estimators': 55, 'learning_rate': 0.04201416878899634, 'subsample': 0.7180162830616625, 'colsample_bytree': 0.7944001975190412, 'min_child_weight': 6}. Best is trial 117 with value: 0.7344086021505376.
/home/mklemmingen/PycharmProjects/migraine-forecasting-shd/.venv/lib/python3.13/site-packages/sklearn/metrics/_ranking.py:424: UndefinedMetricWarning: Only one class is present in y_true. ROC AUC score is not defined in that case.
  warnings.warn(
/home/mklemmingen/PycharmProjects/migraine-forecasting-shd/.venv/lib/python3.13/site-packages/sklearn/metrics/_ranking.py:1046: UserWarning: No positive class found in y_true, recall is set to one for all thresholds.
  warnings.warn(
[I 2026-05-22 18:49:47,688] Trial 473 finished with value: 0.730241935483871 and parameters: {'n_estimators': 69, 'learning_rate': 0.015194652827633496, 'subsample': 0.8234569585801701, 'colsample_bytree': 0.7372669412690633, 'min_child_weight': 8}. Best is trial 117 with value: 0.7344086021505376.
/home/mklemmingen/PycharmProjects/migraine-forecasting-shd/.venv/lib/python3.13/site-packages/sklearn/metrics/_ranking.py:424: UndefinedMetricWarning: Only one class is present in y_true. ROC AUC score is not defined in that case.
  warnings.warn(
/home/mklemmingen/PycharmProjects/migraine-forecasting-shd/.venv/lib/python3.13/site-packages/sklearn/metrics/_ranking.py:1046: UserWarning: No positive class found in y_true, recall is set to one for all thresholds.
  warnings.warn(
[I 2026-05-22 18:49:48,296] Trial 474 finished with value: 0.49247311827956985 and parameters: {'n_estimators': 344, 'learning_rate': 0.17744353370227875, 'subsample': 0.87699713066769, 'colsample_bytree': 0.7719724309560593, 'min_child_weight': 7}. Best is trial 117 with value: 0.7344086021505376.
/home/mklemmingen/PycharmProjects/migraine-forecasting-shd/.venv/lib/python3.13/site-packages/sklearn/metrics/_ranking.py:424: UndefinedMetricWarning: Only one class is present in y_true. ROC AUC score is not defined in that case.
  warnings.warn(
/home/mklemmingen/PycharmProjects/migraine-forecasting-shd/.venv/lib/python3.13/site-packages/sklearn/metrics/_ranking.py:1046: UserWarning: No positive class found in y_true, recall is set to one for all thresholds.
  warnings.warn(
[I 2026-05-22 18:49:48,818] Trial 475 finished with value: 0.369758064516129 and parameters: {'n_estimators': 174, 'learning_rate': 0.028344067896520723, 'subsample': 0.9155940639683173, 'colsample_bytree': 0.7785678065606328, 'min_child_weight': 8}. Best is trial 117 with value: 0.7344086021505376.
/home/mklemmingen/PycharmProjects/migraine-forecasting-shd/.venv/lib/python3.13/site-packages/sklearn/metrics/_ranking.py:424: UndefinedMetricWarning: Only one class is present in y_true. ROC AUC score is not defined in that case.
  warnings.warn(
/home/mklemmingen/PycharmProjects/migraine-forecasting-shd/.venv/lib/python3.13/site-packages/sklearn/metrics/_ranking.py:1046: UserWarning: No positive class found in y_true, recall is set to one for all thresholds.
  warnings.warn(
[I 2026-05-22 18:49:49,488] Trial 476 finished with value: 0.2661290322580645 and parameters: {'n_estimators': 420, 'learning_rate': 0.18480918686773107, 'subsample': 0.966654094336483, 'colsample_bytree': 0.7723940882053185, 'min_child_weight': 4}. Best is trial 117 with value: 0.7344086021505376.
/home/mklemmingen/PycharmProjects/migraine-forecasting-shd/.venv/lib/python3.13/site-packages/sklearn/metrics/_ranking.py:424: UndefinedMetricWarning: Only one class is present in y_true. ROC AUC score is not defined in that case.
  warnings.warn(
/home/mklemmingen/PycharmProjects/migraine-forecasting-shd/.venv/lib/python3.13/site-packages/sklearn/metrics/_ranking.py:1046: UserWarning: No positive class found in y_true, recall is set to one for all thresholds.
  warnings.warn(
[I 2026-05-22 18:49:50,182] Trial 477 finished with value: 0.19059139784946236 and parameters: {'n_estimators': 312, 'learning_rate': 0.03534001063181978, 'subsample': 0.8404296667200932, 'colsample_bytree': 0.8822343450575298, 'min_child_weight': 7}. Best is trial 117 with value: 0.7344086021505376.
/home/mklemmingen/PycharmProjects/migraine-forecasting-shd/.venv/lib/python3.13/site-packages/sklearn/metrics/_ranking.py:424: UndefinedMetricWarning: Only one class is present in y_true. ROC AUC score is not defined in that case.
  warnings.warn(
/home/mklemmingen/PycharmProjects/migraine-forecasting-shd/.venv/lib/python3.13/site-packages/sklearn/metrics/_ranking.py:1046: UserWarning: No positive class found in y_true, recall is set to one for all thresholds.
  warnings.warn(
[I 2026-05-22 18:49:50,719] Trial 478 finished with value: 0.621505376344086 and parameters: {'n_estimators': 218, 'learning_rate': 0.017638950866389155, 'subsample': 0.772211735384883, 'colsample_bytree': 0.6570376576327634, 'min_child_weight': 9}. Best is trial 117 with value: 0.7344086021505376.
/home/mklemmingen/PycharmProjects/migraine-forecasting-shd/.venv/lib/python3.13/site-packages/sklearn/metrics/_ranking.py:424: UndefinedMetricWarning: Only one class is present in y_true. ROC AUC score is not defined in that case.
  warnings.warn(
/home/mklemmingen/PycharmProjects/migraine-forecasting-shd/.venv/lib/python3.13/site-packages/sklearn/metrics/_ranking.py:1046: UserWarning: No positive class found in y_true, recall is set to one for all thresholds.
  warnings.warn(
[I 2026-05-22 18:49:51,325] Trial 479 finished with value: 0.6631720430107527 and parameters: {'n_estimators': 205, 'learning_rate': 0.016910473789524524, 'subsample': 0.6101791039623004, 'colsample_bytree': 0.8583289545145937, 'min_child_weight': 7}. Best is trial 117 with value: 0.7344086021505376.
/home/mklemmingen/PycharmProjects/migraine-forecasting-shd/.venv/lib/python3.13/site-packages/sklearn/metrics/_ranking.py:424: UndefinedMetricWarning: Only one class is present in y_true. ROC AUC score is not defined in that case.
  warnings.warn(
/home/mklemmingen/PycharmProjects/migraine-forecasting-shd/.venv/lib/python3.13/site-packages/sklearn/metrics/_ranking.py:1046: UserWarning: No positive class found in y_true, recall is set to one for all thresholds.
  warnings.warn(
[I 2026-05-22 18:49:51,924] Trial 480 finished with value: 0.6620967741935484 and parameters: {'n_estimators': 203, 'learning_rate': 0.01276224728057398, 'subsample': 0.7638515579580928, 'colsample_bytree': 0.7244869980253574, 'min_child_weight': 7}. Best is trial 117 with value: 0.7344086021505376.
/home/mklemmingen/PycharmProjects/migraine-forecasting-shd/.venv/lib/python3.13/site-packages/sklearn/metrics/_ranking.py:424: UndefinedMetricWarning: Only one class is present in y_true. ROC AUC score is not defined in that case.
  warnings.warn(
/home/mklemmingen/PycharmProjects/migraine-forecasting-shd/.venv/lib/python3.13/site-packages/sklearn/metrics/_ranking.py:1046: UserWarning: No positive class found in y_true, recall is set to one for all thresholds.
  warnings.warn(
[I 2026-05-22 18:49:52,635] Trial 481 finished with value: 0.33669354838709675 and parameters: {'n_estimators': 323, 'learning_rate': 0.034558043364063346, 'subsample': 0.687157021701996, 'colsample_bytree': 0.9952143864622367, 'min_child_weight': 5}. Best is trial 117 with value: 0.7344086021505376.
/home/mklemmingen/PycharmProjects/migraine-forecasting-shd/.venv/lib/python3.13/site-packages/sklearn/metrics/_ranking.py:424: UndefinedMetricWarning: Only one class is present in y_true. ROC AUC score is not defined in that case.
  warnings.warn(
/home/mklemmingen/PycharmProjects/migraine-forecasting-shd/.venv/lib/python3.13/site-packages/sklearn/metrics/_ranking.py:1046: UserWarning: No positive class found in y_true, recall is set to one for all thresholds.
  warnings.warn(
[I 2026-05-22 18:49:53,320] Trial 482 finished with value: 0.5614247311827958 and parameters: {'n_estimators': 360, 'learning_rate': 0.016129235233041137, 'subsample': 0.7942358798637591, 'colsample_bytree': 0.6110146879477861, 'min_child_weight': 6}. Best is trial 117 with value: 0.7344086021505376.
/home/mklemmingen/PycharmProjects/migraine-forecasting-shd/.venv/lib/python3.13/site-packages/sklearn/metrics/_ranking.py:424: UndefinedMetricWarning: Only one class is present in y_true. ROC AUC score is not defined in that case.
  warnings.warn(
/home/mklemmingen/PycharmProjects/migraine-forecasting-shd/.venv/lib/python3.13/site-packages/sklearn/metrics/_ranking.py:1046: UserWarning: No positive class found in y_true, recall is set to one for all thresholds.
  warnings.warn(
[I 2026-05-22 18:49:54,047] Trial 483 finished with value: 0.26196236559139785 and parameters: {'n_estimators': 484, 'learning_rate': 0.036941957297335196, 'subsample': 0.6155984050299647, 'colsample_bytree': 0.6123823163677374, 'min_child_weight': 4}. Best is trial 117 with value: 0.7344086021505376.
/home/mklemmingen/PycharmProjects/migraine-forecasting-shd/.venv/lib/python3.13/site-packages/sklearn/metrics/_ranking.py:424: UndefinedMetricWarning: Only one class is present in y_true. ROC AUC score is not defined in that case.
  warnings.warn(
/home/mklemmingen/PycharmProjects/migraine-forecasting-shd/.venv/lib/python3.13/site-packages/sklearn/metrics/_ranking.py:1046: UserWarning: No positive class found in y_true, recall is set to one for all thresholds.
  warnings.warn(
[I 2026-05-22 18:49:54,630] Trial 484 finished with value: 0.75 and parameters: {'n_estimators': 122, 'learning_rate': 0.010826644528932216, 'subsample': 0.9024854455800707, 'colsample_bytree': 0.7834092035527562, 'min_child_weight': 3}. Best is trial 484 with value: 0.75.
/home/mklemmingen/PycharmProjects/migraine-forecasting-shd/.venv/lib/python3.13/site-packages/sklearn/metrics/_ranking.py:424: UndefinedMetricWarning: Only one class is present in y_true. ROC AUC score is not defined in that case.
  warnings.warn(
/home/mklemmingen/PycharmProjects/migraine-forecasting-shd/.venv/lib/python3.13/site-packages/sklearn/metrics/_ranking.py:1046: UserWarning: No positive class found in y_true, recall is set to one for all thresholds.
  warnings.warn(
[I 2026-05-22 18:49:55,281] Trial 485 finished with value: 0.38225806451612904 and parameters: {'n_estimators': 455, 'learning_rate': 0.01484401302025239, 'subsample': 0.9823675315821276, 'colsample_bytree': 0.7255866869509411, 'min_child_weight': 9}. Best is trial 484 with value: 0.75.
/home/mklemmingen/PycharmProjects/migraine-forecasting-shd/.venv/lib/python3.13/site-packages/sklearn/metrics/_ranking.py:424: UndefinedMetricWarning: Only one class is present in y_true. ROC AUC score is not defined in that case.
  warnings.warn(
/home/mklemmingen/PycharmProjects/migraine-forecasting-shd/.venv/lib/python3.13/site-packages/sklearn/metrics/_ranking.py:1046: UserWarning: No positive class found in y_true, recall is set to one for all thresholds.
  warnings.warn(
[I 2026-05-22 18:49:55,946] Trial 486 finished with value: 0.28669354838709676 and parameters: {'n_estimators': 321, 'learning_rate': 0.1663975825517907, 'subsample': 0.9936052652841857, 'colsample_bytree': 0.7153621751274983, 'min_child_weight': 10}. Best is trial 484 with value: 0.75.
/home/mklemmingen/PycharmProjects/migraine-forecasting-shd/.venv/lib/python3.13/site-packages/sklearn/metrics/_ranking.py:424: UndefinedMetricWarning: Only one class is present in y_true. ROC AUC score is not defined in that case.
  warnings.warn(
/home/mklemmingen/PycharmProjects/migraine-forecasting-shd/.venv/lib/python3.13/site-packages/sklearn/metrics/_ranking.py:1046: UserWarning: No positive class found in y_true, recall is set to one for all thresholds.
  warnings.warn(
[I 2026-05-22 18:49:56,483] Trial 487 finished with value: 0.14086021505376345 and parameters: {'n_estimators': 225, 'learning_rate': 0.03710631511959666, 'subsample': 0.7361548417018022, 'colsample_bytree': 0.816563042939034, 'min_child_weight': 2}. Best is trial 484 with value: 0.75.
/home/mklemmingen/PycharmProjects/migraine-forecasting-shd/.venv/lib/python3.13/site-packages/sklearn/metrics/_ranking.py:424: UndefinedMetricWarning: Only one class is present in y_true. ROC AUC score is not defined in that case.
  warnings.warn(
/home/mklemmingen/PycharmProjects/migraine-forecasting-shd/.venv/lib/python3.13/site-packages/sklearn/metrics/_ranking.py:1046: UserWarning: No positive class found in y_true, recall is set to one for all thresholds.
  warnings.warn(
[I 2026-05-22 18:49:57,074] Trial 488 finished with value: 0.21586021505376346 and parameters: {'n_estimators': 299, 'learning_rate': 0.06311952067227176, 'subsample': 0.904760725041948, 'colsample_bytree': 0.9334599847750342, 'min_child_weight': 5}. Best is trial 484 with value: 0.75.
/home/mklemmingen/PycharmProjects/migraine-forecasting-shd/.venv/lib/python3.13/site-packages/sklearn/metrics/_ranking.py:424: UndefinedMetricWarning: Only one class is present in y_true. ROC AUC score is not defined in that case.
  warnings.warn(
/home/mklemmingen/PycharmProjects/migraine-forecasting-shd/.venv/lib/python3.13/site-packages/sklearn/metrics/_ranking.py:1046: UserWarning: No positive class found in y_true, recall is set to one for all thresholds.
  warnings.warn(
[I 2026-05-22 18:49:57,597] Trial 489 finished with value: 0.6423387096774194 and parameters: {'n_estimators': 186, 'learning_rate': 0.024158451240371123, 'subsample': 0.6778495346819488, 'colsample_bytree': 0.62305903287961, 'min_child_weight': 4}. Best is trial 484 with value: 0.75.
/home/mklemmingen/PycharmProjects/migraine-forecasting-shd/.venv/lib/python3.13/site-packages/sklearn/metrics/_ranking.py:424: UndefinedMetricWarning: Only one class is present in y_true. ROC AUC score is not defined in that case.
  warnings.warn(
/home/mklemmingen/PycharmProjects/migraine-forecasting-shd/.venv/lib/python3.13/site-packages/sklearn/metrics/_ranking.py:1046: UserWarning: No positive class found in y_true, recall is set to one for all thresholds.
  warnings.warn(
[I 2026-05-22 18:49:58,173] Trial 490 finished with value: 0.51747311827957 and parameters: {'n_estimators': 171, 'learning_rate': 0.26761821003465075, 'subsample': 0.8230835305000176, 'colsample_bytree': 0.7389108156122031, 'min_child_weight': 6}. Best is trial 484 with value: 0.75.
/home/mklemmingen/PycharmProjects/migraine-forecasting-shd/.venv/lib/python3.13/site-packages/sklearn/metrics/_ranking.py:424: UndefinedMetricWarning: Only one class is present in y_true. ROC AUC score is not defined in that case.
  warnings.warn(
/home/mklemmingen/PycharmProjects/migraine-forecasting-shd/.venv/lib/python3.13/site-packages/sklearn/metrics/_ranking.py:1046: UserWarning: No positive class found in y_true, recall is set to one for all thresholds.
  warnings.warn(
[I 2026-05-22 18:49:58,711] Trial 491 finished with value: 0.4111559139784946 and parameters: {'n_estimators': 112, 'learning_rate': 0.04528000435725376, 'subsample': 0.8504937285684255, 'colsample_bytree': 0.7955591327169805, 'min_child_weight': 5}. Best is trial 484 with value: 0.75.
/home/mklemmingen/PycharmProjects/migraine-forecasting-shd/.venv/lib/python3.13/site-packages/sklearn/metrics/_ranking.py:424: UndefinedMetricWarning: Only one class is present in y_true. ROC AUC score is not defined in that case.
  warnings.warn(
/home/mklemmingen/PycharmProjects/migraine-forecasting-shd/.venv/lib/python3.13/site-packages/sklearn/metrics/_ranking.py:1046: UserWarning: No positive class found in y_true, recall is set to one for all thresholds.
  warnings.warn(
[I 2026-05-22 18:49:59,472] Trial 492 finished with value: 0.5716397849462366 and parameters: {'n_estimators': 498, 'learning_rate': 0.19967865653201164, 'subsample': 0.849362383263776, 'colsample_bytree': 0.8277509444729131, 'min_child_weight': 7}. Best is trial 484 with value: 0.75.
/home/mklemmingen/PycharmProjects/migraine-forecasting-shd/.venv/lib/python3.13/site-packages/sklearn/metrics/_ranking.py:424: UndefinedMetricWarning: Only one class is present in y_true. ROC AUC score is not defined in that case.
  warnings.warn(
/home/mklemmingen/PycharmProjects/migraine-forecasting-shd/.venv/lib/python3.13/site-packages/sklearn/metrics/_ranking.py:1046: UserWarning: No positive class found in y_true, recall is set to one for all thresholds.
  warnings.warn(
[I 2026-05-22 18:50:00,046] Trial 493 finished with value: 0.544758064516129 and parameters: {'n_estimators': 140, 'learning_rate': 0.038341258077311625, 'subsample': 0.6157838131563597, 'colsample_bytree': 0.7902184149947307, 'min_child_weight': 6}. Best is trial 484 with value: 0.75.
/home/mklemmingen/PycharmProjects/migraine-forecasting-shd/.venv/lib/python3.13/site-packages/sklearn/metrics/_ranking.py:424: UndefinedMetricWarning: Only one class is present in y_true. ROC AUC score is not defined in that case.
  warnings.warn(
/home/mklemmingen/PycharmProjects/migraine-forecasting-shd/.venv/lib/python3.13/site-packages/sklearn/metrics/_ranking.py:1046: UserWarning: No positive class found in y_true, recall is set to one for all thresholds.
  warnings.warn(
[I 2026-05-22 18:50:00,620] Trial 494 finished with value: 0.5466397849462366 and parameters: {'n_estimators': 152, 'learning_rate': 0.2654529159286528, 'subsample': 0.9637818443748968, 'colsample_bytree': 0.8888572941823623, 'min_child_weight': 6}. Best is trial 484 with value: 0.75.
/home/mklemmingen/PycharmProjects/migraine-forecasting-shd/.venv/lib/python3.13/site-packages/sklearn/metrics/_ranking.py:424: UndefinedMetricWarning: Only one class is present in y_true. ROC AUC score is not defined in that case.
  warnings.warn(
/home/mklemmingen/PycharmProjects/migraine-forecasting-shd/.venv/lib/python3.13/site-packages/sklearn/metrics/_ranking.py:1046: UserWarning: No positive class found in y_true, recall is set to one for all thresholds.
  warnings.warn(
[I 2026-05-22 18:50:01,397] Trial 495 finished with value: 0.15725806451612903 and parameters: {'n_estimators': 442, 'learning_rate': 0.015595142736302707, 'subsample': 0.916203917709954, 'colsample_bytree': 0.6499283255867393, 'min_child_weight': 8}. Best is trial 484 with value: 0.75.
/home/mklemmingen/PycharmProjects/migraine-forecasting-shd/.venv/lib/python3.13/site-packages/sklearn/metrics/_ranking.py:424: UndefinedMetricWarning: Only one class is present in y_true. ROC AUC score is not defined in that case.
  warnings.warn(
/home/mklemmingen/PycharmProjects/migraine-forecasting-shd/.venv/lib/python3.13/site-packages/sklearn/metrics/_ranking.py:1046: UserWarning: No positive class found in y_true, recall is set to one for all thresholds.
  warnings.warn(
[I 2026-05-22 18:50:01,906] Trial 496 finished with value: 0.22862903225806452 and parameters: {'n_estimators': 174, 'learning_rate': 0.1975009275199412, 'subsample': 0.9776168375301592, 'colsample_bytree': 0.6595183877620462, 'min_child_weight': 5}. Best is trial 484 with value: 0.75.
/home/mklemmingen/PycharmProjects/migraine-forecasting-shd/.venv/lib/python3.13/site-packages/sklearn/metrics/_ranking.py:424: UndefinedMetricWarning: Only one class is present in y_true. ROC AUC score is not defined in that case.
  warnings.warn(
/home/mklemmingen/PycharmProjects/migraine-forecasting-shd/.venv/lib/python3.13/site-packages/sklearn/metrics/_ranking.py:1046: UserWarning: No positive class found in y_true, recall is set to one for all thresholds.
  warnings.warn(
