[I 2026-05-22 17:59:19,834] Trial 363 finished with value: 0.4189604297362918 and parameters: {'n_estimators': 486, 'learning_rate': 0.027315412315616086, 'subsample': 0.9076892591352534, 'colsample_bytree': 0.8498654275417055, 'min_child_weight': 4}. Best is trial 337 with value: 0.6641446675929434.
[I 2026-05-22 17:59:20,379] Trial 364 finished with value: 0.5397306078340561 and parameters: {'n_estimators': 142, 'learning_rate': 0.015111321945937187, 'subsample': 0.8460051872155466, 'colsample_bytree': 0.9098535122551152, 'min_child_weight': 7}. Best is trial 337 with value: 0.6641446675929434.
[I 2026-05-22 17:59:20,981] Trial 365 finished with value: 0.5565160414298346 and parameters: {'n_estimators': 289, 'learning_rate': 0.011533657319501244, 'subsample': 0.9873955110377535, 'colsample_bytree': 0.9194856766618298, 'min_child_weight': 3}. Best is trial 337 with value: 0.6641446675929434.
[I 2026-05-22 17:59:21,803] Trial 366 finished with value: 0.4497017669431463 and parameters: {'n_estimators': 491, 'learning_rate': 0.07745546916009907, 'subsample': 0.8329690632828985, 'colsample_bytree': 0.8992292717718129, 'min_child_weight': 9}. Best is trial 337 with value: 0.6641446675929434.
[I 2026-05-22 17:59:22,445] Trial 367 finished with value: 0.5521488568902362 and parameters: {'n_estimators': 346, 'learning_rate': 0.015460123169963555, 'subsample': 0.7353070023977993, 'colsample_bytree': 0.9712334561304199, 'min_child_weight': 3}. Best is trial 337 with value: 0.6641446675929434.
[I 2026-05-22 17:59:23,085] Trial 368 finished with value: 0.4741096866096866 and parameters: {'n_estimators': 217, 'learning_rate': 0.0434740346787853, 'subsample': 0.7757619958777808, 'colsample_bytree': 0.8451758329978102, 'min_child_weight': 10}. Best is trial 337 with value: 0.6641446675929434.
[I 2026-05-22 17:59:23,702] Trial 369 finished with value: 0.5977971102971102 and parameters: {'n_estimators': 158, 'learning_rate': 0.015117231557486779, 'subsample': 0.678988195943975, 'colsample_bytree': 0.9547699600837078, 'min_child_weight': 7}. Best is trial 337 with value: 0.6641446675929434.
[I 2026-05-22 17:59:24,159] Trial 370 finished with value: 0.4674569842673291 and parameters: {'n_estimators': 178, 'learning_rate': 0.16041780377709564, 'subsample': 0.9445479985453744, 'colsample_bytree': 0.9386057354761113, 'min_child_weight': 10}. Best is trial 337 with value: 0.6641446675929434.
[I 2026-05-22 17:59:24,660] Trial 371 finished with value: 0.4598930922206785 and parameters: {'n_estimators': 163, 'learning_rate': 0.13040326976863553, 'subsample': 0.784215798909656, 'colsample_bytree': 0.9367994211560247, 'min_child_weight': 8}. Best is trial 337 with value: 0.6641446675929434.
[I 2026-05-22 17:59:25,476] Trial 372 finished with value: 0.38206075533661743 and parameters: {'n_estimators': 400, 'learning_rate': 0.09316023963068912, 'subsample': 0.6709715077878827, 'colsample_bytree': 0.8180107675587753, 'min_child_weight': 10}. Best is trial 337 with value: 0.6641446675929434.
[I 2026-05-22 17:59:26,224] Trial 373 finished with value: 0.5696630317319972 and parameters: {'n_estimators': 472, 'learning_rate': 0.01158171417528467, 'subsample': 0.6659259262917748, 'colsample_bytree': 0.6526915093818247, 'min_child_weight': 8}. Best is trial 337 with value: 0.6641446675929434.
[I 2026-05-22 17:59:26,872] Trial 374 finished with value: 0.5112033879275258 and parameters: {'n_estimators': 418, 'learning_rate': 0.020671984815280927, 'subsample': 0.8023410771807316, 'colsample_bytree': 0.93628121120448, 'min_child_weight': 8}. Best is trial 337 with value: 0.6641446675929434.
[I 2026-05-22 17:59:27,443] Trial 375 finished with value: 0.477359374342133 and parameters: {'n_estimators': 294, 'learning_rate': 0.07447579044113503, 'subsample': 0.803344218766512, 'colsample_bytree': 0.7190193805275282, 'min_child_weight': 6}. Best is trial 337 with value: 0.6641446675929434.
[I 2026-05-22 17:59:28,083] Trial 376 finished with value: 0.3995180904663663 and parameters: {'n_estimators': 360, 'learning_rate': 0.19498618458374162, 'subsample': 0.8545165415916992, 'colsample_bytree': 0.9044486148172632, 'min_child_weight': 2}. Best is trial 337 with value: 0.6641446675929434.
[I 2026-05-22 17:59:28,641] Trial 377 finished with value: 0.5982060404474199 and parameters: {'n_estimators': 258, 'learning_rate': 0.01032247724034241, 'subsample': 0.6986715458086492, 'colsample_bytree': 0.8905846860452019, 'min_child_weight': 10}. Best is trial 337 with value: 0.6641446675929434.
[I 2026-05-22 17:59:29,147] Trial 378 finished with value: 0.5664326414326415 and parameters: {'n_estimators': 94, 'learning_rate': 0.03917922018225619, 'subsample': 0.9200283874796638, 'colsample_bytree': 0.6816142538515595, 'min_child_weight': 6}. Best is trial 337 with value: 0.6641446675929434.
[I 2026-05-22 17:59:29,798] Trial 379 finished with value: 0.45481260438156995 and parameters: {'n_estimators': 380, 'learning_rate': 0.0812615685770304, 'subsample': 0.6752098938461665, 'colsample_bytree': 0.7421538274742958, 'min_child_weight': 8}. Best is trial 337 with value: 0.6641446675929434.
[I 2026-05-22 17:59:30,383] Trial 380 finished with value: 0.5629954177367971 and parameters: {'n_estimators': 299, 'learning_rate': 0.010179460777247762, 'subsample': 0.9043963040112375, 'colsample_bytree': 0.6141245419760956, 'min_child_weight': 8}. Best is trial 337 with value: 0.6641446675929434.
[I 2026-05-22 17:59:30,950] Trial 381 finished with value: 0.42570733863837307 and parameters: {'n_estimators': 141, 'learning_rate': 0.2601301558072128, 'subsample': 0.7471763005208338, 'colsample_bytree': 0.7307726465352317, 'min_child_weight': 2}. Best is trial 337 with value: 0.6641446675929434.
[I 2026-05-22 17:59:31,529] Trial 382 finished with value: 0.4348434451882728 and parameters: {'n_estimators': 187, 'learning_rate': 0.19720570440560253, 'subsample': 0.9985337350508989, 'colsample_bytree': 0.7473238122027394, 'min_child_weight': 5}. Best is trial 337 with value: 0.6641446675929434.
[I 2026-05-22 17:59:32,186] Trial 383 finished with value: 0.44133106676210127 and parameters: {'n_estimators': 375, 'learning_rate': 0.20371294308531432, 'subsample': 0.8372177336747136, 'colsample_bytree': 0.7566102792711318, 'min_child_weight': 5}. Best is trial 337 with value: 0.6641446675929434.
[I 2026-05-22 17:59:32,940] Trial 384 finished with value: 0.57697781146057 and parameters: {'n_estimators': 363, 'learning_rate': 0.010110060758310611, 'subsample': 0.8478357349839363, 'colsample_bytree': 0.742197204176543, 'min_child_weight': 8}. Best is trial 337 with value: 0.6641446675929434.
[I 2026-05-22 17:59:33,358] Trial 385 finished with value: 0.46532716166336857 and parameters: {'n_estimators': 91, 'learning_rate': 0.07393431790849944, 'subsample': 0.7923891559544495, 'colsample_bytree': 0.8569302103620909, 'min_child_weight': 1}. Best is trial 337 with value: 0.6641446675929434.
[I 2026-05-22 17:59:34,029] Trial 386 finished with value: 0.4631683929097722 and parameters: {'n_estimators': 311, 'learning_rate': 0.06751197593534965, 'subsample': 0.8242640377664684, 'colsample_bytree': 0.8413950666385819, 'min_child_weight': 7}. Best is trial 337 with value: 0.6641446675929434.
[I 2026-05-22 17:59:34,825] Trial 387 finished with value: 0.4389257294429708 and parameters: {'n_estimators': 413, 'learning_rate': 0.025035595189926513, 'subsample': 0.9300197640720248, 'colsample_bytree': 0.7993022729053815, 'min_child_weight': 1}. Best is trial 337 with value: 0.6641446675929434.
[I 2026-05-22 17:59:35,322] Trial 388 finished with value: 0.5195840876875361 and parameters: {'n_estimators': 76, 'learning_rate': 0.031168114073035547, 'subsample': 0.913958790844587, 'colsample_bytree': 0.8830723738963663, 'min_child_weight': 8}. Best is trial 337 with value: 0.6641446675929434.
[I 2026-05-22 17:59:35,984] Trial 389 finished with value: 0.4546296296296296 and parameters: {'n_estimators': 283, 'learning_rate': 0.044691743359853014, 'subsample': 0.6589810106825136, 'colsample_bytree': 0.7312771014437246, 'min_child_weight': 5}. Best is trial 337 with value: 0.6641446675929434.
[I 2026-05-22 17:59:36,502] Trial 390 finished with value: 0.5521271911358119 and parameters: {'n_estimators': 89, 'learning_rate': 0.021177300754445145, 'subsample': 0.8392901176254955, 'colsample_bytree': 0.8942652456956759, 'min_child_weight': 10}. Best is trial 337 with value: 0.6641446675929434.
[I 2026-05-22 17:59:37,245] Trial 391 finished with value: 0.44885338161200233 and parameters: {'n_estimators': 470, 'learning_rate': 0.08895015593736016, 'subsample': 0.7684992213176288, 'colsample_bytree': 0.8544709458832931, 'min_child_weight': 8}. Best is trial 337 with value: 0.6641446675929434.
[I 2026-05-22 17:59:37,778] Trial 392 finished with value: 0.47486684771167526 and parameters: {'n_estimators': 103, 'learning_rate': 0.04031616602432879, 'subsample': 0.9359209142542468, 'colsample_bytree': 0.7535331807732176, 'min_child_weight': 6}. Best is trial 337 with value: 0.6641446675929434.
[I 2026-05-22 17:59:38,365] Trial 393 finished with value: 0.4809279960142029 and parameters: {'n_estimators': 315, 'learning_rate': 0.018728103227942054, 'subsample': 0.7448941766609154, 'colsample_bytree': 0.7338045154967728, 'min_child_weight': 1}. Best is trial 337 with value: 0.6641446675929434.
[I 2026-05-22 17:59:38,764] Trial 394 finished with value: 0.4661049359325221 and parameters: {'n_estimators': 60, 'learning_rate': 0.16924559760882657, 'subsample': 0.7092283239891249, 'colsample_bytree': 0.8072315064955262, 'min_child_weight': 3}. Best is trial 337 with value: 0.6641446675929434.
[I 2026-05-22 17:59:39,408] Trial 395 finished with value: 0.5061099181788837 and parameters: {'n_estimators': 474, 'learning_rate': 0.024155317696268403, 'subsample': 0.7718627250955741, 'colsample_bytree': 0.9490921001938407, 'min_child_weight': 9}. Best is trial 337 with value: 0.6641446675929434.
[I 2026-05-22 17:59:39,975] Trial 396 finished with value: 0.43911221281910945 and parameters: {'n_estimators': 133, 'learning_rate': 0.15332094693292653, 'subsample': 0.7832747546951571, 'colsample_bytree': 0.7931875488341421, 'min_child_weight': 2}. Best is trial 337 with value: 0.6641446675929434.
[I 2026-05-22 17:59:40,478] Trial 397 finished with value: 0.5184529072460107 and parameters: {'n_estimators': 86, 'learning_rate': 0.11891992386176588, 'subsample': 0.7985844609421199, 'colsample_bytree': 0.7747402810460718, 'min_child_weight': 8}. Best is trial 337 with value: 0.6641446675929434.
[I 2026-05-22 17:59:41,261] Trial 398 finished with value: 0.5920152484807657 and parameters: {'n_estimators': 395, 'learning_rate': 0.01716827384736297, 'subsample': 0.8440900597910566, 'colsample_bytree': 0.6541416329110742, 'min_child_weight': 8}. Best is trial 337 with value: 0.6641446675929434.
[I 2026-05-22 17:59:41,881] Trial 399 finished with value: 0.5488298738298738 and parameters: {'n_estimators': 346, 'learning_rate': 0.2588426213619937, 'subsample': 0.6275832065425685, 'colsample_bytree': 0.6228218884605017, 'min_child_weight': 3}. Best is trial 337 with value: 0.6641446675929434.
[I 2026-05-22 17:59:42,318] Trial 400 finished with value: 0.5626322751322752 and parameters: {'n_estimators': 168, 'learning_rate': 0.023164217472997732, 'subsample': 0.9625018322084147, 'colsample_bytree': 0.6998184799398024, 'min_child_weight': 3}. Best is trial 337 with value: 0.6641446675929434.
[I 2026-05-22 17:59:43,066] Trial 401 finished with value: 0.4679008252284114 and parameters: {'n_estimators': 392, 'learning_rate': 0.046165790921315036, 'subsample': 0.9106842227820725, 'colsample_bytree': 0.626146463025754, 'min_child_weight': 5}. Best is trial 337 with value: 0.6641446675929434.
[I 2026-05-22 17:59:43,558] Trial 402 finished with value: 0.5632730376264858 and parameters: {'n_estimators': 65, 'learning_rate': 0.012375033364089306, 'subsample': 0.9625749813377644, 'colsample_bytree': 0.655698148447038, 'min_child_weight': 6}. Best is trial 337 with value: 0.6641446675929434.
[I 2026-05-22 17:59:44,188] Trial 403 finished with value: 0.5769971088936605 and parameters: {'n_estimators': 235, 'learning_rate': 0.03258878806411497, 'subsample': 0.959933338274909, 'colsample_bytree': 0.6087293587101957, 'min_child_weight': 7}. Best is trial 337 with value: 0.6641446675929434.
[I 2026-05-22 17:59:44,912] Trial 404 finished with value: 0.4506043605181536 and parameters: {'n_estimators': 484, 'learning_rate': 0.06721037677312691, 'subsample': 0.9747289848132368, 'colsample_bytree': 0.6209031517144095, 'min_child_weight': 5}. Best is trial 337 with value: 0.6641446675929434.
[I 2026-05-22 17:59:45,467] Trial 405 finished with value: 0.4921057709850813 and parameters: {'n_estimators': 167, 'learning_rate': 0.12009119896986077, 'subsample': 0.9925188361988987, 'colsample_bytree': 0.7026120249776991, 'min_child_weight': 7}. Best is trial 337 with value: 0.6641446675929434.
[I 2026-05-22 17:59:45,915] Trial 406 finished with value: 0.5123724615103925 and parameters: {'n_estimators': 139, 'learning_rate': 0.06840082422420674, 'subsample': 0.7855729946753345, 'colsample_bytree': 0.9888021318526148, 'min_child_weight': 7}. Best is trial 337 with value: 0.6641446675929434.
[I 2026-05-22 17:59:46,526] Trial 407 finished with value: 0.5474339676925883 and parameters: {'n_estimators': 207, 'learning_rate': 0.014741215968264691, 'subsample': 0.6604987314939738, 'colsample_bytree': 0.690126771980494, 'min_child_weight': 3}. Best is trial 337 with value: 0.6641446675929434.
[I 2026-05-22 17:59:47,212] Trial 408 finished with value: 0.43926325909084535 and parameters: {'n_estimators': 433, 'learning_rate': 0.06745188784237581, 'subsample': 0.8093563645497466, 'colsample_bytree': 0.645907548747687, 'min_child_weight': 9}. Best is trial 337 with value: 0.6641446675929434.
[I 2026-05-22 17:59:47,984] Trial 409 finished with value: 0.5659656435518505 and parameters: {'n_estimators': 375, 'learning_rate': 0.012587931636111327, 'subsample': 0.8831340388919074, 'colsample_bytree': 0.8174152869370584, 'min_child_weight': 1}. Best is trial 337 with value: 0.6641446675929434.
[I 2026-05-22 17:59:48,424] Trial 410 finished with value: 0.4718424136527585 and parameters: {'n_estimators': 256, 'learning_rate': 0.05199423440889519, 'subsample': 0.6663098160653103, 'colsample_bytree': 0.9782792588001129, 'min_child_weight': 9}. Best is trial 337 with value: 0.6641446675929434.
[I 2026-05-22 17:59:49,149] Trial 411 finished with value: 0.4741207387759112 and parameters: {'n_estimators': 351, 'learning_rate': 0.04817997819550144, 'subsample': 0.7647062166338034, 'colsample_bytree': 0.8603893868603816, 'min_child_weight': 6}. Best is trial 337 with value: 0.6641446675929434.
[I 2026-05-22 17:59:49,651] Trial 412 finished with value: 0.4243605532398636 and parameters: {'n_estimators': 78, 'learning_rate': 0.05715162135968608, 'subsample': 0.9225614468931358, 'colsample_bytree': 0.7836959510387832, 'min_child_weight': 1}. Best is trial 337 with value: 0.6641446675929434.
[I 2026-05-22 17:59:50,318] Trial 413 finished with value: 0.4539915863191726 and parameters: {'n_estimators': 404, 'learning_rate': 0.01983529767778567, 'subsample': 0.7034483339552156, 'colsample_bytree': 0.6658825413729184, 'min_child_weight': 4}. Best is trial 337 with value: 0.6641446675929434.
[I 2026-05-22 17:59:51,089] Trial 414 finished with value: 0.4498257968085554 and parameters: {'n_estimators': 391, 'learning_rate': 0.058505391852606455, 'subsample': 0.681952509660285, 'colsample_bytree': 0.9511320312608164, 'min_child_weight': 9}. Best is trial 337 with value: 0.6641446675929434.
[I 2026-05-22 17:59:51,771] Trial 415 finished with value: 0.46599915091294397 and parameters: {'n_estimators': 442, 'learning_rate': 0.022528431683873033, 'subsample': 0.7804957376723952, 'colsample_bytree': 0.9939958624563501, 'min_child_weight': 8}. Best is trial 337 with value: 0.6641446675929434.
[I 2026-05-22 17:59:52,265] Trial 416 finished with value: 0.6173259371535232 and parameters: {'n_estimators': 62, 'learning_rate': 0.012482888394897595, 'subsample': 0.7855725507249331, 'colsample_bytree': 0.9636880823446241, 'min_child_weight': 6}. Best is trial 337 with value: 0.6641446675929434.
[I 2026-05-22 17:59:52,828] Trial 417 finished with value: 0.546923112009319 and parameters: {'n_estimators': 274, 'learning_rate': 0.014315200791767483, 'subsample': 0.8627120418897176, 'colsample_bytree': 0.9288412642400902, 'min_child_weight': 4}. Best is trial 337 with value: 0.6641446675929434.
[I 2026-05-22 17:59:53,484] Trial 418 finished with value: 0.48050257533016155 and parameters: {'n_estimators': 399, 'learning_rate': 0.2658575297669879, 'subsample': 0.6815065836510756, 'colsample_bytree': 0.8093318524778965, 'min_child_weight': 3}. Best is trial 337 with value: 0.6641446675929434.
[I 2026-05-22 17:59:54,155] Trial 419 finished with value: 0.44558808050187365 and parameters: {'n_estimators': 407, 'learning_rate': 0.07131410519627522, 'subsample': 0.8538329670201215, 'colsample_bytree': 0.9191656638463577, 'min_child_weight': 4}. Best is trial 337 with value: 0.6641446675929434.
[I 2026-05-22 17:59:54,847] Trial 420 finished with value: 0.4763520483348069 and parameters: {'n_estimators': 462, 'learning_rate': 0.061284164435516174, 'subsample': 0.6631819291341392, 'colsample_bytree': 0.878359647267521, 'min_child_weight': 8}. Best is trial 337 with value: 0.6641446675929434.
[I 2026-05-22 17:59:55,334] Trial 421 finished with value: 0.4183771209633278 and parameters: {'n_estimators': 192, 'learning_rate': 0.18456854969046618, 'subsample': 0.9624573019063065, 'colsample_bytree': 0.7107617949511236, 'min_child_weight': 10}. Best is trial 337 with value: 0.6641446675929434.
[I 2026-05-22 17:59:55,908] Trial 422 finished with value: 0.5703451082761427 and parameters: {'n_estimators': 113, 'learning_rate': 0.019879325168768943, 'subsample': 0.6736899356952104, 'colsample_bytree': 0.9575958840031482, 'min_child_weight': 7}. Best is trial 337 with value: 0.6641446675929434.
[I 2026-05-22 17:59:56,452] Trial 423 finished with value: 0.5950002982330569 and parameters: {'n_estimators': 118, 'learning_rate': 0.04471065994177841, 'subsample': 0.8461192100279208, 'colsample_bytree': 0.6333856339957533, 'min_child_weight': 9}. Best is trial 337 with value: 0.6641446675929434.
[I 2026-05-22 17:59:57,214] Trial 424 finished with value: 0.4918668336771786 and parameters: {'n_estimators': 412, 'learning_rate': 0.055750871833158994, 'subsample': 0.9868506461036681, 'colsample_bytree': 0.7671043917100399, 'min_child_weight': 10}. Best is trial 337 with value: 0.6641446675929434.
[I 2026-05-22 17:59:57,839] Trial 425 finished with value: 0.43625689444654964 and parameters: {'n_estimators': 351, 'learning_rate': 0.0865937260774655, 'subsample': 0.666381958118314, 'colsample_bytree': 0.9527711033218575, 'min_child_weight': 5}. Best is trial 337 with value: 0.6641446675929434.
[I 2026-05-22 17:59:58,291] Trial 426 finished with value: 0.575075435420263 and parameters: {'n_estimators': 123, 'learning_rate': 0.010438133228388727, 'subsample': 0.823902273455353, 'colsample_bytree': 0.8109598488490706, 'min_child_weight': 8}. Best is trial 337 with value: 0.6641446675929434.
[I 2026-05-22 17:59:59,079] Trial 427 finished with value: 0.5938956956198336 and parameters: {'n_estimators': 451, 'learning_rate': 0.013100659346948772, 'subsample': 0.8925985961361449, 'colsample_bytree': 0.6749647776390328, 'min_child_weight': 9}. Best is trial 337 with value: 0.6641446675929434.
[I 2026-05-22 17:59:59,772] Trial 428 finished with value: 0.4347202924789132 and parameters: {'n_estimators': 419, 'learning_rate': 0.0629242358087527, 'subsample': 0.8840971194493246, 'colsample_bytree': 0.7257400452734993, 'min_child_weight': 5}. Best is trial 337 with value: 0.6641446675929434.
[I 2026-05-22 18:00:00,551] Trial 429 finished with value: 0.46542022792022786 and parameters: {'n_estimators': 420, 'learning_rate': 0.04768594398528765, 'subsample': 0.7431193061301767, 'colsample_bytree': 0.7976849789001199, 'min_child_weight': 9}. Best is trial 337 with value: 0.6641446675929434.
[I 2026-05-22 18:00:01,042] Trial 430 finished with value: 0.5382764585350792 and parameters: {'n_estimators': 201, 'learning_rate': 0.018057887475815004, 'subsample': 0.8848056081323123, 'colsample_bytree': 0.9303912850832328, 'min_child_weight': 2}. Best is trial 337 with value: 0.6641446675929434.
[I 2026-05-22 18:00:01,599] Trial 431 finished with value: 0.5811558811558811 and parameters: {'n_estimators': 158, 'learning_rate': 0.016207269122103407, 'subsample': 0.7391765646328666, 'colsample_bytree': 0.7801403915621651, 'min_child_weight': 8}. Best is trial 337 with value: 0.6641446675929434.
[I 2026-05-22 18:00:02,296] Trial 432 finished with value: 0.39799254066495443 and parameters: {'n_estimators': 343, 'learning_rate': 0.08263932946915954, 'subsample': 0.7409499786438618, 'colsample_bytree': 0.936579021233904, 'min_child_weight': 5}. Best is trial 337 with value: 0.6641446675929434.
[I 2026-05-22 18:00:03,004] Trial 433 finished with value: 0.44518844820568954 and parameters: {'n_estimators': 491, 'learning_rate': 0.0864380241535905, 'subsample': 0.650505896625801, 'colsample_bytree': 0.8704710248301736, 'min_child_weight': 4}. Best is trial 337 with value: 0.6641446675929434.
[I 2026-05-22 18:00:03,610] Trial 434 finished with value: 0.5388197689921828 and parameters: {'n_estimators': 359, 'learning_rate': 0.01267267858739504, 'subsample': 0.6699525748703837, 'colsample_bytree': 0.9422949035623145, 'min_child_weight': 3}. Best is trial 337 with value: 0.6641446675929434.
[I 2026-05-22 18:00:04,371] Trial 435 finished with value: 0.49862426845185476 and parameters: {'n_estimators': 427, 'learning_rate': 0.025853815556781314, 'subsample': 0.8571527640234831, 'colsample_bytree': 0.8776602294039324, 'min_child_weight': 6}. Best is trial 337 with value: 0.6641446675929434.
