[I 2026-05-22 17:58:35,812] Trial 290 finished with value: 0.38407154786465136 and parameters: {'n_estimators': 274, 'learning_rate': 0.08177777509881522, 'subsample': 0.9475619937914873, 'colsample_bytree': 0.8282438986555318, 'min_child_weight': 1}. Best is trial 189 with value: 0.6488503115658288.
[I 2026-05-22 17:58:36,539] Trial 291 finished with value: 0.44226822028546164 and parameters: {'n_estimators': 469, 'learning_rate': 0.1043553261250046, 'subsample': 0.8706053543108986, 'colsample_bytree': 0.6862700609590868, 'min_child_weight': 7}. Best is trial 189 with value: 0.6488503115658288.
[I 2026-05-22 17:58:37,065] Trial 292 finished with value: 0.42788373822856585 and parameters: {'n_estimators': 227, 'learning_rate': 0.09161151646334173, 'subsample': 0.6426372121231962, 'colsample_bytree': 0.8631381218412144, 'min_child_weight': 10}. Best is trial 189 with value: 0.6488503115658288.
[I 2026-05-22 17:58:37,581] Trial 293 finished with value: 0.5566734032251274 and parameters: {'n_estimators': 71, 'learning_rate': 0.2775906009459129, 'subsample': 0.7627631842891482, 'colsample_bytree': 0.9483013801349036, 'min_child_weight': 8}. Best is trial 189 with value: 0.6488503115658288.
[I 2026-05-22 17:58:38,283] Trial 294 finished with value: 0.36785872173803214 and parameters: {'n_estimators': 305, 'learning_rate': 0.12324775650896964, 'subsample': 0.9514062245205391, 'colsample_bytree': 0.7616561286604132, 'min_child_weight': 4}. Best is trial 189 with value: 0.6488503115658288.
[I 2026-05-22 17:58:38,877] Trial 295 finished with value: 0.4374929827516034 and parameters: {'n_estimators': 351, 'learning_rate': 0.15605813459825824, 'subsample': 0.9049140539106463, 'colsample_bytree': 0.9191254595434538, 'min_child_weight': 5}. Best is trial 189 with value: 0.6488503115658288.
[I 2026-05-22 17:58:39,557] Trial 296 finished with value: 0.5445197044334976 and parameters: {'n_estimators': 418, 'learning_rate': 0.01505093051273995, 'subsample': 0.8177956391843398, 'colsample_bytree': 0.6023034641992486, 'min_child_weight': 4}. Best is trial 189 with value: 0.6488503115658288.
[I 2026-05-22 17:58:40,059] Trial 297 finished with value: 0.49172140120415986 and parameters: {'n_estimators': 215, 'learning_rate': 0.03847645956359465, 'subsample': 0.8781868826759449, 'colsample_bytree': 0.7554232405081382, 'min_child_weight': 5}. Best is trial 189 with value: 0.6488503115658288.
[I 2026-05-22 17:58:40,509] Trial 298 finished with value: 0.604889969545142 and parameters: {'n_estimators': 157, 'learning_rate': 0.03559083316675368, 'subsample': 0.6909078509052606, 'colsample_bytree': 0.6292783695073775, 'min_child_weight': 7}. Best is trial 189 with value: 0.6488503115658288.
[I 2026-05-22 17:58:41,238] Trial 299 finished with value: 0.4746629966457553 and parameters: {'n_estimators': 351, 'learning_rate': 0.08223607182620725, 'subsample': 0.785397617520229, 'colsample_bytree': 0.7519143120716919, 'min_child_weight': 9}. Best is trial 189 with value: 0.6488503115658288.
[I 2026-05-22 17:58:41,779] Trial 300 finished with value: 0.4602055352055352 and parameters: {'n_estimators': 284, 'learning_rate': 0.05102813975834138, 'subsample': 0.6102568263225743, 'colsample_bytree': 0.7364991310504625, 'min_child_weight': 4}. Best is trial 189 with value: 0.6488503115658288.
[I 2026-05-22 17:58:42,203] Trial 301 finished with value: 0.4394769343045205 and parameters: {'n_estimators': 229, 'learning_rate': 0.07194240268183227, 'subsample': 0.8134410186907514, 'colsample_bytree': 0.8431620371173778, 'min_child_weight': 8}. Best is trial 189 with value: 0.6488503115658288.
[I 2026-05-22 17:58:42,951] Trial 302 finished with value: 0.40062821916270186 and parameters: {'n_estimators': 416, 'learning_rate': 0.11501509947959764, 'subsample': 0.9822094783819739, 'colsample_bytree': 0.6072930330705446, 'min_child_weight': 2}. Best is trial 189 with value: 0.6488503115658288.
[I 2026-05-22 17:58:43,449] Trial 303 finished with value: 0.5306723927413584 and parameters: {'n_estimators': 53, 'learning_rate': 0.09044793628268057, 'subsample': 0.9592122195799948, 'colsample_bytree': 0.6973929186305197, 'min_child_weight': 10}. Best is trial 189 with value: 0.6488503115658288.
[I 2026-05-22 17:58:43,768] Trial 304 finished with value: 0.48384699591596136 and parameters: {'n_estimators': 77, 'learning_rate': 0.2400354115771027, 'subsample': 0.7406490748958537, 'colsample_bytree': 0.6405683313796866, 'min_child_weight': 5}. Best is trial 189 with value: 0.6488503115658288.
[I 2026-05-22 17:58:44,149] Trial 305 finished with value: 0.5634706608844541 and parameters: {'n_estimators': 165, 'learning_rate': 0.0263506794768714, 'subsample': 0.7229159859705147, 'colsample_bytree': 0.9212103591330654, 'min_child_weight': 6}. Best is trial 189 with value: 0.6488503115658288.
[I 2026-05-22 17:58:44,737] Trial 306 finished with value: 0.42118858153340905 and parameters: {'n_estimators': 190, 'learning_rate': 0.0797144407910146, 'subsample': 0.8864602696892774, 'colsample_bytree': 0.7090496002934135, 'min_child_weight': 5}. Best is trial 189 with value: 0.6488503115658288.
[I 2026-05-22 17:58:45,170] Trial 307 finished with value: 0.5804783658231933 and parameters: {'n_estimators': 104, 'learning_rate': 0.018517380662798396, 'subsample': 0.8724471415859931, 'colsample_bytree': 0.6725753390782507, 'min_child_weight': 6}. Best is trial 189 with value: 0.6488503115658288.
[I 2026-05-22 17:58:45,900] Trial 308 finished with value: 0.6041347381864624 and parameters: {'n_estimators': 369, 'learning_rate': 0.014383685371489131, 'subsample': 0.8269248878515614, 'colsample_bytree': 0.7026251134805455, 'min_child_weight': 10}. Best is trial 189 with value: 0.6488503115658288.
[I 2026-05-22 17:58:46,450] Trial 309 finished with value: 0.4588636618809033 and parameters: {'n_estimators': 268, 'learning_rate': 0.15507747688843285, 'subsample': 0.8200906168625047, 'colsample_bytree': 0.6173650131419276, 'min_child_weight': 7}. Best is trial 189 with value: 0.6488503115658288.
[I 2026-05-22 17:58:47,273] Trial 310 finished with value: 0.4183495782633713 and parameters: {'n_estimators': 479, 'learning_rate': 0.07738443331853193, 'subsample': 0.927675543770716, 'colsample_bytree': 0.9536825853393631, 'min_child_weight': 3}. Best is trial 189 with value: 0.6488503115658288.
[I 2026-05-22 17:58:47,728] Trial 311 finished with value: 0.496804695942627 and parameters: {'n_estimators': 145, 'learning_rate': 0.0798901073742648, 'subsample': 0.7644113879226819, 'colsample_bytree': 0.9359445211466881, 'min_child_weight': 10}. Best is trial 189 with value: 0.6488503115658288.
[I 2026-05-22 17:58:48,336] Trial 312 finished with value: 0.5914064144667593 and parameters: {'n_estimators': 209, 'learning_rate': 0.022381363321172874, 'subsample': 0.9122102060975448, 'colsample_bytree': 0.7099224142192544, 'min_child_weight': 9}. Best is trial 189 with value: 0.6488503115658288.
[I 2026-05-22 17:58:48,991] Trial 313 finished with value: 0.42217064544650745 and parameters: {'n_estimators': 241, 'learning_rate': 0.09683941223364781, 'subsample': 0.6382141255338672, 'colsample_bytree': 0.8495437298706292, 'min_child_weight': 5}. Best is trial 189 with value: 0.6488503115658288.
[I 2026-05-22 17:58:49,724] Trial 314 finished with value: 0.44642260676743434 and parameters: {'n_estimators': 314, 'learning_rate': 0.01770831983748908, 'subsample': 0.8947494979776729, 'colsample_bytree': 0.9451188310172914, 'min_child_weight': 3}. Best is trial 189 with value: 0.6488503115658288.
[I 2026-05-22 17:58:50,231] Trial 315 finished with value: 0.5938364875864875 and parameters: {'n_estimators': 93, 'learning_rate': 0.01083719924029523, 'subsample': 0.8567886001773064, 'colsample_bytree': 0.8428376144355123, 'min_child_weight': 6}. Best is trial 189 with value: 0.6488503115658288.
[I 2026-05-22 17:58:50,802] Trial 316 finished with value: 0.5968311860553239 and parameters: {'n_estimators': 154, 'learning_rate': 0.03779336441896264, 'subsample': 0.8377905340744692, 'colsample_bytree': 0.7987067435436678, 'min_child_weight': 10}. Best is trial 189 with value: 0.6488503115658288.
[I 2026-05-22 17:58:51,339] Trial 317 finished with value: 0.5058046678736334 and parameters: {'n_estimators': 111, 'learning_rate': 0.10636844146050517, 'subsample': 0.7617275072417169, 'colsample_bytree': 0.7712798459702459, 'min_child_weight': 8}. Best is trial 189 with value: 0.6488503115658288.
[I 2026-05-22 17:58:52,080] Trial 318 finished with value: 0.5252768304492443 and parameters: {'n_estimators': 362, 'learning_rate': 0.29120933806254257, 'subsample': 0.65135771578165, 'colsample_bytree': 0.6416438597536666, 'min_child_weight': 8}. Best is trial 189 with value: 0.6488503115658288.
[I 2026-05-22 17:58:52,688] Trial 319 finished with value: 0.5388197689921828 and parameters: {'n_estimators': 310, 'learning_rate': 0.02540788691400217, 'subsample': 0.6317677475955946, 'colsample_bytree': 0.6342632998385722, 'min_child_weight': 9}. Best is trial 189 with value: 0.6488503115658288.
[I 2026-05-22 17:58:53,259] Trial 320 finished with value: 0.5925639973053766 and parameters: {'n_estimators': 136, 'learning_rate': 0.030037169658485924, 'subsample': 0.6906625608907953, 'colsample_bytree': 0.741998522332775, 'min_child_weight': 1}. Best is trial 189 with value: 0.6488503115658288.
[I 2026-05-22 17:58:53,941] Trial 321 finished with value: 0.4839055022244677 and parameters: {'n_estimators': 284, 'learning_rate': 0.012585542911797537, 'subsample': 0.9201426031289446, 'colsample_bytree': 0.6934848327641732, 'min_child_weight': 6}. Best is trial 189 with value: 0.6488503115658288.
[I 2026-05-22 17:58:54,749] Trial 322 finished with value: 0.42883106676210125 and parameters: {'n_estimators': 446, 'learning_rate': 0.09150077995838635, 'subsample': 0.8131831146205342, 'colsample_bytree': 0.7297335012461502, 'min_child_weight': 4}. Best is trial 189 with value: 0.6488503115658288.
[I 2026-05-22 17:58:55,478] Trial 323 finished with value: 0.5418243793243793 and parameters: {'n_estimators': 351, 'learning_rate': 0.29407924898517374, 'subsample': 0.8647356759397514, 'colsample_bytree': 0.82311336694801, 'min_child_weight': 8}. Best is trial 189 with value: 0.6488503115658288.
[I 2026-05-22 17:58:56,196] Trial 324 finished with value: 0.5401191879640155 and parameters: {'n_estimators': 259, 'learning_rate': 0.01226980138039418, 'subsample': 0.8249187263511639, 'colsample_bytree': 0.9830501138021521, 'min_child_weight': 2}. Best is trial 189 with value: 0.6488503115658288.
[I 2026-05-22 17:58:56,875] Trial 325 finished with value: 0.49691767364181166 and parameters: {'n_estimators': 361, 'learning_rate': 0.019806303165826888, 'subsample': 0.8143310737892325, 'colsample_bytree': 0.6386705798586878, 'min_child_weight': 5}. Best is trial 189 with value: 0.6488503115658288.
[I 2026-05-22 17:58:57,485] Trial 326 finished with value: 0.5067397162224748 and parameters: {'n_estimators': 391, 'learning_rate': 0.03261409155209172, 'subsample': 0.8659646897948872, 'colsample_bytree': 0.9181799843158917, 'min_child_weight': 10}. Best is trial 189 with value: 0.6488503115658288.
[I 2026-05-22 17:58:58,067] Trial 327 finished with value: 0.5143281686385135 and parameters: {'n_estimators': 155, 'learning_rate': 0.03889000747205442, 'subsample': 0.660966405332167, 'colsample_bytree': 0.9969934008633501, 'min_child_weight': 10}. Best is trial 189 with value: 0.6488503115658288.
[I 2026-05-22 17:58:58,687] Trial 328 finished with value: 0.40832052685500964 and parameters: {'n_estimators': 293, 'learning_rate': 0.1753013563315513, 'subsample': 0.8083831909088168, 'colsample_bytree': 0.8494342752011039, 'min_child_weight': 1}. Best is trial 189 with value: 0.6488503115658288.
[I 2026-05-22 17:58:59,358] Trial 329 finished with value: 0.6020742986260228 and parameters: {'n_estimators': 390, 'learning_rate': 0.015440035736547127, 'subsample': 0.9304270521010114, 'colsample_bytree': 0.9128112350681543, 'min_child_weight': 8}. Best is trial 189 with value: 0.6488503115658288.
[I 2026-05-22 17:58:59,777] Trial 330 finished with value: 0.6102878124429848 and parameters: {'n_estimators': 66, 'learning_rate': 0.028038665366359614, 'subsample': 0.7052450279643372, 'colsample_bytree': 0.7440545629886076, 'min_child_weight': 1}. Best is trial 189 with value: 0.6488503115658288.
[I 2026-05-22 17:59:00,456] Trial 331 finished with value: 0.38256055885366236 and parameters: {'n_estimators': 472, 'learning_rate': 0.06577079034641956, 'subsample': 0.7222097242632094, 'colsample_bytree': 0.7587926068297134, 'min_child_weight': 5}. Best is trial 189 with value: 0.6488503115658288.
[I 2026-05-22 17:59:01,142] Trial 332 finished with value: 0.466413168568341 and parameters: {'n_estimators': 320, 'learning_rate': 0.057772484305485476, 'subsample': 0.9677567892857669, 'colsample_bytree': 0.7987853931623321, 'min_child_weight': 10}. Best is trial 189 with value: 0.6488503115658288.
[I 2026-05-22 17:59:01,830] Trial 333 finished with value: 0.5806864272381513 and parameters: {'n_estimators': 433, 'learning_rate': 0.020323350754982393, 'subsample': 0.9722380858575665, 'colsample_bytree': 0.6465465591541905, 'min_child_weight': 9}. Best is trial 189 with value: 0.6488503115658288.
[I 2026-05-22 17:59:02,343] Trial 334 finished with value: 0.43070081259736426 and parameters: {'n_estimators': 221, 'learning_rate': 0.19809546339433803, 'subsample': 0.9472226760429802, 'colsample_bytree': 0.9223701600470484, 'min_child_weight': 8}. Best is trial 189 with value: 0.6488503115658288.
[I 2026-05-22 17:59:02,874] Trial 335 finished with value: 0.5952614275890138 and parameters: {'n_estimators': 187, 'learning_rate': 0.013168235744853684, 'subsample': 0.7611920715060646, 'colsample_bytree': 0.6694098059946034, 'min_child_weight': 7}. Best is trial 189 with value: 0.6488503115658288.
[I 2026-05-22 17:59:03,483] Trial 336 finished with value: 0.5661086199879304 and parameters: {'n_estimators': 206, 'learning_rate': 0.2761179014535634, 'subsample': 0.8563888309381328, 'colsample_bytree': 0.9289922254537444, 'min_child_weight': 2}. Best is trial 189 with value: 0.6488503115658288.
[I 2026-05-22 17:59:04,278] Trial 337 finished with value: 0.6641446675929434 and parameters: {'n_estimators': 438, 'learning_rate': 0.23068760438332875, 'subsample': 0.7948247675275744, 'colsample_bytree': 0.842501175100391, 'min_child_weight': 8}. Best is trial 337 with value: 0.6641446675929434.
[I 2026-05-22 17:59:04,597] Trial 338 finished with value: 0.5065474436164091 and parameters: {'n_estimators': 128, 'learning_rate': 0.055252385524164935, 'subsample': 0.7594652111089253, 'colsample_bytree': 0.6585495968648997, 'min_child_weight': 4}. Best is trial 337 with value: 0.6641446675929434.
[I 2026-05-22 17:59:04,991] Trial 339 finished with value: 0.5624017585224481 and parameters: {'n_estimators': 80, 'learning_rate': 0.01091760346507846, 'subsample': 0.6540665156619291, 'colsample_bytree': 0.9852460446356696, 'min_child_weight': 6}. Best is trial 337 with value: 0.6641446675929434.
[I 2026-05-22 17:59:05,793] Trial 340 finished with value: 0.43219285503768257 and parameters: {'n_estimators': 485, 'learning_rate': 0.04353632923371348, 'subsample': 0.7247264532341038, 'colsample_bytree': 0.8024567451360977, 'min_child_weight': 5}. Best is trial 337 with value: 0.6641446675929434.
[I 2026-05-22 17:59:06,220] Trial 341 finished with value: 0.5794684083477188 and parameters: {'n_estimators': 97, 'learning_rate': 0.08842563149178337, 'subsample': 0.6864152730038399, 'colsample_bytree': 0.8478351819591319, 'min_child_weight': 7}. Best is trial 337 with value: 0.6641446675929434.
[I 2026-05-22 17:59:06,671] Trial 342 finished with value: 0.5470883682090578 and parameters: {'n_estimators': 118, 'learning_rate': 0.012320287379467502, 'subsample': 0.912304634427376, 'colsample_bytree': 0.783920169507728, 'min_child_weight': 1}. Best is trial 337 with value: 0.6641446675929434.
[I 2026-05-22 17:59:07,433] Trial 343 finished with value: 0.49652611118128365 and parameters: {'n_estimators': 498, 'learning_rate': 0.012171634282309616, 'subsample': 0.8780140915434212, 'colsample_bytree': 0.9934715701053655, 'min_child_weight': 3}. Best is trial 337 with value: 0.6641446675929434.
[I 2026-05-22 17:59:07,869] Trial 344 finished with value: 0.5797947103981587 and parameters: {'n_estimators': 114, 'learning_rate': 0.015111245944092168, 'subsample': 0.7213100590270383, 'colsample_bytree': 0.6404183244042586, 'min_child_weight': 7}. Best is trial 337 with value: 0.6641446675929434.
[I 2026-05-22 17:59:08,359] Trial 345 finished with value: 0.5829912424740011 and parameters: {'n_estimators': 78, 'learning_rate': 0.0565559436526224, 'subsample': 0.9986787415411907, 'colsample_bytree': 0.9255881078024075, 'min_child_weight': 7}. Best is trial 337 with value: 0.6641446675929434.
[I 2026-05-22 17:59:08,925] Trial 346 finished with value: 0.39644120247568526 and parameters: {'n_estimators': 188, 'learning_rate': 0.08347757040088627, 'subsample': 0.8108165855646606, 'colsample_bytree': 0.7704333535561486, 'min_child_weight': 2}. Best is trial 337 with value: 0.6641446675929434.
[I 2026-05-22 17:59:09,745] Trial 347 finished with value: 0.43702984435743053 and parameters: {'n_estimators': 449, 'learning_rate': 0.046172826907491506, 'subsample': 0.677849004728306, 'colsample_bytree': 0.7471037403509159, 'min_child_weight': 5}. Best is trial 337 with value: 0.6641446675929434.
[I 2026-05-22 17:59:10,511] Trial 348 finished with value: 0.4511843360981292 and parameters: {'n_estimators': 423, 'learning_rate': 0.12123761779314282, 'subsample': 0.9077219574565359, 'colsample_bytree': 0.6044125057714589, 'min_child_weight': 5}. Best is trial 337 with value: 0.6641446675929434.
[I 2026-05-22 17:59:11,218] Trial 349 finished with value: 0.5580535205535205 and parameters: {'n_estimators': 267, 'learning_rate': 0.010674543712834376, 'subsample': 0.7039252834980136, 'colsample_bytree': 0.904115929248854, 'min_child_weight': 2}. Best is trial 337 with value: 0.6641446675929434.
[I 2026-05-22 17:59:11,926] Trial 350 finished with value: 0.5715150590150591 and parameters: {'n_estimators': 291, 'learning_rate': 0.020791185786432916, 'subsample': 0.6048483098575573, 'colsample_bytree': 0.6964805830398166, 'min_child_weight': 10}. Best is trial 337 with value: 0.6641446675929434.
[I 2026-05-22 17:59:12,583] Trial 351 finished with value: 0.46517392250150874 and parameters: {'n_estimators': 411, 'learning_rate': 0.2614634918292481, 'subsample': 0.795141617570545, 'colsample_bytree': 0.6438944794710014, 'min_child_weight': 6}. Best is trial 337 with value: 0.6641446675929434.
[I 2026-05-22 17:59:13,219] Trial 352 finished with value: 0.4623861451447658 and parameters: {'n_estimators': 254, 'learning_rate': 0.1766923689636204, 'subsample': 0.6392330323136978, 'colsample_bytree': 0.7952964548087113, 'min_child_weight': 2}. Best is trial 337 with value: 0.6641446675929434.
[I 2026-05-22 17:59:13,782] Trial 353 finished with value: 0.48125429806464287 and parameters: {'n_estimators': 196, 'learning_rate': 0.12279079504118676, 'subsample': 0.7904072517475066, 'colsample_bytree': 0.7503553140583077, 'min_child_weight': 4}. Best is trial 337 with value: 0.6641446675929434.
[I 2026-05-22 17:59:14,301] Trial 354 finished with value: 0.4509022427125876 and parameters: {'n_estimators': 257, 'learning_rate': 0.144399145153865, 'subsample': 0.9568338755760938, 'colsample_bytree': 0.9821338746015713, 'min_child_weight': 8}. Best is trial 337 with value: 0.6641446675929434.
[I 2026-05-22 17:59:14,782] Trial 355 finished with value: 0.45734091897885004 and parameters: {'n_estimators': 192, 'learning_rate': 0.10386241115349532, 'subsample': 0.7750412496221568, 'colsample_bytree': 0.7018682488184205, 'min_child_weight': 9}. Best is trial 337 with value: 0.6641446675929434.
[I 2026-05-22 17:59:15,184] Trial 356 finished with value: 0.4612421582249168 and parameters: {'n_estimators': 67, 'learning_rate': 0.21478888586811315, 'subsample': 0.7845909858498936, 'colsample_bytree': 0.8548805907233121, 'min_child_weight': 7}. Best is trial 337 with value: 0.6641446675929434.
[I 2026-05-22 17:59:15,965] Trial 357 finished with value: 0.47738077694974257 and parameters: {'n_estimators': 453, 'learning_rate': 0.08718430698622275, 'subsample': 0.8455734339040247, 'colsample_bytree': 0.6266608162242759, 'min_child_weight': 6}. Best is trial 337 with value: 0.6641446675929434.
[I 2026-05-22 17:59:16,486] Trial 358 finished with value: 0.4388755561169354 and parameters: {'n_estimators': 117, 'learning_rate': 0.12282282825998894, 'subsample': 0.8048887683250698, 'colsample_bytree': 0.8720911116833413, 'min_child_weight': 1}. Best is trial 337 with value: 0.6641446675929434.
[I 2026-05-22 17:59:16,905] Trial 359 finished with value: 0.47194732151628704 and parameters: {'n_estimators': 88, 'learning_rate': 0.11431323145889176, 'subsample': 0.6288337343994693, 'colsample_bytree': 0.6285026911061035, 'min_child_weight': 1}. Best is trial 337 with value: 0.6641446675929434.
[I 2026-05-22 17:59:17,638] Trial 360 finished with value: 0.6064197296955918 and parameters: {'n_estimators': 481, 'learning_rate': 0.12285399209683807, 'subsample': 0.7413005634008256, 'colsample_bytree': 0.7186142325150621, 'min_child_weight': 4}. Best is trial 337 with value: 0.6641446675929434.
[I 2026-05-22 17:59:18,419] Trial 361 finished with value: 0.3376764837971734 and parameters: {'n_estimators': 399, 'learning_rate': 0.09482537893094686, 'subsample': 0.6740782271469872, 'colsample_bytree': 0.6696437341336338, 'min_child_weight': 1}. Best is trial 337 with value: 0.6641446675929434.
[I 2026-05-22 17:59:19,124] Trial 362 finished with value: 0.40865998624619315 and parameters: {'n_estimators': 347, 'learning_rate': 0.1346080726275355, 'subsample': 0.7060185713300016, 'colsample_bytree': 0.6083779844123651, 'min_child_weight': 1}. Best is trial 337 with value: 0.6641446675929434.
