[I 2026-05-22 17:57:05,380] Trial 144 finished with value: 0.4617989768851838 and parameters: {'n_estimators': 473, 'learning_rate': 0.018522653992975043, 'subsample': 0.6265985069467109, 'colsample_bytree': 0.8964482597160236, 'min_child_weight': 6}. Best is trial 131 with value: 0.6177846897674484.
[I 2026-05-22 17:57:06,027] Trial 145 finished with value: 0.4682295833157902 and parameters: {'n_estimators': 429, 'learning_rate': 0.016086469813325163, 'subsample': 0.918106924743956, 'colsample_bytree': 0.6806509280190978, 'min_child_weight': 2}. Best is trial 131 with value: 0.6177846897674484.
[I 2026-05-22 17:57:06,603] Trial 146 finished with value: 0.4664915863191725 and parameters: {'n_estimators': 124, 'learning_rate': 0.15967084837073278, 'subsample': 0.86607888827848, 'colsample_bytree': 0.8092261699076477, 'min_child_weight': 4}. Best is trial 131 with value: 0.6177846897674484.
[I 2026-05-22 17:57:07,271] Trial 147 finished with value: 0.4380078733527009 and parameters: {'n_estimators': 445, 'learning_rate': 0.03799172469421923, 'subsample': 0.9266397757886309, 'colsample_bytree': 0.7756539634280873, 'min_child_weight': 4}. Best is trial 131 with value: 0.6177846897674484.
[I 2026-05-22 17:57:07,902] Trial 148 finished with value: 0.4537059843094326 and parameters: {'n_estimators': 258, 'learning_rate': 0.02787222656744598, 'subsample': 0.8990437520705004, 'colsample_bytree': 0.8010881560369917, 'min_child_weight': 3}. Best is trial 131 with value: 0.6177846897674484.
[I 2026-05-22 17:57:08,741] Trial 149 finished with value: 0.4510471488919764 and parameters: {'n_estimators': 455, 'learning_rate': 0.036902338018406936, 'subsample': 0.8174211444455954, 'colsample_bytree': 0.9625888443858188, 'min_child_weight': 7}. Best is trial 131 with value: 0.6177846897674484.
[I 2026-05-22 17:57:09,151] Trial 150 finished with value: 0.4606000799966317 and parameters: {'n_estimators': 102, 'learning_rate': 0.24448150234693505, 'subsample': 0.851083221228567, 'colsample_bytree': 0.7339622458628344, 'min_child_weight': 2}. Best is trial 131 with value: 0.6177846897674484.
[I 2026-05-22 17:57:09,911] Trial 151 finished with value: 0.45408930150309457 and parameters: {'n_estimators': 408, 'learning_rate': 0.08239913397912682, 'subsample': 0.8133844367905286, 'colsample_bytree': 0.9575570332203831, 'min_child_weight': 8}. Best is trial 131 with value: 0.6177846897674484.
[I 2026-05-22 17:57:10,460] Trial 152 finished with value: 0.5242228397400812 and parameters: {'n_estimators': 118, 'learning_rate': 0.028870299675381083, 'subsample': 0.6993956559257863, 'colsample_bytree': 0.8975785170290708, 'min_child_weight': 1}. Best is trial 131 with value: 0.6177846897674484.
[I 2026-05-22 17:57:11,163] Trial 153 finished with value: 0.43490817930473097 and parameters: {'n_estimators': 307, 'learning_rate': 0.1337346454163836, 'subsample': 0.9507062547046998, 'colsample_bytree': 0.736832699486363, 'min_child_weight': 9}. Best is trial 131 with value: 0.6177846897674484.
[I 2026-05-22 17:57:11,693] Trial 154 finished with value: 0.4539328168638514 and parameters: {'n_estimators': 99, 'learning_rate': 0.17795601470260156, 'subsample': 0.6509954649327929, 'colsample_bytree': 0.7589149162241469, 'min_child_weight': 8}. Best is trial 131 with value: 0.6177846897674484.
[I 2026-05-22 17:57:12,230] Trial 155 finished with value: 0.5504665593027662 and parameters: {'n_estimators': 117, 'learning_rate': 0.021808817013805933, 'subsample': 0.8889010273572264, 'colsample_bytree': 0.8880146146184298, 'min_child_weight': 7}. Best is trial 131 with value: 0.6177846897674484.
[I 2026-05-22 17:57:12,944] Trial 156 finished with value: 0.4374643874643874 and parameters: {'n_estimators': 362, 'learning_rate': 0.06333879703036574, 'subsample': 0.7007196235627811, 'colsample_bytree': 0.7382783974015678, 'min_child_weight': 2}. Best is trial 131 with value: 0.6177846897674484.
[I 2026-05-22 17:57:13,729] Trial 157 finished with value: 0.4638908186321979 and parameters: {'n_estimators': 459, 'learning_rate': 0.07273449366508514, 'subsample': 0.7603405667054559, 'colsample_bytree': 0.784802321457653, 'min_child_weight': 10}. Best is trial 131 with value: 0.6177846897674484.
[I 2026-05-22 17:57:14,256] Trial 158 finished with value: 0.3929460864805693 and parameters: {'n_estimators': 119, 'learning_rate': 0.07343997917165422, 'subsample': 0.8023554715537864, 'colsample_bytree': 0.8445816941738591, 'min_child_weight': 1}. Best is trial 131 with value: 0.6177846897674484.
[I 2026-05-22 17:57:14,945] Trial 159 finished with value: 0.6127792864861832 and parameters: {'n_estimators': 443, 'learning_rate': 0.23815062574705925, 'subsample': 0.8260532734356836, 'colsample_bytree': 0.8786603295507569, 'min_child_weight': 10}. Best is trial 131 with value: 0.6177846897674484.
[I 2026-05-22 17:57:15,724] Trial 160 finished with value: 0.45475997501859566 and parameters: {'n_estimators': 368, 'learning_rate': 0.016800362883013086, 'subsample': 0.8305153440667252, 'colsample_bytree': 0.8426860185531424, 'min_child_weight': 5}. Best is trial 131 with value: 0.6177846897674484.
[I 2026-05-22 17:57:16,376] Trial 161 finished with value: 0.6040449174069863 and parameters: {'n_estimators': 382, 'learning_rate': 0.23997907622316453, 'subsample': 0.9702274051627106, 'colsample_bytree': 0.7803357485616529, 'min_child_weight': 2}. Best is trial 131 with value: 0.6177846897674484.
[I 2026-05-22 17:57:17,108] Trial 162 finished with value: 0.43333350876454324 and parameters: {'n_estimators': 494, 'learning_rate': 0.1734419685281264, 'subsample': 0.6498650724813068, 'colsample_bytree': 0.9683367530469489, 'min_child_weight': 9}. Best is trial 131 with value: 0.6177846897674484.
[I 2026-05-22 17:57:17,678] Trial 163 finished with value: 0.49267504526125216 and parameters: {'n_estimators': 283, 'learning_rate': 0.07471116585141002, 'subsample': 0.7596010815480521, 'colsample_bytree': 0.6219046555288125, 'min_child_weight': 4}. Best is trial 131 with value: 0.6177846897674484.
[I 2026-05-22 17:57:18,379] Trial 164 finished with value: 0.5518234319958458 and parameters: {'n_estimators': 412, 'learning_rate': 0.010158791797488999, 'subsample': 0.7333996686764577, 'colsample_bytree': 0.7592674774363773, 'min_child_weight': 6}. Best is trial 131 with value: 0.6177846897674484.
[I 2026-05-22 17:57:19,176] Trial 165 finished with value: 0.472449054776641 and parameters: {'n_estimators': 464, 'learning_rate': 0.03247843017843543, 'subsample': 0.738781280758491, 'colsample_bytree': 0.8950004992438994, 'min_child_weight': 5}. Best is trial 131 with value: 0.6177846897674484.
[I 2026-05-22 17:57:19,747] Trial 166 finished with value: 0.5691004238418031 and parameters: {'n_estimators': 151, 'learning_rate': 0.04659164301583207, 'subsample': 0.6563428081519199, 'colsample_bytree': 0.6705547946024893, 'min_child_weight': 5}. Best is trial 131 with value: 0.6177846897674484.
[I 2026-05-22 17:57:20,386] Trial 167 finished with value: 0.41405186448289893 and parameters: {'n_estimators': 238, 'learning_rate': 0.22456306397987974, 'subsample': 0.7449575596466532, 'colsample_bytree': 0.8322353401112174, 'min_child_weight': 7}. Best is trial 131 with value: 0.6177846897674484.
[I 2026-05-22 17:57:20,892] Trial 168 finished with value: 0.48465099715099713 and parameters: {'n_estimators': 55, 'learning_rate': 0.0955267836593859, 'subsample': 0.6712143867479006, 'colsample_bytree': 0.984428126987782, 'min_child_weight': 2}. Best is trial 131 with value: 0.6177846897674484.
[I 2026-05-22 17:57:21,543] Trial 169 finished with value: 0.5016572986400571 and parameters: {'n_estimators': 236, 'learning_rate': 0.013368165353768521, 'subsample': 0.998749700738379, 'colsample_bytree': 0.800878004132497, 'min_child_weight': 6}. Best is trial 131 with value: 0.6177846897674484.
[I 2026-05-22 17:57:22,058] Trial 170 finished with value: 0.4719853900888384 and parameters: {'n_estimators': 80, 'learning_rate': 0.1281688687155785, 'subsample': 0.6839622372382343, 'colsample_bytree': 0.9592217157762855, 'min_child_weight': 3}. Best is trial 131 with value: 0.6177846897674484.
[I 2026-05-22 17:57:22,541] Trial 171 finished with value: 0.5829248417610488 and parameters: {'n_estimators': 136, 'learning_rate': 0.011323698336394534, 'subsample': 0.7888267780439997, 'colsample_bytree': 0.8259364533050466, 'min_child_weight': 1}. Best is trial 131 with value: 0.6177846897674484.
[I 2026-05-22 17:57:23,285] Trial 172 finished with value: 0.47430476611511097 and parameters: {'n_estimators': 399, 'learning_rate': 0.046726426888067565, 'subsample': 0.809756107731032, 'colsample_bytree': 0.7763050987752913, 'min_child_weight': 5}. Best is trial 131 with value: 0.6177846897674484.
[I 2026-05-22 17:57:23,883] Trial 173 finished with value: 0.5668131517269448 and parameters: {'n_estimators': 302, 'learning_rate': 0.016955424480598027, 'subsample': 0.6727712521981084, 'colsample_bytree': 0.944714248405407, 'min_child_weight': 10}. Best is trial 131 with value: 0.6177846897674484.
[I 2026-05-22 17:57:24,520] Trial 174 finished with value: 0.45825421385766213 and parameters: {'n_estimators': 218, 'learning_rate': 0.025114394464228234, 'subsample': 0.8575998172956063, 'colsample_bytree': 0.7634936684392386, 'min_child_weight': 1}. Best is trial 131 with value: 0.6177846897674484.
[I 2026-05-22 17:57:24,952] Trial 175 finished with value: 0.4680129257715464 and parameters: {'n_estimators': 120, 'learning_rate': 0.1141767816030627, 'subsample': 0.8635695767640605, 'colsample_bytree': 0.6108383970013934, 'min_child_weight': 3}. Best is trial 131 with value: 0.6177846897674484.
[I 2026-05-22 17:57:25,401] Trial 176 finished with value: 0.48372401863781167 and parameters: {'n_estimators': 154, 'learning_rate': 0.09828043102035339, 'subsample': 0.6078842151017456, 'colsample_bytree': 0.6416434327938295, 'min_child_weight': 8}. Best is trial 131 with value: 0.6177846897674484.
[I 2026-05-22 17:57:25,949] Trial 177 finished with value: 0.43374770185115014 and parameters: {'n_estimators': 130, 'learning_rate': 0.09208420644826416, 'subsample': 0.6952731124186906, 'colsample_bytree': 0.639776557103738, 'min_child_weight': 3}. Best is trial 131 with value: 0.6177846897674484.
[I 2026-05-22 17:57:26,591] Trial 178 finished with value: 0.45951152933911554 and parameters: {'n_estimators': 375, 'learning_rate': 0.1836400661900525, 'subsample': 0.9320879458267967, 'colsample_bytree': 0.7588734118473819, 'min_child_weight': 7}. Best is trial 131 with value: 0.6177846897674484.
[I 2026-05-22 17:57:27,147] Trial 179 finished with value: 0.5785742354707872 and parameters: {'n_estimators': 142, 'learning_rate': 0.027102836372426303, 'subsample': 0.9585343274084479, 'colsample_bytree': 0.6052007694042943, 'min_child_weight': 1}. Best is trial 131 with value: 0.6177846897674484.
[I 2026-05-22 17:57:27,703] Trial 180 finished with value: 0.5837557716868061 and parameters: {'n_estimators': 143, 'learning_rate': 0.01094438298606279, 'subsample': 0.6725741740359189, 'colsample_bytree': 0.8332166243878769, 'min_child_weight': 5}. Best is trial 131 with value: 0.6177846897674484.
[I 2026-05-22 17:57:28,374] Trial 181 finished with value: 0.44358079659803795 and parameters: {'n_estimators': 452, 'learning_rate': 0.1612364618828189, 'subsample': 0.7367269406791503, 'colsample_bytree': 0.703769373372517, 'min_child_weight': 4}. Best is trial 131 with value: 0.6177846897674484.
[I 2026-05-22 17:57:29,078] Trial 182 finished with value: 0.45898663915905297 and parameters: {'n_estimators': 316, 'learning_rate': 0.024886424308080555, 'subsample': 0.8496595631396536, 'colsample_bytree': 0.7637646608764962, 'min_child_weight': 6}. Best is trial 131 with value: 0.6177846897674484.
[I 2026-05-22 17:57:29,710] Trial 183 finished with value: 0.48687809636085494 and parameters: {'n_estimators': 246, 'learning_rate': 0.02722460781358145, 'subsample': 0.9793813227848627, 'colsample_bytree': 0.9054423176639044, 'min_child_weight': 2}. Best is trial 131 with value: 0.6177846897674484.
[I 2026-05-22 17:57:30,378] Trial 184 finished with value: 0.4661801959215753 and parameters: {'n_estimators': 441, 'learning_rate': 0.05248013978512199, 'subsample': 0.9578208907576365, 'colsample_bytree': 0.919942102378926, 'min_child_weight': 5}. Best is trial 131 with value: 0.6177846897674484.
[I 2026-05-22 17:57:30,681] Trial 185 finished with value: 0.5945008455784319 and parameters: {'n_estimators': 60, 'learning_rate': 0.024938425936488588, 'subsample': 0.8166536858643467, 'colsample_bytree': 0.8533912879304588, 'min_child_weight': 3}. Best is trial 131 with value: 0.6177846897674484.
[I 2026-05-22 17:57:31,212] Trial 186 finished with value: 0.45210956029921545 and parameters: {'n_estimators': 112, 'learning_rate': 0.17111701629080409, 'subsample': 0.9937608722814208, 'colsample_bytree': 0.8102760729210743, 'min_child_weight': 2}. Best is trial 131 with value: 0.6177846897674484.
[I 2026-05-22 17:57:31,814] Trial 187 finished with value: 0.5771735926908341 and parameters: {'n_estimators': 172, 'learning_rate': 0.01064548026606399, 'subsample': 0.9657195226241996, 'colsample_bytree': 0.6471004331560565, 'min_child_weight': 6}. Best is trial 131 with value: 0.6177846897674484.
[I 2026-05-22 17:57:32,274] Trial 188 finished with value: 0.4632283903835628 and parameters: {'n_estimators': 173, 'learning_rate': 0.06585490178883348, 'subsample': 0.8605681553407456, 'colsample_bytree': 0.9318967214828806, 'min_child_weight': 3}. Best is trial 131 with value: 0.6177846897674484.
[I 2026-05-22 17:57:32,654] Trial 189 finished with value: 0.6488503115658288 and parameters: {'n_estimators': 54, 'learning_rate': 0.01592929934470225, 'subsample': 0.960007456739242, 'colsample_bytree': 0.9495560310250061, 'min_child_weight': 6}. Best is trial 189 with value: 0.6488503115658288.
[I 2026-05-22 17:57:33,375] Trial 190 finished with value: 0.4108619987930333 and parameters: {'n_estimators': 320, 'learning_rate': 0.09601515937619896, 'subsample': 0.6701485114493798, 'colsample_bytree': 0.9657647783699839, 'min_child_weight': 5}. Best is trial 189 with value: 0.6488503115658288.
[I 2026-05-22 17:57:34,016] Trial 191 finished with value: 0.4929273153411085 and parameters: {'n_estimators': 222, 'learning_rate': 0.058412308727041146, 'subsample': 0.618786386710022, 'colsample_bytree': 0.6665133475024317, 'min_child_weight': 8}. Best is trial 189 with value: 0.6488503115658288.
[I 2026-05-22 17:57:34,437] Trial 192 finished with value: 0.4676669754255961 and parameters: {'n_estimators': 87, 'learning_rate': 0.07779090083180924, 'subsample': 0.6981396438725284, 'colsample_bytree': 0.7557182456167906, 'min_child_weight': 3}. Best is trial 189 with value: 0.6488503115658288.
[I 2026-05-22 17:57:35,049] Trial 193 finished with value: 0.4202221309979931 and parameters: {'n_estimators': 210, 'learning_rate': 0.11537666720139932, 'subsample': 0.71884868624927, 'colsample_bytree': 0.8265618561187589, 'min_child_weight': 5}. Best is trial 189 with value: 0.6488503115658288.
[I 2026-05-22 17:57:35,746] Trial 194 finished with value: 0.5956679017023845 and parameters: {'n_estimators': 349, 'learning_rate': 0.24199763404822136, 'subsample': 0.8930288388841001, 'colsample_bytree': 0.6859761514363028, 'min_child_weight': 1}. Best is trial 189 with value: 0.6488503115658288.
[I 2026-05-22 17:57:36,213] Trial 195 finished with value: 0.4837919105160484 and parameters: {'n_estimators': 168, 'learning_rate': 0.07568368328637066, 'subsample': 0.6205703253937002, 'colsample_bytree': 0.7985464988804946, 'min_child_weight': 6}. Best is trial 189 with value: 0.6488503115658288.
[I 2026-05-22 17:57:36,838] Trial 196 finished with value: 0.44703100220341596 and parameters: {'n_estimators': 200, 'learning_rate': 0.13763560673020894, 'subsample': 0.6426393012535087, 'colsample_bytree': 0.6300551126943235, 'min_child_weight': 8}. Best is trial 189 with value: 0.6488503115658288.
[I 2026-05-22 17:57:37,507] Trial 197 finished with value: 0.49129685767616804 and parameters: {'n_estimators': 273, 'learning_rate': 0.10395701758431695, 'subsample': 0.7739309354414985, 'colsample_bytree': 0.6985608132956427, 'min_child_weight': 9}. Best is trial 189 with value: 0.6488503115658288.
[I 2026-05-22 17:57:38,179] Trial 198 finished with value: 0.41554250347353794 and parameters: {'n_estimators': 410, 'learning_rate': 0.10620645735874883, 'subsample': 0.7088580548919851, 'colsample_bytree': 0.8360922667476348, 'min_child_weight': 4}. Best is trial 189 with value: 0.6488503115658288.
[I 2026-05-22 17:57:38,699] Trial 199 finished with value: 0.5046468218882012 and parameters: {'n_estimators': 91, 'learning_rate': 0.22645576413554422, 'subsample': 0.6547274523675846, 'colsample_bytree': 0.980094941528321, 'min_child_weight': 5}. Best is trial 189 with value: 0.6488503115658288.
[I 2026-05-22 17:57:39,146] Trial 200 finished with value: 0.48609549773342875 and parameters: {'n_estimators': 133, 'learning_rate': 0.06316164135709629, 'subsample': 0.9491783343505633, 'colsample_bytree': 0.8928899545638245, 'min_child_weight': 9}. Best is trial 189 with value: 0.6488503115658288.
[I 2026-05-22 17:57:39,824] Trial 201 finished with value: 0.4332814056951987 and parameters: {'n_estimators': 347, 'learning_rate': 0.10533590420371362, 'subsample': 0.9396782606261277, 'colsample_bytree': 0.6998672035436744, 'min_child_weight': 5}. Best is trial 189 with value: 0.6488503115658288.
[I 2026-05-22 17:57:40,370] Trial 202 finished with value: 0.3535475699268803 and parameters: {'n_estimators': 149, 'learning_rate': 0.2876771762794441, 'subsample': 0.9776237358746453, 'colsample_bytree': 0.6157707245474023, 'min_child_weight': 8}. Best is trial 189 with value: 0.6488503115658288.
[I 2026-05-22 17:57:41,202] Trial 203 finished with value: 0.49077828301966236 and parameters: {'n_estimators': 467, 'learning_rate': 0.018481264404573195, 'subsample': 0.8271780922210518, 'colsample_bytree': 0.9661953190352167, 'min_child_weight': 1}. Best is trial 189 with value: 0.6488503115658288.
[I 2026-05-22 17:57:41,825] Trial 204 finished with value: 0.6081273770928943 and parameters: {'n_estimators': 364, 'learning_rate': 0.027492899141939076, 'subsample': 0.9697584781506121, 'colsample_bytree': 0.9884232980661471, 'min_child_weight': 10}. Best is trial 189 with value: 0.6488503115658288.
[I 2026-05-22 17:57:42,463] Trial 205 finished with value: 0.3784335396404362 and parameters: {'n_estimators': 263, 'learning_rate': 0.18764695537323295, 'subsample': 0.9378197594140282, 'colsample_bytree': 0.7276401892973022, 'min_child_weight': 9}. Best is trial 189 with value: 0.6488503115658288.
[I 2026-05-22 17:57:42,963] Trial 206 finished with value: 0.604857163908888 and parameters: {'n_estimators': 66, 'learning_rate': 0.07599113148200978, 'subsample': 0.6920035349150813, 'colsample_bytree': 0.6482267543109115, 'min_child_weight': 1}. Best is trial 189 with value: 0.6488503115658288.
[I 2026-05-22 17:57:43,596] Trial 207 finished with value: 0.48167989417989415 and parameters: {'n_estimators': 364, 'learning_rate': 0.03177141321100769, 'subsample': 0.8899067086115046, 'colsample_bytree': 0.626142536319577, 'min_child_weight': 4}. Best is trial 189 with value: 0.6488503115658288.
[I 2026-05-22 17:57:44,188] Trial 208 finished with value: 0.39833059660645864 and parameters: {'n_estimators': 293, 'learning_rate': 0.1472292139391591, 'subsample': 0.727501001172828, 'colsample_bytree': 0.8503565505748036, 'min_child_weight': 9}. Best is trial 189 with value: 0.6488503115658288.
[I 2026-05-22 17:57:44,835] Trial 209 finished with value: 0.47775251568355015 and parameters: {'n_estimators': 327, 'learning_rate': 0.022085609631954523, 'subsample': 0.6097603126226152, 'colsample_bytree': 0.948039549560372, 'min_child_weight': 1}. Best is trial 189 with value: 0.6488503115658288.
[I 2026-05-22 17:57:45,509] Trial 210 finished with value: 0.4594880215569871 and parameters: {'n_estimators': 444, 'learning_rate': 0.06043719268200286, 'subsample': 0.9756270794051585, 'colsample_bytree': 0.9195132943094662, 'min_child_weight': 10}. Best is trial 189 with value: 0.6488503115658288.
[I 2026-05-22 17:57:46,015] Trial 211 finished with value: 0.4217268044854251 and parameters: {'n_estimators': 208, 'learning_rate': 0.13590333929311196, 'subsample': 0.7607723654436969, 'colsample_bytree': 0.7919502481215636, 'min_child_weight': 7}. Best is trial 189 with value: 0.6488503115658288.
[I 2026-05-22 17:57:46,726] Trial 212 finished with value: 0.4578977376391169 and parameters: {'n_estimators': 444, 'learning_rate': 0.284191188830683, 'subsample': 0.9073093655458073, 'colsample_bytree': 0.7671067128669335, 'min_child_weight': 5}. Best is trial 189 with value: 0.6488503115658288.
[I 2026-05-22 17:57:47,383] Trial 213 finished with value: 0.46100216832975455 and parameters: {'n_estimators': 382, 'learning_rate': 0.02252697085449845, 'subsample': 0.6441896452525578, 'colsample_bytree': 0.7418488630563106, 'min_child_weight': 3}. Best is trial 189 with value: 0.6488503115658288.
[I 2026-05-22 17:57:47,980] Trial 214 finished with value: 0.5912431757259344 and parameters: {'n_estimators': 183, 'learning_rate': 0.022134360263848504, 'subsample': 0.6168372758545447, 'colsample_bytree': 0.6071495738933655, 'min_child_weight': 10}. Best is trial 189 with value: 0.6488503115658288.
[I 2026-05-22 17:57:48,507] Trial 215 finished with value: 0.5108046327873914 and parameters: {'n_estimators': 242, 'learning_rate': 0.03695702972706243, 'subsample': 0.8718589130772278, 'colsample_bytree': 0.6873015551460256, 'min_child_weight': 10}. Best is trial 189 with value: 0.6488503115658288.
[I 2026-05-22 17:57:49,141] Trial 216 finished with value: 0.5739753063028925 and parameters: {'n_estimators': 404, 'learning_rate': 0.01355410644318373, 'subsample': 0.7670323103139713, 'colsample_bytree': 0.9516473230248659, 'min_child_weight': 10}. Best is trial 189 with value: 0.6488503115658288.
