[I 2026-05-22 18:11:56,664] Trial 436 finished with value: 0.5202570237277823 and parameters: {'n_estimators': 187, 'learning_rate': 0.020611116973351568, 'subsample': 0.6132757418249705, 'colsample_bytree': 0.7215785604962895, 'min_child_weight': 7}. Best is trial 202 with value: 0.6077286428398467.
[I 2026-05-22 18:11:57,364] Trial 437 finished with value: 0.47351144926032235 and parameters: {'n_estimators': 473, 'learning_rate': 0.19358631724539005, 'subsample': 0.906425910614121, 'colsample_bytree': 0.9153789373013195, 'min_child_weight': 7}. Best is trial 202 with value: 0.6077286428398467.
[I 2026-05-22 18:11:57,841] Trial 438 finished with value: 0.48216362422410725 and parameters: {'n_estimators': 167, 'learning_rate': 0.21879483321711532, 'subsample': 0.8682929247623337, 'colsample_bytree': 0.824176252392176, 'min_child_weight': 2}. Best is trial 202 with value: 0.6077286428398467.
[I 2026-05-22 18:11:58,344] Trial 439 finished with value: 0.5502598432174215 and parameters: {'n_estimators': 251, 'learning_rate': 0.04786355886562226, 'subsample': 0.945825443809068, 'colsample_bytree': 0.8186592880751153, 'min_child_weight': 4}. Best is trial 202 with value: 0.6077286428398467.
[I 2026-05-22 18:11:59,207] Trial 440 finished with value: 0.5287282680135771 and parameters: {'n_estimators': 490, 'learning_rate': 0.01457295895607814, 'subsample': 0.7690193713247778, 'colsample_bytree': 0.6168098700685621, 'min_child_weight': 8}. Best is trial 202 with value: 0.6077286428398467.
[I 2026-05-22 18:11:59,890] Trial 441 finished with value: 0.5564298153210594 and parameters: {'n_estimators': 464, 'learning_rate': 0.025920841209530192, 'subsample': 0.9433366707196483, 'colsample_bytree': 0.7168872921847591, 'min_child_weight': 10}. Best is trial 202 with value: 0.6077286428398467.
[I 2026-05-22 18:12:00,620] Trial 442 finished with value: 0.47590824290827277 and parameters: {'n_estimators': 390, 'learning_rate': 0.15450584307359988, 'subsample': 0.6072026222401817, 'colsample_bytree': 0.9851241428296104, 'min_child_weight': 8}. Best is trial 202 with value: 0.6077286428398467.
[I 2026-05-22 18:12:01,202] Trial 443 finished with value: 0.38075092249436226 and parameters: {'n_estimators': 187, 'learning_rate': 0.16792543733160814, 'subsample': 0.7126084793659719, 'colsample_bytree': 0.9491015358264512, 'min_child_weight': 2}. Best is trial 202 with value: 0.6077286428398467.
[I 2026-05-22 18:12:01,984] Trial 444 finished with value: 0.5284661265567018 and parameters: {'n_estimators': 367, 'learning_rate': 0.06290384785668314, 'subsample': 0.6386137880781763, 'colsample_bytree': 0.6967575313035356, 'min_child_weight': 1}. Best is trial 202 with value: 0.6077286428398467.
[I 2026-05-22 18:12:02,623] Trial 445 finished with value: 0.5683602938145136 and parameters: {'n_estimators': 261, 'learning_rate': 0.027861552979882055, 'subsample': 0.8393429937191035, 'colsample_bytree': 0.7188951230834468, 'min_child_weight': 3}. Best is trial 202 with value: 0.6077286428398467.
[I 2026-05-22 18:12:03,392] Trial 446 finished with value: 0.566647200341561 and parameters: {'n_estimators': 385, 'learning_rate': 0.011779118917765358, 'subsample': 0.9611579980767949, 'colsample_bytree': 0.9409055497564726, 'min_child_weight': 7}. Best is trial 202 with value: 0.6077286428398467.
[I 2026-05-22 18:12:03,985] Trial 447 finished with value: 0.5337311419975539 and parameters: {'n_estimators': 317, 'learning_rate': 0.20798833851902154, 'subsample': 0.6741320718114857, 'colsample_bytree': 0.6315876648763314, 'min_child_weight': 3}. Best is trial 202 with value: 0.6077286428398467.
[I 2026-05-22 18:12:04,787] Trial 448 finished with value: 0.5409523619978287 and parameters: {'n_estimators': 408, 'learning_rate': 0.011251545684671009, 'subsample': 0.8331227340333959, 'colsample_bytree': 0.998175006476524, 'min_child_weight': 9}. Best is trial 202 with value: 0.6077286428398467.
[I 2026-05-22 18:12:05,357] Trial 449 finished with value: 0.5635302284829109 and parameters: {'n_estimators': 285, 'learning_rate': 0.01241667574162566, 'subsample': 0.9325494057542839, 'colsample_bytree': 0.8395914032708842, 'min_child_weight': 2}. Best is trial 202 with value: 0.6077286428398467.
[I 2026-05-22 18:12:05,851] Trial 450 finished with value: 0.46363970049912073 and parameters: {'n_estimators': 92, 'learning_rate': 0.22061198833242798, 'subsample': 0.8676801051752314, 'colsample_bytree': 0.9317147197267022, 'min_child_weight': 9}. Best is trial 202 with value: 0.6077286428398467.
[I 2026-05-22 18:12:06,437] Trial 451 finished with value: 0.5343168376604207 and parameters: {'n_estimators': 307, 'learning_rate': 0.0581207224960615, 'subsample': 0.772170964128396, 'colsample_bytree': 0.7267786351164477, 'min_child_weight': 5}. Best is trial 202 with value: 0.6077286428398467.
[I 2026-05-22 18:12:07,209] Trial 452 finished with value: 0.5611394244734544 and parameters: {'n_estimators': 399, 'learning_rate': 0.07746649269331939, 'subsample': 0.9570093159819384, 'colsample_bytree': 0.7773520057516751, 'min_child_weight': 7}. Best is trial 202 with value: 0.6077286428398467.
[I 2026-05-22 18:12:07,910] Trial 453 finished with value: 0.4557479821694527 and parameters: {'n_estimators': 334, 'learning_rate': 0.0748184065939263, 'subsample': 0.8810535092342064, 'colsample_bytree': 0.6949733873499225, 'min_child_weight': 6}. Best is trial 202 with value: 0.6077286428398467.
[I 2026-05-22 18:12:08,325] Trial 454 finished with value: 0.5232863355211625 and parameters: {'n_estimators': 97, 'learning_rate': 0.036980251015176706, 'subsample': 0.7950668274485058, 'colsample_bytree': 0.860889703818189, 'min_child_weight': 10}. Best is trial 202 with value: 0.6077286428398467.
[I 2026-05-22 18:12:09,074] Trial 455 finished with value: 0.39605696032480525 and parameters: {'n_estimators': 320, 'learning_rate': 0.1254233448202614, 'subsample': 0.8025064237980811, 'colsample_bytree': 0.8536416125505325, 'min_child_weight': 1}. Best is trial 202 with value: 0.6077286428398467.
[I 2026-05-22 18:12:09,659] Trial 456 finished with value: 0.5574327291095957 and parameters: {'n_estimators': 164, 'learning_rate': 0.034237409324173344, 'subsample': 0.7889973420026054, 'colsample_bytree': 0.6182594982009535, 'min_child_weight': 2}. Best is trial 202 with value: 0.6077286428398467.
[I 2026-05-22 18:12:10,243] Trial 457 finished with value: 0.46116531639175457 and parameters: {'n_estimators': 174, 'learning_rate': 0.27231501443854883, 'subsample': 0.7325388028412203, 'colsample_bytree': 0.792816423244833, 'min_child_weight': 2}. Best is trial 202 with value: 0.6077286428398467.
[I 2026-05-22 18:12:11,012] Trial 458 finished with value: 0.5598990575322784 and parameters: {'n_estimators': 325, 'learning_rate': 0.025977846332749535, 'subsample': 0.6827970313753707, 'colsample_bytree': 0.8066290513783916, 'min_child_weight': 1}. Best is trial 202 with value: 0.6077286428398467.
[I 2026-05-22 18:12:11,519] Trial 459 finished with value: 0.49688930209812676 and parameters: {'n_estimators': 53, 'learning_rate': 0.021066442106264575, 'subsample': 0.6146885450003284, 'colsample_bytree': 0.6432103016522766, 'min_child_weight': 4}. Best is trial 202 with value: 0.6077286428398467.
[I 2026-05-22 18:12:12,299] Trial 460 finished with value: 0.47103752953948497 and parameters: {'n_estimators': 411, 'learning_rate': 0.0699818162890777, 'subsample': 0.8050670903825665, 'colsample_bytree': 0.7173955292832487, 'min_child_weight': 10}. Best is trial 202 with value: 0.6077286428398467.
[I 2026-05-22 18:12:12,834] Trial 461 finished with value: 0.5293380549122854 and parameters: {'n_estimators': 229, 'learning_rate': 0.013447655564488178, 'subsample': 0.8468266064471205, 'colsample_bytree': 0.6455353573906405, 'min_child_weight': 4}. Best is trial 202 with value: 0.6077286428398467.
[I 2026-05-22 18:12:13,488] Trial 462 finished with value: 0.41937890671090655 and parameters: {'n_estimators': 278, 'learning_rate': 0.19558370667886593, 'subsample': 0.7974186321360475, 'colsample_bytree': 0.8809035064126657, 'min_child_weight': 10}. Best is trial 202 with value: 0.6077286428398467.
[I 2026-05-22 18:12:13,946] Trial 463 finished with value: 0.5336271999719473 and parameters: {'n_estimators': 109, 'learning_rate': 0.025457266891510556, 'subsample': 0.7578304302390586, 'colsample_bytree': 0.7687312714155325, 'min_child_weight': 5}. Best is trial 202 with value: 0.6077286428398467.
[I 2026-05-22 18:12:14,760] Trial 464 finished with value: 0.4800748989130038 and parameters: {'n_estimators': 459, 'learning_rate': 0.11342604671636315, 'subsample': 0.8431620856362815, 'colsample_bytree': 0.7237490871451129, 'min_child_weight': 9}. Best is trial 202 with value: 0.6077286428398467.
[I 2026-05-22 18:12:15,633] Trial 465 finished with value: 0.5914031912831805 and parameters: {'n_estimators': 480, 'learning_rate': 0.16330874355333033, 'subsample': 0.6006260420765891, 'colsample_bytree': 0.8545605480733628, 'min_child_weight': 1}. Best is trial 202 with value: 0.6077286428398467.
[I 2026-05-22 18:12:16,218] Trial 466 finished with value: 0.5343958923589935 and parameters: {'n_estimators': 166, 'learning_rate': 0.012244052978408184, 'subsample': 0.8415181811797551, 'colsample_bytree': 0.8746359653970427, 'min_child_weight': 2}. Best is trial 202 with value: 0.6077286428398467.
[I 2026-05-22 18:12:16,817] Trial 467 finished with value: 0.592869913486685 and parameters: {'n_estimators': 223, 'learning_rate': 0.04719724454824646, 'subsample': 0.7476212087043667, 'colsample_bytree': 0.6484100001940772, 'min_child_weight': 5}. Best is trial 202 with value: 0.6077286428398467.
[I 2026-05-22 18:12:17,457] Trial 468 finished with value: 0.562677586384187 and parameters: {'n_estimators': 388, 'learning_rate': 0.012731715650031412, 'subsample': 0.6320720056327613, 'colsample_bytree': 0.7419085167343937, 'min_child_weight': 10}. Best is trial 202 with value: 0.6077286428398467.
[I 2026-05-22 18:12:18,185] Trial 469 finished with value: 0.47921168965143046 and parameters: {'n_estimators': 351, 'learning_rate': 0.1005721693369172, 'subsample': 0.744767996335146, 'colsample_bytree': 0.8374643164834153, 'min_child_weight': 1}. Best is trial 202 with value: 0.6077286428398467.
[I 2026-05-22 18:12:18,918] Trial 470 finished with value: 0.4686975805935713 and parameters: {'n_estimators': 336, 'learning_rate': 0.22337551249364163, 'subsample': 0.8450293873379277, 'colsample_bytree': 0.9494794373865381, 'min_child_weight': 8}. Best is trial 202 with value: 0.6077286428398467.
[I 2026-05-22 18:12:19,331] Trial 471 finished with value: 0.45946111260378214 and parameters: {'n_estimators': 104, 'learning_rate': 0.215294513028138, 'subsample': 0.62657753774231, 'colsample_bytree': 0.8135869890191055, 'min_child_weight': 2}. Best is trial 202 with value: 0.6077286428398467.
[I 2026-05-22 18:12:19,723] Trial 472 finished with value: 0.5580121934634279 and parameters: {'n_estimators': 55, 'learning_rate': 0.04201416878899634, 'subsample': 0.7180162830616625, 'colsample_bytree': 0.7944001975190412, 'min_child_weight': 6}. Best is trial 202 with value: 0.6077286428398467.
[I 2026-05-22 18:12:20,129] Trial 473 finished with value: 0.5091056247159779 and parameters: {'n_estimators': 69, 'learning_rate': 0.015194652827633496, 'subsample': 0.8234569585801701, 'colsample_bytree': 0.7372669412690633, 'min_child_weight': 8}. Best is trial 202 with value: 0.6077286428398467.
[I 2026-05-22 18:12:20,859] Trial 474 finished with value: 0.4825799135767193 and parameters: {'n_estimators': 344, 'learning_rate': 0.17744353370227875, 'subsample': 0.87699713066769, 'colsample_bytree': 0.7719724309560593, 'min_child_weight': 7}. Best is trial 202 with value: 0.6077286428398467.
[I 2026-05-22 18:12:21,356] Trial 475 finished with value: 0.5755049848102958 and parameters: {'n_estimators': 174, 'learning_rate': 0.028344067896520723, 'subsample': 0.9155940639683173, 'colsample_bytree': 0.7785678065606328, 'min_child_weight': 8}. Best is trial 202 with value: 0.6077286428398467.
[I 2026-05-22 18:12:22,001] Trial 476 finished with value: 0.5136657487924765 and parameters: {'n_estimators': 420, 'learning_rate': 0.18480918686773107, 'subsample': 0.966654094336483, 'colsample_bytree': 0.7723940882053185, 'min_child_weight': 4}. Best is trial 202 with value: 0.6077286428398467.
[I 2026-05-22 18:12:22,687] Trial 477 finished with value: 0.56058291882097 and parameters: {'n_estimators': 312, 'learning_rate': 0.03534001063181978, 'subsample': 0.8404296667200932, 'colsample_bytree': 0.8822343450575298, 'min_child_weight': 7}. Best is trial 202 with value: 0.6077286428398467.
[I 2026-05-22 18:12:23,125] Trial 478 finished with value: 0.5358052107011715 and parameters: {'n_estimators': 218, 'learning_rate': 0.017638950866389155, 'subsample': 0.772211735384883, 'colsample_bytree': 0.6570376576327634, 'min_child_weight': 9}. Best is trial 202 with value: 0.6077286428398467.
[I 2026-05-22 18:12:23,689] Trial 479 finished with value: 0.5099679431135979 and parameters: {'n_estimators': 205, 'learning_rate': 0.016910473789524524, 'subsample': 0.6101791039623004, 'colsample_bytree': 0.8583289545145937, 'min_child_weight': 7}. Best is trial 202 with value: 0.6077286428398467.
[I 2026-05-22 18:12:24,304] Trial 480 finished with value: 0.5143556755378709 and parameters: {'n_estimators': 203, 'learning_rate': 0.01276224728057398, 'subsample': 0.7638515579580928, 'colsample_bytree': 0.7244869980253574, 'min_child_weight': 7}. Best is trial 202 with value: 0.6077286428398467.
[I 2026-05-22 18:12:24,996] Trial 481 finished with value: 0.552586362863104 and parameters: {'n_estimators': 323, 'learning_rate': 0.034558043364063346, 'subsample': 0.687157021701996, 'colsample_bytree': 0.9952143864622367, 'min_child_weight': 5}. Best is trial 202 with value: 0.6077286428398467.
[I 2026-05-22 18:12:25,781] Trial 482 finished with value: 0.5415781181067625 and parameters: {'n_estimators': 360, 'learning_rate': 0.016129235233041137, 'subsample': 0.7942358798637591, 'colsample_bytree': 0.6110146879477861, 'min_child_weight': 6}. Best is trial 202 with value: 0.6077286428398467.
[I 2026-05-22 18:12:26,641] Trial 483 finished with value: 0.5442678069725269 and parameters: {'n_estimators': 484, 'learning_rate': 0.036941957297335196, 'subsample': 0.6155984050299647, 'colsample_bytree': 0.6123823163677374, 'min_child_weight': 4}. Best is trial 202 with value: 0.6077286428398467.
[I 2026-05-22 18:12:27,084] Trial 484 finished with value: 0.5077417120035862 and parameters: {'n_estimators': 122, 'learning_rate': 0.010826644528932216, 'subsample': 0.9024854455800707, 'colsample_bytree': 0.7834092035527562, 'min_child_weight': 3}. Best is trial 202 with value: 0.6077286428398467.
[I 2026-05-22 18:12:27,755] Trial 485 finished with value: 0.5534165532947514 and parameters: {'n_estimators': 455, 'learning_rate': 0.01484401302025239, 'subsample': 0.9823675315821276, 'colsample_bytree': 0.7255866869509411, 'min_child_weight': 9}. Best is trial 202 with value: 0.6077286428398467.
[I 2026-05-22 18:12:28,331] Trial 486 finished with value: 0.5319677336657962 and parameters: {'n_estimators': 321, 'learning_rate': 0.1663975825517907, 'subsample': 0.9936052652841857, 'colsample_bytree': 0.7153621751274983, 'min_child_weight': 10}. Best is trial 202 with value: 0.6077286428398467.
[I 2026-05-22 18:12:28,884] Trial 487 finished with value: 0.5423119625495958 and parameters: {'n_estimators': 225, 'learning_rate': 0.03710631511959666, 'subsample': 0.7361548417018022, 'colsample_bytree': 0.816563042939034, 'min_child_weight': 2}. Best is trial 202 with value: 0.6077286428398467.
[I 2026-05-22 18:12:29,577] Trial 488 finished with value: 0.5491436475476837 and parameters: {'n_estimators': 299, 'learning_rate': 0.06311952067227176, 'subsample': 0.904760725041948, 'colsample_bytree': 0.9334599847750342, 'min_child_weight': 5}. Best is trial 202 with value: 0.6077286428398467.
[I 2026-05-22 18:12:30,152] Trial 489 finished with value: 0.5535667586436313 and parameters: {'n_estimators': 186, 'learning_rate': 0.024158451240371123, 'subsample': 0.6778495346819488, 'colsample_bytree': 0.62305903287961, 'min_child_weight': 4}. Best is trial 202 with value: 0.6077286428398467.
[I 2026-05-22 18:12:30,713] Trial 490 finished with value: 0.42162360903203366 and parameters: {'n_estimators': 171, 'learning_rate': 0.26761821003465075, 'subsample': 0.8230835305000176, 'colsample_bytree': 0.7389108156122031, 'min_child_weight': 6}. Best is trial 202 with value: 0.6077286428398467.
[I 2026-05-22 18:12:31,150] Trial 491 finished with value: 0.5905283297106446 and parameters: {'n_estimators': 112, 'learning_rate': 0.04528000435725376, 'subsample': 0.8504937285684255, 'colsample_bytree': 0.7955591327169805, 'min_child_weight': 5}. Best is trial 202 with value: 0.6077286428398467.
[I 2026-05-22 18:12:31,903] Trial 492 finished with value: 0.5070113457210809 and parameters: {'n_estimators': 498, 'learning_rate': 0.19967865653201164, 'subsample': 0.849362383263776, 'colsample_bytree': 0.8277509444729131, 'min_child_weight': 7}. Best is trial 202 with value: 0.6077286428398467.
[I 2026-05-22 18:12:32,443] Trial 493 finished with value: 0.533890255985966 and parameters: {'n_estimators': 140, 'learning_rate': 0.038341258077311625, 'subsample': 0.6157838131563597, 'colsample_bytree': 0.7902184149947307, 'min_child_weight': 6}. Best is trial 202 with value: 0.6077286428398467.
[I 2026-05-22 18:12:32,900] Trial 494 finished with value: 0.4510349043340057 and parameters: {'n_estimators': 152, 'learning_rate': 0.2654529159286528, 'subsample': 0.9637818443748968, 'colsample_bytree': 0.8888572941823623, 'min_child_weight': 6}. Best is trial 202 with value: 0.6077286428398467.
[I 2026-05-22 18:12:33,729] Trial 495 finished with value: 0.5462982849447309 and parameters: {'n_estimators': 442, 'learning_rate': 0.015595142736302707, 'subsample': 0.916203917709954, 'colsample_bytree': 0.6499283255867393, 'min_child_weight': 8}. Best is trial 202 with value: 0.6077286428398467.
[I 2026-05-22 18:12:34,232] Trial 496 finished with value: 0.5213425983184469 and parameters: {'n_estimators': 174, 'learning_rate': 0.1975009275199412, 'subsample': 0.9776168375301592, 'colsample_bytree': 0.6595183877620462, 'min_child_weight': 5}. Best is trial 202 with value: 0.6077286428398467.
[I 2026-05-22 18:12:34,998] Trial 497 finished with value: 0.5318971658679692 and parameters: {'n_estimators': 492, 'learning_rate': 0.05176680938836045, 'subsample': 0.9454190090058181, 'colsample_bytree': 0.835492608852528, 'min_child_weight': 4}. Best is trial 202 with value: 0.6077286428398467.
[I 2026-05-22 18:12:35,607] Trial 498 finished with value: 0.55348128782914 and parameters: {'n_estimators': 178, 'learning_rate': 0.01996113111347245, 'subsample': 0.9047192765510789, 'colsample_bytree': 0.7546162027292111, 'min_child_weight': 6}. Best is trial 202 with value: 0.6077286428398467.
[I 2026-05-22 18:12:36,164] Trial 499 finished with value: 0.5615630492377663 and parameters: {'n_estimators': 272, 'learning_rate': 0.07123790253213053, 'subsample': 0.9462308582498209, 'colsample_bytree': 0.9922957374333717, 'min_child_weight': 5}. Best is trial 202 with value: 0.6077286428398467.
Building variant 'HP020'...
Saved /home/mklemmingen/PycharmProjects/migraine-forecasting-shd/experiment/0/headache/full_features/stacked_2xgb_meta_lr/80_20/patient/HyperparameterTuned/single_AUROC/HP020/model.joblib

# End capture ------------------------------------------
# Finished: 2026-05-22T18:12:36
