[I 2026-05-22 18:10:27,311] Trial 290 finished with value: 0.5566277766641978 and parameters: {'n_estimators': 274, 'learning_rate': 0.08177777509881522, 'subsample': 0.9475619937914873, 'colsample_bytree': 0.8282438986555318, 'min_child_weight': 1}. Best is trial 202 with value: 0.6077286428398467.
[I 2026-05-22 18:10:28,114] Trial 291 finished with value: 0.5581015120520151 and parameters: {'n_estimators': 469, 'learning_rate': 0.1043553261250046, 'subsample': 0.8706053543108986, 'colsample_bytree': 0.6862700609590868, 'min_child_weight': 7}. Best is trial 202 with value: 0.6077286428398467.
[I 2026-05-22 18:10:28,631] Trial 292 finished with value: 0.48459375892937107 and parameters: {'n_estimators': 227, 'learning_rate': 0.09161151646334173, 'subsample': 0.6426372121231962, 'colsample_bytree': 0.8631381218412144, 'min_child_weight': 10}. Best is trial 202 with value: 0.6077286428398467.
[I 2026-05-22 18:10:29,115] Trial 293 finished with value: 0.4278051339352351 and parameters: {'n_estimators': 71, 'learning_rate': 0.2775906009459129, 'subsample': 0.7627631842891482, 'colsample_bytree': 0.9483013801349036, 'min_child_weight': 8}. Best is trial 202 with value: 0.6077286428398467.
[I 2026-05-22 18:10:29,798] Trial 294 finished with value: 0.5219641654713452 and parameters: {'n_estimators': 305, 'learning_rate': 0.12324775650896964, 'subsample': 0.9514062245205391, 'colsample_bytree': 0.7616561286604132, 'min_child_weight': 4}. Best is trial 202 with value: 0.6077286428398467.
[I 2026-05-22 18:10:30,455] Trial 295 finished with value: 0.499917263379663 and parameters: {'n_estimators': 351, 'learning_rate': 0.15605813459825824, 'subsample': 0.9049140539106463, 'colsample_bytree': 0.9191254595434538, 'min_child_weight': 5}. Best is trial 202 with value: 0.6077286428398467.
[I 2026-05-22 18:10:31,232] Trial 296 finished with value: 0.5383717565799543 and parameters: {'n_estimators': 418, 'learning_rate': 0.01505093051273995, 'subsample': 0.8177956391843398, 'colsample_bytree': 0.6023034641992486, 'min_child_weight': 4}. Best is trial 202 with value: 0.6077286428398467.
[I 2026-05-22 18:10:31,852] Trial 297 finished with value: 0.5679179609071838 and parameters: {'n_estimators': 215, 'learning_rate': 0.03847645956359465, 'subsample': 0.8781868826759449, 'colsample_bytree': 0.7554232405081382, 'min_child_weight': 5}. Best is trial 202 with value: 0.6077286428398467.
[I 2026-05-22 18:10:32,429] Trial 298 finished with value: 0.5450054138939711 and parameters: {'n_estimators': 157, 'learning_rate': 0.03559083316675368, 'subsample': 0.6909078509052606, 'colsample_bytree': 0.6292783695073775, 'min_child_weight': 7}. Best is trial 202 with value: 0.6077286428398467.
[I 2026-05-22 18:10:33,045] Trial 299 finished with value: 0.4615229224507667 and parameters: {'n_estimators': 351, 'learning_rate': 0.08223607182620725, 'subsample': 0.785397617520229, 'colsample_bytree': 0.7519143120716919, 'min_child_weight': 9}. Best is trial 202 with value: 0.6077286428398467.
[I 2026-05-22 18:10:33,744] Trial 300 finished with value: 0.5755105858804697 and parameters: {'n_estimators': 284, 'learning_rate': 0.05102813975834138, 'subsample': 0.6102568263225743, 'colsample_bytree': 0.7364991310504625, 'min_child_weight': 4}. Best is trial 202 with value: 0.6077286428398467.
[I 2026-05-22 18:10:34,261] Trial 301 finished with value: 0.5528190963322468 and parameters: {'n_estimators': 229, 'learning_rate': 0.07194240268183227, 'subsample': 0.8134410186907514, 'colsample_bytree': 0.8431620371173778, 'min_child_weight': 8}. Best is trial 202 with value: 0.6077286428398467.
[I 2026-05-22 18:10:35,020] Trial 302 finished with value: 0.4560494353675833 and parameters: {'n_estimators': 416, 'learning_rate': 0.11501509947959764, 'subsample': 0.9822094783819739, 'colsample_bytree': 0.6072930330705446, 'min_child_weight': 2}. Best is trial 202 with value: 0.6077286428398467.
[I 2026-05-22 18:10:35,509] Trial 303 finished with value: 0.5570197331104277 and parameters: {'n_estimators': 53, 'learning_rate': 0.09044793628268057, 'subsample': 0.9592122195799948, 'colsample_bytree': 0.6973929186305197, 'min_child_weight': 10}. Best is trial 202 with value: 0.6077286428398467.
[I 2026-05-22 18:10:35,906] Trial 304 finished with value: 0.5257476552034274 and parameters: {'n_estimators': 77, 'learning_rate': 0.2400354115771027, 'subsample': 0.7406490748958537, 'colsample_bytree': 0.6405683313796866, 'min_child_weight': 5}. Best is trial 202 with value: 0.6077286428398467.
[I 2026-05-22 18:10:36,514] Trial 305 finished with value: 0.5410960801512193 and parameters: {'n_estimators': 165, 'learning_rate': 0.0263506794768714, 'subsample': 0.7229159859705147, 'colsample_bytree': 0.9212103591330654, 'min_child_weight': 6}. Best is trial 202 with value: 0.6077286428398467.
[I 2026-05-22 18:10:37,000] Trial 306 finished with value: 0.524123487012104 and parameters: {'n_estimators': 190, 'learning_rate': 0.0797144407910146, 'subsample': 0.8864602696892774, 'colsample_bytree': 0.7090496002934135, 'min_child_weight': 5}. Best is trial 202 with value: 0.6077286428398467.
[I 2026-05-22 18:10:37,438] Trial 307 finished with value: 0.5162208034739904 and parameters: {'n_estimators': 104, 'learning_rate': 0.018517380662798396, 'subsample': 0.8724471415859931, 'colsample_bytree': 0.6725753390782507, 'min_child_weight': 6}. Best is trial 202 with value: 0.6077286428398467.
[I 2026-05-22 18:10:38,074] Trial 308 finished with value: 0.538816401942652 and parameters: {'n_estimators': 369, 'learning_rate': 0.014383685371489131, 'subsample': 0.8269248878515614, 'colsample_bytree': 0.7026251134805455, 'min_child_weight': 10}. Best is trial 202 with value: 0.6077286428398467.
[I 2026-05-22 18:10:38,706] Trial 309 finished with value: 0.4884876020643403 and parameters: {'n_estimators': 268, 'learning_rate': 0.15507747688843285, 'subsample': 0.8200906168625047, 'colsample_bytree': 0.6173650131419276, 'min_child_weight': 7}. Best is trial 202 with value: 0.6077286428398467.
[I 2026-05-22 18:10:39,456] Trial 310 finished with value: 0.4208644886938465 and parameters: {'n_estimators': 479, 'learning_rate': 0.07738443331853193, 'subsample': 0.927675543770716, 'colsample_bytree': 0.9536825853393631, 'min_child_weight': 3}. Best is trial 202 with value: 0.6077286428398467.
[I 2026-05-22 18:10:39,897] Trial 311 finished with value: 0.5424861548842801 and parameters: {'n_estimators': 145, 'learning_rate': 0.0798901073742648, 'subsample': 0.7644113879226819, 'colsample_bytree': 0.9359445211466881, 'min_child_weight': 10}. Best is trial 202 with value: 0.6077286428398467.
[I 2026-05-22 18:10:40,409] Trial 312 finished with value: 0.5510809070321863 and parameters: {'n_estimators': 209, 'learning_rate': 0.022381363321172874, 'subsample': 0.9122102060975448, 'colsample_bytree': 0.7099224142192544, 'min_child_weight': 9}. Best is trial 202 with value: 0.6077286428398467.
[I 2026-05-22 18:10:41,093] Trial 313 finished with value: 0.5634076967802375 and parameters: {'n_estimators': 241, 'learning_rate': 0.09683941223364781, 'subsample': 0.6382141255338672, 'colsample_bytree': 0.8495437298706292, 'min_child_weight': 5}. Best is trial 202 with value: 0.6077286428398467.
[I 2026-05-22 18:10:41,813] Trial 314 finished with value: 0.5621618330189248 and parameters: {'n_estimators': 314, 'learning_rate': 0.01770831983748908, 'subsample': 0.8947494979776729, 'colsample_bytree': 0.9451188310172914, 'min_child_weight': 3}. Best is trial 202 with value: 0.6077286428398467.
[I 2026-05-22 18:10:42,312] Trial 315 finished with value: 0.4996991438702637 and parameters: {'n_estimators': 93, 'learning_rate': 0.01083719924029523, 'subsample': 0.8567886001773064, 'colsample_bytree': 0.8428376144355123, 'min_child_weight': 6}. Best is trial 202 with value: 0.6077286428398467.
[I 2026-05-22 18:10:42,798] Trial 316 finished with value: 0.5620202519912942 and parameters: {'n_estimators': 154, 'learning_rate': 0.03779336441896264, 'subsample': 0.8377905340744692, 'colsample_bytree': 0.7987067435436678, 'min_child_weight': 10}. Best is trial 202 with value: 0.6077286428398467.
[I 2026-05-22 18:10:43,233] Trial 317 finished with value: 0.5239197066214412 and parameters: {'n_estimators': 111, 'learning_rate': 0.10636844146050517, 'subsample': 0.7617275072417169, 'colsample_bytree': 0.7712798459702459, 'min_child_weight': 8}. Best is trial 202 with value: 0.6077286428398467.
[I 2026-05-22 18:10:43,945] Trial 318 finished with value: 0.45681777709541393 and parameters: {'n_estimators': 362, 'learning_rate': 0.29120933806254257, 'subsample': 0.65135771578165, 'colsample_bytree': 0.6416438597536666, 'min_child_weight': 8}. Best is trial 202 with value: 0.6077286428398467.
[I 2026-05-22 18:10:44,551] Trial 319 finished with value: 0.5243924994941505 and parameters: {'n_estimators': 310, 'learning_rate': 0.02540788691400217, 'subsample': 0.6317677475955946, 'colsample_bytree': 0.6342632998385722, 'min_child_weight': 9}. Best is trial 202 with value: 0.6077286428398467.
[I 2026-05-22 18:10:45,018] Trial 320 finished with value: 0.5235845806613337 and parameters: {'n_estimators': 136, 'learning_rate': 0.030037169658485924, 'subsample': 0.6906625608907953, 'colsample_bytree': 0.741998522332775, 'min_child_weight': 1}. Best is trial 202 with value: 0.6077286428398467.
[I 2026-05-22 18:10:45,700] Trial 321 finished with value: 0.54358228242188 and parameters: {'n_estimators': 284, 'learning_rate': 0.012585542911797537, 'subsample': 0.9201426031289446, 'colsample_bytree': 0.6934848327641732, 'min_child_weight': 6}. Best is trial 202 with value: 0.6077286428398467.
[I 2026-05-22 18:10:46,450] Trial 322 finished with value: 0.5542159331018034 and parameters: {'n_estimators': 446, 'learning_rate': 0.09150077995838635, 'subsample': 0.8131831146205342, 'colsample_bytree': 0.7297335012461502, 'min_child_weight': 4}. Best is trial 202 with value: 0.6077286428398467.
[I 2026-05-22 18:10:47,182] Trial 323 finished with value: 0.5048265208303421 and parameters: {'n_estimators': 351, 'learning_rate': 0.29407924898517374, 'subsample': 0.8647356759397514, 'colsample_bytree': 0.82311336694801, 'min_child_weight': 8}. Best is trial 202 with value: 0.6077286428398467.
[I 2026-05-22 18:10:47,912] Trial 324 finished with value: 0.5451382663503151 and parameters: {'n_estimators': 259, 'learning_rate': 0.01226980138039418, 'subsample': 0.8249187263511639, 'colsample_bytree': 0.9830501138021521, 'min_child_weight': 2}. Best is trial 202 with value: 0.6077286428398467.
[I 2026-05-22 18:10:48,499] Trial 325 finished with value: 0.5475162381279348 and parameters: {'n_estimators': 361, 'learning_rate': 0.019806303165826888, 'subsample': 0.8143310737892325, 'colsample_bytree': 0.6386705798586878, 'min_child_weight': 5}. Best is trial 202 with value: 0.6077286428398467.
[I 2026-05-22 18:10:49,246] Trial 326 finished with value: 0.45568071246370784 and parameters: {'n_estimators': 391, 'learning_rate': 0.03261409155209172, 'subsample': 0.8659646897948872, 'colsample_bytree': 0.9181799843158917, 'min_child_weight': 10}. Best is trial 202 with value: 0.6077286428398467.
[I 2026-05-22 18:10:49,812] Trial 327 finished with value: 0.5315420523325709 and parameters: {'n_estimators': 155, 'learning_rate': 0.03889000747205442, 'subsample': 0.660966405332167, 'colsample_bytree': 0.9969934008633501, 'min_child_weight': 10}. Best is trial 202 with value: 0.6077286428398467.
[I 2026-05-22 18:10:50,528] Trial 328 finished with value: 0.4228231857768831 and parameters: {'n_estimators': 293, 'learning_rate': 0.1753013563315513, 'subsample': 0.8083831909088168, 'colsample_bytree': 0.8494342752011039, 'min_child_weight': 1}. Best is trial 202 with value: 0.6077286428398467.
[I 2026-05-22 18:10:51,184] Trial 329 finished with value: 0.5753233291206841 and parameters: {'n_estimators': 390, 'learning_rate': 0.015440035736547127, 'subsample': 0.9304270521010114, 'colsample_bytree': 0.9128112350681543, 'min_child_weight': 8}. Best is trial 202 with value: 0.6077286428398467.
[I 2026-05-22 18:10:51,688] Trial 330 finished with value: 0.5154636259774034 and parameters: {'n_estimators': 66, 'learning_rate': 0.028038665366359614, 'subsample': 0.7052450279643372, 'colsample_bytree': 0.7440545629886076, 'min_child_weight': 1}. Best is trial 202 with value: 0.6077286428398467.
[I 2026-05-22 18:10:52,477] Trial 331 finished with value: 0.45324494825644185 and parameters: {'n_estimators': 472, 'learning_rate': 0.06577079034641956, 'subsample': 0.7222097242632094, 'colsample_bytree': 0.7587926068297134, 'min_child_weight': 5}. Best is trial 202 with value: 0.6077286428398467.
[I 2026-05-22 18:10:53,103] Trial 332 finished with value: 0.5522086934105921 and parameters: {'n_estimators': 320, 'learning_rate': 0.057772484305485476, 'subsample': 0.9677567892857669, 'colsample_bytree': 0.7987853931623321, 'min_child_weight': 10}. Best is trial 202 with value: 0.6077286428398467.
[I 2026-05-22 18:10:53,859] Trial 333 finished with value: 0.5607376069214443 and parameters: {'n_estimators': 433, 'learning_rate': 0.020323350754982393, 'subsample': 0.9722380858575665, 'colsample_bytree': 0.6465465591541905, 'min_child_weight': 9}. Best is trial 202 with value: 0.6077286428398467.
[I 2026-05-22 18:10:54,376] Trial 334 finished with value: 0.4805559844022991 and parameters: {'n_estimators': 221, 'learning_rate': 0.19809546339433803, 'subsample': 0.9472226760429802, 'colsample_bytree': 0.9223701600470484, 'min_child_weight': 8}. Best is trial 202 with value: 0.6077286428398467.
[I 2026-05-22 18:10:54,969] Trial 335 finished with value: 0.5153520357899855 and parameters: {'n_estimators': 187, 'learning_rate': 0.013168235744853684, 'subsample': 0.7611920715060646, 'colsample_bytree': 0.6694098059946034, 'min_child_weight': 7}. Best is trial 202 with value: 0.6077286428398467.
[I 2026-05-22 18:10:55,489] Trial 336 finished with value: 0.42788631628229207 and parameters: {'n_estimators': 206, 'learning_rate': 0.2761179014535634, 'subsample': 0.8563888309381328, 'colsample_bytree': 0.9289922254537444, 'min_child_weight': 2}. Best is trial 202 with value: 0.6077286428398467.
[I 2026-05-22 18:10:56,308] Trial 337 finished with value: 0.5554242289406632 and parameters: {'n_estimators': 438, 'learning_rate': 0.23068760438332875, 'subsample': 0.7948247675275744, 'colsample_bytree': 0.842501175100391, 'min_child_weight': 8}. Best is trial 202 with value: 0.6077286428398467.
[I 2026-05-22 18:10:56,767] Trial 338 finished with value: 0.5344101983072638 and parameters: {'n_estimators': 128, 'learning_rate': 0.055252385524164935, 'subsample': 0.7594652111089253, 'colsample_bytree': 0.6585495968648997, 'min_child_weight': 4}. Best is trial 202 with value: 0.6077286428398467.
[I 2026-05-22 18:10:57,267] Trial 339 finished with value: 0.4867020121678748 and parameters: {'n_estimators': 80, 'learning_rate': 0.01091760346507846, 'subsample': 0.6540665156619291, 'colsample_bytree': 0.9852460446356696, 'min_child_weight': 6}. Best is trial 202 with value: 0.6077286428398467.
[I 2026-05-22 18:10:58,038] Trial 340 finished with value: 0.48608301809543714 and parameters: {'n_estimators': 485, 'learning_rate': 0.04353632923371348, 'subsample': 0.7247264532341038, 'colsample_bytree': 0.8024567451360977, 'min_child_weight': 5}. Best is trial 202 with value: 0.6077286428398467.
[I 2026-05-22 18:10:58,488] Trial 341 finished with value: 0.5322964719418133 and parameters: {'n_estimators': 97, 'learning_rate': 0.08842563149178337, 'subsample': 0.6864152730038399, 'colsample_bytree': 0.8478351819591319, 'min_child_weight': 7}. Best is trial 202 with value: 0.6077286428398467.
[I 2026-05-22 18:10:59,064] Trial 342 finished with value: 0.5325039342542401 and parameters: {'n_estimators': 118, 'learning_rate': 0.012320287379467502, 'subsample': 0.912304634427376, 'colsample_bytree': 0.783920169507728, 'min_child_weight': 1}. Best is trial 202 with value: 0.6077286428398467.
[I 2026-05-22 18:10:59,876] Trial 343 finished with value: 0.56613715229651 and parameters: {'n_estimators': 498, 'learning_rate': 0.012171634282309616, 'subsample': 0.8780140915434212, 'colsample_bytree': 0.9934715701053655, 'min_child_weight': 3}. Best is trial 202 with value: 0.6077286428398467.
[I 2026-05-22 18:11:00,323] Trial 344 finished with value: 0.5147544698388057 and parameters: {'n_estimators': 114, 'learning_rate': 0.015111245944092168, 'subsample': 0.7213100590270383, 'colsample_bytree': 0.6404183244042586, 'min_child_weight': 7}. Best is trial 202 with value: 0.6077286428398467.
[I 2026-05-22 18:11:00,733] Trial 345 finished with value: 0.5481339338135469 and parameters: {'n_estimators': 78, 'learning_rate': 0.0565559436526224, 'subsample': 0.9986787415411907, 'colsample_bytree': 0.9255881078024075, 'min_child_weight': 7}. Best is trial 202 with value: 0.6077286428398467.
[I 2026-05-22 18:11:01,230] Trial 346 finished with value: 0.5003569521269614 and parameters: {'n_estimators': 188, 'learning_rate': 0.08347757040088627, 'subsample': 0.8108165855646606, 'colsample_bytree': 0.7704333535561486, 'min_child_weight': 2}. Best is trial 202 with value: 0.6077286428398467.
[I 2026-05-22 18:11:01,908] Trial 347 finished with value: 0.5517483631559519 and parameters: {'n_estimators': 449, 'learning_rate': 0.046172826907491506, 'subsample': 0.677849004728306, 'colsample_bytree': 0.7471037403509159, 'min_child_weight': 5}. Best is trial 202 with value: 0.6077286428398467.
[I 2026-05-22 18:11:02,602] Trial 348 finished with value: 0.42290512630602783 and parameters: {'n_estimators': 423, 'learning_rate': 0.12123761779314282, 'subsample': 0.9077219574565359, 'colsample_bytree': 0.6044125057714589, 'min_child_weight': 5}. Best is trial 202 with value: 0.6077286428398467.
[I 2026-05-22 18:11:03,280] Trial 349 finished with value: 0.5409523619978287 and parameters: {'n_estimators': 267, 'learning_rate': 0.010674543712834376, 'subsample': 0.7039252834980136, 'colsample_bytree': 0.904115929248854, 'min_child_weight': 2}. Best is trial 202 with value: 0.6077286428398467.
[I 2026-05-22 18:11:03,870] Trial 350 finished with value: 0.5482541293676619 and parameters: {'n_estimators': 291, 'learning_rate': 0.020791185786432916, 'subsample': 0.6048483098575573, 'colsample_bytree': 0.6964805830398166, 'min_child_weight': 10}. Best is trial 202 with value: 0.6077286428398467.
[I 2026-05-22 18:11:04,635] Trial 351 finished with value: 0.49777952159657984 and parameters: {'n_estimators': 411, 'learning_rate': 0.2614634918292481, 'subsample': 0.795141617570545, 'colsample_bytree': 0.6438944794710014, 'min_child_weight': 6}. Best is trial 202 with value: 0.6077286428398467.
[I 2026-05-22 18:11:05,187] Trial 352 finished with value: 0.5254344880920394 and parameters: {'n_estimators': 254, 'learning_rate': 0.1766923689636204, 'subsample': 0.6392330323136978, 'colsample_bytree': 0.7952964548087113, 'min_child_weight': 2}. Best is trial 202 with value: 0.6077286428398467.
[I 2026-05-22 18:11:05,657] Trial 353 finished with value: 0.4241200751927085 and parameters: {'n_estimators': 196, 'learning_rate': 0.12279079504118676, 'subsample': 0.7904072517475066, 'colsample_bytree': 0.7503553140583077, 'min_child_weight': 4}. Best is trial 202 with value: 0.6077286428398467.
[I 2026-05-22 18:11:06,104] Trial 354 finished with value: 0.4707769234013375 and parameters: {'n_estimators': 257, 'learning_rate': 0.144399145153865, 'subsample': 0.9568338755760938, 'colsample_bytree': 0.9821338746015713, 'min_child_weight': 8}. Best is trial 202 with value: 0.6077286428398467.
[I 2026-05-22 18:11:06,739] Trial 355 finished with value: 0.48217130081774673 and parameters: {'n_estimators': 192, 'learning_rate': 0.10386241115349532, 'subsample': 0.7750412496221568, 'colsample_bytree': 0.7018682488184205, 'min_child_weight': 9}. Best is trial 202 with value: 0.6077286428398467.
[I 2026-05-22 18:11:07,248] Trial 356 finished with value: 0.5464351368115884 and parameters: {'n_estimators': 67, 'learning_rate': 0.21478888586811315, 'subsample': 0.7845909858498936, 'colsample_bytree': 0.8548805907233121, 'min_child_weight': 7}. Best is trial 202 with value: 0.6077286428398467.
[I 2026-05-22 18:11:07,966] Trial 357 finished with value: 0.4614760288886329 and parameters: {'n_estimators': 453, 'learning_rate': 0.08718430698622275, 'subsample': 0.8455734339040247, 'colsample_bytree': 0.6266608162242759, 'min_child_weight': 6}. Best is trial 202 with value: 0.6077286428398467.
[I 2026-05-22 18:11:08,506] Trial 358 finished with value: 0.5510072780741796 and parameters: {'n_estimators': 117, 'learning_rate': 0.12282282825998894, 'subsample': 0.8048887683250698, 'colsample_bytree': 0.8720911116833413, 'min_child_weight': 1}. Best is trial 202 with value: 0.6077286428398467.
[I 2026-05-22 18:11:09,032] Trial 359 finished with value: 0.5805881123682719 and parameters: {'n_estimators': 88, 'learning_rate': 0.11431323145889176, 'subsample': 0.6288337343994693, 'colsample_bytree': 0.6285026911061035, 'min_child_weight': 1}. Best is trial 202 with value: 0.6077286428398467.
[I 2026-05-22 18:11:09,861] Trial 360 finished with value: 0.4114184781295269 and parameters: {'n_estimators': 481, 'learning_rate': 0.12285399209683807, 'subsample': 0.7413005634008256, 'colsample_bytree': 0.7186142325150621, 'min_child_weight': 4}. Best is trial 202 with value: 0.6077286428398467.
[I 2026-05-22 18:11:10,500] Trial 361 finished with value: 0.4115621631124512 and parameters: {'n_estimators': 399, 'learning_rate': 0.09482537893094686, 'subsample': 0.6740782271469872, 'colsample_bytree': 0.6696437341336338, 'min_child_weight': 1}. Best is trial 202 with value: 0.6077286428398467.
[I 2026-05-22 18:11:11,294] Trial 362 finished with value: 0.38934248080022327 and parameters: {'n_estimators': 347, 'learning_rate': 0.1346080726275355, 'subsample': 0.7060185713300016, 'colsample_bytree': 0.6083779844123651, 'min_child_weight': 1}. Best is trial 202 with value: 0.6077286428398467.
