[I 2026-05-22 18:08:10,178] Trial 71 finished with value: 0.5423251738724766 and parameters: {'n_estimators': 339, 'learning_rate': 0.010943605280157023, 'subsample': 0.8343102325093853, 'colsample_bytree': 0.9760920965699831, 'min_child_weight': 6}. Best is trial 48 with value: 0.5804159860797768.
[I 2026-05-22 18:08:10,805] Trial 72 finished with value: 0.46265699226322565 and parameters: {'n_estimators': 225, 'learning_rate': 0.08916916511121768, 'subsample': 0.7833011561966067, 'colsample_bytree': 0.818246715726374, 'min_child_weight': 10}. Best is trial 48 with value: 0.5804159860797768.
[I 2026-05-22 18:08:11,405] Trial 73 finished with value: 0.5709350327984832 and parameters: {'n_estimators': 224, 'learning_rate': 0.26290267902103615, 'subsample': 0.9621402567824255, 'colsample_bytree': 0.6783164539157186, 'min_child_weight': 1}. Best is trial 48 with value: 0.5804159860797768.
[I 2026-05-22 18:08:11,855] Trial 74 finished with value: 0.5034214862169605 and parameters: {'n_estimators': 95, 'learning_rate': 0.010639368372762009, 'subsample': 0.6377771843023713, 'colsample_bytree': 0.8732027093665427, 'min_child_weight': 1}. Best is trial 48 with value: 0.5804159860797768.
[I 2026-05-22 18:08:12,373] Trial 75 finished with value: 0.4604948464941897 and parameters: {'n_estimators': 193, 'learning_rate': 0.17700408094497766, 'subsample': 0.6093087742943303, 'colsample_bytree': 0.9257873930355743, 'min_child_weight': 3}. Best is trial 48 with value: 0.5804159860797768.
[I 2026-05-22 18:08:12,886] Trial 76 finished with value: 0.5391655163622804 and parameters: {'n_estimators': 103, 'learning_rate': 0.10694617981517995, 'subsample': 0.8515771387119535, 'colsample_bytree': 0.9509888054108212, 'min_child_weight': 8}. Best is trial 48 with value: 0.5804159860797768.
[I 2026-05-22 18:08:13,659] Trial 77 finished with value: 0.5550475356475895 and parameters: {'n_estimators': 412, 'learning_rate': 0.02609752135980675, 'subsample': 0.6709758175118891, 'colsample_bytree': 0.9002459006563434, 'min_child_weight': 9}. Best is trial 48 with value: 0.5804159860797768.
[I 2026-05-22 18:08:14,390] Trial 78 finished with value: 0.5544644746674778 and parameters: {'n_estimators': 496, 'learning_rate': 0.04068987358935104, 'subsample': 0.7488072343171133, 'colsample_bytree': 0.9105651842967988, 'min_child_weight': 4}. Best is trial 48 with value: 0.5804159860797768.
[I 2026-05-22 18:08:15,114] Trial 79 finished with value: 0.551227425720664 and parameters: {'n_estimators': 469, 'learning_rate': 0.18534450766991437, 'subsample': 0.7715976109500073, 'colsample_bytree': 0.9003484271165989, 'min_child_weight': 8}. Best is trial 48 with value: 0.5804159860797768.
[I 2026-05-22 18:08:15,629] Trial 80 finished with value: 0.477055088088912 and parameters: {'n_estimators': 96, 'learning_rate': 0.2153674579485446, 'subsample': 0.8021009489791429, 'colsample_bytree': 0.9305829864430967, 'min_child_weight': 4}. Best is trial 48 with value: 0.5804159860797768.
[I 2026-05-22 18:08:16,403] Trial 81 finished with value: 0.463869789808232 and parameters: {'n_estimators': 453, 'learning_rate': 0.03757492064184006, 'subsample': 0.6043350605921193, 'colsample_bytree': 0.9621527905677054, 'min_child_weight': 1}. Best is trial 48 with value: 0.5804159860797768.
[I 2026-05-22 18:08:16,910] Trial 82 finished with value: 0.5343470606938977 and parameters: {'n_estimators': 194, 'learning_rate': 0.25313763881721907, 'subsample': 0.9802428587750225, 'colsample_bytree': 0.8293751552493145, 'min_child_weight': 7}. Best is trial 48 with value: 0.5804159860797768.
[I 2026-05-22 18:08:17,581] Trial 83 finished with value: 0.5456035247885265 and parameters: {'n_estimators': 252, 'learning_rate': 0.027108648287297775, 'subsample': 0.7314658181479664, 'colsample_bytree': 0.8690073824308153, 'min_child_weight': 8}. Best is trial 48 with value: 0.5804159860797768.
[I 2026-05-22 18:08:18,355] Trial 84 finished with value: 0.4198059717264422 and parameters: {'n_estimators': 407, 'learning_rate': 0.1466769064893309, 'subsample': 0.6364824412194762, 'colsample_bytree': 0.7977681218810326, 'min_child_weight': 1}. Best is trial 48 with value: 0.5804159860797768.
[I 2026-05-22 18:08:19,015] Trial 85 finished with value: 0.5577612304537103 and parameters: {'n_estimators': 297, 'learning_rate': 0.044894598111473304, 'subsample': 0.9550816731033199, 'colsample_bytree': 0.7403660050208315, 'min_child_weight': 2}. Best is trial 48 with value: 0.5804159860797768.
[I 2026-05-22 18:08:19,461] Trial 86 finished with value: 0.4382264699373694 and parameters: {'n_estimators': 114, 'learning_rate': 0.1333041100375764, 'subsample': 0.8472872253265045, 'colsample_bytree': 0.640449070449116, 'min_child_weight': 1}. Best is trial 48 with value: 0.5804159860797768.
[I 2026-05-22 18:08:20,220] Trial 87 finished with value: 0.5688550265813902 and parameters: {'n_estimators': 366, 'learning_rate': 0.012807954711342936, 'subsample': 0.9287440237161425, 'colsample_bytree': 0.8824968908625985, 'min_child_weight': 1}. Best is trial 48 with value: 0.5804159860797768.
[I 2026-05-22 18:08:20,604] Trial 88 finished with value: 0.4627648531424988 and parameters: {'n_estimators': 88, 'learning_rate': 0.286672670520559, 'subsample': 0.7497083183024481, 'colsample_bytree': 0.7482568588267564, 'min_child_weight': 9}. Best is trial 48 with value: 0.5804159860797768.
[I 2026-05-22 18:08:21,453] Trial 89 finished with value: 0.5874612794038414 and parameters: {'n_estimators': 477, 'learning_rate': 0.2860507748733005, 'subsample': 0.9013512741035766, 'colsample_bytree': 0.7505038342123663, 'min_child_weight': 1}. Best is trial 89 with value: 0.5874612794038414.
[I 2026-05-22 18:08:22,255] Trial 90 finished with value: 0.5372341991298913 and parameters: {'n_estimators': 400, 'learning_rate': 0.06680835617133715, 'subsample': 0.7696888036987906, 'colsample_bytree': 0.9625417540378944, 'min_child_weight': 2}. Best is trial 89 with value: 0.5874612794038414.
[I 2026-05-22 18:08:22,940] Trial 91 finished with value: 0.5270229838161293 and parameters: {'n_estimators': 272, 'learning_rate': 0.010393712747725662, 'subsample': 0.7874642567976505, 'colsample_bytree': 0.6225213102727349, 'min_child_weight': 2}. Best is trial 89 with value: 0.5874612794038414.
[I 2026-05-22 18:08:23,368] Trial 92 finished with value: 0.5276900324170228 and parameters: {'n_estimators': 103, 'learning_rate': 0.09098343643021342, 'subsample': 0.8984179517061692, 'colsample_bytree': 0.8333475060388639, 'min_child_weight': 10}. Best is trial 89 with value: 0.5874612794038414.
[I 2026-05-22 18:08:23,878] Trial 93 finished with value: 0.5623965993637905 and parameters: {'n_estimators': 219, 'learning_rate': 0.026425997853498497, 'subsample': 0.9474396512757841, 'colsample_bytree': 0.6894383354077811, 'min_child_weight': 10}. Best is trial 89 with value: 0.5874612794038414.
[I 2026-05-22 18:08:24,361] Trial 94 finished with value: 0.5502298097294664 and parameters: {'n_estimators': 55, 'learning_rate': 0.27078751041887994, 'subsample': 0.6172639647802304, 'colsample_bytree': 0.9564572454792284, 'min_child_weight': 6}. Best is trial 89 with value: 0.5874612794038414.
[I 2026-05-22 18:08:25,206] Trial 95 finished with value: 0.5604808675119449 and parameters: {'n_estimators': 497, 'learning_rate': 0.012853058206481468, 'subsample': 0.8215417137605283, 'colsample_bytree': 0.9877210142476396, 'min_child_weight': 6}. Best is trial 89 with value: 0.5874612794038414.
[I 2026-05-22 18:08:25,813] Trial 96 finished with value: 0.4767013487585479 and parameters: {'n_estimators': 333, 'learning_rate': 0.10658723014160122, 'subsample': 0.7818164259071093, 'colsample_bytree': 0.8510232320336253, 'min_child_weight': 6}. Best is trial 89 with value: 0.5874612794038414.
[I 2026-05-22 18:08:26,550] Trial 97 finished with value: 0.5585510097800751 and parameters: {'n_estimators': 456, 'learning_rate': 0.01167158438611932, 'subsample': 0.7123852758368922, 'colsample_bytree': 0.9801645936306235, 'min_child_weight': 9}. Best is trial 89 with value: 0.5874612794038414.
[I 2026-05-22 18:08:27,217] Trial 98 finished with value: 0.5587060011533845 and parameters: {'n_estimators': 255, 'learning_rate': 0.08241590671311487, 'subsample': 0.710952473192453, 'colsample_bytree': 0.6752484638895045, 'min_child_weight': 5}. Best is trial 89 with value: 0.5874612794038414.
[I 2026-05-22 18:08:27,818] Trial 99 finished with value: 0.49225332190373833 and parameters: {'n_estimators': 209, 'learning_rate': 0.07279991098092103, 'subsample': 0.6310938547859939, 'colsample_bytree': 0.9897579230664666, 'min_child_weight': 10}. Best is trial 89 with value: 0.5874612794038414.
[I 2026-05-22 18:08:28,462] Trial 100 finished with value: 0.4547918008293565 and parameters: {'n_estimators': 364, 'learning_rate': 0.06192689958760303, 'subsample': 0.7238110465145311, 'colsample_bytree': 0.9255180078827795, 'min_child_weight': 7}. Best is trial 89 with value: 0.5874612794038414.
[I 2026-05-22 18:08:28,897] Trial 101 finished with value: 0.5977028409556696 and parameters: {'n_estimators': 123, 'learning_rate': 0.22158987153949872, 'subsample': 0.9290148971692676, 'colsample_bytree': 0.9799199653167696, 'min_child_weight': 8}. Best is trial 101 with value: 0.5977028409556696.
[I 2026-05-22 18:08:29,498] Trial 102 finished with value: 0.5603942357311315 and parameters: {'n_estimators': 326, 'learning_rate': 0.04147588661423153, 'subsample': 0.9730913933416053, 'colsample_bytree': 0.9464255558001633, 'min_child_weight': 1}. Best is trial 101 with value: 0.5977028409556696.
[I 2026-05-22 18:08:29,895] Trial 103 finished with value: 0.5287959168103659 and parameters: {'n_estimators': 61, 'learning_rate': 0.03598173003875193, 'subsample': 0.9242213323127332, 'colsample_bytree': 0.9949104517259778, 'min_child_weight': 2}. Best is trial 101 with value: 0.5977028409556696.
[I 2026-05-22 18:08:30,582] Trial 104 finished with value: 0.5513041916570591 and parameters: {'n_estimators': 317, 'learning_rate': 0.03652767079211978, 'subsample': 0.9879657591258413, 'colsample_bytree': 0.9368475692542835, 'min_child_weight': 9}. Best is trial 101 with value: 0.5977028409556696.
[I 2026-05-22 18:08:31,221] Trial 105 finished with value: 0.5437510300614459 and parameters: {'n_estimators': 261, 'learning_rate': 0.04099573751320915, 'subsample': 0.7093628287722825, 'colsample_bytree': 0.6225501986603709, 'min_child_weight': 9}. Best is trial 101 with value: 0.5977028409556696.
[I 2026-05-22 18:08:31,988] Trial 106 finished with value: 0.4500213096553066 and parameters: {'n_estimators': 416, 'learning_rate': 0.29971206360343033, 'subsample': 0.9986547348295621, 'colsample_bytree': 0.822172682241051, 'min_child_weight': 8}. Best is trial 101 with value: 0.5977028409556696.
[I 2026-05-22 18:08:32,742] Trial 107 finished with value: 0.5780350479147385 and parameters: {'n_estimators': 476, 'learning_rate': 0.17990043761549515, 'subsample': 0.6989392406972791, 'colsample_bytree': 0.7802176541240374, 'min_child_weight': 2}. Best is trial 101 with value: 0.5977028409556696.
[I 2026-05-22 18:08:33,582] Trial 108 finished with value: 0.4501310659897996 and parameters: {'n_estimators': 480, 'learning_rate': 0.0785947318608976, 'subsample': 0.6914571222013851, 'colsample_bytree': 0.8686802737623427, 'min_child_weight': 7}. Best is trial 101 with value: 0.5977028409556696.
[I 2026-05-22 18:08:34,194] Trial 109 finished with value: 0.5424069485492897 and parameters: {'n_estimators': 211, 'learning_rate': 0.014714256860732133, 'subsample': 0.8686292782371199, 'colsample_bytree': 0.8081230803615174, 'min_child_weight': 8}. Best is trial 101 with value: 0.5977028409556696.
[I 2026-05-22 18:08:34,855] Trial 110 finished with value: 0.49339648990125157 and parameters: {'n_estimators': 284, 'learning_rate': 0.18145770215697452, 'subsample': 0.8207627355097942, 'colsample_bytree': 0.8243751886141545, 'min_child_weight': 9}. Best is trial 101 with value: 0.5977028409556696.
[I 2026-05-22 18:08:35,492] Trial 111 finished with value: 0.5128920239718221 and parameters: {'n_estimators': 231, 'learning_rate': 0.015774541406529004, 'subsample': 0.6115130705253355, 'colsample_bytree': 0.9020549022694476, 'min_child_weight': 7}. Best is trial 101 with value: 0.5977028409556696.
[I 2026-05-22 18:08:36,161] Trial 112 finished with value: 0.5590223052431609 and parameters: {'n_estimators': 367, 'learning_rate': 0.020633546899416644, 'subsample': 0.6545485902347079, 'colsample_bytree': 0.6058178662671527, 'min_child_weight': 4}. Best is trial 101 with value: 0.5977028409556696.
[I 2026-05-22 18:08:36,787] Trial 113 finished with value: 0.5770700337533189 and parameters: {'n_estimators': 316, 'learning_rate': 0.037965752834227796, 'subsample': 0.7749899688094917, 'colsample_bytree': 0.9616634777974994, 'min_child_weight': 4}. Best is trial 101 with value: 0.5977028409556696.
[I 2026-05-22 18:08:37,246] Trial 114 finished with value: 0.45168871318019 and parameters: {'n_estimators': 281, 'learning_rate': 0.14373102458263218, 'subsample': 0.7586171129285081, 'colsample_bytree': 0.8488346800911494, 'min_child_weight': 9}. Best is trial 101 with value: 0.5977028409556696.
[I 2026-05-22 18:08:38,047] Trial 115 finished with value: 0.5683971698958116 and parameters: {'n_estimators': 478, 'learning_rate': 0.016490938219803204, 'subsample': 0.9706350500645977, 'colsample_bytree': 0.7968465172318153, 'min_child_weight': 3}. Best is trial 101 with value: 0.5977028409556696.
[I 2026-05-22 18:08:38,614] Trial 116 finished with value: 0.5090734588409007 and parameters: {'n_estimators': 257, 'learning_rate': 0.28030248454196793, 'subsample': 0.7970472375971478, 'colsample_bytree': 0.7315006441150033, 'min_child_weight': 7}. Best is trial 101 with value: 0.5977028409556696.
[I 2026-05-22 18:08:39,193] Trial 117 finished with value: 0.5132305048876681 and parameters: {'n_estimators': 158, 'learning_rate': 0.012943726698159996, 'subsample': 0.6515518887642596, 'colsample_bytree': 0.6512183355831089, 'min_child_weight': 2}. Best is trial 101 with value: 0.5977028409556696.
[I 2026-05-22 18:08:39,713] Trial 118 finished with value: 0.5474860530035621 and parameters: {'n_estimators': 112, 'learning_rate': 0.08844019819451818, 'subsample': 0.6727520337596579, 'colsample_bytree': 0.7382669133295453, 'min_child_weight': 9}. Best is trial 101 with value: 0.5977028409556696.
[I 2026-05-22 18:08:40,386] Trial 119 finished with value: 0.5704485642163644 and parameters: {'n_estimators': 263, 'learning_rate': 0.09684199427475873, 'subsample': 0.668927948480652, 'colsample_bytree': 0.6769156075234684, 'min_child_weight': 1}. Best is trial 101 with value: 0.5977028409556696.
[I 2026-05-22 18:08:40,974] Trial 120 finished with value: 0.5213886389257318 and parameters: {'n_estimators': 126, 'learning_rate': 0.025793585182259916, 'subsample': 0.6708041937106987, 'colsample_bytree': 0.6354810135028223, 'min_child_weight': 2}. Best is trial 101 with value: 0.5977028409556696.
[I 2026-05-22 18:08:41,644] Trial 121 finished with value: 0.5628961228937346 and parameters: {'n_estimators': 257, 'learning_rate': 0.02017343814481253, 'subsample': 0.7457079444192302, 'colsample_bytree': 0.8013669083419428, 'min_child_weight': 7}. Best is trial 101 with value: 0.5977028409556696.
[I 2026-05-22 18:08:42,127] Trial 122 finished with value: 0.46076065565691504 and parameters: {'n_estimators': 67, 'learning_rate': 0.15164430026640188, 'subsample': 0.8511601557963631, 'colsample_bytree': 0.6327036127795488, 'min_child_weight': 9}. Best is trial 101 with value: 0.5977028409556696.
[I 2026-05-22 18:08:42,918] Trial 123 finished with value: 0.5542160183972884 and parameters: {'n_estimators': 465, 'learning_rate': 0.012308908766048775, 'subsample': 0.7107510592588815, 'colsample_bytree': 0.9224805119172246, 'min_child_weight': 8}. Best is trial 101 with value: 0.5977028409556696.
[I 2026-05-22 18:08:43,384] Trial 124 finished with value: 0.5151638976435227 and parameters: {'n_estimators': 133, 'learning_rate': 0.020381415146353103, 'subsample': 0.7481888411165528, 'colsample_bytree': 0.7938091940764085, 'min_child_weight': 7}. Best is trial 101 with value: 0.5977028409556696.
[I 2026-05-22 18:08:43,975] Trial 125 finished with value: 0.5379216902153285 and parameters: {'n_estimators': 216, 'learning_rate': 0.04821918439843223, 'subsample': 0.8989883752535026, 'colsample_bytree': 0.6146732811562391, 'min_child_weight': 3}. Best is trial 101 with value: 0.5977028409556696.
[I 2026-05-22 18:08:44,643] Trial 126 finished with value: 0.5746832386316519 and parameters: {'n_estimators': 371, 'learning_rate': 0.21005307678586949, 'subsample': 0.8046709768462664, 'colsample_bytree': 0.8128453941061262, 'min_child_weight': 2}. Best is trial 101 with value: 0.5977028409556696.
[I 2026-05-22 18:08:45,277] Trial 127 finished with value: 0.4310244414211934 and parameters: {'n_estimators': 251, 'learning_rate': 0.06119843058104698, 'subsample': 0.6969882014538918, 'colsample_bytree': 0.7076972923797524, 'min_child_weight': 4}. Best is trial 101 with value: 0.5977028409556696.
[I 2026-05-22 18:08:45,766] Trial 128 finished with value: 0.5239559619411546 and parameters: {'n_estimators': 59, 'learning_rate': 0.029905425167400378, 'subsample': 0.6845792027986178, 'colsample_bytree': 0.7309989408711659, 'min_child_weight': 2}. Best is trial 101 with value: 0.5977028409556696.
[I 2026-05-22 18:08:46,555] Trial 129 finished with value: 0.45476443045598486 and parameters: {'n_estimators': 451, 'learning_rate': 0.07530226332540962, 'subsample': 0.8716409276577959, 'colsample_bytree': 0.9156684954429353, 'min_child_weight': 5}. Best is trial 101 with value: 0.5977028409556696.
[I 2026-05-22 18:08:46,966] Trial 130 finished with value: 0.5530340978178099 and parameters: {'n_estimators': 89, 'learning_rate': 0.0621400343470248, 'subsample': 0.8347364472083516, 'colsample_bytree': 0.8981757896737319, 'min_child_weight': 5}. Best is trial 101 with value: 0.5977028409556696.
[I 2026-05-22 18:08:47,498] Trial 131 finished with value: 0.5239640507963044 and parameters: {'n_estimators': 107, 'learning_rate': 0.026252545631543493, 'subsample': 0.7452329185594541, 'colsample_bytree': 0.8583668965326405, 'min_child_weight': 6}. Best is trial 101 with value: 0.5977028409556696.
[I 2026-05-22 18:08:48,019] Trial 132 finished with value: 0.3905243255614931 and parameters: {'n_estimators': 210, 'learning_rate': 0.2865514709109943, 'subsample': 0.8423099277427548, 'colsample_bytree': 0.6948907166943978, 'min_child_weight': 2}. Best is trial 101 with value: 0.5977028409556696.
[I 2026-05-22 18:08:48,464] Trial 133 finished with value: 0.4717877886245203 and parameters: {'n_estimators': 118, 'learning_rate': 0.023083910848062564, 'subsample': 0.6642725493038223, 'colsample_bytree': 0.6746268096205222, 'min_child_weight': 3}. Best is trial 101 with value: 0.5977028409556696.
[I 2026-05-22 18:08:49,044] Trial 134 finished with value: 0.4260312437361128 and parameters: {'n_estimators': 128, 'learning_rate': 0.2111695377304645, 'subsample': 0.6320934982646569, 'colsample_bytree': 0.8098045558281018, 'min_child_weight': 5}. Best is trial 101 with value: 0.5977028409556696.
[I 2026-05-22 18:08:49,784] Trial 135 finished with value: 0.5322876770295942 and parameters: {'n_estimators': 493, 'learning_rate': 0.01463844831776675, 'subsample': 0.7591422396182966, 'colsample_bytree': 0.9877881733101476, 'min_child_weight': 9}. Best is trial 101 with value: 0.5977028409556696.
[I 2026-05-22 18:08:50,560] Trial 136 finished with value: 0.5570762508464393 and parameters: {'n_estimators': 418, 'learning_rate': 0.0240410674813289, 'subsample': 0.6683550349560263, 'colsample_bytree': 0.8674572879697724, 'min_child_weight': 10}. Best is trial 101 with value: 0.5977028409556696.
[I 2026-05-22 18:08:51,266] Trial 137 finished with value: 0.4640068501751637 and parameters: {'n_estimators': 301, 'learning_rate': 0.06987812657572089, 'subsample': 0.7119916374641136, 'colsample_bytree': 0.9077971732767748, 'min_child_weight': 2}. Best is trial 101 with value: 0.5977028409556696.
[I 2026-05-22 18:08:51,794] Trial 138 finished with value: 0.5461640014196959 and parameters: {'n_estimators': 195, 'learning_rate': 0.042503158638724566, 'subsample': 0.803044151473782, 'colsample_bytree': 0.6969638929660321, 'min_child_weight': 2}. Best is trial 101 with value: 0.5977028409556696.
[I 2026-05-22 18:08:52,520] Trial 139 finished with value: 0.5716452693465561 and parameters: {'n_estimators': 325, 'learning_rate': 0.026689615974393607, 'subsample': 0.8324952885690449, 'colsample_bytree': 0.6617450861096809, 'min_child_weight': 5}. Best is trial 101 with value: 0.5977028409556696.
[I 2026-05-22 18:08:53,203] Trial 140 finished with value: 0.5298789041046557 and parameters: {'n_estimators': 290, 'learning_rate': 0.011927506110875273, 'subsample': 0.7346417112775683, 'colsample_bytree': 0.6537658707755897, 'min_child_weight': 1}. Best is trial 101 with value: 0.5977028409556696.
[I 2026-05-22 18:08:53,988] Trial 141 finished with value: 0.5454440222317943 and parameters: {'n_estimators': 496, 'learning_rate': 0.029933377031564574, 'subsample': 0.923949778341854, 'colsample_bytree': 0.7018562619055055, 'min_child_weight': 7}. Best is trial 101 with value: 0.5977028409556696.
[I 2026-05-22 18:08:54,648] Trial 142 finished with value: 0.488766679413603 and parameters: {'n_estimators': 392, 'learning_rate': 0.07582818201673895, 'subsample': 0.7886304754200634, 'colsample_bytree': 0.7647363656589075, 'min_child_weight': 4}. Best is trial 101 with value: 0.5977028409556696.
[I 2026-05-22 18:08:55,322] Trial 143 finished with value: 0.47404719967815173 and parameters: {'n_estimators': 469, 'learning_rate': 0.16862640522400024, 'subsample': 0.986010764266605, 'colsample_bytree': 0.6497188893942178, 'min_child_weight': 8}. Best is trial 101 with value: 0.5977028409556696.
