[I 2026-05-15 16:48:01,959] Trial 237 finished with values: [0.5802645502645503, 1.7316656620457571] and parameters: {'n_estimators': 415, 'learning_rate': 0.2736872535680783, 'subsample': 0.9866619276174678, 'colsample_bytree': 0.7480634801021777, 'min_child_weight': 1}.
[I 2026-05-15 16:48:02,709] Trial 238 finished with values: [0.5044973544973546, 8.569231781184879] and parameters: {'n_estimators': 487, 'learning_rate': 0.16111511355977057, 'subsample': 0.7272013899887455, 'colsample_bytree': 0.6027808522124762, 'min_child_weight': 6}.
[I 2026-05-15 16:48:03,432] Trial 239 finished with values: [0.5952204585537919, 2.1535648756331818] and parameters: {'n_estimators': 420, 'learning_rate': 0.2536999076681772, 'subsample': 0.6390688456025535, 'colsample_bytree': 0.6149392754996857, 'min_child_weight': 1}.
[I 2026-05-15 16:48:04,205] Trial 240 finished with values: [0.5044620811287478, 3.3394194064707947] and parameters: {'n_estimators': 496, 'learning_rate': 0.09444774154985085, 'subsample': 0.7119735587783771, 'colsample_bytree': 0.9232481518257668, 'min_child_weight': 7}.
[I 2026-05-15 16:48:05,036] Trial 241 finished with values: [0.5345502645502646, 2.041167102846579] and parameters: {'n_estimators': 468, 'learning_rate': 0.11046009304545999, 'subsample': 0.7272013899887455, 'colsample_bytree': 0.6149392754996857, 'min_child_weight': 3}.
[I 2026-05-15 16:48:05,815] Trial 242 finished with values: [0.6017460317460317, 1.2644121053001571] and parameters: {'n_estimators': 398, 'learning_rate': 0.2536999076681772, 'subsample': 0.9329770563201687, 'colsample_bytree': 0.9760920965699831, 'min_child_weight': 4}.
[I 2026-05-15 16:48:06,569] Trial 243 finished with values: [0.5367548500881835, 2.101329944360148] and parameters: {'n_estimators': 377, 'learning_rate': 0.16155001304356414, 'subsample': 0.7272013899887455, 'colsample_bytree': 0.6325395122567599, 'min_child_weight': 1}.
[I 2026-05-15 16:48:07,325] Trial 244 finished with values: [0.5285361552028219, 1.48967008839776] and parameters: {'n_estimators': 474, 'learning_rate': 0.21149322814164553, 'subsample': 0.9659457560881795, 'colsample_bytree': 0.8532405829093072, 'min_child_weight': 1}.
[I 2026-05-15 16:48:08,032] Trial 245 finished with values: [0.5667195767195767, 1.7966366954528166] and parameters: {'n_estimators': 474, 'learning_rate': 0.16155001304356414, 'subsample': 0.7572390898667042, 'colsample_bytree': 0.9568186220708453, 'min_child_weight': 10}.
[I 2026-05-15 16:48:08,782] Trial 246 finished with values: [0.562962962962963, 1.3327230306642892] and parameters: {'n_estimators': 339, 'learning_rate': 0.25648866468880704, 'subsample': 0.8963074471016818, 'colsample_bytree': 0.9760920965699831, 'min_child_weight': 1}.
[I 2026-05-15 16:48:09,452] Trial 247 finished with values: [0.49178130511463836, 1.8420232613568566] and parameters: {'n_estimators': 293, 'learning_rate': 0.13962563737015762, 'subsample': 0.6746280235544143, 'colsample_bytree': 0.9570235993959911, 'min_child_weight': 3}.
[I 2026-05-15 16:48:10,169] Trial 248 finished with values: [0.48243386243386244, 14.442100675268907] and parameters: {'n_estimators': 280, 'learning_rate': 0.035714399098231424, 'subsample': 0.7552679704826087, 'colsample_bytree': 0.7482568588267564, 'min_child_weight': 1}.
[I 2026-05-15 16:48:11,009] Trial 249 finished with values: [0.6066843033509699, 2.6639897566643986] and parameters: {'n_estimators': 474, 'learning_rate': 0.25648866468880704, 'subsample': 0.7572390898667042, 'colsample_bytree': 0.9568186220708453, 'min_child_weight': 1}.
[I 2026-05-15 16:48:11,787] Trial 250 finished with values: [0.5634744268077602, 1.645745847749501] and parameters: {'n_estimators': 398, 'learning_rate': 0.15870971677383489, 'subsample': 0.7119735587783771, 'colsample_bytree': 0.9579309401710595, 'min_child_weight': 3}.
[I 2026-05-15 16:48:12,705] Trial 251 finished with values: [0.5520458553791887, 2.7210738283026084] and parameters: {'n_estimators': 477, 'learning_rate': 0.21068591627429098, 'subsample': 0.7119735587783771, 'colsample_bytree': 0.9944004255291483, 'min_child_weight': 2}.
[I 2026-05-15 16:48:13,608] Trial 252 finished with values: [0.58010582010582, 2.132484331333031] and parameters: {'n_estimators': 468, 'learning_rate': 0.129667438075127, 'subsample': 0.7505038342123663, 'colsample_bytree': 0.7480634801021777, 'min_child_weight': 1}.
[I 2026-05-15 16:48:14,340] Trial 253 finished with values: [0.5558024691358024, 2.0604712968578034] and parameters: {'n_estimators': 422, 'learning_rate': 0.2708160864249968, 'subsample': 0.7552679704826087, 'colsample_bytree': 0.6149392754996857, 'min_child_weight': 2}.
[I 2026-05-15 16:48:15,099] Trial 254 finished with values: [0.5317989417989418, 0.658128184652566] and parameters: {'n_estimators': 487, 'learning_rate': 0.2736872535680783, 'subsample': 0.9757995766256756, 'colsample_bytree': 0.9570235993959911, 'min_child_weight': 6}.
[I 2026-05-15 16:48:15,700] Trial 255 finished with values: [0.5574250440917108, 2.71316042495122] and parameters: {'n_estimators': 160, 'learning_rate': 0.2736872535680783, 'subsample': 0.6334002866794675, 'colsample_bytree': 0.9570235993959911, 'min_child_weight': 1}.
[I 2026-05-15 16:48:16,535] Trial 256 finished with values: [0.6192239858906526, 1.8838893951168507] and parameters: {'n_estimators': 457, 'learning_rate': 0.24584290528289388, 'subsample': 0.7119735587783771, 'colsample_bytree': 0.8021009489791429, 'min_child_weight': 1}.
[I 2026-05-15 16:48:17,262] Trial 257 finished with values: [0.5700705467372134, 1.8862187242869353] and parameters: {'n_estimators': 468, 'learning_rate': 0.24584290528289388, 'subsample': 0.9659457560881795, 'colsample_bytree': 0.9108587663709747, 'min_child_weight': 1}.
[I 2026-05-15 16:48:17,991] Trial 258 finished with values: [0.58679012345679, 1.137177011070344] and parameters: {'n_estimators': 301, 'learning_rate': 0.2536999076681772, 'subsample': 0.7552679704826087, 'colsample_bytree': 0.6149392754996857, 'min_child_weight': 1}.
[I 2026-05-15 16:48:18,693] Trial 259 finished with values: [0.5798236331569665, 1.7015758966597372] and parameters: {'n_estimators': 474, 'learning_rate': 0.2536999076681772, 'subsample': 0.9866619276174678, 'colsample_bytree': 0.7696888036987906, 'min_child_weight': 2}.
[I 2026-05-15 16:48:19,516] Trial 260 finished with values: [0.5655202821869489, 1.3189568586057583] and parameters: {'n_estimators': 474, 'learning_rate': 0.16155001304356414, 'subsample': 0.7119735587783771, 'colsample_bytree': 0.9568186220708453, 'min_child_weight': 3}.
[I 2026-05-15 16:48:20,231] Trial 261 finished with values: [0.5842857142857143, 5.677180176091428] and parameters: {'n_estimators': 414, 'learning_rate': 0.16111511355977057, 'subsample': 0.6746280235544143, 'colsample_bytree': 0.8118602313424026, 'min_child_weight': 2}.
[I 2026-05-15 16:48:20,931] Trial 262 finished with values: [0.5976190476190476, 0.9786031072458143] and parameters: {'n_estimators': 414, 'learning_rate': 0.16111511355977057, 'subsample': 0.6390688456025535, 'colsample_bytree': 0.9625417540378944, 'min_child_weight': 1}.
[I 2026-05-15 16:48:21,526] Trial 263 finished with values: [0.5683068783068783, 1.9212815268822827] and parameters: {'n_estimators': 280, 'learning_rate': 0.2536999076681772, 'subsample': 0.7272013899887455, 'colsample_bytree': 0.6149392754996857, 'min_child_weight': 1}.
[I 2026-05-15 16:48:21,953] Trial 264 finished with values: [0.3889770723104057, 7.371681974644394] and parameters: {'n_estimators': 100, 'learning_rate': 0.21149322814164553, 'subsample': 0.9329770563201687, 'colsample_bytree': 0.9760920965699831, 'min_child_weight': 6}.
[I 2026-05-15 16:48:22,743] Trial 265 finished with values: [0.5162081128747795, 4.072905623002574] and parameters: {'n_estimators': 474, 'learning_rate': 0.042902233912047165, 'subsample': 0.6746280235544143, 'colsample_bytree': 0.9854479908357011, 'min_child_weight': 1}.
[I 2026-05-15 16:48:23,300] Trial 266 finished with values: [0.5649206349206348, 1.5806026374807967] and parameters: {'n_estimators': 238, 'learning_rate': 0.2536999076681772, 'subsample': 0.7272013899887455, 'colsample_bytree': 0.6440207698110707, 'min_child_weight': 2}.
[I 2026-05-15 16:48:24,003] Trial 267 finished with values: [0.6100176366843033, 1.8939594747818034] and parameters: {'n_estimators': 398, 'learning_rate': 0.2536999076681772, 'subsample': 0.9329770563201687, 'colsample_bytree': 0.9760920965699831, 'min_child_weight': 1}.
[I 2026-05-15 16:48:24,882] Trial 268 finished with values: [0.5977777777777777, 2.390853842921859] and parameters: {'n_estimators': 487, 'learning_rate': 0.2536999076681772, 'subsample': 0.6390688456025535, 'colsample_bytree': 0.9568186220708453, 'min_child_weight': 1}.
[I 2026-05-15 16:48:25,530] Trial 269 finished with values: [0.5664902998236332, 5.4995744882789355] and parameters: {'n_estimators': 238, 'learning_rate': 0.053415464843459444, 'subsample': 0.6390688456025535, 'colsample_bytree': 0.6149392754996857, 'min_child_weight': 1}.
[I 2026-05-15 16:48:26,369] Trial 270 finished with values: [0.5125044091710758, 0.4152317210432974] and parameters: {'n_estimators': 414, 'learning_rate': 0.21149322814164553, 'subsample': 0.7272013899887455, 'colsample_bytree': 0.6440207698110707, 'min_child_weight': 7}.
[I 2026-05-15 16:48:27,178] Trial 271 finished with values: [0.6100176366843033, 1.8939594747818034] and parameters: {'n_estimators': 398, 'learning_rate': 0.2536999076681772, 'subsample': 0.9329770563201687, 'colsample_bytree': 0.9760920965699831, 'min_child_weight': 1}.
[I 2026-05-15 16:48:27,984] Trial 272 finished with values: [0.5745326278659613, 0.8302409167808478] and parameters: {'n_estimators': 468, 'learning_rate': 0.16155001304356414, 'subsample': 0.6479461469334731, 'colsample_bytree': 0.9425959364753289, 'min_child_weight': 2}.
[I 2026-05-15 16:48:28,868] Trial 273 finished with values: [0.5069488536155203, 1.9649652132902937] and parameters: {'n_estimators': 474, 'learning_rate': 0.049234393858490974, 'subsample': 0.6225213102727349, 'colsample_bytree': 0.6475271665072287, 'min_child_weight': 1}.
[I 2026-05-15 16:48:29,481] Trial 274 finished with values: [0.5103350970017637, 6.764327150499883] and parameters: {'n_estimators': 160, 'learning_rate': 0.2536999076681772, 'subsample': 0.6470104987108419, 'colsample_bytree': 0.8118602313424026, 'min_child_weight': 7}.
[I 2026-05-15 16:48:30,247] Trial 275 finished with values: [0.5480070546737213, 1.1494591455956873] and parameters: {'n_estimators': 386, 'learning_rate': 0.24144271975982237, 'subsample': 0.7272013899887455, 'colsample_bytree': 0.6440207698110707, 'min_child_weight': 7}.
[I 2026-05-15 16:48:30,846] Trial 276 finished with values: [0.5861199294532626, 2.6729919799864126] and parameters: {'n_estimators': 160, 'learning_rate': 0.2736872535680783, 'subsample': 0.8012545034320351, 'colsample_bytree': 0.9570235993959911, 'min_child_weight': 1}.
[I 2026-05-15 16:48:31,673] Trial 277 finished with values: [0.551710758377425, 2.684745694180018] and parameters: {'n_estimators': 468, 'learning_rate': 0.2536999076681772, 'subsample': 0.8333475060388639, 'colsample_bytree': 0.9425959364753289, 'min_child_weight': 2}.
[I 2026-05-15 16:48:32,373] Trial 278 finished with values: [0.5133686067019401, 1.2154157194501793] and parameters: {'n_estimators': 398, 'learning_rate': 0.2536999076681772, 'subsample': 0.6746280235544143, 'colsample_bytree': 0.9570235993959911, 'min_child_weight': 10}.
[I 2026-05-15 16:48:33,222] Trial 279 finished with values: [0.5968959435626102, 3.836139412915297] and parameters: {'n_estimators': 468, 'learning_rate': 0.2736872535680783, 'subsample': 0.7499482318094817, 'colsample_bytree': 0.7142848345127443, 'min_child_weight': 1}.
[I 2026-05-15 16:48:34,033] Trial 280 finished with values: [0.6268430335097002, 1.580305411887124] and parameters: {'n_estimators': 474, 'learning_rate': 0.25648866468880704, 'subsample': 0.9474396512757841, 'colsample_bytree': 0.9570235993959911, 'min_child_weight': 3}.
[I 2026-05-15 16:48:34,889] Trial 281 finished with values: [0.5465784832451499, 1.8536621571582637] and parameters: {'n_estimators': 487, 'learning_rate': 0.26472593204036643, 'subsample': 0.9866619276174678, 'colsample_bytree': 0.9854479908357011, 'min_child_weight': 1}.
[I 2026-05-15 16:48:35,452] Trial 282 finished with values: [0.47252204585537927, 3.4118360274669164] and parameters: {'n_estimators': 238, 'learning_rate': 0.16155001304356414, 'subsample': 0.6048617898759265, 'colsample_bytree': 0.8021009489791429, 'min_child_weight': 6}.
[I 2026-05-15 16:48:36,074] Trial 283 finished with values: [0.6050970017636684, 2.885538260488681] and parameters: {'n_estimators': 474, 'learning_rate': 0.2536999076681772, 'subsample': 0.9329770563201687, 'colsample_bytree': 0.9879515306830556, 'min_child_weight': 2}.
[I 2026-05-15 16:48:36,908] Trial 284 finished with values: [0.5137742504409172, 1.470683876755545] and parameters: {'n_estimators': 415, 'learning_rate': 0.25648866468880704, 'subsample': 0.9866619276174678, 'colsample_bytree': 0.6172639647802304, 'min_child_weight': 1}.
[I 2026-05-15 16:48:37,790] Trial 285 finished with values: [0.5306349206349206, 1.1614564292646052] and parameters: {'n_estimators': 468, 'learning_rate': 0.20716979401768126, 'subsample': 0.8110804436345199, 'colsample_bytree': 0.9971859184477201, 'min_child_weight': 1}.
[I 2026-05-15 16:48:38,693] Trial 286 finished with values: [0.6066843033509699, 2.6639897566643986] and parameters: {'n_estimators': 474, 'learning_rate': 0.25648866468880704, 'subsample': 0.7572390898667042, 'colsample_bytree': 0.9568186220708453, 'min_child_weight': 1}.
[I 2026-05-15 16:48:39,494] Trial 287 finished with values: [0.617989417989418, 2.3456253791039834] and parameters: {'n_estimators': 415, 'learning_rate': 0.2736872535680783, 'subsample': 0.6479461469334731, 'colsample_bytree': 0.8118602313424026, 'min_child_weight': 1}.
[I 2026-05-15 16:48:40,258] Trial 288 finished with values: [0.5637566137566137, 0.35781495437171346] and parameters: {'n_estimators': 415, 'learning_rate': 0.2536999076681772, 'subsample': 0.9659457560881795, 'colsample_bytree': 0.6149392754996857, 'min_child_weight': 1}.
[I 2026-05-15 16:48:40,981] Trial 289 finished with values: [0.5677425044091711, 0.957618846656184] and parameters: {'n_estimators': 308, 'learning_rate': 0.2736872535680783, 'subsample': 0.6295186258941595, 'colsample_bytree': 0.7793782087913279, 'min_child_weight': 1}.
[I 2026-05-15 16:48:41,738] Trial 290 finished with values: [0.6140564373897708, 2.132146420072298] and parameters: {'n_estimators': 474, 'learning_rate': 0.25648866468880704, 'subsample': 0.9659457560881795, 'colsample_bytree': 0.8215417137605283, 'min_child_weight': 1}.
[I 2026-05-15 16:48:42,573] Trial 291 finished with values: [0.6108641975308642, 1.0935904516369925] and parameters: {'n_estimators': 474, 'learning_rate': 0.25648866468880704, 'subsample': 0.9659457560881795, 'colsample_bytree': 0.7480634801021777, 'min_child_weight': 1}.
[I 2026-05-15 16:48:43,297] Trial 292 finished with values: [0.5393474426807761, 2.0352617419756305] and parameters: {'n_estimators': 474, 'learning_rate': 0.16155001304356414, 'subsample': 0.8690073824308153, 'colsample_bytree': 0.9568186220708453, 'min_child_weight': 3}.
[I 2026-05-15 16:48:44,098] Trial 293 finished with values: [0.5997530864197531, 1.2029273163538967] and parameters: {'n_estimators': 414, 'learning_rate': 0.21149322814164553, 'subsample': 0.9329770563201687, 'colsample_bytree': 0.9760920965699831, 'min_child_weight': 3}.
[I 2026-05-15 16:48:44,996] Trial 294 finished with values: [0.540246913580247, 2.654977200482886] and parameters: {'n_estimators': 487, 'learning_rate': 0.2736872535680783, 'subsample': 0.8012545034320351, 'colsample_bytree': 0.8092391376680595, 'min_child_weight': 3}.
[I 2026-05-15 16:48:45,680] Trial 295 finished with values: [0.5684126984126984, 1.2600482381706946] and parameters: {'n_estimators': 414, 'learning_rate': 0.2736872535680783, 'subsample': 0.6390688456025535, 'colsample_bytree': 0.8118602313424026, 'min_child_weight': 1}.
[I 2026-05-15 16:48:46,497] Trial 296 finished with values: [0.5406878306878307, 2.075823471493176] and parameters: {'n_estimators': 398, 'learning_rate': 0.08505465867325865, 'subsample': 0.9757995766256756, 'colsample_bytree': 0.9579309401710595, 'min_child_weight': 1}.
[I 2026-05-15 16:48:47,191] Trial 297 finished with values: [0.5023633156966489, 2.0452913275737656] and parameters: {'n_estimators': 474, 'learning_rate': 0.25648866468880704, 'subsample': 0.9659457560881795, 'colsample_bytree': 0.8782994755938469, 'min_child_weight': 5}.
[I 2026-05-15 16:48:47,962] Trial 298 finished with values: [0.5474426807760141, 2.867558310265225] and parameters: {'n_estimators': 468, 'learning_rate': 0.0845238710259589, 'subsample': 0.7272013899887455, 'colsample_bytree': 0.8118602313424026, 'min_child_weight': 2}.
[I 2026-05-15 16:48:48,660] Trial 299 finished with values: [0.5776543209876543, 1.9868717013924357] and parameters: {'n_estimators': 313, 'learning_rate': 0.21434810637527812, 'subsample': 0.9757995766256756, 'colsample_bytree': 0.9570235993959911, 'min_child_weight': 2}.
[I 2026-05-15 16:48:49,421] Trial 300 finished with values: [0.48042328042328036, 4.446505073713142] and parameters: {'n_estimators': 474, 'learning_rate': 0.01167158438611932, 'subsample': 0.7272013899887455, 'colsample_bytree': 0.9570235993959911, 'min_child_weight': 3}.
[I 2026-05-15 16:48:49,916] Trial 301 finished with values: [0.4264902998236331, 7.309631189712394] and parameters: {'n_estimators': 176, 'learning_rate': 0.2536999076681772, 'subsample': 0.9329770563201687, 'colsample_bytree': 0.9760920965699831, 'min_child_weight': 6}.
[I 2026-05-15 16:48:50,759] Trial 302 finished with values: [0.5806349206349207, 1.9301139371117177] and parameters: {'n_estimators': 474, 'learning_rate': 0.2536999076681772, 'subsample': 0.9801645936306235, 'colsample_bytree': 0.9760920965699831, 'min_child_weight': 1}.
[I 2026-05-15 16:48:51,565] Trial 303 finished with values: [0.5944797178130511, 2.0241262470915196] and parameters: {'n_estimators': 414, 'learning_rate': 0.24584290528289388, 'subsample': 0.7272013899887455, 'colsample_bytree': 0.8532405829093072, 'min_child_weight': 1}.
[I 2026-05-15 16:48:52,302] Trial 304 finished with values: [0.5695238095238095, 0.6523332245609194] and parameters: {'n_estimators': 474, 'learning_rate': 0.25648866468880704, 'subsample': 0.9757995766256756, 'colsample_bytree': 0.9568186220708453, 'min_child_weight': 1}.
[I 2026-05-15 16:48:53,083] Trial 305 finished with values: [0.4972663139329806, 12.499020383676223] and parameters: {'n_estimators': 414, 'learning_rate': 0.20655112155089347, 'subsample': 0.9659457560881795, 'colsample_bytree': 0.7480634801021777, 'min_child_weight': 7}.
[I 2026-05-15 16:48:53,892] Trial 306 finished with values: [0.5940740740740741, 1.5342764608404105] and parameters: {'n_estimators': 422, 'learning_rate': 0.2536999076681772, 'subsample': 0.7822627011142852, 'colsample_bytree': 0.8480530391206147, 'min_child_weight': 1}.
[I 2026-05-15 16:48:54,633] Trial 307 finished with values: [0.5458730158730158, 1.8248052729864128] and parameters: {'n_estimators': 414, 'learning_rate': 0.16111511355977057, 'subsample': 0.6746280235544143, 'colsample_bytree': 0.9625417540378944, 'min_child_weight': 1}.
[I 2026-05-15 16:48:55,260] Trial 308 finished with values: [0.41596119929453257, 7.092356900604287] and parameters: {'n_estimators': 175, 'learning_rate': 0.24584290528289388, 'subsample': 0.7119735587783771, 'colsample_bytree': 0.6149392754996857, 'min_child_weight': 1}.
[I 2026-05-15 16:48:56,105] Trial 309 finished with values: [0.585432098765432, 2.8671156254948267] and parameters: {'n_estimators': 474, 'learning_rate': 0.2536999076681772, 'subsample': 0.9329770563201687, 'colsample_bytree': 0.9213923721539394, 'min_child_weight': 2}.
[I 2026-05-15 16:48:56,963] Trial 310 finished with values: [0.537336860670194, 1.3126117206162682] and parameters: {'n_estimators': 468, 'learning_rate': 0.16155001304356414, 'subsample': 0.9659457560881795, 'colsample_bytree': 0.7854793619759929, 'min_child_weight': 1}.
[I 2026-05-15 16:48:57,866] Trial 311 finished with values: [0.6108641975308642, 1.0935904516369925] and parameters: {'n_estimators': 474, 'learning_rate': 0.25648866468880704, 'subsample': 0.9659457560881795, 'colsample_bytree': 0.7413408912104211, 'min_child_weight': 1}.
[I 2026-05-15 16:48:58,897] Trial 312 finished with values: [0.5416402116402116, 4.035669013069177] and parameters: {'n_estimators': 474, 'learning_rate': 0.07279991098092103, 'subsample': 0.6310938547859939, 'colsample_bytree': 0.9213923721539394, 'min_child_weight': 1}.
[I 2026-05-15 16:48:59,806] Trial 313 finished with values: [0.5676190476190477, 2.3617501246717794] and parameters: {'n_estimators': 474, 'learning_rate': 0.27497884337724565, 'subsample': 0.9659457560881795, 'colsample_bytree': 0.9944842977918411, 'min_child_weight': 1}.
[I 2026-05-15 16:49:00,557] Trial 314 finished with values: [0.4579717813051146, 10.90210856791083] and parameters: {'n_estimators': 364, 'learning_rate': 0.06192689958760303, 'subsample': 0.7272013899887455, 'colsample_bytree': 0.6440207698110707, 'min_child_weight': 7}.
[I 2026-05-15 16:49:01,254] Trial 315 finished with values: [0.6100176366843033, 1.8939594747818034] and parameters: {'n_estimators': 398, 'learning_rate': 0.2536999076681772, 'subsample': 0.9329770563201687, 'colsample_bytree': 0.9760920965699831, 'min_child_weight': 1}.
[I 2026-05-15 16:49:01,941] Trial 316 finished with values: [0.48550264550264555, 2.601268151377714] and parameters: {'n_estimators': 301, 'learning_rate': 0.21149322814164553, 'subsample': 0.7272013899887455, 'colsample_bytree': 0.7238110465145311, 'min_child_weight': 9}.
