[I 2026-05-15 16:47:04,048] Trial 157 finished with values: [0.5682098765432099, 1.1735149179737192] and parameters: {'n_estimators': 487, 'learning_rate': 0.042902233912047165, 'subsample': 0.9866619276174678, 'colsample_bytree': 0.9854479908357011, 'min_child_weight': 1}.
[I 2026-05-15 16:47:04,757] Trial 158 finished with values: [0.5622222222222223, 0.8235319149700105] and parameters: {'n_estimators': 474, 'learning_rate': 0.2536999076681772, 'subsample': 0.9866619276174678, 'colsample_bytree': 0.7480634801021777, 'min_child_weight': 2}.
[I 2026-05-15 16:47:05,640] Trial 159 finished with values: [0.509347442680776, 1.1702147582176408] and parameters: {'n_estimators': 487, 'learning_rate': 0.16155001304356414, 'subsample': 0.6479461469334731, 'colsample_bytree': 0.6027808522124762, 'min_child_weight': 6}.
[I 2026-05-15 16:47:06,425] Trial 160 finished with values: [0.48126984126984124, 4.259709420924646] and parameters: {'n_estimators': 443, 'learning_rate': 0.042902233912047165, 'subsample': 0.6746280235544143, 'colsample_bytree': 0.6282274989601719, 'min_child_weight': 9}.
[I 2026-05-15 16:47:07,150] Trial 161 finished with values: [0.5778483245149911, 3.1723081677676443] and parameters: {'n_estimators': 339, 'learning_rate': 0.25648866468880704, 'subsample': 0.8963074471016818, 'colsample_bytree': 0.7480634801021777, 'min_child_weight': 1}.
[I 2026-05-15 16:47:07,566] Trial 162 finished with values: [0.46785714285714286, 3.699497894271995] and parameters: {'n_estimators': 61, 'learning_rate': 0.07332660227137139, 'subsample': 0.9866619276174678, 'colsample_bytree': 0.9854479908357011, 'min_child_weight': 9}.
[I 2026-05-15 16:47:08,259] Trial 163 finished with values: [0.5662081128747796, 1.1984454834703508] and parameters: {'n_estimators': 414, 'learning_rate': 0.21149322814164553, 'subsample': 0.9329770563201687, 'colsample_bytree': 0.9760920965699831, 'min_child_weight': 4}.
[I 2026-05-15 16:47:08,891] Trial 164 finished with values: [0.5128924162257495, 1.0583707398704727] and parameters: {'n_estimators': 238, 'learning_rate': 0.2536999076681772, 'subsample': 0.6390688456025535, 'colsample_bytree': 0.6149392754996857, 'min_child_weight': 6}.
[I 2026-05-15 16:47:09,492] Trial 165 finished with values: [0.5805643738977072, 1.47410981170103] and parameters: {'n_estimators': 280, 'learning_rate': 0.2536999076681772, 'subsample': 0.7552679704826087, 'colsample_bytree': 0.6149392754996857, 'min_child_weight': 1}.
[I 2026-05-15 16:47:10,191] Trial 166 finished with values: [0.418641975308642, 6.790976729978095] and parameters: {'n_estimators': 468, 'learning_rate': 0.042902233912047165, 'subsample': 0.8573152873769412, 'colsample_bytree': 0.7833011561966067, 'min_child_weight': 3}.
[I 2026-05-15 16:47:10,943] Trial 167 finished with values: [0.5958553791887126, 1.9558998341791074] and parameters: {'n_estimators': 414, 'learning_rate': 0.16111511355977057, 'subsample': 0.7272013899887455, 'colsample_bytree': 0.8118602313424026, 'min_child_weight': 2}.
[I 2026-05-15 16:47:11,687] Trial 168 finished with values: [0.5423633156966491, 2.1021756369323272] and parameters: {'n_estimators': 296, 'learning_rate': 0.21068591627429098, 'subsample': 0.7119735587783771, 'colsample_bytree': 0.7480634801021777, 'min_child_weight': 3}.
[I 2026-05-15 16:47:12,326] Trial 169 finished with values: [0.4798853615520282, 4.128130348278166] and parameters: {'n_estimators': 160, 'learning_rate': 0.029385442161128397, 'subsample': 0.7572390898667042, 'colsample_bytree': 0.8118602313424026, 'min_child_weight': 1}.
[I 2026-05-15 16:47:13,196] Trial 170 finished with values: [0.5672486772486772, 1.1835581658675647] and parameters: {'n_estimators': 468, 'learning_rate': 0.24584290528289388, 'subsample': 0.9659457560881795, 'colsample_bytree': 0.8532405829093072, 'min_child_weight': 1}.
[I 2026-05-15 16:47:13,991] Trial 171 finished with values: [0.5806349206349207, 2.1713386550728755] and parameters: {'n_estimators': 474, 'learning_rate': 0.25648866468880704, 'subsample': 0.9659457560881795, 'colsample_bytree': 0.9570235993959911, 'min_child_weight': 1}.
[I 2026-05-15 16:47:14,696] Trial 172 finished with values: [0.5689065255731922, 2.6515011990931976] and parameters: {'n_estimators': 398, 'learning_rate': 0.2536999076681772, 'subsample': 0.7544410551203097, 'colsample_bytree': 0.9844762255295657, 'min_child_weight': 3}.
[I 2026-05-15 16:47:15,400] Trial 173 finished with values: [0.5304232804232804, 2.5364923603315486] and parameters: {'n_estimators': 458, 'learning_rate': 0.2063696403063293, 'subsample': 0.7168578594140873, 'colsample_bytree': 0.7970070775275455, 'min_child_weight': 5}.
[I 2026-05-15 16:47:16,129] Trial 174 finished with values: [0.49380070546737215, 10.77380803218514] and parameters: {'n_estimators': 398, 'learning_rate': 0.019462886350651437, 'subsample': 0.9022204554172195, 'colsample_bytree': 0.7480634801021777, 'min_child_weight': 10}.
[I 2026-05-15 16:47:16,814] Trial 175 finished with values: [0.5743121693121693, 10.108679802671865] and parameters: {'n_estimators': 415, 'learning_rate': 0.019721610970574007, 'subsample': 0.9659457560881795, 'colsample_bytree': 0.7480634801021777, 'min_child_weight': 1}.
[I 2026-05-15 16:47:17,545] Trial 176 finished with values: [0.46218694885361555, 21.199080544254947] and parameters: {'n_estimators': 487, 'learning_rate': 0.042902233912047165, 'subsample': 0.9866619276174678, 'colsample_bytree': 0.7480634801021777, 'min_child_weight': 9}.
[I 2026-05-15 16:47:18,375] Trial 177 finished with values: [0.48991181657848315, 13.116992909417041] and parameters: {'n_estimators': 474, 'learning_rate': 0.042902233912047165, 'subsample': 0.9866619276174678, 'colsample_bytree': 0.9568186220708453, 'min_child_weight': 2}.
[I 2026-05-15 16:47:19,137] Trial 178 finished with values: [0.47018518518518515, 2.9126756767498625] and parameters: {'n_estimators': 346, 'learning_rate': 0.010639368372762009, 'subsample': 0.9022204554172195, 'colsample_bytree': 0.6377771843023713, 'min_child_weight': 10}.
[I 2026-05-15 16:47:20,027] Trial 179 finished with values: [0.4984126984126984, 7.139247740341598] and parameters: {'n_estimators': 487, 'learning_rate': 0.10206664092951903, 'subsample': 0.6284754593840916, 'colsample_bytree': 0.7275902521175045, 'min_child_weight': 6}.
[I 2026-05-15 16:47:20,566] Trial 180 finished with values: [0.4538271604938272, 2.2110075422058983] and parameters: {'n_estimators': 91, 'learning_rate': 0.21149322814164553, 'subsample': 0.7572390898667042, 'colsample_bytree': 0.8532405829093072, 'min_child_weight': 4}.
[I 2026-05-15 16:47:21,275] Trial 181 finished with values: [0.4782275132275132, 6.142563998260721] and parameters: {'n_estimators': 415, 'learning_rate': 0.029994793096631372, 'subsample': 0.9379501243877818, 'colsample_bytree': 0.7480634801021777, 'min_child_weight': 9}.
[I 2026-05-15 16:47:21,787] Trial 182 finished with values: [0.49502645502645504, 1.993714212365004] and parameters: {'n_estimators': 60, 'learning_rate': 0.2536999076681772, 'subsample': 0.6390688456025535, 'colsample_bytree': 0.6149392754996857, 'min_child_weight': 1}.
[I 2026-05-15 16:47:22,678] Trial 183 finished with values: [0.46079365079365076, 5.241857270741171] and parameters: {'n_estimators': 474, 'learning_rate': 0.019721610970574007, 'subsample': 0.7572390898667042, 'colsample_bytree': 0.7480634801021777, 'min_child_weight': 1}.
[I 2026-05-15 16:47:23,488] Trial 184 finished with values: [0.5373456790123458, 3.4746451018945477] and parameters: {'n_estimators': 417, 'learning_rate': 0.029385442161128397, 'subsample': 0.9757995766256756, 'colsample_bytree': 0.8118602313424026, 'min_child_weight': 2}.
[I 2026-05-15 16:47:23,961] Trial 185 finished with values: [0.5268077601410935, 1.300429605999684] and parameters: {'n_estimators': 120, 'learning_rate': 0.25648866468880704, 'subsample': 0.8550229885420852, 'colsample_bytree': 0.8118602313424026, 'min_child_weight': 1}.
[I 2026-05-15 16:47:24,711] Trial 186 finished with values: [0.5317989417989418, 0.658128184652566] and parameters: {'n_estimators': 487, 'learning_rate': 0.2736872535680783, 'subsample': 0.9757995766256756, 'colsample_bytree': 0.9568186220708453, 'min_child_weight': 6}.
[I 2026-05-15 16:47:25,578] Trial 187 finished with values: [0.48093474426807764, 5.967242778873272] and parameters: {'n_estimators': 487, 'learning_rate': 0.042902233912047165, 'subsample': 0.7572390898667042, 'colsample_bytree': 0.7127419099093599, 'min_child_weight': 2}.
[I 2026-05-15 16:47:26,482] Trial 188 finished with values: [0.5078835978835978, 8.447405472253187] and parameters: {'n_estimators': 487, 'learning_rate': 0.029385442161128397, 'subsample': 0.8786948661456602, 'colsample_bytree': 0.9579309401710595, 'min_child_weight': 1}.
[I 2026-05-15 16:47:27,346] Trial 189 finished with values: [0.617442680776014, 2.8434865333496977] and parameters: {'n_estimators': 468, 'learning_rate': 0.2536999076681772, 'subsample': 0.6390688456025535, 'colsample_bytree': 0.8118602313424026, 'min_child_weight': 1}.
[I 2026-05-15 16:47:28,139] Trial 190 finished with values: [0.5119223985890653, 3.274573530122125] and parameters: {'n_estimators': 414, 'learning_rate': 0.2536999076681772, 'subsample': 0.7272013899887455, 'colsample_bytree': 0.6149392754996857, 'min_child_weight': 7}.
[I 2026-05-15 16:47:28,894] Trial 191 finished with values: [0.5929453262786597, 1.8113994116696148] and parameters: {'n_estimators': 333, 'learning_rate': 0.19775731712985178, 'subsample': 0.7272013899887455, 'colsample_bytree': 0.7350460685614512, 'min_child_weight': 3}.
[I 2026-05-15 16:47:29,801] Trial 192 finished with values: [0.5253791887125221, 4.129575621274758] and parameters: {'n_estimators': 474, 'learning_rate': 0.1218397677644799, 'subsample': 0.7572390898667042, 'colsample_bytree': 0.8532405829093072, 'min_child_weight': 4}.
[I 2026-05-15 16:47:30,583] Trial 193 finished with values: [0.4310229276895943, 6.753411879333404] and parameters: {'n_estimators': 377, 'learning_rate': 0.042902233912047165, 'subsample': 0.6479461469334731, 'colsample_bytree': 0.8118602313424026, 'min_child_weight': 1}.
[I 2026-05-15 16:47:31,445] Trial 194 finished with values: [0.6204232804232804, 0.9824177327352512] and parameters: {'n_estimators': 474, 'learning_rate': 0.25648866468880704, 'subsample': 0.6746280235544143, 'colsample_bytree': 0.9213923721539394, 'min_child_weight': 1}.
[I 2026-05-15 16:47:32,045] Trial 195 finished with values: [0.45552028218694884, 3.3626881138382245] and parameters: {'n_estimators': 293, 'learning_rate': 0.02609752135980675, 'subsample': 0.7168578594140873, 'colsample_bytree': 0.6709758175118891, 'min_child_weight': 5}.
[I 2026-05-15 16:47:32,703] Trial 196 finished with values: [0.5466137566137566, 1.3394195552710886] and parameters: {'n_estimators': 280, 'learning_rate': 0.2536999076681772, 'subsample': 0.9002459006563434, 'colsample_bytree': 0.6180909155642152, 'min_child_weight': 8}.
[I 2026-05-15 16:47:33,468] Trial 197 finished with values: [0.43336860670194, 10.546771678488858] and parameters: {'n_estimators': 413, 'learning_rate': 0.11812030596598909, 'subsample': 0.9588441039810308, 'colsample_bytree': 0.954834569706047, 'min_child_weight': 10}.
[I 2026-05-15 16:47:34,278] Trial 198 finished with values: [0.5667019400352733, 0.8831532589282173] and parameters: {'n_estimators': 474, 'learning_rate': 0.25648866468880704, 'subsample': 0.9659457560881795, 'colsample_bytree': 0.6149392754996857, 'min_child_weight': 1}.
[I 2026-05-15 16:47:35,044] Trial 199 finished with values: [0.5896119929453263, 1.9157264494606614] and parameters: {'n_estimators': 496, 'learning_rate': 0.21068591627429098, 'subsample': 0.7119735587783771, 'colsample_bytree': 0.9579309401710595, 'min_child_weight': 3}.
[I 2026-05-15 16:47:35,736] Trial 200 finished with values: [0.505273368606702, 2.2446590983237718] and parameters: {'n_estimators': 414, 'learning_rate': 0.2536999076681772, 'subsample': 0.7650470707645706, 'colsample_bytree': 0.9760920965699831, 'min_child_weight': 4}.
[I 2026-05-15 16:47:36,449] Trial 201 finished with values: [0.47931216931216936, 1.5602955273640402] and parameters: {'n_estimators': 339, 'learning_rate': 0.10666901691534954, 'subsample': 0.8963074471016818, 'colsample_bytree': 0.9105651842967988, 'min_child_weight': 1}.
[I 2026-05-15 16:47:36,978] Trial 202 finished with values: [0.5741269841269842, 53.186124527207994] and parameters: {'n_estimators': 203, 'learning_rate': 0.10666901691534954, 'subsample': 0.9022204554172195, 'colsample_bytree': 0.6915192661966489, 'min_child_weight': 10}.
[I 2026-05-15 16:47:37,742] Trial 203 finished with values: [0.46042328042328046, 6.2542918028028] and parameters: {'n_estimators': 408, 'learning_rate': 0.09444774154985085, 'subsample': 0.7272013899887455, 'colsample_bytree': 0.6440207698110707, 'min_child_weight': 7}.
[I 2026-05-15 16:47:38,430] Trial 204 finished with values: [0.49719576719576725, 4.831874962987307] and parameters: {'n_estimators': 437, 'learning_rate': 0.2536999076681772, 'subsample': 0.9002459006563434, 'colsample_bytree': 0.6180909155642152, 'min_child_weight': 6}.
[I 2026-05-15 16:47:39,146] Trial 205 finished with values: [0.5581481481481482, 3.252892570200884] and parameters: {'n_estimators': 474, 'learning_rate': 0.1538583627271404, 'subsample': 0.6746280235544143, 'colsample_bytree': 0.9568186220708453, 'min_child_weight': 6}.
[I 2026-05-15 16:47:39,684] Trial 206 finished with values: [0.43047619047619046, 5.724702562089976] and parameters: {'n_estimators': 243, 'learning_rate': 0.12856643861355183, 'subsample': 0.9018171496338729, 'colsample_bytree': 0.6149392754996857, 'min_child_weight': 1}.
[I 2026-05-15 16:47:40,264] Trial 207 finished with values: [0.5346913580246914, 2.8824300945188925] and parameters: {'n_estimators': 280, 'learning_rate': 0.2536999076681772, 'subsample': 0.7552679704826087, 'colsample_bytree': 0.641249547534373, 'min_child_weight': 3}.
[I 2026-05-15 16:47:41,145] Trial 208 finished with values: [0.6049206349206349, 0.9818257771101692] and parameters: {'n_estimators': 457, 'learning_rate': 0.21068591627429098, 'subsample': 0.7119735587783771, 'colsample_bytree': 0.8021009489791429, 'min_child_weight': 3}.
[I 2026-05-15 16:47:41,897] Trial 209 finished with values: [0.6007936507936508, 1.7961171004159588] and parameters: {'n_estimators': 422, 'learning_rate': 0.2536999076681772, 'subsample': 0.7552679704826087, 'colsample_bytree': 0.6149392754996857, 'min_child_weight': 1}.
[I 2026-05-15 16:47:42,775] Trial 210 finished with values: [0.580299823633157, 2.3972319804495514] and parameters: {'n_estimators': 487, 'learning_rate': 0.16111511355977057, 'subsample': 0.7272013899887455, 'colsample_bytree': 0.9854479908357011, 'min_child_weight': 2}.
[I 2026-05-15 16:47:43,294] Trial 211 finished with values: [0.46245149911816574, 2.779830069985579] and parameters: {'n_estimators': 194, 'learning_rate': 0.019721610970574007, 'subsample': 0.7572390898667042, 'colsample_bytree': 0.9568186220708453, 'min_child_weight': 9}.
[I 2026-05-15 16:47:43,965] Trial 212 finished with values: [0.5888712522045856, 4.77538048844313] and parameters: {'n_estimators': 225, 'learning_rate': 0.2736872535680783, 'subsample': 0.7572390898667042, 'colsample_bytree': 0.8118602313424026, 'min_child_weight': 1}.
[I 2026-05-15 16:47:44,579] Trial 213 finished with values: [0.5255202821869489, 1.6763632884221846] and parameters: {'n_estimators': 160, 'learning_rate': 0.25648866468880704, 'subsample': 0.6043350605921193, 'colsample_bytree': 0.9570235993959911, 'min_child_weight': 1}.
[I 2026-05-15 16:47:45,168] Trial 214 finished with values: [0.5234215167548502, 2.4716052546219505] and parameters: {'n_estimators': 280, 'learning_rate': 0.21744977418953557, 'subsample': 0.8006065178748798, 'colsample_bytree': 0.8532405829093072, 'min_child_weight': 1}.
[I 2026-05-15 16:47:45,862] Trial 215 finished with values: [0.4699911816578483, 31.571014843904777] and parameters: {'n_estimators': 414, 'learning_rate': 0.029625450352016573, 'subsample': 0.9329770563201687, 'colsample_bytree': 0.9579309401710595, 'min_child_weight': 4}.
[I 2026-05-15 16:47:46,664] Trial 216 finished with values: [0.41841269841269846, 7.275347146599557] and parameters: {'n_estimators': 478, 'learning_rate': 0.24144271975982237, 'subsample': 0.7272013899887455, 'colsample_bytree': 0.6440207698110707, 'min_child_weight': 10}.
[I 2026-05-15 16:47:47,470] Trial 217 finished with values: [0.5637566137566137, 0.35781495437171346] and parameters: {'n_estimators': 415, 'learning_rate': 0.2536999076681772, 'subsample': 0.9659457560881795, 'colsample_bytree': 0.6149392754996857, 'min_child_weight': 1}.
[I 2026-05-15 16:47:48,205] Trial 218 finished with values: [0.6004056437389771, 2.7475038277141914] and parameters: {'n_estimators': 308, 'learning_rate': 0.25648866468880704, 'subsample': 0.8527348848679197, 'colsample_bytree': 0.7793782087913279, 'min_child_weight': 1}.
[I 2026-05-15 16:47:48,849] Trial 219 finished with values: [0.48167548500881835, 3.283577516379391] and parameters: {'n_estimators': 182, 'learning_rate': 0.03058280993112278, 'subsample': 0.9866619276174678, 'colsample_bytree': 0.9854479908357011, 'min_child_weight': 9}.
[I 2026-05-15 16:47:49,581] Trial 220 finished with values: [0.5541798941798942, 0.9742960612863598] and parameters: {'n_estimators': 468, 'learning_rate': 0.2536999076681772, 'subsample': 0.8690073824308153, 'colsample_bytree': 0.6149392754996857, 'min_child_weight': 3}.
[I 2026-05-15 16:47:50,336] Trial 221 finished with values: [0.5869488536155203, 1.8106085575694622] and parameters: {'n_estimators': 468, 'learning_rate': 0.2536999076681772, 'subsample': 0.900949811775072, 'colsample_bytree': 0.9166316174903394, 'min_child_weight': 1}.
[I 2026-05-15 16:47:51,118] Trial 222 finished with values: [0.48777777777777775, 2.6459739316887076] and parameters: {'n_estimators': 414, 'learning_rate': 0.1466769064893309, 'subsample': 0.6364824412194762, 'colsample_bytree': 0.6440207698110707, 'min_child_weight': 5}.
[I 2026-05-15 16:47:51,872] Trial 223 finished with values: [0.5827513227513228, 1.3548634181768286] and parameters: {'n_estimators': 468, 'learning_rate': 0.24584290528289388, 'subsample': 0.7119735587783771, 'colsample_bytree': 0.8532405829093072, 'min_child_weight': 1}.
[I 2026-05-15 16:47:52,573] Trial 224 finished with values: [0.5929453262786597, 1.8113994116696148] and parameters: {'n_estimators': 333, 'learning_rate': 0.19775731712985178, 'subsample': 0.7272013899887455, 'colsample_bytree': 0.7350460685614512, 'min_child_weight': 3}.
[I 2026-05-15 16:47:53,220] Trial 225 finished with values: [0.4533686067019401, 2.849107595827659] and parameters: {'n_estimators': 398, 'learning_rate': 0.019657448966046126, 'subsample': 0.6230235040066577, 'colsample_bytree': 0.8198115529294943, 'min_child_weight': 5}.
[I 2026-05-15 16:47:53,718] Trial 226 finished with values: [0.5080423280423281, 3.2324167325560373] and parameters: {'n_estimators': 160, 'learning_rate': 0.20476075218575424, 'subsample': 0.7572390898667042, 'colsample_bytree': 0.8118602313424026, 'min_child_weight': 4}.
[I 2026-05-15 16:47:54,376] Trial 227 finished with values: [0.4819929453262787, 2.8377542005205925] and parameters: {'n_estimators': 238, 'learning_rate': 0.1538583627271404, 'subsample': 0.6479461469334731, 'colsample_bytree': 0.6468268065710423, 'min_child_weight': 6}.
[I 2026-05-15 16:47:54,956] Trial 228 finished with values: [0.5125220458553792, 2.6624826180694607] and parameters: {'n_estimators': 160, 'learning_rate': 0.2736872535680783, 'subsample': 0.7572390898667042, 'colsample_bytree': 0.6571966728211344, 'min_child_weight': 7}.
[I 2026-05-15 16:47:55,799] Trial 229 finished with values: [0.580458553791887, 0.6048521117529233] and parameters: {'n_estimators': 468, 'learning_rate': 0.2536999076681772, 'subsample': 0.9659457560881795, 'colsample_bytree': 0.6149392754996857, 'min_child_weight': 1}.
[I 2026-05-15 16:47:56,699] Trial 230 finished with values: [0.5836507936507938, 3.686201100422154] and parameters: {'n_estimators': 468, 'learning_rate': 0.25648866468880704, 'subsample': 0.9046042526869889, 'colsample_bytree': 0.8118602313424026, 'min_child_weight': 1}.
[I 2026-05-15 16:47:57,318] Trial 231 finished with values: [0.5179717813051147, 2.7466794516143485] and parameters: {'n_estimators': 328, 'learning_rate': 0.2536999076681772, 'subsample': 0.7552679704826087, 'colsample_bytree': 0.6440207698110707, 'min_child_weight': 3}.
[I 2026-05-15 16:47:57,942] Trial 232 finished with values: [0.45518518518518525, 2.730454942296578] and parameters: {'n_estimators': 280, 'learning_rate': 0.014104914380026676, 'subsample': 0.7272013899887455, 'colsample_bytree': 0.6180909155642152, 'min_child_weight': 1}.
[I 2026-05-15 16:47:58,770] Trial 233 finished with values: [0.5792239858906526, 5.625482252516605] and parameters: {'n_estimators': 366, 'learning_rate': 0.16155001304356414, 'subsample': 0.9329770563201687, 'colsample_bytree': 0.6849356442713105, 'min_child_weight': 2}.
[I 2026-05-15 16:47:59,589] Trial 234 finished with values: [0.5180776014109347, 4.091812637658599] and parameters: {'n_estimators': 474, 'learning_rate': 0.25648866468880704, 'subsample': 0.6390688456025535, 'colsample_bytree': 0.6149392754996857, 'min_child_weight': 1}.
[I 2026-05-15 16:48:00,450] Trial 235 finished with values: [0.523968253968254, 2.230152482853158] and parameters: {'n_estimators': 474, 'learning_rate': 0.10666901691534954, 'subsample': 0.7272013899887455, 'colsample_bytree': 0.9568186220708453, 'min_child_weight': 3}.
[I 2026-05-15 16:48:01,226] Trial 236 finished with values: [0.5695238095238095, 0.6523332245609194] and parameters: {'n_estimators': 474, 'learning_rate': 0.25648866468880704, 'subsample': 0.9757995766256756, 'colsample_bytree': 0.9570235993959911, 'min_child_weight': 1}.
