[I 2026-05-15 16:51:00,672] Trial 477 finished with values: [0.580458553791887, 0.6048521117529233] and parameters: {'n_estimators': 468, 'learning_rate': 0.2536999076681772, 'subsample': 0.9659457560881795, 'colsample_bytree': 0.6149392754996857, 'min_child_weight': 1}.
[I 2026-05-15 16:51:01,536] Trial 478 finished with values: [0.580458553791887, 0.6048521117529233] and parameters: {'n_estimators': 468, 'learning_rate': 0.2536999076681772, 'subsample': 0.9659457560881795, 'colsample_bytree': 0.6149392754996857, 'min_child_weight': 1}.
[I 2026-05-15 16:51:02,358] Trial 479 finished with values: [0.5116578483245149, 1.822922725283177] and parameters: {'n_estimators': 398, 'learning_rate': 0.21149322814164553, 'subsample': 0.9329770563201687, 'colsample_bytree': 0.9877881733101476, 'min_child_weight': 7}.
[I 2026-05-15 16:51:03,121] Trial 480 finished with values: [0.5399294532627866, 1.9863464507604924] and parameters: {'n_estimators': 415, 'learning_rate': 0.18987114604724706, 'subsample': 0.9659457560881795, 'colsample_bytree': 0.6149392754996857, 'min_child_weight': 3}.
[I 2026-05-15 16:51:03,847] Trial 481 finished with values: [0.5425044091710758, 1.1884804012510153] and parameters: {'n_estimators': 418, 'learning_rate': 0.2536999076681772, 'subsample': 0.9659457560881795, 'colsample_bytree': 0.6149392754996857, 'min_child_weight': 3}.
[I 2026-05-15 16:51:04,671] Trial 482 finished with values: [0.6104585537918872, 2.0277837215687726] and parameters: {'n_estimators': 414, 'learning_rate': 0.2536999076681772, 'subsample': 0.9329770563201687, 'colsample_bytree': 0.9760920965699831, 'min_child_weight': 1}.
[I 2026-05-15 16:51:05,636] Trial 483 finished with values: [0.5981657848324515, 2.430619581955355] and parameters: {'n_estimators': 474, 'learning_rate': 0.25648866468880704, 'subsample': 0.6683550349560263, 'colsample_bytree': 0.8215417137605283, 'min_child_weight': 1}.
[I 2026-05-15 16:51:06,336] Trial 484 finished with values: [0.437037037037037, 7.744869898563159] and parameters: {'n_estimators': 474, 'learning_rate': 0.25648866468880704, 'subsample': 0.9474396512757841, 'colsample_bytree': 0.8674572879697724, 'min_child_weight': 10}.
[I 2026-05-15 16:51:07,178] Trial 485 finished with values: [0.6140564373897708, 2.132146420072298] and parameters: {'n_estimators': 474, 'learning_rate': 0.25648866468880704, 'subsample': 0.9659457560881795, 'colsample_bytree': 0.8227051572055719, 'min_child_weight': 1}.
[I 2026-05-15 16:51:07,880] Trial 486 finished with values: [0.562716049382716, 1.3555258928891514] and parameters: {'n_estimators': 398, 'learning_rate': 0.16155001304356414, 'subsample': 0.9329770563201687, 'colsample_bytree': 0.8532405829093072, 'min_child_weight': 1}.
[I 2026-05-15 16:51:08,641] Trial 487 finished with values: [0.6235802469135802, 1.2975968942563099] and parameters: {'n_estimators': 474, 'learning_rate': 0.2536999076681772, 'subsample': 0.9329770563201687, 'colsample_bytree': 0.9213923721539394, 'min_child_weight': 1}.
[I 2026-05-15 16:51:09,318] Trial 488 finished with values: [0.5241446208112874, 1.2944596965228787] and parameters: {'n_estimators': 307, 'learning_rate': 0.21149322814164553, 'subsample': 0.9659457560881795, 'colsample_bytree': 0.9760920965699831, 'min_child_weight': 1}.
[I 2026-05-15 16:51:09,916] Trial 489 finished with values: [0.5176455026455027, 14.808381280755995] and parameters: {'n_estimators': 176, 'learning_rate': 0.04766495467029922, 'subsample': 0.9329770563201687, 'colsample_bytree': 0.9077971732767748, 'min_child_weight': 10}.
[I 2026-05-15 16:51:10,646] Trial 490 finished with values: [0.6105114638447973, 2.0248850638191724] and parameters: {'n_estimators': 415, 'learning_rate': 0.2536999076681772, 'subsample': 0.7552679704826087, 'colsample_bytree': 0.6748174994230093, 'min_child_weight': 1}.
[I 2026-05-15 16:51:11,423] Trial 491 finished with values: [0.5689065255731923, 1.212863518547273] and parameters: {'n_estimators': 414, 'learning_rate': 0.16155001304356414, 'subsample': 0.7294716945616975, 'colsample_bytree': 0.8532405829093072, 'min_child_weight': 7}.
[I 2026-05-15 16:51:12,221] Trial 492 finished with values: [0.5365608465608465, 0.8951257053725156] and parameters: {'n_estimators': 414, 'learning_rate': 0.16111511355977057, 'subsample': 0.7701745754465668, 'colsample_bytree': 0.9625417540378944, 'min_child_weight': 1}.
[I 2026-05-15 16:51:12,968] Trial 493 finished with values: [0.5768077601410935, 1.465899614307707] and parameters: {'n_estimators': 468, 'learning_rate': 0.25648866468880704, 'subsample': 0.9474396512757841, 'colsample_bytree': 0.803044151473782, 'min_child_weight': 3}.
[I 2026-05-15 16:51:13,817] Trial 494 finished with values: [0.5841622574955909, 3.4806945070234256] and parameters: {'n_estimators': 468, 'learning_rate': 0.2536999076681772, 'subsample': 0.6969638929660321, 'colsample_bytree': 0.8021009489791429, 'min_child_weight': 2}.
[I 2026-05-15 16:51:14,578] Trial 495 finished with values: [0.5455202821869488, 1.588127272780184] and parameters: {'n_estimators': 468, 'learning_rate': 0.2536999076681772, 'subsample': 0.9329770563201687, 'colsample_bytree': 0.6149392754996857, 'min_child_weight': 2}.
[I 2026-05-15 16:51:15,354] Trial 496 finished with values: [0.5157495590828924, 6.287791036027534] and parameters: {'n_estimators': 377, 'learning_rate': 0.16155001304356414, 'subsample': 0.6479461469334731, 'colsample_bytree': 0.6149392754996857, 'min_child_weight': 2}.
[I 2026-05-15 16:51:16,127] Trial 497 finished with values: [0.5059611992945326, 2.8686111619708976] and parameters: {'n_estimators': 414, 'learning_rate': 0.21149322814164553, 'subsample': 0.9659457560881795, 'colsample_bytree': 0.6440207698110707, 'min_child_weight': 7}.
[I 2026-05-15 16:51:17,090] Trial 498 finished with values: [0.5744620811287477, 3.8393498183478885] and parameters: {'n_estimators': 474, 'learning_rate': 0.25648866468880704, 'subsample': 0.6479461469334731, 'colsample_bytree': 0.9425959364753289, 'min_child_weight': 2}.
[I 2026-05-15 16:51:17,933] Trial 499 finished with values: [0.578589065255732, 2.7650322257741067] and parameters: {'n_estimators': 398, 'learning_rate': 0.21068591627429098, 'subsample': 0.9329770563201687, 'colsample_bytree': 0.9986547348295621, 'min_child_weight': 3}.
Building variant 'auroc_max'...
Saved /home/mklemmingen/PycharmProjects/migraine-forecasting-shd/experiment/0/headache/full_features/stacked_2xgb_meta_lr/70_30/stratified/HyperparameterTuned/pareto_AUROC_slope/auroc_max/model.joblib

# End capture ------------------------------------------
# Finished: 2026-05-15T16:51:18
