# Training-script output capture
# Generated: 2026-05-15T16:45:09
# UUID:      945e4976-89f4-4d39-882c-bd3f43730678
# Label:     training
# Leaf:      /home/mklemmingen/PycharmProjects/migraine-forecasting-shd/experiment/0/headache/full_features/stacked_2xgb_meta_lr/70_30/stratified/HyperparameterTuned/pareto_AUROC_slope/auroc_max
# Captures stdout/stderr written during the wrapped block
# (library messages, warnings, progress bars, etc.).
# Begin capture ----------------------------------------
Loading train and chronologically subsplitting...
train_sub: (2997, 52), cal_sub: (164, 52)
Running pareto_AUROC_slope search (500 trials)...
[I 2026-05-15 16:45:09,848] A new study created in memory with name: no-name-91f479a9-654a-4916-9b87-ac480c74d5f4
[I 2026-05-15 16:45:11,621] Trial 0 finished with values: [0.5327865961199294, 10.666287026494427] and parameters: {'n_estimators': 218, 'learning_rate': 0.2536999076681772, 'subsample': 0.892797576724562, 'colsample_bytree': 0.8394633936788146, 'min_child_weight': 2}.
[I 2026-05-15 16:45:13,042] Trial 1 finished with values: [0.43261022927689596, 3.0831190814691998] and parameters: {'n_estimators': 120, 'learning_rate': 0.012184186502221764, 'subsample': 0.9464704583099741, 'colsample_bytree': 0.8404460046972835, 'min_child_weight': 8}.
[I 2026-05-15 16:45:14,463] Trial 2 finished with values: [0.4223633156966491, 5.181369291387897] and parameters: {'n_estimators': 59, 'learning_rate': 0.2708160864249968, 'subsample': 0.9329770563201687, 'colsample_bytree': 0.6849356442713105, 'min_child_weight': 2}.
[I 2026-05-15 16:45:15,811] Trial 3 finished with values: [0.4701410934744268, 7.428689625498595] and parameters: {'n_estimators': 132, 'learning_rate': 0.028145092716060652, 'subsample': 0.8099025726528951, 'colsample_bytree': 0.7727780074568463, 'min_child_weight': 3}.
[I 2026-05-15 16:45:17,335] Trial 4 finished with values: [0.47811287477954145, 3.115367582826916] and parameters: {'n_estimators': 325, 'learning_rate': 0.01607123851203988, 'subsample': 0.7168578594140873, 'colsample_bytree': 0.7465447373174767, 'min_child_weight': 5}.
[I 2026-05-15 16:45:18,938] Trial 5 finished with values: [0.4897707231040564, 7.206136158691888] and parameters: {'n_estimators': 404, 'learning_rate': 0.019721610970574007, 'subsample': 0.8056937753654446, 'colsample_bytree': 0.836965827544817, 'min_child_weight': 1}.
[I 2026-05-15 16:45:20,409] Trial 6 finished with values: [0.4549029982363316, 3.009127796339417] and parameters: {'n_estimators': 324, 'learning_rate': 0.0178601378893971, 'subsample': 0.6260206371941118, 'colsample_bytree': 0.9795542149013333, 'min_child_weight': 10}.
[I 2026-05-15 16:45:21,988] Trial 7 finished with values: [0.48917107583774255, 3.709077141091524] and parameters: {'n_estimators': 414, 'learning_rate': 0.028180680291847244, 'subsample': 0.6390688456025535, 'colsample_bytree': 0.8736932106048627, 'min_child_weight': 5}.
[I 2026-05-15 16:45:22,430] Trial 8 finished with values: [0.4460493827160493, 3.60599897304468] and parameters: {'n_estimators': 105, 'learning_rate': 0.05388108577817234, 'subsample': 0.6137554084460873, 'colsample_bytree': 0.9637281608315128, 'min_child_weight': 3}.
[I 2026-05-15 16:45:23,091] Trial 9 finished with values: [0.5283597883597884, 11.12613376710301] and parameters: {'n_estimators': 348, 'learning_rate': 0.028869220380495747, 'subsample': 0.8080272084711243, 'colsample_bytree': 0.8186841117373118, 'min_child_weight': 2}.
[I 2026-05-15 16:45:23,831] Trial 10 finished with values: [0.4946031746031746, 1.8324870819117218] and parameters: {'n_estimators': 487, 'learning_rate': 0.13962563737015762, 'subsample': 0.9757995766256756, 'colsample_bytree': 0.9579309401710595, 'min_child_weight': 6}.
[I 2026-05-15 16:45:24,541] Trial 11 finished with values: [0.46142857142857147, 2.904190143479388] and parameters: {'n_estimators': 465, 'learning_rate': 0.01351182947645082, 'subsample': 0.6783931449676581, 'colsample_bytree': 0.6180909155642152, 'min_child_weight': 4}.
[I 2026-05-15 16:45:25,186] Trial 12 finished with values: [0.4848236331569665, 10.584145409899836] and parameters: {'n_estimators': 225, 'learning_rate': 0.02516607127550297, 'subsample': 0.9314950036607718, 'colsample_bytree': 0.7427013306774357, 'min_child_weight': 3}.
[I 2026-05-15 16:45:25,749] Trial 13 finished with values: [0.48568783068783067, 3.173107104147987] and parameters: {'n_estimators': 294, 'learning_rate': 0.016149614799999188, 'subsample': 0.9208787923016158, 'colsample_bytree': 0.6298202574719083, 'min_child_weight': 10}.
[I 2026-05-15 16:45:26,480] Trial 14 finished with values: [0.46183421516754847, 2.966325505110471] and parameters: {'n_estimators': 398, 'learning_rate': 0.019657448966046126, 'subsample': 0.602208846849441, 'colsample_bytree': 0.9261845713819337, 'min_child_weight': 8}.
[I 2026-05-15 16:45:27,270] Trial 15 finished with values: [0.40241622574955904, 8.642673090739034] and parameters: {'n_estimators': 378, 'learning_rate': 0.13780336485751998, 'subsample': 0.6296178606936361, 'colsample_bytree': 0.7433862914177091, 'min_child_weight': 2}.
[I 2026-05-15 16:45:27,984] Trial 16 finished with values: [0.4484479717813052, 4.016406424797934] and parameters: {'n_estimators': 439, 'learning_rate': 0.08330803890301997, 'subsample': 0.7323592099410596, 'colsample_bytree': 0.6254233401144095, 'min_child_weight': 4}.
[I 2026-05-15 16:45:28,617] Trial 17 finished with values: [0.4884832451499118, 13.258471722484561] and parameters: {'n_estimators': 196, 'learning_rate': 0.1195960383019184, 'subsample': 0.8550229885420852, 'colsample_bytree': 0.9548850970305306, 'min_child_weight': 5}.
[I 2026-05-15 16:45:29,175] Trial 18 finished with values: [0.4947971781305115, 12.794513526304252] and parameters: {'n_estimators': 103, 'learning_rate': 0.1131225105716033, 'subsample': 0.9043140194467589, 'colsample_bytree': 0.8245108790277985, 'min_child_weight': 8}.
[I 2026-05-15 16:45:29,758] Trial 19 finished with values: [0.4675661375661376, 4.464072747351411] and parameters: {'n_estimators': 272, 'learning_rate': 0.05917520523090666, 'subsample': 0.7710164073434198, 'colsample_bytree': 0.610167650697638, 'min_child_weight': 2}.
[I 2026-05-15 16:45:30,168] Trial 20 finished with values: [0.4697707231040565, 4.310123047665799] and parameters: {'n_estimators': 64, 'learning_rate': 0.08710745900492396, 'subsample': 0.7257423924305306, 'colsample_bytree': 0.8034282764658811, 'min_child_weight': 10}.
[I 2026-05-15 16:45:30,773] Trial 21 finished with values: [0.5507760141093474, 5.845812188990314] and parameters: {'n_estimators': 162, 'learning_rate': 0.040381768820718394, 'subsample': 0.9022204554172195, 'colsample_bytree': 0.6915192661966489, 'min_child_weight': 1}.
[I 2026-05-15 16:45:31,287] Trial 22 finished with values: [0.45254850088183424, 2.8765784821830094] and parameters: {'n_estimators': 180, 'learning_rate': 0.017303875834205888, 'subsample': 0.9718790609370292, 'colsample_bytree': 0.9232481518257668, 'min_child_weight': 7}.
[I 2026-05-15 16:45:31,990] Trial 23 finished with values: [0.5608112874779542, 2.2580269249785383] and parameters: {'n_estimators': 443, 'learning_rate': 0.1538583627271404, 'subsample': 0.6746280235544143, 'colsample_bytree': 0.9570235993959911, 'min_child_weight': 6}.
[I 2026-05-15 16:45:32,676] Trial 24 finished with values: [0.5759611992945326, 2.440262317079834] and parameters: {'n_estimators': 414, 'learning_rate': 0.21068591627429098, 'subsample': 0.7272013899887455, 'colsample_bytree': 0.6440207698110707, 'min_child_weight': 3}.
[I 2026-05-15 16:45:33,319] Trial 25 finished with values: [0.48913580246913585, 19.015801750841682] and parameters: {'n_estimators': 242, 'learning_rate': 0.16155001304356414, 'subsample': 0.9442922333025374, 'colsample_bytree': 0.6027808522124762, 'min_child_weight': 6}.
[I 2026-05-15 16:45:33,841] Trial 26 finished with values: [0.44663139329806, 2.806846445783439] and parameters: {'n_estimators': 238, 'learning_rate': 0.0212853192163843, 'subsample': 0.6479461469334731, 'colsample_bytree': 0.7350460685614512, 'min_child_weight': 10}.
[I 2026-05-15 16:45:34,348] Trial 27 finished with values: [0.4644091710758378, 11.28397521162923] and parameters: {'n_estimators': 195, 'learning_rate': 0.05838706626832953, 'subsample': 0.881207583558071, 'colsample_bytree': 0.7454518409517176, 'min_child_weight': 10}.
[I 2026-05-15 16:45:35,148] Trial 28 finished with values: [0.49024691358024697, 22.792966772098474] and parameters: {'n_estimators': 484, 'learning_rate': 0.023545774516299134, 'subsample': 0.7988994023569542, 'colsample_bytree': 0.7203513239267079, 'min_child_weight': 3}.
[I 2026-05-15 16:45:35,571] Trial 29 finished with values: [0.4853527336860671, 18.520484401805568] and parameters: {'n_estimators': 66, 'learning_rate': 0.07950609693143304, 'subsample': 0.8010716092915446, 'colsample_bytree': 0.6205915004999957, 'min_child_weight': 3}.
[I 2026-05-15 16:45:36,431] Trial 30 finished with values: [0.4405114638447972, 3.086264583920052] and parameters: {'n_estimators': 459, 'learning_rate': 0.022587177280197233, 'subsample': 0.6579579488364892, 'colsample_bytree': 0.7957811041110252, 'min_child_weight': 10}.
[I 2026-05-15 16:45:36,908] Trial 31 finished with values: [0.46537918871252204, 4.2876614603832035] and parameters: {'n_estimators': 159, 'learning_rate': 0.09836162684900028, 'subsample': 0.9046478461314871, 'colsample_bytree': 0.6950550175969599, 'min_child_weight': 8}.
[I 2026-05-15 16:45:37,434] Trial 32 finished with values: [0.5368253968253968, 9.185211880271961] and parameters: {'n_estimators': 215, 'learning_rate': 0.08589984533104164, 'subsample': 0.8534118843043579, 'colsample_bytree': 0.8143098736299034, 'min_child_weight': 1}.
[I 2026-05-15 16:45:38,161] Trial 33 finished with values: [0.46045855379188716, 3.84853707468431] and parameters: {'n_estimators': 426, 'learning_rate': 0.029773579612263783, 'subsample': 0.6746074041599417, 'colsample_bytree': 0.6163100566219055, 'min_child_weight': 6}.
[I 2026-05-15 16:45:38,879] Trial 34 finished with values: [0.4570723104056437, 2.5960577515091363] and parameters: {'n_estimators': 355, 'learning_rate': 0.01058040360169664, 'subsample': 0.8048372233197124, 'colsample_bytree': 0.6905983100791752, 'min_child_weight': 7}.
[I 2026-05-15 16:45:39,450] Trial 35 finished with values: [0.45292768959435625, 9.752925432545409] and parameters: {'n_estimators': 128, 'learning_rate': 0.10485733570643786, 'subsample': 0.7546941385202149, 'colsample_bytree': 0.9746919954946938, 'min_child_weight': 2}.
[I 2026-05-15 16:45:40,099] Trial 36 finished with values: [0.4815079365079365, 4.475872840765535] and parameters: {'n_estimators': 203, 'learning_rate': 0.01471005003927122, 'subsample': 0.9698774473114251, 'colsample_bytree': 0.9509357413523924, 'min_child_weight': 3}.
[I 2026-05-15 16:45:40,884] Trial 37 finished with values: [0.5477072310405644, 5.8746144601501635] and parameters: {'n_estimators': 347, 'learning_rate': 0.16111511355977057, 'subsample': 0.822080324639785, 'colsample_bytree': 0.8118602313424026, 'min_child_weight': 3}.
[I 2026-05-15 16:45:41,422] Trial 38 finished with values: [0.5394885361552028, 2.906019978521641] and parameters: {'n_estimators': 91, 'learning_rate': 0.21149322814164553, 'subsample': 0.9601672228653322, 'colsample_bytree': 0.8532405829093072, 'min_child_weight': 4}.
[I 2026-05-15 16:45:42,053] Trial 39 finished with values: [0.496984126984127, 5.690748553645425] and parameters: {'n_estimators': 207, 'learning_rate': 0.11812030596598909, 'subsample': 0.9588441039810308, 'colsample_bytree': 0.954834569706047, 'min_child_weight': 8}.
[I 2026-05-15 16:45:42,688] Trial 40 finished with values: [0.457283950617284, 2.6192707198911824] and parameters: {'n_estimators': 339, 'learning_rate': 0.013313275850595153, 'subsample': 0.6646514856378455, 'colsample_bytree': 0.9594216754108317, 'min_child_weight': 7}.
[I 2026-05-15 16:45:43,218] Trial 41 finished with values: [0.40389770723104057, 3.9563323168826456] and parameters: {'n_estimators': 54, 'learning_rate': 0.01412166070620751, 'subsample': 0.8654007076432223, 'colsample_bytree': 0.6020246335384875, 'min_child_weight': 2}.
[I 2026-05-15 16:45:43,989] Trial 42 finished with values: [0.5446119929453264, 7.927674017626172] and parameters: {'n_estimators': 297, 'learning_rate': 0.10519936117151477, 'subsample': 0.8607845038010402, 'colsample_bytree': 0.689707723784224, 'min_child_weight': 8}.
[I 2026-05-15 16:45:44,444] Trial 43 finished with values: [0.4706966490299823, 3.7070713120230736] and parameters: {'n_estimators': 156, 'learning_rate': 0.030245085073501415, 'subsample': 0.8985965620472096, 'colsample_bytree': 0.8598531596188859, 'min_child_weight': 9}.
[I 2026-05-15 16:45:45,162] Trial 44 finished with values: [0.4355379188712522, 5.530774004351246] and parameters: {'n_estimators': 346, 'learning_rate': 0.06909724267901692, 'subsample': 0.637469907131237, 'colsample_bytree': 0.7470863212237734, 'min_child_weight': 3}.
[I 2026-05-15 16:45:45,745] Trial 45 finished with values: [0.5496825396825397, 1.308758431032111] and parameters: {'n_estimators': 160, 'learning_rate': 0.2736872535680783, 'subsample': 0.7572390898667042, 'colsample_bytree': 0.9568186220708453, 'min_child_weight': 7}.
[I 2026-05-15 16:45:46,402] Trial 46 finished with values: [0.5123809523809524, 13.243407032064757] and parameters: {'n_estimators': 408, 'learning_rate': 0.05526573288655769, 'subsample': 0.8307615538505436, 'colsample_bytree': 0.7970070775275455, 'min_child_weight': 2}.
[I 2026-05-15 16:45:47,186] Trial 47 finished with values: [0.46306878306878313, 4.128126305922917] and parameters: {'n_estimators': 375, 'learning_rate': 0.025985724173338116, 'subsample': 0.6097263865725815, 'colsample_bytree': 0.858188918362867, 'min_child_weight': 2}.
[I 2026-05-15 16:45:48,028] Trial 48 finished with values: [0.6108641975308642, 1.0935904516369925] and parameters: {'n_estimators': 474, 'learning_rate': 0.25648866468880704, 'subsample': 0.9659457560881795, 'colsample_bytree': 0.7480634801021777, 'min_child_weight': 1}.
[I 2026-05-15 16:45:48,747] Trial 49 finished with values: [0.5721693121693121, 2.7782520322707045] and parameters: {'n_estimators': 468, 'learning_rate': 0.042902233912047165, 'subsample': 0.9866619276174678, 'colsample_bytree': 0.9854479908357011, 'min_child_weight': 9}.
[I 2026-05-15 16:45:49,423] Trial 50 finished with values: [0.46863315696649027, 0.8016000441001531] and parameters: {'n_estimators': 398, 'learning_rate': 0.019657448966046126, 'subsample': 0.9022204554172195, 'colsample_bytree': 0.6915192661966489, 'min_child_weight': 3}.
[I 2026-05-15 16:45:49,965] Trial 51 finished with values: [0.47743386243386243, 10.270360929318024] and parameters: {'n_estimators': 215, 'learning_rate': 0.08589984533104164, 'subsample': 0.8534118843043579, 'colsample_bytree': 0.8143098736299034, 'min_child_weight': 4}.
[I 2026-05-15 16:45:50,628] Trial 52 finished with values: [0.604074074074074, 2.3254337783284122] and parameters: {'n_estimators': 433, 'learning_rate': 0.2708160864249968, 'subsample': 0.9329770563201687, 'colsample_bytree': 0.6849356442713105, 'min_child_weight': 2}.
[I 2026-05-15 16:45:51,292] Trial 53 finished with values: [0.5552292768959435, 4.523351161603077] and parameters: {'n_estimators': 272, 'learning_rate': 0.029385442161128397, 'subsample': 0.9442922333025374, 'colsample_bytree': 0.6027808522124762, 'min_child_weight': 2}.
[I 2026-05-15 16:45:51,835] Trial 54 finished with values: [0.4624867724867725, 2.844171592559635] and parameters: {'n_estimators': 238, 'learning_rate': 0.017797595772834223, 'subsample': 0.8550229885420852, 'colsample_bytree': 0.82272050498334, 'min_child_weight': 10}.
[I 2026-05-15 16:45:52,510] Trial 55 finished with values: [0.5362962962962963, 0.726027357800165] and parameters: {'n_estimators': 414, 'learning_rate': 0.24144271975982237, 'subsample': 0.7272013899887455, 'colsample_bytree': 0.6440207698110707, 'min_child_weight': 7}.
[I 2026-05-15 16:45:53,046] Trial 56 finished with values: [0.5360582010582011, 5.173205089469651] and parameters: {'n_estimators': 91, 'learning_rate': 0.05838706626832953, 'subsample': 0.9601672228653322, 'colsample_bytree': 0.7454518409517176, 'min_child_weight': 4}.
[I 2026-05-15 16:45:53,739] Trial 57 finished with values: [0.554620811287478, 7.509499167423826] and parameters: {'n_estimators': 325, 'learning_rate': 0.06951034928701941, 'subsample': 0.9208787923016158, 'colsample_bytree': 0.6388705975083074, 'min_child_weight': 7}.
[I 2026-05-15 16:45:54,346] Trial 58 finished with values: [0.5106525573192239, 12.997536532402766] and parameters: {'n_estimators': 203, 'learning_rate': 0.11812030596598909, 'subsample': 0.9698774473114251, 'colsample_bytree': 0.9960215400417053, 'min_child_weight': 3}.
[I 2026-05-15 16:45:55,062] Trial 59 finished with values: [0.4965784832451499, 3.174744518817721] and parameters: {'n_estimators': 487, 'learning_rate': 0.01610352961694889, 'subsample': 0.8073318609454947, 'colsample_bytree': 0.8598531596188859, 'min_child_weight': 9}.
[I 2026-05-15 16:45:55,877] Trial 60 finished with values: [0.5089594356261024, 1.7399939219767773] and parameters: {'n_estimators': 346, 'learning_rate': 0.08589984533104164, 'subsample': 0.8534118843043579, 'colsample_bytree': 0.9509492287711822, 'min_child_weight': 1}.
[I 2026-05-15 16:45:56,340] Trial 61 finished with values: [0.5595061728395062, 10.464356483201449] and parameters: {'n_estimators': 120, 'learning_rate': 0.25648866468880704, 'subsample': 0.8963074471016818, 'colsample_bytree': 0.7480634801021777, 'min_child_weight': 1}.
[I 2026-05-15 16:45:57,108] Trial 62 finished with values: [0.42777777777777776, 5.2429479199625195] and parameters: {'n_estimators': 347, 'learning_rate': 0.10704755834674413, 'subsample': 0.6746280235544143, 'colsample_bytree': 0.9570235993959911, 'min_child_weight': 8}.
[I 2026-05-15 16:45:57,654] Trial 63 finished with values: [0.48156966490299824, 5.1161602336502545] and parameters: {'n_estimators': 215, 'learning_rate': 0.08589984533104164, 'subsample': 0.8534118843043579, 'colsample_bytree': 0.8245108790277985, 'min_child_weight': 8}.
[I 2026-05-15 16:45:58,516] Trial 64 finished with values: [0.4398236331569665, 6.634260724643667] and parameters: {'n_estimators': 474, 'learning_rate': 0.16155001304356414, 'subsample': 0.9659457560881795, 'colsample_bytree': 0.6027808522124762, 'min_child_weight': 1}.
[I 2026-05-15 16:45:59,313] Trial 65 finished with values: [0.5721693121693121, 2.9216282758628855] and parameters: {'n_estimators': 487, 'learning_rate': 0.042902233912047165, 'subsample': 0.9866619276174678, 'colsample_bytree': 0.9854479908357011, 'min_child_weight': 9}.
[I 2026-05-15 16:45:59,804] Trial 66 finished with values: [0.45292768959435625, 9.752925432545409] and parameters: {'n_estimators': 128, 'learning_rate': 0.10485733570643786, 'subsample': 0.7546941385202149, 'colsample_bytree': 0.9746919954946938, 'min_child_weight': 2}.
[I 2026-05-15 16:46:00,635] Trial 67 finished with values: [0.6108641975308642, 1.0935904516369925] and parameters: {'n_estimators': 474, 'learning_rate': 0.25648866468880704, 'subsample': 0.9659457560881795, 'colsample_bytree': 0.7480634801021777, 'min_child_weight': 1}.
[I 2026-05-15 16:46:01,431] Trial 68 finished with values: [0.5540740740740742, 1.5064127966673937] and parameters: {'n_estimators': 474, 'learning_rate': 0.25648866468880704, 'subsample': 0.7168578594140873, 'colsample_bytree': 0.7480634801021777, 'min_child_weight': 5}.
[I 2026-05-15 16:46:02,210] Trial 69 finished with values: [0.4462257495590829, 2.767142828576951] and parameters: {'n_estimators': 355, 'learning_rate': 0.01058040360169664, 'subsample': 0.8048372233197124, 'colsample_bytree': 0.6905983100791752, 'min_child_weight': 4}.
[I 2026-05-15 16:46:02,857] Trial 70 finished with values: [0.5291005291005291, 0.7127793782165973] and parameters: {'n_estimators': 238, 'learning_rate': 0.16155001304356414, 'subsample': 0.6479461469334731, 'colsample_bytree': 0.6027808522124762, 'min_child_weight': 6}.
[I 2026-05-15 16:46:03,402] Trial 71 finished with values: [0.4945855379188712, 3.9798988884372184] and parameters: {'n_estimators': 272, 'learning_rate': 0.028180680291847244, 'subsample': 0.7710164073434198, 'colsample_bytree': 0.7174367377057973, 'min_child_weight': 9}.
[I 2026-05-15 16:46:04,062] Trial 72 finished with values: [0.5743121693121693, 10.108679802671865] and parameters: {'n_estimators': 415, 'learning_rate': 0.019721610970574007, 'subsample': 0.9659457560881795, 'colsample_bytree': 0.7480634801021777, 'min_child_weight': 1}.
[I 2026-05-15 16:46:04,668] Trial 73 finished with values: [0.49609347442680785, 5.215183216307606] and parameters: {'n_estimators': 207, 'learning_rate': 0.10519936117151477, 'subsample': 0.9588441039810308, 'colsample_bytree': 0.9468289274320415, 'min_child_weight': 8}.
[I 2026-05-15 16:46:05,327] Trial 74 finished with values: [0.5382539682539682, 7.69391667793698] and parameters: {'n_estimators': 218, 'learning_rate': 0.08589984533104164, 'subsample': 0.8534118843043579, 'colsample_bytree': 0.8143098736299034, 'min_child_weight': 1}.
[I 2026-05-15 16:46:06,035] Trial 75 finished with values: [0.5550176366843035, 6.646218398721262] and parameters: {'n_estimators': 294, 'learning_rate': 0.040381768820718394, 'subsample': 0.9022204554172195, 'colsample_bytree': 0.9652962210225885, 'min_child_weight': 1}.
[I 2026-05-15 16:46:06,659] Trial 76 finished with values: [0.4797883597883598, 3.056442223345408] and parameters: {'n_estimators': 355, 'learning_rate': 0.01607123851203988, 'subsample': 0.8048372233197124, 'colsample_bytree': 0.7465447373174767, 'min_child_weight': 7}.
