[I 2026-05-22 18:37:17,388] Trial 478 finished with values: [0.28697802197802197, 10.311437839078767] and parameters: {'n_estimators': 215, 'learning_rate': 0.01351182947645082, 'subsample': 0.6783931449676581, 'colsample_bytree': 0.6180909155642152, 'min_child_weight': 1}.
/home/mklemmingen/PycharmProjects/migraine-forecasting-shd/.venv/lib/python3.13/site-packages/sklearn/metrics/_ranking.py:424: UndefinedMetricWarning: Only one class is present in y_true. ROC AUC score is not defined in that case.
  warnings.warn(
/home/mklemmingen/PycharmProjects/migraine-forecasting-shd/.venv/lib/python3.13/site-packages/sklearn/metrics/_ranking.py:1046: UserWarning: No positive class found in y_true, recall is set to one for all thresholds.
  warnings.warn(
[I 2026-05-22 18:37:17,806] Trial 479 finished with values: [0.03172056828728493, 6.082559658974947] and parameters: {'n_estimators': 64, 'learning_rate': 0.11364355894710455, 'subsample': 0.9046478461314871, 'colsample_bytree': 0.9877881733101476, 'min_child_weight': 1}.
/home/mklemmingen/PycharmProjects/migraine-forecasting-shd/.venv/lib/python3.13/site-packages/sklearn/metrics/_ranking.py:424: UndefinedMetricWarning: Only one class is present in y_true. ROC AUC score is not defined in that case.
  warnings.warn(
/home/mklemmingen/PycharmProjects/migraine-forecasting-shd/.venv/lib/python3.13/site-packages/sklearn/metrics/_ranking.py:1046: UserWarning: No positive class found in y_true, recall is set to one for all thresholds.
  warnings.warn(
[I 2026-05-22 18:37:18,205] Trial 480 finished with values: [0.178, 5.9078749246440845] and parameters: {'n_estimators': 64, 'learning_rate': 0.18987114604724706, 'subsample': 0.7499482318094817, 'colsample_bytree': 0.6454230368798516, 'min_child_weight': 3}.
/home/mklemmingen/PycharmProjects/migraine-forecasting-shd/.venv/lib/python3.13/site-packages/sklearn/metrics/_ranking.py:424: UndefinedMetricWarning: Only one class is present in y_true. ROC AUC score is not defined in that case.
  warnings.warn(
/home/mklemmingen/PycharmProjects/migraine-forecasting-shd/.venv/lib/python3.13/site-packages/sklearn/metrics/_ranking.py:1046: UserWarning: No positive class found in y_true, recall is set to one for all thresholds.
  warnings.warn(
[I 2026-05-22 18:37:18,836] Trial 481 finished with values: [0.04586400606561897, 55.60820103341992] and parameters: {'n_estimators': 418, 'learning_rate': 0.04099573751320915, 'subsample': 0.616291520927588, 'colsample_bytree': 0.9570235993959911, 'min_child_weight': 3}.
/home/mklemmingen/PycharmProjects/migraine-forecasting-shd/.venv/lib/python3.13/site-packages/sklearn/metrics/_ranking.py:424: UndefinedMetricWarning: Only one class is present in y_true. ROC AUC score is not defined in that case.
  warnings.warn(
/home/mklemmingen/PycharmProjects/migraine-forecasting-shd/.venv/lib/python3.13/site-packages/sklearn/metrics/_ranking.py:1046: UserWarning: No positive class found in y_true, recall is set to one for all thresholds.
  warnings.warn(
[I 2026-05-22 18:37:19,442] Trial 482 finished with values: [0.3255892255892256, 11.800667534299471] and parameters: {'n_estimators': 176, 'learning_rate': 0.01351182947645082, 'subsample': 0.6260206371941118, 'colsample_bytree': 0.6027808522124762, 'min_child_weight': 5}.
/home/mklemmingen/PycharmProjects/migraine-forecasting-shd/.venv/lib/python3.13/site-packages/sklearn/metrics/_ranking.py:424: UndefinedMetricWarning: Only one class is present in y_true. ROC AUC score is not defined in that case.
  warnings.warn(
/home/mklemmingen/PycharmProjects/migraine-forecasting-shd/.venv/lib/python3.13/site-packages/sklearn/metrics/_ranking.py:1046: UserWarning: No positive class found in y_true, recall is set to one for all thresholds.
  warnings.warn(
[I 2026-05-22 18:37:19,995] Trial 483 finished with values: [0.16866125760649084, 17.26739326986383] and parameters: {'n_estimators': 64, 'learning_rate': 0.04147588661423153, 'subsample': 0.6683550349560263, 'colsample_bytree': 0.836965827544817, 'min_child_weight': 6}.
/home/mklemmingen/PycharmProjects/migraine-forecasting-shd/.venv/lib/python3.13/site-packages/sklearn/metrics/_ranking.py:424: UndefinedMetricWarning: Only one class is present in y_true. ROC AUC score is not defined in that case.
  warnings.warn(
/home/mklemmingen/PycharmProjects/migraine-forecasting-shd/.venv/lib/python3.13/site-packages/sklearn/metrics/_ranking.py:1046: UserWarning: No positive class found in y_true, recall is set to one for all thresholds.
  warnings.warn(
[I 2026-05-22 18:37:20,723] Trial 484 finished with values: [0.04487155388471178, 3.809003086475893] and parameters: {'n_estimators': 196, 'learning_rate': 0.1195960383019184, 'subsample': 0.9314950036607718, 'colsample_bytree': 0.8674572879697724, 'min_child_weight': 10}.
/home/mklemmingen/PycharmProjects/migraine-forecasting-shd/.venv/lib/python3.13/site-packages/sklearn/metrics/_ranking.py:424: UndefinedMetricWarning: Only one class is present in y_true. ROC AUC score is not defined in that case.
  warnings.warn(
/home/mklemmingen/PycharmProjects/migraine-forecasting-shd/.venv/lib/python3.13/site-packages/sklearn/metrics/_ranking.py:1046: UserWarning: No positive class found in y_true, recall is set to one for all thresholds.
  warnings.warn(
[I 2026-05-22 18:37:21,584] Trial 485 finished with values: [0.2049242424242424, 6.4862660761727575] and parameters: {'n_estimators': 355, 'learning_rate': 0.01058040360169664, 'subsample': 0.8599855723111061, 'colsample_bytree': 0.8227051572055719, 'min_child_weight': 4}.
/home/mklemmingen/PycharmProjects/migraine-forecasting-shd/.venv/lib/python3.13/site-packages/sklearn/linear_model/_sag.py:348: ConvergenceWarning: The max_iter was reached which means the coef_ did not converge
  warnings.warn(
/home/mklemmingen/PycharmProjects/migraine-forecasting-shd/.venv/lib/python3.13/site-packages/sklearn/metrics/_ranking.py:424: UndefinedMetricWarning: Only one class is present in y_true. ROC AUC score is not defined in that case.
  warnings.warn(
/home/mklemmingen/PycharmProjects/migraine-forecasting-shd/.venv/lib/python3.13/site-packages/sklearn/metrics/_ranking.py:1046: UserWarning: No positive class found in y_true, recall is set to one for all thresholds.
  warnings.warn(
[I 2026-05-22 18:37:22,240] Trial 486 finished with values: [0.3671428571428571, 50.260076134406305] and parameters: {'n_estimators': 64, 'learning_rate': 0.01058040360169664, 'subsample': 0.9046478461314871, 'colsample_bytree': 0.6254233401144095, 'min_child_weight': 5}.
/home/mklemmingen/PycharmProjects/migraine-forecasting-shd/.venv/lib/python3.13/site-packages/sklearn/metrics/_ranking.py:424: UndefinedMetricWarning: Only one class is present in y_true. ROC AUC score is not defined in that case.
  warnings.warn(
/home/mklemmingen/PycharmProjects/migraine-forecasting-shd/.venv/lib/python3.13/site-packages/sklearn/metrics/_ranking.py:1046: UserWarning: No positive class found in y_true, recall is set to one for all thresholds.
  warnings.warn(
[I 2026-05-22 18:37:22,680] Trial 487 finished with values: [0.16262626262626262, 9.853243047372992] and parameters: {'n_estimators': 64, 'learning_rate': 0.10485733570643786, 'subsample': 0.7546941385202149, 'colsample_bytree': 0.9156684954429353, 'min_child_weight': 5}.
/home/mklemmingen/PycharmProjects/migraine-forecasting-shd/.venv/lib/python3.13/site-packages/sklearn/metrics/_ranking.py:424: UndefinedMetricWarning: Only one class is present in y_true. ROC AUC score is not defined in that case.
  warnings.warn(
/home/mklemmingen/PycharmProjects/migraine-forecasting-shd/.venv/lib/python3.13/site-packages/sklearn/metrics/_ranking.py:1046: UserWarning: No positive class found in y_true, recall is set to one for all thresholds.
  warnings.warn(
[I 2026-05-22 18:37:23,470] Trial 488 finished with values: [0.310460358056266, 21.626542710729584] and parameters: {'n_estimators': 307, 'learning_rate': 0.012184186502221764, 'subsample': 0.616291520927588, 'colsample_bytree': 0.6027808522124762, 'min_child_weight': 3}.
/home/mklemmingen/PycharmProjects/migraine-forecasting-shd/.venv/lib/python3.13/site-packages/sklearn/metrics/_ranking.py:424: UndefinedMetricWarning: Only one class is present in y_true. ROC AUC score is not defined in that case.
  warnings.warn(
/home/mklemmingen/PycharmProjects/migraine-forecasting-shd/.venv/lib/python3.13/site-packages/sklearn/metrics/_ranking.py:1046: UserWarning: No positive class found in y_true, recall is set to one for all thresholds.
  warnings.warn(
[I 2026-05-22 18:37:24,139] Trial 489 finished with values: [0.06853116710875332, 5.534686190749906] and parameters: {'n_estimators': 176, 'learning_rate': 0.10485733570643786, 'subsample': 0.6863284109987373, 'colsample_bytree': 0.9077971732767748, 'min_child_weight': 10}.
/home/mklemmingen/PycharmProjects/migraine-forecasting-shd/.venv/lib/python3.13/site-packages/sklearn/metrics/_ranking.py:424: UndefinedMetricWarning: Only one class is present in y_true. ROC AUC score is not defined in that case.
  warnings.warn(
/home/mklemmingen/PycharmProjects/migraine-forecasting-shd/.venv/lib/python3.13/site-packages/sklearn/metrics/_ranking.py:1046: UserWarning: No positive class found in y_true, recall is set to one for all thresholds.
  warnings.warn(
[I 2026-05-22 18:37:24,743] Trial 490 finished with values: [0.36689655172413793, 46.10883557356616] and parameters: {'n_estimators': 64, 'learning_rate': 0.01351182947645082, 'subsample': 0.900949811775072, 'colsample_bytree': 0.6748174994230093, 'min_child_weight': 5}.
/home/mklemmingen/PycharmProjects/migraine-forecasting-shd/.venv/lib/python3.13/site-packages/sklearn/metrics/_ranking.py:424: UndefinedMetricWarning: Only one class is present in y_true. ROC AUC score is not defined in that case.
  warnings.warn(
/home/mklemmingen/PycharmProjects/migraine-forecasting-shd/.venv/lib/python3.13/site-packages/sklearn/metrics/_ranking.py:1046: UserWarning: No positive class found in y_true, recall is set to one for all thresholds.
  warnings.warn(
[I 2026-05-22 18:37:25,588] Trial 491 finished with values: [0.30976470588235294, 15.958551105108677] and parameters: {'n_estimators': 293, 'learning_rate': 0.01058040360169664, 'subsample': 0.7294716945616975, 'colsample_bytree': 0.6254233401144095, 'min_child_weight': 1}.
/home/mklemmingen/PycharmProjects/migraine-forecasting-shd/.venv/lib/python3.13/site-packages/sklearn/metrics/_ranking.py:424: UndefinedMetricWarning: Only one class is present in y_true. ROC AUC score is not defined in that case.
  warnings.warn(
/home/mklemmingen/PycharmProjects/migraine-forecasting-shd/.venv/lib/python3.13/site-packages/sklearn/metrics/_ranking.py:1046: UserWarning: No positive class found in y_true, recall is set to one for all thresholds.
  warnings.warn(
[I 2026-05-22 18:37:26,167] Trial 492 finished with values: [0.3724074074074074, 32.423780130941495] and parameters: {'n_estimators': 60, 'learning_rate': 0.016149614799999188, 'subsample': 0.7701745754465668, 'colsample_bytree': 0.6915192661966489, 'min_child_weight': 10}.
/home/mklemmingen/PycharmProjects/migraine-forecasting-shd/.venv/lib/python3.13/site-packages/sklearn/metrics/_ranking.py:424: UndefinedMetricWarning: Only one class is present in y_true. ROC AUC score is not defined in that case.
  warnings.warn(
/home/mklemmingen/PycharmProjects/migraine-forecasting-shd/.venv/lib/python3.13/site-packages/sklearn/metrics/_ranking.py:1046: UserWarning: No positive class found in y_true, recall is set to one for all thresholds.
  warnings.warn(
[I 2026-05-22 18:37:26,834] Trial 493 finished with values: [0.2903246753246753, 97.14940422345765] and parameters: {'n_estimators': 175, 'learning_rate': 0.01058040360169664, 'subsample': 0.9314950036607718, 'colsample_bytree': 0.803044151473782, 'min_child_weight': 4}.
/home/mklemmingen/PycharmProjects/migraine-forecasting-shd/.venv/lib/python3.13/site-packages/sklearn/metrics/_ranking.py:424: UndefinedMetricWarning: Only one class is present in y_true. ROC AUC score is not defined in that case.
  warnings.warn(
/home/mklemmingen/PycharmProjects/migraine-forecasting-shd/.venv/lib/python3.13/site-packages/sklearn/metrics/_ranking.py:1046: UserWarning: No positive class found in y_true, recall is set to one for all thresholds.
  warnings.warn(
[I 2026-05-22 18:37:27,464] Trial 494 finished with values: [0.050279982809181924, 315.5031128208094] and parameters: {'n_estimators': 128, 'learning_rate': 0.10485733570643786, 'subsample': 0.6969638929660321, 'colsample_bytree': 0.6254233401144095, 'min_child_weight': 10}.
/home/mklemmingen/PycharmProjects/migraine-forecasting-shd/.venv/lib/python3.13/site-packages/sklearn/metrics/_ranking.py:424: UndefinedMetricWarning: Only one class is present in y_true. ROC AUC score is not defined in that case.
  warnings.warn(
/home/mklemmingen/PycharmProjects/migraine-forecasting-shd/.venv/lib/python3.13/site-packages/sklearn/metrics/_ranking.py:1046: UserWarning: No positive class found in y_true, recall is set to one for all thresholds.
  warnings.warn(
[I 2026-05-22 18:37:28,050] Trial 495 finished with values: [0.29462962962962963, 13.833637716244935] and parameters: {'n_estimators': 66, 'learning_rate': 0.012113606011086922, 'subsample': 0.6863284109987373, 'colsample_bytree': 0.6254233401144095, 'min_child_weight': 2}.
/home/mklemmingen/PycharmProjects/migraine-forecasting-shd/.venv/lib/python3.13/site-packages/sklearn/metrics/_ranking.py:424: UndefinedMetricWarning: Only one class is present in y_true. ROC AUC score is not defined in that case.
  warnings.warn(
/home/mklemmingen/PycharmProjects/migraine-forecasting-shd/.venv/lib/python3.13/site-packages/sklearn/metrics/_ranking.py:1046: UserWarning: No positive class found in y_true, recall is set to one for all thresholds.
  warnings.warn(
[I 2026-05-22 18:37:29,028] Trial 496 finished with values: [0.1327016129032258, 91.31610644036068] and parameters: {'n_estimators': 408, 'learning_rate': 0.11364355894710455, 'subsample': 0.6746280235544143, 'colsample_bytree': 0.6950550175969599, 'min_child_weight': 10}.
/home/mklemmingen/PycharmProjects/migraine-forecasting-shd/.venv/lib/python3.13/site-packages/sklearn/metrics/_ranking.py:424: UndefinedMetricWarning: Only one class is present in y_true. ROC AUC score is not defined in that case.
  warnings.warn(
/home/mklemmingen/PycharmProjects/migraine-forecasting-shd/.venv/lib/python3.13/site-packages/sklearn/metrics/_ranking.py:1046: UserWarning: No positive class found in y_true, recall is set to one for all thresholds.
  warnings.warn(
[I 2026-05-22 18:37:29,671] Trial 497 finished with values: [0.34714285714285714, 38.05923368119774] and parameters: {'n_estimators': 60, 'learning_rate': 0.04099573751320915, 'subsample': 0.900949811775072, 'colsample_bytree': 0.836965827544817, 'min_child_weight': 7}.
/home/mklemmingen/PycharmProjects/migraine-forecasting-shd/.venv/lib/python3.13/site-packages/sklearn/metrics/_ranking.py:424: UndefinedMetricWarning: Only one class is present in y_true. ROC AUC score is not defined in that case.
  warnings.warn(
/home/mklemmingen/PycharmProjects/migraine-forecasting-shd/.venv/lib/python3.13/site-packages/sklearn/metrics/_ranking.py:1046: UserWarning: No positive class found in y_true, recall is set to one for all thresholds.
  warnings.warn(
[I 2026-05-22 18:37:30,435] Trial 498 finished with values: [0.2927777777777778, 20.738594383439175] and parameters: {'n_estimators': 355, 'learning_rate': 0.01058040360169664, 'subsample': 0.7499482318094817, 'colsample_bytree': 0.7142848345127443, 'min_child_weight': 3}.
/home/mklemmingen/PycharmProjects/migraine-forecasting-shd/.venv/lib/python3.13/site-packages/sklearn/metrics/_ranking.py:424: UndefinedMetricWarning: Only one class is present in y_true. ROC AUC score is not defined in that case.
  warnings.warn(
/home/mklemmingen/PycharmProjects/migraine-forecasting-shd/.venv/lib/python3.13/site-packages/sklearn/metrics/_ranking.py:1046: UserWarning: No positive class found in y_true, recall is set to one for all thresholds.
  warnings.warn(
[I 2026-05-22 18:37:31,018] Trial 499 finished with values: [0.2849074074074074, 32.1833853420479] and parameters: {'n_estimators': 100, 'learning_rate': 0.017797595772834223, 'subsample': 0.616291520927588, 'colsample_bytree': 0.9986547348295621, 'min_child_weight': 3}.
Building variant 'auprc_max'...
Saved /home/mklemmingen/PycharmProjects/migraine-forecasting-shd/experiment/0/migraine/full_features/stacked_2xgb_meta_lr/70_30/patient/HyperparameterTuned/pareto_AUPRC_slope/auprc_max/model.joblib

# End capture ------------------------------------------
# Finished: 2026-05-22T18:37:31
