[I 2026-05-22 18:21:37,421] Trial 227 finished with values: [0.5759144460862998, 0.8528784238322926] and parameters: {'n_estimators': 91, 'learning_rate': 0.01058040360169664, 'subsample': 0.9601672228653322, 'colsample_bytree': 0.6468268065710423, 'min_child_weight': 4}.
[I 2026-05-22 18:21:38,232] Trial 228 finished with values: [0.5193396134759267, 2.1720948385200733] and parameters: {'n_estimators': 487, 'learning_rate': 0.13962563737015762, 'subsample': 0.9757995766256756, 'colsample_bytree': 0.6571966728211344, 'min_child_weight': 6}.
/home/mklemmingen/PycharmProjects/migraine-forecasting-shd/.venv/lib/python3.13/site-packages/sklearn/linear_model/_sag.py:348: ConvergenceWarning: The max_iter was reached which means the coef_ did not converge
  warnings.warn(
[I 2026-05-22 18:21:38,801] Trial 229 finished with values: [0.5821736033664461, 0.8323496253129342] and parameters: {'n_estimators': 54, 'learning_rate': 0.012184186502221764, 'subsample': 0.9043140194467589, 'colsample_bytree': 0.6950550175969599, 'min_child_weight': 1}.
[I 2026-05-22 18:21:39,326] Trial 230 finished with values: [0.562029293196258, 0.7691852130550796] and parameters: {'n_estimators': 91, 'learning_rate': 0.02516607127550297, 'subsample': 0.9046042526869889, 'colsample_bytree': 0.6950550175969599, 'min_child_weight': 3}.
[I 2026-05-22 18:21:40,135] Trial 231 finished with values: [0.5360931798542763, 0.94235855696496] and parameters: {'n_estimators': 328, 'learning_rate': 0.017303875834205888, 'subsample': 0.9464704583099741, 'colsample_bytree': 0.8404460046972835, 'min_child_weight': 8}.
[I 2026-05-22 18:21:40,690] Trial 232 finished with values: [0.5753805111209236, 0.9817441355145003] and parameters: {'n_estimators': 66, 'learning_rate': 0.014104914380026676, 'subsample': 0.9464704583099741, 'colsample_bytree': 0.6950550175969599, 'min_child_weight': 1}.
[I 2026-05-22 18:21:41,382] Trial 233 finished with values: [0.5269842827569989, 1.0325940244246663] and parameters: {'n_estimators': 366, 'learning_rate': 0.01471005003927122, 'subsample': 0.6746280235544143, 'colsample_bytree': 0.9570235993959911, 'min_child_weight': 6}.
[I 2026-05-22 18:21:41,913] Trial 234 finished with values: [0.5652046905167369, 0.6353214091439111] and parameters: {'n_estimators': 103, 'learning_rate': 0.01702458290769914, 'subsample': 0.8786948661456602, 'colsample_bytree': 0.9213923721539394, 'min_child_weight': 10}.
/home/mklemmingen/PycharmProjects/migraine-forecasting-shd/.venv/lib/python3.13/site-packages/sklearn/linear_model/_sag.py:348: ConvergenceWarning: The max_iter was reached which means the coef_ did not converge
  warnings.warn(
[I 2026-05-22 18:21:42,477] Trial 235 finished with values: [0.5592192364297733, 0.8507856358569879] and parameters: {'n_estimators': 60, 'learning_rate': 0.01058040360169664, 'subsample': 0.9043140194467589, 'colsample_bytree': 0.6915192661966489, 'min_child_weight': 4}.
[I 2026-05-22 18:21:43,039] Trial 236 finished with values: [0.5553048901703238, 0.8000213717493725] and parameters: {'n_estimators': 103, 'learning_rate': 0.01058040360169664, 'subsample': 0.9046478461314871, 'colsample_bytree': 0.6905983100791752, 'min_child_weight': 8}.
/home/mklemmingen/PycharmProjects/migraine-forecasting-shd/.venv/lib/python3.13/site-packages/sklearn/linear_model/_sag.py:348: ConvergenceWarning: The max_iter was reached which means the coef_ did not converge
  warnings.warn(
[I 2026-05-22 18:21:43,610] Trial 237 finished with values: [0.5796391867379265, 0.8645608953188202] and parameters: {'n_estimators': 54, 'learning_rate': 0.01412166070620751, 'subsample': 0.9718790609370292, 'colsample_bytree': 0.8404460046972835, 'min_child_weight': 1}.
[I 2026-05-22 18:21:44,194] Trial 238 finished with values: [0.547830439780127, 0.7279284404255909] and parameters: {'n_estimators': 120, 'learning_rate': 0.01058040360169664, 'subsample': 0.7552679704826087, 'colsample_bytree': 0.8404460046972835, 'min_child_weight': 8}.
[I 2026-05-22 18:21:44,920] Trial 239 finished with values: [0.5500888138763891, 0.758636571037186] and parameters: {'n_estimators': 420, 'learning_rate': 0.01471005003927122, 'subsample': 0.8786948661456602, 'colsample_bytree': 0.9213923721539394, 'min_child_weight': 10}.
[I 2026-05-22 18:21:45,379] Trial 240 finished with values: [0.5556361952997853, 0.6961276406291655] and parameters: {'n_estimators': 103, 'learning_rate': 0.01471005003927122, 'subsample': 0.9043140194467589, 'colsample_bytree': 0.8404460046972835, 'min_child_weight': 8}.
[I 2026-05-22 18:21:45,921] Trial 241 finished with values: [0.5311038007347234, 1.1730484679691453] and parameters: {'n_estimators': 120, 'learning_rate': 0.11046009304545999, 'subsample': 0.7257423924305306, 'colsample_bytree': 0.8404460046972835, 'min_child_weight': 3}.
[I 2026-05-22 18:21:46,448] Trial 242 finished with values: [0.5590689151090857, 0.7758646157848604] and parameters: {'n_estimators': 103, 'learning_rate': 0.01471005003927122, 'subsample': 0.9718790609370292, 'colsample_bytree': 0.6020246335384875, 'min_child_weight': 4}.
[I 2026-05-22 18:21:46,993] Trial 243 finished with values: [0.5702025444818861, 0.7502720273948367] and parameters: {'n_estimators': 103, 'learning_rate': 0.01471005003927122, 'subsample': 0.8607845038010402, 'colsample_bytree': 0.6325395122567599, 'min_child_weight': 3}.
[I 2026-05-22 18:21:47,457] Trial 244 finished with values: [0.5694896194210116, 0.9193328825133656] and parameters: {'n_estimators': 91, 'learning_rate': 0.012184186502221764, 'subsample': 0.9718790609370292, 'colsample_bytree': 0.8404460046972835, 'min_child_weight': 1}.
[I 2026-05-22 18:21:47,968] Trial 245 finished with values: [0.5602569026971109, 0.7132946606886763] and parameters: {'n_estimators': 103, 'learning_rate': 0.017303875834205888, 'subsample': 0.9043140194467589, 'colsample_bytree': 0.8245108790277985, 'min_child_weight': 10}.
[I 2026-05-22 18:21:48,462] Trial 246 finished with values: [0.5532371148571814, 0.8092624870997321] and parameters: {'n_estimators': 70, 'learning_rate': 0.017797595772834223, 'subsample': 0.7498450458505885, 'colsample_bytree': 0.6020246335384875, 'min_child_weight': 1}.
[I 2026-05-22 18:21:49,004] Trial 247 finished with values: [0.5507270290974393, 0.7311151363174322] and parameters: {'n_estimators': 91, 'learning_rate': 0.01412166070620751, 'subsample': 0.8012545034320351, 'colsample_bytree': 0.9509357413523924, 'min_child_weight': 7}.
[I 2026-05-22 18:21:49,562] Trial 248 finished with values: [0.5520879448791458, 0.9032779012753795] and parameters: {'n_estimators': 120, 'learning_rate': 0.035714399098231424, 'subsample': 0.9464704583099741, 'colsample_bytree': 0.7482568588267564, 'min_child_weight': 7}.
[I 2026-05-22 18:21:50,261] Trial 249 finished with values: [0.5427023422068811, 0.8730506813017982] and parameters: {'n_estimators': 294, 'learning_rate': 0.016149614799999188, 'subsample': 0.8196906658824482, 'colsample_bytree': 0.8807867509030813, 'min_child_weight': 8}.
[I 2026-05-22 18:21:50,667] Trial 250 finished with values: [0.5235174121597284, 1.3213129121316336] and parameters: {'n_estimators': 103, 'learning_rate': 0.15870971677383489, 'subsample': 0.9046478461314871, 'colsample_bytree': 0.6950550175969599, 'min_child_weight': 3}.
[I 2026-05-22 18:21:51,517] Trial 251 finished with values: [0.5412422956548509, 0.8490401429725132] and parameters: {'n_estimators': 477, 'learning_rate': 0.03058280993112278, 'subsample': 0.9208787923016158, 'colsample_bytree': 0.9944004255291483, 'min_child_weight': 4}.
[I 2026-05-22 18:21:51,979] Trial 252 finished with values: [0.5508041575815922, 1.1467847598977425] and parameters: {'n_estimators': 120, 'learning_rate': 0.129667438075127, 'subsample': 0.7505038342123663, 'colsample_bytree': 0.9166316174903394, 'min_child_weight': 5}.
[I 2026-05-22 18:21:52,535] Trial 253 finished with values: [0.5676986198906154, 0.6584379417344943] and parameters: {'n_estimators': 103, 'learning_rate': 0.017303875834205888, 'subsample': 0.9043140194467589, 'colsample_bytree': 0.9509357413523924, 'min_child_weight': 7}.
[I 2026-05-22 18:21:53,087] Trial 254 finished with values: [0.5616306722560719, 0.6854027415272038] and parameters: {'n_estimators': 103, 'learning_rate': 0.01702458290769914, 'subsample': 0.9043140194467589, 'colsample_bytree': 0.6950550175969599, 'min_child_weight': 4}.
[I 2026-05-22 18:21:53,647] Trial 255 finished with values: [0.5413965299536787, 0.7957996878426956] and parameters: {'n_estimators': 120, 'learning_rate': 0.01471005003927122, 'subsample': 0.6334002866794675, 'colsample_bytree': 0.8404460046972835, 'min_child_weight': 8}.
[I 2026-05-22 18:21:54,232] Trial 256 finished with values: [0.5615241572588122, 0.7496092280210315] and parameters: {'n_estimators': 182, 'learning_rate': 0.014104914380026676, 'subsample': 0.9208787923016158, 'colsample_bytree': 0.6298202574719083, 'min_child_weight': 1}.
/home/mklemmingen/PycharmProjects/migraine-forecasting-shd/.venv/lib/python3.13/site-packages/sklearn/linear_model/_sag.py:348: ConvergenceWarning: The max_iter was reached which means the coef_ did not converge
  warnings.warn(
[I 2026-05-22 18:21:54,674] Trial 257 finished with values: [0.580822064918241, 0.7895991815802977] and parameters: {'n_estimators': 70, 'learning_rate': 0.014104914380026676, 'subsample': 0.9043140194467589, 'colsample_bytree': 0.9108587663709747, 'min_child_weight': 4}.
[I 2026-05-22 18:21:55,394] Trial 258 finished with values: [0.5509318564001754, 0.8107454624665632] and parameters: {'n_estimators': 301, 'learning_rate': 0.01058040360169664, 'subsample': 0.9022204554172195, 'colsample_bytree': 0.6915192661966489, 'min_child_weight': 3}.
/home/mklemmingen/PycharmProjects/migraine-forecasting-shd/.venv/lib/python3.13/site-packages/sklearn/linear_model/_sag.py:348: ConvergenceWarning: The max_iter was reached which means the coef_ did not converge
  warnings.warn(
[I 2026-05-22 18:21:55,947] Trial 259 finished with values: [0.5806189876397928, 0.8234441188064769] and parameters: {'n_estimators': 54, 'learning_rate': 0.012184186502221764, 'subsample': 0.9046478461314871, 'colsample_bytree': 0.7696888036987906, 'min_child_weight': 8}.
[I 2026-05-22 18:21:56,520] Trial 260 finished with values: [0.5583111237386739, 0.7194498964115977] and parameters: {'n_estimators': 103, 'learning_rate': 0.017303875834205888, 'subsample': 0.9046478461314871, 'colsample_bytree': 0.8245108790277985, 'min_child_weight': 8}.
/home/mklemmingen/PycharmProjects/migraine-forecasting-shd/.venv/lib/python3.13/site-packages/sklearn/linear_model/_sag.py:348: ConvergenceWarning: The max_iter was reached which means the coef_ did not converge
  warnings.warn(
[I 2026-05-22 18:21:57,064] Trial 261 finished with values: [0.5856945480185841, 0.9147393063063307] and parameters: {'n_estimators': 54, 'learning_rate': 0.012184186502221764, 'subsample': 0.9464704583099741, 'colsample_bytree': 0.8404460046972835, 'min_child_weight': 8}.
[I 2026-05-22 18:21:57,558] Trial 262 finished with values: [0.5737969386342993, 0.8122498343777259] and parameters: {'n_estimators': 66, 'learning_rate': 0.04872420129560894, 'subsample': 0.9046478461314871, 'colsample_bytree': 0.9625417540378944, 'min_child_weight': 10}.
/home/mklemmingen/PycharmProjects/migraine-forecasting-shd/.venv/lib/python3.13/site-packages/sklearn/linear_model/_sag.py:348: ConvergenceWarning: The max_iter was reached which means the coef_ did not converge
  warnings.warn(
[I 2026-05-22 18:21:58,147] Trial 263 finished with values: [0.568276002967541, 0.8609085841689705] and parameters: {'n_estimators': 60, 'learning_rate': 0.01058040360169664, 'subsample': 0.8607845038010402, 'colsample_bytree': 0.6915192661966489, 'min_child_weight': 5}.
[I 2026-05-22 18:21:58,730] Trial 264 finished with values: [0.5684886913399169, 0.7915232282010447] and parameters: {'n_estimators': 100, 'learning_rate': 0.010639368372762009, 'subsample': 0.8607845038010402, 'colsample_bytree': 0.6377771843023713, 'min_child_weight': 4}.
/home/mklemmingen/PycharmProjects/migraine-forecasting-shd/.venv/lib/python3.13/site-packages/sklearn/linear_model/_sag.py:348: ConvergenceWarning: The max_iter was reached which means the coef_ did not converge
  warnings.warn(
[I 2026-05-22 18:21:59,306] Trial 265 finished with values: [0.5839978952655633, 0.7726837071433609] and parameters: {'n_estimators': 60, 'learning_rate': 0.01412166070620751, 'subsample': 0.900949811775072, 'colsample_bytree': 0.8404460046972835, 'min_child_weight': 4}.
/home/mklemmingen/PycharmProjects/migraine-forecasting-shd/.venv/lib/python3.13/site-packages/sklearn/linear_model/_sag.py:348: ConvergenceWarning: The max_iter was reached which means the coef_ did not converge
  warnings.warn(
[I 2026-05-22 18:21:59,765] Trial 266 finished with values: [0.589949354963099, 0.8787797038524182] and parameters: {'n_estimators': 54, 'learning_rate': 0.01412166070620751, 'subsample': 0.9043140194467589, 'colsample_bytree': 0.9509357413523924, 'min_child_weight': 3}.
[I 2026-05-22 18:22:00,333] Trial 267 finished with values: [0.5647100887450349, 0.6946908156079253] and parameters: {'n_estimators': 103, 'learning_rate': 0.01471005003927122, 'subsample': 0.9043140194467589, 'colsample_bytree': 0.9509357413523924, 'min_child_weight': 8}.
[I 2026-05-22 18:22:00,863] Trial 268 finished with values: [0.553886207572492, 0.8181598579826407] and parameters: {'n_estimators': 103, 'learning_rate': 0.030245085073501415, 'subsample': 0.9046478461314871, 'colsample_bytree': 0.9213923721539394, 'min_child_weight': 10}.
[I 2026-05-22 18:22:01,372] Trial 269 finished with values: [0.5530024917267564, 0.853076124794152] and parameters: {'n_estimators': 54, 'learning_rate': 0.053415464843459444, 'subsample': 0.9379501243877818, 'colsample_bytree': 0.6020246335384875, 'min_child_weight': 5}.
[I 2026-05-22 18:22:02,098] Trial 270 finished with values: [0.526771598018565, 0.9717993601661391] and parameters: {'n_estimators': 443, 'learning_rate': 0.010639368372762009, 'subsample': 0.6746280235544143, 'colsample_bytree': 0.9570235993959911, 'min_child_weight': 6}.
[I 2026-05-22 18:22:02,644] Trial 271 finished with values: [0.5762960885418333, 0.8111183949342176] and parameters: {'n_estimators': 103, 'learning_rate': 0.012184186502221764, 'subsample': 0.8607845038010402, 'colsample_bytree': 0.6325395122567599, 'min_child_weight': 1}.
[I 2026-05-22 18:22:03,178] Trial 272 finished with values: [0.574258504309187, 0.8763247115756391] and parameters: {'n_estimators': 70, 'learning_rate': 0.01471005003927122, 'subsample': 0.9043140194467589, 'colsample_bytree': 0.82272050498334, 'min_child_weight': 1}.
[I 2026-05-22 18:22:03,680] Trial 273 finished with values: [0.5367955607070873, 0.8338056071274773] and parameters: {'n_estimators': 54, 'learning_rate': 0.049234393858490974, 'subsample': 0.6225213102727349, 'colsample_bytree': 0.6475271665072287, 'min_child_weight': 8}.
[I 2026-05-22 18:22:04,228] Trial 274 finished with values: [0.5510785158133522, 0.8589604917337959] and parameters: {'n_estimators': 103, 'learning_rate': 0.01471005003927122, 'subsample': 0.6470104987108419, 'colsample_bytree': 0.8245108790277985, 'min_child_weight': 7}.
[I 2026-05-22 18:22:05,001] Trial 275 finished with values: [0.5686557513493273, 1.3286647188937075] and parameters: {'n_estimators': 386, 'learning_rate': 0.1538583627271404, 'subsample': 0.6746280235544143, 'colsample_bytree': 0.9570235993959911, 'min_child_weight': 6}.
[I 2026-05-22 18:22:05,549] Trial 276 finished with values: [0.5579056552320998, 0.7070126817060363] and parameters: {'n_estimators': 120, 'learning_rate': 0.017303875834205888, 'subsample': 0.8012545034320351, 'colsample_bytree': 0.9509357413523924, 'min_child_weight': 7}.
[I 2026-05-22 18:22:06,092] Trial 277 finished with values: [0.5382103875787443, 0.94994100327045] and parameters: {'n_estimators': 120, 'learning_rate': 0.04872420129560894, 'subsample': 0.8333475060388639, 'colsample_bytree': 0.6282274989601719, 'min_child_weight': 7}.
[I 2026-05-22 18:22:06,638] Trial 278 finished with values: [0.5691798474958533, 0.8067647451967849] and parameters: {'n_estimators': 91, 'learning_rate': 0.012184186502221764, 'subsample': 0.9464704583099741, 'colsample_bytree': 0.6282274989601719, 'min_child_weight': 10}.
/home/mklemmingen/PycharmProjects/migraine-forecasting-shd/.venv/lib/python3.13/site-packages/sklearn/linear_model/_sag.py:348: ConvergenceWarning: The max_iter was reached which means the coef_ did not converge
  warnings.warn(
[I 2026-05-22 18:22:07,210] Trial 279 finished with values: [0.5650830336101298, 0.6865689292712915] and parameters: {'n_estimators': 70, 'learning_rate': 0.01058040360169664, 'subsample': 0.7499482318094817, 'colsample_bytree': 0.7142848345127443, 'min_child_weight': 8}.
[I 2026-05-22 18:22:07,661] Trial 280 finished with values: [0.5796163027594783, 0.8248184596157477] and parameters: {'n_estimators': 103, 'learning_rate': 0.01058040360169664, 'subsample': 0.9474396512757841, 'colsample_bytree': 0.6950550175969599, 'min_child_weight': 3}.
[I 2026-05-22 18:22:08,186] Trial 281 finished with values: [0.5119749920737375, 1.2659359311084035] and parameters: {'n_estimators': 91, 'learning_rate': 0.26472593204036643, 'subsample': 0.9718790609370292, 'colsample_bytree': 0.8404460046972835, 'min_child_weight': 4}.
[I 2026-05-22 18:22:08,708] Trial 282 finished with values: [0.5361090553838259, 0.9238655254194702] and parameters: {'n_estimators': 54, 'learning_rate': 0.012184186502221764, 'subsample': 0.6048617898759265, 'colsample_bytree': 0.6377771843023713, 'min_child_weight': 8}.
[I 2026-05-22 18:22:09,150] Trial 283 finished with values: [0.5624304435370038, 0.7162440100197681] and parameters: {'n_estimators': 103, 'learning_rate': 0.01471005003927122, 'subsample': 0.8607845038010402, 'colsample_bytree': 0.9879515306830556, 'min_child_weight': 3}.
[I 2026-05-22 18:22:09,614] Trial 284 finished with values: [0.5600766109804827, 0.8006000389050667] and parameters: {'n_estimators': 103, 'learning_rate': 0.01702458290769914, 'subsample': 0.9718790609370292, 'colsample_bytree': 0.6172639647802304, 'min_child_weight': 4}.
[I 2026-05-22 18:22:10,120] Trial 285 finished with values: [0.5308441148122112, 0.9557970880834162] and parameters: {'n_estimators': 66, 'learning_rate': 0.20716979401768126, 'subsample': 0.8110804436345199, 'colsample_bytree': 0.9971859184477201, 'min_child_weight': 7}.
[I 2026-05-22 18:22:10,669] Trial 286 finished with values: [0.542887111293915, 1.0982521633905515] and parameters: {'n_estimators': 91, 'learning_rate': 0.21149322814164553, 'subsample': 0.9043140194467589, 'colsample_bytree': 0.8245108790277985, 'min_child_weight': 4}.
[I 2026-05-22 18:22:11,099] Trial 287 finished with values: [0.5615084831760451, 0.7067401813898453] and parameters: {'n_estimators': 103, 'learning_rate': 0.01471005003927122, 'subsample': 0.9043140194467589, 'colsample_bytree': 0.9509357413523924, 'min_child_weight': 3}.
/home/mklemmingen/PycharmProjects/migraine-forecasting-shd/.venv/lib/python3.13/site-packages/sklearn/linear_model/_sag.py:348: ConvergenceWarning: The max_iter was reached which means the coef_ did not converge
  warnings.warn(
[I 2026-05-22 18:22:11,632] Trial 288 finished with values: [0.5728835624152712, 0.7397799383191719] and parameters: {'n_estimators': 54, 'learning_rate': 0.012184186502221764, 'subsample': 0.8654007076432223, 'colsample_bytree': 0.8404460046972835, 'min_child_weight': 8}.
[I 2026-05-22 18:22:12,194] Trial 289 finished with values: [0.5350400463987068, 0.9288975220455118] and parameters: {'n_estimators': 91, 'learning_rate': 0.01058040360169664, 'subsample': 0.6295186258941595, 'colsample_bytree': 0.6468268065710423, 'min_child_weight': 4}.
[I 2026-05-22 18:22:12,789] Trial 290 finished with values: [0.5534383015504668, 0.8132870779106758] and parameters: {'n_estimators': 180, 'learning_rate': 0.017303875834205888, 'subsample': 0.9718790609370292, 'colsample_bytree': 0.8215417137605283, 'min_child_weight': 7}.
[I 2026-05-22 18:22:13,252] Trial 291 finished with values: [0.5746540663360713, 0.8093804551193582] and parameters: {'n_estimators': 120, 'learning_rate': 0.012184186502221764, 'subsample': 0.9464704583099741, 'colsample_bytree': 0.8404460046972835, 'min_child_weight': 1}.
[I 2026-05-22 18:22:13,814] Trial 292 finished with values: [0.5694981598734801, 0.7131858564227442] and parameters: {'n_estimators': 103, 'learning_rate': 0.01702458290769914, 'subsample': 0.9043140194467589, 'colsample_bytree': 0.9213923721539394, 'min_child_weight': 1}.
/home/mklemmingen/PycharmProjects/migraine-forecasting-shd/.venv/lib/python3.13/site-packages/sklearn/linear_model/_sag.py:348: ConvergenceWarning: The max_iter was reached which means the coef_ did not converge
  warnings.warn(
[I 2026-05-22 18:22:14,268] Trial 293 finished with values: [0.5684599855241776, 0.8881633342033254] and parameters: {'n_estimators': 54, 'learning_rate': 0.010639368372762009, 'subsample': 0.8607845038010402, 'colsample_bytree': 0.6377771843023713, 'min_child_weight': 6}.
[I 2026-05-22 18:22:15,016] Trial 294 finished with values: [0.5453164050883389, 0.8229976997235422] and parameters: {'n_estimators': 487, 'learning_rate': 0.01471005003927122, 'subsample': 0.9043140194467589, 'colsample_bytree': 0.8092391376680595, 'min_child_weight': 8}.
[I 2026-05-22 18:22:15,535] Trial 295 finished with values: [0.5710124233227362, 0.749953397332052] and parameters: {'n_estimators': 60, 'learning_rate': 0.01702458290769914, 'subsample': 0.9022204554172195, 'colsample_bytree': 0.6915192661966489, 'min_child_weight': 5}.
[I 2026-05-22 18:22:16,077] Trial 296 finished with values: [0.551287114332573, 1.0039011328187217] and parameters: {'n_estimators': 91, 'learning_rate': 0.08505465867325865, 'subsample': 0.9046478461314871, 'colsample_bytree': 0.6950550175969599, 'min_child_weight': 1}.
