[I 2026-05-22 18:23:56,075] Trial 478 finished with values: [0.5821736033664461, 0.8323496253129342] and parameters: {'n_estimators': 54, 'learning_rate': 0.012184186502221764, 'subsample': 0.9043140194467589, 'colsample_bytree': 0.6950550175969599, 'min_child_weight': 1}.
/home/mklemmingen/PycharmProjects/migraine-forecasting-shd/.venv/lib/python3.13/site-packages/sklearn/linear_model/_sag.py:348: ConvergenceWarning: The max_iter was reached which means the coef_ did not converge
  warnings.warn(
[I 2026-05-22 18:23:56,631] Trial 479 finished with values: [0.5866412583555864, 0.8942941577326925] and parameters: {'n_estimators': 54, 'learning_rate': 0.012184186502221764, 'subsample': 0.9043140194467589, 'colsample_bytree': 0.9877881733101476, 'min_child_weight': 5}.
[I 2026-05-22 18:23:57,136] Trial 480 finished with values: [0.5688050543130804, 0.662678235687497] and parameters: {'n_estimators': 70, 'learning_rate': 0.18987114604724706, 'subsample': 0.9043140194467589, 'colsample_bytree': 0.9108587663709747, 'min_child_weight': 4}.
[I 2026-05-22 18:23:57,996] Trial 481 finished with values: [0.5434363779804868, 0.9148787188029717] and parameters: {'n_estimators': 418, 'learning_rate': 0.012184186502221764, 'subsample': 0.9464704583099741, 'colsample_bytree': 0.8404460046972835, 'min_child_weight': 3}.
/home/mklemmingen/PycharmProjects/migraine-forecasting-shd/.venv/lib/python3.13/site-packages/sklearn/linear_model/_sag.py:348: ConvergenceWarning: The max_iter was reached which means the coef_ did not converge
  warnings.warn(
[I 2026-05-22 18:23:58,550] Trial 482 finished with values: [0.579315451776311, 0.633909677362507] and parameters: {'n_estimators': 60, 'learning_rate': 0.012184186502221764, 'subsample': 0.7505853467512198, 'colsample_bytree': 0.8404460046972835, 'min_child_weight': 8}.
/home/mklemmingen/PycharmProjects/migraine-forecasting-shd/.venv/lib/python3.13/site-packages/sklearn/linear_model/_sag.py:348: ConvergenceWarning: The max_iter was reached which means the coef_ did not converge
  warnings.warn(
[I 2026-05-22 18:23:58,989] Trial 483 finished with values: [0.556334539443472, 0.68024271297453] and parameters: {'n_estimators': 60, 'learning_rate': 0.01412166070620751, 'subsample': 0.6683550349560263, 'colsample_bytree': 0.9166316174903394, 'min_child_weight': 7}.
/home/mklemmingen/PycharmProjects/migraine-forecasting-shd/.venv/lib/python3.13/site-packages/sklearn/linear_model/_sag.py:348: ConvergenceWarning: The max_iter was reached which means the coef_ did not converge
  warnings.warn(
[I 2026-05-22 18:23:59,527] Trial 484 finished with values: [0.5681728699884223, 0.7310356403249443] and parameters: {'n_estimators': 60, 'learning_rate': 0.01412166070620751, 'subsample': 0.8654007076432223, 'colsample_bytree': 0.8674572879697724, 'min_child_weight': 10}.
/home/mklemmingen/PycharmProjects/migraine-forecasting-shd/.venv/lib/python3.13/site-packages/sklearn/linear_model/_sag.py:348: ConvergenceWarning: The max_iter was reached which means the coef_ did not converge
  warnings.warn(
[I 2026-05-22 18:23:59,983] Trial 485 finished with values: [0.5953589401640716, 0.9127659518853225] and parameters: {'n_estimators': 54, 'learning_rate': 0.012184186502221764, 'subsample': 0.9046478461314871, 'colsample_bytree': 0.8227051572055719, 'min_child_weight': 1}.
/home/mklemmingen/PycharmProjects/migraine-forecasting-shd/.venv/lib/python3.13/site-packages/sklearn/linear_model/_sag.py:348: ConvergenceWarning: The max_iter was reached which means the coef_ did not converge
  warnings.warn(
[I 2026-05-22 18:24:00,544] Trial 486 finished with values: [0.5752874662111542, 0.7545742560518947] and parameters: {'n_estimators': 54, 'learning_rate': 0.01412166070620751, 'subsample': 0.9043140194467589, 'colsample_bytree': 0.6675740252288658, 'min_child_weight': 8}.
/home/mklemmingen/PycharmProjects/migraine-forecasting-shd/.venv/lib/python3.13/site-packages/sklearn/linear_model/_sag.py:348: ConvergenceWarning: The max_iter was reached which means the coef_ did not converge
  warnings.warn(
[I 2026-05-22 18:24:01,108] Trial 487 finished with values: [0.5828950912838314, 0.8671751001105819] and parameters: {'n_estimators': 54, 'learning_rate': 0.01412166070620751, 'subsample': 0.9043140194467589, 'colsample_bytree': 0.9156684954429353, 'min_child_weight': 3}.
[I 2026-05-22 18:24:01,828] Trial 488 finished with values: [0.5469596111249521, 0.8567033187608317] and parameters: {'n_estimators': 307, 'learning_rate': 0.012184186502221764, 'subsample': 0.9464704583099741, 'colsample_bytree': 0.8404460046972835, 'min_child_weight': 8}.
[I 2026-05-22 18:24:02,296] Trial 489 finished with values: [0.5552763991110743, 1.050118412509281] and parameters: {'n_estimators': 176, 'learning_rate': 0.03506954878548353, 'subsample': 0.9464704583099741, 'colsample_bytree': 0.9077971732767748, 'min_child_weight': 5}.
/home/mklemmingen/PycharmProjects/migraine-forecasting-shd/.venv/lib/python3.13/site-packages/sklearn/linear_model/_sag.py:348: ConvergenceWarning: The max_iter was reached which means the coef_ did not converge
  warnings.warn(
[I 2026-05-22 18:24:02,846] Trial 490 finished with values: [0.5864502358737942, 0.758243277787086] and parameters: {'n_estimators': 54, 'learning_rate': 0.01702458290769914, 'subsample': 0.9043140194467589, 'colsample_bytree': 0.6748174994230093, 'min_child_weight': 1}.
/home/mklemmingen/PycharmProjects/migraine-forecasting-shd/.venv/lib/python3.13/site-packages/sklearn/linear_model/_sag.py:348: ConvergenceWarning: The max_iter was reached which means the coef_ did not converge
  warnings.warn(
[I 2026-05-22 18:24:03,317] Trial 491 finished with values: [0.5675387409802655, 0.7369064703730512] and parameters: {'n_estimators': 54, 'learning_rate': 0.01412166070620751, 'subsample': 0.7294716945616975, 'colsample_bytree': 0.6675740252288658, 'min_child_weight': 5}.
/home/mklemmingen/PycharmProjects/migraine-forecasting-shd/.venv/lib/python3.13/site-packages/sklearn/linear_model/_sag.py:348: ConvergenceWarning: The max_iter was reached which means the coef_ did not converge
  warnings.warn(
[I 2026-05-22 18:24:03,843] Trial 492 finished with values: [0.5579244280498526, 0.7699520558763379] and parameters: {'n_estimators': 54, 'learning_rate': 0.012184186502221764, 'subsample': 0.7701745754465668, 'colsample_bytree': 0.8404460046972835, 'min_child_weight': 4}.
[I 2026-05-22 18:24:04,280] Trial 493 finished with values: [0.5697548936573849, 0.8619617727113209] and parameters: {'n_estimators': 91, 'learning_rate': 0.012113606011086922, 'subsample': 0.9046478461314871, 'colsample_bytree': 0.803044151473782, 'min_child_weight': 1}.
[I 2026-05-22 18:24:04,832] Trial 494 finished with values: [0.5536820258790439, 0.764538444726983] and parameters: {'n_estimators': 70, 'learning_rate': 0.01058040360169664, 'subsample': 0.6969638929660321, 'colsample_bytree': 0.6950550175969599, 'min_child_weight': 8}.
/home/mklemmingen/PycharmProjects/migraine-forecasting-shd/.venv/lib/python3.13/site-packages/sklearn/linear_model/_sag.py:348: ConvergenceWarning: The max_iter was reached which means the coef_ did not converge
  warnings.warn(
[I 2026-05-22 18:24:05,479] Trial 495 finished with values: [0.5883273926794119, 0.8447784335228483] and parameters: {'n_estimators': 54, 'learning_rate': 0.012184186502221764, 'subsample': 0.9464704583099741, 'colsample_bytree': 0.8782994755938469, 'min_child_weight': 2}.
/home/mklemmingen/PycharmProjects/migraine-forecasting-shd/.venv/lib/python3.13/site-packages/sklearn/linear_model/_sag.py:348: ConvergenceWarning: The max_iter was reached which means the coef_ did not converge
  warnings.warn(
[I 2026-05-22 18:24:06,049] Trial 496 finished with values: [0.5814511755536733, 0.8230473732265106] and parameters: {'n_estimators': 60, 'learning_rate': 0.01058040360169664, 'subsample': 0.900949811775072, 'colsample_bytree': 0.82272050498334, 'min_child_weight': 8}.
/home/mklemmingen/PycharmProjects/migraine-forecasting-shd/.venv/lib/python3.13/site-packages/sklearn/linear_model/_sag.py:348: ConvergenceWarning: The max_iter was reached which means the coef_ did not converge
  warnings.warn(
[I 2026-05-22 18:24:06,618] Trial 497 finished with values: [0.5905720618280947, 0.7168727994245412] and parameters: {'n_estimators': 54, 'learning_rate': 0.012184186502221764, 'subsample': 0.8786948661456602, 'colsample_bytree': 0.8404460046972835, 'min_child_weight': 7}.
[I 2026-05-22 18:24:07,210] Trial 498 finished with values: [0.5571980285470773, 0.7547786325023715] and parameters: {'n_estimators': 103, 'learning_rate': 0.017303875834205888, 'subsample': 0.9464704583099741, 'colsample_bytree': 0.8404460046972835, 'min_child_weight': 8}.
[I 2026-05-22 18:24:07,795] Trial 499 finished with values: [0.5642571517673662, 0.7140720295885485] and parameters: {'n_estimators': 103, 'learning_rate': 0.014104914380026676, 'subsample': 0.7505853467512198, 'colsample_bytree': 0.9879515306830556, 'min_child_weight': 4}.
Building variant 'auroc_max'...
/home/mklemmingen/PycharmProjects/migraine-forecasting-shd/.venv/lib/python3.13/site-packages/sklearn/linear_model/_sag.py:348: ConvergenceWarning: The max_iter was reached which means the coef_ did not converge
  warnings.warn(
Saved /home/mklemmingen/PycharmProjects/migraine-forecasting-shd/experiment/0/migraine/full_features/stacked_2xgb_meta_lr/70_15_15/patient/HyperparameterTuned/pareto_AUROC_slope/auroc_max/model.joblib

# End capture ------------------------------------------
# Finished: 2026-05-22T18:24:08
