[I 2026-05-22 18:20:52,981] Trial 153 finished with values: [0.5563210687492715, 0.8125151882202519] and parameters: {'n_estimators': 355, 'learning_rate': 0.01412166070620751, 'subsample': 0.8599855723111061, 'colsample_bytree': 0.9425959364753289, 'min_child_weight': 7}.
[I 2026-05-22 18:20:53,447] Trial 154 finished with values: [0.556017922005893, 0.7132511799946145] and parameters: {'n_estimators': 120, 'learning_rate': 0.01471005003927122, 'subsample': 0.9043140194467589, 'colsample_bytree': 0.8404460046972835, 'min_child_weight': 8}.
[I 2026-05-22 18:20:54,016] Trial 155 finished with values: [0.49236277229262804, 1.966149516781773] and parameters: {'n_estimators': 103, 'learning_rate': 0.2536999076681772, 'subsample': 0.9043140194467589, 'colsample_bytree': 0.9509357413523924, 'min_child_weight': 2}.
[I 2026-05-22 18:20:54,581] Trial 156 finished with values: [0.5427555574633056, 0.821618211556739] and parameters: {'n_estimators': 120, 'learning_rate': 0.09396591857488666, 'subsample': 0.9208787923016158, 'colsample_bytree': 0.8404460046972835, 'min_child_weight': 2}.
[I 2026-05-22 18:20:55,090] Trial 157 finished with values: [0.5641713606986956, 0.775171078916228] and parameters: {'n_estimators': 70, 'learning_rate': 0.017797595772834223, 'subsample': 0.7498450458505885, 'colsample_bytree': 0.82272050498334, 'min_child_weight': 1}.
[I 2026-05-22 18:20:55,511] Trial 158 finished with values: [0.5602601779405574, 0.8102288576211787] and parameters: {'n_estimators': 91, 'learning_rate': 0.01412166070620751, 'subsample': 0.9718790609370292, 'colsample_bytree': 0.6020246335384875, 'min_child_weight': 4}.
[I 2026-05-22 18:20:56,058] Trial 159 finished with values: [0.546096761810008, 0.7652656289300912] and parameters: {'n_estimators': 91, 'learning_rate': 0.017303875834205888, 'subsample': 0.9698774473114251, 'colsample_bytree': 0.9960215400417053, 'min_child_weight': 3}.
[I 2026-05-22 18:20:56,610] Trial 160 finished with values: [0.5648444939877004, 0.7720487320145472] and parameters: {'n_estimators': 120, 'learning_rate': 0.017303875834205888, 'subsample': 0.9464704583099741, 'colsample_bytree': 0.6282274989601719, 'min_child_weight': 7}.
[I 2026-05-22 18:20:57,218] Trial 161 finished with values: [0.5405130940036326, 1.105311226594133] and parameters: {'n_estimators': 339, 'learning_rate': 0.10519936117151477, 'subsample': 0.8607845038010402, 'colsample_bytree': 0.689707723784224, 'min_child_weight': 8}.
[I 2026-05-22 18:20:57,621] Trial 162 finished with values: [0.5232411431128086, 0.946182208584234] and parameters: {'n_estimators': 61, 'learning_rate': 0.07332660227137139, 'subsample': 0.6746280235544143, 'colsample_bytree': 0.9570235993959911, 'min_child_weight': 6}.
[I 2026-05-22 18:20:58,327] Trial 163 finished with values: [0.5422449442147054, 0.8594176318518523] and parameters: {'n_estimators': 426, 'learning_rate': 0.01471005003927122, 'subsample': 0.8099025726528951, 'colsample_bytree': 0.9760920965699831, 'min_child_weight': 3}.
[I 2026-05-22 18:20:59,038] Trial 164 finished with values: [0.5231569560724377, 1.18729478051521] and parameters: {'n_estimators': 294, 'learning_rate': 0.042902233912047165, 'subsample': 0.8048372233197124, 'colsample_bytree': 0.9854479908357011, 'min_child_weight': 6}.
[I 2026-05-22 18:20:59,712] Trial 165 finished with values: [0.5589116786749293, 0.8386702032846859] and parameters: {'n_estimators': 355, 'learning_rate': 0.01058040360169664, 'subsample': 0.7552679704826087, 'colsample_bytree': 0.6915192661966489, 'min_child_weight': 5}.
[I 2026-05-22 18:21:00,319] Trial 166 finished with values: [0.556962563094186, 0.9062004225665854] and parameters: {'n_estimators': 180, 'learning_rate': 0.017303875834205888, 'subsample': 0.8573152873769412, 'colsample_bytree': 0.7833011561966067, 'min_child_weight': 8}.
[I 2026-05-22 18:21:00,985] Trial 167 finished with values: [0.542724225514632, 0.862522052712551] and parameters: {'n_estimators': 355, 'learning_rate': 0.01607123851203988, 'subsample': 0.8056937753654446, 'colsample_bytree': 0.7465447373174767, 'min_child_weight': 1}.
[I 2026-05-22 18:21:01,738] Trial 168 finished with values: [0.5484880078213463, 0.807667603204681] and parameters: {'n_estimators': 296, 'learning_rate': 0.01058040360169664, 'subsample': 0.8048372233197124, 'colsample_bytree': 0.9509357413523924, 'min_child_weight': 8}.
[I 2026-05-22 18:21:02,166] Trial 169 finished with values: [0.5576406651194283, 0.7918373080850039] and parameters: {'n_estimators': 91, 'learning_rate': 0.01471005003927122, 'subsample': 0.9601672228653322, 'colsample_bytree': 0.6950550175969599, 'min_child_weight': 10}.
[I 2026-05-22 18:21:02,759] Trial 170 finished with values: [0.5010694117333263, 1.6123876713647072] and parameters: {'n_estimators': 162, 'learning_rate': 0.24584290528289388, 'subsample': 0.9022204554172195, 'colsample_bytree': 0.9579309401710595, 'min_child_weight': 5}.
[I 2026-05-22 18:21:03,285] Trial 171 finished with values: [0.5640224184747807, 0.8495076344005484] and parameters: {'n_estimators': 91, 'learning_rate': 0.01412166070620751, 'subsample': 0.9718790609370292, 'colsample_bytree': 0.8404460046972835, 'min_child_weight': 4}.
[I 2026-05-22 18:21:04,128] Trial 172 finished with values: [0.5472101052977986, 0.8312572202631856] and parameters: {'n_estimators': 443, 'learning_rate': 0.01058040360169664, 'subsample': 0.7544410551203097, 'colsample_bytree': 0.9844762255295657, 'min_child_weight': 6}.
[I 2026-05-22 18:21:04,890] Trial 173 finished with values: [0.5509398049940972, 0.816279393391944] and parameters: {'n_estimators': 458, 'learning_rate': 0.012184186502221764, 'subsample': 0.9601672228653322, 'colsample_bytree': 0.8404460046972835, 'min_child_weight': 4}.
[I 2026-05-22 18:21:05,591] Trial 174 finished with values: [0.5471623293383354, 0.8160921632997018] and parameters: {'n_estimators': 297, 'learning_rate': 0.019462886350651437, 'subsample': 0.8607845038010402, 'colsample_bytree': 0.6020246335384875, 'min_child_weight': 3}.
[I 2026-05-22 18:21:06,104] Trial 175 finished with values: [0.5467177877904115, 1.0132280295573768] and parameters: {'n_estimators': 64, 'learning_rate': 0.08710745900492396, 'subsample': 0.7257423924305306, 'colsample_bytree': 0.8245108790277985, 'min_child_weight': 1}.
[I 2026-05-22 18:21:06,652] Trial 176 finished with values: [0.5605192244346429, 0.7468353972082269] and parameters: {'n_estimators': 103, 'learning_rate': 0.01471005003927122, 'subsample': 0.9043140194467589, 'colsample_bytree': 0.6298202574719083, 'min_child_weight': 3}.
[I 2026-05-22 18:21:07,324] Trial 177 finished with values: [0.5335734727118108, 0.9294207790747473] and parameters: {'n_estimators': 355, 'learning_rate': 0.030245085073501415, 'subsample': 0.8985965620472096, 'colsample_bytree': 0.8807867509030813, 'min_child_weight': 2}.
/home/mklemmingen/PycharmProjects/migraine-forecasting-shd/.venv/lib/python3.13/site-packages/sklearn/linear_model/_sag.py:348: ConvergenceWarning: The max_iter was reached which means the coef_ did not converge
  warnings.warn(
[I 2026-05-22 18:21:07,851] Trial 178 finished with values: [0.5705107608018113, 0.7985123765527543] and parameters: {'n_estimators': 54, 'learning_rate': 0.010639368372762009, 'subsample': 0.8607845038010402, 'colsample_bytree': 0.6377771843023713, 'min_child_weight': 3}.
[I 2026-05-22 18:21:08,486] Trial 179 finished with values: [0.4787878900752185, 2.0050680907810765] and parameters: {'n_estimators': 203, 'learning_rate': 0.10206664092951903, 'subsample': 0.6284754593840916, 'colsample_bytree': 0.7275902521175045, 'min_child_weight': 8}.
[I 2026-05-22 18:21:09,183] Trial 180 finished with values: [0.5499931143878196, 0.8498766166003904] and parameters: {'n_estimators': 297, 'learning_rate': 0.01471005003927122, 'subsample': 0.9208787923016158, 'colsample_bytree': 0.9509357413523924, 'min_child_weight': 3}.
[I 2026-05-22 18:21:09,624] Trial 181 finished with values: [0.5688975671695078, 0.8315523977930812] and parameters: {'n_estimators': 54, 'learning_rate': 0.01412166070620751, 'subsample': 0.9379501243877818, 'colsample_bytree': 0.6020246335384875, 'min_child_weight': 9}.
/home/mklemmingen/PycharmProjects/migraine-forecasting-shd/.venv/lib/python3.13/site-packages/sklearn/linear_model/_sag.py:348: ConvergenceWarning: The max_iter was reached which means the coef_ did not converge
  warnings.warn(
[I 2026-05-22 18:21:10,182] Trial 182 finished with values: [0.5793913948369981, 0.775123083723922] and parameters: {'n_estimators': 60, 'learning_rate': 0.01058040360169664, 'subsample': 0.9022204554172195, 'colsample_bytree': 0.6915192661966489, 'min_child_weight': 5}.
[I 2026-05-22 18:21:10,806] Trial 183 finished with values: [0.5130631122313652, 1.4045390400153777] and parameters: {'n_estimators': 294, 'learning_rate': 0.08710745900492396, 'subsample': 0.9757995766256756, 'colsample_bytree': 0.8245108790277985, 'min_child_weight': 8}.
[I 2026-05-22 18:21:11,457] Trial 184 finished with values: [0.5114270457467962, 1.2900260129440317] and parameters: {'n_estimators': 417, 'learning_rate': 0.042902233912047165, 'subsample': 0.9601672228653322, 'colsample_bytree': 0.9652962210225885, 'min_child_weight': 9}.
[I 2026-05-22 18:21:12,065] Trial 185 finished with values: [0.499954282267342, 1.7195808967379633] and parameters: {'n_estimators': 297, 'learning_rate': 0.10519936117151477, 'subsample': 0.9718790609370292, 'colsample_bytree': 0.7351980627406143, 'min_child_weight': 8}.
[I 2026-05-22 18:21:12,752] Trial 186 finished with values: [0.5206808159188228, 1.0750487569325469] and parameters: {'n_estimators': 294, 'learning_rate': 0.02516607127550297, 'subsample': 0.8048372233197124, 'colsample_bytree': 0.7427013306774357, 'min_child_weight': 10}.
[I 2026-05-22 18:21:13,305] Trial 187 finished with values: [0.5288520697308353, 0.971732598869815] and parameters: {'n_estimators': 156, 'learning_rate': 0.030245085073501415, 'subsample': 0.7498450458505885, 'colsample_bytree': 0.7127419099093599, 'min_child_weight': 2}.
[I 2026-05-22 18:21:13,837] Trial 188 finished with values: [0.5714851497781993, 0.7926453437357532] and parameters: {'n_estimators': 91, 'learning_rate': 0.01471005003927122, 'subsample': 0.8786948661456602, 'colsample_bytree': 0.6950550175969599, 'min_child_weight': 10}.
[I 2026-05-22 18:21:14,254] Trial 189 finished with values: [0.5621831885336199, 0.7774989306964823] and parameters: {'n_estimators': 70, 'learning_rate': 0.017797595772834223, 'subsample': 0.9043140194467589, 'colsample_bytree': 0.8245108790277985, 'min_child_weight': 4}.
/home/mklemmingen/PycharmProjects/migraine-forecasting-shd/.venv/lib/python3.13/site-packages/sklearn/linear_model/_sag.py:348: ConvergenceWarning: The max_iter was reached which means the coef_ did not converge
  warnings.warn(
[I 2026-05-22 18:21:14,813] Trial 190 finished with values: [0.5611290470162317, 0.7988379766402145] and parameters: {'n_estimators': 91, 'learning_rate': 0.01058040360169664, 'subsample': 0.9601672228653322, 'colsample_bytree': 0.9232481518257668, 'min_child_weight': 4}.
[I 2026-05-22 18:21:15,399] Trial 191 finished with values: [0.5044331556524175, 2.5601779855697027] and parameters: {'n_estimators': 333, 'learning_rate': 0.19775731712985178, 'subsample': 0.8607845038010402, 'colsample_bytree': 0.6298202574719083, 'min_child_weight': 3}.
[I 2026-05-22 18:21:15,986] Trial 192 finished with values: [0.5355899135578477, 1.77454183534199] and parameters: {'n_estimators': 294, 'learning_rate': 0.1218397677644799, 'subsample': 0.9757995766256756, 'colsample_bytree': 0.9579309401710595, 'min_child_weight': 6}.
[I 2026-05-22 18:21:16,477] Trial 193 finished with values: [0.5702558255916589, 0.7724946494906406] and parameters: {'n_estimators': 66, 'learning_rate': 0.030245085073501415, 'subsample': 0.9046478461314871, 'colsample_bytree': 0.6950550175969599, 'min_child_weight': 10}.
[I 2026-05-22 18:21:17,038] Trial 194 finished with values: [0.5650467535091301, 0.6988960535320816] and parameters: {'n_estimators': 103, 'learning_rate': 0.01702458290769914, 'subsample': 0.9043140194467589, 'colsample_bytree': 0.9213923721539394, 'min_child_weight': 4}.
[I 2026-05-22 18:21:17,591] Trial 195 finished with values: [0.5333651468140757, 0.9222024967148427] and parameters: {'n_estimators': 103, 'learning_rate': 0.02609752135980675, 'subsample': 0.9601672228653322, 'colsample_bytree': 0.6709758175118891, 'min_child_weight': 4}.
[I 2026-05-22 18:21:18,216] Trial 196 finished with values: [0.5414479954196516, 0.9632426238354942] and parameters: {'n_estimators': 355, 'learning_rate': 0.023422815835049925, 'subsample': 0.9002459006563434, 'colsample_bytree': 0.7594018937589494, 'min_child_weight': 7}.
[I 2026-05-22 18:21:18,961] Trial 197 finished with values: [0.5611490218345458, 0.87927943689123] and parameters: {'n_estimators': 413, 'learning_rate': 0.01412166070620751, 'subsample': 0.9601672228653322, 'colsample_bytree': 0.6020246335384875, 'min_child_weight': 4}.
[I 2026-05-22 18:21:19,658] Trial 198 finished with values: [0.5513227121435904, 0.8599944864441703] and parameters: {'n_estimators': 294, 'learning_rate': 0.016149614799999188, 'subsample': 0.9208787923016158, 'colsample_bytree': 0.6915192661966489, 'min_child_weight': 5}.
[I 2026-05-22 18:21:20,558] Trial 199 finished with values: [0.5420123974871152, 0.8446214956366125] and parameters: {'n_estimators': 496, 'learning_rate': 0.01058040360169664, 'subsample': 0.8048372233197124, 'colsample_bytree': 0.8245108790277985, 'min_child_weight': 8}.
[I 2026-05-22 18:21:21,107] Trial 200 finished with values: [0.5533938501107031, 0.8240102653678854] and parameters: {'n_estimators': 91, 'learning_rate': 0.01471005003927122, 'subsample': 0.7650470707645706, 'colsample_bytree': 0.8404460046972835, 'min_child_weight': 4}.
[I 2026-05-22 18:21:21,501] Trial 201 finished with values: [0.550854700209585, 0.9086421954177647] and parameters: {'n_estimators': 70, 'learning_rate': 0.023422815835049925, 'subsample': 0.7498450458505885, 'colsample_bytree': 0.9105651842967988, 'min_child_weight': 7}.
[I 2026-05-22 18:21:22,133] Trial 202 finished with values: [0.5535293003297178, 0.8823260156358051] and parameters: {'n_estimators': 203, 'learning_rate': 0.017303875834205888, 'subsample': 0.9718790609370292, 'colsample_bytree': 0.9232481518257668, 'min_child_weight': 10}.
/home/mklemmingen/PycharmProjects/migraine-forecasting-shd/.venv/lib/python3.13/site-packages/sklearn/linear_model/_sag.py:348: ConvergenceWarning: The max_iter was reached which means the coef_ did not converge
  warnings.warn(
[I 2026-05-22 18:21:22,683] Trial 203 finished with values: [0.5685270749561184, 0.6677645386853186] and parameters: {'n_estimators': 70, 'learning_rate': 0.01058040360169664, 'subsample': 0.7498450458505885, 'colsample_bytree': 0.82272050498334, 'min_child_weight': 8}.
[I 2026-05-22 18:21:23,491] Trial 204 finished with values: [0.5358386081836773, 0.9615612353578806] and parameters: {'n_estimators': 437, 'learning_rate': 0.030245085073501415, 'subsample': 0.9046478461314871, 'colsample_bytree': 0.6950550175969599, 'min_child_weight': 4}.
[I 2026-05-22 18:21:24,223] Trial 205 finished with values: [0.5449726424076944, 0.9846598953197375] and parameters: {'n_estimators': 355, 'learning_rate': 0.012184186502221764, 'subsample': 0.7257423924305306, 'colsample_bytree': 0.8807867509030813, 'min_child_weight': 8}.
[I 2026-05-22 18:21:24,880] Trial 206 finished with values: [0.4777234304883945, 2.8872589741475294] and parameters: {'n_estimators': 243, 'learning_rate': 0.12856643861355183, 'subsample': 0.9018171496338729, 'colsample_bytree': 0.6950550175969599, 'min_child_weight': 2}.
[I 2026-05-22 18:21:25,468] Trial 207 finished with values: [0.5630397588898143, 0.8035402745305638] and parameters: {'n_estimators': 120, 'learning_rate': 0.017303875834205888, 'subsample': 0.9464704583099741, 'colsample_bytree': 0.641249547534373, 'min_child_weight': 6}.
[I 2026-05-22 18:21:26,297] Trial 208 finished with values: [0.5523203497250024, 0.8287872213132967] and parameters: {'n_estimators': 457, 'learning_rate': 0.01412166070620751, 'subsample': 0.9601672228653322, 'colsample_bytree': 0.8021009489791429, 'min_child_weight': 4}.
[I 2026-05-22 18:21:27,006] Trial 209 finished with values: [0.5451053902315529, 0.8806016386195283] and parameters: {'n_estimators': 422, 'learning_rate': 0.017303875834205888, 'subsample': 0.9464704583099741, 'colsample_bytree': 0.6282274989601719, 'min_child_weight': 7}.
[I 2026-05-22 18:21:27,474] Trial 210 finished with values: [0.5511896568313632, 0.8020324854000643] and parameters: {'n_estimators': 120, 'learning_rate': 0.017797595772834223, 'subsample': 0.7498450458505885, 'colsample_bytree': 0.8404460046972835, 'min_child_weight': 6}.
[I 2026-05-22 18:21:28,083] Trial 211 finished with values: [0.5503537642811349, 0.7431273827889434] and parameters: {'n_estimators': 194, 'learning_rate': 0.012184186502221764, 'subsample': 0.9046478461314871, 'colsample_bytree': 0.6950550175969599, 'min_child_weight': 9}.
[I 2026-05-22 18:21:28,747] Trial 212 finished with values: [0.5522510973392094, 0.8204846621885968] and parameters: {'n_estimators': 225, 'learning_rate': 0.030245085073501415, 'subsample': 0.9046478461314871, 'colsample_bytree': 0.6950550175969599, 'min_child_weight': 10}.
[I 2026-05-22 18:21:29,274] Trial 213 finished with values: [0.5438588697734783, 0.8401421129470856] and parameters: {'n_estimators': 70, 'learning_rate': 0.030245085073501415, 'subsample': 0.6043350605921193, 'colsample_bytree': 0.82272050498334, 'min_child_weight': 10}.
[I 2026-05-22 18:21:29,822] Trial 214 finished with values: [0.48894894697177704, 1.802817884381002] and parameters: {'n_estimators': 120, 'learning_rate': 0.21744977418953557, 'subsample': 0.9464704583099741, 'colsample_bytree': 0.6950550175969599, 'min_child_weight': 1}.
[I 2026-05-22 18:21:30,334] Trial 215 finished with values: [0.5497213558781358, 0.7569328192540101] and parameters: {'n_estimators': 91, 'learning_rate': 0.029625450352016573, 'subsample': 0.9718790609370292, 'colsample_bytree': 0.9509357413523924, 'min_child_weight': 4}.
[I 2026-05-22 18:21:31,055] Trial 216 finished with values: [0.5220644183622489, 1.702800310791598] and parameters: {'n_estimators': 478, 'learning_rate': 0.21149322814164553, 'subsample': 0.9601672228653322, 'colsample_bytree': 0.8532405829093072, 'min_child_weight': 10}.
/home/mklemmingen/PycharmProjects/migraine-forecasting-shd/.venv/lib/python3.13/site-packages/sklearn/linear_model/_sag.py:348: ConvergenceWarning: The max_iter was reached which means the coef_ did not converge
  warnings.warn(
[I 2026-05-22 18:21:31,606] Trial 217 finished with values: [0.5723952512246135, 0.7613368029974472] and parameters: {'n_estimators': 54, 'learning_rate': 0.012184186502221764, 'subsample': 0.9046478461314871, 'colsample_bytree': 0.6950550175969599, 'min_child_weight': 8}.
[I 2026-05-22 18:21:32,331] Trial 218 finished with values: [0.5489643183389634, 0.7836479005336789] and parameters: {'n_estimators': 308, 'learning_rate': 0.01702458290769914, 'subsample': 0.8527348848679197, 'colsample_bytree': 0.7793782087913279, 'min_child_weight': 4}.
[I 2026-05-22 18:21:32,948] Trial 219 finished with values: [0.5717619427542309, 0.9231982480784879] and parameters: {'n_estimators': 182, 'learning_rate': 0.03058280993112278, 'subsample': 0.9208787923016158, 'colsample_bytree': 0.6298202574719083, 'min_child_weight': 10}.
[I 2026-05-22 18:21:33,469] Trial 220 finished with values: [0.5533246658787014, 0.7749931689224733] and parameters: {'n_estimators': 66, 'learning_rate': 0.030245085073501415, 'subsample': 0.8690073824308153, 'colsample_bytree': 0.6950550175969599, 'min_child_weight': 4}.
/home/mklemmingen/PycharmProjects/migraine-forecasting-shd/.venv/lib/python3.13/site-packages/sklearn/linear_model/_sag.py:348: ConvergenceWarning: The max_iter was reached which means the coef_ did not converge
  warnings.warn(
[I 2026-05-22 18:21:34,041] Trial 221 finished with values: [0.5793274224235112, 0.7571568422868147] and parameters: {'n_estimators': 60, 'learning_rate': 0.01058040360169664, 'subsample': 0.900949811775072, 'colsample_bytree': 0.9166316174903394, 'min_child_weight': 5}.
[I 2026-05-22 18:21:34,603] Trial 222 finished with values: [0.4894200362163105, 2.1368538254480836] and parameters: {'n_estimators': 120, 'learning_rate': 0.1466769064893309, 'subsample': 0.6364824412194762, 'colsample_bytree': 0.8404460046972835, 'min_child_weight': 5}.
[I 2026-05-22 18:21:35,158] Trial 223 finished with values: [0.5576406651194283, 0.7918373080850039] and parameters: {'n_estimators': 91, 'learning_rate': 0.01471005003927122, 'subsample': 0.9601672228653322, 'colsample_bytree': 0.6950550175969599, 'min_child_weight': 10}.
/home/mklemmingen/PycharmProjects/migraine-forecasting-shd/.venv/lib/python3.13/site-packages/sklearn/linear_model/_sag.py:348: ConvergenceWarning: The max_iter was reached which means the coef_ did not converge
  warnings.warn(
[I 2026-05-22 18:21:35,598] Trial 224 finished with values: [0.5728835624152712, 0.7397799383191719] and parameters: {'n_estimators': 54, 'learning_rate': 0.012184186502221764, 'subsample': 0.8654007076432223, 'colsample_bytree': 0.8404460046972835, 'min_child_weight': 8}.
[I 2026-05-22 18:21:36,292] Trial 225 finished with values: [0.5313368292724581, 0.9719462302858275] and parameters: {'n_estimators': 180, 'learning_rate': 0.017303875834205888, 'subsample': 0.6230235040066577, 'colsample_bytree': 0.8198115529294943, 'min_child_weight': 5}.
[I 2026-05-22 18:21:36,818] Trial 226 finished with values: [0.5210387556751052, 1.371386331591432] and parameters: {'n_estimators': 91, 'learning_rate': 0.20476075218575424, 'subsample': 0.9601672228653322, 'colsample_bytree': 0.6950550175969599, 'min_child_weight': 4}.
