[I 2026-05-22 18:23:27,426] Trial 424 finished with values: [0.5685409301308579, 0.6668010442166811] and parameters: {'n_estimators': 54, 'learning_rate': 0.03506954878548353, 'subsample': 0.9464704583099741, 'colsample_bytree': 0.8404460046972835, 'min_child_weight': 5}.
/home/mklemmingen/PycharmProjects/migraine-forecasting-shd/.venv/lib/python3.13/site-packages/sklearn/linear_model/_sag.py:348: ConvergenceWarning: The max_iter was reached which means the coef_ did not converge
  warnings.warn(
[I 2026-05-22 18:23:27,779] Trial 425 finished with values: [0.5681561834894258, 0.7751337479082926] and parameters: {'n_estimators': 60, 'learning_rate': 0.01058040360169664, 'subsample': 0.9464704583099741, 'colsample_bytree': 0.6915192661966489, 'min_child_weight': 5}.
/home/mklemmingen/PycharmProjects/migraine-forecasting-shd/.venv/lib/python3.13/site-packages/sklearn/linear_model/_sag.py:348: ConvergenceWarning: The max_iter was reached which means the coef_ did not converge
  warnings.warn(
[I 2026-05-22 18:23:28,339] Trial 426 finished with values: [0.5700370601876278, 0.7496690880931074] and parameters: {'n_estimators': 70, 'learning_rate': 0.012184186502221764, 'subsample': 0.9043140194467589, 'colsample_bytree': 0.8782994755938469, 'min_child_weight': 5}.
/home/mklemmingen/PycharmProjects/migraine-forecasting-shd/.venv/lib/python3.13/site-packages/sklearn/linear_model/_sag.py:348: ConvergenceWarning: The max_iter was reached which means the coef_ did not converge
  warnings.warn(
[I 2026-05-22 18:23:28,770] Trial 427 finished with values: [0.5735374610409397, 0.7313169459197875] and parameters: {'n_estimators': 54, 'learning_rate': 0.012184186502221764, 'subsample': 0.8654007076432223, 'colsample_bytree': 0.8989883752535026, 'min_child_weight': 7}.
/home/mklemmingen/PycharmProjects/migraine-forecasting-shd/.venv/lib/python3.13/site-packages/sklearn/linear_model/_sag.py:348: ConvergenceWarning: The max_iter was reached which means the coef_ did not converge
  warnings.warn(
[I 2026-05-22 18:23:29,303] Trial 428 finished with values: [0.5616024705281213, 0.8792380202311915] and parameters: {'n_estimators': 54, 'learning_rate': 0.012184186502221764, 'subsample': 0.9718790609370292, 'colsample_bytree': 0.6146732811562391, 'min_child_weight': 7}.
[I 2026-05-22 18:23:29,606] Trial 429 finished with values: [0.5777674625649365, 0.7225762127305873] and parameters: {'n_estimators': 70, 'learning_rate': 0.02359825968453427, 'subsample': 0.9043140194467589, 'colsample_bytree': 0.885339834353821, 'min_child_weight': 4}.
[I 2026-05-22 18:23:30,199] Trial 430 finished with values: [0.566913945236954, 0.7832133800073976] and parameters: {'n_estimators': 103, 'learning_rate': 0.012184186502221764, 'subsample': 0.9580827350748797, 'colsample_bytree': 0.9879515306830556, 'min_child_weight': 6}.
[I 2026-05-22 18:23:30,778] Trial 431 finished with values: [0.5529948529216464, 0.8403790022349241] and parameters: {'n_estimators': 289, 'learning_rate': 0.014398128852644736, 'subsample': 0.9046478461314871, 'colsample_bytree': 0.6950550175969599, 'min_child_weight': 1}.
/home/mklemmingen/PycharmProjects/migraine-forecasting-shd/.venv/lib/python3.13/site-packages/sklearn/linear_model/_sag.py:348: ConvergenceWarning: The max_iter was reached which means the coef_ did not converge
  warnings.warn(
[I 2026-05-22 18:23:31,240] Trial 432 finished with values: [0.5607860074205179, 0.9105110281442244] and parameters: {'n_estimators': 54, 'learning_rate': 0.012184186502221764, 'subsample': 0.8654007076432223, 'colsample_bytree': 0.6950550175969599, 'min_child_weight': 1}.
[I 2026-05-22 18:23:31,684] Trial 433 finished with values: [0.547253697345049, 0.7929400654505194] and parameters: {'n_estimators': 103, 'learning_rate': 0.04580177581204563, 'subsample': 0.8786948661456602, 'colsample_bytree': 0.9213923721539394, 'min_child_weight': 9}.
[I 2026-05-22 18:23:32,120] Trial 434 finished with values: [0.5555321239926139, 0.6535932250689349] and parameters: {'n_estimators': 103, 'learning_rate': 0.017303875834205888, 'subsample': 0.8130469065820093, 'colsample_bytree': 0.9213923721539394, 'min_child_weight': 10}.
/home/mklemmingen/PycharmProjects/migraine-forecasting-shd/.venv/lib/python3.13/site-packages/sklearn/linear_model/_sag.py:348: ConvergenceWarning: The max_iter was reached which means the coef_ did not converge
  warnings.warn(
[I 2026-05-22 18:23:32,679] Trial 435 finished with values: [0.572608893895427, 0.7391223275264827] and parameters: {'n_estimators': 54, 'learning_rate': 0.012184186502221764, 'subsample': 0.8607845038010402, 'colsample_bytree': 0.8686292782371199, 'min_child_weight': 6}.
[I 2026-05-22 18:23:33,249] Trial 436 finished with values: [0.5593479588128878, 0.8224126394598873] and parameters: {'n_estimators': 103, 'learning_rate': 0.012184186502221764, 'subsample': 0.9464704583099741, 'colsample_bytree': 0.6969882014538918, 'min_child_weight': 10}.
[I 2026-05-22 18:23:33,782] Trial 437 finished with values: [0.5515817507630815, 0.8145046388879569] and parameters: {'n_estimators': 171, 'learning_rate': 0.03608232021681191, 'subsample': 0.9043140194467589, 'colsample_bytree': 0.9509357413523924, 'min_child_weight': 1}.
/home/mklemmingen/PycharmProjects/migraine-forecasting-shd/.venv/lib/python3.13/site-packages/sklearn/linear_model/_sag.py:348: ConvergenceWarning: The max_iter was reached which means the coef_ did not converge
  warnings.warn(
[I 2026-05-22 18:23:34,223] Trial 438 finished with values: [0.5737112780525846, 0.7294444198967764] and parameters: {'n_estimators': 54, 'learning_rate': 0.01471005003927122, 'subsample': 0.8654007076432223, 'colsample_bytree': 0.9134612050964572, 'min_child_weight': 8}.
/home/mklemmingen/PycharmProjects/migraine-forecasting-shd/.venv/lib/python3.13/site-packages/sklearn/linear_model/_sag.py:348: ConvergenceWarning: The max_iter was reached which means the coef_ did not converge
  warnings.warn(
[I 2026-05-22 18:23:34,790] Trial 439 finished with values: [0.5882375019491027, 0.7666709703009635] and parameters: {'n_estimators': 54, 'learning_rate': 0.012184186502221764, 'subsample': 0.900949811775072, 'colsample_bytree': 0.8404460046972835, 'min_child_weight': 8}.
[I 2026-05-22 18:23:35,434] Trial 440 finished with values: [0.5428066598700374, 0.9155765496891682] and parameters: {'n_estimators': 195, 'learning_rate': 0.01412166070620751, 'subsample': 0.6845792027986178, 'colsample_bytree': 0.9509357413523924, 'min_child_weight': 3}.
/home/mklemmingen/PycharmProjects/migraine-forecasting-shd/.venv/lib/python3.13/site-packages/sklearn/linear_model/_sag.py:348: ConvergenceWarning: The max_iter was reached which means the coef_ did not converge
  warnings.warn(
[I 2026-05-22 18:23:36,018] Trial 441 finished with values: [0.580822064918241, 0.7895991815802977] and parameters: {'n_estimators': 70, 'learning_rate': 0.014104914380026676, 'subsample': 0.9043140194467589, 'colsample_bytree': 0.9108587663709747, 'min_child_weight': 4}.
/home/mklemmingen/PycharmProjects/migraine-forecasting-shd/.venv/lib/python3.13/site-packages/sklearn/linear_model/_sag.py:348: ConvergenceWarning: The max_iter was reached which means the coef_ did not converge
  warnings.warn(
[I 2026-05-22 18:23:36,558] Trial 442 finished with values: [0.5837362935857303, 0.7457430949927751] and parameters: {'n_estimators': 54, 'learning_rate': 0.012184186502221764, 'subsample': 0.9043140194467589, 'colsample_bytree': 0.9134612050964572, 'min_child_weight': 8}.
/home/mklemmingen/PycharmProjects/migraine-forecasting-shd/.venv/lib/python3.13/site-packages/sklearn/linear_model/_sag.py:348: ConvergenceWarning: The max_iter was reached which means the coef_ did not converge
  warnings.warn(
[I 2026-05-22 18:23:37,126] Trial 443 finished with values: [0.5824301318357904, 0.7865276300523731] and parameters: {'n_estimators': 54, 'learning_rate': 0.01702458290769914, 'subsample': 0.8654007076432223, 'colsample_bytree': 0.9213923721539394, 'min_child_weight': 8}.
[I 2026-05-22 18:23:37,680] Trial 444 finished with values: [0.5618679751374549, 0.80147217591809] and parameters: {'n_estimators': 104, 'learning_rate': 0.012184186502221764, 'subsample': 0.956210912295958, 'colsample_bytree': 0.9368475692542835, 'min_child_weight': 9}.
[I 2026-05-22 18:23:38,175] Trial 445 finished with values: [0.564206763123714, 0.8203307378972058] and parameters: {'n_estimators': 54, 'learning_rate': 0.07530226332540962, 'subsample': 0.7505853467512198, 'colsample_bytree': 0.9509357413523924, 'min_child_weight': 8}.
[I 2026-05-22 18:23:38,684] Trial 446 finished with values: [0.5757023604742963, 0.9674365871300001] and parameters: {'n_estimators': 60, 'learning_rate': 0.1007201745492095, 'subsample': 0.8786948661456602, 'colsample_bytree': 0.9779062919529712, 'min_child_weight': 9}.
/home/mklemmingen/PycharmProjects/migraine-forecasting-shd/.venv/lib/python3.13/site-packages/sklearn/linear_model/_sag.py:348: ConvergenceWarning: The max_iter was reached which means the coef_ did not converge
  warnings.warn(
[I 2026-05-22 18:23:39,236] Trial 447 finished with values: [0.5828950912838314, 0.8671751001105819] and parameters: {'n_estimators': 54, 'learning_rate': 0.01412166070620751, 'subsample': 0.9043140194467589, 'colsample_bytree': 0.9156684954429353, 'min_child_weight': 3}.
[I 2026-05-22 18:23:39,721] Trial 448 finished with values: [0.5333819273784497, 0.8797586989198493] and parameters: {'n_estimators': 54, 'learning_rate': 0.05448281849002502, 'subsample': 0.6347681152349695, 'colsample_bytree': 0.9779062919529712, 'min_child_weight': 9}.
/home/mklemmingen/PycharmProjects/migraine-forecasting-shd/.venv/lib/python3.13/site-packages/sklearn/linear_model/_sag.py:348: ConvergenceWarning: The max_iter was reached which means the coef_ did not converge
  warnings.warn(
[I 2026-05-22 18:23:40,288] Trial 449 finished with values: [0.5759110793243952, 0.877598030543362] and parameters: {'n_estimators': 54, 'learning_rate': 0.014104914380026676, 'subsample': 0.9208787923016158, 'colsample_bytree': 0.8148426167274191, 'min_child_weight': 8}.
/home/mklemmingen/PycharmProjects/migraine-forecasting-shd/.venv/lib/python3.13/site-packages/sklearn/linear_model/_sag.py:348: ConvergenceWarning: The max_iter was reached which means the coef_ did not converge
  warnings.warn(
[I 2026-05-22 18:23:40,867] Trial 450 finished with values: [0.5696423367355092, 0.680542638005278] and parameters: {'n_estimators': 54, 'learning_rate': 0.012184186502221764, 'subsample': 0.7970472375971478, 'colsample_bytree': 0.8782994755938469, 'min_child_weight': 5}.
/home/mklemmingen/PycharmProjects/migraine-forecasting-shd/.venv/lib/python3.13/site-packages/sklearn/linear_model/_sag.py:348: ConvergenceWarning: The max_iter was reached which means the coef_ did not converge
  warnings.warn(
[I 2026-05-22 18:23:41,449] Trial 451 finished with values: [0.5589350339314099, 0.8324343920221654] and parameters: {'n_estimators': 70, 'learning_rate': 0.01412166070620751, 'subsample': 0.9043140194467589, 'colsample_bytree': 0.82272050498334, 'min_child_weight': 8}.
/home/mklemmingen/PycharmProjects/migraine-forecasting-shd/.venv/lib/python3.13/site-packages/sklearn/linear_model/_sag.py:348: ConvergenceWarning: The max_iter was reached which means the coef_ did not converge
  warnings.warn(
[I 2026-05-22 18:23:41,922] Trial 452 finished with values: [0.5735341666734786, 0.8131349273290395] and parameters: {'n_estimators': 54, 'learning_rate': 0.017303875834205888, 'subsample': 0.9043140194467589, 'colsample_bytree': 0.8347364472083516, 'min_child_weight': 8}.
/home/mklemmingen/PycharmProjects/migraine-forecasting-shd/.venv/lib/python3.13/site-packages/sklearn/linear_model/_sag.py:348: ConvergenceWarning: The max_iter was reached which means the coef_ did not converge
  warnings.warn(
[I 2026-05-22 18:23:42,464] Trial 453 finished with values: [0.5952882276856797, 0.7566134591568856] and parameters: {'n_estimators': 60, 'learning_rate': 0.01058040360169664, 'subsample': 0.8981757896737319, 'colsample_bytree': 0.9166316174903394, 'min_child_weight': 5}.
[I 2026-05-22 18:23:43,017] Trial 454 finished with values: [0.5174090193895109, 1.3883358570033497] and parameters: {'n_estimators': 103, 'learning_rate': 0.0434123694731224, 'subsample': 0.6510321211182255, 'colsample_bytree': 0.7135103623194898, 'min_child_weight': 4}.
/home/mklemmingen/PycharmProjects/migraine-forecasting-shd/.venv/lib/python3.13/site-packages/sklearn/linear_model/_sag.py:348: ConvergenceWarning: The max_iter was reached which means the coef_ did not converge
  warnings.warn(
[I 2026-05-22 18:23:43,547] Trial 455 finished with values: [0.5796600583593964, 0.6334811650660782] and parameters: {'n_estimators': 54, 'learning_rate': 0.012184186502221764, 'subsample': 0.7505853467512198, 'colsample_bytree': 0.8404460046972835, 'min_child_weight': 8}.
[I 2026-05-22 18:23:44,059] Trial 456 finished with values: [0.5701052723180363, 0.7312632554176621] and parameters: {'n_estimators': 70, 'learning_rate': 0.017303875834205888, 'subsample': 0.9043140194467589, 'colsample_bytree': 0.9108587663709747, 'min_child_weight': 7}.
/home/mklemmingen/PycharmProjects/migraine-forecasting-shd/.venv/lib/python3.13/site-packages/sklearn/linear_model/_sag.py:348: ConvergenceWarning: The max_iter was reached which means the coef_ did not converge
  warnings.warn(
[I 2026-05-22 18:23:44,523] Trial 457 finished with values: [0.588257819602981, 0.7932509060613269] and parameters: {'n_estimators': 60, 'learning_rate': 0.01412166070620751, 'subsample': 0.900949811775072, 'colsample_bytree': 0.8583668965326405, 'min_child_weight': 5}.
[I 2026-05-22 18:23:45,007] Trial 458 finished with values: [0.5780819584503218, 0.8086370993736722] and parameters: {'n_estimators': 54, 'learning_rate': 0.06968010004656464, 'subsample': 0.8607845038010402, 'colsample_bytree': 0.9368475692542835, 'min_child_weight': 9}.
/home/mklemmingen/PycharmProjects/migraine-forecasting-shd/.venv/lib/python3.13/site-packages/sklearn/linear_model/_sag.py:348: ConvergenceWarning: The max_iter was reached which means the coef_ did not converge
  warnings.warn(
[I 2026-05-22 18:23:45,558] Trial 459 finished with values: [0.5944993251838672, 0.8042827185097579] and parameters: {'n_estimators': 60, 'learning_rate': 0.017303875834205888, 'subsample': 0.9043140194467589, 'colsample_bytree': 0.9509357413523924, 'min_child_weight': 7}.
[I 2026-05-22 18:23:46,186] Trial 460 finished with values: [0.5469449459445503, 0.8006759952588439] and parameters: {'n_estimators': 210, 'learning_rate': 0.01412166070620751, 'subsample': 0.9043140194467589, 'colsample_bytree': 0.9946060995171919, 'min_child_weight': 3}.
[I 2026-05-22 18:23:46,894] Trial 461 finished with values: [0.5322915481349849, 0.8454674825758876] and parameters: {'n_estimators': 323, 'learning_rate': 0.012184186502221764, 'subsample': 0.6948907166943978, 'colsample_bytree': 0.6407129890481614, 'min_child_weight': 8}.
[I 2026-05-22 18:23:47,408] Trial 462 finished with values: [0.5649513505565444, 0.6492978789412648] and parameters: {'n_estimators': 54, 'learning_rate': 0.01702458290769914, 'subsample': 0.6611436556737328, 'colsample_bytree': 0.9368475692542835, 'min_child_weight': 8}.
/home/mklemmingen/PycharmProjects/migraine-forecasting-shd/.venv/lib/python3.13/site-packages/sklearn/linear_model/_sag.py:348: ConvergenceWarning: The max_iter was reached which means the coef_ did not converge
  warnings.warn(
[I 2026-05-22 18:23:47,951] Trial 463 finished with values: [0.5847917437456565, 0.7995948960006842] and parameters: {'n_estimators': 54, 'learning_rate': 0.014104914380026676, 'subsample': 0.9043140194467589, 'colsample_bytree': 0.9108587663709747, 'min_child_weight': 8}.
/home/mklemmingen/PycharmProjects/migraine-forecasting-shd/.venv/lib/python3.13/site-packages/sklearn/linear_model/_sag.py:348: ConvergenceWarning: The max_iter was reached which means the coef_ did not converge
  warnings.warn(
[I 2026-05-22 18:23:48,515] Trial 464 finished with values: [0.5552349971426833, 0.7072565194280819] and parameters: {'n_estimators': 54, 'learning_rate': 0.012184186502221764, 'subsample': 0.7505853467512198, 'colsample_bytree': 0.6983830913538033, 'min_child_weight': 8}.
/home/mklemmingen/PycharmProjects/migraine-forecasting-shd/.venv/lib/python3.13/site-packages/sklearn/linear_model/_sag.py:348: ConvergenceWarning: The max_iter was reached which means the coef_ did not converge
  warnings.warn(
[I 2026-05-22 18:23:48,980] Trial 465 finished with values: [0.556309563929191, 0.7384362133275074] and parameters: {'n_estimators': 54, 'learning_rate': 0.012184186502221764, 'subsample': 0.6642725493038223, 'colsample_bytree': 0.8989883752535026, 'min_child_weight': 5}.
[I 2026-05-22 18:23:49,531] Trial 466 finished with values: [0.5722463280109549, 0.6700219228587525] and parameters: {'n_estimators': 103, 'learning_rate': 0.01058040360169664, 'subsample': 0.7505853467512198, 'colsample_bytree': 0.9879515306830556, 'min_child_weight': 2}.
/home/mklemmingen/PycharmProjects/migraine-forecasting-shd/.venv/lib/python3.13/site-packages/sklearn/linear_model/_sag.py:348: ConvergenceWarning: The max_iter was reached which means the coef_ did not converge
  warnings.warn(
[I 2026-05-22 18:23:50,089] Trial 467 finished with values: [0.5852938573367367, 0.9333588205476826] and parameters: {'n_estimators': 54, 'learning_rate': 0.012184186502221764, 'subsample': 0.9046478461314871, 'colsample_bytree': 0.9879515306830556, 'min_child_weight': 3}.
/home/mklemmingen/PycharmProjects/migraine-forecasting-shd/.venv/lib/python3.13/site-packages/sklearn/linear_model/_sag.py:348: ConvergenceWarning: The max_iter was reached which means the coef_ did not converge
  warnings.warn(
[I 2026-05-22 18:23:50,639] Trial 468 finished with values: [0.5775577107210171, 0.9274606402281336] and parameters: {'n_estimators': 54, 'learning_rate': 0.018034072970800914, 'subsample': 0.9208787923016158, 'colsample_bytree': 0.9108587663709747, 'min_child_weight': 4}.
/home/mklemmingen/PycharmProjects/migraine-forecasting-shd/.venv/lib/python3.13/site-packages/sklearn/linear_model/_sag.py:348: ConvergenceWarning: The max_iter was reached which means the coef_ did not converge
  warnings.warn(
[I 2026-05-22 18:23:51,175] Trial 469 finished with values: [0.5856650870381067, 0.8561253700885866] and parameters: {'n_estimators': 60, 'learning_rate': 0.01412166070620751, 'subsample': 0.9043140194467589, 'colsample_bytree': 0.9587061698505701, 'min_child_weight': 3}.
/home/mklemmingen/PycharmProjects/migraine-forecasting-shd/.venv/lib/python3.13/site-packages/sklearn/linear_model/_sag.py:348: ConvergenceWarning: The max_iter was reached which means the coef_ did not converge
  warnings.warn(
[I 2026-05-22 18:23:51,720] Trial 470 finished with values: [0.5821564297296303, 0.8170091817517304] and parameters: {'n_estimators': 54, 'learning_rate': 0.013137567821944727, 'subsample': 0.9043140194467589, 'colsample_bytree': 0.6950550175969599, 'min_child_weight': 3}.
/home/mklemmingen/PycharmProjects/migraine-forecasting-shd/.venv/lib/python3.13/site-packages/sklearn/linear_model/_sag.py:348: ConvergenceWarning: The max_iter was reached which means the coef_ did not converge
  warnings.warn(
[I 2026-05-22 18:23:52,194] Trial 471 finished with values: [0.5730228635194179, 0.8018404541770497] and parameters: {'n_estimators': 70, 'learning_rate': 0.01412166070620751, 'subsample': 0.9043140194467589, 'colsample_bytree': 0.8404460046972835, 'min_child_weight': 4}.
[I 2026-05-22 18:23:52,846] Trial 472 finished with values: [0.5525998124128321, 0.8188277298301025] and parameters: {'n_estimators': 286, 'learning_rate': 0.012184186502221764, 'subsample': 0.900949811775072, 'colsample_bytree': 0.9494314496427109, 'min_child_weight': 5}.
[I 2026-05-22 18:23:53,348] Trial 473 finished with values: [0.5500539017428198, 0.8503365888752799] and parameters: {'n_estimators': 54, 'learning_rate': 0.040383678523437626, 'subsample': 0.7498450458505885, 'colsample_bytree': 0.9509357413523924, 'min_child_weight': 8}.
[I 2026-05-22 18:23:53,880] Trial 474 finished with values: [0.5458074575541717, 1.3265758092105289] and parameters: {'n_estimators': 54, 'learning_rate': 0.28254806356395257, 'subsample': 0.9043140194467589, 'colsample_bytree': 0.9509357413523924, 'min_child_weight': 8}.
/home/mklemmingen/PycharmProjects/migraine-forecasting-shd/.venv/lib/python3.13/site-packages/sklearn/linear_model/_sag.py:348: ConvergenceWarning: The max_iter was reached which means the coef_ did not converge
  warnings.warn(
[I 2026-05-22 18:23:54,424] Trial 475 finished with values: [0.5761070310809749, 0.901326930750481] and parameters: {'n_estimators': 54, 'learning_rate': 0.01463844831776675, 'subsample': 0.9043140194467589, 'colsample_bytree': 0.82272050498334, 'min_child_weight': 3}.
[I 2026-05-22 18:23:54,982] Trial 476 finished with values: [0.5631835237892235, 0.6863291710792245] and parameters: {'n_estimators': 103, 'learning_rate': 0.017303875834205888, 'subsample': 0.9046478461314871, 'colsample_bytree': 0.6950550175969599, 'min_child_weight': 4}.
/home/mklemmingen/PycharmProjects/migraine-forecasting-shd/.venv/lib/python3.13/site-packages/sklearn/linear_model/_sag.py:348: ConvergenceWarning: The max_iter was reached which means the coef_ did not converge
  warnings.warn(
[I 2026-05-22 18:23:55,521] Trial 477 finished with values: [0.5856945480185841, 0.9147393063063307] and parameters: {'n_estimators': 54, 'learning_rate': 0.012184186502221764, 'subsample': 0.9464704583099741, 'colsample_bytree': 0.8404460046972835, 'min_child_weight': 8}.
/home/mklemmingen/PycharmProjects/migraine-forecasting-shd/.venv/lib/python3.13/site-packages/sklearn/linear_model/_sag.py:348: ConvergenceWarning: The max_iter was reached which means the coef_ did not converge
  warnings.warn(
