[I 2026-05-15 17:26:21,452] Trial 472 finished with values: [0.2940322239024198, 0.8369053929239249] and parameters: {'n_estimators': 286, 'learning_rate': 0.1538583627271404, 'subsample': 0.8607845038010402, 'colsample_bytree': 0.6440207698110707, 'min_child_weight': 2}.
[I 2026-05-15 17:26:21,973] Trial 473 finished with values: [0.21384744528086957, 0.631644475575694] and parameters: {'n_estimators': 128, 'learning_rate': 0.040383678523437626, 'subsample': 0.6746280235544143, 'colsample_bytree': 0.8736932106048627, 'min_child_weight': 10}.
[I 2026-05-15 17:26:22,785] Trial 474 finished with values: [0.2993421012852608, 0.8128888609685138] and parameters: {'n_estimators': 324, 'learning_rate': 0.28254806356395257, 'subsample': 0.8607845038010402, 'colsample_bytree': 0.6440207698110707, 'min_child_weight': 9}.
[I 2026-05-15 17:26:23,422] Trial 475 finished with values: [0.19660997823046653, 0.7095024120730051] and parameters: {'n_estimators': 128, 'learning_rate': 0.01463844831776675, 'subsample': 0.7552679704826087, 'colsample_bytree': 0.6027808522124762, 'min_child_weight': 8}.
[I 2026-05-15 17:26:24,190] Trial 476 finished with values: [0.2579741897894167, 0.9497424719797352] and parameters: {'n_estimators': 439, 'learning_rate': 0.09836162684900028, 'subsample': 0.7272013899887455, 'colsample_bytree': 0.6440207698110707, 'min_child_weight': 4}.
[I 2026-05-15 17:26:24,873] Trial 477 finished with values: [0.28736058701947165, 0.7334795184809968] and parameters: {'n_estimators': 324, 'learning_rate': 0.1538583627271404, 'subsample': 0.6260206371941118, 'colsample_bytree': 0.9570235993959911, 'min_child_weight': 10}.
[I 2026-05-15 17:26:25,539] Trial 478 finished with values: [0.3239655586003136, 0.8937590866021615] and parameters: {'n_estimators': 377, 'learning_rate': 0.10519936117151477, 'subsample': 0.8607845038010402, 'colsample_bytree': 0.6950550175969599, 'min_child_weight': 10}.
[I 2026-05-15 17:26:26,040] Trial 479 finished with values: [0.22900996770963253, 0.6710145945548129] and parameters: {'n_estimators': 128, 'learning_rate': 0.183492792986878, 'subsample': 0.8125418526272592, 'colsample_bytree': 0.9877881733101476, 'min_child_weight': 1}.
[I 2026-05-15 17:26:26,922] Trial 480 finished with values: [0.2982327991772572, 1.1265911243502873] and parameters: {'n_estimators': 487, 'learning_rate': 0.18987114604724706, 'subsample': 0.8607845038010402, 'colsample_bytree': 0.689707723784224, 'min_child_weight': 9}.
[I 2026-05-15 17:26:27,777] Trial 481 finished with values: [0.2476175543397471, 0.9424764483372519] and parameters: {'n_estimators': 418, 'learning_rate': 0.16111511355977057, 'subsample': 0.6390688456025535, 'colsample_bytree': 0.9570235993959911, 'min_child_weight': 3}.
[I 2026-05-15 17:26:28,316] Trial 482 finished with values: [0.2101127433308671, 0.6553666347892249] and parameters: {'n_estimators': 128, 'learning_rate': 0.013313275850595153, 'subsample': 0.8550229885420852, 'colsample_bytree': 0.8736932106048627, 'min_child_weight': 7}.
[I 2026-05-15 17:26:29,144] Trial 483 finished with values: [0.28821823406578323, 0.7198021041234843] and parameters: {'n_estimators': 414, 'learning_rate': 0.1538583627271404, 'subsample': 0.6683550349560263, 'colsample_bytree': 0.9570235993959911, 'min_child_weight': 9}.
[I 2026-05-15 17:26:29,861] Trial 484 finished with values: [0.2796007728283595, 0.9489480079158129] and parameters: {'n_estimators': 377, 'learning_rate': 0.16111511355977057, 'subsample': 0.8690073824308153, 'colsample_bytree': 0.8674572879697724, 'min_child_weight': 10}.
[I 2026-05-15 17:26:30,594] Trial 485 finished with values: [0.24323177895406997, 1.0453310987789632] and parameters: {'n_estimators': 414, 'learning_rate': 0.21068591627429098, 'subsample': 0.7272013899887455, 'colsample_bytree': 0.8227051572055719, 'min_child_weight': 3}.
[I 2026-05-15 17:26:31,078] Trial 486 finished with values: [0.2102019495908236, 0.6375069272550341] and parameters: {'n_estimators': 128, 'learning_rate': 0.04427958131171205, 'subsample': 0.8125418526272592, 'colsample_bytree': 0.8736932106048627, 'min_child_weight': 4}.
[I 2026-05-15 17:26:31,838] Trial 487 finished with values: [0.2876718392451403, 0.7460127843459017] and parameters: {'n_estimators': 414, 'learning_rate': 0.1538583627271404, 'subsample': 0.7552679704826087, 'colsample_bytree': 0.8404460046972835, 'min_child_weight': 8}.
[I 2026-05-15 17:26:32,481] Trial 488 finished with values: [0.2554611441581559, 0.7211945030079807] and parameters: {'n_estimators': 307, 'learning_rate': 0.16155001304356414, 'subsample': 0.6390688456025535, 'colsample_bytree': 0.8736932106048627, 'min_child_weight': 1}.
[I 2026-05-15 17:26:33,117] Trial 489 finished with values: [0.29104786422404105, 0.8636948704173275] and parameters: {'n_estimators': 176, 'learning_rate': 0.15164430026640188, 'subsample': 0.8125418526272592, 'colsample_bytree': 0.9077971732767748, 'min_child_weight': 7}.
[I 2026-05-15 17:26:33,912] Trial 490 finished with values: [0.26963257872795005, 0.8575345247515817] and parameters: {'n_estimators': 324, 'learning_rate': 0.10519936117151477, 'subsample': 0.7323592099410596, 'colsample_bytree': 0.6748174994230093, 'min_child_weight': 10}.
[I 2026-05-15 17:26:34,678] Trial 491 finished with values: [0.2923323578739261, 1.2917669723898677] and parameters: {'n_estimators': 324, 'learning_rate': 0.1538583627271404, 'subsample': 0.7294716945616975, 'colsample_bytree': 0.9746919954946938, 'min_child_weight': 10}.
[I 2026-05-15 17:26:35,350] Trial 492 finished with values: [0.26278852029685684, 0.8423380475766571] and parameters: {'n_estimators': 324, 'learning_rate': 0.09836162684900028, 'subsample': 0.7701745754465668, 'colsample_bytree': 0.9795542149013333, 'min_child_weight': 4}.
[I 2026-05-15 17:26:36,125] Trial 493 finished with values: [0.29546801118199606, 1.104845784337705] and parameters: {'n_estimators': 414, 'learning_rate': 0.09836162684900028, 'subsample': 0.9046478461314871, 'colsample_bytree': 0.803044151473782, 'min_child_weight': 10}.
[I 2026-05-15 17:26:36,796] Trial 494 finished with values: [0.28166477892718694, 0.9684973579052235] and parameters: {'n_estimators': 238, 'learning_rate': 0.16155001304356414, 'subsample': 0.6969638929660321, 'colsample_bytree': 0.9568186220708453, 'min_child_weight': 6}.
[I 2026-05-15 17:26:37,796] Trial 495 finished with values: [0.22269299445481333, 0.7231266735570803] and parameters: {'n_estimators': 414, 'learning_rate': 0.1538583627271404, 'subsample': 0.8125418526272592, 'colsample_bytree': 0.9779062919529712, 'min_child_weight': 2}.
[I 2026-05-15 17:26:38,484] Trial 496 finished with values: [0.24054379508211615, 0.8791520609198915] and parameters: {'n_estimators': 203, 'learning_rate': 0.10519936117151477, 'subsample': 0.7323592099410596, 'colsample_bytree': 0.6027808522124762, 'min_child_weight': 6}.
[I 2026-05-15 17:26:39,087] Trial 497 finished with values: [0.3234382034758575, 0.8969572498619444] and parameters: {'n_estimators': 128, 'learning_rate': 0.16155001304356414, 'subsample': 0.8607845038010402, 'colsample_bytree': 0.8736932106048627, 'min_child_weight': 7}.
[I 2026-05-15 17:26:39,856] Trial 498 finished with values: [0.23627415365762064, 0.5932706731554235] and parameters: {'n_estimators': 439, 'learning_rate': 0.09836162684900028, 'subsample': 0.6390688456025535, 'colsample_bytree': 0.9570235993959911, 'min_child_weight': 1}.
[I 2026-05-15 17:26:40,601] Trial 499 finished with values: [0.2914587592535419, 0.7903244663239012] and parameters: {'n_estimators': 414, 'learning_rate': 0.13962563737015762, 'subsample': 0.8550229885420852, 'colsample_bytree': 0.8736932106048627, 'min_child_weight': 9}.
Building variant 'auprc_max'...
Saved /home/mklemmingen/PycharmProjects/migraine-forecasting-shd/experiment/0/migraine/full_features/stacked_2xgb_meta_lr/70_15_15/chrono/HyperparameterTuned/pareto_AUPRC_slope/auprc_max/model.joblib

# End capture ------------------------------------------
# Finished: 2026-05-15T17:26:41
