# Training-script output capture
# Generated: 2026-05-15T17:20:39
# UUID:      3d3b2cb1-be4f-4f4d-b8db-7cc01ee383b6
# Label:     training
# Leaf:      /home/mklemmingen/PycharmProjects/migraine-forecasting-shd/experiment/0/migraine/full_features/stacked_2xgb_meta_lr/70_15_15/chrono/HyperparameterTuned/pareto_AUPRC_slope/auprc_max
# Captures stdout/stderr written during the wrapped block
# (library messages, warnings, progress bars, etc.).
# Begin capture ----------------------------------------
Loading datasets...
Running pareto_AUPRC_slope search (500 trials, seed=42)...
[I 2026-05-15 17:20:39,582] A new study created in memory with name: no-name-b5b8493c-9164-4bc2-941b-3e25c6108f4b
[I 2026-05-15 17:20:41,220] Trial 0 finished with values: [0.22695414553939042, 0.7246059880546221] and parameters: {'n_estimators': 218, 'learning_rate': 0.2536999076681772, 'subsample': 0.892797576724562, 'colsample_bytree': 0.8394633936788146, 'min_child_weight': 2}.
/home/mklemmingen/PycharmProjects/migraine-forecasting-shd/.venv/lib/python3.13/site-packages/sklearn/linear_model/_sag.py:348: ConvergenceWarning: The max_iter was reached which means the coef_ did not converge
  warnings.warn(
[I 2026-05-15 17:20:42,713] Trial 1 finished with values: [0.20695044401074672, 0.5769574031740397] and parameters: {'n_estimators': 120, 'learning_rate': 0.012184186502221764, 'subsample': 0.9464704583099741, 'colsample_bytree': 0.8404460046972835, 'min_child_weight': 8}.
[I 2026-05-15 17:20:43,925] Trial 2 finished with values: [0.19793193724186012, 1.328402020481668] and parameters: {'n_estimators': 59, 'learning_rate': 0.2708160864249968, 'subsample': 0.9329770563201687, 'colsample_bytree': 0.6849356442713105, 'min_child_weight': 2}.
[I 2026-05-15 17:20:45,297] Trial 3 finished with values: [0.19446532753027385, 0.7684381707704068] and parameters: {'n_estimators': 132, 'learning_rate': 0.028145092716060652, 'subsample': 0.8099025726528951, 'colsample_bytree': 0.7727780074568463, 'min_child_weight': 3}.
[I 2026-05-15 17:20:46,843] Trial 4 finished with values: [0.20506189812323689, 0.775880832770475] and parameters: {'n_estimators': 325, 'learning_rate': 0.01607123851203988, 'subsample': 0.7168578594140873, 'colsample_bytree': 0.7465447373174767, 'min_child_weight': 5}.
[I 2026-05-15 17:20:48,492] Trial 5 finished with values: [0.21345390086770183, 0.8102623152786753] and parameters: {'n_estimators': 404, 'learning_rate': 0.019721610970574007, 'subsample': 0.8056937753654446, 'colsample_bytree': 0.836965827544817, 'min_child_weight': 1}.
[I 2026-05-15 17:20:50,106] Trial 6 finished with values: [0.23632165524979626, 0.7016452358884336] and parameters: {'n_estimators': 324, 'learning_rate': 0.0178601378893971, 'subsample': 0.6260206371941118, 'colsample_bytree': 0.9795542149013333, 'min_child_weight': 10}.
[I 2026-05-15 17:20:51,744] Trial 7 finished with values: [0.2397929022981843, 0.7701528212868073] and parameters: {'n_estimators': 414, 'learning_rate': 0.028180680291847244, 'subsample': 0.6390688456025535, 'colsample_bytree': 0.8736932106048627, 'min_child_weight': 5}.
[I 2026-05-15 17:20:52,199] Trial 8 finished with values: [0.21412101145135298, 0.7280348446145057] and parameters: {'n_estimators': 105, 'learning_rate': 0.05388108577817234, 'subsample': 0.6137554084460873, 'colsample_bytree': 0.9637281608315128, 'min_child_weight': 3}.
[I 2026-05-15 17:20:52,946] Trial 9 finished with values: [0.20924190602740755, 0.9285160928517812] and parameters: {'n_estimators': 348, 'learning_rate': 0.028869220380495747, 'subsample': 0.8080272084711243, 'colsample_bytree': 0.8186841117373118, 'min_child_weight': 2}.
[I 2026-05-15 17:20:53,819] Trial 10 finished with values: [0.2710180664376151, 1.0721484268900496] and parameters: {'n_estimators': 487, 'learning_rate': 0.13962563737015762, 'subsample': 0.9757995766256756, 'colsample_bytree': 0.9579309401710595, 'min_child_weight': 6}.
[I 2026-05-15 17:20:54,726] Trial 11 finished with values: [0.2055637861771184, 0.616232881131675] and parameters: {'n_estimators': 465, 'learning_rate': 0.01351182947645082, 'subsample': 0.6783931449676581, 'colsample_bytree': 0.6180909155642152, 'min_child_weight': 4}.
[I 2026-05-15 17:20:55,332] Trial 12 finished with values: [0.20321872351444595, 0.7595115920013632] and parameters: {'n_estimators': 225, 'learning_rate': 0.02516607127550297, 'subsample': 0.9314950036607718, 'colsample_bytree': 0.7427013306774357, 'min_child_weight': 3}.
[I 2026-05-15 17:20:55,983] Trial 13 finished with values: [0.21468112881795465, 0.5882093246584331] and parameters: {'n_estimators': 294, 'learning_rate': 0.016149614799999188, 'subsample': 0.9208787923016158, 'colsample_bytree': 0.6298202574719083, 'min_child_weight': 10}.
[I 2026-05-15 17:20:56,712] Trial 14 finished with values: [0.2605663245885145, 0.7769030380649685] and parameters: {'n_estimators': 398, 'learning_rate': 0.019657448966046126, 'subsample': 0.602208846849441, 'colsample_bytree': 0.9261845713819337, 'min_child_weight': 8}.
[I 2026-05-15 17:20:57,434] Trial 15 finished with values: [0.2170469759734419, 0.9188575356284217] and parameters: {'n_estimators': 378, 'learning_rate': 0.13780336485751998, 'subsample': 0.6296178606936361, 'colsample_bytree': 0.7433862914177091, 'min_child_weight': 2}.
[I 2026-05-15 17:20:58,297] Trial 16 finished with values: [0.30200995651502544, 1.0197908448548128] and parameters: {'n_estimators': 439, 'learning_rate': 0.08330803890301997, 'subsample': 0.7323592099410596, 'colsample_bytree': 0.6254233401144095, 'min_child_weight': 4}.
[I 2026-05-15 17:20:58,828] Trial 17 finished with values: [0.24909236894593217, 0.7606307198818222] and parameters: {'n_estimators': 196, 'learning_rate': 0.1195960383019184, 'subsample': 0.8550229885420852, 'colsample_bytree': 0.9548850970305306, 'min_child_weight': 5}.
[I 2026-05-15 17:20:59,307] Trial 18 finished with values: [0.23452841016236653, 0.7528969753883772] and parameters: {'n_estimators': 103, 'learning_rate': 0.1131225105716033, 'subsample': 0.9043140194467589, 'colsample_bytree': 0.8245108790277985, 'min_child_weight': 8}.
[I 2026-05-15 17:21:00,007] Trial 19 finished with values: [0.2603028751259254, 1.0411343647429592] and parameters: {'n_estimators': 272, 'learning_rate': 0.05917520523090666, 'subsample': 0.7710164073434198, 'colsample_bytree': 0.610167650697638, 'min_child_weight': 2}.
[I 2026-05-15 17:21:00,568] Trial 20 finished with values: [0.22089325729118237, 0.6662862928108619] and parameters: {'n_estimators': 64, 'learning_rate': 0.08710745900492396, 'subsample': 0.7257423924305306, 'colsample_bytree': 0.8034282764658811, 'min_child_weight': 10}.
[I 2026-05-15 17:21:01,105] Trial 21 finished with values: [0.23361634909734405, 0.7883733527846992] and parameters: {'n_estimators': 162, 'learning_rate': 0.040381768820718394, 'subsample': 0.9022204554172195, 'colsample_bytree': 0.6915192661966489, 'min_child_weight': 1}.
[I 2026-05-15 17:21:01,625] Trial 22 finished with values: [0.22494510073697196, 0.749129306491103] and parameters: {'n_estimators': 180, 'learning_rate': 0.017303875834205888, 'subsample': 0.9718790609370292, 'colsample_bytree': 0.9232481518257668, 'min_child_weight': 7}.
[I 2026-05-15 17:21:02,370] Trial 23 finished with values: [0.29180708598906546, 1.2116179664561444] and parameters: {'n_estimators': 443, 'learning_rate': 0.1538583627271404, 'subsample': 0.6746280235544143, 'colsample_bytree': 0.9570235993959911, 'min_child_weight': 6}.
[I 2026-05-15 17:21:03,081] Trial 24 finished with values: [0.2842182247888979, 0.7136549763877404] and parameters: {'n_estimators': 414, 'learning_rate': 0.21068591627429098, 'subsample': 0.7272013899887455, 'colsample_bytree': 0.6440207698110707, 'min_child_weight': 3}.
[I 2026-05-15 17:21:03,774] Trial 25 finished with values: [0.2798419023178963, 1.0040278784255545] and parameters: {'n_estimators': 242, 'learning_rate': 0.16155001304356414, 'subsample': 0.9442922333025374, 'colsample_bytree': 0.6027808522124762, 'min_child_weight': 6}.
[I 2026-05-15 17:21:04,490] Trial 26 finished with values: [0.2177179249695571, 0.6529504565781268] and parameters: {'n_estimators': 238, 'learning_rate': 0.0212853192163843, 'subsample': 0.6479461469334731, 'colsample_bytree': 0.7350460685614512, 'min_child_weight': 10}.
[I 2026-05-15 17:21:05,206] Trial 27 finished with values: [0.2608243487062018, 0.9814769916266577] and parameters: {'n_estimators': 195, 'learning_rate': 0.05838706626832953, 'subsample': 0.881207583558071, 'colsample_bytree': 0.7454518409517176, 'min_child_weight': 10}.
[I 2026-05-15 17:21:06,069] Trial 28 finished with values: [0.2158535171403828, 0.8295378231213915] and parameters: {'n_estimators': 484, 'learning_rate': 0.023545774516299134, 'subsample': 0.7988994023569542, 'colsample_bytree': 0.7203513239267079, 'min_child_weight': 3}.
[I 2026-05-15 17:21:06,634] Trial 29 finished with values: [0.2066258589876125, 0.7267298655436221] and parameters: {'n_estimators': 66, 'learning_rate': 0.07950609693143304, 'subsample': 0.8010716092915446, 'colsample_bytree': 0.6205915004999957, 'min_child_weight': 3}.
[I 2026-05-15 17:21:07,529] Trial 30 finished with values: [0.2569364647498614, 0.8006164102826144] and parameters: {'n_estimators': 459, 'learning_rate': 0.022587177280197233, 'subsample': 0.6579579488364892, 'colsample_bytree': 0.7957811041110252, 'min_child_weight': 10}.
[I 2026-05-15 17:21:08,156] Trial 31 finished with values: [0.31041994143175, 1.1956126929653703] and parameters: {'n_estimators': 159, 'learning_rate': 0.09836162684900028, 'subsample': 0.9046478461314871, 'colsample_bytree': 0.6950550175969599, 'min_child_weight': 8}.
[I 2026-05-15 17:21:08,778] Trial 32 finished with values: [0.2403214012432981, 0.981701314544462] and parameters: {'n_estimators': 215, 'learning_rate': 0.08589984533104164, 'subsample': 0.8534118843043579, 'colsample_bytree': 0.8143098736299034, 'min_child_weight': 1}.
[I 2026-05-15 17:21:09,668] Trial 33 finished with values: [0.2371010313097152, 0.7110984984256623] and parameters: {'n_estimators': 426, 'learning_rate': 0.029773579612263783, 'subsample': 0.6746074041599417, 'colsample_bytree': 0.6163100566219055, 'min_child_weight': 6}.
[I 2026-05-15 17:21:10,489] Trial 34 finished with values: [0.21275375050816114, 0.62231594361604] and parameters: {'n_estimators': 355, 'learning_rate': 0.01058040360169664, 'subsample': 0.8048372233197124, 'colsample_bytree': 0.6905983100791752, 'min_child_weight': 7}.
[I 2026-05-15 17:21:11,105] Trial 35 finished with values: [0.21119537753679346, 0.7422251438029075] and parameters: {'n_estimators': 128, 'learning_rate': 0.10485733570643786, 'subsample': 0.7546941385202149, 'colsample_bytree': 0.9746919954946938, 'min_child_weight': 2}.
[I 2026-05-15 17:21:11,695] Trial 36 finished with values: [0.20978689336931683, 0.7516029424661802] and parameters: {'n_estimators': 203, 'learning_rate': 0.01471005003927122, 'subsample': 0.9698774473114251, 'colsample_bytree': 0.9509357413523924, 'min_child_weight': 3}.
[I 2026-05-15 17:21:12,326] Trial 37 finished with values: [0.24776316956356315, 0.737400993194061] and parameters: {'n_estimators': 347, 'learning_rate': 0.16111511355977057, 'subsample': 0.822080324639785, 'colsample_bytree': 0.8118602313424026, 'min_child_weight': 3}.
[I 2026-05-15 17:21:12,875] Trial 38 finished with values: [0.21077591939870355, 0.9640692383238278] and parameters: {'n_estimators': 91, 'learning_rate': 0.21149322814164553, 'subsample': 0.9601672228653322, 'colsample_bytree': 0.8532405829093072, 'min_child_weight': 4}.
[I 2026-05-15 17:21:13,496] Trial 39 finished with values: [0.30809537746409227, 1.172863320438202] and parameters: {'n_estimators': 207, 'learning_rate': 0.11812030596598909, 'subsample': 0.9588441039810308, 'colsample_bytree': 0.954834569706047, 'min_child_weight': 8}.
[I 2026-05-15 17:21:14,273] Trial 40 finished with values: [0.217226928266751, 0.6265560383183869] and parameters: {'n_estimators': 339, 'learning_rate': 0.013313275850595153, 'subsample': 0.6646514856378455, 'colsample_bytree': 0.9594216754108317, 'min_child_weight': 7}.
/home/mklemmingen/PycharmProjects/migraine-forecasting-shd/.venv/lib/python3.13/site-packages/sklearn/linear_model/_sag.py:348: ConvergenceWarning: The max_iter was reached which means the coef_ did not converge
  warnings.warn(
[I 2026-05-15 17:21:14,766] Trial 41 finished with values: [0.18676434234026668, 0.7380540081849802] and parameters: {'n_estimators': 54, 'learning_rate': 0.01412166070620751, 'subsample': 0.8654007076432223, 'colsample_bytree': 0.6020246335384875, 'min_child_weight': 2}.
[I 2026-05-15 17:21:15,403] Trial 42 finished with values: [0.31344008375792154, 1.0216253093955099] and parameters: {'n_estimators': 297, 'learning_rate': 0.10519936117151477, 'subsample': 0.8607845038010402, 'colsample_bytree': 0.689707723784224, 'min_child_weight': 8}.
[I 2026-05-15 17:21:15,921] Trial 43 finished with values: [0.22870964032254743, 0.6649154286601325] and parameters: {'n_estimators': 156, 'learning_rate': 0.030245085073501415, 'subsample': 0.8985965620472096, 'colsample_bytree': 0.8598531596188859, 'min_child_weight': 9}.
[I 2026-05-15 17:21:16,602] Trial 44 finished with values: [0.2306942270452364, 0.7146632169600826] and parameters: {'n_estimators': 346, 'learning_rate': 0.06909724267901692, 'subsample': 0.637469907131237, 'colsample_bytree': 0.7470863212237734, 'min_child_weight': 3}.
[I 2026-05-15 17:21:17,153] Trial 45 finished with values: [0.2801403440666989, 0.9024229356005773] and parameters: {'n_estimators': 160, 'learning_rate': 0.2736872535680783, 'subsample': 0.7572390898667042, 'colsample_bytree': 0.9568186220708453, 'min_child_weight': 7}.
[I 2026-05-15 17:21:18,035] Trial 46 finished with values: [0.21794136246041512, 0.8256930206460119] and parameters: {'n_estimators': 408, 'learning_rate': 0.05526573288655769, 'subsample': 0.8307615538505436, 'colsample_bytree': 0.7970070775275455, 'min_child_weight': 2}.
[I 2026-05-15 17:21:18,900] Trial 47 finished with values: [0.20499212326812874, 0.7505952910629784] and parameters: {'n_estimators': 375, 'learning_rate': 0.025985724173338116, 'subsample': 0.6097263865725815, 'colsample_bytree': 0.858188918362867, 'min_child_weight': 2}.
[I 2026-05-15 17:21:19,799] Trial 48 finished with values: [0.24837730542805966, 0.8984348679206547] and parameters: {'n_estimators': 474, 'learning_rate': 0.25648866468880704, 'subsample': 0.9659457560881795, 'colsample_bytree': 0.7480634801021777, 'min_child_weight': 1}.
[I 2026-05-15 17:21:20,797] Trial 49 finished with values: [0.2486277575404002, 0.9209147229018196] and parameters: {'n_estimators': 468, 'learning_rate': 0.042902233912047165, 'subsample': 0.9866619276174678, 'colsample_bytree': 0.9854479908357011, 'min_child_weight': 9}.
[I 2026-05-15 17:21:21,407] Trial 50 finished with values: [0.25797647935559, 0.8311304719779329] and parameters: {'n_estimators': 159, 'learning_rate': 0.09836162684900028, 'subsample': 0.6646514856378455, 'colsample_bytree': 0.9594216754108317, 'min_child_weight': 3}.
[I 2026-05-15 17:21:21,946] Trial 51 finished with values: [0.28017090423571933, 0.9100428997849062] and parameters: {'n_estimators': 215, 'learning_rate': 0.08589984533104164, 'subsample': 0.8534118843043579, 'colsample_bytree': 0.8143098736299034, 'min_child_weight': 4}.
[I 2026-05-15 17:21:22,830] Trial 52 finished with values: [0.23556560112203373, 0.7386795668858255] and parameters: {'n_estimators': 433, 'learning_rate': 0.2708160864249968, 'subsample': 0.9329770563201687, 'colsample_bytree': 0.6849356442713105, 'min_child_weight': 2}.
[I 2026-05-15 17:21:23,480] Trial 53 finished with values: [0.21023801248993484, 0.832825897340953] and parameters: {'n_estimators': 272, 'learning_rate': 0.029385442161128397, 'subsample': 0.9442922333025374, 'colsample_bytree': 0.6027808522124762, 'min_child_weight': 2}.
[I 2026-05-15 17:21:24,136] Trial 54 finished with values: [0.19415938379805114, 0.7937922529178942] and parameters: {'n_estimators': 346, 'learning_rate': 0.017797595772834223, 'subsample': 0.8550229885420852, 'colsample_bytree': 0.82272050498334, 'min_child_weight': 3}.
[I 2026-05-15 17:21:24,897] Trial 55 finished with values: [0.2554110947229652, 0.8018992764547948] and parameters: {'n_estimators': 414, 'learning_rate': 0.24144271975982237, 'subsample': 0.7272013899887455, 'colsample_bytree': 0.6440207698110707, 'min_child_weight': 7}.
[I 2026-05-15 17:21:25,341] Trial 56 finished with values: [0.19824304639415863, 0.7132225060665797] and parameters: {'n_estimators': 91, 'learning_rate': 0.05838706626832953, 'subsample': 0.9601672228653322, 'colsample_bytree': 0.7454518409517176, 'min_child_weight': 4}.
[I 2026-05-15 17:21:25,910] Trial 57 finished with values: [0.26241925049523884, 1.0686858641364918] and parameters: {'n_estimators': 218, 'learning_rate': 0.06951034928701941, 'subsample': 0.9208787923016158, 'colsample_bytree': 0.6388705975083074, 'min_child_weight': 7}.
[I 2026-05-15 17:21:26,439] Trial 58 finished with values: [0.231704496802467, 0.9354915302501773] and parameters: {'n_estimators': 203, 'learning_rate': 0.11812030596598909, 'subsample': 0.9698774473114251, 'colsample_bytree': 0.9960215400417053, 'min_child_weight': 3}.
[I 2026-05-15 17:21:27,265] Trial 59 finished with values: [0.20808979521456764, 0.7528983484535949] and parameters: {'n_estimators': 487, 'learning_rate': 0.01610352961694889, 'subsample': 0.8073318609454947, 'colsample_bytree': 0.610167650697638, 'min_child_weight': 2}.
[I 2026-05-15 17:21:27,932] Trial 60 finished with values: [0.2525068143304463, 0.862822704237219] and parameters: {'n_estimators': 346, 'learning_rate': 0.08589984533104164, 'subsample': 0.8534118843043579, 'colsample_bytree': 0.9509492287711822, 'min_child_weight': 1}.
[I 2026-05-15 17:21:28,378] Trial 61 finished with values: [0.19519791557779034, 0.9846590871266269] and parameters: {'n_estimators': 120, 'learning_rate': 0.25648866468880704, 'subsample': 0.8963074471016818, 'colsample_bytree': 0.7480634801021777, 'min_child_weight': 1}.
[I 2026-05-15 17:21:29,171] Trial 62 finished with values: [0.25461354153880345, 0.9210258811551956] and parameters: {'n_estimators': 347, 'learning_rate': 0.10704755834674413, 'subsample': 0.7168578594140873, 'colsample_bytree': 0.7465447373174767, 'min_child_weight': 8}.
[I 2026-05-15 17:21:29,730] Trial 63 finished with values: [0.31932797189240336, 0.8942718253195421] and parameters: {'n_estimators': 215, 'learning_rate': 0.08589984533104164, 'subsample': 0.8534118843043579, 'colsample_bytree': 0.8245108790277985, 'min_child_weight': 8}.
[I 2026-05-15 17:21:30,559] Trial 64 finished with values: [0.27398978478397074, 0.9149942491844596] and parameters: {'n_estimators': 468, 'learning_rate': 0.16155001304356414, 'subsample': 0.9866619276174678, 'colsample_bytree': 0.6027808522124762, 'min_child_weight': 9}.
[I 2026-05-15 17:21:31,382] Trial 65 finished with values: [0.23509111586575507, 0.7359958758958169] and parameters: {'n_estimators': 487, 'learning_rate': 0.028180680291847244, 'subsample': 0.6390688456025535, 'colsample_bytree': 0.8736932106048627, 'min_child_weight': 5}.
[I 2026-05-15 17:21:31,978] Trial 66 finished with values: [0.21119537753679346, 0.7422251438029075] and parameters: {'n_estimators': 128, 'learning_rate': 0.10485733570643786, 'subsample': 0.7546941385202149, 'colsample_bytree': 0.9746919954946938, 'min_child_weight': 2}.
[I 2026-05-15 17:21:32,868] Trial 67 finished with values: [0.20202918066082032, 0.7643205037128229] and parameters: {'n_estimators': 465, 'learning_rate': 0.01351182947645082, 'subsample': 0.6783931449676581, 'colsample_bytree': 0.6180909155642152, 'min_child_weight': 1}.
[I 2026-05-15 17:21:33,626] Trial 68 finished with values: [0.24299670654653024, 0.8129244457378707] and parameters: {'n_estimators': 272, 'learning_rate': 0.05917520523090666, 'subsample': 0.7168578594140873, 'colsample_bytree': 0.610167650697638, 'min_child_weight': 5}.
[I 2026-05-15 17:21:34,340] Trial 69 finished with values: [0.1926089061032053, 0.744420778145621] and parameters: {'n_estimators': 355, 'learning_rate': 0.01058040360169664, 'subsample': 0.8048372233197124, 'colsample_bytree': 0.6905983100791752, 'min_child_weight': 4}.
[I 2026-05-15 17:21:35,100] Trial 70 finished with values: [0.2646937067941187, 0.6747520216270948] and parameters: {'n_estimators': 238, 'learning_rate': 0.16155001304356414, 'subsample': 0.6479461469334731, 'colsample_bytree': 0.6027808522124762, 'min_child_weight': 6}.
[I 2026-05-15 17:21:35,796] Trial 71 finished with values: [0.226149827647549, 0.7569802263585342] and parameters: {'n_estimators': 272, 'learning_rate': 0.028180680291847244, 'subsample': 0.7710164073434198, 'colsample_bytree': 0.7174367377057973, 'min_child_weight': 9}.
[I 2026-05-15 17:21:36,679] Trial 72 finished with values: [0.20980241131472405, 0.8932665926763568] and parameters: {'n_estimators': 415, 'learning_rate': 0.019721610970574007, 'subsample': 0.9659457560881795, 'colsample_bytree': 0.7480634801021777, 'min_child_weight': 1}.
[I 2026-05-15 17:21:37,438] Trial 73 finished with values: [0.23856142309905443, 0.80651870979349] and parameters: {'n_estimators': 378, 'learning_rate': 0.10519936117151477, 'subsample': 0.6296178606936361, 'colsample_bytree': 0.9468289274320415, 'min_child_weight': 2}.
[I 2026-05-15 17:21:37,998] Trial 74 finished with values: [0.23826369061308855, 0.985199301373887] and parameters: {'n_estimators': 218, 'learning_rate': 0.08589984533104164, 'subsample': 0.8534118843043579, 'colsample_bytree': 0.8143098736299034, 'min_child_weight': 1}.
[I 2026-05-15 17:21:38,669] Trial 75 finished with values: [0.222716069714123, 0.9641323133619165] and parameters: {'n_estimators': 294, 'learning_rate': 0.040381768820718394, 'subsample': 0.9022204554172195, 'colsample_bytree': 0.9652962210225885, 'min_child_weight': 1}.
