[I 2026-05-15 17:22:34,871] Trial 154 finished with values: [0.24044310954930034, 0.7119000560993978] and parameters: {'n_estimators': 324, 'learning_rate': 0.16155001304356414, 'subsample': 0.6479461469334731, 'colsample_bytree': 0.9795542149013333, 'min_child_weight': 10}.
[I 2026-05-15 17:22:35,456] Trial 155 finished with values: [0.20357822675976694, 0.6710933730192233] and parameters: {'n_estimators': 179, 'learning_rate': 0.012184186502221764, 'subsample': 0.8550229885420852, 'colsample_bytree': 0.9548850970305306, 'min_child_weight': 8}.
[I 2026-05-15 17:22:36,187] Trial 156 finished with values: [0.2672816606634707, 0.8331935948212024] and parameters: {'n_estimators': 414, 'learning_rate': 0.09396591857488666, 'subsample': 0.7323592099410596, 'colsample_bytree': 0.78966953163493, 'min_child_weight': 2}.
[I 2026-05-15 17:22:36,892] Trial 157 finished with values: [0.21680426049357515, 0.6909974605494942] and parameters: {'n_estimators': 355, 'learning_rate': 0.01058040360169664, 'subsample': 0.8048372233197124, 'colsample_bytree': 0.6905983100791752, 'min_child_weight': 9}.
[I 2026-05-15 17:22:37,726] Trial 158 finished with values: [0.23632165524979626, 0.7016452358884336] and parameters: {'n_estimators': 324, 'learning_rate': 0.0178601378893971, 'subsample': 0.6260206371941118, 'colsample_bytree': 0.9795542149013333, 'min_child_weight': 10}.
[I 2026-05-15 17:22:38,371] Trial 159 finished with values: [0.2932877887350983, 0.9781033963173613] and parameters: {'n_estimators': 324, 'learning_rate': 0.10519936117151477, 'subsample': 0.8607845038010402, 'colsample_bytree': 0.689707723784224, 'min_child_weight': 8}.
[I 2026-05-15 17:22:39,142] Trial 160 finished with values: [0.2525884574920726, 0.5890857593076426] and parameters: {'n_estimators': 414, 'learning_rate': 0.21068591627429098, 'subsample': 0.6390688456025535, 'colsample_bytree': 0.6282274989601719, 'min_child_weight': 3}.
[I 2026-05-15 17:22:39,869] Trial 161 finished with values: [0.23224242883720211, 0.716310258411003] and parameters: {'n_estimators': 339, 'learning_rate': 0.029773579612263783, 'subsample': 0.6746074041599417, 'colsample_bytree': 0.6163100566219055, 'min_child_weight': 6}.
[I 2026-05-15 17:22:40,282] Trial 162 finished with values: [0.2154457561314552, 0.6922122198873022] and parameters: {'n_estimators': 61, 'learning_rate': 0.07332660227137139, 'subsample': 0.7257423924305306, 'colsample_bytree': 0.8034282764658811, 'min_child_weight': 10}.
[I 2026-05-15 17:22:40,943] Trial 163 finished with values: [0.25213911922719756, 0.7898028429012796] and parameters: {'n_estimators': 280, 'learning_rate': 0.1538583627271404, 'subsample': 0.6783931449676581, 'colsample_bytree': 0.9760920965699831, 'min_child_weight': 8}.
[I 2026-05-15 17:22:41,821] Trial 164 finished with values: [0.20697122778612825, 0.6746700908067783] and parameters: {'n_estimators': 487, 'learning_rate': 0.013313275850595153, 'subsample': 0.8607845038010402, 'colsample_bytree': 0.9594216754108317, 'min_child_weight': 6}.
[I 2026-05-15 17:22:42,410] Trial 165 finished with values: [0.31357511463132415, 0.7833933757344175] and parameters: {'n_estimators': 128, 'learning_rate': 0.1538583627271404, 'subsample': 0.7552679704826087, 'colsample_bytree': 0.9746919954946938, 'min_child_weight': 8}.
[I 2026-05-15 17:22:43,080] Trial 166 finished with values: [0.26348667705594336, 0.9355352104099486] and parameters: {'n_estimators': 196, 'learning_rate': 0.1195960383019184, 'subsample': 0.8573152873769412, 'colsample_bytree': 0.7833011561966067, 'min_child_weight': 6}.
[I 2026-05-15 17:22:43,604] Trial 167 finished with values: [0.30899249087228325, 0.8577074318760566] and parameters: {'n_estimators': 159, 'learning_rate': 0.09836162684900028, 'subsample': 0.9046478461314871, 'colsample_bytree': 0.9594216754108317, 'min_child_weight': 10}.
[I 2026-05-15 17:22:44,247] Trial 168 finished with values: [0.22270391188259647, 0.6915386193516877] and parameters: {'n_estimators': 296, 'learning_rate': 0.0212853192163843, 'subsample': 0.6479461469334731, 'colsample_bytree': 0.7470863212237734, 'min_child_weight': 10}.
[I 2026-05-15 17:22:45,058] Trial 169 finished with values: [0.243368877198693, 0.791175814878082] and parameters: {'n_estimators': 420, 'learning_rate': 0.0212853192163843, 'subsample': 0.6508242050607539, 'colsample_bytree': 0.8186841117373118, 'min_child_weight': 6}.
[I 2026-05-15 17:22:45,675] Trial 170 finished with values: [0.263128157404593, 0.8037559524881276] and parameters: {'n_estimators': 293, 'learning_rate': 0.24584290528289388, 'subsample': 0.616291520927588, 'colsample_bytree': 0.6298202574719083, 'min_child_weight': 10}.
[I 2026-05-15 17:22:46,344] Trial 171 finished with values: [0.23632165524979626, 0.7016452358884336] and parameters: {'n_estimators': 324, 'learning_rate': 0.0178601378893971, 'subsample': 0.6260206371941118, 'colsample_bytree': 0.9795542149013333, 'min_child_weight': 10}.
[I 2026-05-15 17:22:46,900] Trial 172 finished with values: [0.2289916256296677, 0.6913389556213426] and parameters: {'n_estimators': 64, 'learning_rate': 0.08589984533104164, 'subsample': 0.7544410551203097, 'colsample_bytree': 0.9844762255295657, 'min_child_weight': 10}.
[I 2026-05-15 17:22:47,835] Trial 173 finished with values: [0.26731136755100754, 0.5802007490163097] and parameters: {'n_estimators': 458, 'learning_rate': 0.2736872535680783, 'subsample': 0.6646514856378455, 'colsample_bytree': 0.9568186220708453, 'min_child_weight': 7}.
[I 2026-05-15 17:22:48,413] Trial 174 finished with values: [0.22112854532691656, 0.7378807408393014] and parameters: {'n_estimators': 225, 'learning_rate': 0.019462886350651437, 'subsample': 0.892797576724562, 'colsample_bytree': 0.6950550175969599, 'min_child_weight': 1}.
[I 2026-05-15 17:22:49,046] Trial 175 finished with values: [0.21899820810067538, 0.8944743264053574] and parameters: {'n_estimators': 156, 'learning_rate': 0.030245085073501415, 'subsample': 0.8985965620472096, 'colsample_bytree': 0.8598531596188859, 'min_child_weight': 1}.
[I 2026-05-15 17:22:49,873] Trial 176 finished with values: [0.21690073685664962, 0.6034054209108918] and parameters: {'n_estimators': 355, 'learning_rate': 0.01058040360169664, 'subsample': 0.8048372233197124, 'colsample_bytree': 0.6180909155642152, 'min_child_weight': 7}.
[I 2026-05-15 17:22:50,815] Trial 177 finished with values: [0.20425004003622288, 0.7819035869230803] and parameters: {'n_estimators': 439, 'learning_rate': 0.01058040360169664, 'subsample': 0.8048372233197124, 'colsample_bytree': 0.8598531596188859, 'min_child_weight': 2}.
[I 2026-05-15 17:22:51,492] Trial 178 finished with values: [0.22149347424370713, 0.6859628907899814] and parameters: {'n_estimators': 159, 'learning_rate': 0.010639368372762009, 'subsample': 0.892797576724562, 'colsample_bytree': 0.6377771843023713, 'min_child_weight': 1}.
[I 2026-05-15 17:22:52,098] Trial 179 finished with values: [0.2528833447883329, 0.7951793377721006] and parameters: {'n_estimators': 128, 'learning_rate': 0.10206664092951903, 'subsample': 0.6284754593840916, 'colsample_bytree': 0.7275902521175045, 'min_child_weight': 6}.
[I 2026-05-15 17:22:52,814] Trial 180 finished with values: [0.22433813091092186, 0.6796757861375566] and parameters: {'n_estimators': 294, 'learning_rate': 0.016149614799999188, 'subsample': 0.822080324639785, 'colsample_bytree': 0.6298202574719083, 'min_child_weight': 10}.
[I 2026-05-15 17:22:53,595] Trial 181 finished with values: [0.2542552876857655, 0.7834522465149537] and parameters: {'n_estimators': 414, 'learning_rate': 0.16111511355977057, 'subsample': 0.9379501243877818, 'colsample_bytree': 0.8118602313424026, 'min_child_weight': 7}.
/home/mklemmingen/PycharmProjects/migraine-forecasting-shd/.venv/lib/python3.13/site-packages/sklearn/linear_model/_sag.py:348: ConvergenceWarning: The max_iter was reached which means the coef_ did not converge
  warnings.warn(
[I 2026-05-15 17:22:54,109] Trial 182 finished with values: [0.21673399629020632, 0.6278416249473162] and parameters: {'n_estimators': 60, 'learning_rate': 0.011693687409928539, 'subsample': 0.6646514856378455, 'colsample_bytree': 0.9570235993959911, 'min_child_weight': 10}.
[I 2026-05-15 17:22:55,000] Trial 183 finished with values: [0.3137494098493448, 0.897109038423374] and parameters: {'n_estimators': 439, 'learning_rate': 0.030245085073501415, 'subsample': 0.8985965620472096, 'colsample_bytree': 0.8598531596188859, 'min_child_weight': 9}.
[I 2026-05-15 17:22:55,849] Trial 184 finished with values: [0.22900801629983564, 0.6588305356652709] and parameters: {'n_estimators': 417, 'learning_rate': 0.013313275850595153, 'subsample': 0.6260206371941118, 'colsample_bytree': 0.9594216754108317, 'min_child_weight': 7}.
[I 2026-05-15 17:22:56,681] Trial 185 finished with values: [0.23782403062492455, 0.782626550704832] and parameters: {'n_estimators': 426, 'learning_rate': 0.029773579612263783, 'subsample': 0.6390688456025535, 'colsample_bytree': 0.8736932106048627, 'min_child_weight': 6}.
[I 2026-05-15 17:22:57,486] Trial 186 finished with values: [0.25804971612616306, 0.8423216804470602] and parameters: {'n_estimators': 487, 'learning_rate': 0.019657448966046126, 'subsample': 0.8607845038010402, 'colsample_bytree': 0.9261845713819337, 'min_child_weight': 9}.
[I 2026-05-15 17:22:58,136] Trial 187 finished with values: [0.2198122936755537, 0.7902035360960677] and parameters: {'n_estimators': 294, 'learning_rate': 0.016149614799999188, 'subsample': 0.8985965620472096, 'colsample_bytree': 0.7127419099093599, 'min_child_weight': 2}.
[I 2026-05-15 17:22:58,756] Trial 188 finished with values: [0.21408438378624167, 0.7743260396756202] and parameters: {'n_estimators': 128, 'learning_rate': 0.0212853192163843, 'subsample': 0.8786948661456602, 'colsample_bytree': 0.8736932106048627, 'min_child_weight': 2}.
[I 2026-05-15 17:22:59,567] Trial 189 finished with values: [0.2561930752952919, 0.7935016111818797] and parameters: {'n_estimators': 324, 'learning_rate': 0.043737251953017454, 'subsample': 0.6746280235544143, 'colsample_bytree': 0.9570235993959911, 'min_child_weight': 10}.
[I 2026-05-15 17:23:00,323] Trial 190 finished with values: [0.2824928027139587, 0.9078318949815529] and parameters: {'n_estimators': 420, 'learning_rate': 0.08589984533104164, 'subsample': 0.6508242050607539, 'colsample_bytree': 0.8143098736299034, 'min_child_weight': 6}.
[I 2026-05-15 17:23:01,136] Trial 191 finished with values: [0.2618220150351077, 0.6895592543807887] and parameters: {'n_estimators': 333, 'learning_rate': 0.19775731712985178, 'subsample': 0.892797576724562, 'colsample_bytree': 0.6950550175969599, 'min_child_weight': 1}.
[I 2026-05-15 17:23:01,949] Trial 192 finished with values: [0.2870656897557168, 0.9300741202470215] and parameters: {'n_estimators': 439, 'learning_rate': 0.1218397677644799, 'subsample': 0.8985965620472096, 'colsample_bytree': 0.6298202574719083, 'min_child_weight': 10}.
[I 2026-05-15 17:23:02,509] Trial 193 finished with values: [0.2468761650676327, 0.818814114756095] and parameters: {'n_estimators': 159, 'learning_rate': 0.16111511355977057, 'subsample': 0.9046478461314871, 'colsample_bytree': 0.6950550175969599, 'min_child_weight': 8}.
[I 2026-05-15 17:23:03,255] Trial 194 finished with values: [0.2868230341457325, 0.7901537890042849] and parameters: {'n_estimators': 293, 'learning_rate': 0.1538583627271404, 'subsample': 0.6746280235544143, 'colsample_bytree': 0.9213923721539394, 'min_child_weight': 10}.
[I 2026-05-15 17:23:03,822] Trial 195 finished with values: [0.20739869540789407, 0.6395316935443877] and parameters: {'n_estimators': 238, 'learning_rate': 0.02609752135980675, 'subsample': 0.6646514856378455, 'colsample_bytree': 0.6709758175118891, 'min_child_weight': 7}.
[I 2026-05-15 17:23:04,431] Trial 196 finished with values: [0.23218147119664775, 0.6649372212945682] and parameters: {'n_estimators': 128, 'learning_rate': 0.030245085073501415, 'subsample': 0.9002459006563434, 'colsample_bytree': 0.8736932106048627, 'min_child_weight': 8}.
[I 2026-05-15 17:23:05,353] Trial 197 finished with values: [0.24907431213466963, 0.7870309060976386] and parameters: {'n_estimators': 413, 'learning_rate': 0.1538583627271404, 'subsample': 0.8006065178748798, 'colsample_bytree': 0.9746919954946938, 'min_child_weight': 8}.
[I 2026-05-15 17:23:06,295] Trial 198 finished with values: [0.27206725182247643, 0.8133310974045734] and parameters: {'n_estimators': 439, 'learning_rate': 0.08330803890301997, 'subsample': 0.7323592099410596, 'colsample_bytree': 0.9570235993959911, 'min_child_weight': 10}.
[I 2026-05-15 17:23:07,266] Trial 199 finished with values: [0.31774684830219735, 1.0310337475300275] and parameters: {'n_estimators': 496, 'learning_rate': 0.057894621409801394, 'subsample': 0.9588441039810308, 'colsample_bytree': 0.8404460046972835, 'min_child_weight': 8}.
[I 2026-05-15 17:23:07,899] Trial 200 finished with values: [0.21061163122002818, 0.6574458794407023] and parameters: {'n_estimators': 128, 'learning_rate': 0.030245085073501415, 'subsample': 0.7650470707645706, 'colsample_bytree': 0.8736932106048627, 'min_child_weight': 4}.
[I 2026-05-15 17:23:08,547] Trial 201 finished with values: [0.2802002547893904, 0.7403895704655146] and parameters: {'n_estimators': 324, 'learning_rate': 0.10519936117151477, 'subsample': 0.6260206371941118, 'colsample_bytree': 0.9105651842967988, 'min_child_weight': 10}.
[I 2026-05-15 17:23:09,124] Trial 202 finished with values: [0.3442201505291421, 0.9962515070529495] and parameters: {'n_estimators': 203, 'learning_rate': 0.10519936117151477, 'subsample': 0.7323592099410596, 'colsample_bytree': 0.6254233401144095, 'min_child_weight': 10}.
[I 2026-05-15 17:23:09,814] Trial 203 finished with values: [0.3169098138995687, 0.9326792332554223] and parameters: {'n_estimators': 225, 'learning_rate': 0.057894621409801394, 'subsample': 0.892797576724562, 'colsample_bytree': 0.8394633936788146, 'min_child_weight': 8}.
[I 2026-05-15 17:23:10,608] Trial 204 finished with values: [0.2352915009234971, 0.8785936809257148] and parameters: {'n_estimators': 437, 'learning_rate': 0.030245085073501415, 'subsample': 0.9002459006563434, 'colsample_bytree': 0.8736932106048627, 'min_child_weight': 4}.
[I 2026-05-15 17:23:11,288] Trial 205 finished with values: [0.23253702009270444, 0.6669375714048369] and parameters: {'n_estimators': 377, 'learning_rate': 0.0178601378893971, 'subsample': 0.6260206371941118, 'colsample_bytree': 0.6950550175969599, 'min_child_weight': 10}.
[I 2026-05-15 17:23:11,909] Trial 206 finished with values: [0.24743733604830828, 0.9694650038590897] and parameters: {'n_estimators': 243, 'learning_rate': 0.12856643861355183, 'subsample': 0.9018171496338729, 'colsample_bytree': 0.689707723784224, 'min_child_weight': 6}.
[I 2026-05-15 17:23:12,403] Trial 207 finished with values: [0.31183085607829053, 1.094121323694739] and parameters: {'n_estimators': 128, 'learning_rate': 0.1538583627271404, 'subsample': 0.7552679704826087, 'colsample_bytree': 0.641249547534373, 'min_child_weight': 10}.
[I 2026-05-15 17:23:13,128] Trial 208 finished with values: [0.29900483459939337, 1.0496360786472814] and parameters: {'n_estimators': 457, 'learning_rate': 0.057894621409801394, 'subsample': 0.9588441039810308, 'colsample_bytree': 0.8021009489791429, 'min_child_weight': 8}.
[I 2026-05-15 17:23:13,977] Trial 209 finished with values: [0.25970592451667407, 0.774338104328498] and parameters: {'n_estimators': 422, 'learning_rate': 0.019657448966046126, 'subsample': 0.602208846849441, 'colsample_bytree': 0.9261845713819337, 'min_child_weight': 8}.
[I 2026-05-15 17:23:14,757] Trial 210 finished with values: [0.334266317771465, 0.9784680132915184] and parameters: {'n_estimators': 324, 'learning_rate': 0.09836162684900028, 'subsample': 0.9046478461314871, 'colsample_bytree': 0.9795542149013333, 'min_child_weight': 10}.
[I 2026-05-15 17:23:15,347] Trial 211 finished with values: [0.3117368248189039, 1.0290228801686698] and parameters: {'n_estimators': 194, 'learning_rate': 0.08589984533104164, 'subsample': 0.9002459006563434, 'colsample_bytree': 0.8736932106048627, 'min_child_weight': 9}.
[I 2026-05-15 17:23:15,897] Trial 212 finished with values: [0.2346335123495545, 0.6195557575313086] and parameters: {'n_estimators': 225, 'learning_rate': 0.10485733570643786, 'subsample': 0.8125418526272592, 'colsample_bytree': 0.8736932106048627, 'min_child_weight': 2}.
[I 2026-05-15 17:23:16,663] Trial 213 finished with values: [0.24316505786248785, 0.7117379792674883] and parameters: {'n_estimators': 458, 'learning_rate': 0.0178601378893971, 'subsample': 0.6043350605921193, 'colsample_bytree': 0.9568186220708453, 'min_child_weight': 10}.
[I 2026-05-15 17:23:17,274] Trial 214 finished with values: [0.22500833433377557, 0.6435819051800336] and parameters: {'n_estimators': 238, 'learning_rate': 0.21744977418953557, 'subsample': 0.6479461469334731, 'colsample_bytree': 0.8118602313424026, 'min_child_weight': 1}.
[I 2026-05-15 17:23:17,904] Trial 215 finished with values: [0.31696831166764017, 0.9481426550769857] and parameters: {'n_estimators': 324, 'learning_rate': 0.029625450352016573, 'subsample': 0.8607845038010402, 'colsample_bytree': 0.8736932106048627, 'min_child_weight': 8}.
[I 2026-05-15 17:23:18,784] Trial 216 finished with values: [0.3030688353094257, 1.1163816987797424] and parameters: {'n_estimators': 478, 'learning_rate': 0.09836162684900028, 'subsample': 0.9046478461314871, 'colsample_bytree': 0.6950550175969599, 'min_child_weight': 10}.
[I 2026-05-15 17:23:19,403] Trial 217 finished with values: [0.31569911844753296, 0.9156681910839384] and parameters: {'n_estimators': 215, 'learning_rate': 0.13962563737015762, 'subsample': 0.8607845038010402, 'colsample_bytree': 0.689707723784224, 'min_child_weight': 8}.
[I 2026-05-15 17:23:20,213] Trial 218 finished with values: [0.28331275825404056, 0.9099890485157935] and parameters: {'n_estimators': 308, 'learning_rate': 0.08330803890301997, 'subsample': 0.8527348848679197, 'colsample_bytree': 0.7793782087913279, 'min_child_weight': 10}.
[I 2026-05-15 17:23:20,757] Trial 219 finished with values: [0.2256122498253958, 0.6023431712226237] and parameters: {'n_estimators': 182, 'learning_rate': 0.03058280993112278, 'subsample': 0.602208846849441, 'colsample_bytree': 0.9261845713819337, 'min_child_weight': 8}.
[I 2026-05-15 17:23:21,401] Trial 220 finished with values: [0.2896054803568334, 0.7762792502555149] and parameters: {'n_estimators': 179, 'learning_rate': 0.16155001304356414, 'subsample': 0.8690073824308153, 'colsample_bytree': 0.9548850970305306, 'min_child_weight': 10}.
[I 2026-05-15 17:23:22,207] Trial 221 finished with values: [0.23991880474305374, 0.631099030071757] and parameters: {'n_estimators': 333, 'learning_rate': 0.19775731712985178, 'subsample': 0.900949811775072, 'colsample_bytree': 0.9166316174903394, 'min_child_weight': 1}.
[I 2026-05-15 17:23:22,724] Trial 222 finished with values: [0.28115001180210736, 0.8830357337294193] and parameters: {'n_estimators': 120, 'learning_rate': 0.1466769064893309, 'subsample': 0.6364824412194762, 'colsample_bytree': 0.8404460046972835, 'min_child_weight': 5}.
[I 2026-05-15 17:23:23,468] Trial 223 finished with values: [0.2523033807390528, 0.7104378828505442] and parameters: {'n_estimators': 324, 'learning_rate': 0.0178601378893971, 'subsample': 0.8607845038010402, 'colsample_bytree': 0.9795542149013333, 'min_child_weight': 10}.
[I 2026-05-15 17:23:24,166] Trial 224 finished with values: [0.31932797189240336, 0.8942718253195421] and parameters: {'n_estimators': 215, 'learning_rate': 0.08589984533104164, 'subsample': 0.8534118843043579, 'colsample_bytree': 0.8245108790277985, 'min_child_weight': 8}.
[I 2026-05-15 17:23:24,919] Trial 225 finished with values: [0.2561579467822026, 0.7951174230737255] and parameters: {'n_estimators': 439, 'learning_rate': 0.08330803890301997, 'subsample': 0.6230235040066577, 'colsample_bytree': 0.8198115529294943, 'min_child_weight': 5}.
[I 2026-05-15 17:23:25,409] Trial 226 finished with values: [0.2648962268056287, 0.6317674386432497] and parameters: {'n_estimators': 128, 'learning_rate': 0.20476075218575424, 'subsample': 0.8125418526272592, 'colsample_bytree': 0.8736932106048627, 'min_child_weight': 4}.
[I 2026-05-15 17:23:25,964] Trial 227 finished with values: [0.2513623420823933, 0.977583069291301] and parameters: {'n_estimators': 215, 'learning_rate': 0.16155001304356414, 'subsample': 0.8534118843043579, 'colsample_bytree': 0.6468268065710423, 'min_child_weight': 4}.
[I 2026-05-15 17:23:26,584] Trial 228 finished with values: [0.22115248572565957, 0.6561776293432126] and parameters: {'n_estimators': 324, 'learning_rate': 0.0178601378893971, 'subsample': 0.6260206371941118, 'colsample_bytree': 0.6571966728211344, 'min_child_weight': 10}.
[I 2026-05-15 17:23:27,353] Trial 229 finished with values: [0.2659047983678552, 0.7661736046129825] and parameters: {'n_estimators': 487, 'learning_rate': 0.13962563737015762, 'subsample': 0.7323592099410596, 'colsample_bytree': 0.689707723784224, 'min_child_weight': 9}.
[I 2026-05-15 17:23:28,010] Trial 230 finished with values: [0.2399234909422822, 0.6726834814920952] and parameters: {'n_estimators': 333, 'learning_rate': 0.016149614799999188, 'subsample': 0.9046042526869889, 'colsample_bytree': 0.6950550175969599, 'min_child_weight': 10}.
[I 2026-05-15 17:23:28,783] Trial 231 finished with values: [0.25434236606943644, 0.6726547162544982] and parameters: {'n_estimators': 328, 'learning_rate': 0.1538583627271404, 'subsample': 0.7552679704826087, 'colsample_bytree': 0.8404460046972835, 'min_child_weight': 8}.
[I 2026-05-15 17:23:29,504] Trial 232 finished with values: [0.2423024375420814, 0.6770476744504512] and parameters: {'n_estimators': 238, 'learning_rate': 0.014104914380026676, 'subsample': 0.9464704583099741, 'colsample_bytree': 0.6027808522124762, 'min_child_weight': 1}.
