[I 2026-05-22 17:52:27,846] Trial 237 finished with values: [0.4428115307425652, 2.4359252187796883] and parameters: {'n_estimators': 156, 'learning_rate': 0.043737251953017454, 'subsample': 0.9329770563201687, 'colsample_bytree': 0.8598531596188859, 'min_child_weight': 1}.
[I 2026-05-22 17:52:28,346] Trial 238 finished with values: [0.6144750045612114, 1.3149874647763677] and parameters: {'n_estimators': 54, 'learning_rate': 0.012184186502221764, 'subsample': 0.8654007076432223, 'colsample_bytree': 0.9425959364753289, 'min_child_weight': 8}.
[I 2026-05-22 17:52:29,075] Trial 239 finished with values: [0.43822839038356276, 3.8312100738662016] and parameters: {'n_estimators': 420, 'learning_rate': 0.10206664092951903, 'subsample': 0.6284754593840916, 'colsample_bytree': 0.7594018937589494, 'min_child_weight': 8}.
[I 2026-05-22 17:52:29,681] Trial 240 finished with values: [0.490299706679017, 13.49877849809543] and parameters: {'n_estimators': 156, 'learning_rate': 0.2536999076681772, 'subsample': 0.9002459006563434, 'colsample_bytree': 0.7594018937589494, 'min_child_weight': 2}.
[I 2026-05-22 17:52:30,440] Trial 241 finished with values: [0.4177087280535556, 4.6801483837797155] and parameters: {'n_estimators': 408, 'learning_rate': 0.11046009304545999, 'subsample': 0.9022204554172195, 'colsample_bytree': 0.6915192661966489, 'min_child_weight': 9}.
[I 2026-05-22 17:52:30,904] Trial 242 finished with values: [0.5974166000028069, 1.8795982182813558] and parameters: {'n_estimators': 120, 'learning_rate': 0.012184186502221764, 'subsample': 0.7988994023569542, 'colsample_bytree': 0.7594018937589494, 'min_child_weight': 8}.
[I 2026-05-22 17:52:31,451] Trial 243 finished with values: [0.5684877303411786, 1.6624782411142747] and parameters: {'n_estimators': 120, 'learning_rate': 0.012184186502221764, 'subsample': 0.8099025726528951, 'colsample_bytree': 0.6325395122567599, 'min_child_weight': 8}.
[I 2026-05-22 17:52:32,218] Trial 244 finished with values: [0.5393895695619835, 8.88373370431497] and parameters: {'n_estimators': 355, 'learning_rate': 0.012184186502221764, 'subsample': 0.7893887083122263, 'colsample_bytree': 0.8404460046972835, 'min_child_weight': 1}.
[I 2026-05-22 17:52:32,971] Trial 245 finished with values: [0.5820205815895471, 2.199833082110885] and parameters: {'n_estimators': 415, 'learning_rate': 0.012184186502221764, 'subsample': 0.8048372233197124, 'colsample_bytree': 0.7480634801021777, 'min_child_weight': 10}.
[I 2026-05-22 17:52:33,436] Trial 246 finished with values: [0.5804325782774058, 1.9306152083026096] and parameters: {'n_estimators': 120, 'learning_rate': 0.01058040360169664, 'subsample': 0.8048372233197124, 'colsample_bytree': 0.7594018937589494, 'min_child_weight': 8}.
[I 2026-05-22 17:52:33,928] Trial 247 finished with values: [0.564616577547612, 2.148693105420908] and parameters: {'n_estimators': 156, 'learning_rate': 0.012184186502221764, 'subsample': 0.9464704583099741, 'colsample_bytree': 0.8598531596188859, 'min_child_weight': 10}.
[I 2026-05-22 17:52:34,628] Trial 248 finished with values: [0.49800131222545013, 3.782391242540295] and parameters: {'n_estimators': 339, 'learning_rate': 0.035714399098231424, 'subsample': 0.6646514856378455, 'colsample_bytree': 0.7482568588267564, 'min_child_weight': 7}.
[I 2026-05-22 17:52:35,017] Trial 249 finished with values: [0.564541317558559, 2.5443472672667626] and parameters: {'n_estimators': 54, 'learning_rate': 0.04018584329485903, 'subsample': 0.8654007076432223, 'colsample_bytree': 0.8598531596188859, 'min_child_weight': 8}.
[I 2026-05-22 17:52:35,711] Trial 250 finished with values: [0.50601536075674, 4.039304668625805] and parameters: {'n_estimators': 465, 'learning_rate': 0.15870971677383489, 'subsample': 0.8048372233197124, 'colsample_bytree': 0.6905983100791752, 'min_child_weight': 8}.
[I 2026-05-22 17:52:36,495] Trial 251 finished with values: [0.4674154070705795, 2.156730964987704] and parameters: {'n_estimators': 477, 'learning_rate': 0.023545774516299134, 'subsample': 0.8048372233197124, 'colsample_bytree': 0.9944004255291483, 'min_child_weight': 4}.
[I 2026-05-22 17:52:37,007] Trial 252 finished with values: [0.42149505985712876, 3.4738681603110946] and parameters: {'n_estimators': 105, 'learning_rate': 0.129667438075127, 'subsample': 0.7505038342123663, 'colsample_bytree': 0.9637281608315128, 'min_child_weight': 4}.
[I 2026-05-22 17:52:37,437] Trial 253 finished with values: [0.5703624759659242, 2.4509009687816414] and parameters: {'n_estimators': 120, 'learning_rate': 0.01351182947645082, 'subsample': 0.6137554084460873, 'colsample_bytree': 0.9637281608315128, 'min_child_weight': 4}.
[I 2026-05-22 17:52:38,139] Trial 254 finished with values: [0.5818791840343565, 3.8578546739248045] and parameters: {'n_estimators': 465, 'learning_rate': 0.01351182947645082, 'subsample': 0.8654007076432223, 'colsample_bytree': 0.9760920965699831, 'min_child_weight': 8}.
[I 2026-05-22 17:52:38,686] Trial 255 finished with values: [0.5696925041752627, 1.8767016642673067] and parameters: {'n_estimators': 105, 'learning_rate': 0.05388108577817234, 'subsample': 0.6334002866794675, 'colsample_bytree': 0.9637281608315128, 'min_child_weight': 3}.
[I 2026-05-22 17:52:39,276] Trial 256 finished with values: [0.5905311004448935, 1.726046936511381] and parameters: {'n_estimators': 156, 'learning_rate': 0.012184186502221764, 'subsample': 0.8048372233197124, 'colsample_bytree': 0.7480634801021777, 'min_child_weight': 7}.
[I 2026-05-22 17:52:40,034] Trial 257 finished with values: [0.6000598220425807, 2.075702823790098] and parameters: {'n_estimators': 408, 'learning_rate': 0.012184186502221764, 'subsample': 0.8654007076432223, 'colsample_bytree': 0.9108587663709747, 'min_child_weight': 8}.
[I 2026-05-22 17:52:40,728] Trial 258 finished with values: [0.5878152498842154, 1.95085017780575] and parameters: {'n_estimators': 301, 'learning_rate': 0.012184186502221764, 'subsample': 0.8654007076432223, 'colsample_bytree': 0.9425959364753289, 'min_child_weight': 8}.
[I 2026-05-22 17:52:41,286] Trial 259 finished with values: [0.5934581701823081, 2.0971907873593567] and parameters: {'n_estimators': 156, 'learning_rate': 0.023545774516299134, 'subsample': 0.7988994023569542, 'colsample_bytree': 0.7696888036987906, 'min_child_weight': 7}.
[I 2026-05-22 17:52:41,732] Trial 260 finished with values: [0.5712354216664561, 1.8571663275543755] and parameters: {'n_estimators': 120, 'learning_rate': 0.012184186502221764, 'subsample': 0.7988994023569542, 'colsample_bytree': 0.7594018937589494, 'min_child_weight': 2}.
[I 2026-05-22 17:52:42,216] Trial 261 finished with values: [0.6041633334736783, 1.9379572761428316] and parameters: {'n_estimators': 156, 'learning_rate': 0.023545774516299134, 'subsample': 0.7119735587783771, 'colsample_bytree': 0.7594018937589494, 'min_child_weight': 8}.
[I 2026-05-22 17:52:42,792] Trial 262 finished with values: [0.5968225022104333, 7.2713970760319615] and parameters: {'n_estimators': 156, 'learning_rate': 0.030245085073501415, 'subsample': 0.8985965620472096, 'colsample_bytree': 0.9625417540378944, 'min_child_weight': 9}.
[I 2026-05-22 17:52:43,289] Trial 263 finished with values: [0.5979992947665361, 1.4744960345360045] and parameters: {'n_estimators': 54, 'learning_rate': 0.012184186502221764, 'subsample': 0.7988994023569542, 'colsample_bytree': 0.9425959364753289, 'min_child_weight': 8}.
[I 2026-05-22 17:52:43,789] Trial 264 finished with values: [0.6007559330835193, 2.0986397887615955] and parameters: {'n_estimators': 100, 'learning_rate': 0.023545774516299134, 'subsample': 0.7988994023569542, 'colsample_bytree': 0.7594018937589494, 'min_child_weight': 8}.
[I 2026-05-22 17:52:44,218] Trial 265 finished with values: [0.4247540454437006, 3.5811233902223867] and parameters: {'n_estimators': 105, 'learning_rate': 0.2536999076681772, 'subsample': 0.7650470707645706, 'colsample_bytree': 0.6905983100791752, 'min_child_weight': 2}.
[I 2026-05-22 17:52:45,019] Trial 266 finished with values: [0.5583514027479545, 5.294005017462597] and parameters: {'n_estimators': 468, 'learning_rate': 0.2536999076681772, 'subsample': 0.6783931449676581, 'colsample_bytree': 0.6180909155642152, 'min_child_weight': 4}.
[I 2026-05-22 17:52:45,510] Trial 267 finished with values: [0.6144750045612114, 1.3149874647763677] and parameters: {'n_estimators': 54, 'learning_rate': 0.012184186502221764, 'subsample': 0.8654007076432223, 'colsample_bytree': 0.9425959364753289, 'min_child_weight': 8}.
[I 2026-05-22 17:52:46,271] Trial 268 finished with values: [0.5790889506406748, 3.825790259411035] and parameters: {'n_estimators': 465, 'learning_rate': 0.25648866468880704, 'subsample': 0.8099025726528951, 'colsample_bytree': 0.6180909155642152, 'min_child_weight': 5}.
[I 2026-05-22 17:52:46,992] Trial 269 finished with values: [0.4505912031774101, 2.4720690565875545] and parameters: {'n_estimators': 468, 'learning_rate': 0.053415464843459444, 'subsample': 0.8012545034320351, 'colsample_bytree': 0.7594018937589494, 'min_child_weight': 8}.
[I 2026-05-22 17:52:47,373] Trial 270 finished with values: [0.5840412859809412, 1.6996735782710772] and parameters: {'n_estimators': 54, 'learning_rate': 0.023545774516299134, 'subsample': 0.8654007076432223, 'colsample_bytree': 0.9425959364753289, 'min_child_weight': 8}.
[I 2026-05-22 17:52:47,849] Trial 271 finished with values: [0.5700338933097553, 2.6870731293194527] and parameters: {'n_estimators': 54, 'learning_rate': 0.01058040360169664, 'subsample': 0.8654007076432223, 'colsample_bytree': 0.9425959364753289, 'min_child_weight': 1}.
[I 2026-05-22 17:52:48,444] Trial 272 finished with values: [0.4555209956072025, 7.682382736754583] and parameters: {'n_estimators': 355, 'learning_rate': 0.029385442161128397, 'subsample': 0.6137554084460873, 'colsample_bytree': 0.6298202574719083, 'min_child_weight': 7}.
[I 2026-05-22 17:52:49,161] Trial 273 finished with values: [0.43049450549450546, 2.7567852745943378] and parameters: {'n_estimators': 474, 'learning_rate': 0.049234393858490974, 'subsample': 0.6225213102727349, 'colsample_bytree': 0.6475271665072287, 'min_child_weight': 8}.
[I 2026-05-22 17:52:49,993] Trial 274 finished with values: [0.5711831431659018, 5.080650135439028] and parameters: {'n_estimators': 474, 'learning_rate': 0.012184186502221764, 'subsample': 0.6470104987108419, 'colsample_bytree': 0.7480634801021777, 'min_child_weight': 7}.
[I 2026-05-22 17:52:50,654] Trial 275 finished with values: [0.6086941953321263, 1.886210353710899] and parameters: {'n_estimators': 386, 'learning_rate': 0.016149614799999188, 'subsample': 0.9208787923016158, 'colsample_bytree': 0.6298202574719083, 'min_child_weight': 10}.
[I 2026-05-22 17:52:51,459] Trial 276 finished with values: [0.44118475713303307, 12.787274745025362] and parameters: {'n_estimators': 474, 'learning_rate': 0.25648866468880704, 'subsample': 0.7119735587783771, 'colsample_bytree': 0.9637281608315128, 'min_child_weight': 5}.
[I 2026-05-22 17:52:52,190] Trial 277 finished with values: [0.48754052460949016, 2.513167716818072] and parameters: {'n_estimators': 355, 'learning_rate': 0.030245085073501415, 'subsample': 0.8333475060388639, 'colsample_bytree': 0.6298202574719083, 'min_child_weight': 7}.
[I 2026-05-22 17:52:52,690] Trial 278 finished with values: [0.5650583133341753, 2.474591809236835] and parameters: {'n_estimators': 54, 'learning_rate': 0.012184186502221764, 'subsample': 0.8527348848679197, 'colsample_bytree': 0.7793782087913279, 'min_child_weight': 10}.
[I 2026-05-22 17:52:53,427] Trial 279 finished with values: [0.5353053555639763, 3.2823572531332323] and parameters: {'n_estimators': 355, 'learning_rate': 0.01058040360169664, 'subsample': 0.7499482318094817, 'colsample_bytree': 0.7142848345127443, 'min_child_weight': 2}.
[I 2026-05-22 17:52:54,238] Trial 280 finished with values: [0.42826389766044937, 34.263326560051304] and parameters: {'n_estimators': 474, 'learning_rate': 0.25648866468880704, 'subsample': 0.9474396512757841, 'colsample_bytree': 0.9760920965699831, 'min_child_weight': 3}.
[I 2026-05-22 17:52:54,962] Trial 281 finished with values: [0.6472031002203417, 5.588911884146232] and parameters: {'n_estimators': 355, 'learning_rate': 0.26472593204036643, 'subsample': 0.7893887083122263, 'colsample_bytree': 0.6905983100791752, 'min_child_weight': 2}.
[I 2026-05-22 17:52:55,599] Trial 282 finished with values: [0.579453672126086, 2.696176173169998] and parameters: {'n_estimators': 355, 'learning_rate': 0.01058040360169664, 'subsample': 0.6048617898759265, 'colsample_bytree': 0.7594018937589494, 'min_child_weight': 7}.
[I 2026-05-22 17:52:56,198] Trial 283 finished with values: [0.4578205479067548, 2.1355113220554154] and parameters: {'n_estimators': 294, 'learning_rate': 0.043737251953017454, 'subsample': 0.7988994023569542, 'colsample_bytree': 0.9879515306830556, 'min_child_weight': 10}.
[I 2026-05-22 17:52:56,734] Trial 284 finished with values: [0.5802339901477833, 2.5795775105363927] and parameters: {'n_estimators': 120, 'learning_rate': 0.05388108577817234, 'subsample': 0.9464704583099741, 'colsample_bytree': 0.6172639647802304, 'min_child_weight': 8}.
[I 2026-05-22 17:52:57,445] Trial 285 finished with values: [0.6413952745849298, 1.8121478124174388] and parameters: {'n_estimators': 474, 'learning_rate': 0.20716979401768126, 'subsample': 0.8110804436345199, 'colsample_bytree': 0.9971859184477201, 'min_child_weight': 8}.
[I 2026-05-22 17:52:57,921] Trial 286 finished with values: [0.5570059330835193, 2.1085882333988644] and parameters: {'n_estimators': 66, 'learning_rate': 0.07950609693143304, 'subsample': 0.7988994023569542, 'colsample_bytree': 0.7594018937589494, 'min_child_weight': 3}.
[I 2026-05-22 17:52:58,411] Trial 287 finished with values: [0.5509656610949714, 2.4077537401707554] and parameters: {'n_estimators': 54, 'learning_rate': 0.012184186502221764, 'subsample': 0.6137554084460873, 'colsample_bytree': 0.9637281608315128, 'min_child_weight': 8}.
[I 2026-05-22 17:52:58,931] Trial 288 finished with values: [0.6009743449398621, 1.5892658108592488] and parameters: {'n_estimators': 203, 'learning_rate': 0.030245085073501415, 'subsample': 0.9208787923016158, 'colsample_bytree': 0.6298202574719083, 'min_child_weight': 10}.
[I 2026-05-22 17:52:59,517] Trial 289 finished with values: [0.5224892285237113, 3.282454134513067] and parameters: {'n_estimators': 194, 'learning_rate': 0.01058040360169664, 'subsample': 0.6295186258941595, 'colsample_bytree': 0.8404460046972835, 'min_child_weight': 9}.
[I 2026-05-22 17:53:00,225] Trial 290 finished with values: [0.5462464738326808, 0.8589587277280781] and parameters: {'n_estimators': 465, 'learning_rate': 0.01351182947645082, 'subsample': 0.6783931449676581, 'colsample_bytree': 0.8215417137605283, 'min_child_weight': 4}.
[I 2026-05-22 17:53:00,689] Trial 291 finished with values: [0.6033435434297504, 1.6438124859973269] and parameters: {'n_estimators': 120, 'learning_rate': 0.012184186502221764, 'subsample': 0.9464704583099741, 'colsample_bytree': 0.8404460046972835, 'min_child_weight': 8}.
[I 2026-05-22 17:53:01,243] Trial 292 finished with values: [0.5793856048166393, 1.5484781723675387] and parameters: {'n_estimators': 120, 'learning_rate': 0.012184186502221764, 'subsample': 0.9659457560881795, 'colsample_bytree': 0.7594018937589494, 'min_child_weight': 1}.
[I 2026-05-22 17:53:01,696] Trial 293 finished with values: [0.5970457384250487, 4.678840969264484] and parameters: {'n_estimators': 156, 'learning_rate': 0.023545774516299134, 'subsample': 0.7988994023569542, 'colsample_bytree': 0.7594018937589494, 'min_child_weight': 10}.
[I 2026-05-22 17:53:02,487] Trial 294 finished with values: [0.4681339733063871, 2.3416392913912896] and parameters: {'n_estimators': 487, 'learning_rate': 0.05388108577817234, 'subsample': 0.7119735587783771, 'colsample_bytree': 0.8092391376680595, 'min_child_weight': 10}.
[I 2026-05-22 17:53:02,880] Trial 295 finished with values: [0.6116972267834337, 1.4418873032539756] and parameters: {'n_estimators': 54, 'learning_rate': 0.01351182947645082, 'subsample': 0.8654007076432223, 'colsample_bytree': 0.9425959364753289, 'min_child_weight': 8}.
[I 2026-05-22 17:53:03,253] Trial 296 finished with values: [0.48016609826954654, 3.584319554328617] and parameters: {'n_estimators': 54, 'learning_rate': 0.08505465867325865, 'subsample': 0.8654007076432223, 'colsample_bytree': 0.8404460046972835, 'min_child_weight': 8}.
[I 2026-05-22 17:53:03,706] Trial 297 finished with values: [0.5594179367886265, 2.979859670849341] and parameters: {'n_estimators': 120, 'learning_rate': 0.012184186502221764, 'subsample': 0.9464704583099741, 'colsample_bytree': 0.8782994755938469, 'min_child_weight': 5}.
[I 2026-05-22 17:53:04,442] Trial 298 finished with values: [0.5639423954079126, 10.082695292815988] and parameters: {'n_estimators': 408, 'learning_rate': 0.0845238710259589, 'subsample': 0.7988994023569542, 'colsample_bytree': 0.7594018937589494, 'min_child_weight': 8}.
[I 2026-05-22 17:53:05,149] Trial 299 finished with values: [0.3909203822996926, 4.989890634575148] and parameters: {'n_estimators': 313, 'learning_rate': 0.21434810637527812, 'subsample': 0.8527348848679197, 'colsample_bytree': 0.7793782087913279, 'min_child_weight': 4}.
[I 2026-05-22 17:53:05,964] Trial 300 finished with values: [0.5494017795741933, 6.6718989312006824] and parameters: {'n_estimators': 474, 'learning_rate': 0.01167158438611932, 'subsample': 0.7119735587783771, 'colsample_bytree': 0.9971859184477201, 'min_child_weight': 3}.
[I 2026-05-22 17:53:06,448] Trial 301 finished with values: [0.5685878138464346, 2.2266799848759584] and parameters: {'n_estimators': 176, 'learning_rate': 0.012184186502221764, 'subsample': 0.8654007076432223, 'colsample_bytree': 0.9425959364753289, 'min_child_weight': 8}.
[I 2026-05-22 17:53:07,023] Trial 302 finished with values: [0.5716012834547317, 1.7995328456798667] and parameters: {'n_estimators': 120, 'learning_rate': 0.012184186502221764, 'subsample': 0.9801645936306235, 'colsample_bytree': 0.9425959364753289, 'min_child_weight': 1}.
[I 2026-05-22 17:53:07,427] Trial 303 finished with values: [0.5774396341206686, 1.7646700907751967] and parameters: {'n_estimators': 66, 'learning_rate': 0.023545774516299134, 'subsample': 0.8010716092915446, 'colsample_bytree': 0.7480634801021777, 'min_child_weight': 7}.
[I 2026-05-22 17:53:07,874] Trial 304 finished with values: [0.4589397990260059, 2.7247343725722915] and parameters: {'n_estimators': 105, 'learning_rate': 0.05388108577817234, 'subsample': 0.7119735587783771, 'colsample_bytree': 0.7970070775275455, 'min_child_weight': 3}.
[I 2026-05-22 17:53:08,360] Trial 305 finished with values: [0.42045492821354885, 3.143338217109098] and parameters: {'n_estimators': 66, 'learning_rate': 0.20655112155089347, 'subsample': 0.8654007076432223, 'colsample_bytree': 0.9425959364753289, 'min_child_weight': 3}.
[I 2026-05-22 17:53:08,960] Trial 306 finished with values: [0.5706061499164947, 25.34493389006683] and parameters: {'n_estimators': 203, 'learning_rate': 0.030245085073501415, 'subsample': 0.7822627011142852, 'colsample_bytree': 0.8480530391206147, 'min_child_weight': 10}.
[I 2026-05-22 17:53:09,435] Trial 307 finished with values: [0.5934581701823081, 2.0971907873593567] and parameters: {'n_estimators': 156, 'learning_rate': 0.023545774516299134, 'subsample': 0.7988994023569542, 'colsample_bytree': 0.7696888036987906, 'min_child_weight': 7}.
[I 2026-05-22 17:53:09,899] Trial 308 finished with values: [0.5767379969966177, 1.759913745351356] and parameters: {'n_estimators': 175, 'learning_rate': 0.012184186502221764, 'subsample': 0.7988994023569542, 'colsample_bytree': 0.6298202574719083, 'min_child_weight': 7}.
[I 2026-05-22 17:53:10,508] Trial 309 finished with values: [0.5555952030089961, 3.224802690400581] and parameters: {'n_estimators': 355, 'learning_rate': 0.012184186502221764, 'subsample': 0.8654007076432223, 'colsample_bytree': 0.6298202574719083, 'min_child_weight': 2}.
[I 2026-05-22 17:53:11,285] Trial 310 finished with values: [0.4529293503431434, 2.0071288097469298] and parameters: {'n_estimators': 355, 'learning_rate': 0.029385442161128397, 'subsample': 0.7119735587783771, 'colsample_bytree': 0.7854793619759929, 'min_child_weight': 7}.
[I 2026-05-22 17:53:11,719] Trial 311 finished with values: [0.5988814506055885, 1.670793672933191] and parameters: {'n_estimators': 156, 'learning_rate': 0.023545774516299134, 'subsample': 0.8048372233197124, 'colsample_bytree': 0.7413408912104211, 'min_child_weight': 7}.
[I 2026-05-22 17:53:12,166] Trial 312 finished with values: [0.5667845564397288, 0.8242583315262209] and parameters: {'n_estimators': 105, 'learning_rate': 0.07279991098092103, 'subsample': 0.6310938547859939, 'colsample_bytree': 0.7127419099093599, 'min_child_weight': 2}.
[I 2026-05-22 17:53:12,699] Trial 313 finished with values: [0.4559309783447715, 2.4344700509988373] and parameters: {'n_estimators': 120, 'learning_rate': 0.27497884337724565, 'subsample': 0.9464704583099741, 'colsample_bytree': 0.9944842977918411, 'min_child_weight': 5}.
[I 2026-05-22 17:53:13,453] Trial 314 finished with values: [0.45863560130801506, 2.110537831146215] and parameters: {'n_estimators': 364, 'learning_rate': 0.06192689958760303, 'subsample': 0.8010716092915446, 'colsample_bytree': 0.6205915004999957, 'min_child_weight': 3}.
[I 2026-05-22 17:53:14,101] Trial 315 finished with values: [0.40775265602851807, 6.4476226302941315] and parameters: {'n_estimators': 474, 'learning_rate': 0.21744977418953557, 'subsample': 0.9659457560881795, 'colsample_bytree': 0.6180909155642152, 'min_child_weight': 8}.
[I 2026-05-22 17:53:14,753] Trial 316 finished with values: [0.5004119124808779, 2.5843666197425774] and parameters: {'n_estimators': 408, 'learning_rate': 0.030245085073501415, 'subsample': 0.8985965620472096, 'colsample_bytree': 0.7238110465145311, 'min_child_weight': 9}.
