[I 2026-05-22 17:51:40,178] Trial 157 finished with values: [0.6072457475474716, 1.958527631382535] and parameters: {'n_estimators': 156, 'learning_rate': 0.023545774516299134, 'subsample': 0.7988994023569542, 'colsample_bytree': 0.7594018937589494, 'min_child_weight': 8}.
[I 2026-05-22 17:51:40,976] Trial 158 finished with values: [0.5978192146295596, 1.5964162651267348] and parameters: {'n_estimators': 408, 'learning_rate': 0.012184186502221764, 'subsample': 0.8654007076432223, 'colsample_bytree': 0.6915192661966489, 'min_child_weight': 8}.
[I 2026-05-22 17:51:41,521] Trial 159 finished with values: [0.4716532988084712, 2.4000888566331797] and parameters: {'n_estimators': 132, 'learning_rate': 0.25648866468880704, 'subsample': 0.9659457560881795, 'colsample_bytree': 0.7480634801021777, 'min_child_weight': 1}.
[I 2026-05-22 17:51:42,057] Trial 160 finished with values: [0.5005452402004126, 27.736797905756635] and parameters: {'n_estimators': 120, 'learning_rate': 0.07950609693143304, 'subsample': 0.9464704583099741, 'colsample_bytree': 0.6282274989601719, 'min_child_weight': 3}.
[I 2026-05-22 17:51:42,772] Trial 161 finished with values: [0.5786312506140092, 16.018206302541973] and parameters: {'n_estimators': 339, 'learning_rate': 0.013313275850595153, 'subsample': 0.6646514856378455, 'colsample_bytree': 0.9594216754108317, 'min_child_weight': 7}.
[I 2026-05-22 17:51:43,256] Trial 162 finished with values: [0.5659879233155094, 2.9178439573627535] and parameters: {'n_estimators': 61, 'learning_rate': 0.07332660227137139, 'subsample': 0.881207583558071, 'colsample_bytree': 0.7454518409517176, 'min_child_weight': 10}.
[I 2026-05-22 17:51:43,971] Trial 163 finished with values: [0.5428957377233239, 1.6688974152447116] and parameters: {'n_estimators': 474, 'learning_rate': 0.25648866468880704, 'subsample': 0.8099025726528951, 'colsample_bytree': 0.9760920965699831, 'min_child_weight': 5}.
[I 2026-05-22 17:51:44,715] Trial 164 finished with values: [0.4683150183150183, 2.326606227720265] and parameters: {'n_estimators': 408, 'learning_rate': 0.030245085073501415, 'subsample': 0.9022204554172195, 'colsample_bytree': 0.8598531596188859, 'min_child_weight': 6}.
[I 2026-05-22 17:51:45,139] Trial 165 finished with values: [0.47136348644969334, 4.532714579188489] and parameters: {'n_estimators': 105, 'learning_rate': 0.16111511355977057, 'subsample': 0.7552679704826087, 'colsample_bytree': 0.8118602313424026, 'min_child_weight': 1}.
[I 2026-05-22 17:51:45,663] Trial 166 finished with values: [0.4685772879738397, 2.203872217115494] and parameters: {'n_estimators': 103, 'learning_rate': 0.1131225105716033, 'subsample': 0.8573152873769412, 'colsample_bytree': 0.7833011561966067, 'min_child_weight': 8}.
[I 2026-05-22 17:51:46,470] Trial 167 finished with values: [0.5950923119026568, 1.6007522805824994] and parameters: {'n_estimators': 465, 'learning_rate': 0.01351182947645082, 'subsample': 0.8654007076432223, 'colsample_bytree': 0.6180909155642152, 'min_child_weight': 8}.
[I 2026-05-22 17:51:47,160] Trial 168 finished with values: [0.42706763224004607, 2.7275292740021877] and parameters: {'n_estimators': 296, 'learning_rate': 0.07950609693143304, 'subsample': 0.8010716092915446, 'colsample_bytree': 0.6849356442713105, 'min_child_weight': 3}.
[I 2026-05-22 17:51:47,626] Trial 169 finished with values: [0.4234595385457454, 2.1917956036797803] and parameters: {'n_estimators': 128, 'learning_rate': 0.07950609693143304, 'subsample': 0.8125418526272592, 'colsample_bytree': 0.8394633936788146, 'min_child_weight': 2}.
[I 2026-05-22 17:51:48,261] Trial 170 finished with values: [0.5876968338175235, 6.008500844581496] and parameters: {'n_estimators': 355, 'learning_rate': 0.24584290528289388, 'subsample': 0.7893887083122263, 'colsample_bytree': 0.9637281608315128, 'min_child_weight': 2}.
[I 2026-05-22 17:51:48,726] Trial 171 finished with values: [0.5684251891148443, 2.041691212970479] and parameters: {'n_estimators': 120, 'learning_rate': 0.012184186502221764, 'subsample': 0.6390688456025535, 'colsample_bytree': 0.8404460046972835, 'min_child_weight': 5}.
[I 2026-05-22 17:51:49,256] Trial 172 finished with values: [0.5834452584452585, 2.593245961895564] and parameters: {'n_estimators': 195, 'learning_rate': 0.012184186502221764, 'subsample': 0.7544410551203097, 'colsample_bytree': 0.9844762255295657, 'min_child_weight': 10}.
[I 2026-05-22 17:51:49,936] Trial 173 finished with values: [0.46945654919792845, 2.2468278294150617] and parameters: {'n_estimators': 458, 'learning_rate': 0.029385442161128397, 'subsample': 0.8307615538505436, 'colsample_bytree': 0.9637281608315128, 'min_child_weight': 2}.
[I 2026-05-22 17:51:50,489] Trial 174 finished with values: [0.535526223457258, 2.308958363956663] and parameters: {'n_estimators': 128, 'learning_rate': 0.019462886350651437, 'subsample': 0.8125418526272592, 'colsample_bytree': 0.8118602313424026, 'min_child_weight': 2}.
[I 2026-05-22 17:51:50,898] Trial 175 finished with values: [0.47504894530756603, 6.487504899060373] and parameters: {'n_estimators': 64, 'learning_rate': 0.08710745900492396, 'subsample': 0.7257423924305306, 'colsample_bytree': 0.8034282764658811, 'min_child_weight': 1}.
[I 2026-05-22 17:51:51,360] Trial 176 finished with values: [0.5543512202994961, 2.1340569034159684] and parameters: {'n_estimators': 54, 'learning_rate': 0.01412166070620751, 'subsample': 0.8654007076432223, 'colsample_bytree': 0.6298202574719083, 'min_child_weight': 2}.
[I 2026-05-22 17:51:51,846] Trial 177 finished with values: [0.5725011578459853, 1.6553275926098423] and parameters: {'n_estimators': 54, 'learning_rate': 0.01412166070620751, 'subsample': 0.8654007076432223, 'colsample_bytree': 0.8598531596188859, 'min_child_weight': 2}.
[I 2026-05-22 17:51:52,472] Trial 178 finished with values: [0.5782598627426213, 2.1397931188149872] and parameters: {'n_estimators': 347, 'learning_rate': 0.010639368372762009, 'subsample': 0.8985965620472096, 'colsample_bytree': 0.6377771843023713, 'min_child_weight': 9}.
[I 2026-05-22 17:51:52,983] Trial 179 finished with values: [0.5775018244845831, 5.124979131345446] and parameters: {'n_estimators': 66, 'learning_rate': 0.10206664092951903, 'subsample': 0.6284754593840916, 'colsample_bytree': 0.7275902521175045, 'min_child_weight': 8}.
[I 2026-05-22 17:51:53,438] Trial 180 finished with values: [0.5894188665740389, 1.6631655338857905] and parameters: {'n_estimators': 105, 'learning_rate': 0.05388108577817234, 'subsample': 0.7119735587783771, 'colsample_bytree': 0.9637281608315128, 'min_child_weight': 3}.
[I 2026-05-22 17:51:54,204] Trial 181 finished with values: [0.43535816035816033, 2.907902468066066] and parameters: {'n_estimators': 414, 'learning_rate': 0.16111511355977057, 'subsample': 0.9379501243877818, 'colsample_bytree': 0.8118602313424026, 'min_child_weight': 5}.
[I 2026-05-22 17:51:54,567] Trial 182 finished with values: [0.5107393723773034, 4.043831609756896] and parameters: {'n_estimators': 60, 'learning_rate': 0.2536999076681772, 'subsample': 0.6783931449676581, 'colsample_bytree': 0.6905983100791752, 'min_child_weight': 2}.
[I 2026-05-22 17:51:55,035] Trial 183 finished with values: [0.43682476527304115, 2.661152656835309] and parameters: {'n_estimators': 54, 'learning_rate': 0.08710745900492396, 'subsample': 0.8654007076432223, 'colsample_bytree': 0.8034282764658811, 'min_child_weight': 4}.
[I 2026-05-22 17:51:55,831] Trial 184 finished with values: [0.438119973895836, 3.0184324996134437] and parameters: {'n_estimators': 417, 'learning_rate': 0.07950609693143304, 'subsample': 0.8010716092915446, 'colsample_bytree': 0.7480634801021777, 'min_child_weight': 3}.
[I 2026-05-22 17:51:56,502] Trial 185 finished with values: [0.4937269307958963, 4.151129402673733] and parameters: {'n_estimators': 339, 'learning_rate': 0.013313275850595153, 'subsample': 0.9659457560881795, 'colsample_bytree': 0.7480634801021777, 'min_child_weight': 7}.
[I 2026-05-22 17:51:57,273] Trial 186 finished with values: [0.5510836385836386, 4.5632291999904755] and parameters: {'n_estimators': 408, 'learning_rate': 0.01351182947645082, 'subsample': 0.9022204554172195, 'colsample_bytree': 0.6180909155642152, 'min_child_weight': 2}.
[I 2026-05-22 17:51:57,794] Trial 187 finished with values: [0.57948612689992, 1.3012775768236353] and parameters: {'n_estimators': 105, 'learning_rate': 0.05388108577817234, 'subsample': 0.7988994023569542, 'colsample_bytree': 0.7127419099093599, 'min_child_weight': 2}.
[I 2026-05-22 17:51:58,336] Trial 188 finished with values: [0.43475608044573566, 3.231533365618678] and parameters: {'n_estimators': 128, 'learning_rate': 0.07950609693143304, 'subsample': 0.8786948661456602, 'colsample_bytree': 0.8394633936788146, 'min_child_weight': 2}.
[I 2026-05-22 17:51:58,771] Trial 189 finished with values: [0.5988814506055885, 1.670793672933191] and parameters: {'n_estimators': 156, 'learning_rate': 0.023545774516299134, 'subsample': 0.8048372233197124, 'colsample_bytree': 0.7480634801021777, 'min_child_weight': 7}.
[I 2026-05-22 17:51:59,398] Trial 190 finished with values: [0.5760082031633755, 2.419089801946147] and parameters: {'n_estimators': 355, 'learning_rate': 0.012184186502221764, 'subsample': 0.8048372233197124, 'colsample_bytree': 0.8404460046972835, 'min_child_weight': 7}.
[I 2026-05-22 17:52:00,137] Trial 191 finished with values: [0.5071668912186154, 10.675272392170939] and parameters: {'n_estimators': 333, 'learning_rate': 0.19775731712985178, 'subsample': 0.8099025726528951, 'colsample_bytree': 0.7727780074568463, 'min_child_weight': 3}.
[I 2026-05-22 17:52:00,611] Trial 192 finished with values: [0.4182453721246825, 3.1216664365011146] and parameters: {'n_estimators': 54, 'learning_rate': 0.1218397677644799, 'subsample': 0.8654007076432223, 'colsample_bytree': 0.9637281608315128, 'min_child_weight': 3}.
[I 2026-05-22 17:52:01,237] Trial 193 finished with values: [0.4856327102016758, 2.5127087085833493] and parameters: {'n_estimators': 347, 'learning_rate': 0.030245085073501415, 'subsample': 0.822080324639785, 'colsample_bytree': 0.8118602313424026, 'min_child_weight': 3}.
[I 2026-05-22 17:52:01,918] Trial 194 finished with values: [0.47142629082284254, 2.2439092794897713] and parameters: {'n_estimators': 415, 'learning_rate': 0.029994793096631372, 'subsample': 0.8048372233197124, 'colsample_bytree': 0.9213923721539394, 'min_child_weight': 7}.
[I 2026-05-22 17:52:02,535] Trial 195 finished with values: [0.4676994301994302, 6.411559474644233] and parameters: {'n_estimators': 218, 'learning_rate': 0.02609752135980675, 'subsample': 0.8307615538505436, 'colsample_bytree': 0.6709758175118891, 'min_child_weight': 2}.
[I 2026-05-22 17:52:02,973] Trial 196 finished with values: [0.5892421196300507, 6.800233899078103] and parameters: {'n_estimators': 156, 'learning_rate': 0.030245085073501415, 'subsample': 0.9002459006563434, 'colsample_bytree': 0.8598531596188859, 'min_child_weight': 9}.
[I 2026-05-22 17:52:03,665] Trial 197 finished with values: [0.5632759322414496, 2.530968986168392] and parameters: {'n_estimators': 413, 'learning_rate': 0.16111511355977057, 'subsample': 0.6390688456025535, 'colsample_bytree': 0.8118602313424026, 'min_child_weight': 1}.
[I 2026-05-22 17:52:04,354] Trial 198 finished with values: [0.5337943665529872, 8.05346923979498] and parameters: {'n_estimators': 294, 'learning_rate': 0.016149614799999188, 'subsample': 0.9208787923016158, 'colsample_bytree': 0.6905983100791752, 'min_child_weight': 2}.
[I 2026-05-22 17:52:05,101] Trial 199 finished with values: [0.4099043198181129, 2.5183772838633085] and parameters: {'n_estimators': 496, 'learning_rate': 0.04018584329485903, 'subsample': 0.6390688456025535, 'colsample_bytree': 0.8394633936788146, 'min_child_weight': 8}.
[I 2026-05-22 17:52:05,627] Trial 200 finished with values: [0.6308239653067239, 1.0922605450946241] and parameters: {'n_estimators': 105, 'learning_rate': 0.01058040360169664, 'subsample': 0.7650470707645706, 'colsample_bytree': 0.9637281608315128, 'min_child_weight': 4}.
[I 2026-05-22 17:52:06,078] Trial 201 finished with values: [0.5771976267665923, 2.3469979777885266] and parameters: {'n_estimators': 120, 'learning_rate': 0.030245085073501415, 'subsample': 0.8048372233197124, 'colsample_bytree': 0.9105651842967988, 'min_child_weight': 9}.
[I 2026-05-22 17:52:06,670] Trial 202 finished with values: [0.6009743449398621, 1.5892658108592488] and parameters: {'n_estimators': 203, 'learning_rate': 0.030245085073501415, 'subsample': 0.9208787923016158, 'colsample_bytree': 0.6298202574719083, 'min_child_weight': 10}.
[I 2026-05-22 17:52:07,296] Trial 203 finished with values: [0.5215022525367353, 3.529751345678273] and parameters: {'n_estimators': 218, 'learning_rate': 0.05388108577817234, 'subsample': 0.8048372233197124, 'colsample_bytree': 0.6905983100791752, 'min_child_weight': 9}.
[I 2026-05-22 17:52:08,093] Trial 204 finished with values: [0.4976034342413653, 3.769739488294374] and parameters: {'n_estimators': 437, 'learning_rate': 0.023545774516299134, 'subsample': 0.8048372233197124, 'colsample_bytree': 0.7480634801021777, 'min_child_weight': 8}.
[I 2026-05-22 17:52:08,588] Trial 205 finished with values: [0.5179890671269981, 2.717407635587309] and parameters: {'n_estimators': 54, 'learning_rate': 0.012184186502221764, 'subsample': 0.6390688456025535, 'colsample_bytree': 0.8598531596188859, 'min_child_weight': 5}.
[I 2026-05-22 17:52:09,229] Trial 206 finished with values: [0.4691898937588593, 3.6511933843358286] and parameters: {'n_estimators': 243, 'learning_rate': 0.12856643861355183, 'subsample': 0.9018171496338729, 'colsample_bytree': 0.8404460046972835, 'min_child_weight': 7}.
[I 2026-05-22 17:52:09,989] Trial 207 finished with values: [0.581327628310387, 1.920086793346051] and parameters: {'n_estimators': 408, 'learning_rate': 0.012184186502221764, 'subsample': 0.8654007076432223, 'colsample_bytree': 0.641249547534373, 'min_child_weight': 5}.
[I 2026-05-22 17:52:10,883] Trial 208 finished with values: [0.5060313249968422, 3.614686538694425] and parameters: {'n_estimators': 457, 'learning_rate': 0.030245085073501415, 'subsample': 0.9002459006563434, 'colsample_bytree': 0.8021009489791429, 'min_child_weight': 9}.
[I 2026-05-22 17:52:11,556] Trial 209 finished with values: [0.46329066846308226, 21.476278129677176] and parameters: {'n_estimators': 422, 'learning_rate': 0.01351182947645082, 'subsample': 0.6783931449676581, 'colsample_bytree': 0.6180909155642152, 'min_child_weight': 4}.
[I 2026-05-22 17:52:12,127] Trial 210 finished with values: [0.49442988365402163, 4.5701261572336485] and parameters: {'n_estimators': 156, 'learning_rate': 0.25648866468880704, 'subsample': 0.8099025726528951, 'colsample_bytree': 0.7594018937589494, 'min_child_weight': 5}.
[I 2026-05-22 17:52:12,733] Trial 211 finished with values: [0.5997096613475923, 2.0259755350180835] and parameters: {'n_estimators': 194, 'learning_rate': 0.030245085073501415, 'subsample': 0.9464704583099741, 'colsample_bytree': 0.8404460046972835, 'min_child_weight': 9}.
[I 2026-05-22 17:52:13,265] Trial 212 finished with values: [0.48300632955805367, 7.394212195248774] and parameters: {'n_estimators': 225, 'learning_rate': 0.2536999076681772, 'subsample': 0.9866619276174678, 'colsample_bytree': 0.6149392754996857, 'min_child_weight': 2}.
[I 2026-05-22 17:52:13,879] Trial 213 finished with values: [0.5581003606865675, 6.913786531362234] and parameters: {'n_estimators': 355, 'learning_rate': 0.023545774516299134, 'subsample': 0.6043350605921193, 'colsample_bytree': 0.6905983100791752, 'min_child_weight': 7}.
[I 2026-05-22 17:52:14,593] Trial 214 finished with values: [0.6033095097750271, 1.489665768547958] and parameters: {'n_estimators': 474, 'learning_rate': 0.21744977418953557, 'subsample': 0.9659457560881795, 'colsample_bytree': 0.6180909155642152, 'min_child_weight': 1}.
[I 2026-05-22 17:52:15,063] Trial 215 finished with values: [0.5812634204875584, 8.409358371666588] and parameters: {'n_estimators': 156, 'learning_rate': 0.029625450352016573, 'subsample': 0.7988994023569542, 'colsample_bytree': 0.8598531596188859, 'min_child_weight': 8}.
[I 2026-05-22 17:52:15,749] Trial 216 finished with values: [0.435116240719689, 3.016324989850579] and parameters: {'n_estimators': 478, 'learning_rate': 0.05388108577817234, 'subsample': 0.7119735587783771, 'colsample_bytree': 0.9637281608315128, 'min_child_weight': 10}.
[I 2026-05-22 17:52:16,211] Trial 217 finished with values: [0.5950721373135167, 2.008389337343636] and parameters: {'n_estimators': 156, 'learning_rate': 0.012184186502221764, 'subsample': 0.8654007076432223, 'colsample_bytree': 0.9425959364753289, 'min_child_weight': 9}.
[I 2026-05-22 17:52:16,708] Trial 218 finished with values: [0.6023013066116514, 1.7969333842366741] and parameters: {'n_estimators': 308, 'learning_rate': 0.012184186502221764, 'subsample': 0.8527348848679197, 'colsample_bytree': 0.7793782087913279, 'min_child_weight': 7}.
[I 2026-05-22 17:52:17,320] Trial 219 finished with values: [0.581468148709528, 1.8743671168219425] and parameters: {'n_estimators': 182, 'learning_rate': 0.03058280993112278, 'subsample': 0.6783931449676581, 'colsample_bytree': 0.6180909155642152, 'min_child_weight': 4}.
[I 2026-05-22 17:52:18,060] Trial 220 finished with values: [0.5933320351423801, 2.1716056529157424] and parameters: {'n_estimators': 474, 'learning_rate': 0.25648866468880704, 'subsample': 0.8690073824308153, 'colsample_bytree': 0.7480634801021777, 'min_child_weight': 3}.
[I 2026-05-22 17:52:18,542] Trial 221 finished with values: [0.5460123608830505, 35.89065954202457] and parameters: {'n_estimators': 54, 'learning_rate': 0.04018584329485903, 'subsample': 0.900949811775072, 'colsample_bytree': 0.9166316174903394, 'min_child_weight': 8}.
[I 2026-05-22 17:52:19,146] Trial 222 finished with values: [0.45602272886755646, 3.349359314367375] and parameters: {'n_estimators': 218, 'learning_rate': 0.1466769064893309, 'subsample': 0.6364824412194762, 'colsample_bytree': 0.8394633936788146, 'min_child_weight': 5}.
[I 2026-05-22 17:52:19,933] Trial 223 finished with values: [0.5985579554545072, 1.6160323600248212] and parameters: {'n_estimators': 465, 'learning_rate': 0.01351182947645082, 'subsample': 0.9002459006563434, 'colsample_bytree': 0.6180909155642152, 'min_child_weight': 8}.
[I 2026-05-22 17:52:20,468] Trial 224 finished with values: [0.5894188665740389, 1.6631655338857905] and parameters: {'n_estimators': 105, 'learning_rate': 0.05388108577817234, 'subsample': 0.7119735587783771, 'colsample_bytree': 0.9637281608315128, 'min_child_weight': 3}.
[I 2026-05-22 17:52:21,034] Trial 225 finished with values: [0.550046840133047, 4.511680533126464] and parameters: {'n_estimators': 294, 'learning_rate': 0.016149614799999188, 'subsample': 0.6230235040066577, 'colsample_bytree': 0.8198115529294943, 'min_child_weight': 5}.
[I 2026-05-22 17:52:21,734] Trial 226 finished with values: [0.3992110858490169, 25.702111980147357] and parameters: {'n_estimators': 468, 'learning_rate': 0.20476075218575424, 'subsample': 0.9866619276174678, 'colsample_bytree': 0.6149392754996857, 'min_child_weight': 4}.
[I 2026-05-22 17:52:22,108] Trial 227 finished with values: [0.5649423533044222, 1.803425185253022] and parameters: {'n_estimators': 54, 'learning_rate': 0.012184186502221764, 'subsample': 0.8654007076432223, 'colsample_bytree': 0.6468268065710423, 'min_child_weight': 2}.
[I 2026-05-22 17:52:22,646] Trial 228 finished with values: [0.5857327059913267, 1.7606360802126573] and parameters: {'n_estimators': 120, 'learning_rate': 0.012184186502221764, 'subsample': 0.9464704583099741, 'colsample_bytree': 0.6571966728211344, 'min_child_weight': 8}.
[I 2026-05-22 17:52:23,313] Trial 229 finished with values: [0.5485267286991424, 5.103490252708146] and parameters: {'n_estimators': 408, 'learning_rate': 0.010501731925367071, 'subsample': 0.8654007076432223, 'colsample_bytree': 0.6915192661966489, 'min_child_weight': 2}.
[I 2026-05-22 17:52:23,812] Trial 230 finished with values: [0.46293980604325424, 35.14656271234508] and parameters: {'n_estimators': 66, 'learning_rate': 0.05388108577817234, 'subsample': 0.9046042526869889, 'colsample_bytree': 0.7275902521175045, 'min_child_weight': 3}.
[I 2026-05-22 17:52:24,509] Trial 231 finished with values: [0.5316107742831881, 5.907664030143748] and parameters: {'n_estimators': 328, 'learning_rate': 0.013313275850595153, 'subsample': 0.6646514856378455, 'colsample_bytree': 0.8394633936788146, 'min_child_weight': 2}.
[I 2026-05-22 17:52:24,977] Trial 232 finished with values: [0.5128850715057611, 2.844161518054676] and parameters: {'n_estimators': 156, 'learning_rate': 0.014104914380026676, 'subsample': 0.892797576724562, 'colsample_bytree': 0.7480634801021777, 'min_child_weight': 1}.
[I 2026-05-22 17:52:25,698] Trial 233 finished with values: [0.46004659452935315, 2.2748558357172692] and parameters: {'n_estimators': 366, 'learning_rate': 0.023545774516299134, 'subsample': 0.8010716092915446, 'colsample_bytree': 0.6205915004999957, 'min_child_weight': 3}.
[I 2026-05-22 17:52:26,209] Trial 234 finished with values: [0.5772627994610753, 1.9153317927842153] and parameters: {'n_estimators': 54, 'learning_rate': 0.012184186502221764, 'subsample': 0.8048372233197124, 'colsample_bytree': 0.9425959364753289, 'min_child_weight': 7}.
[I 2026-05-22 17:52:26,711] Trial 235 finished with values: [0.5226225562432459, 2.8738721179681987] and parameters: {'n_estimators': 54, 'learning_rate': 0.030245085073501415, 'subsample': 0.7119735587783771, 'colsample_bytree': 0.8598531596188859, 'min_child_weight': 3}.
[I 2026-05-22 17:52:27,248] Trial 236 finished with values: [0.5901725190518293, 8.075062523068782] and parameters: {'n_estimators': 105, 'learning_rate': 0.05388108577817234, 'subsample': 0.8048372233197124, 'colsample_bytree': 0.7970070775275455, 'min_child_weight': 9}.
