[I 2026-05-22 17:54:47,101] Trial 477 finished with values: [0.6144750045612114, 1.3149874647763677] and parameters: {'n_estimators': 54, 'learning_rate': 0.012184186502221764, 'subsample': 0.8654007076432223, 'colsample_bytree': 0.9425959364753289, 'min_child_weight': 8}.
[I 2026-05-22 17:54:47,810] Trial 478 finished with values: [0.4674318976043114, 0.8910768544037946] and parameters: {'n_estimators': 465, 'learning_rate': 0.01351182947645082, 'subsample': 0.6783931449676581, 'colsample_bytree': 0.6180909155642152, 'min_child_weight': 4}.
[I 2026-05-22 17:54:48,296] Trial 479 finished with values: [0.5717406635510083, 2.468612372883279] and parameters: {'n_estimators': 54, 'learning_rate': 0.016149614799999188, 'subsample': 0.8654007076432223, 'colsample_bytree': 0.9877881733101476, 'min_child_weight': 10}.
[I 2026-05-22 17:54:48,783] Trial 480 finished with values: [0.4263460836736699, 2.3501554284966426] and parameters: {'n_estimators': 54, 'learning_rate': 0.18987114604724706, 'subsample': 0.7988994023569542, 'colsample_bytree': 0.9425959364753289, 'min_child_weight': 7}.
[I 2026-05-22 17:54:49,585] Trial 481 finished with values: [0.4666524567386636, 2.346331661180605] and parameters: {'n_estimators': 418, 'learning_rate': 0.023545774516299134, 'subsample': 0.7119735587783771, 'colsample_bytree': 0.9986547348295621, 'min_child_weight': 3}.
[I 2026-05-22 17:54:50,064] Trial 482 finished with values: [0.4289010638148569, 2.0988989795393502] and parameters: {'n_estimators': 54, 'learning_rate': 0.2536999076681772, 'subsample': 0.8654007076432223, 'colsample_bytree': 0.9637281608315128, 'min_child_weight': 2}.
[I 2026-05-22 17:54:50,466] Trial 483 finished with values: [0.4881022553436347, 2.162566855325591] and parameters: {'n_estimators': 54, 'learning_rate': 0.16111511355977057, 'subsample': 0.6683550349560263, 'colsample_bytree': 0.9730913933416053, 'min_child_weight': 3}.
[I 2026-05-22 17:54:50,948] Trial 484 finished with values: [0.5685682532665292, 2.403410896111574] and parameters: {'n_estimators': 54, 'learning_rate': 0.023545774516299134, 'subsample': 0.6783931449676581, 'colsample_bytree': 0.8674572879697724, 'min_child_weight': 10}.
[I 2026-05-22 17:54:51,762] Trial 485 finished with values: [0.5462464738326808, 0.8589587277280781] and parameters: {'n_estimators': 465, 'learning_rate': 0.01351182947645082, 'subsample': 0.6783931449676581, 'colsample_bytree': 0.8227051572055719, 'min_child_weight': 4}.
[I 2026-05-22 17:54:52,155] Trial 486 finished with values: [0.5452789707100052, 1.9267437273227013] and parameters: {'n_estimators': 54, 'learning_rate': 0.05388108577817234, 'subsample': 0.8654007076432223, 'colsample_bytree': 0.6601667564414112, 'min_child_weight': 8}.
[I 2026-05-22 17:54:52,651] Trial 487 finished with values: [0.5973154639102914, 1.4277811831873453] and parameters: {'n_estimators': 54, 'learning_rate': 0.01058040360169664, 'subsample': 0.7650470707645706, 'colsample_bytree': 0.9986547348295621, 'min_child_weight': 3}.
[I 2026-05-22 17:54:53,258] Trial 488 finished with values: [0.5881847080122942, 1.9278617362258654] and parameters: {'n_estimators': 307, 'learning_rate': 0.012113606011086922, 'subsample': 0.7119735587783771, 'colsample_bytree': 0.9637281608315128, 'min_child_weight': 8}.
[I 2026-05-22 17:54:53,766] Trial 489 finished with values: [0.5792561365837228, 1.5606514841154988] and parameters: {'n_estimators': 176, 'learning_rate': 0.01351182947645082, 'subsample': 0.7650470707645706, 'colsample_bytree': 0.9077971732767748, 'min_child_weight': 4}.
[I 2026-05-22 17:54:54,466] Trial 490 finished with values: [0.5890137959103476, 1.9835269041788066] and parameters: {'n_estimators': 465, 'learning_rate': 0.012184186502221764, 'subsample': 0.8654007076432223, 'colsample_bytree': 0.6748174994230093, 'min_child_weight': 8}.
[I 2026-05-22 17:54:55,072] Trial 491 finished with values: [0.5461050762774902, 5.283528106888935] and parameters: {'n_estimators': 355, 'learning_rate': 0.01058040360169664, 'subsample': 0.7294716945616975, 'colsample_bytree': 0.9637281608315128, 'min_child_weight': 2}.
[I 2026-05-22 17:54:55,483] Trial 492 finished with values: [0.5898887590697935, 1.5342028763160154] and parameters: {'n_estimators': 54, 'learning_rate': 0.012113606011086922, 'subsample': 0.7701745754465668, 'colsample_bytree': 0.9637281608315128, 'min_child_weight': 2}.
[I 2026-05-22 17:54:55,998] Trial 493 finished with values: [0.5655746951005571, 2.0931358675390817] and parameters: {'n_estimators': 54, 'learning_rate': 0.01351182947645082, 'subsample': 0.6783931449676581, 'colsample_bytree': 0.803044151473782, 'min_child_weight': 4}.
[I 2026-05-22 17:54:56,652] Trial 494 finished with values: [0.571140162519473, 6.071571076319228] and parameters: {'n_estimators': 347, 'learning_rate': 0.16111511355977057, 'subsample': 0.6969638929660321, 'colsample_bytree': 0.9425959364753289, 'min_child_weight': 3}.
[I 2026-05-22 17:54:57,041] Trial 495 finished with values: [0.5605711338469959, 1.9827346839694528] and parameters: {'n_estimators': 54, 'learning_rate': 0.043737251953017454, 'subsample': 0.7650470707645706, 'colsample_bytree': 0.9425959364753289, 'min_child_weight': 2}.
[I 2026-05-22 17:54:57,427] Trial 496 finished with values: [0.5866728418452557, 1.5538781551503669] and parameters: {'n_estimators': 54, 'learning_rate': 0.012184186502221764, 'subsample': 0.8654007076432223, 'colsample_bytree': 0.8118602313424026, 'min_child_weight': 3}.
[I 2026-05-22 17:54:57,915] Trial 497 finished with values: [0.5854571035605518, 1.9619835561149739] and parameters: {'n_estimators': 54, 'learning_rate': 0.012184186502221764, 'subsample': 0.6310938547859939, 'colsample_bytree': 0.9425959364753289, 'min_child_weight': 7}.
[I 2026-05-22 17:54:58,416] Trial 498 finished with values: [0.593425627692869, 1.834057008242091] and parameters: {'n_estimators': 54, 'learning_rate': 0.015516155285628185, 'subsample': 0.8110804436345199, 'colsample_bytree': 0.9971859184477201, 'min_child_weight': 8}.
[I 2026-05-22 17:54:59,259] Trial 499 finished with values: [0.5390660744109019, 5.098809998301917] and parameters: {'n_estimators': 465, 'learning_rate': 0.01058040360169664, 'subsample': 0.6783931449676581, 'colsample_bytree': 0.8215417137605283, 'min_child_weight': 4}.
Building variant 'auroc_max'...
Saved /home/mklemmingen/PycharmProjects/migraine-forecasting-shd/experiment/0/headache/full_features/stacked_2xgb_meta_lr/70_30/patient/HyperparameterTuned/pareto_AUROC_slope/auroc_max/model.joblib

# End capture ------------------------------------------
# Finished: 2026-05-22T17:54:59
