[I 2026-05-15 16:29:42,432] Trial 144 finished with value: 0.6157505472711075 and parameters: {'n_estimators': 473, 'learning_rate': 0.018522653992975043, 'subsample': 0.6265985069467109, 'colsample_bytree': 0.8964482597160236, 'min_child_weight': 6}. Best is trial 103 with value: 0.6332381387454961.
[I 2026-05-15 16:29:43,220] Trial 145 finished with value: 0.6238657152953261 and parameters: {'n_estimators': 429, 'learning_rate': 0.016086469813325163, 'subsample': 0.918106924743956, 'colsample_bytree': 0.6806509280190978, 'min_child_weight': 2}. Best is trial 103 with value: 0.6332381387454961.
[I 2026-05-15 16:29:43,770] Trial 146 finished with value: 0.6240503585509483 and parameters: {'n_estimators': 124, 'learning_rate': 0.15967084837073278, 'subsample': 0.86607888827848, 'colsample_bytree': 0.8092261699076477, 'min_child_weight': 4}. Best is trial 103 with value: 0.6332381387454961.
[I 2026-05-15 16:29:44,575] Trial 147 finished with value: 0.6284377591801895 and parameters: {'n_estimators': 445, 'learning_rate': 0.03799172469421923, 'subsample': 0.9266397757886309, 'colsample_bytree': 0.7756539634280873, 'min_child_weight': 4}. Best is trial 103 with value: 0.6332381387454961.
[I 2026-05-15 16:29:45,230] Trial 148 finished with value: 0.6169946255549168 and parameters: {'n_estimators': 258, 'learning_rate': 0.02787222656744598, 'subsample': 0.8990437520705004, 'colsample_bytree': 0.8010881560369917, 'min_child_weight': 3}. Best is trial 103 with value: 0.6332381387454961.
[I 2026-05-15 16:29:46,064] Trial 149 finished with value: 0.6103792068509166 and parameters: {'n_estimators': 455, 'learning_rate': 0.036902338018406936, 'subsample': 0.8174211444455954, 'colsample_bytree': 0.9625888443858188, 'min_child_weight': 7}. Best is trial 103 with value: 0.6332381387454961.
[I 2026-05-15 16:29:46,613] Trial 150 finished with value: 0.6175609278178046 and parameters: {'n_estimators': 102, 'learning_rate': 0.24448150234693505, 'subsample': 0.851083221228567, 'colsample_bytree': 0.7339622458628344, 'min_child_weight': 2}. Best is trial 103 with value: 0.6332381387454961.
[I 2026-05-15 16:29:47,395] Trial 151 finished with value: 0.6065580945196005 and parameters: {'n_estimators': 408, 'learning_rate': 0.08239913397912682, 'subsample': 0.8133844367905286, 'colsample_bytree': 0.9575570332203831, 'min_child_weight': 8}. Best is trial 103 with value: 0.6332381387454961.
[I 2026-05-15 16:29:47,844] Trial 152 finished with value: 0.6193729254422042 and parameters: {'n_estimators': 118, 'learning_rate': 0.028870299675381083, 'subsample': 0.6993956559257863, 'colsample_bytree': 0.8975785170290708, 'min_child_weight': 1}. Best is trial 103 with value: 0.6332381387454961.
[I 2026-05-15 16:29:48,432] Trial 153 finished with value: 0.600224919435816 and parameters: {'n_estimators': 307, 'learning_rate': 0.1337346454163836, 'subsample': 0.9507062547046998, 'colsample_bytree': 0.736832699486363, 'min_child_weight': 9}. Best is trial 103 with value: 0.6332381387454961.
[I 2026-05-15 16:29:48,885] Trial 154 finished with value: 0.624200867404413 and parameters: {'n_estimators': 99, 'learning_rate': 0.17795601470260156, 'subsample': 0.6509954649327929, 'colsample_bytree': 0.7589149162241469, 'min_child_weight': 8}. Best is trial 103 with value: 0.6332381387454961.
[I 2026-05-15 16:29:49,432] Trial 155 finished with value: 0.6203207253679377 and parameters: {'n_estimators': 117, 'learning_rate': 0.021808817013805933, 'subsample': 0.8889010273572264, 'colsample_bytree': 0.8880146146184298, 'min_child_weight': 7}. Best is trial 103 with value: 0.6332381387454961.
[I 2026-05-15 16:29:50,169] Trial 156 finished with value: 0.6126934698364159 and parameters: {'n_estimators': 362, 'learning_rate': 0.06333879703036574, 'subsample': 0.7007196235627811, 'colsample_bytree': 0.7382783974015678, 'min_child_weight': 2}. Best is trial 103 with value: 0.6332381387454961.
[I 2026-05-15 16:29:51,003] Trial 157 finished with value: 0.6102224341768985 and parameters: {'n_estimators': 459, 'learning_rate': 0.07273449366508514, 'subsample': 0.7603405667054559, 'colsample_bytree': 0.784802321457653, 'min_child_weight': 10}. Best is trial 103 with value: 0.6332381387454961.
[I 2026-05-15 16:29:51,598] Trial 158 finished with value: 0.6265613003145057 and parameters: {'n_estimators': 119, 'learning_rate': 0.07343997917165422, 'subsample': 0.8023554715537864, 'colsample_bytree': 0.8445816941738591, 'min_child_weight': 1}. Best is trial 103 with value: 0.6332381387454961.
[I 2026-05-15 16:29:52,438] Trial 159 finished with value: 0.5794020307663115 and parameters: {'n_estimators': 443, 'learning_rate': 0.23815062574705925, 'subsample': 0.8260532734356836, 'colsample_bytree': 0.8786603295507569, 'min_child_weight': 10}. Best is trial 103 with value: 0.6332381387454961.
[I 2026-05-15 16:29:53,093] Trial 160 finished with value: 0.6221126659067892 and parameters: {'n_estimators': 368, 'learning_rate': 0.016800362883013086, 'subsample': 0.8305153440667252, 'colsample_bytree': 0.8426860185531424, 'min_child_weight': 5}. Best is trial 103 with value: 0.6332381387454961.
[I 2026-05-15 16:29:53,878] Trial 161 finished with value: 0.5911962800992006 and parameters: {'n_estimators': 382, 'learning_rate': 0.23997907622316453, 'subsample': 0.9702274051627106, 'colsample_bytree': 0.7803357485616529, 'min_child_weight': 2}. Best is trial 103 with value: 0.6332381387454961.
[I 2026-05-15 16:29:54,628] Trial 162 finished with value: 0.5773469905260401 and parameters: {'n_estimators': 494, 'learning_rate': 0.1734419685281264, 'subsample': 0.6498650724813068, 'colsample_bytree': 0.9683367530469489, 'min_child_weight': 9}. Best is trial 103 with value: 0.6332381387454961.
[I 2026-05-15 16:29:55,154] Trial 163 finished with value: 0.6220759771684023 and parameters: {'n_estimators': 283, 'learning_rate': 0.07471116585141002, 'subsample': 0.7596010815480521, 'colsample_bytree': 0.6219046555288125, 'min_child_weight': 4}. Best is trial 103 with value: 0.6332381387454961.
[I 2026-05-15 16:29:55,826] Trial 164 finished with value: 0.6229521518498918 and parameters: {'n_estimators': 412, 'learning_rate': 0.010158791797488999, 'subsample': 0.7333996686764577, 'colsample_bytree': 0.7592674774363773, 'min_child_weight': 6}. Best is trial 103 with value: 0.6332381387454961.
[I 2026-05-15 16:29:56,627] Trial 165 finished with value: 0.6272562906548539 and parameters: {'n_estimators': 464, 'learning_rate': 0.03247843017843543, 'subsample': 0.738781280758491, 'colsample_bytree': 0.8950004992438994, 'min_child_weight': 5}. Best is trial 103 with value: 0.6332381387454961.
[I 2026-05-15 16:29:57,117] Trial 166 finished with value: 0.6124456067375169 and parameters: {'n_estimators': 151, 'learning_rate': 0.04659164301583207, 'subsample': 0.6563428081519199, 'colsample_bytree': 0.6705547946024893, 'min_child_weight': 5}. Best is trial 103 with value: 0.6332381387454961.
[I 2026-05-15 16:29:57,679] Trial 167 finished with value: 0.5988196778684125 and parameters: {'n_estimators': 238, 'learning_rate': 0.22456306397987974, 'subsample': 0.7449575596466532, 'colsample_bytree': 0.8322353401112174, 'min_child_weight': 7}. Best is trial 103 with value: 0.6332381387454961.
[I 2026-05-15 16:29:58,071] Trial 168 finished with value: 0.6313862467408612 and parameters: {'n_estimators': 55, 'learning_rate': 0.0955267836593859, 'subsample': 0.6712143867479006, 'colsample_bytree': 0.984428126987782, 'min_child_weight': 2}. Best is trial 103 with value: 0.6332381387454961.
[I 2026-05-15 16:29:58,577] Trial 169 finished with value: 0.6175440548653114 and parameters: {'n_estimators': 236, 'learning_rate': 0.013368165353768521, 'subsample': 0.998749700738379, 'colsample_bytree': 0.800878004132497, 'min_child_weight': 6}. Best is trial 103 with value: 0.6332381387454961.
[I 2026-05-15 16:29:59,085] Trial 170 finished with value: 0.6198212264527223 and parameters: {'n_estimators': 80, 'learning_rate': 0.1281688687155785, 'subsample': 0.6839622372382343, 'colsample_bytree': 0.9592217157762855, 'min_child_weight': 3}. Best is trial 103 with value: 0.6332381387454961.
[I 2026-05-15 16:29:59,644] Trial 171 finished with value: 0.6275848642165417 and parameters: {'n_estimators': 136, 'learning_rate': 0.011323698336394534, 'subsample': 0.7888267780439997, 'colsample_bytree': 0.8259364533050466, 'min_child_weight': 1}. Best is trial 103 with value: 0.6332381387454961.
[I 2026-05-15 16:30:00,395] Trial 172 finished with value: 0.6209519501075456 and parameters: {'n_estimators': 399, 'learning_rate': 0.046726426888067565, 'subsample': 0.809756107731032, 'colsample_bytree': 0.7763050987752913, 'min_child_weight': 5}. Best is trial 103 with value: 0.6332381387454961.
[I 2026-05-15 16:30:01,003] Trial 173 finished with value: 0.6216737757630719 and parameters: {'n_estimators': 302, 'learning_rate': 0.016955424480598027, 'subsample': 0.6727712521981084, 'colsample_bytree': 0.944714248405407, 'min_child_weight': 10}. Best is trial 103 with value: 0.6332381387454961.
[I 2026-05-15 16:30:01,621] Trial 174 finished with value: 0.6222570804248744 and parameters: {'n_estimators': 218, 'learning_rate': 0.025114394464228234, 'subsample': 0.8575998172956063, 'colsample_bytree': 0.7634936684392386, 'min_child_weight': 1}. Best is trial 103 with value: 0.6332381387454961.
[I 2026-05-15 16:30:02,058] Trial 175 finished with value: 0.6217890029890116 and parameters: {'n_estimators': 120, 'learning_rate': 0.1141767816030627, 'subsample': 0.8635695767640605, 'colsample_bytree': 0.6108383970013934, 'min_child_weight': 3}. Best is trial 103 with value: 0.6332381387454961.
[I 2026-05-15 16:30:02,642] Trial 176 finished with value: 0.6121768512109521 and parameters: {'n_estimators': 154, 'learning_rate': 0.09828043102035339, 'subsample': 0.6078842151017456, 'colsample_bytree': 0.6416434327938295, 'min_child_weight': 8}. Best is trial 103 with value: 0.6332381387454961.
[I 2026-05-15 16:30:03,211] Trial 177 finished with value: 0.6186942608865387 and parameters: {'n_estimators': 130, 'learning_rate': 0.09208420644826416, 'subsample': 0.6952731124186906, 'colsample_bytree': 0.639776557103738, 'min_child_weight': 3}. Best is trial 103 with value: 0.6332381387454961.
[I 2026-05-15 16:30:03,840] Trial 178 finished with value: 0.5945674635213669 and parameters: {'n_estimators': 375, 'learning_rate': 0.1836400661900525, 'subsample': 0.9320879458267967, 'colsample_bytree': 0.7588734118473819, 'min_child_weight': 7}. Best is trial 103 with value: 0.6332381387454961.
[I 2026-05-15 16:30:04,384] Trial 179 finished with value: 0.6187832058675811 and parameters: {'n_estimators': 142, 'learning_rate': 0.027102836372426303, 'subsample': 0.9585343274084479, 'colsample_bytree': 0.6052007694042943, 'min_child_weight': 1}. Best is trial 103 with value: 0.6332381387454961.
[I 2026-05-15 16:30:04,854] Trial 180 finished with value: 0.6201540746898949 and parameters: {'n_estimators': 143, 'learning_rate': 0.01094438298606279, 'subsample': 0.6725741740359189, 'colsample_bytree': 0.8332166243878769, 'min_child_weight': 5}. Best is trial 103 with value: 0.6332381387454961.
[I 2026-05-15 16:30:05,692] Trial 181 finished with value: 0.5818055450741727 and parameters: {'n_estimators': 452, 'learning_rate': 0.1612364618828189, 'subsample': 0.7367269406791503, 'colsample_bytree': 0.703769373372517, 'min_child_weight': 4}. Best is trial 103 with value: 0.6332381387454961.
[I 2026-05-15 16:30:06,297] Trial 182 finished with value: 0.6177807508752344 and parameters: {'n_estimators': 316, 'learning_rate': 0.024886424308080555, 'subsample': 0.8496595631396536, 'colsample_bytree': 0.7637646608764962, 'min_child_weight': 6}. Best is trial 103 with value: 0.6332381387454961.
[I 2026-05-15 16:30:06,957] Trial 183 finished with value: 0.6157446011728134 and parameters: {'n_estimators': 246, 'learning_rate': 0.02722460781358145, 'subsample': 0.9793813227848627, 'colsample_bytree': 0.9054423176639044, 'min_child_weight': 2}. Best is trial 103 with value: 0.6332381387454961.
[I 2026-05-15 16:30:07,746] Trial 184 finished with value: 0.6311007698556682 and parameters: {'n_estimators': 441, 'learning_rate': 0.05248013978512199, 'subsample': 0.9578208907576365, 'colsample_bytree': 0.919942102378926, 'min_child_weight': 5}. Best is trial 103 with value: 0.6332381387454961.
[I 2026-05-15 16:30:08,257] Trial 185 finished with value: 0.6244359674213547 and parameters: {'n_estimators': 60, 'learning_rate': 0.024938425936488588, 'subsample': 0.8166536858643467, 'colsample_bytree': 0.8533912879304588, 'min_child_weight': 3}. Best is trial 103 with value: 0.6332381387454961.
[I 2026-05-15 16:30:08,663] Trial 186 finished with value: 0.6188371012505648 and parameters: {'n_estimators': 112, 'learning_rate': 0.17111701629080409, 'subsample': 0.9937608722814208, 'colsample_bytree': 0.8102760729210743, 'min_child_weight': 2}. Best is trial 103 with value: 0.6332381387454961.
[I 2026-05-15 16:30:09,121] Trial 187 finished with value: 0.6253928483273532 and parameters: {'n_estimators': 172, 'learning_rate': 0.01064548026606399, 'subsample': 0.9657195226241996, 'colsample_bytree': 0.6471004331560565, 'min_child_weight': 6}. Best is trial 103 with value: 0.6332381387454961.
[I 2026-05-15 16:30:09,736] Trial 188 finished with value: 0.625804080961075 and parameters: {'n_estimators': 173, 'learning_rate': 0.06585490178883348, 'subsample': 0.8605681553407456, 'colsample_bytree': 0.9318967214828806, 'min_child_weight': 3}. Best is trial 103 with value: 0.6332381387454961.
[I 2026-05-15 16:30:10,244] Trial 189 finished with value: 0.6265298789675263 and parameters: {'n_estimators': 54, 'learning_rate': 0.01592929934470225, 'subsample': 0.960007456739242, 'colsample_bytree': 0.9495560310250061, 'min_child_weight': 6}. Best is trial 103 with value: 0.6332381387454961.
[I 2026-05-15 16:30:10,991] Trial 190 finished with value: 0.6039691367043499 and parameters: {'n_estimators': 320, 'learning_rate': 0.09601515937619896, 'subsample': 0.6701485114493798, 'colsample_bytree': 0.9657647783699839, 'min_child_weight': 5}. Best is trial 103 with value: 0.6332381387454961.
[I 2026-05-15 16:30:11,550] Trial 191 finished with value: 0.6187506606496285 and parameters: {'n_estimators': 222, 'learning_rate': 0.058412308727041146, 'subsample': 0.618786386710022, 'colsample_bytree': 0.6665133475024317, 'min_child_weight': 8}. Best is trial 103 with value: 0.6332381387454961.
[I 2026-05-15 16:30:12,086] Trial 192 finished with value: 0.619732218138357 and parameters: {'n_estimators': 87, 'learning_rate': 0.07779090083180924, 'subsample': 0.6981396438725284, 'colsample_bytree': 0.7557182456167906, 'min_child_weight': 3}. Best is trial 103 with value: 0.6332381387454961.
[I 2026-05-15 16:30:12,716] Trial 193 finished with value: 0.6083196320059099 and parameters: {'n_estimators': 210, 'learning_rate': 0.11537666720139932, 'subsample': 0.71884868624927, 'colsample_bytree': 0.8265618561187589, 'min_child_weight': 5}. Best is trial 103 with value: 0.6332381387454961.
[I 2026-05-15 16:30:13,441] Trial 194 finished with value: 0.5966111867187207 and parameters: {'n_estimators': 349, 'learning_rate': 0.24199763404822136, 'subsample': 0.8930288388841001, 'colsample_bytree': 0.6859761514363028, 'min_child_weight': 1}. Best is trial 103 with value: 0.6332381387454961.
[I 2026-05-15 16:30:14,054] Trial 195 finished with value: 0.6190378115360311 and parameters: {'n_estimators': 168, 'learning_rate': 0.07568368328637066, 'subsample': 0.6205703253937002, 'colsample_bytree': 0.7985464988804946, 'min_child_weight': 6}. Best is trial 103 with value: 0.6332381387454961.
[I 2026-05-15 16:30:14,594] Trial 196 finished with value: 0.6099657727310266 and parameters: {'n_estimators': 200, 'learning_rate': 0.13763560673020894, 'subsample': 0.6426393012535087, 'colsample_bytree': 0.6300551126943235, 'min_child_weight': 8}. Best is trial 103 with value: 0.6332381387454961.
[I 2026-05-15 16:30:15,165] Trial 197 finished with value: 0.6171674362482766 and parameters: {'n_estimators': 273, 'learning_rate': 0.10395701758431695, 'subsample': 0.7739309354414985, 'colsample_bytree': 0.6985608132956427, 'min_child_weight': 9}. Best is trial 103 with value: 0.6332381387454961.
[I 2026-05-15 16:30:15,850] Trial 198 finished with value: 0.5915792936323123 and parameters: {'n_estimators': 410, 'learning_rate': 0.10620645735874883, 'subsample': 0.7088580548919851, 'colsample_bytree': 0.8360922667476348, 'min_child_weight': 4}. Best is trial 103 with value: 0.6332381387454961.
[I 2026-05-15 16:30:16,386] Trial 199 finished with value: 0.6163029573682302 and parameters: {'n_estimators': 91, 'learning_rate': 0.22645576413554422, 'subsample': 0.6547274523675846, 'colsample_bytree': 0.980094941528321, 'min_child_weight': 5}. Best is trial 103 with value: 0.6332381387454961.
[I 2026-05-15 16:30:16,862] Trial 200 finished with value: 0.6109259233708167 and parameters: {'n_estimators': 133, 'learning_rate': 0.06316164135709629, 'subsample': 0.9491783343505633, 'colsample_bytree': 0.8928899545638245, 'min_child_weight': 9}. Best is trial 103 with value: 0.6332381387454961.
[I 2026-05-15 16:30:17,582] Trial 201 finished with value: 0.6065596466279009 and parameters: {'n_estimators': 347, 'learning_rate': 0.10533590420371362, 'subsample': 0.9396782606261277, 'colsample_bytree': 0.6998672035436744, 'min_child_weight': 5}. Best is trial 103 with value: 0.6332381387454961.
[I 2026-05-15 16:30:18,156] Trial 202 finished with value: 0.6173352434866475 and parameters: {'n_estimators': 149, 'learning_rate': 0.2876771762794441, 'subsample': 0.9776237358746453, 'colsample_bytree': 0.6157707245474023, 'min_child_weight': 8}. Best is trial 103 with value: 0.6332381387454961.
[I 2026-05-15 16:30:18,946] Trial 203 finished with value: 0.6222875443970534 and parameters: {'n_estimators': 467, 'learning_rate': 0.018481264404573195, 'subsample': 0.8271780922210518, 'colsample_bytree': 0.9661953190352167, 'min_child_weight': 1}. Best is trial 103 with value: 0.6332381387454961.
[I 2026-05-15 16:30:19,546] Trial 204 finished with value: 0.615876683283278 and parameters: {'n_estimators': 364, 'learning_rate': 0.027492899141939076, 'subsample': 0.9697584781506121, 'colsample_bytree': 0.9884232980661471, 'min_child_weight': 10}. Best is trial 103 with value: 0.6332381387454961.
[I 2026-05-15 16:30:20,205] Trial 205 finished with value: 0.6071447297464749 and parameters: {'n_estimators': 263, 'learning_rate': 0.18764695537323295, 'subsample': 0.9378197594140282, 'colsample_bytree': 0.7276401892973022, 'min_child_weight': 9}. Best is trial 103 with value: 0.6332381387454961.
[I 2026-05-15 16:30:20,688] Trial 206 finished with value: 0.6154476030657149 and parameters: {'n_estimators': 66, 'learning_rate': 0.07599113148200978, 'subsample': 0.6920035349150813, 'colsample_bytree': 0.6482267543109115, 'min_child_weight': 1}. Best is trial 103 with value: 0.6332381387454961.
[I 2026-05-15 16:30:21,399] Trial 207 finished with value: 0.634093750899112 and parameters: {'n_estimators': 364, 'learning_rate': 0.03177141321100769, 'subsample': 0.8899067086115046, 'colsample_bytree': 0.626142536319577, 'min_child_weight': 4}. Best is trial 207 with value: 0.634093750899112.
[I 2026-05-15 16:30:22,105] Trial 208 finished with value: 0.5890292928670289 and parameters: {'n_estimators': 293, 'learning_rate': 0.1472292139391591, 'subsample': 0.727501001172828, 'colsample_bytree': 0.8503565505748036, 'min_child_weight': 9}. Best is trial 207 with value: 0.634093750899112.
[I 2026-05-15 16:30:22,676] Trial 209 finished with value: 0.6297033788239232 and parameters: {'n_estimators': 327, 'learning_rate': 0.022085609631954523, 'subsample': 0.6097603126226152, 'colsample_bytree': 0.948039549560372, 'min_child_weight': 1}. Best is trial 207 with value: 0.634093750899112.
[I 2026-05-15 16:30:23,434] Trial 210 finished with value: 0.6111354485307761 and parameters: {'n_estimators': 444, 'learning_rate': 0.06043719268200286, 'subsample': 0.9756270794051585, 'colsample_bytree': 0.9195132943094662, 'min_child_weight': 10}. Best is trial 207 with value: 0.634093750899112.
[I 2026-05-15 16:30:24,036] Trial 211 finished with value: 0.6077799793116537 and parameters: {'n_estimators': 208, 'learning_rate': 0.13590333929311196, 'subsample': 0.7607723654436969, 'colsample_bytree': 0.7919502481215636, 'min_child_weight': 7}. Best is trial 207 with value: 0.634093750899112.
[I 2026-05-15 16:30:24,724] Trial 212 finished with value: 0.5836033388151339 and parameters: {'n_estimators': 444, 'learning_rate': 0.284191188830683, 'subsample': 0.9073093655458073, 'colsample_bytree': 0.7671067128669335, 'min_child_weight': 5}. Best is trial 207 with value: 0.634093750899112.
[I 2026-05-15 16:30:25,456] Trial 213 finished with value: 0.6199445580884035 and parameters: {'n_estimators': 382, 'learning_rate': 0.02252697085449845, 'subsample': 0.6441896452525578, 'colsample_bytree': 0.7418488630563106, 'min_child_weight': 3}. Best is trial 207 with value: 0.634093750899112.
[I 2026-05-15 16:30:26,039] Trial 214 finished with value: 0.617442696679825 and parameters: {'n_estimators': 183, 'learning_rate': 0.022134360263848504, 'subsample': 0.6168372758545447, 'colsample_bytree': 0.6071495738933655, 'min_child_weight': 10}. Best is trial 207 with value: 0.634093750899112.
[I 2026-05-15 16:30:26,695] Trial 215 finished with value: 0.615517250643222 and parameters: {'n_estimators': 242, 'learning_rate': 0.03695702972706243, 'subsample': 0.8718589130772278, 'colsample_bytree': 0.6873015551460256, 'min_child_weight': 10}. Best is trial 207 with value: 0.634093750899112.
[I 2026-05-15 16:30:27,487] Trial 216 finished with value: 0.6183990951546773 and parameters: {'n_estimators': 404, 'learning_rate': 0.01355410644318373, 'subsample': 0.7670323103139713, 'colsample_bytree': 0.9516473230248659, 'min_child_weight': 10}. Best is trial 207 with value: 0.634093750899112.
