[I 2026-05-15 16:32:05,351] Trial 363 finished with value: 0.6204771913705074 and parameters: {'n_estimators': 486, 'learning_rate': 0.027315412315616086, 'subsample': 0.9076892591352534, 'colsample_bytree': 0.8498654275417055, 'min_child_weight': 4}. Best is trial 263 with value: 0.6357920670164438.
[I 2026-05-15 16:32:05,921] Trial 364 finished with value: 0.62554120332283 and parameters: {'n_estimators': 142, 'learning_rate': 0.015111321945937187, 'subsample': 0.8460051872155466, 'colsample_bytree': 0.9098535122551152, 'min_child_weight': 7}. Best is trial 263 with value: 0.6357920670164438.
[I 2026-05-15 16:32:06,603] Trial 365 finished with value: 0.6166895453522824 and parameters: {'n_estimators': 289, 'learning_rate': 0.011533657319501244, 'subsample': 0.9873955110377535, 'colsample_bytree': 0.9194856766618298, 'min_child_weight': 3}. Best is trial 263 with value: 0.6357920670164438.
[I 2026-05-15 16:32:07,460] Trial 366 finished with value: 0.5960097427931373 and parameters: {'n_estimators': 491, 'learning_rate': 0.07745546916009907, 'subsample': 0.8329690632828985, 'colsample_bytree': 0.8992292717718129, 'min_child_weight': 9}. Best is trial 263 with value: 0.6357920670164438.
[I 2026-05-15 16:32:08,202] Trial 367 finished with value: 0.6200504833562313 and parameters: {'n_estimators': 346, 'learning_rate': 0.015460123169963555, 'subsample': 0.7353070023977993, 'colsample_bytree': 0.9712334561304199, 'min_child_weight': 3}. Best is trial 263 with value: 0.6357920670164438.
[I 2026-05-15 16:32:08,905] Trial 368 finished with value: 0.619463014678258 and parameters: {'n_estimators': 217, 'learning_rate': 0.0434740346787853, 'subsample': 0.7757619958777808, 'colsample_bytree': 0.8451758329978102, 'min_child_weight': 10}. Best is trial 263 with value: 0.6357920670164438.
[I 2026-05-15 16:32:09,381] Trial 369 finished with value: 0.6229447511035979 and parameters: {'n_estimators': 158, 'learning_rate': 0.015117231557486779, 'subsample': 0.678988195943975, 'colsample_bytree': 0.9547699600837078, 'min_child_weight': 7}. Best is trial 263 with value: 0.6357920670164438.
[I 2026-05-15 16:32:09,850] Trial 370 finished with value: 0.6097593198216288 and parameters: {'n_estimators': 178, 'learning_rate': 0.16041780377709564, 'subsample': 0.9445479985453744, 'colsample_bytree': 0.9386057354761113, 'min_child_weight': 10}. Best is trial 263 with value: 0.6357920670164438.
[I 2026-05-15 16:32:10,475] Trial 371 finished with value: 0.6137836796466937 and parameters: {'n_estimators': 163, 'learning_rate': 0.13040326976863553, 'subsample': 0.784215798909656, 'colsample_bytree': 0.9367994211560247, 'min_child_weight': 8}. Best is trial 263 with value: 0.6357920670164438.
[I 2026-05-15 16:32:11,267] Trial 372 finished with value: 0.6075440103007745 and parameters: {'n_estimators': 400, 'learning_rate': 0.09316023963068912, 'subsample': 0.6709715077878827, 'colsample_bytree': 0.8180107675587753, 'min_child_weight': 10}. Best is trial 263 with value: 0.6357920670164438.
[I 2026-05-15 16:32:12,083] Trial 373 finished with value: 0.6223353979809589 and parameters: {'n_estimators': 472, 'learning_rate': 0.01158171417528467, 'subsample': 0.6659259262917748, 'colsample_bytree': 0.6526915093818247, 'min_child_weight': 8}. Best is trial 263 with value: 0.6357920670164438.
[I 2026-05-15 16:32:12,899] Trial 374 finished with value: 0.6129249630848012 and parameters: {'n_estimators': 418, 'learning_rate': 0.020671984815280927, 'subsample': 0.8023410771807316, 'colsample_bytree': 0.93628121120448, 'min_child_weight': 8}. Best is trial 263 with value: 0.6357920670164438.
[I 2026-05-15 16:32:13,616] Trial 375 finished with value: 0.6167059746376501 and parameters: {'n_estimators': 294, 'learning_rate': 0.07447579044113503, 'subsample': 0.803344218766512, 'colsample_bytree': 0.7190193805275282, 'min_child_weight': 6}. Best is trial 263 with value: 0.6357920670164438.
[I 2026-05-15 16:32:14,383] Trial 376 finished with value: 0.6000748182744824 and parameters: {'n_estimators': 360, 'learning_rate': 0.19498618458374162, 'subsample': 0.8545165415916992, 'colsample_bytree': 0.9044486148172632, 'min_child_weight': 2}. Best is trial 263 with value: 0.6357920670164438.
[I 2026-05-15 16:32:14,949] Trial 377 finished with value: 0.6230478340487396 and parameters: {'n_estimators': 258, 'learning_rate': 0.01032247724034241, 'subsample': 0.6986715458086492, 'colsample_bytree': 0.8905846860452019, 'min_child_weight': 10}. Best is trial 263 with value: 0.6357920670164438.
[I 2026-05-15 16:32:15,473] Trial 378 finished with value: 0.6178959001847337 and parameters: {'n_estimators': 94, 'learning_rate': 0.03917922018225619, 'subsample': 0.9200283874796638, 'colsample_bytree': 0.6816142538515595, 'min_child_weight': 6}. Best is trial 263 with value: 0.6357920670164438.
[I 2026-05-15 16:32:16,122] Trial 379 finished with value: 0.6113376058316778 and parameters: {'n_estimators': 380, 'learning_rate': 0.0812615685770304, 'subsample': 0.6752098938461665, 'colsample_bytree': 0.7421538274742958, 'min_child_weight': 8}. Best is trial 263 with value: 0.6357920670164438.
[I 2026-05-15 16:32:16,814] Trial 380 finished with value: 0.6200537264296109 and parameters: {'n_estimators': 299, 'learning_rate': 0.010179460777247762, 'subsample': 0.9043963040112375, 'colsample_bytree': 0.6141245419760956, 'min_child_weight': 8}. Best is trial 263 with value: 0.6357920670164438.
[I 2026-05-15 16:32:17,276] Trial 381 finished with value: 0.6075227541736125 and parameters: {'n_estimators': 141, 'learning_rate': 0.2601301558072128, 'subsample': 0.7471763005208338, 'colsample_bytree': 0.7307726465352317, 'min_child_weight': 2}. Best is trial 263 with value: 0.6357920670164438.
[I 2026-05-15 16:32:17,902] Trial 382 finished with value: 0.6182425392468645 and parameters: {'n_estimators': 187, 'learning_rate': 0.19720570440560253, 'subsample': 0.9985337350508989, 'colsample_bytree': 0.7473238122027394, 'min_child_weight': 5}. Best is trial 263 with value: 0.6357920670164438.
[I 2026-05-15 16:32:18,579] Trial 383 finished with value: 0.5922740195250258 and parameters: {'n_estimators': 375, 'learning_rate': 0.20371294308531432, 'subsample': 0.8372177336747136, 'colsample_bytree': 0.7566102792711318, 'min_child_weight': 5}. Best is trial 263 with value: 0.6357920670164438.
[I 2026-05-15 16:32:19,311] Trial 384 finished with value: 0.6196836533764701 and parameters: {'n_estimators': 363, 'learning_rate': 0.010110060758310611, 'subsample': 0.8478357349839363, 'colsample_bytree': 0.742197204176543, 'min_child_weight': 8}. Best is trial 263 with value: 0.6357920670164438.
[I 2026-05-15 16:32:19,840] Trial 385 finished with value: 0.6199328964341276 and parameters: {'n_estimators': 91, 'learning_rate': 0.07393431790849944, 'subsample': 0.7923891559544495, 'colsample_bytree': 0.8569302103620909, 'min_child_weight': 1}. Best is trial 263 with value: 0.6357920670164438.
[I 2026-05-15 16:32:20,517] Trial 386 finished with value: 0.6154817343275212 and parameters: {'n_estimators': 311, 'learning_rate': 0.06751197593534965, 'subsample': 0.8242640377664684, 'colsample_bytree': 0.8413950666385819, 'min_child_weight': 7}. Best is trial 263 with value: 0.6357920670164438.
[I 2026-05-15 16:32:21,426] Trial 387 finished with value: 0.6254046048450277 and parameters: {'n_estimators': 413, 'learning_rate': 0.025035595189926513, 'subsample': 0.9300197640720248, 'colsample_bytree': 0.7993022729053815, 'min_child_weight': 1}. Best is trial 263 with value: 0.6357920670164438.
[I 2026-05-15 16:32:21,937] Trial 388 finished with value: 0.6263826884877067 and parameters: {'n_estimators': 76, 'learning_rate': 0.031168114073035547, 'subsample': 0.913958790844587, 'colsample_bytree': 0.8830723738963663, 'min_child_weight': 8}. Best is trial 263 with value: 0.6357920670164438.
[I 2026-05-15 16:32:22,655] Trial 389 finished with value: 0.6148577079395057 and parameters: {'n_estimators': 283, 'learning_rate': 0.044691743359853014, 'subsample': 0.6589810106825136, 'colsample_bytree': 0.7312771014437246, 'min_child_weight': 5}. Best is trial 263 with value: 0.6357920670164438.
[I 2026-05-15 16:32:23,183] Trial 390 finished with value: 0.6227771819108648 and parameters: {'n_estimators': 89, 'learning_rate': 0.021177300754445145, 'subsample': 0.8392901176254955, 'colsample_bytree': 0.8942652456956759, 'min_child_weight': 10}. Best is trial 263 with value: 0.6357920670164438.
[I 2026-05-15 16:32:24,004] Trial 391 finished with value: 0.602081551308667 and parameters: {'n_estimators': 470, 'learning_rate': 0.08895015593736016, 'subsample': 0.7684992213176288, 'colsample_bytree': 0.8544709458832931, 'min_child_weight': 8}. Best is trial 263 with value: 0.6357920670164438.
[I 2026-05-15 16:32:24,526] Trial 392 finished with value: 0.6207746645986469 and parameters: {'n_estimators': 103, 'learning_rate': 0.04031616602432879, 'subsample': 0.9359209142542468, 'colsample_bytree': 0.7535331807732176, 'min_child_weight': 6}. Best is trial 263 with value: 0.6357920670164438.
[I 2026-05-15 16:32:25,218] Trial 393 finished with value: 0.6203191853671172 and parameters: {'n_estimators': 315, 'learning_rate': 0.018728103227942054, 'subsample': 0.7448941766609154, 'colsample_bytree': 0.7338045154967728, 'min_child_weight': 1}. Best is trial 263 with value: 0.6357920670164438.
[I 2026-05-15 16:32:25,605] Trial 394 finished with value: 0.6172575300051935 and parameters: {'n_estimators': 60, 'learning_rate': 0.16924559760882657, 'subsample': 0.7092283239891249, 'colsample_bytree': 0.8072315064955262, 'min_child_weight': 3}. Best is trial 263 with value: 0.6357920670164438.
[I 2026-05-15 16:32:26,416] Trial 395 finished with value: 0.6128847685853565 and parameters: {'n_estimators': 474, 'learning_rate': 0.024155317696268403, 'subsample': 0.7718627250955741, 'colsample_bytree': 0.9490921001938407, 'min_child_weight': 9}. Best is trial 263 with value: 0.6357920670164438.
[I 2026-05-15 16:32:26,965] Trial 396 finished with value: 0.615293974871417 and parameters: {'n_estimators': 133, 'learning_rate': 0.15332094693292653, 'subsample': 0.7832747546951571, 'colsample_bytree': 0.7931875488341421, 'min_child_weight': 2}. Best is trial 263 with value: 0.6357920670164438.
[I 2026-05-15 16:32:27,510] Trial 397 finished with value: 0.6249193552330812 and parameters: {'n_estimators': 86, 'learning_rate': 0.11891992386176588, 'subsample': 0.7985844609421199, 'colsample_bytree': 0.7747402810460718, 'min_child_weight': 8}. Best is trial 263 with value: 0.6357920670164438.
[I 2026-05-15 16:32:28,242] Trial 398 finished with value: 0.6175466256112639 and parameters: {'n_estimators': 395, 'learning_rate': 0.01716827384736297, 'subsample': 0.8440900597910566, 'colsample_bytree': 0.6541416329110742, 'min_child_weight': 8}. Best is trial 263 with value: 0.6357920670164438.
[I 2026-05-15 16:32:28,963] Trial 399 finished with value: 0.5971702556910522 and parameters: {'n_estimators': 346, 'learning_rate': 0.2588426213619937, 'subsample': 0.6275832065425685, 'colsample_bytree': 0.6228218884605017, 'min_child_weight': 3}. Best is trial 263 with value: 0.6357920670164438.
[I 2026-05-15 16:32:29,556] Trial 400 finished with value: 0.6183482243376464 and parameters: {'n_estimators': 168, 'learning_rate': 0.023164217472997732, 'subsample': 0.9625018322084147, 'colsample_bytree': 0.6998184799398024, 'min_child_weight': 3}. Best is trial 263 with value: 0.6357920670164438.
[I 2026-05-15 16:32:30,197] Trial 401 finished with value: 0.6250391898459748 and parameters: {'n_estimators': 392, 'learning_rate': 0.046165790921315036, 'subsample': 0.9106842227820725, 'colsample_bytree': 0.626146463025754, 'min_child_weight': 5}. Best is trial 263 with value: 0.6357920670164438.
[I 2026-05-15 16:32:30,594] Trial 402 finished with value: 0.6246257498000661 and parameters: {'n_estimators': 65, 'learning_rate': 0.012375033364089306, 'subsample': 0.9625749813377644, 'colsample_bytree': 0.655698148447038, 'min_child_weight': 6}. Best is trial 263 with value: 0.6357920670164438.
[I 2026-05-15 16:32:31,102] Trial 403 finished with value: 0.6176171218599135 and parameters: {'n_estimators': 235, 'learning_rate': 0.03258878806411497, 'subsample': 0.959933338274909, 'colsample_bytree': 0.6087293587101957, 'min_child_weight': 7}. Best is trial 263 with value: 0.6357920670164438.
[I 2026-05-15 16:32:31,817] Trial 404 finished with value: 0.6269008932980821 and parameters: {'n_estimators': 484, 'learning_rate': 0.06721037677312691, 'subsample': 0.9747289848132368, 'colsample_bytree': 0.6209031517144095, 'min_child_weight': 5}. Best is trial 263 with value: 0.6357920670164438.
[I 2026-05-15 16:32:32,417] Trial 405 finished with value: 0.6284940792729445 and parameters: {'n_estimators': 167, 'learning_rate': 0.12009119896986077, 'subsample': 0.9925188361988987, 'colsample_bytree': 0.7026120249776991, 'min_child_weight': 7}. Best is trial 263 with value: 0.6357920670164438.
[I 2026-05-15 16:32:32,917] Trial 406 finished with value: 0.6246008038010018 and parameters: {'n_estimators': 139, 'learning_rate': 0.06840082422420674, 'subsample': 0.7855729946753345, 'colsample_bytree': 0.9888021318526148, 'min_child_weight': 7}. Best is trial 263 with value: 0.6357920670164438.
[I 2026-05-15 16:32:33,520] Trial 407 finished with value: 0.6216286217002887 and parameters: {'n_estimators': 207, 'learning_rate': 0.014741215968264691, 'subsample': 0.6604987314939738, 'colsample_bytree': 0.690126771980494, 'min_child_weight': 3}. Best is trial 263 with value: 0.6357920670164438.
[I 2026-05-15 16:32:34,365] Trial 408 finished with value: 0.6042989645601423 and parameters: {'n_estimators': 433, 'learning_rate': 0.06745188784237581, 'subsample': 0.8093563645497466, 'colsample_bytree': 0.645907548747687, 'min_child_weight': 9}. Best is trial 263 with value: 0.6357920670164438.
[I 2026-05-15 16:32:35,141] Trial 409 finished with value: 0.6162986706077185 and parameters: {'n_estimators': 375, 'learning_rate': 0.012587931636111327, 'subsample': 0.8831340388919074, 'colsample_bytree': 0.8174152869370584, 'min_child_weight': 1}. Best is trial 263 with value: 0.6357920670164438.
[I 2026-05-15 16:32:35,775] Trial 410 finished with value: 0.6237802899067364 and parameters: {'n_estimators': 256, 'learning_rate': 0.05199423440889519, 'subsample': 0.6663098160653103, 'colsample_bytree': 0.9782792588001129, 'min_child_weight': 9}. Best is trial 263 with value: 0.6357920670164438.
[I 2026-05-15 16:32:36,411] Trial 411 finished with value: 0.6232211122692851 and parameters: {'n_estimators': 351, 'learning_rate': 0.04817997819550144, 'subsample': 0.7647062166338034, 'colsample_bytree': 0.8603893868603816, 'min_child_weight': 6}. Best is trial 263 with value: 0.6357920670164438.
[I 2026-05-15 16:32:36,909] Trial 412 finished with value: 0.6255794222795188 and parameters: {'n_estimators': 78, 'learning_rate': 0.05715162135968608, 'subsample': 0.9225614468931358, 'colsample_bytree': 0.7836959510387832, 'min_child_weight': 1}. Best is trial 263 with value: 0.6357920670164438.
[I 2026-05-15 16:32:37,608] Trial 413 finished with value: 0.6184963428190152 and parameters: {'n_estimators': 404, 'learning_rate': 0.01983529767778567, 'subsample': 0.7034483339552156, 'colsample_bytree': 0.6658825413729184, 'min_child_weight': 4}. Best is trial 263 with value: 0.6357920670164438.
[I 2026-05-15 16:32:38,265] Trial 414 finished with value: 0.6155341721821399 and parameters: {'n_estimators': 391, 'learning_rate': 0.058505391852606455, 'subsample': 0.681952509660285, 'colsample_bytree': 0.9511320312608164, 'min_child_weight': 9}. Best is trial 263 with value: 0.6357920670164438.
[I 2026-05-15 16:32:39,063] Trial 415 finished with value: 0.6210613702785359 and parameters: {'n_estimators': 442, 'learning_rate': 0.022528431683873033, 'subsample': 0.7804957376723952, 'colsample_bytree': 0.9939958624563501, 'min_child_weight': 8}. Best is trial 263 with value: 0.6357920670164438.
[I 2026-05-15 16:32:39,452] Trial 416 finished with value: 0.63102611786129 and parameters: {'n_estimators': 62, 'learning_rate': 0.012482888394897595, 'subsample': 0.7855725507249331, 'colsample_bytree': 0.9636880823446241, 'min_child_weight': 6}. Best is trial 263 with value: 0.6357920670164438.
[I 2026-05-15 16:32:40,132] Trial 417 finished with value: 0.6209321489864263 and parameters: {'n_estimators': 274, 'learning_rate': 0.014315200791767483, 'subsample': 0.8627120418897176, 'colsample_bytree': 0.9288412642400902, 'min_child_weight': 4}. Best is trial 263 with value: 0.6357920670164438.
[I 2026-05-15 16:32:40,912] Trial 418 finished with value: 0.5774696416874596 and parameters: {'n_estimators': 399, 'learning_rate': 0.2658575297669879, 'subsample': 0.6815065836510756, 'colsample_bytree': 0.8093318524778965, 'min_child_weight': 3}. Best is trial 263 with value: 0.6357920670164438.
[I 2026-05-15 16:32:41,709] Trial 419 finished with value: 0.6146373935827377 and parameters: {'n_estimators': 407, 'learning_rate': 0.07131410519627522, 'subsample': 0.8538329670201215, 'colsample_bytree': 0.9191656638463577, 'min_child_weight': 4}. Best is trial 263 with value: 0.6357920670164438.
[I 2026-05-15 16:32:42,409] Trial 420 finished with value: 0.6111478429903776 and parameters: {'n_estimators': 462, 'learning_rate': 0.061284164435516174, 'subsample': 0.6631819291341392, 'colsample_bytree': 0.878359647267521, 'min_child_weight': 8}. Best is trial 263 with value: 0.6357920670164438.
[I 2026-05-15 16:32:43,040] Trial 421 finished with value: 0.6052381735427732 and parameters: {'n_estimators': 192, 'learning_rate': 0.18456854969046618, 'subsample': 0.9624573019063065, 'colsample_bytree': 0.7107617949511236, 'min_child_weight': 10}. Best is trial 263 with value: 0.6357920670164438.
[I 2026-05-15 16:32:43,608] Trial 422 finished with value: 0.623277862465373 and parameters: {'n_estimators': 113, 'learning_rate': 0.019879325168768943, 'subsample': 0.6736899356952104, 'colsample_bytree': 0.9575958840031482, 'min_child_weight': 7}. Best is trial 263 with value: 0.6357920670164438.
[I 2026-05-15 16:32:44,042] Trial 423 finished with value: 0.6225988026352114 and parameters: {'n_estimators': 118, 'learning_rate': 0.04471065994177841, 'subsample': 0.8461192100279208, 'colsample_bytree': 0.6333856339957533, 'min_child_weight': 9}. Best is trial 263 with value: 0.6357920670164438.
[I 2026-05-15 16:32:44,792] Trial 424 finished with value: 0.6172031622941109 and parameters: {'n_estimators': 412, 'learning_rate': 0.055750871833158994, 'subsample': 0.9868506461036681, 'colsample_bytree': 0.7671043917100399, 'min_child_weight': 10}. Best is trial 263 with value: 0.6357920670164438.
[I 2026-05-15 16:32:45,523] Trial 425 finished with value: 0.6134875680089247 and parameters: {'n_estimators': 351, 'learning_rate': 0.0865937260774655, 'subsample': 0.666381958118314, 'colsample_bytree': 0.9527711033218575, 'min_child_weight': 5}. Best is trial 263 with value: 0.6357920670164438.
[I 2026-05-15 16:32:45,993] Trial 426 finished with value: 0.626292267246875 and parameters: {'n_estimators': 123, 'learning_rate': 0.010438133228388727, 'subsample': 0.823902273455353, 'colsample_bytree': 0.8109598488490706, 'min_child_weight': 8}. Best is trial 263 with value: 0.6357920670164438.
[I 2026-05-15 16:32:46,820] Trial 427 finished with value: 0.6153375549855042 and parameters: {'n_estimators': 451, 'learning_rate': 0.013100659346948772, 'subsample': 0.8925985961361449, 'colsample_bytree': 0.6749647776390328, 'min_child_weight': 9}. Best is trial 263 with value: 0.6357920670164438.
[I 2026-05-15 16:32:47,685] Trial 428 finished with value: 0.6241942825693957 and parameters: {'n_estimators': 419, 'learning_rate': 0.0629242358087527, 'subsample': 0.8840971194493246, 'colsample_bytree': 0.7257400452734993, 'min_child_weight': 5}. Best is trial 263 with value: 0.6357920670164438.
[I 2026-05-15 16:32:48,394] Trial 429 finished with value: 0.6159014319813398 and parameters: {'n_estimators': 420, 'learning_rate': 0.04768594398528765, 'subsample': 0.7431193061301767, 'colsample_bytree': 0.7976849789001199, 'min_child_weight': 9}. Best is trial 263 with value: 0.6357920670164438.
[I 2026-05-15 16:32:49,034] Trial 430 finished with value: 0.6136046076297577 and parameters: {'n_estimators': 201, 'learning_rate': 0.018057887475815004, 'subsample': 0.8848056081323123, 'colsample_bytree': 0.9303912850832328, 'min_child_weight': 2}. Best is trial 263 with value: 0.6357920670164438.
[I 2026-05-15 16:32:49,628] Trial 431 finished with value: 0.6237124296759631 and parameters: {'n_estimators': 158, 'learning_rate': 0.016207269122103407, 'subsample': 0.7391765646328666, 'colsample_bytree': 0.7801403915621651, 'min_child_weight': 8}. Best is trial 263 with value: 0.6357920670164438.
[I 2026-05-15 16:32:50,359] Trial 432 finished with value: 0.6136648595205592 and parameters: {'n_estimators': 343, 'learning_rate': 0.08263932946915954, 'subsample': 0.7409499786438618, 'colsample_bytree': 0.936579021233904, 'min_child_weight': 5}. Best is trial 263 with value: 0.6357920670164438.
[I 2026-05-15 16:32:51,130] Trial 433 finished with value: 0.6030389374757151 and parameters: {'n_estimators': 491, 'learning_rate': 0.0864380241535905, 'subsample': 0.650505896625801, 'colsample_bytree': 0.8704710248301736, 'min_child_weight': 4}. Best is trial 263 with value: 0.6357920670164438.
[I 2026-05-15 16:32:51,886] Trial 434 finished with value: 0.6161711781328612 and parameters: {'n_estimators': 359, 'learning_rate': 0.01267267858739504, 'subsample': 0.6699525748703837, 'colsample_bytree': 0.9422949035623145, 'min_child_weight': 3}. Best is trial 263 with value: 0.6357920670164438.
[I 2026-05-15 16:32:52,650] Trial 435 finished with value: 0.6166568183893916 and parameters: {'n_estimators': 427, 'learning_rate': 0.025853815556781314, 'subsample': 0.8571527640234831, 'colsample_bytree': 0.8776602294039324, 'min_child_weight': 6}. Best is trial 263 with value: 0.6357920670164438.
