[I 2026-05-15 16:30:28,147] Trial 217 finished with value: 0.6162776409691696 and parameters: {'n_estimators': 260, 'learning_rate': 0.08055323771079952, 'subsample': 0.6668135784368301, 'colsample_bytree': 0.9964674504547906, 'min_child_weight': 3}. Best is trial 207 with value: 0.634093750899112.
[I 2026-05-15 16:30:28,854] Trial 218 finished with value: 0.6139865987547299 and parameters: {'n_estimators': 475, 'learning_rate': 0.09111856536457716, 'subsample': 0.8430947179515437, 'colsample_bytree': 0.8050754044066034, 'min_child_weight': 3}. Best is trial 207 with value: 0.634093750899112.
[I 2026-05-15 16:30:29,444] Trial 219 finished with value: 0.6191369559780459 and parameters: {'n_estimators': 129, 'learning_rate': 0.021168245605336592, 'subsample': 0.6745753048577018, 'colsample_bytree': 0.9118337894267013, 'min_child_weight': 4}. Best is trial 207 with value: 0.634093750899112.
[I 2026-05-15 16:30:29,935] Trial 220 finished with value: 0.606026691718351 and parameters: {'n_estimators': 76, 'learning_rate': 0.27007357481469935, 'subsample': 0.9535143539853703, 'colsample_bytree': 0.9711009132780852, 'min_child_weight': 10}. Best is trial 207 with value: 0.634093750899112.
[I 2026-05-15 16:30:30,354] Trial 221 finished with value: 0.6243194949918756 and parameters: {'n_estimators': 128, 'learning_rate': 0.038485533221220426, 'subsample': 0.9032953902816365, 'colsample_bytree': 0.8784082472215169, 'min_child_weight': 2}. Best is trial 207 with value: 0.634093750899112.
[I 2026-05-15 16:30:31,079] Trial 222 finished with value: 0.6186098645626167 and parameters: {'n_estimators': 417, 'learning_rate': 0.021454872553820167, 'subsample': 0.6895270459290492, 'colsample_bytree': 0.8147897691573655, 'min_child_weight': 6}. Best is trial 207 with value: 0.634093750899112.
[I 2026-05-15 16:30:31,750] Trial 223 finished with value: 0.6218509303269352 and parameters: {'n_estimators': 311, 'learning_rate': 0.013650141458097294, 'subsample': 0.9509843450521521, 'colsample_bytree': 0.7062400170354824, 'min_child_weight': 2}. Best is trial 207 with value: 0.634093750899112.
[I 2026-05-15 16:30:32,513] Trial 224 finished with value: 0.5761240105195234 and parameters: {'n_estimators': 450, 'learning_rate': 0.25799609949079394, 'subsample': 0.9448510469061803, 'colsample_bytree': 0.9238064298899512, 'min_child_weight': 7}. Best is trial 207 with value: 0.634093750899112.
[I 2026-05-15 16:30:33,257] Trial 225 finished with value: 0.6207797243959184 and parameters: {'n_estimators': 298, 'learning_rate': 0.013442807881704787, 'subsample': 0.7633812852282795, 'colsample_bytree': 0.7490754068049256, 'min_child_weight': 3}. Best is trial 207 with value: 0.634093750899112.
[I 2026-05-15 16:30:33,993] Trial 226 finished with value: 0.6120200081095569 and parameters: {'n_estimators': 376, 'learning_rate': 0.05400930490489831, 'subsample': 0.6324184863630592, 'colsample_bytree': 0.6880732807799246, 'min_child_weight': 7}. Best is trial 207 with value: 0.634093750899112.
[I 2026-05-15 16:30:34,529] Trial 227 finished with value: 0.6308269696570165 and parameters: {'n_estimators': 84, 'learning_rate': 0.18085720917034953, 'subsample': 0.7980586108055897, 'colsample_bytree': 0.7922346309306592, 'min_child_weight': 6}. Best is trial 207 with value: 0.634093750899112.
[I 2026-05-15 16:30:35,228] Trial 228 finished with value: 0.6323535733368846 and parameters: {'n_estimators': 421, 'learning_rate': 0.03264046773889467, 'subsample': 0.8712064610236254, 'colsample_bytree': 0.8262927855983164, 'min_child_weight': 3}. Best is trial 207 with value: 0.634093750899112.
[I 2026-05-15 16:30:35,908] Trial 229 finished with value: 0.5789325908467584 and parameters: {'n_estimators': 446, 'learning_rate': 0.1506242597564433, 'subsample': 0.8633807338633701, 'colsample_bytree': 0.9402326916376967, 'min_child_weight': 9}. Best is trial 207 with value: 0.634093750899112.
[I 2026-05-15 16:30:36,650] Trial 230 finished with value: 0.5906214674244425 and parameters: {'n_estimators': 369, 'learning_rate': 0.17233368627246023, 'subsample': 0.8789885846677135, 'colsample_bytree': 0.8720563087041202, 'min_child_weight': 7}. Best is trial 207 with value: 0.634093750899112.
[I 2026-05-15 16:30:37,434] Trial 231 finished with value: 0.61895629772012 and parameters: {'n_estimators': 389, 'learning_rate': 0.01715058633804989, 'subsample': 0.9523483036795714, 'colsample_bytree': 0.9487374110980928, 'min_child_weight': 1}. Best is trial 207 with value: 0.634093750899112.
[I 2026-05-15 16:30:38,244] Trial 232 finished with value: 0.6199488321351894 and parameters: {'n_estimators': 422, 'learning_rate': 0.015500882360981386, 'subsample': 0.7340475417036567, 'colsample_bytree': 0.897403302516643, 'min_child_weight': 2}. Best is trial 207 with value: 0.634093750899112.
[I 2026-05-15 16:30:39,055] Trial 233 finished with value: 0.6077233318332379 and parameters: {'n_estimators': 418, 'learning_rate': 0.16949741572693364, 'subsample': 0.8029870935043345, 'colsample_bytree': 0.6025543486867334, 'min_child_weight': 3}. Best is trial 207 with value: 0.634093750899112.
[I 2026-05-15 16:30:39,780] Trial 234 finished with value: 0.5794822843370776 and parameters: {'n_estimators': 328, 'learning_rate': 0.2814044483905247, 'subsample': 0.8527254108066673, 'colsample_bytree': 0.703921432425664, 'min_child_weight': 7}. Best is trial 207 with value: 0.634093750899112.
[I 2026-05-15 16:30:40,468] Trial 235 finished with value: 0.607087411680219 and parameters: {'n_estimators': 293, 'learning_rate': 0.14188164286328378, 'subsample': 0.6427922555307833, 'colsample_bytree': 0.9044111610008112, 'min_child_weight': 6}. Best is trial 207 with value: 0.634093750899112.
[I 2026-05-15 16:30:41,322] Trial 236 finished with value: 0.6244799331311607 and parameters: {'n_estimators': 484, 'learning_rate': 0.031987967260885763, 'subsample': 0.8530487572535792, 'colsample_bytree': 0.9728112422040069, 'min_child_weight': 2}. Best is trial 207 with value: 0.634093750899112.
[I 2026-05-15 16:30:42,125] Trial 237 finished with value: 0.6078240629799397 and parameters: {'n_estimators': 472, 'learning_rate': 0.10377449322923026, 'subsample': 0.6271348236420687, 'colsample_bytree': 0.7203854267787265, 'min_child_weight': 8}. Best is trial 207 with value: 0.634093750899112.
[I 2026-05-15 16:30:42,562] Trial 238 finished with value: 0.6087224541762914 and parameters: {'n_estimators': 80, 'learning_rate': 0.07243298125258663, 'subsample': 0.7383532227811826, 'colsample_bytree': 0.8483662071069908, 'min_child_weight': 1}. Best is trial 207 with value: 0.634093750899112.
[I 2026-05-15 16:30:43,343] Trial 239 finished with value: 0.5862905809105673 and parameters: {'n_estimators': 443, 'learning_rate': 0.2741329550308027, 'subsample': 0.9875511421142766, 'colsample_bytree': 0.8998607326971699, 'min_child_weight': 2}. Best is trial 207 with value: 0.634093750899112.
[I 2026-05-15 16:30:44,005] Trial 240 finished with value: 0.6258295470520787 and parameters: {'n_estimators': 391, 'learning_rate': 0.010872210614728706, 'subsample': 0.6088494206115989, 'colsample_bytree': 0.7294440876598165, 'min_child_weight': 5}. Best is trial 207 with value: 0.634093750899112.
[I 2026-05-15 16:30:44,786] Trial 241 finished with value: 0.600098989424587 and parameters: {'n_estimators': 397, 'learning_rate': 0.10216687836661903, 'subsample': 0.7783610825506994, 'colsample_bytree': 0.7094506665126663, 'min_child_weight': 10}. Best is trial 207 with value: 0.634093750899112.
[I 2026-05-15 16:30:45,491] Trial 242 finished with value: 0.6134499059117299 and parameters: {'n_estimators': 242, 'learning_rate': 0.04642515557144032, 'subsample': 0.6654495284766676, 'colsample_bytree': 0.9179238194999717, 'min_child_weight': 7}. Best is trial 207 with value: 0.634093750899112.
[I 2026-05-15 16:30:45,958] Trial 243 finished with value: 0.6268882094258785 and parameters: {'n_estimators': 149, 'learning_rate': 0.013233867846615706, 'subsample': 0.8721997208298853, 'colsample_bytree': 0.861804485712454, 'min_child_weight': 3}. Best is trial 207 with value: 0.634093750899112.
[I 2026-05-15 16:30:46,674] Trial 244 finished with value: 0.6217535617591781 and parameters: {'n_estimators': 478, 'learning_rate': 0.016715940732072453, 'subsample': 0.7729339204170408, 'colsample_bytree': 0.9774463680670396, 'min_child_weight': 5}. Best is trial 207 with value: 0.634093750899112.
[I 2026-05-15 16:30:47,286] Trial 245 finished with value: 0.6223049008811538 and parameters: {'n_estimators': 337, 'learning_rate': 0.03866296319102493, 'subsample': 0.7096860809394681, 'colsample_bytree': 0.9935910591839313, 'min_child_weight': 5}. Best is trial 207 with value: 0.634093750899112.
[I 2026-05-15 16:30:48,126] Trial 246 finished with value: 0.6221686023518742 and parameters: {'n_estimators': 453, 'learning_rate': 0.02186104086033942, 'subsample': 0.6852418816100333, 'colsample_bytree': 0.6124536331538045, 'min_child_weight': 7}. Best is trial 207 with value: 0.634093750899112.
[I 2026-05-15 16:30:48,747] Trial 247 finished with value: 0.6246841284656639 and parameters: {'n_estimators': 216, 'learning_rate': 0.18913066193087913, 'subsample': 0.7892839626766228, 'colsample_bytree': 0.9872773711658887, 'min_child_weight': 2}. Best is trial 207 with value: 0.634093750899112.
[I 2026-05-15 16:30:49,447] Trial 248 finished with value: 0.5903173666895274 and parameters: {'n_estimators': 441, 'learning_rate': 0.14032263056055083, 'subsample': 0.9083687378576208, 'colsample_bytree': 0.937913291246755, 'min_child_weight': 8}. Best is trial 207 with value: 0.634093750899112.
[I 2026-05-15 16:30:50,185] Trial 249 finished with value: 0.6153994535839409 and parameters: {'n_estimators': 332, 'learning_rate': 0.015626603702629693, 'subsample': 0.6130104717965007, 'colsample_bytree': 0.9683391391262748, 'min_child_weight': 7}. Best is trial 207 with value: 0.634093750899112.
[I 2026-05-15 16:30:51,014] Trial 250 finished with value: 0.6149646747374339 and parameters: {'n_estimators': 409, 'learning_rate': 0.05143596593714486, 'subsample': 0.6469232755849578, 'colsample_bytree': 0.6500743168810201, 'min_child_weight': 7}. Best is trial 207 with value: 0.634093750899112.
[I 2026-05-15 16:30:51,748] Trial 251 finished with value: 0.6199245021660947 and parameters: {'n_estimators': 244, 'learning_rate': 0.019778772535024504, 'subsample': 0.7966378186965748, 'colsample_bytree': 0.6256835748300537, 'min_child_weight': 6}. Best is trial 207 with value: 0.634093750899112.
[I 2026-05-15 16:30:52,386] Trial 252 finished with value: 0.6232382304424622 and parameters: {'n_estimators': 171, 'learning_rate': 0.15069245195299658, 'subsample': 0.7241447835694295, 'colsample_bytree': 0.7820880596327204, 'min_child_weight': 1}. Best is trial 207 with value: 0.634093750899112.
[I 2026-05-15 16:30:52,957] Trial 253 finished with value: 0.6278658748552706 and parameters: {'n_estimators': 82, 'learning_rate': 0.03799798565961001, 'subsample': 0.7919755338868494, 'colsample_bytree': 0.8400082192477215, 'min_child_weight': 3}. Best is trial 207 with value: 0.634093750899112.
[I 2026-05-15 16:30:53,751] Trial 254 finished with value: 0.6027259455594692 and parameters: {'n_estimators': 363, 'learning_rate': 0.18642539611497197, 'subsample': 0.91194039555734, 'colsample_bytree': 0.6158475301393428, 'min_child_weight': 5}. Best is trial 207 with value: 0.634093750899112.
[I 2026-05-15 16:30:54,200] Trial 255 finished with value: 0.6189753013877132 and parameters: {'n_estimators': 97, 'learning_rate': 0.02277874734335831, 'subsample': 0.9946650373068586, 'colsample_bytree': 0.6569982171606052, 'min_child_weight': 5}. Best is trial 207 with value: 0.634093750899112.
[I 2026-05-15 16:30:54,982] Trial 256 finished with value: 0.6153389471980455 and parameters: {'n_estimators': 328, 'learning_rate': 0.1090500674878377, 'subsample': 0.8238594733947656, 'colsample_bytree': 0.6039083389676735, 'min_child_weight': 4}. Best is trial 207 with value: 0.634093750899112.
[I 2026-05-15 16:30:55,719] Trial 257 finished with value: 0.620346623450024 and parameters: {'n_estimators': 283, 'learning_rate': 0.013483091242052886, 'subsample': 0.7402507724836723, 'colsample_bytree': 0.6132812435165466, 'min_child_weight': 1}. Best is trial 207 with value: 0.634093750899112.
[I 2026-05-15 16:30:56,381] Trial 258 finished with value: 0.6191990552686084 and parameters: {'n_estimators': 229, 'learning_rate': 0.015704975424207217, 'subsample': 0.8270163393046233, 'colsample_bytree': 0.8757859876549063, 'min_child_weight': 9}. Best is trial 207 with value: 0.634093750899112.
[I 2026-05-15 16:30:56,859] Trial 259 finished with value: 0.6216773840294156 and parameters: {'n_estimators': 140, 'learning_rate': 0.01767632923587304, 'subsample': 0.6418271361337601, 'colsample_bytree': 0.8545720998174546, 'min_child_weight': 8}. Best is trial 207 with value: 0.634093750899112.
[I 2026-05-15 16:30:57,247] Trial 260 finished with value: 0.6182932531029272 and parameters: {'n_estimators': 64, 'learning_rate': 0.2414899201224445, 'subsample': 0.6207885134605889, 'colsample_bytree': 0.8165185341204282, 'min_child_weight': 8}. Best is trial 207 with value: 0.634093750899112.
[I 2026-05-15 16:30:57,941] Trial 261 finished with value: 0.6012244059058331 and parameters: {'n_estimators': 442, 'learning_rate': 0.11344699198303249, 'subsample': 0.9206912332279167, 'colsample_bytree': 0.7357800770171224, 'min_child_weight': 9}. Best is trial 207 with value: 0.634093750899112.
[I 2026-05-15 16:30:58,386] Trial 262 finished with value: 0.6129191299217183 and parameters: {'n_estimators': 86, 'learning_rate': 0.20977450344190512, 'subsample': 0.8190369504614945, 'colsample_bytree': 0.9269191079849974, 'min_child_weight': 5}. Best is trial 207 with value: 0.634093750899112.
[I 2026-05-15 16:30:59,155] Trial 263 finished with value: 0.6357920670164438 and parameters: {'n_estimators': 340, 'learning_rate': 0.05991844844327821, 'subsample': 0.8926358087021327, 'colsample_bytree': 0.6326519928122358, 'min_child_weight': 1}. Best is trial 263 with value: 0.6357920670164438.
[I 2026-05-15 16:30:59,644] Trial 264 finished with value: 0.6186122415907161 and parameters: {'n_estimators': 161, 'learning_rate': 0.017205481781219126, 'subsample': 0.9487134266368806, 'colsample_bytree': 0.6876855949432177, 'min_child_weight': 10}. Best is trial 263 with value: 0.6357920670164438.
[I 2026-05-15 16:31:00,264] Trial 265 finished with value: 0.6201037087817265 and parameters: {'n_estimators': 201, 'learning_rate': 0.018578482774605925, 'subsample': 0.9158794028569917, 'colsample_bytree': 0.8634831102003504, 'min_child_weight': 5}. Best is trial 263 with value: 0.6357920670164438.
[I 2026-05-15 16:31:00,985] Trial 266 finished with value: 0.5993227387453355 and parameters: {'n_estimators': 300, 'learning_rate': 0.115437850951425, 'subsample': 0.6913818965325195, 'colsample_bytree': 0.9985335664226968, 'min_child_weight': 10}. Best is trial 263 with value: 0.6357920670164438.
[I 2026-05-15 16:31:01,752] Trial 267 finished with value: 0.6193434385963208 and parameters: {'n_estimators': 343, 'learning_rate': 0.019712803620877697, 'subsample': 0.8720912969725165, 'colsample_bytree': 0.6288793635916703, 'min_child_weight': 1}. Best is trial 263 with value: 0.6357920670164438.
[I 2026-05-15 16:31:02,348] Trial 268 finished with value: 0.6138328404168931 and parameters: {'n_estimators': 166, 'learning_rate': 0.04823365829123508, 'subsample': 0.9473090021633522, 'colsample_bytree': 0.8908676279065232, 'min_child_weight': 8}. Best is trial 263 with value: 0.6357920670164438.
[I 2026-05-15 16:31:03,010] Trial 269 finished with value: 0.6213428390986315 and parameters: {'n_estimators': 241, 'learning_rate': 0.032433060354345296, 'subsample': 0.748415505193841, 'colsample_bytree': 0.9950598254944232, 'min_child_weight': 1}. Best is trial 263 with value: 0.6357920670164438.
[I 2026-05-15 16:31:03,853] Trial 270 finished with value: 0.6071773686052215 and parameters: {'n_estimators': 441, 'learning_rate': 0.07157704181182635, 'subsample': 0.7754461676758362, 'colsample_bytree': 0.8901030641660546, 'min_child_weight': 5}. Best is trial 263 with value: 0.6357920670164438.
[I 2026-05-15 16:31:04,704] Trial 271 finished with value: 0.5888665551264951 and parameters: {'n_estimators': 443, 'learning_rate': 0.2140158150785351, 'subsample': 0.7686883707493821, 'colsample_bytree': 0.7107311188940206, 'min_child_weight': 6}. Best is trial 263 with value: 0.6357920670164438.
[I 2026-05-15 16:31:05,570] Trial 272 finished with value: 0.6138335553689361 and parameters: {'n_estimators': 461, 'learning_rate': 0.02047262808645631, 'subsample': 0.8491866334253931, 'colsample_bytree': 0.8526240880370082, 'min_child_weight': 8}. Best is trial 263 with value: 0.6357920670164438.
[I 2026-05-15 16:31:06,103] Trial 273 finished with value: 0.6277830709124592 and parameters: {'n_estimators': 109, 'learning_rate': 0.11411960768508612, 'subsample': 0.9636130082662564, 'colsample_bytree': 0.6718732435480967, 'min_child_weight': 3}. Best is trial 263 with value: 0.6357920670164438.
[I 2026-05-15 16:31:07,161] Trial 274 finished with value: 0.622037363377447 and parameters: {'n_estimators': 488, 'learning_rate': 0.018506526075021, 'subsample': 0.9417540373478317, 'colsample_bytree': 0.7969111425792139, 'min_child_weight': 3}. Best is trial 263 with value: 0.6357920670164438.
[I 2026-05-15 16:31:08,003] Trial 275 finished with value: 0.6202991026319233 and parameters: {'n_estimators': 442, 'learning_rate': 0.04547470150059332, 'subsample': 0.805926941571876, 'colsample_bytree': 0.7436933477599063, 'min_child_weight': 6}. Best is trial 263 with value: 0.6357920670164438.
[I 2026-05-15 16:31:08,608] Trial 276 finished with value: 0.6182947784798375 and parameters: {'n_estimators': 123, 'learning_rate': 0.03781593563644722, 'subsample': 0.987764928934115, 'colsample_bytree': 0.703253373080451, 'min_child_weight': 7}. Best is trial 263 with value: 0.6357920670164438.
[I 2026-05-15 16:31:09,243] Trial 277 finished with value: 0.6009584198661005 and parameters: {'n_estimators': 196, 'learning_rate': 0.1388396767630528, 'subsample': 0.6523494642873399, 'colsample_bytree': 0.9879284180314178, 'min_child_weight': 5}. Best is trial 263 with value: 0.6357920670164438.
[I 2026-05-15 16:31:09,729] Trial 278 finished with value: 0.6250903875321965 and parameters: {'n_estimators': 156, 'learning_rate': 0.012839958132831194, 'subsample': 0.6679031620350163, 'colsample_bytree': 0.807909579422407, 'min_child_weight': 4}. Best is trial 263 with value: 0.6357920670164438.
[I 2026-05-15 16:31:10,542] Trial 279 finished with value: 0.6074906734117207 and parameters: {'n_estimators': 423, 'learning_rate': 0.0432985267536062, 'subsample': 0.6994857090350519, 'colsample_bytree': 0.846857994641612, 'min_child_weight': 8}. Best is trial 263 with value: 0.6357920670164438.
[I 2026-05-15 16:31:11,022] Trial 280 finished with value: 0.623937012000441 and parameters: {'n_estimators': 125, 'learning_rate': 0.017684545676288067, 'subsample': 0.6146685707734172, 'colsample_bytree': 0.8945608060262562, 'min_child_weight': 7}. Best is trial 263 with value: 0.6357920670164438.
[I 2026-05-15 16:31:11,717] Trial 281 finished with value: 0.6084404917757518 and parameters: {'n_estimators': 264, 'learning_rate': 0.17658024407455558, 'subsample': 0.9222680611800212, 'colsample_bytree': 0.8341417457587008, 'min_child_weight': 9}. Best is trial 263 with value: 0.6357920670164438.
[I 2026-05-15 16:31:12,240] Trial 282 finished with value: 0.622508194192311 and parameters: {'n_estimators': 142, 'learning_rate': 0.014632510641679492, 'subsample': 0.7078998446067959, 'colsample_bytree': 0.6228347424357259, 'min_child_weight': 6}. Best is trial 263 with value: 0.6357920670164438.
[I 2026-05-15 16:31:12,997] Trial 283 finished with value: 0.6219026834612887 and parameters: {'n_estimators': 472, 'learning_rate': 0.011431814801654361, 'subsample': 0.6488439656040107, 'colsample_bytree': 0.7808796113133741, 'min_child_weight': 10}. Best is trial 263 with value: 0.6357920670164438.
[I 2026-05-15 16:31:13,583] Trial 284 finished with value: 0.6136153419554333 and parameters: {'n_estimators': 192, 'learning_rate': 0.05613675661974366, 'subsample': 0.6166291436201569, 'colsample_bytree': 0.6593372803848355, 'min_child_weight': 10}. Best is trial 263 with value: 0.6357920670164438.
[I 2026-05-15 16:31:14,433] Trial 285 finished with value: 0.6128384669103873 and parameters: {'n_estimators': 485, 'learning_rate': 0.010169437951699022, 'subsample': 0.9807247141692956, 'colsample_bytree': 0.8556479751262, 'min_child_weight': 9}. Best is trial 263 with value: 0.6357920670164438.
[I 2026-05-15 16:31:14,958] Trial 286 finished with value: 0.635434586678038 and parameters: {'n_estimators': 255, 'learning_rate': 0.05775609906804066, 'subsample': 0.7955386321027681, 'colsample_bytree': 0.8667457030184418, 'min_child_weight': 2}. Best is trial 263 with value: 0.6357920670164438.
[I 2026-05-15 16:31:15,364] Trial 287 finished with value: 0.6214350427464168 and parameters: {'n_estimators': 63, 'learning_rate': 0.028500328230541317, 'subsample': 0.8818723050946586, 'colsample_bytree': 0.6807413808491793, 'min_child_weight': 7}. Best is trial 263 with value: 0.6357920670164438.
[I 2026-05-15 16:31:16,224] Trial 288 finished with value: 0.6181459096667024 and parameters: {'n_estimators': 487, 'learning_rate': 0.013762671476649342, 'subsample': 0.8690408472900505, 'colsample_bytree': 0.7775000877218284, 'min_child_weight': 9}. Best is trial 263 with value: 0.6357920670164438.
[I 2026-05-15 16:31:16,828] Trial 289 finished with value: 0.6095541849427326 and parameters: {'n_estimators': 129, 'learning_rate': 0.10546115311381248, 'subsample': 0.9352461158592441, 'colsample_bytree': 0.9778456877896093, 'min_child_weight': 7}. Best is trial 263 with value: 0.6357920670164438.
