[I 2026-05-15 16:31:17,591] Trial 290 finished with value: 0.6295115468368029 and parameters: {'n_estimators': 274, 'learning_rate': 0.08177777509881522, 'subsample': 0.9475619937914873, 'colsample_bytree': 0.8282438986555318, 'min_child_weight': 1}. Best is trial 263 with value: 0.6357920670164438.
[I 2026-05-15 16:31:18,439] Trial 291 finished with value: 0.608064051924767 and parameters: {'n_estimators': 469, 'learning_rate': 0.1043553261250046, 'subsample': 0.8706053543108986, 'colsample_bytree': 0.6862700609590868, 'min_child_weight': 7}. Best is trial 263 with value: 0.6357920670164438.
[I 2026-05-15 16:31:19,070] Trial 292 finished with value: 0.6096785473695113 and parameters: {'n_estimators': 227, 'learning_rate': 0.09161151646334173, 'subsample': 0.6426372121231962, 'colsample_bytree': 0.8631381218412144, 'min_child_weight': 10}. Best is trial 263 with value: 0.6357920670164438.
[I 2026-05-15 16:31:19,605] Trial 293 finished with value: 0.5954220227741988 and parameters: {'n_estimators': 71, 'learning_rate': 0.2775906009459129, 'subsample': 0.7627631842891482, 'colsample_bytree': 0.9483013801349036, 'min_child_weight': 8}. Best is trial 263 with value: 0.6357920670164438.
[I 2026-05-15 16:31:20,376] Trial 294 finished with value: 0.6140871797286195 and parameters: {'n_estimators': 305, 'learning_rate': 0.12324775650896964, 'subsample': 0.9514062245205391, 'colsample_bytree': 0.7616561286604132, 'min_child_weight': 4}. Best is trial 263 with value: 0.6357920670164438.
[I 2026-05-15 16:31:21,355] Trial 295 finished with value: 0.5992167217175117 and parameters: {'n_estimators': 351, 'learning_rate': 0.15605813459825824, 'subsample': 0.9049140539106463, 'colsample_bytree': 0.9191254595434538, 'min_child_weight': 5}. Best is trial 263 with value: 0.6357920670164438.
[I 2026-05-15 16:31:22,250] Trial 296 finished with value: 0.6198487959710177 and parameters: {'n_estimators': 418, 'learning_rate': 0.01505093051273995, 'subsample': 0.8177956391843398, 'colsample_bytree': 0.6023034641992486, 'min_child_weight': 4}. Best is trial 263 with value: 0.6357920670164438.
[I 2026-05-15 16:31:22,889] Trial 297 finished with value: 0.6205330732428315 and parameters: {'n_estimators': 215, 'learning_rate': 0.03847645956359465, 'subsample': 0.8781868826759449, 'colsample_bytree': 0.7554232405081382, 'min_child_weight': 5}. Best is trial 263 with value: 0.6357920670164438.
[I 2026-05-15 16:31:23,353] Trial 298 finished with value: 0.6171220753730685 and parameters: {'n_estimators': 157, 'learning_rate': 0.03559083316675368, 'subsample': 0.6909078509052606, 'colsample_bytree': 0.6292783695073775, 'min_child_weight': 7}. Best is trial 263 with value: 0.6357920670164438.
[I 2026-05-15 16:31:24,057] Trial 299 finished with value: 0.6167133396186599 and parameters: {'n_estimators': 351, 'learning_rate': 0.08223607182620725, 'subsample': 0.785397617520229, 'colsample_bytree': 0.7519143120716919, 'min_child_weight': 9}. Best is trial 263 with value: 0.6357920670164438.
[I 2026-05-15 16:31:24,632] Trial 300 finished with value: 0.6214228757063432 and parameters: {'n_estimators': 284, 'learning_rate': 0.05102813975834138, 'subsample': 0.6102568263225743, 'colsample_bytree': 0.7364991310504625, 'min_child_weight': 4}. Best is trial 263 with value: 0.6357920670164438.
[I 2026-05-15 16:31:25,266] Trial 301 finished with value: 0.6196914845034532 and parameters: {'n_estimators': 229, 'learning_rate': 0.07194240268183227, 'subsample': 0.8134410186907514, 'colsample_bytree': 0.8431620371173778, 'min_child_weight': 8}. Best is trial 263 with value: 0.6357920670164438.
[I 2026-05-15 16:31:26,005] Trial 302 finished with value: 0.6270440341451445 and parameters: {'n_estimators': 416, 'learning_rate': 0.11501509947959764, 'subsample': 0.9822094783819739, 'colsample_bytree': 0.6072930330705446, 'min_child_weight': 2}. Best is trial 263 with value: 0.6357920670164438.
[I 2026-05-15 16:31:26,499] Trial 303 finished with value: 0.6113780857849023 and parameters: {'n_estimators': 53, 'learning_rate': 0.09044793628268057, 'subsample': 0.9592122195799948, 'colsample_bytree': 0.6973929186305197, 'min_child_weight': 10}. Best is trial 263 with value: 0.6357920670164438.
[I 2026-05-15 16:31:27,000] Trial 304 finished with value: 0.5992858569708284 and parameters: {'n_estimators': 77, 'learning_rate': 0.2400354115771027, 'subsample': 0.7406490748958537, 'colsample_bytree': 0.6405683313796866, 'min_child_weight': 5}. Best is trial 263 with value: 0.6357920670164438.
[I 2026-05-15 16:31:27,594] Trial 305 finished with value: 0.6172429955802412 and parameters: {'n_estimators': 165, 'learning_rate': 0.0263506794768714, 'subsample': 0.7229159859705147, 'colsample_bytree': 0.9212103591330654, 'min_child_weight': 6}. Best is trial 263 with value: 0.6357920670164438.
[I 2026-05-15 16:31:28,097] Trial 306 finished with value: 0.6183329469649298 and parameters: {'n_estimators': 190, 'learning_rate': 0.0797144407910146, 'subsample': 0.8864602696892774, 'colsample_bytree': 0.7090496002934135, 'min_child_weight': 5}. Best is trial 263 with value: 0.6357920670164438.
[I 2026-05-15 16:31:28,547] Trial 307 finished with value: 0.6244290569493611 and parameters: {'n_estimators': 104, 'learning_rate': 0.018517380662798396, 'subsample': 0.8724471415859931, 'colsample_bytree': 0.6725753390782507, 'min_child_weight': 6}. Best is trial 263 with value: 0.6357920670164438.
[I 2026-05-15 16:31:29,283] Trial 308 finished with value: 0.6185123076631948 and parameters: {'n_estimators': 369, 'learning_rate': 0.014383685371489131, 'subsample': 0.8269248878515614, 'colsample_bytree': 0.7026251134805455, 'min_child_weight': 10}. Best is trial 263 with value: 0.6357920670164438.
[I 2026-05-15 16:31:29,955] Trial 309 finished with value: 0.6213170433297779 and parameters: {'n_estimators': 268, 'learning_rate': 0.15507747688843285, 'subsample': 0.8200906168625047, 'colsample_bytree': 0.6173650131419276, 'min_child_weight': 7}. Best is trial 263 with value: 0.6357920670164438.
[I 2026-05-15 16:31:30,828] Trial 310 finished with value: 0.6255949642699911 and parameters: {'n_estimators': 479, 'learning_rate': 0.07738443331853193, 'subsample': 0.927675543770716, 'colsample_bytree': 0.9536825853393631, 'min_child_weight': 3}. Best is trial 263 with value: 0.6357920670164438.
[I 2026-05-15 16:31:31,407] Trial 311 finished with value: 0.6149464839892245 and parameters: {'n_estimators': 145, 'learning_rate': 0.0798901073742648, 'subsample': 0.7644113879226819, 'colsample_bytree': 0.9359445211466881, 'min_child_weight': 10}. Best is trial 263 with value: 0.6357920670164438.
[I 2026-05-15 16:31:31,934] Trial 312 finished with value: 0.6163513248507413 and parameters: {'n_estimators': 209, 'learning_rate': 0.022381363321172874, 'subsample': 0.9122102060975448, 'colsample_bytree': 0.7099224142192544, 'min_child_weight': 9}. Best is trial 263 with value: 0.6357920670164438.
[I 2026-05-15 16:31:32,479] Trial 313 finished with value: 0.6091876611926369 and parameters: {'n_estimators': 241, 'learning_rate': 0.09683941223364781, 'subsample': 0.6382141255338672, 'colsample_bytree': 0.8495437298706292, 'min_child_weight': 5}. Best is trial 263 with value: 0.6357920670164438.
[I 2026-05-15 16:31:33,186] Trial 314 finished with value: 0.6186711294586815 and parameters: {'n_estimators': 314, 'learning_rate': 0.01770831983748908, 'subsample': 0.8947494979776729, 'colsample_bytree': 0.9451188310172914, 'min_child_weight': 3}. Best is trial 263 with value: 0.6357920670164438.
[I 2026-05-15 16:31:33,724] Trial 315 finished with value: 0.6249920237571887 and parameters: {'n_estimators': 93, 'learning_rate': 0.01083719924029523, 'subsample': 0.8567886001773064, 'colsample_bytree': 0.8428376144355123, 'min_child_weight': 6}. Best is trial 263 with value: 0.6357920670164438.
[I 2026-05-15 16:31:34,299] Trial 316 finished with value: 0.6136726595144874 and parameters: {'n_estimators': 154, 'learning_rate': 0.03779336441896264, 'subsample': 0.8377905340744692, 'colsample_bytree': 0.7987067435436678, 'min_child_weight': 10}. Best is trial 263 with value: 0.6357920670164438.
[I 2026-05-15 16:31:34,834] Trial 317 finished with value: 0.6118249858047591 and parameters: {'n_estimators': 111, 'learning_rate': 0.10636844146050517, 'subsample': 0.7617275072417169, 'colsample_bytree': 0.7712798459702459, 'min_child_weight': 8}. Best is trial 263 with value: 0.6357920670164438.
[I 2026-05-15 16:31:35,586] Trial 318 finished with value: 0.5705777342070993 and parameters: {'n_estimators': 362, 'learning_rate': 0.29120933806254257, 'subsample': 0.65135771578165, 'colsample_bytree': 0.6416438597536666, 'min_child_weight': 8}. Best is trial 263 with value: 0.6357920670164438.
[I 2026-05-15 16:31:36,325] Trial 319 finished with value: 0.618584488733031 and parameters: {'n_estimators': 310, 'learning_rate': 0.02540788691400217, 'subsample': 0.6317677475955946, 'colsample_bytree': 0.6342632998385722, 'min_child_weight': 9}. Best is trial 263 with value: 0.6357920670164438.
[I 2026-05-15 16:31:36,840] Trial 320 finished with value: 0.6172042827551456 and parameters: {'n_estimators': 136, 'learning_rate': 0.030037169658485924, 'subsample': 0.6906625608907953, 'colsample_bytree': 0.741998522332775, 'min_child_weight': 1}. Best is trial 263 with value: 0.6357920670164438.
[I 2026-05-15 16:31:37,422] Trial 321 finished with value: 0.6192641819567564 and parameters: {'n_estimators': 284, 'learning_rate': 0.012585542911797537, 'subsample': 0.9201426031289446, 'colsample_bytree': 0.6934848327641732, 'min_child_weight': 6}. Best is trial 263 with value: 0.6357920670164438.
[I 2026-05-15 16:31:38,309] Trial 322 finished with value: 0.6154800508583039 and parameters: {'n_estimators': 446, 'learning_rate': 0.09150077995838635, 'subsample': 0.8131831146205342, 'colsample_bytree': 0.7297335012461502, 'min_child_weight': 4}. Best is trial 263 with value: 0.6357920670164438.
[I 2026-05-15 16:31:39,113] Trial 323 finished with value: 0.587941572355878 and parameters: {'n_estimators': 351, 'learning_rate': 0.29407924898517374, 'subsample': 0.8647356759397514, 'colsample_bytree': 0.82311336694801, 'min_child_weight': 8}. Best is trial 263 with value: 0.6357920670164438.
[I 2026-05-15 16:31:39,806] Trial 324 finished with value: 0.6224075273233723 and parameters: {'n_estimators': 259, 'learning_rate': 0.01226980138039418, 'subsample': 0.8249187263511639, 'colsample_bytree': 0.9830501138021521, 'min_child_weight': 2}. Best is trial 263 with value: 0.6357920670164438.
[I 2026-05-15 16:31:40,525] Trial 325 finished with value: 0.6229587472687539 and parameters: {'n_estimators': 361, 'learning_rate': 0.019806303165826888, 'subsample': 0.8143310737892325, 'colsample_bytree': 0.6386705798586878, 'min_child_weight': 5}. Best is trial 263 with value: 0.6357920670164438.
[I 2026-05-15 16:31:41,214] Trial 326 finished with value: 0.6110565414842561 and parameters: {'n_estimators': 391, 'learning_rate': 0.03261409155209172, 'subsample': 0.8659646897948872, 'colsample_bytree': 0.9181799843158917, 'min_child_weight': 10}. Best is trial 263 with value: 0.6357920670164438.
[I 2026-05-15 16:31:41,826] Trial 327 finished with value: 0.6212234877010108 and parameters: {'n_estimators': 155, 'learning_rate': 0.03889000747205442, 'subsample': 0.660966405332167, 'colsample_bytree': 0.9969934008633501, 'min_child_weight': 10}. Best is trial 263 with value: 0.6357920670164438.
[I 2026-05-15 16:31:42,549] Trial 328 finished with value: 0.6038135629239001 and parameters: {'n_estimators': 293, 'learning_rate': 0.1753013563315513, 'subsample': 0.8083831909088168, 'colsample_bytree': 0.8494342752011039, 'min_child_weight': 1}. Best is trial 263 with value: 0.6357920670164438.
[I 2026-05-15 16:31:43,367] Trial 329 finished with value: 0.6155261005063808 and parameters: {'n_estimators': 390, 'learning_rate': 0.015440035736547127, 'subsample': 0.9304270521010114, 'colsample_bytree': 0.9128112350681543, 'min_child_weight': 8}. Best is trial 263 with value: 0.6357920670164438.
[I 2026-05-15 16:31:43,801] Trial 330 finished with value: 0.6234584377673336 and parameters: {'n_estimators': 66, 'learning_rate': 0.028038665366359614, 'subsample': 0.7052450279643372, 'colsample_bytree': 0.7440545629886076, 'min_child_weight': 1}. Best is trial 263 with value: 0.6357920670164438.
[I 2026-05-15 16:31:44,635] Trial 331 finished with value: 0.6186604080738831 and parameters: {'n_estimators': 472, 'learning_rate': 0.06577079034641956, 'subsample': 0.7222097242632094, 'colsample_bytree': 0.7587926068297134, 'min_child_weight': 5}. Best is trial 263 with value: 0.6357920670164438.
[I 2026-05-15 16:31:45,334] Trial 332 finished with value: 0.6222346103803209 and parameters: {'n_estimators': 320, 'learning_rate': 0.057772484305485476, 'subsample': 0.9677567892857669, 'colsample_bytree': 0.7987853931623321, 'min_child_weight': 10}. Best is trial 263 with value: 0.6357920670164438.
[I 2026-05-15 16:31:46,118] Trial 333 finished with value: 0.6147854079059647 and parameters: {'n_estimators': 433, 'learning_rate': 0.020323350754982393, 'subsample': 0.9722380858575665, 'colsample_bytree': 0.6465465591541905, 'min_child_weight': 9}. Best is trial 263 with value: 0.6357920670164438.
[I 2026-05-15 16:31:46,744] Trial 334 finished with value: 0.6142799409777496 and parameters: {'n_estimators': 221, 'learning_rate': 0.19809546339433803, 'subsample': 0.9472226760429802, 'colsample_bytree': 0.9223701600470484, 'min_child_weight': 8}. Best is trial 263 with value: 0.6357920670164438.
[I 2026-05-15 16:31:47,333] Trial 335 finished with value: 0.6230240835147768 and parameters: {'n_estimators': 187, 'learning_rate': 0.013168235744853684, 'subsample': 0.7611920715060646, 'colsample_bytree': 0.6694098059946034, 'min_child_weight': 7}. Best is trial 263 with value: 0.6357920670164438.
[I 2026-05-15 16:31:47,969] Trial 336 finished with value: 0.6085962794652853 and parameters: {'n_estimators': 206, 'learning_rate': 0.2761179014535634, 'subsample': 0.8563888309381328, 'colsample_bytree': 0.9289922254537444, 'min_child_weight': 2}. Best is trial 263 with value: 0.6357920670164438.
[I 2026-05-15 16:31:48,780] Trial 337 finished with value: 0.5724357570524633 and parameters: {'n_estimators': 438, 'learning_rate': 0.23068760438332875, 'subsample': 0.7948247675275744, 'colsample_bytree': 0.842501175100391, 'min_child_weight': 8}. Best is trial 263 with value: 0.6357920670164438.
[I 2026-05-15 16:31:49,340] Trial 338 finished with value: 0.6133496359120534 and parameters: {'n_estimators': 128, 'learning_rate': 0.055252385524164935, 'subsample': 0.7594652111089253, 'colsample_bytree': 0.6585495968648997, 'min_child_weight': 4}. Best is trial 263 with value: 0.6357920670164438.
[I 2026-05-15 16:31:49,849] Trial 339 finished with value: 0.6281644943538561 and parameters: {'n_estimators': 80, 'learning_rate': 0.01091760346507846, 'subsample': 0.6540665156619291, 'colsample_bytree': 0.9852460446356696, 'min_child_weight': 6}. Best is trial 263 with value: 0.6357920670164438.
[I 2026-05-15 16:31:50,565] Trial 340 finished with value: 0.611903333457078 and parameters: {'n_estimators': 485, 'learning_rate': 0.04353632923371348, 'subsample': 0.7247264532341038, 'colsample_bytree': 0.8024567451360977, 'min_child_weight': 5}. Best is trial 263 with value: 0.6357920670164438.
[I 2026-05-15 16:31:51,112] Trial 341 finished with value: 0.6267987765237871 and parameters: {'n_estimators': 97, 'learning_rate': 0.08842563149178337, 'subsample': 0.6864152730038399, 'colsample_bytree': 0.8478351819591319, 'min_child_weight': 7}. Best is trial 263 with value: 0.6357920670164438.
[I 2026-05-15 16:31:51,697] Trial 342 finished with value: 0.6286284044013212 and parameters: {'n_estimators': 118, 'learning_rate': 0.012320287379467502, 'subsample': 0.912304634427376, 'colsample_bytree': 0.783920169507728, 'min_child_weight': 1}. Best is trial 263 with value: 0.6357920670164438.
[I 2026-05-15 16:31:52,552] Trial 343 finished with value: 0.6215036398049428 and parameters: {'n_estimators': 498, 'learning_rate': 0.012171634282309616, 'subsample': 0.8780140915434212, 'colsample_bytree': 0.9934715701053655, 'min_child_weight': 3}. Best is trial 263 with value: 0.6357920670164438.
[I 2026-05-15 16:31:53,076] Trial 344 finished with value: 0.6182919337269224 and parameters: {'n_estimators': 114, 'learning_rate': 0.015111245944092168, 'subsample': 0.7213100590270383, 'colsample_bytree': 0.6404183244042586, 'min_child_weight': 7}. Best is trial 263 with value: 0.6357920670164438.
[I 2026-05-15 16:31:53,600] Trial 345 finished with value: 0.6208647730673545 and parameters: {'n_estimators': 78, 'learning_rate': 0.0565559436526224, 'subsample': 0.9986787415411907, 'colsample_bytree': 0.9255881078024075, 'min_child_weight': 7}. Best is trial 263 with value: 0.6357920670164438.
[I 2026-05-15 16:31:54,253] Trial 346 finished with value: 0.6173756810354021 and parameters: {'n_estimators': 188, 'learning_rate': 0.08347757040088627, 'subsample': 0.8108165855646606, 'colsample_bytree': 0.7704333535561486, 'min_child_weight': 2}. Best is trial 263 with value: 0.6357920670164438.
[I 2026-05-15 16:31:55,005] Trial 347 finished with value: 0.6172954857307721 and parameters: {'n_estimators': 449, 'learning_rate': 0.046172826907491506, 'subsample': 0.677849004728306, 'colsample_bytree': 0.7471037403509159, 'min_child_weight': 5}. Best is trial 263 with value: 0.6357920670164438.
[I 2026-05-15 16:31:55,817] Trial 348 finished with value: 0.6071434171000508 and parameters: {'n_estimators': 423, 'learning_rate': 0.12123761779314282, 'subsample': 0.9077219574565359, 'colsample_bytree': 0.6044125057714589, 'min_child_weight': 5}. Best is trial 263 with value: 0.6357920670164438.
[I 2026-05-15 16:31:56,500] Trial 349 finished with value: 0.6233176148473013 and parameters: {'n_estimators': 267, 'learning_rate': 0.010674543712834376, 'subsample': 0.7039252834980136, 'colsample_bytree': 0.904115929248854, 'min_child_weight': 2}. Best is trial 263 with value: 0.6357920670164438.
[I 2026-05-15 16:31:57,158] Trial 350 finished with value: 0.6254226921270217 and parameters: {'n_estimators': 291, 'learning_rate': 0.020791185786432916, 'subsample': 0.6048483098575573, 'colsample_bytree': 0.6964805830398166, 'min_child_weight': 10}. Best is trial 263 with value: 0.6357920670164438.
[I 2026-05-15 16:31:57,815] Trial 351 finished with value: 0.5660335139781928 and parameters: {'n_estimators': 411, 'learning_rate': 0.2614634918292481, 'subsample': 0.795141617570545, 'colsample_bytree': 0.6438944794710014, 'min_child_weight': 6}. Best is trial 263 with value: 0.6357920670164438.
[I 2026-05-15 16:31:58,364] Trial 352 finished with value: 0.6238990004891962 and parameters: {'n_estimators': 254, 'learning_rate': 0.1766923689636204, 'subsample': 0.6392330323136978, 'colsample_bytree': 0.7952964548087113, 'min_child_weight': 2}. Best is trial 263 with value: 0.6357920670164438.
[I 2026-05-15 16:31:58,951] Trial 353 finished with value: 0.6226070467998205 and parameters: {'n_estimators': 196, 'learning_rate': 0.12279079504118676, 'subsample': 0.7904072517475066, 'colsample_bytree': 0.7503553140583077, 'min_child_weight': 4}. Best is trial 263 with value: 0.6357920670164438.
[I 2026-05-15 16:31:59,607] Trial 354 finished with value: 0.622481719773143 and parameters: {'n_estimators': 257, 'learning_rate': 0.144399145153865, 'subsample': 0.9568338755760938, 'colsample_bytree': 0.9821338746015713, 'min_child_weight': 8}. Best is trial 263 with value: 0.6357920670164438.
[I 2026-05-15 16:32:00,209] Trial 355 finished with value: 0.6069501780077807 and parameters: {'n_estimators': 192, 'learning_rate': 0.10386241115349532, 'subsample': 0.7750412496221568, 'colsample_bytree': 0.7018682488184205, 'min_child_weight': 9}. Best is trial 263 with value: 0.6357920670164438.
[I 2026-05-15 16:32:00,610] Trial 356 finished with value: 0.6109560830823411 and parameters: {'n_estimators': 67, 'learning_rate': 0.21478888586811315, 'subsample': 0.7845909858498936, 'colsample_bytree': 0.8548805907233121, 'min_child_weight': 7}. Best is trial 263 with value: 0.6357920670164438.
[I 2026-05-15 16:32:01,380] Trial 357 finished with value: 0.6149975117573805 and parameters: {'n_estimators': 453, 'learning_rate': 0.08718430698622275, 'subsample': 0.8455734339040247, 'colsample_bytree': 0.6266608162242759, 'min_child_weight': 6}. Best is trial 263 with value: 0.6357920670164438.
[I 2026-05-15 16:32:01,941] Trial 358 finished with value: 0.6121811436509319 and parameters: {'n_estimators': 117, 'learning_rate': 0.12282282825998894, 'subsample': 0.8048887683250698, 'colsample_bytree': 0.8720911116833413, 'min_child_weight': 1}. Best is trial 263 with value: 0.6357920670164438.
[I 2026-05-15 16:32:02,370] Trial 359 finished with value: 0.6192937120117226 and parameters: {'n_estimators': 88, 'learning_rate': 0.11431323145889176, 'subsample': 0.6288337343994693, 'colsample_bytree': 0.6285026911061035, 'min_child_weight': 1}. Best is trial 263 with value: 0.6357920670164438.
[I 2026-05-15 16:32:03,216] Trial 360 finished with value: 0.59925368103743 and parameters: {'n_estimators': 481, 'learning_rate': 0.12285399209683807, 'subsample': 0.7413005634008256, 'colsample_bytree': 0.7186142325150621, 'min_child_weight': 4}. Best is trial 263 with value: 0.6357920670164438.
[I 2026-05-15 16:32:03,893] Trial 361 finished with value: 0.620349897136746 and parameters: {'n_estimators': 399, 'learning_rate': 0.09482537893094686, 'subsample': 0.6740782271469872, 'colsample_bytree': 0.6696437341336338, 'min_child_weight': 1}. Best is trial 263 with value: 0.6357920670164438.
[I 2026-05-15 16:32:04,629] Trial 362 finished with value: 0.6086740290611751 and parameters: {'n_estimators': 347, 'learning_rate': 0.1346080726275355, 'subsample': 0.7060185713300016, 'colsample_bytree': 0.6083779844123651, 'min_child_weight': 1}. Best is trial 263 with value: 0.6357920670164438.
