# Training-script output capture
# Generated: 2026-05-15T16:28:02
# UUID:      8a69de42-d08d-4fa2-a139-4e641a1ded75
# Label:     training
# Leaf:      /home/mklemmingen/PycharmProjects/migraine-forecasting-shd/experiment/0/headache/full_features/stacked_2xgb_meta_lr/70_15_15/stratified/HyperparameterTuned/single_AUROC/HP020
# Captures stdout/stderr written during the wrapped block
# (library messages, warnings, progress bars, etc.).
# Begin capture ----------------------------------------
Loading datasets...
Running single_AUROC search (500 trials, seed=42)...
[I 2026-05-15 16:28:02,339] A new study created in memory with name: no-name-d5acfe86-7509-4b87-a981-38744ba5a2cf
[I 2026-05-15 16:28:03,884] Trial 0 finished with value: 0.599982614227179 and parameters: {'n_estimators': 218, 'learning_rate': 0.2536999076681772, 'subsample': 0.892797576724562, 'colsample_bytree': 0.8394633936788146, 'min_child_weight': 2}. Best is trial 0 with value: 0.599982614227179.
[I 2026-05-15 16:28:05,231] Trial 1 finished with value: 0.6270197604873833 and parameters: {'n_estimators': 120, 'learning_rate': 0.012184186502221764, 'subsample': 0.9464704583099741, 'colsample_bytree': 0.8404460046972835, 'min_child_weight': 8}. Best is trial 1 with value: 0.6270197604873833.
[I 2026-05-15 16:28:06,512] Trial 2 finished with value: 0.6273925443010887 and parameters: {'n_estimators': 59, 'learning_rate': 0.2708160864249968, 'subsample': 0.9329770563201687, 'colsample_bytree': 0.6849356442713105, 'min_child_weight': 2}. Best is trial 2 with value: 0.6273925443010887.
[I 2026-05-15 16:28:08,079] Trial 3 finished with value: 0.6220096548014192 and parameters: {'n_estimators': 132, 'learning_rate': 0.028145092716060652, 'subsample': 0.8099025726528951, 'colsample_bytree': 0.7727780074568463, 'min_child_weight': 3}. Best is trial 2 with value: 0.6273925443010887.
[I 2026-05-15 16:28:09,546] Trial 4 finished with value: 0.6214355607121572 and parameters: {'n_estimators': 325, 'learning_rate': 0.01607123851203988, 'subsample': 0.7168578594140873, 'colsample_bytree': 0.7465447373174767, 'min_child_weight': 5}. Best is trial 2 with value: 0.6273925443010887.
[I 2026-05-15 16:28:11,102] Trial 5 finished with value: 0.6161183685660991 and parameters: {'n_estimators': 404, 'learning_rate': 0.019721610970574007, 'subsample': 0.8056937753654446, 'colsample_bytree': 0.836965827544817, 'min_child_weight': 1}. Best is trial 2 with value: 0.6273925443010887.
[I 2026-05-15 16:28:12,610] Trial 6 finished with value: 0.6212236190316072 and parameters: {'n_estimators': 324, 'learning_rate': 0.0178601378893971, 'subsample': 0.6260206371941118, 'colsample_bytree': 0.9795542149013333, 'min_child_weight': 10}. Best is trial 2 with value: 0.6273925443010887.
[I 2026-05-15 16:28:14,226] Trial 7 finished with value: 0.6206418839678485 and parameters: {'n_estimators': 414, 'learning_rate': 0.028180680291847244, 'subsample': 0.6390688456025535, 'colsample_bytree': 0.8736932106048627, 'min_child_weight': 5}. Best is trial 2 with value: 0.6273925443010887.
[I 2026-05-15 16:28:14,777] Trial 8 finished with value: 0.6250646754909692 and parameters: {'n_estimators': 105, 'learning_rate': 0.05388108577817234, 'subsample': 0.6137554084460873, 'colsample_bytree': 0.9637281608315128, 'min_child_weight': 3}. Best is trial 2 with value: 0.6273925443010887.
[I 2026-05-15 16:28:15,392] Trial 9 finished with value: 0.6200456755904863 and parameters: {'n_estimators': 348, 'learning_rate': 0.028869220380495747, 'subsample': 0.8080272084711243, 'colsample_bytree': 0.8186841117373118, 'min_child_weight': 2}. Best is trial 2 with value: 0.6273925443010887.
[I 2026-05-15 16:28:16,079] Trial 10 finished with value: 0.5985081970475645 and parameters: {'n_estimators': 487, 'learning_rate': 0.13962563737015762, 'subsample': 0.9757995766256756, 'colsample_bytree': 0.9579309401710595, 'min_child_weight': 6}. Best is trial 2 with value: 0.6273925443010887.
[I 2026-05-15 16:28:16,936] Trial 11 finished with value: 0.6173590923130329 and parameters: {'n_estimators': 465, 'learning_rate': 0.01351182947645082, 'subsample': 0.6783931449676581, 'colsample_bytree': 0.6180909155642152, 'min_child_weight': 4}. Best is trial 2 with value: 0.6273925443010887.
[I 2026-05-15 16:28:17,572] Trial 12 finished with value: 0.6242089619723152 and parameters: {'n_estimators': 225, 'learning_rate': 0.02516607127550297, 'subsample': 0.9314950036607718, 'colsample_bytree': 0.7427013306774357, 'min_child_weight': 3}. Best is trial 2 with value: 0.6273925443010887.
[I 2026-05-15 16:28:18,124] Trial 13 finished with value: 0.6161505101032646 and parameters: {'n_estimators': 294, 'learning_rate': 0.016149614799999188, 'subsample': 0.9208787923016158, 'colsample_bytree': 0.6298202574719083, 'min_child_weight': 10}. Best is trial 2 with value: 0.6273925443010887.
[I 2026-05-15 16:28:18,786] Trial 14 finished with value: 0.6196691453556165 and parameters: {'n_estimators': 398, 'learning_rate': 0.019657448966046126, 'subsample': 0.602208846849441, 'colsample_bytree': 0.9261845713819337, 'min_child_weight': 8}. Best is trial 2 with value: 0.6273925443010887.
[I 2026-05-15 16:28:19,431] Trial 15 finished with value: 0.6087784657994983 and parameters: {'n_estimators': 378, 'learning_rate': 0.13780336485751998, 'subsample': 0.6296178606936361, 'colsample_bytree': 0.7433862914177091, 'min_child_weight': 2}. Best is trial 2 with value: 0.6273925443010887.
[I 2026-05-15 16:28:20,116] Trial 16 finished with value: 0.6109906735003556 and parameters: {'n_estimators': 439, 'learning_rate': 0.08330803890301997, 'subsample': 0.7323592099410596, 'colsample_bytree': 0.6254233401144095, 'min_child_weight': 4}. Best is trial 2 with value: 0.6273925443010887.
[I 2026-05-15 16:28:20,735] Trial 17 finished with value: 0.6177273942402628 and parameters: {'n_estimators': 196, 'learning_rate': 0.1195960383019184, 'subsample': 0.8550229885420852, 'colsample_bytree': 0.9548850970305306, 'min_child_weight': 5}. Best is trial 2 with value: 0.6273925443010887.
[I 2026-05-15 16:28:21,260] Trial 18 finished with value: 0.621878121960374 and parameters: {'n_estimators': 103, 'learning_rate': 0.1131225105716033, 'subsample': 0.9043140194467589, 'colsample_bytree': 0.8245108790277985, 'min_child_weight': 8}. Best is trial 2 with value: 0.6273925443010887.
[I 2026-05-15 16:28:21,884] Trial 19 finished with value: 0.6258224663585286 and parameters: {'n_estimators': 272, 'learning_rate': 0.05917520523090666, 'subsample': 0.7710164073434198, 'colsample_bytree': 0.610167650697638, 'min_child_weight': 2}. Best is trial 2 with value: 0.6273925443010887.
[I 2026-05-15 16:28:22,364] Trial 20 finished with value: 0.6204737168076356 and parameters: {'n_estimators': 64, 'learning_rate': 0.08710745900492396, 'subsample': 0.7257423924305306, 'colsample_bytree': 0.8034282764658811, 'min_child_weight': 10}. Best is trial 2 with value: 0.6273925443010887.
[I 2026-05-15 16:28:22,856] Trial 21 finished with value: 0.6160948374137981 and parameters: {'n_estimators': 162, 'learning_rate': 0.040381768820718394, 'subsample': 0.9022204554172195, 'colsample_bytree': 0.6915192661966489, 'min_child_weight': 1}. Best is trial 2 with value: 0.6273925443010887.
[I 2026-05-15 16:28:23,453] Trial 22 finished with value: 0.6185357426178653 and parameters: {'n_estimators': 180, 'learning_rate': 0.017303875834205888, 'subsample': 0.9718790609370292, 'colsample_bytree': 0.9232481518257668, 'min_child_weight': 7}. Best is trial 2 with value: 0.6273925443010887.
[I 2026-05-15 16:28:24,255] Trial 23 finished with value: 0.5853619210576465 and parameters: {'n_estimators': 443, 'learning_rate': 0.1538583627271404, 'subsample': 0.6746280235544143, 'colsample_bytree': 0.9570235993959911, 'min_child_weight': 6}. Best is trial 2 with value: 0.6273925443010887.
[I 2026-05-15 16:28:24,973] Trial 24 finished with value: 0.5865164568229332 and parameters: {'n_estimators': 414, 'learning_rate': 0.21068591627429098, 'subsample': 0.7272013899887455, 'colsample_bytree': 0.6440207698110707, 'min_child_weight': 3}. Best is trial 2 with value: 0.6273925443010887.
[I 2026-05-15 16:28:25,587] Trial 25 finished with value: 0.6102216446386637 and parameters: {'n_estimators': 242, 'learning_rate': 0.16155001304356414, 'subsample': 0.9442922333025374, 'colsample_bytree': 0.6027808522124762, 'min_child_weight': 6}. Best is trial 2 with value: 0.6273925443010887.
[I 2026-05-15 16:28:26,135] Trial 26 finished with value: 0.6211549629805672 and parameters: {'n_estimators': 238, 'learning_rate': 0.0212853192163843, 'subsample': 0.6479461469334731, 'colsample_bytree': 0.7350460685614512, 'min_child_weight': 10}. Best is trial 2 with value: 0.6273925443010887.
[I 2026-05-15 16:28:26,631] Trial 27 finished with value: 0.6123695337063104 and parameters: {'n_estimators': 195, 'learning_rate': 0.05838706626832953, 'subsample': 0.881207583558071, 'colsample_bytree': 0.7454518409517176, 'min_child_weight': 10}. Best is trial 2 with value: 0.6273925443010887.
[I 2026-05-15 16:28:27,383] Trial 28 finished with value: 0.6270002227393393 and parameters: {'n_estimators': 484, 'learning_rate': 0.023545774516299134, 'subsample': 0.7988994023569542, 'colsample_bytree': 0.7203513239267079, 'min_child_weight': 3}. Best is trial 2 with value: 0.6273925443010887.
[I 2026-05-15 16:28:27,891] Trial 29 finished with value: 0.6209005961741602 and parameters: {'n_estimators': 66, 'learning_rate': 0.07950609693143304, 'subsample': 0.8010716092915446, 'colsample_bytree': 0.6205915004999957, 'min_child_weight': 3}. Best is trial 2 with value: 0.6273925443010887.
[I 2026-05-15 16:28:28,754] Trial 30 finished with value: 0.6230461811206472 and parameters: {'n_estimators': 459, 'learning_rate': 0.022587177280197233, 'subsample': 0.6579579488364892, 'colsample_bytree': 0.7957811041110252, 'min_child_weight': 10}. Best is trial 2 with value: 0.6273925443010887.
[I 2026-05-15 16:28:29,350] Trial 31 finished with value: 0.6122705345133324 and parameters: {'n_estimators': 159, 'learning_rate': 0.09836162684900028, 'subsample': 0.9046478461314871, 'colsample_bytree': 0.6950550175969599, 'min_child_weight': 8}. Best is trial 2 with value: 0.6273925443010887.
[I 2026-05-15 16:28:29,907] Trial 32 finished with value: 0.616696617693572 and parameters: {'n_estimators': 215, 'learning_rate': 0.08589984533104164, 'subsample': 0.8534118843043579, 'colsample_bytree': 0.8143098736299034, 'min_child_weight': 1}. Best is trial 2 with value: 0.6273925443010887.
[I 2026-05-15 16:28:30,613] Trial 33 finished with value: 0.6206226269065387 and parameters: {'n_estimators': 426, 'learning_rate': 0.029773579612263783, 'subsample': 0.6746074041599417, 'colsample_bytree': 0.6163100566219055, 'min_child_weight': 6}. Best is trial 2 with value: 0.6273925443010887.
[I 2026-05-15 16:28:31,343] Trial 34 finished with value: 0.6203450800957112 and parameters: {'n_estimators': 355, 'learning_rate': 0.01058040360169664, 'subsample': 0.8048372233197124, 'colsample_bytree': 0.6905983100791752, 'min_child_weight': 7}. Best is trial 2 with value: 0.6273925443010887.
[I 2026-05-15 16:28:31,923] Trial 35 finished with value: 0.6281692152744894 and parameters: {'n_estimators': 128, 'learning_rate': 0.10485733570643786, 'subsample': 0.7546941385202149, 'colsample_bytree': 0.9746919954946938, 'min_child_weight': 2}. Best is trial 35 with value: 0.6281692152744894.
[I 2026-05-15 16:28:32,469] Trial 36 finished with value: 0.6217885447384631 and parameters: {'n_estimators': 203, 'learning_rate': 0.01471005003927122, 'subsample': 0.9698774473114251, 'colsample_bytree': 0.9509357413523924, 'min_child_weight': 3}. Best is trial 35 with value: 0.6281692152744894.
[I 2026-05-15 16:28:33,241] Trial 37 finished with value: 0.6038519893778899 and parameters: {'n_estimators': 347, 'learning_rate': 0.16111511355977057, 'subsample': 0.822080324639785, 'colsample_bytree': 0.8118602313424026, 'min_child_weight': 3}. Best is trial 35 with value: 0.6281692152744894.
[I 2026-05-15 16:28:33,852] Trial 38 finished with value: 0.6232551450935152 and parameters: {'n_estimators': 91, 'learning_rate': 0.21149322814164553, 'subsample': 0.9601672228653322, 'colsample_bytree': 0.8532405829093072, 'min_child_weight': 4}. Best is trial 35 with value: 0.6281692152744894.
[I 2026-05-15 16:28:34,475] Trial 39 finished with value: 0.6110558381940658 and parameters: {'n_estimators': 207, 'learning_rate': 0.11812030596598909, 'subsample': 0.9588441039810308, 'colsample_bytree': 0.954834569706047, 'min_child_weight': 8}. Best is trial 35 with value: 0.6281692152744894.
[I 2026-05-15 16:28:35,098] Trial 40 finished with value: 0.6202805512574976 and parameters: {'n_estimators': 339, 'learning_rate': 0.013313275850595153, 'subsample': 0.6646514856378455, 'colsample_bytree': 0.9594216754108317, 'min_child_weight': 7}. Best is trial 35 with value: 0.6281692152744894.
[I 2026-05-15 16:28:35,626] Trial 41 finished with value: 0.6225932893732704 and parameters: {'n_estimators': 54, 'learning_rate': 0.01412166070620751, 'subsample': 0.8654007076432223, 'colsample_bytree': 0.6020246335384875, 'min_child_weight': 2}. Best is trial 35 with value: 0.6281692152744894.
[I 2026-05-15 16:28:36,302] Trial 42 finished with value: 0.6159649930221832 and parameters: {'n_estimators': 297, 'learning_rate': 0.10519936117151477, 'subsample': 0.8607845038010402, 'colsample_bytree': 0.689707723784224, 'min_child_weight': 8}. Best is trial 35 with value: 0.6281692152744894.
[I 2026-05-15 16:28:36,810] Trial 43 finished with value: 0.6175921240532427 and parameters: {'n_estimators': 156, 'learning_rate': 0.030245085073501415, 'subsample': 0.8985965620472096, 'colsample_bytree': 0.8598531596188859, 'min_child_weight': 9}. Best is trial 35 with value: 0.6281692152744894.
[I 2026-05-15 16:28:37,540] Trial 44 finished with value: 0.6090716432787486 and parameters: {'n_estimators': 346, 'learning_rate': 0.06909724267901692, 'subsample': 0.637469907131237, 'colsample_bytree': 0.7470863212237734, 'min_child_weight': 3}. Best is trial 35 with value: 0.6281692152744894.
[I 2026-05-15 16:28:38,069] Trial 45 finished with value: 0.58861379094763 and parameters: {'n_estimators': 160, 'learning_rate': 0.2736872535680783, 'subsample': 0.7572390898667042, 'colsample_bytree': 0.9568186220708453, 'min_child_weight': 7}. Best is trial 35 with value: 0.6281692152744894.
[I 2026-05-15 16:28:38,860] Trial 46 finished with value: 0.6252039948989874 and parameters: {'n_estimators': 408, 'learning_rate': 0.05526573288655769, 'subsample': 0.8307615538505436, 'colsample_bytree': 0.7970070775275455, 'min_child_weight': 2}. Best is trial 35 with value: 0.6281692152744894.
[I 2026-05-15 16:28:39,618] Trial 47 finished with value: 0.6254841696348242 and parameters: {'n_estimators': 375, 'learning_rate': 0.025985724173338116, 'subsample': 0.6097263865725815, 'colsample_bytree': 0.858188918362867, 'min_child_weight': 2}. Best is trial 35 with value: 0.6281692152744894.
[I 2026-05-15 16:28:40,600] Trial 48 finished with value: 0.5944903739744681 and parameters: {'n_estimators': 474, 'learning_rate': 0.25648866468880704, 'subsample': 0.9659457560881795, 'colsample_bytree': 0.7480634801021777, 'min_child_weight': 1}. Best is trial 35 with value: 0.6281692152744894.
[I 2026-05-15 16:28:41,649] Trial 49 finished with value: 0.6230288969203291 and parameters: {'n_estimators': 468, 'learning_rate': 0.042902233912047165, 'subsample': 0.9866619276174678, 'colsample_bytree': 0.9854479908357011, 'min_child_weight': 9}. Best is trial 35 with value: 0.6281692152744894.
[I 2026-05-15 16:28:42,287] Trial 50 finished with value: 0.6163587926908942 and parameters: {'n_estimators': 182, 'learning_rate': 0.03705408044695723, 'subsample': 0.9404546686067428, 'colsample_bytree': 0.726768802062511, 'min_child_weight': 2}. Best is trial 35 with value: 0.6281692152744894.
[I 2026-05-15 16:28:42,910] Trial 51 finished with value: 0.5789416511249896 and parameters: {'n_estimators': 301, 'learning_rate': 0.24144271975982237, 'subsample': 0.8784119186699892, 'colsample_bytree': 0.828024468035746, 'min_child_weight': 1}. Best is trial 35 with value: 0.6281692152744894.
[I 2026-05-15 16:28:43,623] Trial 52 finished with value: 0.5870129383245559 and parameters: {'n_estimators': 327, 'learning_rate': 0.290021093247953, 'subsample': 0.6560336060946096, 'colsample_bytree': 0.8073318609454947, 'min_child_weight': 9}. Best is trial 35 with value: 0.6281692152744894.
[I 2026-05-15 16:28:44,259] Trial 53 finished with value: 0.6151567848612326 and parameters: {'n_estimators': 384, 'learning_rate': 0.10704755834674413, 'subsample': 0.8809936335948436, 'colsample_bytree': 0.743796460487902, 'min_child_weight': 3}. Best is trial 35 with value: 0.6281692152744894.
[I 2026-05-15 16:28:44,919] Trial 54 finished with value: 0.5912565414912938 and parameters: {'n_estimators': 415, 'learning_rate': 0.1572663162015696, 'subsample': 0.9468289274320415, 'colsample_bytree': 0.9652962210225885, 'min_child_weight': 6}. Best is trial 35 with value: 0.6281692152744894.
[I 2026-05-15 16:28:45,487] Trial 55 finished with value: 0.6032829753698244 and parameters: {'n_estimators': 276, 'learning_rate': 0.15107019033830843, 'subsample': 0.8599855723111061, 'colsample_bytree': 0.8807867509030813, 'min_child_weight': 8}. Best is trial 35 with value: 0.6281692152744894.
[I 2026-05-15 16:28:46,274] Trial 56 finished with value: 0.6190955938758507 and parameters: {'n_estimators': 451, 'learning_rate': 0.03156892767756196, 'subsample': 0.7502331810559776, 'colsample_bytree': 0.6375927759363476, 'min_child_weight': 6}. Best is trial 35 with value: 0.6281692152744894.
[I 2026-05-15 16:28:46,660] Trial 57 finished with value: 0.6160150130363764 and parameters: {'n_estimators': 66, 'learning_rate': 0.04872420129560894, 'subsample': 0.8170578538830306, 'colsample_bytree': 0.7146165008513138, 'min_child_weight': 6}. Best is trial 35 with value: 0.6281692152744894.
[I 2026-05-15 16:28:47,056] Trial 58 finished with value: 0.6277979524561652 and parameters: {'n_estimators': 63, 'learning_rate': 0.011354494477798304, 'subsample': 0.9290402242638633, 'colsample_bytree': 0.7440762565645052, 'min_child_weight': 2}. Best is trial 35 with value: 0.6281692152744894.
[I 2026-05-15 16:28:47,767] Trial 59 finished with value: 0.6072097982919058 and parameters: {'n_estimators': 285, 'learning_rate': 0.13720623374101712, 'subsample': 0.6863284109987373, 'colsample_bytree': 0.8491561903276001, 'min_child_weight': 1}. Best is trial 35 with value: 0.6281692152744894.
[I 2026-05-15 16:28:48,299] Trial 60 finished with value: 0.6142642218277766 and parameters: {'n_estimators': 73, 'learning_rate': 0.060936179246384004, 'subsample': 0.8162540486440426, 'colsample_bytree': 0.8549719605992826, 'min_child_weight': 8}. Best is trial 35 with value: 0.6281692152744894.
[I 2026-05-15 16:28:49,122] Trial 61 finished with value: 0.6068599909075617 and parameters: {'n_estimators': 490, 'learning_rate': 0.057894621409801394, 'subsample': 0.7291825891764984, 'colsample_bytree': 0.9180744779074814, 'min_child_weight': 3}. Best is trial 35 with value: 0.6281692152744894.
[I 2026-05-15 16:28:49,744] Trial 62 finished with value: 0.6181326614966851 and parameters: {'n_estimators': 247, 'learning_rate': 0.013058388599138515, 'subsample': 0.610140297366183, 'colsample_bytree': 0.98505936587117, 'min_child_weight': 9}. Best is trial 35 with value: 0.6281692152744894.
[I 2026-05-15 16:28:50,409] Trial 63 finished with value: 0.6245613620006306 and parameters: {'n_estimators': 363, 'learning_rate': 0.04018584329485903, 'subsample': 0.6693177280283383, 'colsample_bytree': 0.6625748170684344, 'min_child_weight': 3}. Best is trial 35 with value: 0.6281692152744894.
[I 2026-05-15 16:28:51,098] Trial 64 finished with value: 0.6092736456476151 and parameters: {'n_estimators': 297, 'learning_rate': 0.11364355894710455, 'subsample': 0.8640789506870925, 'colsample_bytree': 0.7119735587783771, 'min_child_weight': 10}. Best is trial 35 with value: 0.6281692152744894.
[I 2026-05-15 16:28:51,845] Trial 65 finished with value: 0.6179823375323357 and parameters: {'n_estimators': 382, 'learning_rate': 0.06589434624667669, 'subsample': 0.8446882984937409, 'colsample_bytree': 0.7678400249711159, 'min_child_weight': 3}. Best is trial 35 with value: 0.6281692152744894.
[I 2026-05-15 16:28:52,489] Trial 66 finished with value: 0.6060955422063206 and parameters: {'n_estimators': 210, 'learning_rate': 0.1316529507921963, 'subsample': 0.6057573954519023, 'colsample_bytree': 0.6464290562027665, 'min_child_weight': 1}. Best is trial 35 with value: 0.6281692152744894.
[I 2026-05-15 16:28:52,893] Trial 67 finished with value: 0.6233114938017992 and parameters: {'n_estimators': 68, 'learning_rate': 0.183492792986878, 'subsample': 0.8814631437520095, 'colsample_bytree': 0.78966953163493, 'min_child_weight': 1}. Best is trial 35 with value: 0.6281692152744894.
[I 2026-05-15 16:28:53,442] Trial 68 finished with value: 0.6188927246234026 and parameters: {'n_estimators': 271, 'learning_rate': 0.050046673502396374, 'subsample': 0.669280747964006, 'colsample_bytree': 0.7735406596951893, 'min_child_weight': 4}. Best is trial 35 with value: 0.6281692152744894.
[I 2026-05-15 16:28:54,042] Trial 69 finished with value: 0.6051594719174972 and parameters: {'n_estimators': 327, 'learning_rate': 0.08671821512512803, 'subsample': 0.6181216039088178, 'colsample_bytree': 0.7498450458505885, 'min_child_weight': 7}. Best is trial 35 with value: 0.6281692152744894.
[I 2026-05-15 16:28:54,709] Trial 70 finished with value: 0.6237165177400699 and parameters: {'n_estimators': 276, 'learning_rate': 0.18413627311856376, 'subsample': 0.8634774526475779, 'colsample_bytree': 0.6651737708325719, 'min_child_weight': 1}. Best is trial 35 with value: 0.6281692152744894.
