[I 2026-05-15 17:44:25,150] Trial 464 finished with values: [0.34469415152112365, 0.41031961580548765] and parameters: {'n_estimators': 214, 'learning_rate': 0.022587177280197233, 'subsample': 0.6579579488364892, 'colsample_bytree': 0.6983830913538033, 'min_child_weight': 10}.
[I 2026-05-15 17:44:25,826] Trial 465 finished with values: [0.282371443627948, 0.4500984641526351] and parameters: {'n_estimators': 413, 'learning_rate': 0.014104914380026676, 'subsample': 0.6642725493038223, 'colsample_bytree': 0.8993038761534633, 'min_child_weight': 1}.
[I 2026-05-15 17:44:26,355] Trial 466 finished with values: [0.33095061589426694, 0.4292795867694951] and parameters: {'n_estimators': 226, 'learning_rate': 0.019721610970574007, 'subsample': 0.6479461469334731, 'colsample_bytree': 0.7350460685614512, 'min_child_weight': 2}.
[I 2026-05-15 17:44:26,878] Trial 467 finished with values: [0.33779233646071793, 0.5366365364649723] and parameters: {'n_estimators': 156, 'learning_rate': 0.04427958131171205, 'subsample': 0.8654007076432223, 'colsample_bytree': 0.7350460685614512, 'min_child_weight': 3}.
[I 2026-05-15 17:44:27,687] Trial 468 finished with values: [0.34687360459028577, 0.46456287238981925] and parameters: {'n_estimators': 457, 'learning_rate': 0.018034072970800914, 'subsample': 0.6508242050607539, 'colsample_bytree': 0.7465447373174767, 'min_child_weight': 6}.
[I 2026-05-15 17:44:28,165] Trial 469 finished with values: [0.3705772739195786, 0.44893931276431626] and parameters: {'n_estimators': 112, 'learning_rate': 0.05388108577817234, 'subsample': 0.6579579488364892, 'colsample_bytree': 0.9587061698505701, 'min_child_weight': 2}.
[I 2026-05-15 17:44:28,881] Trial 470 finished with values: [0.28463424451914193, 0.4693476499565886] and parameters: {'n_estimators': 459, 'learning_rate': 0.013137567821944727, 'subsample': 0.6579579488364892, 'colsample_bytree': 0.7957811041110252, 'min_child_weight': 2}.
[I 2026-05-15 17:44:29,572] Trial 471 finished with values: [0.35209252482144426, 0.39955343698134776] and parameters: {'n_estimators': 296, 'learning_rate': 0.022587177280197233, 'subsample': 0.6579579488364892, 'colsample_bytree': 0.8215417137605283, 'min_child_weight': 10}.
[I 2026-05-15 17:44:30,208] Trial 472 finished with values: [0.3518119841556732, 0.5169452215734015] and parameters: {'n_estimators': 286, 'learning_rate': 0.014104914380026676, 'subsample': 0.7168578594140873, 'colsample_bytree': 0.7465447373174767, 'min_child_weight': 8}.
[I 2026-05-15 17:44:31,024] Trial 473 finished with values: [0.3307016702367148, 0.4997293277123907] and parameters: {'n_estimators': 439, 'learning_rate': 0.040383678523437626, 'subsample': 0.6508242050607539, 'colsample_bytree': 0.7465447373174767, 'min_child_weight': 3}.
[I 2026-05-15 17:44:31,729] Trial 474 finished with values: [0.29980232155023906, 0.5445045703641829] and parameters: {'n_estimators': 195, 'learning_rate': 0.28254806356395257, 'subsample': 0.6845792027986178, 'colsample_bytree': 0.699092395800463, 'min_child_weight': 10}.
[I 2026-05-15 17:44:32,598] Trial 475 finished with values: [0.3515969647603595, 0.43767833800205125] and parameters: {'n_estimators': 413, 'learning_rate': 0.01463844831776675, 'subsample': 0.6508242050607539, 'colsample_bytree': 0.6915192661966489, 'min_child_weight': 10}.
[I 2026-05-15 17:44:33,281] Trial 476 finished with values: [0.3332060436550348, 0.430791581765388] and parameters: {'n_estimators': 238, 'learning_rate': 0.0212853192163843, 'subsample': 0.6579579488364892, 'colsample_bytree': 0.7957811041110252, 'min_child_weight': 4}.
[I 2026-05-15 17:44:33,882] Trial 477 finished with values: [0.35988813600205427, 0.4261928954521383] and parameters: {'n_estimators': 238, 'learning_rate': 0.0178601378893971, 'subsample': 0.6479461469334731, 'colsample_bytree': 0.7350460685614512, 'min_child_weight': 10}.
[I 2026-05-15 17:44:34,750] Trial 478 finished with values: [0.3433619403643153, 0.37784568861590195] and parameters: {'n_estimators': 459, 'learning_rate': 0.022587177280197233, 'subsample': 0.6579579488364892, 'colsample_bytree': 0.7957811041110252, 'min_child_weight': 10}.
[I 2026-05-15 17:44:35,439] Trial 479 finished with values: [0.286232447662759, 0.4809043066125332] and parameters: {'n_estimators': 348, 'learning_rate': 0.014104914380026676, 'subsample': 0.6043350605921193, 'colsample_bytree': 0.9877881733101476, 'min_child_weight': 1}.
[I 2026-05-15 17:44:36,050] Trial 480 finished with values: [0.2970160488941219, 0.6020580860032609] and parameters: {'n_estimators': 296, 'learning_rate': 0.18987114604724706, 'subsample': 0.6579579488364892, 'colsample_bytree': 0.7350460685614512, 'min_child_weight': 10}.
[I 2026-05-15 17:44:36,995] Trial 481 finished with values: [0.2753483327654753, 0.46337410625726544] and parameters: {'n_estimators': 418, 'learning_rate': 0.022587177280197233, 'subsample': 0.6043350605921193, 'colsample_bytree': 0.7350460685614512, 'min_child_weight': 3}.
[I 2026-05-15 17:44:37,549] Trial 482 finished with values: [0.3374805638291577, 0.42102110165298806] and parameters: {'n_estimators': 66, 'learning_rate': 0.08671821512512803, 'subsample': 0.8010716092915446, 'colsample_bytree': 0.8215417137605283, 'min_child_weight': 2}.
[I 2026-05-15 17:44:38,244] Trial 483 finished with values: [0.2770484465558174, 0.5036345521396] and parameters: {'n_estimators': 386, 'learning_rate': 0.0212853192163843, 'subsample': 0.6683550349560263, 'colsample_bytree': 0.7957811041110252, 'min_child_weight': 1}.
[I 2026-05-15 17:44:38,568] Trial 484 finished with values: [0.31462126985832833, 0.39070200080071044] and parameters: {'n_estimators': 67, 'learning_rate': 0.15164430026640188, 'subsample': 0.6334002866794675, 'colsample_bytree': 0.8674572879697724, 'min_child_weight': 10}.
[I 2026-05-15 17:44:39,319] Trial 485 finished with values: [0.32855817436218576, 0.3991465630411022] and parameters: {'n_estimators': 459, 'learning_rate': 0.022587177280197233, 'subsample': 0.6579579488364892, 'colsample_bytree': 0.8227051572055719, 'min_child_weight': 10}.
[I 2026-05-15 17:44:40,076] Trial 486 finished with values: [0.32459751613872484, 0.4043240118432376] and parameters: {'n_estimators': 348, 'learning_rate': 0.05388108577817234, 'subsample': 0.6043350605921193, 'colsample_bytree': 0.836965827544817, 'min_child_weight': 10}.
[I 2026-05-15 17:44:40,739] Trial 487 finished with values: [0.321734594153541, 0.38650006531813025] and parameters: {'n_estimators': 348, 'learning_rate': 0.043737251953017454, 'subsample': 0.6508242050607539, 'colsample_bytree': 0.9156684954429353, 'min_child_weight': 10}.
[I 2026-05-15 17:44:41,352] Trial 488 finished with values: [0.2997513055296174, 0.4519399711326607] and parameters: {'n_estimators': 307, 'learning_rate': 0.07950609693143304, 'subsample': 0.7168578594140873, 'colsample_bytree': 0.8215417137605283, 'min_child_weight': 8}.
[I 2026-05-15 17:44:41,904] Trial 489 finished with values: [0.32959843869613253, 0.39100043415212726] and parameters: {'n_estimators': 176, 'learning_rate': 0.0212853192163843, 'subsample': 0.9683489602127253, 'colsample_bytree': 0.9077971732767748, 'min_child_weight': 1}.
[I 2026-05-15 17:44:42,463] Trial 490 finished with values: [0.3117155143756373, 0.4498323334115784] and parameters: {'n_estimators': 195, 'learning_rate': 0.03404436610591982, 'subsample': 0.6508242050607539, 'colsample_bytree': 0.6748174994230093, 'min_child_weight': 6}.
[I 2026-05-15 17:44:43,367] Trial 491 finished with values: [0.2886125147810351, 0.6031708821336954] and parameters: {'n_estimators': 465, 'learning_rate': 0.05388108577817234, 'subsample': 0.7294716945616975, 'colsample_bytree': 0.836965827544817, 'min_child_weight': 1}.
[I 2026-05-15 17:44:44,104] Trial 492 finished with values: [0.3481621923305719, 0.4678877641802037] and parameters: {'n_estimators': 348, 'learning_rate': 0.022587177280197233, 'subsample': 0.7701745754465668, 'colsample_bytree': 0.6915192661966489, 'min_child_weight': 10}.
[I 2026-05-15 17:44:44,959] Trial 493 finished with values: [0.3329879020784269, 0.3634534343225206] and parameters: {'n_estimators': 439, 'learning_rate': 0.04018584329485903, 'subsample': 0.6334002866794675, 'colsample_bytree': 0.803044151473782, 'min_child_weight': 10}.
[I 2026-05-15 17:44:45,812] Trial 494 finished with values: [0.3019511196463081, 0.4733067856042827] and parameters: {'n_estimators': 415, 'learning_rate': 0.019721610970574007, 'subsample': 0.6969638929660321, 'colsample_bytree': 0.8021009489791429, 'min_child_weight': 1}.
[I 2026-05-15 17:44:46,463] Trial 495 finished with values: [0.30404844256329, 0.40681333276454945] and parameters: {'n_estimators': 294, 'learning_rate': 0.040381768820718394, 'subsample': 0.9683489602127253, 'colsample_bytree': 0.9625417540378944, 'min_child_weight': 2}.
[I 2026-05-15 17:44:47,254] Trial 496 finished with values: [0.21875496629075686, 0.5117246202616326] and parameters: {'n_estimators': 294, 'learning_rate': 0.040381768820718394, 'subsample': 0.9022204554172195, 'colsample_bytree': 0.6915192661966489, 'min_child_weight': 1}.
[I 2026-05-15 17:44:47,898] Trial 497 finished with values: [0.32663660264795336, 0.46501407959345065] and parameters: {'n_estimators': 296, 'learning_rate': 0.02359825968453427, 'subsample': 0.6579579488364892, 'colsample_bytree': 0.885339834353821, 'min_child_weight': 7}.
[I 2026-05-15 17:44:48,581] Trial 498 finished with values: [0.38258651381270214, 0.5565668882856643] and parameters: {'n_estimators': 238, 'learning_rate': 0.0212853192163843, 'subsample': 0.98505936587117, 'colsample_bytree': 0.6180909155642152, 'min_child_weight': 10}.
[I 2026-05-15 17:44:49,128] Trial 499 finished with values: [0.3359690070799834, 0.3932789391236762] and parameters: {'n_estimators': 226, 'learning_rate': 0.043737251953017454, 'subsample': 0.6479461469334731, 'colsample_bytree': 0.7350460685614512, 'min_child_weight': 10}.
Building variant 'auprc_max'...
Saved /home/mklemmingen/PycharmProjects/migraine-forecasting-shd/experiment/0/migraine/full_features/stacked_2xgb_meta_lr/70_15_15/stratified/HyperparameterTuned/pareto_AUPRC_slope/auprc_max/model.joblib

# End capture ------------------------------------------
# Finished: 2026-05-15T17:44:49
