[I 2026-05-15 17:40:50,824] Trial 151 finished with values: [0.35125193509047864, 0.4897210423905481] and parameters: {'n_estimators': 324, 'learning_rate': 0.0178601378893971, 'subsample': 0.8012545034320351, 'colsample_bytree': 0.7350460685614512, 'min_child_weight': 10}.
[I 2026-05-15 17:40:51,551] Trial 152 finished with values: [0.3222662730114257, 0.5177880837459312] and parameters: {'n_estimators': 348, 'learning_rate': 0.04018584329485903, 'subsample': 0.8080272084711243, 'colsample_bytree': 0.6693177280283383, 'min_child_weight': 10}.
[I 2026-05-15 17:40:52,209] Trial 153 finished with values: [0.3216118752807046, 0.5101515564395054] and parameters: {'n_estimators': 355, 'learning_rate': 0.029773579612263783, 'subsample': 0.8048372233197124, 'colsample_bytree': 0.9425959364753289, 'min_child_weight': 7}.
[I 2026-05-15 17:40:52,873] Trial 154 finished with values: [0.2691417503763768, 0.42308706693622417] and parameters: {'n_estimators': 348, 'learning_rate': 0.03404436610591982, 'subsample': 0.6508242050607539, 'colsample_bytree': 0.8186841117373118, 'min_child_weight': 2}.
[I 2026-05-15 17:40:53,461] Trial 155 finished with values: [0.35988813600205427, 0.4261928954521383] and parameters: {'n_estimators': 238, 'learning_rate': 0.0178601378893971, 'subsample': 0.6479461469334731, 'colsample_bytree': 0.7350460685614512, 'min_child_weight': 10}.
[I 2026-05-15 17:40:54,194] Trial 156 finished with values: [0.2685062436499431, 0.5644294050712421] and parameters: {'n_estimators': 324, 'learning_rate': 0.09396591857488666, 'subsample': 0.9043140194467589, 'colsample_bytree': 0.9795542149013333, 'min_child_weight': 2}.
[I 2026-05-15 17:40:54,712] Trial 157 finished with values: [0.343663038539592, 0.4947070999925357] and parameters: {'n_estimators': 64, 'learning_rate': 0.08710745900492396, 'subsample': 0.7257423924305306, 'colsample_bytree': 0.8034282764658811, 'min_child_weight': 9}.
[I 2026-05-15 17:40:55,437] Trial 158 finished with values: [0.3351669349995181, 0.5193582211103933] and parameters: {'n_estimators': 439, 'learning_rate': 0.01607123851203988, 'subsample': 0.8048372233197124, 'colsample_bytree': 0.8598531596188859, 'min_child_weight': 7}.
[I 2026-05-15 17:40:56,045] Trial 159 finished with values: [0.3385773725466247, 0.4779649011249244] and parameters: {'n_estimators': 324, 'learning_rate': 0.10704755834674413, 'subsample': 0.7168578594140873, 'colsample_bytree': 0.7465447373174767, 'min_child_weight': 8}.
[I 2026-05-15 17:40:56,928] Trial 160 finished with values: [0.3290325638890965, 0.6140804592885716] and parameters: {'n_estimators': 459, 'learning_rate': 0.07950609693143304, 'subsample': 0.6579579488364892, 'colsample_bytree': 0.6282274989601719, 'min_child_weight': 3}.
[I 2026-05-15 17:40:57,656] Trial 161 finished with values: [0.3525600488991049, 0.4631395134975221] and parameters: {'n_estimators': 339, 'learning_rate': 0.01412166070620751, 'subsample': 0.8654007076432223, 'colsample_bytree': 0.6020246335384875, 'min_child_weight': 2}.
[I 2026-05-15 17:40:58,092] Trial 162 finished with values: [0.2923681265725865, 0.3970706582884249] and parameters: {'n_estimators': 61, 'learning_rate': 0.07332660227137139, 'subsample': 0.9022204554172195, 'colsample_bytree': 0.6915192661966489, 'min_child_weight': 1}.
[I 2026-05-15 17:40:58,767] Trial 163 finished with values: [0.29587195747815115, 0.5213715251487272] and parameters: {'n_estimators': 238, 'learning_rate': 0.019721610970574007, 'subsample': 0.6783931449676581, 'colsample_bytree': 0.9760920965699831, 'min_child_weight': 1}.
[I 2026-05-15 17:40:59,695] Trial 164 finished with values: [0.341509472569246, 0.4728471788584908] and parameters: {'n_estimators': 439, 'learning_rate': 0.030245085073501415, 'subsample': 0.616291520927588, 'colsample_bytree': 0.8598531596188859, 'min_child_weight': 6}.
[I 2026-05-15 17:41:00,293] Trial 165 finished with values: [0.30663117561089603, 0.42481819089892703] and parameters: {'n_estimators': 156, 'learning_rate': 0.019721610970574007, 'subsample': 0.7552679704826087, 'colsample_bytree': 0.836965827544817, 'min_child_weight': 1}.
[I 2026-05-15 17:41:00,817] Trial 166 finished with values: [0.3238683374860861, 0.5124631971017259] and parameters: {'n_estimators': 162, 'learning_rate': 0.040381768820718394, 'subsample': 0.8573152873769412, 'colsample_bytree': 0.7833011561966067, 'min_child_weight': 2}.
[I 2026-05-15 17:41:01,642] Trial 167 finished with values: [0.3067672674344588, 0.44002071338515003] and parameters: {'n_estimators': 415, 'learning_rate': 0.019721610970574007, 'subsample': 0.8654007076432223, 'colsample_bytree': 0.6915192661966489, 'min_child_weight': 2}.
[I 2026-05-15 17:41:02,417] Trial 168 finished with values: [0.34562505023743717, 0.3895015707653464] and parameters: {'n_estimators': 296, 'learning_rate': 0.022587177280197233, 'subsample': 0.6579579488364892, 'colsample_bytree': 0.6180909155642152, 'min_child_weight': 10}.
[I 2026-05-15 17:41:03,083] Trial 169 finished with values: [0.36559471057906234, 0.5664871652279133] and parameters: {'n_estimators': 324, 'learning_rate': 0.022587177280197233, 'subsample': 0.98505936587117, 'colsample_bytree': 0.9795542149013333, 'min_child_weight': 10}.
[I 2026-05-15 17:41:03,976] Trial 170 finished with values: [0.2754787249330031, 0.7571713417667492] and parameters: {'n_estimators': 439, 'learning_rate': 0.24584290528289388, 'subsample': 0.7168578594140873, 'colsample_bytree': 0.6180909155642152, 'min_child_weight': 5}.
[I 2026-05-15 17:41:04,794] Trial 171 finished with values: [0.263891737023053, 0.45433204506828473] and parameters: {'n_estimators': 439, 'learning_rate': 0.030245085073501415, 'subsample': 0.7257423924305306, 'colsample_bytree': 0.8598531596188859, 'min_child_weight': 1}.
[I 2026-05-15 17:41:05,472] Trial 172 finished with values: [0.3468334845536141, 0.44882200859688953] and parameters: {'n_estimators': 238, 'learning_rate': 0.05388108577817234, 'subsample': 0.7544410551203097, 'colsample_bytree': 0.9844762255295657, 'min_child_weight': 10}.
[I 2026-05-15 17:41:06,365] Trial 173 finished with values: [0.27373365505817393, 0.44957870698623353] and parameters: {'n_estimators': 458, 'learning_rate': 0.0212853192163843, 'subsample': 0.8654007076432223, 'colsample_bytree': 0.7350460685614512, 'min_child_weight': 2}.
[I 2026-05-15 17:41:06,921] Trial 174 finished with values: [0.34231061217666775, 0.48325678522382925] and parameters: {'n_estimators': 207, 'learning_rate': 0.019462886350651437, 'subsample': 0.6783931449676581, 'colsample_bytree': 0.82272050498334, 'min_child_weight': 8}.
[I 2026-05-15 17:41:07,682] Trial 175 finished with values: [0.30087304952458455, 0.7420157084583134] and parameters: {'n_estimators': 439, 'learning_rate': 0.10704755834674413, 'subsample': 0.7168578594140873, 'colsample_bytree': 0.7465447373174767, 'min_child_weight': 1}.
[I 2026-05-15 17:41:08,101] Trial 176 finished with values: [0.3552784149621118, 0.5727509969825493] and parameters: {'n_estimators': 64, 'learning_rate': 0.08710745900492396, 'subsample': 0.7257423924305306, 'colsample_bytree': 0.6180909155642152, 'min_child_weight': 4}.
[I 2026-05-15 17:41:08,969] Trial 177 finished with values: [0.2978040670844295, 0.6854257228106958] and parameters: {'n_estimators': 465, 'learning_rate': 0.08710745900492396, 'subsample': 0.7257423924305306, 'colsample_bytree': 0.6180909155642152, 'min_child_weight': 2}.
[I 2026-05-15 17:41:09,684] Trial 178 finished with values: [0.3567651558081911, 0.5624247549747011] and parameters: {'n_estimators': 426, 'learning_rate': 0.010639368372762009, 'subsample': 0.98505936587117, 'colsample_bytree': 0.6377771843023713, 'min_child_weight': 10}.
[I 2026-05-15 17:41:10,538] Trial 179 finished with values: [0.2763818922750951, 0.6583001410329854] and parameters: {'n_estimators': 459, 'learning_rate': 0.10206664092951903, 'subsample': 0.6284754593840916, 'colsample_bytree': 0.7275902521175045, 'min_child_weight': 2}.
[I 2026-05-15 17:41:11,158] Trial 180 finished with values: [0.3203883290229098, 0.46326545371439876] and parameters: {'n_estimators': 225, 'learning_rate': 0.02516607127550297, 'subsample': 0.602208846849441, 'colsample_bytree': 0.7427013306774357, 'min_child_weight': 3}.
[I 2026-05-15 17:41:11,963] Trial 181 finished with values: [0.30485850558154415, 0.5599729341471461] and parameters: {'n_estimators': 459, 'learning_rate': 0.022587177280197233, 'subsample': 0.9379501243877818, 'colsample_bytree': 0.7957811041110252, 'min_child_weight': 4}.
/home/mklemmingen/PycharmProjects/migraine-forecasting-shd/.venv/lib/python3.13/site-packages/sklearn/linear_model/_sag.py:348: ConvergenceWarning: The max_iter was reached which means the coef_ did not converge
  warnings.warn(
[I 2026-05-15 17:41:12,546] Trial 182 finished with values: [0.3294426578802645, 0.46138320702813085] and parameters: {'n_estimators': 60, 'learning_rate': 0.019721610970574007, 'subsample': 0.9022204554172195, 'colsample_bytree': 0.7465447373174767, 'min_child_weight': 5}.
[I 2026-05-15 17:41:13,312] Trial 183 finished with values: [0.35585477195082577, 0.47502597772511707] and parameters: {'n_estimators': 465, 'learning_rate': 0.10704755834674413, 'subsample': 0.6783931449676581, 'colsample_bytree': 0.7465447373174767, 'min_child_weight': 8}.
[I 2026-05-15 17:41:14,063] Trial 184 finished with values: [0.34862163848803923, 0.42194490717475297] and parameters: {'n_estimators': 417, 'learning_rate': 0.022587177280197233, 'subsample': 0.6579579488364892, 'colsample_bytree': 0.9652962210225885, 'min_child_weight': 10}.
[I 2026-05-15 17:41:14,641] Trial 185 finished with values: [0.3443442308528633, 0.4062920696191742] and parameters: {'n_estimators': 238, 'learning_rate': 0.0212853192163843, 'subsample': 0.6479461469334731, 'colsample_bytree': 0.7350460685614512, 'min_child_weight': 10}.
[I 2026-05-15 17:41:15,425] Trial 186 finished with values: [0.35331073358209975, 0.43873990536893726] and parameters: {'n_estimators': 439, 'learning_rate': 0.019657448966046126, 'subsample': 0.616291520927588, 'colsample_bytree': 0.9261845713819337, 'min_child_weight': 9}.
[I 2026-05-15 17:41:15,846] Trial 187 finished with values: [0.3697706875345596, 0.47023833710815505] and parameters: {'n_estimators': 64, 'learning_rate': 0.08710745900492396, 'subsample': 0.6783931449676581, 'colsample_bytree': 0.7127419099093599, 'min_child_weight': 2}.
[I 2026-05-15 17:41:16,408] Trial 188 finished with values: [0.32870406484954034, 0.47756030659706095] and parameters: {'n_estimators': 105, 'learning_rate': 0.022587177280197233, 'subsample': 0.8786948661456602, 'colsample_bytree': 0.7350460685614512, 'min_child_weight': 9}.
[I 2026-05-15 17:41:17,062] Trial 189 finished with values: [0.293599955879132, 0.48149605112279115] and parameters: {'n_estimators': 156, 'learning_rate': 0.08671821512512803, 'subsample': 0.6390688456025535, 'colsample_bytree': 0.6693177280283383, 'min_child_weight': 10}.
[I 2026-05-15 17:41:17,834] Trial 190 finished with values: [0.3565027206493764, 0.5115349754611584] and parameters: {'n_estimators': 426, 'learning_rate': 0.01607123851203988, 'subsample': 0.6746074041599417, 'colsample_bytree': 0.7465447373174767, 'min_child_weight': 6}.
[I 2026-05-15 17:41:18,651] Trial 191 finished with values: [0.27130670134967316, 0.6526802083184264] and parameters: {'n_estimators': 333, 'learning_rate': 0.19775731712985178, 'subsample': 0.6783931449676581, 'colsample_bytree': 0.9261845713819337, 'min_child_weight': 4}.
[I 2026-05-15 17:41:19,435] Trial 192 finished with values: [0.3049862409493448, 0.5642741765781223] and parameters: {'n_estimators': 465, 'learning_rate': 0.1218397677644799, 'subsample': 0.6783931449676581, 'colsample_bytree': 0.7427013306774357, 'min_child_weight': 3}.
[I 2026-05-15 17:41:19,986] Trial 193 finished with values: [0.3488085603286645, 0.574904154990419] and parameters: {'n_estimators': 207, 'learning_rate': 0.10704755834674413, 'subsample': 0.9588441039810308, 'colsample_bytree': 0.954834569706047, 'min_child_weight': 8}.
[I 2026-05-15 17:41:20,552] Trial 194 finished with values: [0.3548237120297083, 0.42606629725028916] and parameters: {'n_estimators': 66, 'learning_rate': 0.04018584329485903, 'subsample': 0.6390688456025535, 'colsample_bytree': 0.9213923721539394, 'min_child_weight': 10}.
[I 2026-05-15 17:41:21,278] Trial 195 finished with values: [0.34467079529972183, 0.49593939748689964] and parameters: {'n_estimators': 420, 'learning_rate': 0.02609752135980675, 'subsample': 0.8550229885420852, 'colsample_bytree': 0.6709758175118891, 'min_child_weight': 10}.
[I 2026-05-15 17:41:21,924] Trial 196 finished with values: [0.34419209501310594, 0.4896987909757263] and parameters: {'n_estimators': 156, 'learning_rate': 0.01702458290769914, 'subsample': 0.9002459006563434, 'colsample_bytree': 0.8598531596188859, 'min_child_weight': 9}.
[I 2026-05-15 17:41:22,641] Trial 197 finished with values: [0.3453585741670341, 0.3784791121804229] and parameters: {'n_estimators': 413, 'learning_rate': 0.043737251953017454, 'subsample': 0.6508242050607539, 'colsample_bytree': 0.9795542149013333, 'min_child_weight': 10}.
[I 2026-05-15 17:41:23,055] Trial 198 finished with values: [0.35425204904506713, 0.6822921639238015] and parameters: {'n_estimators': 103, 'learning_rate': 0.1131225105716033, 'subsample': 0.9043140194467589, 'colsample_bytree': 0.7465447373174767, 'min_child_weight': 5}.
[I 2026-05-15 17:41:23,960] Trial 199 finished with values: [0.2920803039412404, 0.4275243825335786] and parameters: {'n_estimators': 496, 'learning_rate': 0.019721610970574007, 'subsample': 0.9022204554172195, 'colsample_bytree': 0.6693177280283383, 'min_child_weight': 1}.
[I 2026-05-15 17:41:24,641] Trial 200 finished with values: [0.3365940924780786, 0.5159427662579812] and parameters: {'n_estimators': 420, 'learning_rate': 0.05388108577817234, 'subsample': 0.7650470707645706, 'colsample_bytree': 0.8186841117373118, 'min_child_weight': 4}.
[I 2026-05-15 17:41:25,297] Trial 201 finished with values: [0.29641425370263935, 0.44473410935035895] and parameters: {'n_estimators': 324, 'learning_rate': 0.019721610970574007, 'subsample': 0.6508242050607539, 'colsample_bytree': 0.9105651842967988, 'min_child_weight': 1}.
[I 2026-05-15 17:41:25,846] Trial 202 finished with values: [0.3530213776844384, 0.43494524340280905] and parameters: {'n_estimators': 203, 'learning_rate': 0.019721610970574007, 'subsample': 0.6479461469334731, 'colsample_bytree': 0.7350460685614512, 'min_child_weight': 10}.
[I 2026-05-15 17:41:26,605] Trial 203 finished with values: [0.34089999111397484, 0.4436753076652207] and parameters: {'n_estimators': 324, 'learning_rate': 0.0178601378893971, 'subsample': 0.6508242050607539, 'colsample_bytree': 0.9795542149013333, 'min_child_weight': 10}.
[I 2026-05-15 17:41:27,349] Trial 204 finished with values: [0.35189891504052684, 0.49274948158206444] and parameters: {'n_estimators': 437, 'learning_rate': 0.01607123851203988, 'subsample': 0.6746074041599417, 'colsample_bytree': 0.7465447373174767, 'min_child_weight': 4}.
[I 2026-05-15 17:41:28,061] Trial 205 finished with values: [0.3329334924758418, 0.5259446991922407] and parameters: {'n_estimators': 459, 'learning_rate': 0.01351182947645082, 'subsample': 0.7119735587783771, 'colsample_bytree': 0.7957811041110252, 'min_child_weight': 4}.
[I 2026-05-15 17:41:28,656] Trial 206 finished with values: [0.32619954937517726, 0.7953424831683326] and parameters: {'n_estimators': 243, 'learning_rate': 0.12856643861355183, 'subsample': 0.9018171496338729, 'colsample_bytree': 0.6180909155642152, 'min_child_weight': 2}.
[I 2026-05-15 17:41:29,208] Trial 207 finished with values: [0.32495038313342933, 0.5309419835474448] and parameters: {'n_estimators': 156, 'learning_rate': 0.08671821512512803, 'subsample': 0.8654007076432223, 'colsample_bytree': 0.641249547534373, 'min_child_weight': 10}.
[I 2026-05-15 17:41:29,958] Trial 208 finished with values: [0.3486691153776731, 0.35169485146375645] and parameters: {'n_estimators': 457, 'learning_rate': 0.043737251953017454, 'subsample': 0.6508242050607539, 'colsample_bytree': 0.8021009489791429, 'min_child_weight': 10}.
[I 2026-05-15 17:41:30,759] Trial 209 finished with values: [0.33749158266609286, 0.5971974931989233] and parameters: {'n_estimators': 422, 'learning_rate': 0.1131225105716033, 'subsample': 0.9043140194467589, 'colsample_bytree': 0.8245108790277985, 'min_child_weight': 8}.
[I 2026-05-15 17:41:31,523] Trial 210 finished with values: [0.3422204663363996, 0.46031396196380114] and parameters: {'n_estimators': 465, 'learning_rate': 0.0178601378893971, 'subsample': 0.6479461469334731, 'colsample_bytree': 0.6205915004999957, 'min_child_weight': 10}.
[I 2026-05-15 17:41:32,210] Trial 211 finished with values: [0.3011771876844679, 0.46326164693075056] and parameters: {'n_estimators': 194, 'learning_rate': 0.10704755834674413, 'subsample': 0.6783931449676581, 'colsample_bytree': 0.6180909155642152, 'min_child_weight': 9}.
[I 2026-05-15 17:41:32,808] Trial 212 finished with values: [0.3308451510124431, 0.3757631523070361] and parameters: {'n_estimators': 225, 'learning_rate': 0.03404436610591982, 'subsample': 0.6508242050607539, 'colsample_bytree': 0.8186841117373118, 'min_child_weight': 6}.
[I 2026-05-15 17:41:33,435] Trial 213 finished with values: [0.3626563991921148, 0.3906601589003761] and parameters: {'n_estimators': 348, 'learning_rate': 0.022587177280197233, 'subsample': 0.6043350605921193, 'colsample_bytree': 0.6915192661966489, 'min_child_weight': 10}.
[I 2026-05-15 17:41:34,447] Trial 214 finished with values: [0.2681946489030086, 0.8176069869729445] and parameters: {'n_estimators': 465, 'learning_rate': 0.21744977418953557, 'subsample': 0.6783931449676581, 'colsample_bytree': 0.6915192661966489, 'min_child_weight': 1}.
[I 2026-05-15 17:41:34,986] Trial 215 finished with values: [0.36154962627002757, 0.47375911661697734] and parameters: {'n_estimators': 156, 'learning_rate': 0.029625450352016573, 'subsample': 0.6137554084460873, 'colsample_bytree': 0.9261845713819337, 'min_child_weight': 9}.
[I 2026-05-15 17:41:35,849] Trial 216 finished with values: [0.3436656884809875, 0.3820579941761798] and parameters: {'n_estimators': 478, 'learning_rate': 0.022587177280197233, 'subsample': 0.6579579488364892, 'colsample_bytree': 0.7957811041110252, 'min_child_weight': 10}.
[I 2026-05-15 17:41:36,688] Trial 217 finished with values: [0.35728931288933097, 0.48900280548104086] and parameters: {'n_estimators': 439, 'learning_rate': 0.01702458290769914, 'subsample': 0.6783931449676581, 'colsample_bytree': 0.6180909155642152, 'min_child_weight': 8}.
[I 2026-05-15 17:41:37,400] Trial 218 finished with values: [0.34051523825829594, 0.5165610875255371] and parameters: {'n_estimators': 308, 'learning_rate': 0.04018584329485903, 'subsample': 0.8527348848679197, 'colsample_bytree': 0.7793782087913279, 'min_child_weight': 10}.
[I 2026-05-15 17:41:37,922] Trial 219 finished with values: [0.33653557872141415, 0.529764439568845] and parameters: {'n_estimators': 182, 'learning_rate': 0.03058280993112278, 'subsample': 0.9043140194467589, 'colsample_bytree': 0.8245108790277985, 'min_child_weight': 8}.
[I 2026-05-15 17:41:38,623] Trial 220 finished with values: [0.33591730607425363, 0.5545072238340018] and parameters: {'n_estimators': 294, 'learning_rate': 0.040381768820718394, 'subsample': 0.8690073824308153, 'colsample_bytree': 0.9652962210225885, 'min_child_weight': 9}.
[I 2026-05-15 17:41:39,177] Trial 221 finished with values: [0.35562777026214665, 0.5270791344411523] and parameters: {'n_estimators': 238, 'learning_rate': 0.0212853192163843, 'subsample': 0.900949811775072, 'colsample_bytree': 0.9166316174903394, 'min_child_weight': 10}.
[I 2026-05-15 17:41:39,903] Trial 222 finished with values: [0.3165037813683981, 0.5435292889637752] and parameters: {'n_estimators': 348, 'learning_rate': 0.1466769064893309, 'subsample': 0.6364824412194762, 'colsample_bytree': 0.8186841117373118, 'min_child_weight': 5}.
[I 2026-05-15 17:41:40,383] Trial 223 finished with values: [0.34708556744211094, 0.455566200510343] and parameters: {'n_estimators': 61, 'learning_rate': 0.07332660227137139, 'subsample': 0.6508242050607539, 'colsample_bytree': 0.6915192661966489, 'min_child_weight': 1}.
[I 2026-05-15 17:41:41,133] Trial 224 finished with values: [0.3585386663765444, 0.42532848621874997] and parameters: {'n_estimators': 439, 'learning_rate': 0.10704755834674413, 'subsample': 0.7168578594140873, 'colsample_bytree': 0.7465447373174767, 'min_child_weight': 8}.
[I 2026-05-15 17:41:41,772] Trial 225 finished with values: [0.36433386792266614, 0.46471024537007255] and parameters: {'n_estimators': 238, 'learning_rate': 0.0212853192163843, 'subsample': 0.6230235040066577, 'colsample_bytree': 0.8198115529294943, 'min_child_weight': 5}.
[I 2026-05-15 17:41:42,499] Trial 226 finished with values: [0.26139275243670784, 0.5769126703879979] and parameters: {'n_estimators': 420, 'learning_rate': 0.20476075218575424, 'subsample': 0.6508242050607539, 'colsample_bytree': 0.8186841117373118, 'min_child_weight': 4}.
[I 2026-05-15 17:41:43,099] Trial 227 finished with values: [0.33629601717939633, 0.5248247813538336] and parameters: {'n_estimators': 238, 'learning_rate': 0.01351182947645082, 'subsample': 0.8550229885420852, 'colsample_bytree': 0.6468268065710423, 'min_child_weight': 10}.
[I 2026-05-15 17:41:43,885] Trial 228 finished with values: [0.3678008768517397, 0.47294808946343486] and parameters: {'n_estimators': 465, 'learning_rate': 0.01351182947645082, 'subsample': 0.6783931449676581, 'colsample_bytree': 0.6571966728211344, 'min_child_weight': 4}.
[I 2026-05-15 17:41:44,756] Trial 229 finished with values: [0.34626282649676965, 0.46800269654762416] and parameters: {'n_estimators': 465, 'learning_rate': 0.01702458290769914, 'subsample': 0.6390688456025535, 'colsample_bytree': 0.6180909155642152, 'min_child_weight': 8}.
