[I 2026-05-15 17:39:55,174] Trial 73 finished with values: [0.2837200073514005, 0.47197326088314046] and parameters: {'n_estimators': 378, 'learning_rate': 0.02516607127550297, 'subsample': 0.6296178606936361, 'colsample_bytree': 0.9468289274320415, 'min_child_weight': 2}.
[I 2026-05-15 17:39:56,018] Trial 74 finished with values: [0.3463974969865763, 0.6002806098948812] and parameters: {'n_estimators': 408, 'learning_rate': 0.09836162684900028, 'subsample': 0.9046478461314871, 'colsample_bytree': 0.6950550175969599, 'min_child_weight': 8}.
[I 2026-05-15 17:39:56,734] Trial 75 finished with values: [0.24324371220095417, 0.3735086792715399] and parameters: {'n_estimators': 294, 'learning_rate': 0.040381768820718394, 'subsample': 0.9022204554172195, 'colsample_bytree': 0.9652962210225885, 'min_child_weight': 1}.
[I 2026-05-15 17:39:57,458] Trial 76 finished with values: [0.36107794299499607, 0.5297004451287579] and parameters: {'n_estimators': 355, 'learning_rate': 0.01607123851203988, 'subsample': 0.8048372233197124, 'colsample_bytree': 0.7465447373174767, 'min_child_weight': 7}.
[I 2026-05-15 17:39:58,033] Trial 77 finished with values: [0.3359846989455451, 0.5202902385210371] and parameters: {'n_estimators': 280, 'learning_rate': 0.1538583627271404, 'subsample': 0.8006065178748798, 'colsample_bytree': 0.6180909155642152, 'min_child_weight': 8}.
[I 2026-05-15 17:39:58,695] Trial 78 finished with values: [0.335286618570645, 0.547482029407335] and parameters: {'n_estimators': 355, 'learning_rate': 0.01058040360169664, 'subsample': 0.8599855723111061, 'colsample_bytree': 0.6254233401144095, 'min_child_weight': 4}.
[I 2026-05-15 17:39:59,493] Trial 79 finished with values: [0.31092280211546164, 0.5250113565349352] and parameters: {'n_estimators': 348, 'learning_rate': 0.05388108577817234, 'subsample': 0.8080272084711243, 'colsample_bytree': 0.9637281608315128, 'min_child_weight': 3}.
[I 2026-05-15 17:40:00,280] Trial 80 finished with values: [0.3410525516429816, 0.4825187301260011] and parameters: {'n_estimators': 339, 'learning_rate': 0.013313275850595153, 'subsample': 0.6646514856378455, 'colsample_bytree': 0.8807867509030813, 'min_child_weight': 7}.
[I 2026-05-15 17:40:01,075] Trial 81 finished with values: [0.2857893613251816, 0.5653009683318994] and parameters: {'n_estimators': 408, 'learning_rate': 0.2063696403063293, 'subsample': 0.7168578594140873, 'colsample_bytree': 0.7970070775275455, 'min_child_weight': 5}.
[I 2026-05-15 17:40:01,724] Trial 82 finished with values: [0.3325612288092198, 0.5416780363823156] and parameters: {'n_estimators': 156, 'learning_rate': 0.017303875834205888, 'subsample': 0.9718790609370292, 'colsample_bytree': 0.7351980627406143, 'min_child_weight': 4}.
[I 2026-05-15 17:40:02,599] Trial 83 finished with values: [0.2514082931959813, 0.4919812932919367] and parameters: {'n_estimators': 414, 'learning_rate': 0.01471005003927122, 'subsample': 0.6390688456025535, 'colsample_bytree': 0.9509357413523924, 'min_child_weight': 1}.
[I 2026-05-15 17:40:03,267] Trial 84 finished with values: [0.3387517636628635, 0.6310946224842511] and parameters: {'n_estimators': 207, 'learning_rate': 0.1131225105716033, 'subsample': 0.9588441039810308, 'colsample_bytree': 0.8245108790277985, 'min_child_weight': 8}.
[I 2026-05-15 17:40:04,113] Trial 85 finished with values: [0.2734976641418084, 0.44143800290974555] and parameters: {'n_estimators': 414, 'learning_rate': 0.019721610970574007, 'subsample': 0.8313120563984696, 'colsample_bytree': 0.836965827544817, 'min_child_weight': 1}.
[I 2026-05-15 17:40:04,567] Trial 86 finished with values: [0.34746191534787185, 0.5028398578601582] and parameters: {'n_estimators': 66, 'learning_rate': 0.04872420129560894, 'subsample': 0.9046478461314871, 'colsample_bytree': 0.6950550175969599, 'min_child_weight': 10}.
[I 2026-05-15 17:40:05,283] Trial 87 finished with values: [0.331326584125477, 0.4564846978838453] and parameters: {'n_estimators': 294, 'learning_rate': 0.028180680291847244, 'subsample': 0.6390688456025535, 'colsample_bytree': 0.6027808522124762, 'min_child_weight': 5}.
[I 2026-05-15 17:40:05,925] Trial 88 finished with values: [0.33152384164067683, 0.5721299851701639] and parameters: {'n_estimators': 179, 'learning_rate': 0.16155001304356414, 'subsample': 0.7168578594140873, 'colsample_bytree': 0.7465447373174767, 'min_child_weight': 6}.
[I 2026-05-15 17:40:06,500] Trial 89 finished with values: [0.3443442308528633, 0.4062920696191742] and parameters: {'n_estimators': 238, 'learning_rate': 0.0212853192163843, 'subsample': 0.6479461469334731, 'colsample_bytree': 0.7350460685614512, 'min_child_weight': 10}.
[I 2026-05-15 17:40:07,268] Trial 90 finished with values: [0.26274529379678524, 0.4437829381303371] and parameters: {'n_estimators': 348, 'learning_rate': 0.028869220380495747, 'subsample': 0.8363333042276043, 'colsample_bytree': 0.8186841117373118, 'min_child_weight': 1}.
[I 2026-05-15 17:40:08,046] Trial 91 finished with values: [0.3452371954255485, 0.5561620175922346] and parameters: {'n_estimators': 468, 'learning_rate': 0.01351182947645082, 'subsample': 0.9866619276174678, 'colsample_bytree': 0.6149392754996857, 'min_child_weight': 4}.
[I 2026-05-15 17:40:08,714] Trial 92 finished with values: [0.28382097385706073, 0.5567506675940699] and parameters: {'n_estimators': 426, 'learning_rate': 0.029773579612263783, 'subsample': 0.8550229885420852, 'colsample_bytree': 0.6163100566219055, 'min_child_weight': 5}.
[I 2026-05-15 17:40:09,501] Trial 93 finished with values: [0.31930349677987324, 0.3935481164753924] and parameters: {'n_estimators': 420, 'learning_rate': 0.03404436610591982, 'subsample': 0.6508242050607539, 'colsample_bytree': 0.8186841117373118, 'min_child_weight': 6}.
[I 2026-05-15 17:40:10,147] Trial 94 finished with values: [0.29868641123012835, 0.5939658566593587] and parameters: {'n_estimators': 339, 'learning_rate': 0.13720623374101712, 'subsample': 0.6863284109987373, 'colsample_bytree': 0.8491561903276001, 'min_child_weight': 1}.
[I 2026-05-15 17:40:10,818] Trial 95 finished with values: [0.3167997003725875, 0.4745359134435413] and parameters: {'n_estimators': 225, 'learning_rate': 0.01607123851203988, 'subsample': 0.7168578594140873, 'colsample_bytree': 0.7465447373174767, 'min_child_weight': 1}.
[I 2026-05-15 17:40:11,302] Trial 96 finished with values: [0.33564081437466625, 0.4500270212276513] and parameters: {'n_estimators': 128, 'learning_rate': 0.10485733570643786, 'subsample': 0.8125418526272592, 'colsample_bytree': 0.8736932106048627, 'min_child_weight': 2}.
[I 2026-05-15 17:40:12,000] Trial 97 finished with values: [0.3143806177827023, 0.5794215530704775] and parameters: {'n_estimators': 293, 'learning_rate': 0.1538583627271404, 'subsample': 0.6746280235544143, 'colsample_bytree': 0.9570235993959911, 'min_child_weight': 10}.
[I 2026-05-15 17:40:12,748] Trial 98 finished with values: [0.34455599956572336, 0.5393453422616588] and parameters: {'n_estimators': 439, 'learning_rate': 0.030245085073501415, 'subsample': 0.8985965620472096, 'colsample_bytree': 0.8598531596188859, 'min_child_weight': 9}.
[I 2026-05-15 17:40:13,304] Trial 99 finished with values: [0.2901979759380778, 0.4257988127355767] and parameters: {'n_estimators': 238, 'learning_rate': 0.019721610970574007, 'subsample': 0.8549719605992826, 'colsample_bytree': 0.836965827544817, 'min_child_weight': 1}.
[I 2026-05-15 17:40:14,090] Trial 100 finished with values: [0.3192139599650893, 0.6501168126178912] and parameters: {'n_estimators': 377, 'learning_rate': 0.04872420129560894, 'subsample': 0.9046478461314871, 'colsample_bytree': 0.8034282764658811, 'min_child_weight': 4}.
[I 2026-05-15 17:40:14,940] Trial 101 finished with values: [0.3433619403643153, 0.37784568861590195] and parameters: {'n_estimators': 459, 'learning_rate': 0.022587177280197233, 'subsample': 0.6579579488364892, 'colsample_bytree': 0.7957811041110252, 'min_child_weight': 10}.
[I 2026-05-15 17:40:15,747] Trial 102 finished with values: [0.3564063359151679, 0.4639041541221108] and parameters: {'n_estimators': 346, 'learning_rate': 0.01412166070620751, 'subsample': 0.8654007076432223, 'colsample_bytree': 0.6020246335384875, 'min_child_weight': 2}.
[I 2026-05-15 17:40:16,704] Trial 103 finished with values: [0.21406314394063242, 0.45585043403797104] and parameters: {'n_estimators': 490, 'learning_rate': 0.028869220380495747, 'subsample': 0.8363333042276043, 'colsample_bytree': 0.7454518409517176, 'min_child_weight': 1}.
[I 2026-05-15 17:40:17,520] Trial 104 finished with values: [0.34523762524279017, 0.5437158348804532] and parameters: {'n_estimators': 398, 'learning_rate': 0.07950609693143304, 'subsample': 0.8010716092915446, 'colsample_bytree': 0.6205915004999957, 'min_child_weight': 8}.
[I 2026-05-15 17:40:18,100] Trial 105 finished with values: [0.3390290729143496, 0.4576111256795258] and parameters: {'n_estimators': 66, 'learning_rate': 0.028180680291847244, 'subsample': 0.6390688456025535, 'colsample_bytree': 0.6205915004999957, 'min_child_weight': 5}.
[I 2026-05-15 17:40:18,816] Trial 106 finished with values: [0.20068981505113884, 0.6519544729742388] and parameters: {'n_estimators': 404, 'learning_rate': 0.057894621409801394, 'subsample': 0.9046478461314871, 'colsample_bytree': 0.836965827544817, 'min_child_weight': 1}.
[I 2026-05-15 17:40:19,569] Trial 107 finished with values: [0.3287751431799115, 0.5283589327672615] and parameters: {'n_estimators': 294, 'learning_rate': 0.029994793096631372, 'subsample': 0.8048372233197124, 'colsample_bytree': 0.9652962210225885, 'min_child_weight': 7}.
[I 2026-05-15 17:40:20,374] Trial 108 finished with values: [0.3016681409384325, 0.497961601009073] and parameters: {'n_estimators': 439, 'learning_rate': 0.10704755834674413, 'subsample': 0.6137554084460873, 'colsample_bytree': 0.7465447373174767, 'min_child_weight': 3}.
[I 2026-05-15 17:40:21,171] Trial 109 finished with values: [0.3338020798013269, 0.6772727680220958] and parameters: {'n_estimators': 408, 'learning_rate': 0.10485733570643786, 'subsample': 0.9314950036607718, 'colsample_bytree': 0.7427013306774357, 'min_child_weight': 2}.
[I 2026-05-15 17:40:21,774] Trial 110 finished with values: [0.347266294168915, 0.45309692512100924] and parameters: {'n_estimators': 238, 'learning_rate': 0.0212853192163843, 'subsample': 0.6479461469334731, 'colsample_bytree': 0.7350460685614512, 'min_child_weight': 3}.
[I 2026-05-15 17:40:22,421] Trial 111 finished with values: [0.3403798364444325, 0.6242472420370999] and parameters: {'n_estimators': 297, 'learning_rate': 0.10519936117151477, 'subsample': 0.8607845038010402, 'colsample_bytree': 0.7755885682822544, 'min_child_weight': 1}.
[I 2026-05-15 17:40:23,193] Trial 112 finished with values: [0.3318203608304332, 0.485522269101628] and parameters: {'n_estimators': 426, 'learning_rate': 0.029773579612263783, 'subsample': 0.6746074041599417, 'colsample_bytree': 0.6149392754996857, 'min_child_weight': 4}.
/home/mklemmingen/PycharmProjects/migraine-forecasting-shd/.venv/lib/python3.13/site-packages/sklearn/linear_model/_sag.py:348: ConvergenceWarning: The max_iter was reached which means the coef_ did not converge
  warnings.warn(
[I 2026-05-15 17:40:23,737] Trial 113 finished with values: [0.30294874414869255, 0.42299666555520565] and parameters: {'n_estimators': 54, 'learning_rate': 0.019721610970574007, 'subsample': 0.8654007076432223, 'colsample_bytree': 0.836965827544817, 'min_child_weight': 1}.
[I 2026-05-15 17:40:24,438] Trial 114 finished with values: [0.31709263343577065, 0.46794167637022765] and parameters: {'n_estimators': 439, 'learning_rate': 0.10704755834674413, 'subsample': 0.6313825525369063, 'colsample_bytree': 0.7465447373174767, 'min_child_weight': 4}.
[I 2026-05-15 17:40:25,114] Trial 115 finished with values: [0.26630576574274845, 0.45302581972978173] and parameters: {'n_estimators': 324, 'learning_rate': 0.028180680291847244, 'subsample': 0.6260206371941118, 'colsample_bytree': 0.9795542149013333, 'min_child_weight': 1}.
[I 2026-05-15 17:40:25,737] Trial 116 finished with values: [0.3715183379911795, 0.5575845003868615] and parameters: {'n_estimators': 324, 'learning_rate': 0.0178601378893971, 'subsample': 0.98505936587117, 'colsample_bytree': 0.9795542149013333, 'min_child_weight': 10}.
[I 2026-05-15 17:40:26,281] Trial 117 finished with values: [0.29599556053668563, 0.4372368269587657] and parameters: {'n_estimators': 207, 'learning_rate': 0.11812030596598909, 'subsample': 0.6783931449676581, 'colsample_bytree': 0.954834569706047, 'min_child_weight': 8}.
[I 2026-05-15 17:40:26,829] Trial 118 finished with values: [0.36118107492176976, 0.42392289619690626] and parameters: {'n_estimators': 105, 'learning_rate': 0.05388108577817234, 'subsample': 0.6479461469334731, 'colsample_bytree': 0.7350460685614512, 'min_child_weight': 9}.
[I 2026-05-15 17:40:27,630] Trial 119 finished with values: [0.3151707153619954, 0.6150474720304514] and parameters: {'n_estimators': 426, 'learning_rate': 0.10666901691534954, 'subsample': 0.8010716092915446, 'colsample_bytree': 0.6205915004999957, 'min_child_weight': 6}.
[I 2026-05-15 17:40:28,071] Trial 120 finished with values: [0.35170612898430664, 0.4270261828365016] and parameters: {'n_estimators': 66, 'learning_rate': 0.04018584329485903, 'subsample': 0.6390688456025535, 'colsample_bytree': 0.6693177280283383, 'min_child_weight': 10}.
[I 2026-05-15 17:40:28,935] Trial 121 finished with values: [0.36036145531502434, 0.48162072368040765] and parameters: {'n_estimators': 465, 'learning_rate': 0.01702458290769914, 'subsample': 0.6783931449676581, 'colsample_bytree': 0.6180909155642152, 'min_child_weight': 8}.
[I 2026-05-15 17:40:29,784] Trial 122 finished with values: [0.2298614495292092, 0.4423662886864309] and parameters: {'n_estimators': 414, 'learning_rate': 0.023422815835049925, 'subsample': 0.8196906658824482, 'colsample_bytree': 0.836965827544817, 'min_child_weight': 1}.
[I 2026-05-15 17:40:30,519] Trial 123 finished with values: [0.33784401528658325, 0.40364674062608225] and parameters: {'n_estimators': 398, 'learning_rate': 0.0212853192163843, 'subsample': 0.6479461469334731, 'colsample_bytree': 0.9261845713819337, 'min_child_weight': 10}.
[I 2026-05-15 17:40:31,340] Trial 124 finished with values: [0.3223776338086443, 0.5225060738792069] and parameters: {'n_estimators': 355, 'learning_rate': 0.11364355894710455, 'subsample': 0.6479461469334731, 'colsample_bytree': 0.7465447373174767, 'min_child_weight': 10}.
[I 2026-05-15 17:40:32,135] Trial 125 finished with values: [0.29477358133340453, 0.7083983029109493] and parameters: {'n_estimators': 348, 'learning_rate': 0.09444774154985085, 'subsample': 0.9022204554172195, 'colsample_bytree': 0.8186841117373118, 'min_child_weight': 2}.
[I 2026-05-15 17:40:32,994] Trial 126 finished with values: [0.36781159547283354, 0.5314869283469935] and parameters: {'n_estimators': 465, 'learning_rate': 0.01351182947645082, 'subsample': 0.7119735587783771, 'colsample_bytree': 0.6205915004999957, 'min_child_weight': 4}.
[I 2026-05-15 17:40:33,776] Trial 127 finished with values: [0.2963158903065641, 0.37858169477807746] and parameters: {'n_estimators': 348, 'learning_rate': 0.019721610970574007, 'subsample': 0.9022204554172195, 'colsample_bytree': 0.6915192661966489, 'min_child_weight': 1}.
[I 2026-05-15 17:40:34,662] Trial 128 finished with values: [0.3269610853860308, 0.5220784680218914] and parameters: {'n_estimators': 480, 'learning_rate': 0.12301645833176054, 'subsample': 0.8217416210045603, 'colsample_bytree': 0.8446882984937409, 'min_child_weight': 5}.
[I 2026-05-15 17:40:35,252] Trial 129 finished with values: [0.34533629119158726, 0.5202482932222543] and parameters: {'n_estimators': 103, 'learning_rate': 0.028869220380495747, 'subsample': 0.8363333042276043, 'colsample_bytree': 0.8186841117373118, 'min_child_weight': 8}.
[I 2026-05-15 17:40:35,957] Trial 130 finished with values: [0.3600387995666444, 0.4046973359631365] and parameters: {'n_estimators': 398, 'learning_rate': 0.019657448966046126, 'subsample': 0.602208846849441, 'colsample_bytree': 0.699092395800463, 'min_child_weight': 10}.
[I 2026-05-15 17:40:36,751] Trial 131 finished with values: [0.34118282577086523, 0.494115497257064] and parameters: {'n_estimators': 398, 'learning_rate': 0.019657448966046126, 'subsample': 0.6783931449676581, 'colsample_bytree': 0.7423890714605046, 'min_child_weight': 8}.
[I 2026-05-15 17:40:37,612] Trial 132 finished with values: [0.3497547147656609, 0.5031163963481199] and parameters: {'n_estimators': 468, 'learning_rate': 0.010501731925367071, 'subsample': 0.602208846849441, 'colsample_bytree': 0.9261845713819337, 'min_child_weight': 9}.
[I 2026-05-15 17:40:38,415] Trial 133 finished with values: [0.3629615418841081, 0.5374959959080008] and parameters: {'n_estimators': 398, 'learning_rate': 0.01607123851203988, 'subsample': 0.8048372233197124, 'colsample_bytree': 0.9261845713819337, 'min_child_weight': 8}.
[I 2026-05-15 17:40:39,106] Trial 134 finished with values: [0.303048918827287, 0.4555665576191574] and parameters: {'n_estimators': 225, 'learning_rate': 0.022587177280197233, 'subsample': 0.6579579488364892, 'colsample_bytree': 0.7427013306774357, 'min_child_weight': 2}.
[I 2026-05-15 17:40:39,763] Trial 135 finished with values: [0.3407062781530487, 0.45211624497879976] and parameters: {'n_estimators': 324, 'learning_rate': 0.0178601378893971, 'subsample': 0.6260206371941118, 'colsample_bytree': 0.9795542149013333, 'min_child_weight': 10}.
[I 2026-05-15 17:40:40,591] Trial 136 finished with values: [0.352880779354905, 0.45556640853589486] and parameters: {'n_estimators': 439, 'learning_rate': 0.011693687409928539, 'subsample': 0.616291520927588, 'colsample_bytree': 0.8598531596188859, 'min_child_weight': 9}.
[I 2026-05-15 17:40:41,038] Trial 137 finished with values: [0.33788666899661396, 0.4760988748174738] and parameters: {'n_estimators': 64, 'learning_rate': 0.183492792986878, 'subsample': 0.8814631437520095, 'colsample_bytree': 0.78966953163493, 'min_child_weight': 8}.
[I 2026-05-15 17:40:41,924] Trial 138 finished with values: [0.25572649842303197, 0.41629957591641853] and parameters: {'n_estimators': 439, 'learning_rate': 0.030245085073501415, 'subsample': 0.7257423924305306, 'colsample_bytree': 0.8034282764658811, 'min_child_weight': 1}.
[I 2026-05-15 17:40:42,734] Trial 139 finished with values: [0.35684187995102135, 0.6262079890719591] and parameters: {'n_estimators': 426, 'learning_rate': 0.029773579612263783, 'subsample': 0.9866619276174678, 'colsample_bytree': 0.9854479908357011, 'min_child_weight': 6}.
[I 2026-05-15 17:40:43,493] Trial 140 finished with values: [0.3662222800986158, 0.48515500458543154] and parameters: {'n_estimators': 439, 'learning_rate': 0.019721610970574007, 'subsample': 0.7168578594140873, 'colsample_bytree': 0.7465447373174767, 'min_child_weight': 5}.
[I 2026-05-15 17:40:44,087] Trial 141 finished with values: [0.3470825040882137, 0.4803721414391591] and parameters: {'n_estimators': 128, 'learning_rate': 0.10485733570643786, 'subsample': 0.6783931449676581, 'colsample_bytree': 0.8736932106048627, 'min_child_weight': 4}.
[I 2026-05-15 17:40:44,707] Trial 142 finished with values: [0.3121418321004976, 0.48286221504051374] and parameters: {'n_estimators': 159, 'learning_rate': 0.0178601378893971, 'subsample': 0.7893887083122263, 'colsample_bytree': 0.6950550175969599, 'min_child_weight': 2}.
[I 2026-05-15 17:40:45,517] Trial 143 finished with values: [0.35143276264419676, 0.3833215800457547] and parameters: {'n_estimators': 324, 'learning_rate': 0.043737251953017454, 'subsample': 0.6508242050607539, 'colsample_bytree': 0.9795542149013333, 'min_child_weight': 10}.
[I 2026-05-15 17:40:46,042] Trial 144 finished with values: [0.3565003022570893, 0.4452586318016715] and parameters: {'n_estimators': 156, 'learning_rate': 0.029385442161128397, 'subsample': 0.6137554084460873, 'colsample_bytree': 0.8598531596188859, 'min_child_weight': 9}.
[I 2026-05-15 17:40:46,583] Trial 145 finished with values: [0.3307913115173706, 0.5050595609217315] and parameters: {'n_estimators': 66, 'learning_rate': 0.04872420129560894, 'subsample': 0.9046478461314871, 'colsample_bytree': 0.7594018937589494, 'min_child_weight': 7}.
[I 2026-05-15 17:40:47,133] Trial 146 finished with values: [0.2786431417317241, 0.36714613327269097] and parameters: {'n_estimators': 156, 'learning_rate': 0.08671821512512803, 'subsample': 0.8654007076432223, 'colsample_bytree': 0.8598531596188859, 'min_child_weight': 2}.
/home/mklemmingen/PycharmProjects/migraine-forecasting-shd/.venv/lib/python3.13/site-packages/sklearn/linear_model/_sag.py:348: ConvergenceWarning: The max_iter was reached which means the coef_ did not converge
  warnings.warn(
[I 2026-05-15 17:40:47,636] Trial 147 finished with values: [0.33951901717384864, 0.46245795045169036] and parameters: {'n_estimators': 70, 'learning_rate': 0.017797595772834223, 'subsample': 0.7498450458505885, 'colsample_bytree': 0.82272050498334, 'min_child_weight': 10}.
[I 2026-05-15 17:40:48,514] Trial 148 finished with values: [0.26569498046562534, 0.4380245744101117] and parameters: {'n_estimators': 465, 'learning_rate': 0.01351182947645082, 'subsample': 0.6783931449676581, 'colsample_bytree': 0.6180909155642152, 'min_child_weight': 2}.
[I 2026-05-15 17:40:49,298] Trial 149 finished with values: [0.3336978520945239, 0.444149881081513] and parameters: {'n_estimators': 324, 'learning_rate': 0.030245085073501415, 'subsample': 0.6260206371941118, 'colsample_bytree': 0.8598531596188859, 'min_child_weight': 9}.
[I 2026-05-15 17:40:50,160] Trial 150 finished with values: [0.28022531475265283, 0.5665135796677326] and parameters: {'n_estimators': 439, 'learning_rate': 0.10704755834674413, 'subsample': 0.637469907131237, 'colsample_bytree': 0.8503439662856945, 'min_child_weight': 9}.
