[I 2026-05-22 17:46:16,190] Trial 217 finished with value: 0.5809339232583554 and parameters: {'n_estimators': 260, 'learning_rate': 0.08055323771079952, 'subsample': 0.6668135784368301, 'colsample_bytree': 0.9964674504547906, 'min_child_weight': 3}. Best is trial 52 with value: 0.6236264328219823.
[I 2026-05-22 17:46:17,000] Trial 218 finished with value: 0.6073502839888245 and parameters: {'n_estimators': 475, 'learning_rate': 0.09111856536457716, 'subsample': 0.8430947179515437, 'colsample_bytree': 0.8050754044066034, 'min_child_weight': 3}. Best is trial 52 with value: 0.6236264328219823.
[I 2026-05-22 17:46:17,429] Trial 219 finished with value: 0.5886479652157867 and parameters: {'n_estimators': 129, 'learning_rate': 0.021168245605336592, 'subsample': 0.6745753048577018, 'colsample_bytree': 0.9118337894267013, 'min_child_weight': 4}. Best is trial 52 with value: 0.6236264328219823.
[I 2026-05-22 17:46:17,813] Trial 220 finished with value: 0.5844286618901942 and parameters: {'n_estimators': 76, 'learning_rate': 0.27007357481469935, 'subsample': 0.9535143539853703, 'colsample_bytree': 0.9711009132780852, 'min_child_weight': 10}. Best is trial 52 with value: 0.6236264328219823.
[I 2026-05-22 17:46:18,231] Trial 221 finished with value: 0.5831395948621644 and parameters: {'n_estimators': 128, 'learning_rate': 0.038485533221220426, 'subsample': 0.9032953902816365, 'colsample_bytree': 0.8784082472215169, 'min_child_weight': 2}. Best is trial 52 with value: 0.6236264328219823.
[I 2026-05-22 17:46:19,007] Trial 222 finished with value: 0.5692299958708762 and parameters: {'n_estimators': 417, 'learning_rate': 0.021454872553820167, 'subsample': 0.6895270459290492, 'colsample_bytree': 0.8147897691573655, 'min_child_weight': 6}. Best is trial 52 with value: 0.6236264328219823.
[I 2026-05-22 17:46:19,621] Trial 223 finished with value: 0.5798845606520528 and parameters: {'n_estimators': 311, 'learning_rate': 0.013650141458097294, 'subsample': 0.9509843450521521, 'colsample_bytree': 0.7062400170354824, 'min_child_weight': 2}. Best is trial 52 with value: 0.6236264328219823.
[I 2026-05-22 17:46:20,338] Trial 224 finished with value: 0.5707873681710124 and parameters: {'n_estimators': 450, 'learning_rate': 0.25799609949079394, 'subsample': 0.9448510469061803, 'colsample_bytree': 0.9238064298899512, 'min_child_weight': 7}. Best is trial 52 with value: 0.6236264328219823.
[I 2026-05-22 17:46:20,942] Trial 225 finished with value: 0.5857213335384992 and parameters: {'n_estimators': 298, 'learning_rate': 0.013442807881704787, 'subsample': 0.7633812852282795, 'colsample_bytree': 0.7490754068049256, 'min_child_weight': 3}. Best is trial 52 with value: 0.6236264328219823.
[I 2026-05-22 17:46:21,600] Trial 226 finished with value: 0.5869121426545811 and parameters: {'n_estimators': 376, 'learning_rate': 0.05400930490489831, 'subsample': 0.6324184863630592, 'colsample_bytree': 0.6880732807799246, 'min_child_weight': 7}. Best is trial 52 with value: 0.6236264328219823.
[I 2026-05-22 17:46:22,103] Trial 227 finished with value: 0.5805359816142931 and parameters: {'n_estimators': 84, 'learning_rate': 0.18085720917034953, 'subsample': 0.7980586108055897, 'colsample_bytree': 0.7922346309306592, 'min_child_weight': 6}. Best is trial 52 with value: 0.6236264328219823.
[I 2026-05-22 17:46:22,866] Trial 228 finished with value: 0.5781987519464491 and parameters: {'n_estimators': 421, 'learning_rate': 0.03264046773889467, 'subsample': 0.8712064610236254, 'colsample_bytree': 0.8262927855983164, 'min_child_weight': 3}. Best is trial 52 with value: 0.6236264328219823.
[I 2026-05-22 17:46:23,556] Trial 229 finished with value: 0.5989255290549211 and parameters: {'n_estimators': 446, 'learning_rate': 0.1506242597564433, 'subsample': 0.8633807338633701, 'colsample_bytree': 0.9402326916376967, 'min_child_weight': 9}. Best is trial 52 with value: 0.6236264328219823.
[I 2026-05-22 17:46:24,262] Trial 230 finished with value: 0.5755863146736309 and parameters: {'n_estimators': 369, 'learning_rate': 0.17233368627246023, 'subsample': 0.8789885846677135, 'colsample_bytree': 0.8720563087041202, 'min_child_weight': 7}. Best is trial 52 with value: 0.6236264328219823.
[I 2026-05-22 17:46:24,931] Trial 231 finished with value: 0.58328023204443 and parameters: {'n_estimators': 389, 'learning_rate': 0.01715058633804989, 'subsample': 0.9523483036795714, 'colsample_bytree': 0.9487374110980928, 'min_child_weight': 1}. Best is trial 52 with value: 0.6236264328219823.
[I 2026-05-22 17:46:25,733] Trial 232 finished with value: 0.5784244444805232 and parameters: {'n_estimators': 422, 'learning_rate': 0.015500882360981386, 'subsample': 0.7340475417036567, 'colsample_bytree': 0.897403302516643, 'min_child_weight': 2}. Best is trial 52 with value: 0.6236264328219823.
[I 2026-05-22 17:46:26,523] Trial 233 finished with value: 0.6017169441604263 and parameters: {'n_estimators': 418, 'learning_rate': 0.16949741572693364, 'subsample': 0.8029870935043345, 'colsample_bytree': 0.6025543486867334, 'min_child_weight': 3}. Best is trial 52 with value: 0.6236264328219823.
[I 2026-05-22 17:46:27,137] Trial 234 finished with value: 0.6059703936300079 and parameters: {'n_estimators': 328, 'learning_rate': 0.2814044483905247, 'subsample': 0.8527254108066673, 'colsample_bytree': 0.703921432425664, 'min_child_weight': 7}. Best is trial 52 with value: 0.6236264328219823.
[I 2026-05-22 17:46:27,815] Trial 235 finished with value: 0.5852696303627214 and parameters: {'n_estimators': 293, 'learning_rate': 0.14188164286328378, 'subsample': 0.6427922555307833, 'colsample_bytree': 0.9044111610008112, 'min_child_weight': 6}. Best is trial 52 with value: 0.6236264328219823.
[I 2026-05-22 17:46:28,731] Trial 236 finished with value: 0.5838628677651724 and parameters: {'n_estimators': 484, 'learning_rate': 0.031987967260885763, 'subsample': 0.8530487572535792, 'colsample_bytree': 0.9728112422040069, 'min_child_weight': 2}. Best is trial 52 with value: 0.6236264328219823.
[I 2026-05-22 17:46:29,447] Trial 237 finished with value: 0.5941869781502543 and parameters: {'n_estimators': 472, 'learning_rate': 0.10377449322923026, 'subsample': 0.6271348236420687, 'colsample_bytree': 0.7203854267787265, 'min_child_weight': 8}. Best is trial 52 with value: 0.6236264328219823.
[I 2026-05-22 17:46:29,853] Trial 238 finished with value: 0.5793162089970619 and parameters: {'n_estimators': 80, 'learning_rate': 0.07243298125258663, 'subsample': 0.7383532227811826, 'colsample_bytree': 0.8483662071069908, 'min_child_weight': 1}. Best is trial 52 with value: 0.6236264328219823.
[I 2026-05-22 17:46:30,553] Trial 239 finished with value: 0.5946480645802975 and parameters: {'n_estimators': 443, 'learning_rate': 0.2741329550308027, 'subsample': 0.9875511421142766, 'colsample_bytree': 0.8998607326971699, 'min_child_weight': 2}. Best is trial 52 with value: 0.6236264328219823.
[I 2026-05-22 17:46:31,203] Trial 240 finished with value: 0.5851919994005099 and parameters: {'n_estimators': 391, 'learning_rate': 0.010872210614728706, 'subsample': 0.6088494206115989, 'colsample_bytree': 0.7294440876598165, 'min_child_weight': 5}. Best is trial 52 with value: 0.6236264328219823.
[I 2026-05-22 17:46:31,830] Trial 241 finished with value: 0.5892153733069234 and parameters: {'n_estimators': 397, 'learning_rate': 0.10216687836661903, 'subsample': 0.7783610825506994, 'colsample_bytree': 0.7094506665126663, 'min_child_weight': 10}. Best is trial 52 with value: 0.6236264328219823.
[I 2026-05-22 17:46:32,360] Trial 242 finished with value: 0.583010393997254 and parameters: {'n_estimators': 242, 'learning_rate': 0.04642515557144032, 'subsample': 0.6654495284766676, 'colsample_bytree': 0.9179238194999717, 'min_child_weight': 7}. Best is trial 52 with value: 0.6236264328219823.
[I 2026-05-22 17:46:32,836] Trial 243 finished with value: 0.5808357349488 and parameters: {'n_estimators': 149, 'learning_rate': 0.013233867846615706, 'subsample': 0.8721997208298853, 'colsample_bytree': 0.861804485712454, 'min_child_weight': 3}. Best is trial 52 with value: 0.6236264328219823.
[I 2026-05-22 17:46:33,585] Trial 244 finished with value: 0.5801690946826021 and parameters: {'n_estimators': 478, 'learning_rate': 0.016715940732072453, 'subsample': 0.7729339204170408, 'colsample_bytree': 0.9774463680670396, 'min_child_weight': 5}. Best is trial 52 with value: 0.6236264328219823.
[I 2026-05-22 17:46:34,320] Trial 245 finished with value: 0.5850757233532736 and parameters: {'n_estimators': 337, 'learning_rate': 0.03866296319102493, 'subsample': 0.7096860809394681, 'colsample_bytree': 0.9935910591839313, 'min_child_weight': 5}. Best is trial 52 with value: 0.6236264328219823.
[I 2026-05-22 17:46:35,002] Trial 246 finished with value: 0.5751913794221826 and parameters: {'n_estimators': 453, 'learning_rate': 0.02186104086033942, 'subsample': 0.6852418816100333, 'colsample_bytree': 0.6124536331538045, 'min_child_weight': 7}. Best is trial 52 with value: 0.6236264328219823.
[I 2026-05-22 17:46:35,486] Trial 247 finished with value: 0.595294036824992 and parameters: {'n_estimators': 216, 'learning_rate': 0.18913066193087913, 'subsample': 0.7892839626766228, 'colsample_bytree': 0.9872773711658887, 'min_child_weight': 2}. Best is trial 52 with value: 0.6236264328219823.
[I 2026-05-22 17:46:36,277] Trial 248 finished with value: 0.5951069136506035 and parameters: {'n_estimators': 441, 'learning_rate': 0.14032263056055083, 'subsample': 0.9083687378576208, 'colsample_bytree': 0.937913291246755, 'min_child_weight': 8}. Best is trial 52 with value: 0.6236264328219823.
[I 2026-05-22 17:46:36,891] Trial 249 finished with value: 0.582085987676498 and parameters: {'n_estimators': 332, 'learning_rate': 0.015626603702629693, 'subsample': 0.6130104717965007, 'colsample_bytree': 0.9683391391262748, 'min_child_weight': 7}. Best is trial 52 with value: 0.6236264328219823.
[I 2026-05-22 17:46:37,549] Trial 250 finished with value: 0.5759052468463614 and parameters: {'n_estimators': 409, 'learning_rate': 0.05143596593714486, 'subsample': 0.6469232755849578, 'colsample_bytree': 0.6500743168810201, 'min_child_weight': 7}. Best is trial 52 with value: 0.6236264328219823.
[I 2026-05-22 17:46:38,092] Trial 251 finished with value: 0.5840691292289703 and parameters: {'n_estimators': 244, 'learning_rate': 0.019778772535024504, 'subsample': 0.7966378186965748, 'colsample_bytree': 0.6256835748300537, 'min_child_weight': 6}. Best is trial 52 with value: 0.6236264328219823.
[I 2026-05-22 17:46:38,590] Trial 252 finished with value: 0.6047021409333274 and parameters: {'n_estimators': 171, 'learning_rate': 0.15069245195299658, 'subsample': 0.7241447835694295, 'colsample_bytree': 0.7820880596327204, 'min_child_weight': 1}. Best is trial 52 with value: 0.6236264328219823.
[I 2026-05-22 17:46:38,871] Trial 253 finished with value: 0.5817094764937335 and parameters: {'n_estimators': 82, 'learning_rate': 0.03799798565961001, 'subsample': 0.7919755338868494, 'colsample_bytree': 0.8400082192477215, 'min_child_weight': 3}. Best is trial 52 with value: 0.6236264328219823.
[I 2026-05-22 17:46:39,601] Trial 254 finished with value: 0.588651173511807 and parameters: {'n_estimators': 363, 'learning_rate': 0.18642539611497197, 'subsample': 0.91194039555734, 'colsample_bytree': 0.6158475301393428, 'min_child_weight': 5}. Best is trial 52 with value: 0.6236264328219823.
[I 2026-05-22 17:46:40,030] Trial 255 finished with value: 0.5849923615668476 and parameters: {'n_estimators': 97, 'learning_rate': 0.02277874734335831, 'subsample': 0.9946650373068586, 'colsample_bytree': 0.6569982171606052, 'min_child_weight': 5}. Best is trial 52 with value: 0.6236264328219823.
[I 2026-05-22 17:46:40,656] Trial 256 finished with value: 0.5850858239613623 and parameters: {'n_estimators': 328, 'learning_rate': 0.1090500674878377, 'subsample': 0.8238594733947656, 'colsample_bytree': 0.6039083389676735, 'min_child_weight': 4}. Best is trial 52 with value: 0.6236264328219823.
[I 2026-05-22 17:46:41,277] Trial 257 finished with value: 0.588479045115297 and parameters: {'n_estimators': 283, 'learning_rate': 0.013483091242052886, 'subsample': 0.7402507724836723, 'colsample_bytree': 0.6132812435165466, 'min_child_weight': 1}. Best is trial 52 with value: 0.6236264328219823.
[I 2026-05-22 17:46:41,905] Trial 258 finished with value: 0.5788016028330536 and parameters: {'n_estimators': 229, 'learning_rate': 0.015704975424207217, 'subsample': 0.8270163393046233, 'colsample_bytree': 0.8757859876549063, 'min_child_weight': 9}. Best is trial 52 with value: 0.6236264328219823.
[I 2026-05-22 17:46:42,475] Trial 259 finished with value: 0.5877920914215794 and parameters: {'n_estimators': 140, 'learning_rate': 0.01767632923587304, 'subsample': 0.6418271361337601, 'colsample_bytree': 0.8545720998174546, 'min_child_weight': 8}. Best is trial 52 with value: 0.6236264328219823.
[I 2026-05-22 17:46:42,951] Trial 260 finished with value: 0.5917599841558551 and parameters: {'n_estimators': 64, 'learning_rate': 0.2414899201224445, 'subsample': 0.6207885134605889, 'colsample_bytree': 0.8165185341204282, 'min_child_weight': 8}. Best is trial 52 with value: 0.6236264328219823.
[I 2026-05-22 17:46:43,607] Trial 261 finished with value: 0.5885540389030277 and parameters: {'n_estimators': 442, 'learning_rate': 0.11344699198303249, 'subsample': 0.9206912332279167, 'colsample_bytree': 0.7357800770171224, 'min_child_weight': 9}. Best is trial 52 with value: 0.6236264328219823.
[I 2026-05-22 17:46:44,012] Trial 262 finished with value: 0.590688063484581 and parameters: {'n_estimators': 86, 'learning_rate': 0.20977450344190512, 'subsample': 0.8190369504614945, 'colsample_bytree': 0.9269191079849974, 'min_child_weight': 5}. Best is trial 52 with value: 0.6236264328219823.
[I 2026-05-22 17:46:44,734] Trial 263 finished with value: 0.5712374921476889 and parameters: {'n_estimators': 340, 'learning_rate': 0.05991844844327821, 'subsample': 0.8926358087021327, 'colsample_bytree': 0.6326519928122358, 'min_child_weight': 1}. Best is trial 52 with value: 0.6236264328219823.
[I 2026-05-22 17:46:45,208] Trial 264 finished with value: 0.5891569076542743 and parameters: {'n_estimators': 161, 'learning_rate': 0.017205481781219126, 'subsample': 0.9487134266368806, 'colsample_bytree': 0.6876855949432177, 'min_child_weight': 10}. Best is trial 52 with value: 0.6236264328219823.
[I 2026-05-22 17:46:45,715] Trial 265 finished with value: 0.5782552703224952 and parameters: {'n_estimators': 201, 'learning_rate': 0.018578482774605925, 'subsample': 0.9158794028569917, 'colsample_bytree': 0.8634831102003504, 'min_child_weight': 5}. Best is trial 52 with value: 0.6236264328219823.
[I 2026-05-22 17:46:46,382] Trial 266 finished with value: 0.5868694013784561 and parameters: {'n_estimators': 300, 'learning_rate': 0.115437850951425, 'subsample': 0.6913818965325195, 'colsample_bytree': 0.9985335664226968, 'min_child_weight': 10}. Best is trial 52 with value: 0.6236264328219823.
[I 2026-05-22 17:46:47,004] Trial 267 finished with value: 0.5775999632606542 and parameters: {'n_estimators': 343, 'learning_rate': 0.019712803620877697, 'subsample': 0.8720912969725165, 'colsample_bytree': 0.6288793635916703, 'min_child_weight': 1}. Best is trial 52 with value: 0.6236264328219823.
[I 2026-05-22 17:46:47,595] Trial 268 finished with value: 0.5773855358952826 and parameters: {'n_estimators': 166, 'learning_rate': 0.04823365829123508, 'subsample': 0.9473090021633522, 'colsample_bytree': 0.8908676279065232, 'min_child_weight': 8}. Best is trial 52 with value: 0.6236264328219823.
[I 2026-05-22 17:46:48,189] Trial 269 finished with value: 0.5780761313709691 and parameters: {'n_estimators': 241, 'learning_rate': 0.032433060354345296, 'subsample': 0.748415505193841, 'colsample_bytree': 0.9950598254944232, 'min_child_weight': 1}. Best is trial 52 with value: 0.6236264328219823.
[I 2026-05-22 17:46:48,897] Trial 270 finished with value: 0.5794298585260392 and parameters: {'n_estimators': 441, 'learning_rate': 0.07157704181182635, 'subsample': 0.7754461676758362, 'colsample_bytree': 0.8901030641660546, 'min_child_weight': 5}. Best is trial 52 with value: 0.6236264328219823.
[I 2026-05-22 17:46:49,739] Trial 271 finished with value: 0.6005165558816856 and parameters: {'n_estimators': 443, 'learning_rate': 0.2140158150785351, 'subsample': 0.7686883707493821, 'colsample_bytree': 0.7107311188940206, 'min_child_weight': 6}. Best is trial 52 with value: 0.6236264328219823.
[I 2026-05-22 17:46:50,430] Trial 272 finished with value: 0.5709992796864599 and parameters: {'n_estimators': 461, 'learning_rate': 0.02047262808645631, 'subsample': 0.8491866334253931, 'colsample_bytree': 0.8526240880370082, 'min_child_weight': 8}. Best is trial 52 with value: 0.6236264328219823.
[I 2026-05-22 17:46:50,956] Trial 273 finished with value: 0.5940305625952739 and parameters: {'n_estimators': 109, 'learning_rate': 0.11411960768508612, 'subsample': 0.9636130082662564, 'colsample_bytree': 0.6718732435480967, 'min_child_weight': 3}. Best is trial 52 with value: 0.6236264328219823.
[I 2026-05-22 17:46:51,757] Trial 274 finished with value: 0.5831325217810192 and parameters: {'n_estimators': 488, 'learning_rate': 0.018506526075021, 'subsample': 0.9417540373478317, 'colsample_bytree': 0.7969111425792139, 'min_child_weight': 3}. Best is trial 52 with value: 0.6236264328219823.
[I 2026-05-22 17:46:52,462] Trial 275 finished with value: 0.5813524712715286 and parameters: {'n_estimators': 442, 'learning_rate': 0.04547470150059332, 'subsample': 0.805926941571876, 'colsample_bytree': 0.7436933477599063, 'min_child_weight': 6}. Best is trial 52 with value: 0.6236264328219823.
[I 2026-05-22 17:46:52,897] Trial 276 finished with value: 0.5806242295690667 and parameters: {'n_estimators': 123, 'learning_rate': 0.03781593563644722, 'subsample': 0.987764928934115, 'colsample_bytree': 0.703253373080451, 'min_child_weight': 7}. Best is trial 52 with value: 0.6236264328219823.
[I 2026-05-22 17:46:53,482] Trial 277 finished with value: 0.5846618424733636 and parameters: {'n_estimators': 196, 'learning_rate': 0.1388396767630528, 'subsample': 0.6523494642873399, 'colsample_bytree': 0.9879284180314178, 'min_child_weight': 5}. Best is trial 52 with value: 0.6236264328219823.
[I 2026-05-22 17:46:54,067] Trial 278 finished with value: 0.591894826733973 and parameters: {'n_estimators': 156, 'learning_rate': 0.012839958132831194, 'subsample': 0.6679031620350163, 'colsample_bytree': 0.807909579422407, 'min_child_weight': 4}. Best is trial 52 with value: 0.6236264328219823.
[I 2026-05-22 17:46:54,837] Trial 279 finished with value: 0.5841386918361784 and parameters: {'n_estimators': 423, 'learning_rate': 0.0432985267536062, 'subsample': 0.6994857090350519, 'colsample_bytree': 0.846857994641612, 'min_child_weight': 8}. Best is trial 52 with value: 0.6236264328219823.
[I 2026-05-22 17:46:55,295] Trial 280 finished with value: 0.5858030894543143 and parameters: {'n_estimators': 125, 'learning_rate': 0.017684545676288067, 'subsample': 0.6146685707734172, 'colsample_bytree': 0.8945608060262562, 'min_child_weight': 7}. Best is trial 52 with value: 0.6236264328219823.
[I 2026-05-22 17:46:55,902] Trial 281 finished with value: 0.5959023200230694 and parameters: {'n_estimators': 264, 'learning_rate': 0.17658024407455558, 'subsample': 0.9222680611800212, 'colsample_bytree': 0.8341417457587008, 'min_child_weight': 9}. Best is trial 52 with value: 0.6236264328219823.
[I 2026-05-22 17:46:56,394] Trial 282 finished with value: 0.5882579600080307 and parameters: {'n_estimators': 142, 'learning_rate': 0.014632510641679492, 'subsample': 0.7078998446067959, 'colsample_bytree': 0.6228347424357259, 'min_child_weight': 6}. Best is trial 52 with value: 0.6236264328219823.
[I 2026-05-22 17:46:57,113] Trial 283 finished with value: 0.5805541057166863 and parameters: {'n_estimators': 472, 'learning_rate': 0.011431814801654361, 'subsample': 0.6488439656040107, 'colsample_bytree': 0.7808796113133741, 'min_child_weight': 10}. Best is trial 52 with value: 0.6236264328219823.
[I 2026-05-22 17:46:57,714] Trial 284 finished with value: 0.587192395221149 and parameters: {'n_estimators': 192, 'learning_rate': 0.05613675661974366, 'subsample': 0.6166291436201569, 'colsample_bytree': 0.6593372803848355, 'min_child_weight': 10}. Best is trial 52 with value: 0.6236264328219823.
[I 2026-05-22 17:46:58,473] Trial 285 finished with value: 0.5791547385571234 and parameters: {'n_estimators': 485, 'learning_rate': 0.010169437951699022, 'subsample': 0.9807247141692956, 'colsample_bytree': 0.8556479751262, 'min_child_weight': 9}. Best is trial 52 with value: 0.6236264328219823.
[I 2026-05-22 17:46:59,005] Trial 286 finished with value: 0.5716062586114703 and parameters: {'n_estimators': 255, 'learning_rate': 0.05775609906804066, 'subsample': 0.7955386321027681, 'colsample_bytree': 0.8667457030184418, 'min_child_weight': 2}. Best is trial 52 with value: 0.6236264328219823.
[I 2026-05-22 17:46:59,481] Trial 287 finished with value: 0.5865863065277314 and parameters: {'n_estimators': 63, 'learning_rate': 0.028500328230541317, 'subsample': 0.8818723050946586, 'colsample_bytree': 0.6807413808491793, 'min_child_weight': 7}. Best is trial 52 with value: 0.6236264328219823.
[I 2026-05-22 17:47:00,293] Trial 288 finished with value: 0.57823410942384 and parameters: {'n_estimators': 487, 'learning_rate': 0.013762671476649342, 'subsample': 0.8690408472900505, 'colsample_bytree': 0.7775000877218284, 'min_child_weight': 9}. Best is trial 52 with value: 0.6236264328219823.
[I 2026-05-22 17:47:00,740] Trial 289 finished with value: 0.5877445075473322 and parameters: {'n_estimators': 129, 'learning_rate': 0.10546115311381248, 'subsample': 0.9352461158592441, 'colsample_bytree': 0.9778456877896093, 'min_child_weight': 7}. Best is trial 52 with value: 0.6236264328219823.
