[I 2026-05-15 17:48:59,292] Trial 362 finished with values: [0.7517149346291301, 0.403821286372259] and parameters: {'n_estimators': 302, 'learning_rate': 0.022587177280197233, 'subsample': 0.6579579488364892, 'colsample_bytree': 0.7957811041110252, 'min_child_weight': 9}.
[I 2026-05-15 17:49:00,040] Trial 363 finished with values: [0.7535947616904388, 0.40849868041618154] and parameters: {'n_estimators': 325, 'learning_rate': 0.025985724173338116, 'subsample': 0.6043350605921193, 'colsample_bytree': 0.7465447373174767, 'min_child_weight': 10}.
[I 2026-05-15 17:49:00,747] Trial 364 finished with values: [0.7483832818841145, 0.4040984118210419] and parameters: {'n_estimators': 231, 'learning_rate': 0.03058280993112278, 'subsample': 0.6536060913802563, 'colsample_bytree': 0.6915192661966489, 'min_child_weight': 10}.
[I 2026-05-15 17:49:01,337] Trial 365 finished with values: [0.7432650862084713, 0.3681253970187461] and parameters: {'n_estimators': 238, 'learning_rate': 0.05388108577817234, 'subsample': 0.6115130705253355, 'colsample_bytree': 0.9020549022694476, 'min_child_weight': 10}.
/home/mklemmingen/PycharmProjects/migraine-forecasting-shd/.venv/lib/python3.13/site-packages/sklearn/linear_model/_sag.py:348: ConvergenceWarning: The max_iter was reached which means the coef_ did not converge
  warnings.warn(
[I 2026-05-15 17:49:01,917] Trial 366 finished with values: [0.7543132535974777, 0.4529439944347997] and parameters: {'n_estimators': 54, 'learning_rate': 0.017797595772834223, 'subsample': 0.8481238205413859, 'colsample_bytree': 0.7957811041110252, 'min_child_weight': 10}.
[I 2026-05-15 17:49:02,557] Trial 367 finished with values: [0.7177761974765067, 0.3787039019971754] and parameters: {'n_estimators': 293, 'learning_rate': 0.025985724173338116, 'subsample': 0.8363333042276043, 'colsample_bytree': 0.8186841117373118, 'min_child_weight': 1}.
[I 2026-05-15 17:49:03,380] Trial 368 finished with values: [0.7512862224241249, 0.43117330877158794] and parameters: {'n_estimators': 367, 'learning_rate': 0.0212853192163843, 'subsample': 0.6851856646035643, 'colsample_bytree': 0.7350460685614512, 'min_child_weight': 10}.
/home/mklemmingen/PycharmProjects/migraine-forecasting-shd/.venv/lib/python3.13/site-packages/sklearn/linear_model/_sag.py:348: ConvergenceWarning: The max_iter was reached which means the coef_ did not converge
  warnings.warn(
[I 2026-05-15 17:49:03,903] Trial 369 finished with values: [0.7558514157939795, 0.4413620396665318] and parameters: {'n_estimators': 111, 'learning_rate': 0.013313275850595153, 'subsample': 0.6058178662671527, 'colsample_bytree': 0.9879515306830556, 'min_child_weight': 4}.
[I 2026-05-15 17:49:04,396] Trial 370 finished with values: [0.7603747965790093, 0.49864682518677117] and parameters: {'n_estimators': 105, 'learning_rate': 0.022587177280197233, 'subsample': 0.7257423924305306, 'colsample_bytree': 0.836965827544817, 'min_child_weight': 6}.
[I 2026-05-15 17:49:05,099] Trial 371 finished with values: [0.7369165665618158, 0.39142984573409817] and parameters: {'n_estimators': 226, 'learning_rate': 0.04427958131171205, 'subsample': 0.6097263865725815, 'colsample_bytree': 0.858188918362867, 'min_child_weight': 1}.
[I 2026-05-15 17:49:05,701] Trial 372 finished with values: [0.747704751403772, 0.357348884694962] and parameters: {'n_estimators': 238, 'learning_rate': 0.025985724173338116, 'subsample': 0.6225213102727349, 'colsample_bytree': 0.6475271665072287, 'min_child_weight': 1}.
[I 2026-05-15 17:49:06,140] Trial 373 finished with values: [0.7657953174820784, 0.48312235367585465] and parameters: {'n_estimators': 54, 'learning_rate': 0.05388108577817234, 'subsample': 0.6579579488364892, 'colsample_bytree': 0.836965827544817, 'min_child_weight': 10}.
[I 2026-05-15 17:49:06,617] Trial 374 finished with values: [0.7308610031340592, 0.3773454852804334] and parameters: {'n_estimators': 120, 'learning_rate': 0.032690047558986524, 'subsample': 0.8055957956639244, 'colsample_bytree': 0.8404460046972835, 'min_child_weight': 1}.
/home/mklemmingen/PycharmProjects/migraine-forecasting-shd/.venv/lib/python3.13/site-packages/sklearn/linear_model/_sag.py:348: ConvergenceWarning: The max_iter was reached which means the coef_ did not converge
  warnings.warn(
[I 2026-05-15 17:49:07,106] Trial 375 finished with values: [0.7400376446053023, 0.43079099972357293] and parameters: {'n_estimators': 66, 'learning_rate': 0.013313275850595153, 'subsample': 0.9046478461314871, 'colsample_bytree': 0.9134612050964572, 'min_child_weight': 1}.
[I 2026-05-15 17:49:07,687] Trial 376 finished with values: [0.7601418648001319, 0.4273227643479386] and parameters: {'n_estimators': 105, 'learning_rate': 0.019721610970574007, 'subsample': 0.6137554084460873, 'colsample_bytree': 0.9105651842967988, 'min_child_weight': 10}.
[I 2026-05-15 17:49:08,170] Trial 377 finished with values: [0.7619636292471743, 0.46037403918992725] and parameters: {'n_estimators': 105, 'learning_rate': 0.05388108577817234, 'subsample': 0.6479461469334731, 'colsample_bytree': 0.836965827544817, 'min_child_weight': 10}.
/home/mklemmingen/PycharmProjects/migraine-forecasting-shd/.venv/lib/python3.13/site-packages/sklearn/linear_model/_sag.py:348: ConvergenceWarning: The max_iter was reached which means the coef_ did not converge
  warnings.warn(
[I 2026-05-15 17:49:08,700] Trial 378 finished with values: [0.7643909865979605, 0.423075774351611] and parameters: {'n_estimators': 105, 'learning_rate': 0.013313275850595153, 'subsample': 0.6479461469334731, 'colsample_bytree': 0.7586171129285081, 'min_child_weight': 10}.
/home/mklemmingen/PycharmProjects/migraine-forecasting-shd/.venv/lib/python3.13/site-packages/sklearn/linear_model/_sag.py:348: ConvergenceWarning: The max_iter was reached which means the coef_ did not converge
  warnings.warn(
[I 2026-05-15 17:49:09,259] Trial 379 finished with values: [0.7622631893623103, 0.4189644146976921] and parameters: {'n_estimators': 54, 'learning_rate': 0.0212853192163843, 'subsample': 0.6479461469334731, 'colsample_bytree': 0.858188918362867, 'min_child_weight': 10}.
[I 2026-05-15 17:49:09,904] Trial 380 finished with values: [0.6494215085677769, 0.6049724853694989] and parameters: {'n_estimators': 330, 'learning_rate': 0.1878519741643379, 'subsample': 0.6508242050607539, 'colsample_bytree': 0.8186841117373118, 'min_child_weight': 6}.
[I 2026-05-15 17:49:10,538] Trial 381 finished with values: [0.7489991646619486, 0.5003479871930576] and parameters: {'n_estimators': 355, 'learning_rate': 0.013313275850595153, 'subsample': 0.8549719605992826, 'colsample_bytree': 0.8186841117373118, 'min_child_weight': 10}.
[I 2026-05-15 17:49:11,315] Trial 382 finished with values: [0.7101910857201099, 0.42778087424524225] and parameters: {'n_estimators': 415, 'learning_rate': 0.019721610970574007, 'subsample': 0.9798082494630569, 'colsample_bytree': 0.6915192661966489, 'min_child_weight': 2}.
[I 2026-05-15 17:49:11,777] Trial 383 finished with values: [0.6374900234018673, 0.6833271391264338] and parameters: {'n_estimators': 105, 'learning_rate': 0.23371267997797157, 'subsample': 0.7968465172318153, 'colsample_bytree': 0.7032977553195834, 'min_child_weight': 1}.
[I 2026-05-15 17:49:12,218] Trial 384 finished with values: [0.7614507638015787, 0.4180046359322347] and parameters: {'n_estimators': 54, 'learning_rate': 0.025985724173338116, 'subsample': 0.6097263865725815, 'colsample_bytree': 0.6601667564414112, 'min_child_weight': 10}.
[I 2026-05-15 17:49:12,649] Trial 385 finished with values: [0.7583087814440794, 0.4135404413997317] and parameters: {'n_estimators': 54, 'learning_rate': 0.04766495467029922, 'subsample': 0.6097263865725815, 'colsample_bytree': 0.7755885682822544, 'min_child_weight': 10}.
/home/mklemmingen/PycharmProjects/migraine-forecasting-shd/.venv/lib/python3.13/site-packages/sklearn/linear_model/_sag.py:348: ConvergenceWarning: The max_iter was reached which means the coef_ did not converge
  warnings.warn(
[I 2026-05-15 17:49:13,214] Trial 386 finished with values: [0.7646742293213167, 0.44094008638906673] and parameters: {'n_estimators': 54, 'learning_rate': 0.012184186502221764, 'subsample': 0.6225213102727349, 'colsample_bytree': 0.8404460046972835, 'min_child_weight': 10}.
[I 2026-05-15 17:49:13,997] Trial 387 finished with values: [0.6735479315594483, 0.41883637749816705] and parameters: {'n_estimators': 459, 'learning_rate': 0.03058280993112278, 'subsample': 0.9022204554172195, 'colsample_bytree': 0.7957811041110252, 'min_child_weight': 1}.
/home/mklemmingen/PycharmProjects/migraine-forecasting-shd/.venv/lib/python3.13/site-packages/sklearn/linear_model/_sag.py:348: ConvergenceWarning: The max_iter was reached which means the coef_ did not converge
  warnings.warn(
[I 2026-05-15 17:49:14,467] Trial 388 finished with values: [0.750522781913379, 0.4637167107976768] and parameters: {'n_estimators': 54, 'learning_rate': 0.013313275850595153, 'subsample': 0.7970472375971478, 'colsample_bytree': 0.9879515306830556, 'min_child_weight': 10}.
[I 2026-05-15 17:49:15,204] Trial 389 finished with values: [0.7480031459787518, 0.5326048713361639] and parameters: {'n_estimators': 339, 'learning_rate': 0.013313275850595153, 'subsample': 0.9046478461314871, 'colsample_bytree': 0.7482568588267564, 'min_child_weight': 10}.
[I 2026-05-15 17:49:15,972] Trial 390 finished with values: [0.7302209215650792, 0.42410411206465526] and parameters: {'n_estimators': 366, 'learning_rate': 0.030591867605824115, 'subsample': 0.6137554084460873, 'colsample_bytree': 0.7482568588267564, 'min_child_weight': 1}.
[I 2026-05-15 17:49:16,469] Trial 391 finished with values: [0.7569062707106482, 0.5216107070356794] and parameters: {'n_estimators': 105, 'learning_rate': 0.029385442161128397, 'subsample': 0.8654007076432223, 'colsample_bytree': 0.82272050498334, 'min_child_weight': 7}.
[I 2026-05-15 17:49:17,014] Trial 392 finished with values: [0.7633523184409381, 0.4395794054798497] and parameters: {'n_estimators': 54, 'learning_rate': 0.03404436610591982, 'subsample': 0.6960582475112772, 'colsample_bytree': 0.6303453312434656, 'min_child_weight': 1}.
/home/mklemmingen/PycharmProjects/migraine-forecasting-shd/.venv/lib/python3.13/site-packages/sklearn/linear_model/_sag.py:348: ConvergenceWarning: The max_iter was reached which means the coef_ did not converge
  warnings.warn(
[I 2026-05-15 17:49:17,645] Trial 393 finished with values: [0.7570603117411817, 0.4542539519469324] and parameters: {'n_estimators': 108, 'learning_rate': 0.011693687409928539, 'subsample': 0.6579579488364892, 'colsample_bytree': 0.6512183355831089, 'min_child_weight': 2}.
[I 2026-05-15 17:49:18,350] Trial 394 finished with values: [0.7578466341409118, 0.4630419648469587] and parameters: {'n_estimators': 238, 'learning_rate': 0.013313275850595153, 'subsample': 0.6479461469334731, 'colsample_bytree': 0.9879515306830556, 'min_child_weight': 10}.
[I 2026-05-15 17:49:18,870] Trial 395 finished with values: [0.7292177268642673, 0.47396144084070163] and parameters: {'n_estimators': 112, 'learning_rate': 0.049234393858490974, 'subsample': 0.8563498979212858, 'colsample_bytree': 0.6475271665072287, 'min_child_weight': 2}.
[I 2026-05-15 17:49:19,604] Trial 396 finished with values: [0.7482253313237992, 0.4060054140552408] and parameters: {'n_estimators': 294, 'learning_rate': 0.03240354245852974, 'subsample': 0.6508242050607539, 'colsample_bytree': 0.9587153639624048, 'min_child_weight': 10}.
[I 2026-05-15 17:49:20,337] Trial 397 finished with values: [0.7411084072695179, 0.4978898515588413] and parameters: {'n_estimators': 294, 'learning_rate': 0.040381768820718394, 'subsample': 0.7895846561051489, 'colsample_bytree': 0.9652962210225885, 'min_child_weight': 10}.
[I 2026-05-15 17:49:21,005] Trial 398 finished with values: [0.7501456579205955, 0.5002387095789468] and parameters: {'n_estimators': 238, 'learning_rate': 0.013313275850595153, 'subsample': 0.6508242050607539, 'colsample_bytree': 0.8186841117373118, 'min_child_weight': 7}.
[I 2026-05-15 17:49:21,484] Trial 399 finished with values: [0.7573719254707143, 0.42570341631412784] and parameters: {'n_estimators': 54, 'learning_rate': 0.029385442161128397, 'subsample': 0.6313825525369063, 'colsample_bytree': 0.82272050498334, 'min_child_weight': 1}.
/home/mklemmingen/PycharmProjects/migraine-forecasting-shd/.venv/lib/python3.13/site-packages/sklearn/linear_model/_sag.py:348: ConvergenceWarning: The max_iter was reached which means the coef_ did not converge
  warnings.warn(
[I 2026-05-15 17:49:21,975] Trial 400 finished with values: [0.764489872551068, 0.44595344932546405] and parameters: {'n_estimators': 54, 'learning_rate': 0.017969555911761862, 'subsample': 0.6769156075234684, 'colsample_bytree': 0.6601667564414112, 'min_child_weight': 10}.
[I 2026-05-15 17:49:22,631] Trial 401 finished with values: [0.7522520471518173, 0.44206905857762135] and parameters: {'n_estimators': 339, 'learning_rate': 0.013313275850595153, 'subsample': 0.6163474465065916, 'colsample_bytree': 0.858188918362867, 'min_child_weight': 10}.
[I 2026-05-15 17:49:23,184] Trial 402 finished with values: [0.7481789465767572, 0.47126156022738125] and parameters: {'n_estimators': 105, 'learning_rate': 0.05388108577817234, 'subsample': 0.6137554084460873, 'colsample_bytree': 0.6675740252288658, 'min_child_weight': 3}.
[I 2026-05-15 17:49:23,739] Trial 403 finished with values: [0.7630462170264155, 0.4553593933236777] and parameters: {'n_estimators': 54, 'learning_rate': 0.035714399098231424, 'subsample': 0.6097263865725815, 'colsample_bytree': 0.7482568588267564, 'min_child_weight': 10}.
[I 2026-05-15 17:49:24,234] Trial 404 finished with values: [0.7539191547142091, 0.42268651638370935] and parameters: {'n_estimators': 129, 'learning_rate': 0.013313275850595153, 'subsample': 0.6137554084460873, 'colsample_bytree': 0.6354810135028223, 'min_child_weight': 10}.
[I 2026-05-15 17:49:24,716] Trial 405 finished with values: [0.7639075294420872, 0.4137667964467733] and parameters: {'n_estimators': 105, 'learning_rate': 0.025985724173338116, 'subsample': 0.6482543484402403, 'colsample_bytree': 0.858188918362867, 'min_child_weight': 5}.
/home/mklemmingen/PycharmProjects/migraine-forecasting-shd/.venv/lib/python3.13/site-packages/sklearn/linear_model/_sag.py:348: ConvergenceWarning: The max_iter was reached which means the coef_ did not converge
  warnings.warn(
[I 2026-05-15 17:49:25,198] Trial 406 finished with values: [0.7638513104290408, 0.4694292690801811] and parameters: {'n_estimators': 54, 'learning_rate': 0.029385442161128397, 'subsample': 0.682533487362317, 'colsample_bytree': 0.7755885682822544, 'min_child_weight': 10}.
[I 2026-05-15 17:49:25,766] Trial 407 finished with values: [0.7553627820806044, 0.45258680225036774] and parameters: {'n_estimators': 214, 'learning_rate': 0.025985724173338116, 'subsample': 0.6043350605921193, 'colsample_bytree': 0.7465447373174767, 'min_child_weight': 10}.
[I 2026-05-15 17:49:26,417] Trial 408 finished with values: [0.7140919718539307, 0.4397399903786936] and parameters: {'n_estimators': 325, 'learning_rate': 0.05388108577817234, 'subsample': 0.6137554084460873, 'colsample_bytree': 0.7465447373174767, 'min_child_weight': 5}.
/home/mklemmingen/PycharmProjects/migraine-forecasting-shd/.venv/lib/python3.13/site-packages/sklearn/linear_model/_sag.py:348: ConvergenceWarning: The max_iter was reached which means the coef_ did not converge
  warnings.warn(
[I 2026-05-15 17:49:26,957] Trial 409 finished with values: [0.752259404705642, 0.47286563471068244] and parameters: {'n_estimators': 54, 'learning_rate': 0.022587177280197233, 'subsample': 0.8013669083419428, 'colsample_bytree': 0.876157931451746, 'min_child_weight': 10}.
[I 2026-05-15 17:49:27,465] Trial 410 finished with values: [0.7388834189987556, 0.35765113829801337] and parameters: {'n_estimators': 67, 'learning_rate': 0.15164430026640188, 'subsample': 0.6137554084460873, 'colsample_bytree': 0.82272050498334, 'min_child_weight': 7}.
[I 2026-05-15 17:49:27,941] Trial 411 finished with values: [0.7444379482362014, 0.3804228767578637] and parameters: {'n_estimators': 86, 'learning_rate': 0.03058280993112278, 'subsample': 0.9022204554172195, 'colsample_bytree': 0.6915192661966489, 'min_child_weight': 1}.
[I 2026-05-15 17:49:28,594] Trial 412 finished with values: [0.7489239674613638, 0.42115968447708096] and parameters: {'n_estimators': 325, 'learning_rate': 0.025985724173338116, 'subsample': 0.6479461469334731, 'colsample_bytree': 0.9494314496427109, 'min_child_weight': 10}.
[I 2026-05-15 17:49:29,292] Trial 413 finished with values: [0.7294678172056441, 0.568600118598661] and parameters: {'n_estimators': 366, 'learning_rate': 0.035714399098231424, 'subsample': 0.9683489602127253, 'colsample_bytree': 0.7350460685614512, 'min_child_weight': 10}.
[I 2026-05-15 17:49:29,937] Trial 414 finished with values: [0.7509844692559814, 0.5164326016236729] and parameters: {'n_estimators': 325, 'learning_rate': 0.013313275850595153, 'subsample': 0.6244311839419455, 'colsample_bytree': 0.7465447373174767, 'min_child_weight': 3}.
[I 2026-05-15 17:49:30,516] Trial 415 finished with values: [0.7621946536192805, 0.41974813121964116] and parameters: {'n_estimators': 105, 'learning_rate': 0.029385442161128397, 'subsample': 0.6137554084460873, 'colsample_bytree': 0.82272050498334, 'min_child_weight': 1}.
[I 2026-05-15 17:49:31,230] Trial 416 finished with values: [0.6773899828273476, 0.4606966674285908] and parameters: {'n_estimators': 413, 'learning_rate': 0.032690047558986524, 'subsample': 0.9022204554172195, 'colsample_bytree': 0.8993038761534633, 'min_child_weight': 1}.
[I 2026-05-15 17:49:31,837] Trial 417 finished with values: [0.745512499080658, 0.4075069272921006] and parameters: {'n_estimators': 238, 'learning_rate': 0.0212853192163843, 'subsample': 0.6479461469334731, 'colsample_bytree': 0.7350460685614512, 'min_child_weight': 1}.
[I 2026-05-15 17:49:32,710] Trial 418 finished with values: [0.7584619166030077, 0.4146298917872673] and parameters: {'n_estimators': 459, 'learning_rate': 0.018730954962803806, 'subsample': 0.6334002866794675, 'colsample_bytree': 0.7957811041110252, 'min_child_weight': 10}.
/home/mklemmingen/PycharmProjects/migraine-forecasting-shd/.venv/lib/python3.13/site-packages/sklearn/linear_model/_sag.py:348: ConvergenceWarning: The max_iter was reached which means the coef_ did not converge
  warnings.warn(
[I 2026-05-15 17:49:33,276] Trial 419 finished with values: [0.76253983604382, 0.4025208323020382] and parameters: {'n_estimators': 54, 'learning_rate': 0.012184186502221764, 'subsample': 0.6313825525369063, 'colsample_bytree': 0.6837397293346841, 'min_child_weight': 10}.
/home/mklemmingen/PycharmProjects/migraine-forecasting-shd/.venv/lib/python3.13/site-packages/sklearn/linear_model/_sag.py:348: ConvergenceWarning: The max_iter was reached which means the coef_ did not converge
  warnings.warn(
[I 2026-05-15 17:49:33,858] Trial 420 finished with values: [0.7643726446593834, 0.38664471760905456] and parameters: {'n_estimators': 54, 'learning_rate': 0.022587177280197233, 'subsample': 0.6097263865725815, 'colsample_bytree': 0.8404460046972835, 'min_child_weight': 10}.
[I 2026-05-15 17:49:34,722] Trial 421 finished with values: [0.748030679099507, 0.39351640247991365] and parameters: {'n_estimators': 490, 'learning_rate': 0.025985724173338116, 'subsample': 0.6479461469334731, 'colsample_bytree': 0.7481888411165528, 'min_child_weight': 10}.
[I 2026-05-15 17:49:35,297] Trial 422 finished with values: [0.7224207956262293, 0.4481143610190902] and parameters: {'n_estimators': 268, 'learning_rate': 0.08189120541664517, 'subsample': 0.6479461469334731, 'colsample_bytree': 0.7755885682822544, 'min_child_weight': 10}.
[I 2026-05-15 17:49:35,974] Trial 423 finished with values: [0.7536254933879359, 0.3840230289513463] and parameters: {'n_estimators': 238, 'learning_rate': 0.03404436610591982, 'subsample': 0.6579579488364892, 'colsample_bytree': 0.8186841117373118, 'min_child_weight': 10}.
[I 2026-05-15 17:49:36,418] Trial 424 finished with values: [0.7683105728429889, 0.43367255785378056] and parameters: {'n_estimators': 54, 'learning_rate': 0.03506954878548353, 'subsample': 0.6097263865725815, 'colsample_bytree': 0.6303453312434656, 'min_child_weight': 5}.
[I 2026-05-15 17:49:36,984] Trial 425 finished with values: [0.7484798124254842, 0.5499566163044513] and parameters: {'n_estimators': 238, 'learning_rate': 0.0212853192163843, 'subsample': 0.9022204554172195, 'colsample_bytree': 0.7350460685614512, 'min_child_weight': 10}.
/home/mklemmingen/PycharmProjects/migraine-forecasting-shd/.venv/lib/python3.13/site-packages/sklearn/linear_model/_sag.py:348: ConvergenceWarning: The max_iter was reached which means the coef_ did not converge
  warnings.warn(
[I 2026-05-15 17:49:37,568] Trial 426 finished with values: [0.7634761941103392, 0.44196710042828713] and parameters: {'n_estimators': 54, 'learning_rate': 0.013313275850595153, 'subsample': 0.6960582475112772, 'colsample_bytree': 0.7586171129285081, 'min_child_weight': 10}.
/home/mklemmingen/PycharmProjects/migraine-forecasting-shd/.venv/lib/python3.13/site-packages/sklearn/linear_model/_sag.py:348: ConvergenceWarning: The max_iter was reached which means the coef_ did not converge
  warnings.warn(
[I 2026-05-15 17:49:38,152] Trial 427 finished with values: [0.7617243867694284, 0.4378351108303452] and parameters: {'n_estimators': 54, 'learning_rate': 0.012184186502221764, 'subsample': 0.6313825525369063, 'colsample_bytree': 0.8989883752535026, 'min_child_weight': 10}.
[I 2026-05-15 17:49:38,668] Trial 428 finished with values: [0.753074829442103, 0.43204675805687776] and parameters: {'n_estimators': 54, 'learning_rate': 0.05388108577817234, 'subsample': 0.6313825525369063, 'colsample_bytree': 0.6146732811562391, 'min_child_weight': 10}.
