[I 2026-05-15 17:46:42,691] Trial 149 finished with values: [0.7554654914049154, 0.4596537822558172] and parameters: {'n_estimators': 325, 'learning_rate': 0.017797595772834223, 'subsample': 0.7168578594140873, 'colsample_bytree': 0.82272050498334, 'min_child_weight': 10}.
[I 2026-05-15 17:46:43,347] Trial 150 finished with values: [0.7184734239784017, 0.3604209018169924] and parameters: {'n_estimators': 339, 'learning_rate': 0.013313275850595153, 'subsample': 0.9046478461314871, 'colsample_bytree': 0.8503439662856945, 'min_child_weight': 1}.
[I 2026-05-15 17:46:44,049] Trial 151 finished with values: [0.7555714360810949, 0.555567747194047] and parameters: {'n_estimators': 355, 'learning_rate': 0.01058040360169664, 'subsample': 0.8012545034320351, 'colsample_bytree': 0.836965827544817, 'min_child_weight': 10}.
/home/mklemmingen/PycharmProjects/migraine-forecasting-shd/.venv/lib/python3.13/site-packages/sklearn/linear_model/_sag.py:348: ConvergenceWarning: The max_iter was reached which means the coef_ did not converge
  warnings.warn(
[I 2026-05-15 17:46:44,505] Trial 152 finished with values: [0.7640366894484428, 0.4115773035322988] and parameters: {'n_estimators': 54, 'learning_rate': 0.013313275850595153, 'subsample': 0.6313825525369063, 'colsample_bytree': 0.7350460685614512, 'min_child_weight': 10}.
[I 2026-05-15 17:46:45,192] Trial 153 finished with values: [0.7342721565160112, 0.4402662948728346] and parameters: {'n_estimators': 215, 'learning_rate': 0.025985724173338116, 'subsample': 0.8313120563984696, 'colsample_bytree': 0.9425959364753289, 'min_child_weight': 1}.
[I 2026-05-15 17:46:45,818] Trial 154 finished with values: [0.7535690336989748, 0.42268152276302934] and parameters: {'n_estimators': 324, 'learning_rate': 0.0212853192163843, 'subsample': 0.6479461469334731, 'colsample_bytree': 0.9795542149013333, 'min_child_weight': 10}.
[I 2026-05-15 17:46:46,620] Trial 155 finished with values: [0.7534310651877884, 0.47571383482468727] and parameters: {'n_estimators': 378, 'learning_rate': 0.0212853192163843, 'subsample': 0.8549719605992826, 'colsample_bytree': 0.836965827544817, 'min_child_weight': 10}.
[I 2026-05-15 17:46:47,225] Trial 156 finished with values: [0.7468636867377322, 0.4404585377975428] and parameters: {'n_estimators': 105, 'learning_rate': 0.09396591857488666, 'subsample': 0.602208846849441, 'colsample_bytree': 0.9637281608315128, 'min_child_weight': 2}.
[I 2026-05-15 17:46:47,821] Trial 157 finished with values: [0.7417168323778458, 0.4454283279279174] and parameters: {'n_estimators': 238, 'learning_rate': 0.017797595772834223, 'subsample': 0.8550229885420852, 'colsample_bytree': 0.82272050498334, 'min_child_weight': 2}.
[I 2026-05-15 17:46:48,469] Trial 158 finished with values: [0.7214427460384968, 0.40714604335676874] and parameters: {'n_estimators': 294, 'learning_rate': 0.025985724173338116, 'subsample': 0.8363333042276043, 'colsample_bytree': 0.7350460685614512, 'min_child_weight': 1}.
[I 2026-05-15 17:46:49,249] Trial 159 finished with values: [0.671921264629669, 0.4783022613115512] and parameters: {'n_estimators': 325, 'learning_rate': 0.10704755834674413, 'subsample': 0.7168578594140873, 'colsample_bytree': 0.7465447373174767, 'min_child_weight': 8}.
[I 2026-05-15 17:46:49,887] Trial 160 finished with values: [0.7495271360675192, 0.49793287586856244] and parameters: {'n_estimators': 324, 'learning_rate': 0.01058040360169664, 'subsample': 0.6260206371941118, 'colsample_bytree': 0.6282274989601719, 'min_child_weight': 7}.
[I 2026-05-15 17:46:50,605] Trial 161 finished with values: [0.7400908788979328, 0.4748479870594563] and parameters: {'n_estimators': 339, 'learning_rate': 0.029385442161128397, 'subsample': 0.6137554084460873, 'colsample_bytree': 0.9637281608315128, 'min_child_weight': 8}.
[I 2026-05-15 17:46:51,044] Trial 162 finished with values: [0.753059786418339, 0.4698308519758978] and parameters: {'n_estimators': 61, 'learning_rate': 0.07332660227137139, 'subsample': 0.6479461469334731, 'colsample_bytree': 0.7350460685614512, 'min_child_weight': 10}.
[I 2026-05-15 17:46:51,660] Trial 163 finished with values: [0.7533913249490494, 0.4474276679207576] and parameters: {'n_estimators': 293, 'learning_rate': 0.025985724173338116, 'subsample': 0.6137554084460873, 'colsample_bytree': 0.9760920965699831, 'min_child_weight': 10}.
/home/mklemmingen/PycharmProjects/migraine-forecasting-shd/.venv/lib/python3.13/site-packages/sklearn/linear_model/_sag.py:348: ConvergenceWarning: The max_iter was reached which means the coef_ did not converge
  warnings.warn(
[I 2026-05-15 17:46:52,245] Trial 164 finished with values: [0.7569013242800038, 0.46039266761015424] and parameters: {'n_estimators': 54, 'learning_rate': 0.017797595772834223, 'subsample': 0.6783931449676581, 'colsample_bytree': 0.82272050498334, 'min_child_weight': 6}.
[I 2026-05-15 17:46:52,919] Trial 165 finished with values: [0.7535500018433774, 0.4960876079050596] and parameters: {'n_estimators': 215, 'learning_rate': 0.025985724173338116, 'subsample': 0.7552679704826087, 'colsample_bytree': 0.858188918362867, 'min_child_weight': 10}.
[I 2026-05-15 17:46:53,527] Trial 166 finished with values: [0.7254600475078714, 0.5456392514868551] and parameters: {'n_estimators': 162, 'learning_rate': 0.040381768820718394, 'subsample': 0.8573152873769412, 'colsample_bytree': 0.7833011561966067, 'min_child_weight': 8}.
[I 2026-05-15 17:46:54,266] Trial 167 finished with values: [0.7059258520674412, 0.5015489617578426] and parameters: {'n_estimators': 294, 'learning_rate': 0.040381768820718394, 'subsample': 0.6646514856378455, 'colsample_bytree': 0.9652962210225885, 'min_child_weight': 1}.
[I 2026-05-15 17:46:54,929] Trial 168 finished with values: [0.7581906495826523, 0.5454725821803855] and parameters: {'n_estimators': 296, 'learning_rate': 0.01058040360169664, 'subsample': 0.8048372233197124, 'colsample_bytree': 0.6905983100791752, 'min_child_weight': 7}.
[I 2026-05-15 17:46:55,661] Trial 169 finished with values: [0.7525586350432352, 0.45755173049249154] and parameters: {'n_estimators': 355, 'learning_rate': 0.01058040360169664, 'subsample': 0.6260206371941118, 'colsample_bytree': 0.6905983100791752, 'min_child_weight': 10}.
[I 2026-05-15 17:46:56,462] Trial 170 finished with values: [0.6536112167268396, 0.5815592486347834] and parameters: {'n_estimators': 398, 'learning_rate': 0.24584290528289388, 'subsample': 0.602208846849441, 'colsample_bytree': 0.8186841117373118, 'min_child_weight': 5}.
[I 2026-05-15 17:46:57,183] Trial 171 finished with values: [0.7219280842754305, 0.4613879251967619] and parameters: {'n_estimators': 293, 'learning_rate': 0.025985724173338116, 'subsample': 0.8363333042276043, 'colsample_bytree': 0.9795542149013333, 'min_child_weight': 1}.
[I 2026-05-15 17:46:57,975] Trial 172 finished with values: [0.7439534709785323, 0.4837923289863844] and parameters: {'n_estimators': 490, 'learning_rate': 0.019721610970574007, 'subsample': 0.7544410551203097, 'colsample_bytree': 0.9844762255295657, 'min_child_weight': 10}.
[I 2026-05-15 17:46:58,699] Trial 173 finished with values: [0.7411901121525821, 0.5431411263339999] and parameters: {'n_estimators': 458, 'learning_rate': 0.019721610970574007, 'subsample': 0.8073318609454947, 'colsample_bytree': 0.6915192661966489, 'min_child_weight': 9}.
[I 2026-05-15 17:46:59,299] Trial 174 finished with values: [0.7544466989992028, 0.45163820809500876] and parameters: {'n_estimators': 120, 'learning_rate': 0.019462886350651437, 'subsample': 0.6137554084460873, 'colsample_bytree': 0.6020246335384875, 'min_child_weight': 1}.
[I 2026-05-15 17:47:00,172] Trial 175 finished with values: [0.7404891894501396, 0.419105915201477] and parameters: {'n_estimators': 465, 'learning_rate': 0.01351182947645082, 'subsample': 0.6783931449676581, 'colsample_bytree': 0.6180909155642152, 'min_child_weight': 1}.
[I 2026-05-15 17:47:00,855] Trial 176 finished with values: [0.7515546194264713, 0.5613083635702699] and parameters: {'n_estimators': 238, 'learning_rate': 0.017797595772834223, 'subsample': 0.8550229885420852, 'colsample_bytree': 0.9261845713819337, 'min_child_weight': 10}.
/home/mklemmingen/PycharmProjects/migraine-forecasting-shd/.venv/lib/python3.13/site-packages/sklearn/linear_model/_sag.py:348: ConvergenceWarning: The max_iter was reached which means the coef_ did not converge
  warnings.warn(
[I 2026-05-15 17:47:01,332] Trial 177 finished with values: [0.7472880196369296, 0.4469254691651544] and parameters: {'n_estimators': 54, 'learning_rate': 0.017797595772834223, 'subsample': 0.8550229885420852, 'colsample_bytree': 0.8404460046972835, 'min_child_weight': 2}.
/home/mklemmingen/PycharmProjects/migraine-forecasting-shd/.venv/lib/python3.13/site-packages/sklearn/linear_model/_sag.py:348: ConvergenceWarning: The max_iter was reached which means the coef_ did not converge
  warnings.warn(
[I 2026-05-15 17:47:01,831] Trial 178 finished with values: [0.7515120864659377, 0.436457365551715] and parameters: {'n_estimators': 54, 'learning_rate': 0.010639368372762009, 'subsample': 0.6137554084460873, 'colsample_bytree': 0.6377771843023713, 'min_child_weight': 1}.
[I 2026-05-15 17:47:02,633] Trial 179 finished with values: [0.7061865996991419, 0.5444105678896458] and parameters: {'n_estimators': 355, 'learning_rate': 0.10206664092951903, 'subsample': 0.6284754593840916, 'colsample_bytree': 0.7275902521175045, 'min_child_weight': 10}.
[I 2026-05-15 17:47:03,380] Trial 180 finished with values: [0.7271673540247644, 0.5513286141768667] and parameters: {'n_estimators': 348, 'learning_rate': 0.028869220380495747, 'subsample': 0.6137554084460873, 'colsample_bytree': 0.8186841117373118, 'min_child_weight': 2}.
[I 2026-05-15 17:47:04,141] Trial 181 finished with values: [0.7441330327148005, 0.5374386319062063] and parameters: {'n_estimators': 355, 'learning_rate': 0.019721610970574007, 'subsample': 0.9379501243877818, 'colsample_bytree': 0.836965827544817, 'min_child_weight': 7}.
/home/mklemmingen/PycharmProjects/migraine-forecasting-shd/.venv/lib/python3.13/site-packages/sklearn/linear_model/_sag.py:348: ConvergenceWarning: The max_iter was reached which means the coef_ did not converge
  warnings.warn(
[I 2026-05-15 17:47:04,603] Trial 182 finished with values: [0.752347994424899, 0.4900725802923652] and parameters: {'n_estimators': 60, 'learning_rate': 0.025985724173338116, 'subsample': 0.9022204554172195, 'colsample_bytree': 0.858188918362867, 'min_child_weight': 10}.
/home/mklemmingen/PycharmProjects/migraine-forecasting-shd/.venv/lib/python3.13/site-packages/sklearn/linear_model/_sag.py:348: ConvergenceWarning: The max_iter was reached which means the coef_ did not converge
  warnings.warn(
[I 2026-05-15 17:47:05,045] Trial 183 finished with values: [0.7573221842576496, 0.44068666377362253] and parameters: {'n_estimators': 54, 'learning_rate': 0.01351182947645082, 'subsample': 0.6313825525369063, 'colsample_bytree': 0.6180909155642152, 'min_child_weight': 4}.
[I 2026-05-15 17:47:05,872] Trial 184 finished with values: [0.7515477811750892, 0.4635802188269233] and parameters: {'n_estimators': 417, 'learning_rate': 0.017797595772834223, 'subsample': 0.7168578594140873, 'colsample_bytree': 0.9652962210225885, 'min_child_weight': 10}.
[I 2026-05-15 17:47:06,349] Trial 185 finished with values: [0.7551323353072996, 0.5071240784258764] and parameters: {'n_estimators': 120, 'learning_rate': 0.029385442161128397, 'subsample': 0.9046478461314871, 'colsample_bytree': 0.6950550175969599, 'min_child_weight': 8}.
/home/mklemmingen/PycharmProjects/migraine-forecasting-shd/.venv/lib/python3.13/site-packages/sklearn/linear_model/_sag.py:348: ConvergenceWarning: The max_iter was reached which means the coef_ did not converge
  warnings.warn(
[I 2026-05-15 17:47:06,845] Trial 186 finished with values: [0.7502042221140216, 0.4466401255232867] and parameters: {'n_estimators': 54, 'learning_rate': 0.01351182947645082, 'subsample': 0.6783931449676581, 'colsample_bytree': 0.6180909155642152, 'min_child_weight': 2}.
[I 2026-05-15 17:47:07,526] Trial 187 finished with values: [0.741530163005826, 0.4636882696758394] and parameters: {'n_estimators': 238, 'learning_rate': 0.017797595772834223, 'subsample': 0.6313825525369063, 'colsample_bytree': 0.7127419099093599, 'min_child_weight': 2}.
[I 2026-05-15 17:47:08,202] Trial 188 finished with values: [0.7550890694421561, 0.5253326532278291] and parameters: {'n_estimators': 339, 'learning_rate': 0.01058040360169664, 'subsample': 0.8786948661456602, 'colsample_bytree': 0.7350460685614512, 'min_child_weight': 10}.
[I 2026-05-15 17:47:08,758] Trial 189 finished with values: [0.725663887678142, 0.37825222873202663] and parameters: {'n_estimators': 105, 'learning_rate': 0.05388108577817234, 'subsample': 0.7257423924305306, 'colsample_bytree': 0.836965827544817, 'min_child_weight': 1}.
[I 2026-05-15 17:47:09,389] Trial 190 finished with values: [0.7416889333094944, 0.5360758667133483] and parameters: {'n_estimators': 339, 'learning_rate': 0.019721610970574007, 'subsample': 0.6646514856378455, 'colsample_bytree': 0.836965827544817, 'min_child_weight': 7}.
[I 2026-05-15 17:47:10,038] Trial 191 finished with values: [0.6551581876722228, 0.5437904719354523] and parameters: {'n_estimators': 333, 'learning_rate': 0.19775731712985178, 'subsample': 0.6137554084460873, 'colsample_bytree': 0.7465447373174767, 'min_child_weight': 1}.
[I 2026-05-15 17:47:10,567] Trial 192 finished with values: [0.7199984219519864, 0.4467328015671404] and parameters: {'n_estimators': 54, 'learning_rate': 0.1218397677644799, 'subsample': 0.6313825525369063, 'colsample_bytree': 0.8186841117373118, 'min_child_weight': 2}.
/home/mklemmingen/PycharmProjects/migraine-forecasting-shd/.venv/lib/python3.13/site-packages/sklearn/linear_model/_sag.py:348: ConvergenceWarning: The max_iter was reached which means the coef_ did not converge
  warnings.warn(
[I 2026-05-15 17:47:11,028] Trial 193 finished with values: [0.7566686459629899, 0.4311065977354051] and parameters: {'n_estimators': 54, 'learning_rate': 0.013313275850595153, 'subsample': 0.8654007076432223, 'colsample_bytree': 0.6020246335384875, 'min_child_weight': 2}.
/home/mklemmingen/PycharmProjects/migraine-forecasting-shd/.venv/lib/python3.13/site-packages/sklearn/linear_model/_sag.py:348: ConvergenceWarning: The max_iter was reached which means the coef_ did not converge
  warnings.warn(
[I 2026-05-15 17:47:11,620] Trial 194 finished with values: [0.7506466724279972, 0.44864306909309865] and parameters: {'n_estimators': 64, 'learning_rate': 0.019721610970574007, 'subsample': 0.7257423924305306, 'colsample_bytree': 0.9213923721539394, 'min_child_weight': 1}.
[I 2026-05-15 17:47:12,260] Trial 195 finished with values: [0.7495904025368686, 0.48697349183214983] and parameters: {'n_estimators': 238, 'learning_rate': 0.02609752135980675, 'subsample': 0.8073318609454947, 'colsample_bytree': 0.6709758175118891, 'min_child_weight': 9}.
[I 2026-05-15 17:47:12,901] Trial 196 finished with values: [0.7505121855057743, 0.5054602667432746] and parameters: {'n_estimators': 215, 'learning_rate': 0.012184186502221764, 'subsample': 0.9002459006563434, 'colsample_bytree': 0.7594018937589494, 'min_child_weight': 7}.
[I 2026-05-15 17:47:13,570] Trial 197 finished with values: [0.7477494481875426, 0.3925968384381979] and parameters: {'n_estimators': 413, 'learning_rate': 0.025985724173338116, 'subsample': 0.6097263865725815, 'colsample_bytree': 0.858188918362867, 'min_child_weight': 10}.
[I 2026-05-15 17:47:14,285] Trial 198 finished with values: [0.7478933786996234, 0.4965910142606603] and parameters: {'n_estimators': 398, 'learning_rate': 0.019657448966046126, 'subsample': 0.602208846849441, 'colsample_bytree': 0.9261845713819337, 'min_child_weight': 5}.
[I 2026-05-15 17:47:15,068] Trial 199 finished with values: [0.6635813253899292, 0.5673859118051372] and parameters: {'n_estimators': 496, 'learning_rate': 0.04018584329485903, 'subsample': 0.9046478461314871, 'colsample_bytree': 0.836965827544817, 'min_child_weight': 1}.
[I 2026-05-15 17:47:15,830] Trial 200 finished with values: [0.7190439739993245, 0.5330169677588735] and parameters: {'n_estimators': 465, 'learning_rate': 0.025985724173338116, 'subsample': 0.7650470707645706, 'colsample_bytree': 0.6180909155642152, 'min_child_weight': 4}.
[I 2026-05-15 17:47:16,330] Trial 201 finished with values: [0.7600264065478497, 0.43169129302273035] and parameters: {'n_estimators': 105, 'learning_rate': 0.019721610970574007, 'subsample': 0.6137554084460873, 'colsample_bytree': 0.9105651842967988, 'min_child_weight': 1}.
[I 2026-05-15 17:47:17,022] Trial 202 finished with values: [0.7554860238404655, 0.43494524340280905] and parameters: {'n_estimators': 203, 'learning_rate': 0.019721610970574007, 'subsample': 0.6479461469334731, 'colsample_bytree': 0.7350460685614512, 'min_child_weight': 10}.
/home/mklemmingen/PycharmProjects/migraine-forecasting-shd/.venv/lib/python3.13/site-packages/sklearn/linear_model/_sag.py:348: ConvergenceWarning: The max_iter was reached which means the coef_ did not converge
  warnings.warn(
[I 2026-05-15 17:47:17,516] Trial 203 finished with values: [0.7491949575303323, 0.40856165876728073] and parameters: {'n_estimators': 66, 'learning_rate': 0.013313275850595153, 'subsample': 0.9046478461314871, 'colsample_bytree': 0.6950550175969599, 'min_child_weight': 1}.
[I 2026-05-15 17:47:18,220] Trial 204 finished with values: [0.6986897784586745, 0.5639401888834487] and parameters: {'n_estimators': 437, 'learning_rate': 0.05388108577817234, 'subsample': 0.7257423924305306, 'colsample_bytree': 0.836965827544817, 'min_child_weight': 8}.
[I 2026-05-15 17:47:18,983] Trial 205 finished with values: [0.7597924418061355, 0.45335296999354674] and parameters: {'n_estimators': 355, 'learning_rate': 0.012184186502221764, 'subsample': 0.6313825525369063, 'colsample_bytree': 0.836965827544817, 'min_child_weight': 10}.
[I 2026-05-15 17:47:19,580] Trial 206 finished with values: [0.6854403073014799, 0.6588674546741926] and parameters: {'n_estimators': 243, 'learning_rate': 0.12856643861355183, 'subsample': 0.9018171496338729, 'colsample_bytree': 0.7755885682822544, 'min_child_weight': 8}.
/home/mklemmingen/PycharmProjects/migraine-forecasting-shd/.venv/lib/python3.13/site-packages/sklearn/linear_model/_sag.py:348: ConvergenceWarning: The max_iter was reached which means the coef_ did not converge
  warnings.warn(
[I 2026-05-15 17:47:20,147] Trial 207 finished with values: [0.7565506578777784, 0.4443292521388441] and parameters: {'n_estimators': 54, 'learning_rate': 0.013313275850595153, 'subsample': 0.6313825525369063, 'colsample_bytree': 0.641249547534373, 'min_child_weight': 6}.
[I 2026-05-15 17:47:21,016] Trial 208 finished with values: [0.7452639867194225, 0.4116499478584837] and parameters: {'n_estimators': 457, 'learning_rate': 0.025985724173338116, 'subsample': 0.6097263865725815, 'colsample_bytree': 0.8021009489791429, 'min_child_weight': 10}.
[I 2026-05-15 17:47:21,788] Trial 209 finished with values: [0.7597075307995292, 0.4517762447065417] and parameters: {'n_estimators': 422, 'learning_rate': 0.013313275850595153, 'subsample': 0.6313825525369063, 'colsample_bytree': 0.7350460685614512, 'min_child_weight': 10}.
/home/mklemmingen/PycharmProjects/migraine-forecasting-shd/.venv/lib/python3.13/site-packages/sklearn/linear_model/_sag.py:348: ConvergenceWarning: The max_iter was reached which means the coef_ did not converge
  warnings.warn(
[I 2026-05-15 17:47:22,344] Trial 210 finished with values: [0.7625647415582739, 0.43000335994670563] and parameters: {'n_estimators': 54, 'learning_rate': 0.0212853192163843, 'subsample': 0.6479461469334731, 'colsample_bytree': 0.8404460046972835, 'min_child_weight': 10}.
[I 2026-05-15 17:47:22,969] Trial 211 finished with values: [0.7562779008525212, 0.5248913172159594] and parameters: {'n_estimators': 194, 'learning_rate': 0.017797595772834223, 'subsample': 0.7257423924305306, 'colsample_bytree': 0.836965827544817, 'min_child_weight': 9}.
[I 2026-05-15 17:47:23,592] Trial 212 finished with values: [0.7527157211079333, 0.41644559285862337] and parameters: {'n_estimators': 225, 'learning_rate': 0.0212853192163843, 'subsample': 0.6479461469334731, 'colsample_bytree': 0.7350460685614512, 'min_child_weight': 10}.
[I 2026-05-15 17:47:24,355] Trial 213 finished with values: [0.7535947616904388, 0.40849868041618154] and parameters: {'n_estimators': 325, 'learning_rate': 0.025985724173338116, 'subsample': 0.6043350605921193, 'colsample_bytree': 0.7465447373174767, 'min_child_weight': 10}.
[I 2026-05-15 17:47:24,771] Trial 214 finished with values: [0.7256960339500871, 0.36003958440914674] and parameters: {'n_estimators': 54, 'learning_rate': 0.21744977418953557, 'subsample': 0.6313825525369063, 'colsample_bytree': 0.6915192661966489, 'min_child_weight': 1}.
[I 2026-05-15 17:47:25,416] Trial 215 finished with values: [0.7387268491764797, 0.45183778816515] and parameters: {'n_estimators': 325, 'learning_rate': 0.029625450352016573, 'subsample': 0.7168578594140873, 'colsample_bytree': 0.7350460685614512, 'min_child_weight': 10}.
[I 2026-05-15 17:47:26,180] Trial 216 finished with values: [0.7478537707161719, 0.43647328711103783] and parameters: {'n_estimators': 478, 'learning_rate': 0.01351182947645082, 'subsample': 0.6313825525369063, 'colsample_bytree': 0.6180909155642152, 'min_child_weight': 10}.
[I 2026-05-15 17:47:26,738] Trial 217 finished with values: [0.7526712940666657, 0.39322281240475954] and parameters: {'n_estimators': 238, 'learning_rate': 0.029385442161128397, 'subsample': 0.6137554084460873, 'colsample_bytree': 0.7755885682822544, 'min_child_weight': 10}.
[I 2026-05-15 17:47:27,357] Trial 218 finished with values: [0.742431623590338, 0.469446858974254] and parameters: {'n_estimators': 308, 'learning_rate': 0.013313275850595153, 'subsample': 0.8527348848679197, 'colsample_bytree': 0.7793782087913279, 'min_child_weight': 2}.
