[I 2026-05-15 17:47:27,863] Trial 219 finished with values: [0.7245691817236951, 0.37912145961804355] and parameters: {'n_estimators': 182, 'learning_rate': 0.03058280993112278, 'subsample': 0.9022204554172195, 'colsample_bytree': 0.6915192661966489, 'min_child_weight': 1}.
[I 2026-05-15 17:47:28,473] Trial 220 finished with values: [0.7007664578314318, 0.5790455706458522] and parameters: {'n_estimators': 294, 'learning_rate': 0.040381768820718394, 'subsample': 0.8690073824308153, 'colsample_bytree': 0.9652962210225885, 'min_child_weight': 4}.
/home/mklemmingen/PycharmProjects/migraine-forecasting-shd/.venv/lib/python3.13/site-packages/sklearn/linear_model/_sag.py:348: ConvergenceWarning: The max_iter was reached which means the coef_ did not converge
  warnings.warn(
[I 2026-05-15 17:47:28,937] Trial 221 finished with values: [0.7338220893349059, 0.4524950937547786] and parameters: {'n_estimators': 54, 'learning_rate': 0.010639368372762009, 'subsample': 0.900949811775072, 'colsample_bytree': 0.9166316174903394, 'min_child_weight': 1}.
[I 2026-05-15 17:47:29,562] Trial 222 finished with values: [0.6707387623952689, 0.5435292889637752] and parameters: {'n_estimators': 348, 'learning_rate': 0.1466769064893309, 'subsample': 0.6364824412194762, 'colsample_bytree': 0.8186841117373118, 'min_child_weight': 5}.
[I 2026-05-15 17:47:30,315] Trial 223 finished with values: [0.7401232613792308, 0.4455486497498443] and parameters: {'n_estimators': 294, 'learning_rate': 0.025985724173338116, 'subsample': 0.6097263865725815, 'colsample_bytree': 0.7350460685614512, 'min_child_weight': 1}.
/home/mklemmingen/PycharmProjects/migraine-forecasting-shd/.venv/lib/python3.13/site-packages/sklearn/linear_model/_sag.py:348: ConvergenceWarning: The max_iter was reached which means the coef_ did not converge
  warnings.warn(
[I 2026-05-15 17:47:30,794] Trial 224 finished with values: [0.7573221842576496, 0.44068666377362253] and parameters: {'n_estimators': 54, 'learning_rate': 0.01351182947645082, 'subsample': 0.6313825525369063, 'colsample_bytree': 0.6180909155642152, 'min_child_weight': 4}.
[I 2026-05-15 17:47:31,346] Trial 225 finished with values: [0.7485606104520756, 0.46471024537007255] and parameters: {'n_estimators': 238, 'learning_rate': 0.0212853192163843, 'subsample': 0.6230235040066577, 'colsample_bytree': 0.8198115529294943, 'min_child_weight': 5}.
[I 2026-05-15 17:47:32,018] Trial 226 finished with values: [0.6676319976926951, 0.7305816986295757] and parameters: {'n_estimators': 238, 'learning_rate': 0.20476075218575424, 'subsample': 0.6479461469334731, 'colsample_bytree': 0.7350460685614512, 'min_child_weight': 4}.
[I 2026-05-15 17:47:32,540] Trial 227 finished with values: [0.7536388750716213, 0.44581276617719484] and parameters: {'n_estimators': 120, 'learning_rate': 0.01351182947645082, 'subsample': 0.6137554084460873, 'colsample_bytree': 0.6468268065710423, 'min_child_weight': 8}.
[I 2026-05-15 17:47:33,363] Trial 228 finished with values: [0.7530232228004395, 0.47294808946343486] and parameters: {'n_estimators': 465, 'learning_rate': 0.01351182947645082, 'subsample': 0.6783931449676581, 'colsample_bytree': 0.6571966728211344, 'min_child_weight': 4}.
[I 2026-05-15 17:47:33,853] Trial 229 finished with values: [0.744698130081734, 0.37874997485378714] and parameters: {'n_estimators': 120, 'learning_rate': 0.029385442161128397, 'subsample': 0.8654007076432223, 'colsample_bytree': 0.7755885682822544, 'min_child_weight': 1}.
[I 2026-05-15 17:47:34,537] Trial 230 finished with values: [0.754242838487519, 0.5324378957676561] and parameters: {'n_estimators': 238, 'learning_rate': 0.019657448966046126, 'subsample': 0.9046042526869889, 'colsample_bytree': 0.8186841117373118, 'min_child_weight': 8}.
[I 2026-05-15 17:47:35,346] Trial 231 finished with values: [0.7395016814143356, 0.46945897681260346] and parameters: {'n_estimators': 328, 'learning_rate': 0.013313275850595153, 'subsample': 0.6313825525369063, 'colsample_bytree': 0.8186841117373118, 'min_child_weight': 2}.
[I 2026-05-15 17:47:36,131] Trial 232 finished with values: [0.7309461022027052, 0.3883162312374485] and parameters: {'n_estimators': 465, 'learning_rate': 0.014104914380026676, 'subsample': 0.8363333042276043, 'colsample_bytree': 0.6180909155642152, 'min_child_weight': 1}.
[I 2026-05-15 17:47:36,861] Trial 233 finished with values: [0.7616198051368869, 0.4636521254197861] and parameters: {'n_estimators': 366, 'learning_rate': 0.011693687409928539, 'subsample': 0.6579579488364892, 'colsample_bytree': 0.7957811041110252, 'min_child_weight': 10}.
/home/mklemmingen/PycharmProjects/migraine-forecasting-shd/.venv/lib/python3.13/site-packages/sklearn/linear_model/_sag.py:348: ConvergenceWarning: The max_iter was reached which means the coef_ did not converge
  warnings.warn(
[I 2026-05-15 17:47:37,440] Trial 234 finished with values: [0.7474412247243393, 0.4310622022725751] and parameters: {'n_estimators': 54, 'learning_rate': 0.013313275850595153, 'subsample': 0.6137554084460873, 'colsample_bytree': 0.6020246335384875, 'min_child_weight': 1}.
[I 2026-05-15 17:47:38,090] Trial 235 finished with values: [0.747727999199918, 0.4210880626151307] and parameters: {'n_estimators': 355, 'learning_rate': 0.019721610970574007, 'subsample': 0.6313825525369063, 'colsample_bytree': 0.836965827544817, 'min_child_weight': 4}.
[I 2026-05-15 17:47:38,769] Trial 236 finished with values: [0.7307675926096409, 0.4419250070916707] and parameters: {'n_estimators': 377, 'learning_rate': 0.013313275850595153, 'subsample': 0.6508242050607539, 'colsample_bytree': 0.9652962210225885, 'min_child_weight': 1}.
[I 2026-05-15 17:47:39,449] Trial 237 finished with values: [0.7380502956790324, 0.4252040876647891] and parameters: {'n_estimators': 238, 'learning_rate': 0.03404436610591982, 'subsample': 0.6508242050607539, 'colsample_bytree': 0.82272050498334, 'min_child_weight': 1}.
[I 2026-05-15 17:47:39,899] Trial 238 finished with values: [0.7595413595356613, 0.477796652554214] and parameters: {'n_estimators': 105, 'learning_rate': 0.0212853192163843, 'subsample': 0.6479461469334731, 'colsample_bytree': 0.9637281608315128, 'min_child_weight': 3}.
[I 2026-05-15 17:47:40,724] Trial 239 finished with values: [0.7447451741008205, 0.44434991046810124] and parameters: {'n_estimators': 420, 'learning_rate': 0.010639368372762009, 'subsample': 0.6137554084460873, 'colsample_bytree': 0.6020246335384875, 'min_child_weight': 1}.
[I 2026-05-15 17:47:41,431] Trial 240 finished with values: [0.7417304846964802, 0.45092290391542544] and parameters: {'n_estimators': 413, 'learning_rate': 0.013313275850595153, 'subsample': 0.6097263865725815, 'colsample_bytree': 0.9652962210225885, 'min_child_weight': 1}.
[I 2026-05-15 17:47:41,944] Trial 241 finished with values: [0.7390844113451943, 0.4524615023334155] and parameters: {'n_estimators': 64, 'learning_rate': 0.11046009304545999, 'subsample': 0.7257423924305306, 'colsample_bytree': 0.836965827544817, 'min_child_weight': 10}.
/home/mklemmingen/PycharmProjects/migraine-forecasting-shd/.venv/lib/python3.13/site-packages/sklearn/linear_model/_sag.py:348: ConvergenceWarning: The max_iter was reached which means the coef_ did not converge
  warnings.warn(
[I 2026-05-15 17:47:42,490] Trial 242 finished with values: [0.7566243166517717, 0.4258457099525007] and parameters: {'n_estimators': 54, 'learning_rate': 0.017797595772834223, 'subsample': 0.7168578594140873, 'colsample_bytree': 0.82272050498334, 'min_child_weight': 10}.
[I 2026-05-15 17:47:43,256] Trial 243 finished with values: [0.743154835044584, 0.5111192460737005] and parameters: {'n_estimators': 465, 'learning_rate': 0.01351182947645082, 'subsample': 0.6479461469334731, 'colsample_bytree': 0.6325395122567599, 'min_child_weight': 4}.
[I 2026-05-15 17:47:43,899] Trial 244 finished with values: [0.7414799103057186, 0.46520366166702953] and parameters: {'n_estimators': 294, 'learning_rate': 0.012184186502221764, 'subsample': 0.6479461469334731, 'colsample_bytree': 0.8404460046972835, 'min_child_weight': 1}.
[I 2026-05-15 17:47:44,592] Trial 245 finished with values: [0.7535903432180961, 0.4523145103280963] and parameters: {'n_estimators': 293, 'learning_rate': 0.013313275850595153, 'subsample': 0.6097263865725815, 'colsample_bytree': 0.858188918362867, 'min_child_weight': 10}.
[I 2026-05-15 17:47:45,170] Trial 246 finished with values: [0.7578161637986589, 0.3764077893645349] and parameters: {'n_estimators': 105, 'learning_rate': 0.05388108577817234, 'subsample': 0.6137554084460873, 'colsample_bytree': 0.82272050498334, 'min_child_weight': 5}.
[I 2026-05-15 17:47:45,757] Trial 247 finished with values: [0.7549236656832289, 0.41042276735763855] and parameters: {'n_estimators': 294, 'learning_rate': 0.0212853192163843, 'subsample': 0.6479461469334731, 'colsample_bytree': 0.7350460685614512, 'min_child_weight': 10}.
[I 2026-05-15 17:47:46,187] Trial 248 finished with values: [0.761373758049216, 0.47096268901041116] and parameters: {'n_estimators': 54, 'learning_rate': 0.035714399098231424, 'subsample': 0.6313825525369063, 'colsample_bytree': 0.7482568588267564, 'min_child_weight': 10}.
[I 2026-05-15 17:47:46,898] Trial 249 finished with values: [0.7225970995290789, 0.4024067685382155] and parameters: {'n_estimators': 378, 'learning_rate': 0.019721610970574007, 'subsample': 0.8549719605992826, 'colsample_bytree': 0.836965827544817, 'min_child_weight': 1}.
[I 2026-05-15 17:47:47,602] Trial 250 finished with values: [0.6309194365899335, 0.6625836981539432] and parameters: {'n_estimators': 355, 'learning_rate': 0.15870971677383489, 'subsample': 0.6313825525369063, 'colsample_bytree': 0.6180909155642152, 'min_child_weight': 1}.
[I 2026-05-15 17:47:48,498] Trial 251 finished with values: [0.7535451902110581, 0.44541047900001357] and parameters: {'n_estimators': 477, 'learning_rate': 0.013313275850595153, 'subsample': 0.6313825525369063, 'colsample_bytree': 0.9944004255291483, 'min_child_weight': 10}.
[I 2026-05-15 17:47:48,925] Trial 252 finished with values: [0.7238123977259495, 0.5048149504913231] and parameters: {'n_estimators': 54, 'learning_rate': 0.129667438075127, 'subsample': 0.7505038342123663, 'colsample_bytree': 0.7350460685614512, 'min_child_weight': 10}.
/home/mklemmingen/PycharmProjects/migraine-forecasting-shd/.venv/lib/python3.13/site-packages/sklearn/linear_model/_sag.py:348: ConvergenceWarning: The max_iter was reached which means the coef_ did not converge
  warnings.warn(
[I 2026-05-15 17:47:49,470] Trial 253 finished with values: [0.7640693959497078, 0.4223440580928381] and parameters: {'n_estimators': 54, 'learning_rate': 0.022587177280197233, 'subsample': 0.6479461469334731, 'colsample_bytree': 0.8404460046972835, 'min_child_weight': 10}.
[I 2026-05-15 17:47:49,973] Trial 254 finished with values: [0.7546960490696807, 0.4139567885709674] and parameters: {'n_estimators': 105, 'learning_rate': 0.019721610970574007, 'subsample': 0.6137554084460873, 'colsample_bytree': 0.858188918362867, 'min_child_weight': 1}.
[I 2026-05-15 17:47:50,628] Trial 255 finished with values: [0.7627987242138905, 0.44851011314924705] and parameters: {'n_estimators': 366, 'learning_rate': 0.011693687409928539, 'subsample': 0.6334002866794675, 'colsample_bytree': 0.7957811041110252, 'min_child_weight': 10}.
[I 2026-05-15 17:47:51,401] Trial 256 finished with values: [0.7465574276722037, 0.510635864302609] and parameters: {'n_estimators': 422, 'learning_rate': 0.01351182947645082, 'subsample': 0.6313825525369063, 'colsample_bytree': 0.7350460685614512, 'min_child_weight': 4}.
[I 2026-05-15 17:47:51,983] Trial 257 finished with values: [0.7588517506720385, 0.4610012401937852] and parameters: {'n_estimators': 238, 'learning_rate': 0.01351182947645082, 'subsample': 0.6508242050607539, 'colsample_bytree': 0.9108587663709747, 'min_child_weight': 10}.
[I 2026-05-15 17:47:52,738] Trial 258 finished with values: [0.7494908467034513, 0.49192125037427337] and parameters: {'n_estimators': 301, 'learning_rate': 0.01351182947645082, 'subsample': 0.6313825525369063, 'colsample_bytree': 0.6180909155642152, 'min_child_weight': 5}.
[I 2026-05-15 17:47:53,364] Trial 259 finished with values: [0.7546126872221224, 0.41149529440953964] and parameters: {'n_estimators': 324, 'learning_rate': 0.0212853192163843, 'subsample': 0.6479461469334731, 'colsample_bytree': 0.7696888036987906, 'min_child_weight': 10}.
[I 2026-05-15 17:47:53,910] Trial 260 finished with values: [0.7630462170264155, 0.4553593933236777] and parameters: {'n_estimators': 54, 'learning_rate': 0.035714399098231424, 'subsample': 0.6097263865725815, 'colsample_bytree': 0.7482568588267564, 'min_child_weight': 10}.
[I 2026-05-15 17:47:54,371] Trial 261 finished with values: [0.7221888896518484, 0.2870390289982824] and parameters: {'n_estimators': 105, 'learning_rate': 0.05388108577817234, 'subsample': 0.8363333042276043, 'colsample_bytree': 0.836965827544817, 'min_child_weight': 1}.
[I 2026-05-15 17:47:54,847] Trial 262 finished with values: [0.7494902250195541, 0.5466020683627597] and parameters: {'n_estimators': 66, 'learning_rate': 0.04872420129560894, 'subsample': 0.9046478461314871, 'colsample_bytree': 0.9625417540378944, 'min_child_weight': 10}.
/home/mklemmingen/PycharmProjects/migraine-forecasting-shd/.venv/lib/python3.13/site-packages/sklearn/linear_model/_sag.py:348: ConvergenceWarning: The max_iter was reached which means the coef_ did not converge
  warnings.warn(
[I 2026-05-15 17:47:55,420] Trial 263 finished with values: [0.7567276967993812, 0.47150565934206423] and parameters: {'n_estimators': 54, 'learning_rate': 0.01351182947645082, 'subsample': 0.9046478461314871, 'colsample_bytree': 0.6180909155642152, 'min_child_weight': 4}.
[I 2026-05-15 17:47:55,846] Trial 264 finished with values: [0.7508502077312302, 0.4439657885348437] and parameters: {'n_estimators': 100, 'learning_rate': 0.0212853192163843, 'subsample': 0.6479461469334731, 'colsample_bytree': 0.9795542149013333, 'min_child_weight': 1}.
[I 2026-05-15 17:47:56,415] Trial 265 finished with values: [0.7472011900578692, 0.4550417863750863] and parameters: {'n_estimators': 225, 'learning_rate': 0.013313275850595153, 'subsample': 0.6479461469334731, 'colsample_bytree': 0.8503439662856945, 'min_child_weight': 1}.
[I 2026-05-15 17:47:57,005] Trial 266 finished with values: [0.7542972328732083, 0.4621626306567529] and parameters: {'n_estimators': 296, 'learning_rate': 0.01058040360169664, 'subsample': 0.6097263865725815, 'colsample_bytree': 0.858188918362867, 'min_child_weight': 10}.
[I 2026-05-15 17:47:57,640] Trial 267 finished with values: [0.7400390569529675, 0.4709765423613231] and parameters: {'n_estimators': 294, 'learning_rate': 0.0212853192163843, 'subsample': 0.6479461469334731, 'colsample_bytree': 0.7350460685614512, 'min_child_weight': 3}.
[I 2026-05-15 17:47:58,090] Trial 268 finished with values: [0.7451308946179778, 0.44707288015929614] and parameters: {'n_estimators': 105, 'learning_rate': 0.05388108577817234, 'subsample': 0.6137554084460873, 'colsample_bytree': 0.9105651842967988, 'min_child_weight': 5}.
[I 2026-05-15 17:47:58,526] Trial 269 finished with values: [0.7482577839646327, 0.4687165462432983] and parameters: {'n_estimators': 54, 'learning_rate': 0.053415464843459444, 'subsample': 0.6313825525369063, 'colsample_bytree': 0.7482568588267564, 'min_child_weight': 3}.
/home/mklemmingen/PycharmProjects/migraine-forecasting-shd/.venv/lib/python3.13/site-packages/sklearn/linear_model/_sag.py:348: ConvergenceWarning: The max_iter was reached which means the coef_ did not converge
  warnings.warn(
[I 2026-05-15 17:47:58,985] Trial 270 finished with values: [0.758612033958925, 0.45290044414459396] and parameters: {'n_estimators': 54, 'learning_rate': 0.0212853192163843, 'subsample': 0.8654007076432223, 'colsample_bytree': 0.6020246335384875, 'min_child_weight': 2}.
[I 2026-05-15 17:47:59,487] Trial 271 finished with values: [0.7621946536192805, 0.41974813121964116] and parameters: {'n_estimators': 105, 'learning_rate': 0.029385442161128397, 'subsample': 0.6137554084460873, 'colsample_bytree': 0.82272050498334, 'min_child_weight': 1}.
[I 2026-05-15 17:48:00,224] Trial 272 finished with values: [0.7545134574433912, 0.3658152296451634] and parameters: {'n_estimators': 294, 'learning_rate': 0.03404436610591982, 'subsample': 0.6508242050607539, 'colsample_bytree': 0.7350460685614512, 'min_child_weight': 10}.
[I 2026-05-15 17:48:00,873] Trial 273 finished with values: [0.7440006829175293, 0.35287546385406454] and parameters: {'n_estimators': 238, 'learning_rate': 0.049234393858490974, 'subsample': 0.6225213102727349, 'colsample_bytree': 0.6475271665072287, 'min_child_weight': 8}.
[I 2026-05-15 17:48:01,650] Trial 274 finished with values: [0.745516830741695, 0.47398025775958874] and parameters: {'n_estimators': 355, 'learning_rate': 0.0212853192163843, 'subsample': 0.6470104987108419, 'colsample_bytree': 0.836965827544817, 'min_child_weight': 7}.
[I 2026-05-15 17:48:02,475] Trial 275 finished with values: [0.7315885815500552, 0.4645864649799189] and parameters: {'n_estimators': 386, 'learning_rate': 0.01412166070620751, 'subsample': 0.8654007076432223, 'colsample_bytree': 0.6020246335384875, 'min_child_weight': 2}.
[I 2026-05-15 17:48:03,267] Trial 276 finished with values: [0.7338398403399797, 0.4276771862469791] and parameters: {'n_estimators': 355, 'learning_rate': 0.019721610970574007, 'subsample': 0.6579579488364892, 'colsample_bytree': 0.7957811041110252, 'min_child_weight': 1}.
[I 2026-05-15 17:48:03,959] Trial 277 finished with values: [0.75621134730843, 0.5150925324057494] and parameters: {'n_estimators': 294, 'learning_rate': 0.012184186502221764, 'subsample': 0.8333475060388639, 'colsample_bytree': 0.7350460685614512, 'min_child_weight': 10}.
[I 2026-05-15 17:48:04,768] Trial 278 finished with values: [0.7521361832250982, 0.5069779219706814] and parameters: {'n_estimators': 294, 'learning_rate': 0.0212853192163843, 'subsample': 0.8363333042276043, 'colsample_bytree': 0.8186841117373118, 'min_child_weight': 10}.
[I 2026-05-15 17:48:05,445] Trial 279 finished with values: [0.7500570836111937, 0.47255876400098307] and parameters: {'n_estimators': 203, 'learning_rate': 0.0212853192163843, 'subsample': 0.7499482318094817, 'colsample_bytree': 0.7142848345127443, 'min_child_weight': 10}.
[I 2026-05-15 17:48:06,127] Trial 280 finished with values: [0.7180932481526912, 0.5327563455990327] and parameters: {'n_estimators': 355, 'learning_rate': 0.019721610970574007, 'subsample': 0.9474396512757841, 'colsample_bytree': 0.858188918362867, 'min_child_weight': 3}.
[I 2026-05-15 17:48:06,765] Trial 281 finished with values: [0.613258435587347, 0.7147041751828622] and parameters: {'n_estimators': 339, 'learning_rate': 0.26472593204036643, 'subsample': 0.9046478461314871, 'colsample_bytree': 0.8503439662856945, 'min_child_weight': 1}.
[I 2026-05-15 17:48:07,501] Trial 282 finished with values: [0.735545499367035, 0.46697105936341676] and parameters: {'n_estimators': 415, 'learning_rate': 0.019721610970574007, 'subsample': 0.6048617898759265, 'colsample_bytree': 0.9795542149013333, 'min_child_weight': 1}.
/home/mklemmingen/PycharmProjects/migraine-forecasting-shd/.venv/lib/python3.13/site-packages/sklearn/linear_model/_sag.py:348: ConvergenceWarning: The max_iter was reached which means the coef_ did not converge
  warnings.warn(
[I 2026-05-15 17:48:08,003] Trial 283 finished with values: [0.7618407577094077, 0.431320703331415] and parameters: {'n_estimators': 54, 'learning_rate': 0.013313275850595153, 'subsample': 0.6479461469334731, 'colsample_bytree': 0.9879515306830556, 'min_child_weight': 10}.
/home/mklemmingen/PycharmProjects/migraine-forecasting-shd/.venv/lib/python3.13/site-packages/sklearn/linear_model/_sag.py:348: ConvergenceWarning: The max_iter was reached which means the coef_ did not converge
  warnings.warn(
[I 2026-05-15 17:48:08,553] Trial 284 finished with values: [0.7583144917882196, 0.4386085025246774] and parameters: {'n_estimators': 54, 'learning_rate': 0.013313275850595153, 'subsample': 0.7168578594140873, 'colsample_bytree': 0.6172639647802304, 'min_child_weight': 10}.
[I 2026-05-15 17:48:09,445] Trial 285 finished with values: [0.624550714106204, 0.556752664000278] and parameters: {'n_estimators': 413, 'learning_rate': 0.20716979401768126, 'subsample': 0.8110804436345199, 'colsample_bytree': 0.9971859184477201, 'min_child_weight': 1}.
[I 2026-05-15 17:48:10,000] Trial 286 finished with values: [0.7585006363457152, 0.4132254419896437] and parameters: {'n_estimators': 120, 'learning_rate': 0.029385442161128397, 'subsample': 0.6579579488364892, 'colsample_bytree': 0.7957811041110252, 'min_child_weight': 8}.
/home/mklemmingen/PycharmProjects/migraine-forecasting-shd/.venv/lib/python3.13/site-packages/sklearn/linear_model/_sag.py:348: ConvergenceWarning: The max_iter was reached which means the coef_ did not converge
  warnings.warn(
[I 2026-05-15 17:48:10,474] Trial 287 finished with values: [0.7650819121904547, 0.41449187080212474] and parameters: {'n_estimators': 54, 'learning_rate': 0.017797595772834223, 'subsample': 0.6579579488364892, 'colsample_bytree': 0.7957811041110252, 'min_child_weight': 10}.
[I 2026-05-15 17:48:11,204] Trial 288 finished with values: [0.7535947616904388, 0.40849868041618154] and parameters: {'n_estimators': 325, 'learning_rate': 0.025985724173338116, 'subsample': 0.6043350605921193, 'colsample_bytree': 0.7465447373174767, 'min_child_weight': 10}.
/home/mklemmingen/PycharmProjects/migraine-forecasting-shd/.venv/lib/python3.13/site-packages/sklearn/linear_model/_sag.py:348: ConvergenceWarning: The max_iter was reached which means the coef_ did not converge
  warnings.warn(
[I 2026-05-15 17:48:11,647] Trial 289 finished with values: [0.759380249690774, 0.43175020743282255] and parameters: {'n_estimators': 54, 'learning_rate': 0.0212853192163843, 'subsample': 0.6295186258941595, 'colsample_bytree': 0.6915192661966489, 'min_child_weight': 1}.
