[I 2026-05-15 17:50:19,325] Trial 494 finished with values: [0.7526902804999424, 0.4389788756970837] and parameters: {'n_estimators': 293, 'learning_rate': 0.025985724173338116, 'subsample': 0.6969638929660321, 'colsample_bytree': 0.8404460046972835, 'min_child_weight': 10}.
[I 2026-05-15 17:50:19,840] Trial 495 finished with values: [0.7565096205497545, 0.40924033816674965] and parameters: {'n_estimators': 54, 'learning_rate': 0.05388108577817234, 'subsample': 0.6097263865725815, 'colsample_bytree': 0.836965827544817, 'min_child_weight': 2}.
[I 2026-05-15 17:50:20,623] Trial 496 finished with values: [0.7506368630522807, 0.4031902789579879] and parameters: {'n_estimators': 490, 'learning_rate': 0.0212853192163843, 'subsample': 0.6479461469334731, 'colsample_bytree': 0.858188918362867, 'min_child_weight': 10}.
[I 2026-05-15 17:50:21,373] Trial 497 finished with values: [0.7467994210365361, 0.5256112947454004] and parameters: {'n_estimators': 289, 'learning_rate': 0.014398128852644736, 'subsample': 0.9022204554172195, 'colsample_bytree': 0.6915192661966489, 'min_child_weight': 7}.
[I 2026-05-15 17:50:21,981] Trial 498 finished with values: [0.7523293883454332, 0.405733670720947] and parameters: {'n_estimators': 325, 'learning_rate': 0.025985724173338116, 'subsample': 0.6137554084460873, 'colsample_bytree': 0.7482568588267564, 'min_child_weight': 10}.
[I 2026-05-15 17:50:22,515] Trial 499 finished with values: [0.763223596310721, 0.4076613458569998] and parameters: {'n_estimators': 105, 'learning_rate': 0.0212853192163843, 'subsample': 0.6479461469334731, 'colsample_bytree': 0.7586171129285081, 'min_child_weight': 10}.
Building variant 'auroc_max'...
Saved /home/mklemmingen/PycharmProjects/migraine-forecasting-shd/experiment/0/migraine/full_features/stacked_2xgb_meta_lr/70_15_15/stratified/HyperparameterTuned/pareto_AUROC_slope/auroc_max/model.joblib

# End capture ------------------------------------------
# Finished: 2026-05-15T17:50:22
