[I 2026-05-15 17:48:12,478] Trial 290 finished with values: [0.7490088083965241, 0.3991465630411022] and parameters: {'n_estimators': 459, 'learning_rate': 0.022587177280197233, 'subsample': 0.6579579488364892, 'colsample_bytree': 0.8215417137605283, 'min_child_weight': 10}.
[I 2026-05-15 17:48:13,333] Trial 291 finished with values: [0.7369320297615408, 0.4677158897968683] and parameters: {'n_estimators': 398, 'learning_rate': 0.019721610970574007, 'subsample': 0.602208846849441, 'colsample_bytree': 0.9261845713819337, 'min_child_weight': 1}.
[I 2026-05-15 17:48:13,859] Trial 292 finished with values: [0.766799575705502, 0.4603012056764377] and parameters: {'n_estimators': 54, 'learning_rate': 0.035714399098231424, 'subsample': 0.6137554084460873, 'colsample_bytree': 0.7482568588267564, 'min_child_weight': 10}.
[I 2026-05-15 17:48:14,512] Trial 293 finished with values: [0.7535690336989748, 0.42268152276302934] and parameters: {'n_estimators': 324, 'learning_rate': 0.0212853192163843, 'subsample': 0.6479461469334731, 'colsample_bytree': 0.9795542149013333, 'min_child_weight': 10}.
[I 2026-05-15 17:48:15,264] Trial 294 finished with values: [0.7408103788977377, 0.43374910617328855] and parameters: {'n_estimators': 487, 'learning_rate': 0.011693687409928539, 'subsample': 0.6579579488364892, 'colsample_bytree': 0.8092391376680595, 'min_child_weight': 1}.
/home/mklemmingen/PycharmProjects/migraine-forecasting-shd/.venv/lib/python3.13/site-packages/sklearn/linear_model/_sag.py:348: ConvergenceWarning: The max_iter was reached which means the coef_ did not converge
  warnings.warn(
[I 2026-05-15 17:48:15,748] Trial 295 finished with values: [0.7565117119361308, 0.4598132340921012] and parameters: {'n_estimators': 66, 'learning_rate': 0.019721610970574007, 'subsample': 0.9046478461314871, 'colsample_bytree': 0.6950550175969599, 'min_child_weight': 10}.
[I 2026-05-15 17:48:16,456] Trial 296 finished with values: [0.6917685082548288, 0.5096572851463058] and parameters: {'n_estimators': 294, 'learning_rate': 0.08505465867325865, 'subsample': 0.6137554084460873, 'colsample_bytree': 0.82272050498334, 'min_child_weight': 5}.
[I 2026-05-15 17:48:17,324] Trial 297 finished with values: [0.750058095462919, 0.4876593834633443] and parameters: {'n_estimators': 398, 'learning_rate': 0.019657448966046126, 'subsample': 0.602208846849441, 'colsample_bytree': 0.8782994755938469, 'min_child_weight': 5}.
[I 2026-05-15 17:48:17,738] Trial 298 finished with values: [0.7338572800099492, 0.42822652160804575] and parameters: {'n_estimators': 54, 'learning_rate': 0.0845238710259589, 'subsample': 0.7257423924305306, 'colsample_bytree': 0.836965827544817, 'min_child_weight': 1}.
[I 2026-05-15 17:48:18,475] Trial 299 finished with values: [0.6711959764681937, 0.573112942562269] and parameters: {'n_estimators': 313, 'learning_rate': 0.21434810637527812, 'subsample': 0.6479461469334731, 'colsample_bytree': 0.9637281608315128, 'min_child_weight': 10}.
[I 2026-05-15 17:48:19,120] Trial 300 finished with values: [0.7388660205531453, 0.34397101171428934] and parameters: {'n_estimators': 294, 'learning_rate': 0.01167158438611932, 'subsample': 0.9022204554172195, 'colsample_bytree': 0.7350460685614512, 'min_child_weight': 1}.
[I 2026-05-15 17:48:19,756] Trial 301 finished with values: [0.7594768688225649, 0.5017539134946948] and parameters: {'n_estimators': 176, 'learning_rate': 0.014104914380026676, 'subsample': 0.8363333042276043, 'colsample_bytree': 0.6180909155642152, 'min_child_weight': 10}.
[I 2026-05-15 17:48:20,460] Trial 302 finished with values: [0.7475137493251961, 0.5875613204086797] and parameters: {'n_estimators': 325, 'learning_rate': 0.0212853192163843, 'subsample': 0.9801645936306235, 'colsample_bytree': 0.7696888036987906, 'min_child_weight': 10}.
[I 2026-05-15 17:48:21,240] Trial 303 finished with values: [0.6216003739146259, 0.8174338560343688] and parameters: {'n_estimators': 459, 'learning_rate': 0.21744977418953557, 'subsample': 0.6579579488364892, 'colsample_bytree': 0.6915192661966489, 'min_child_weight': 1}.
[I 2026-05-15 17:48:21,806] Trial 304 finished with values: [0.6949991916013964, 0.42509178031326594] and parameters: {'n_estimators': 355, 'learning_rate': 0.029385442161128397, 'subsample': 0.8654007076432223, 'colsample_bytree': 0.836965827544817, 'min_child_weight': 1}.
[I 2026-05-15 17:48:22,580] Trial 305 finished with values: [0.6662055066599644, 0.5003553775401637] and parameters: {'n_estimators': 459, 'learning_rate': 0.20655112155089347, 'subsample': 0.602208846849441, 'colsample_bytree': 0.9261845713819337, 'min_child_weight': 10}.
/home/mklemmingen/PycharmProjects/migraine-forecasting-shd/.venv/lib/python3.13/site-packages/sklearn/linear_model/_sag.py:348: ConvergenceWarning: The max_iter was reached which means the coef_ did not converge
  warnings.warn(
[I 2026-05-15 17:48:23,058] Trial 306 finished with values: [0.7543318580393487, 0.4510667298032901] and parameters: {'n_estimators': 54, 'learning_rate': 0.0212853192163843, 'subsample': 0.7822627011142852, 'colsample_bytree': 0.8480530391206147, 'min_child_weight': 10}.
/home/mklemmingen/PycharmProjects/migraine-forecasting-shd/.venv/lib/python3.13/site-packages/sklearn/linear_model/_sag.py:348: ConvergenceWarning: The max_iter was reached which means the coef_ did not converge
  warnings.warn(
[I 2026-05-15 17:48:23,622] Trial 307 finished with values: [0.7643726446593834, 0.38664471760905456] and parameters: {'n_estimators': 54, 'learning_rate': 0.022587177280197233, 'subsample': 0.6097263865725815, 'colsample_bytree': 0.8404460046972835, 'min_child_weight': 10}.
[I 2026-05-15 17:48:24,261] Trial 308 finished with values: [0.748219241116838, 0.4299485011686114] and parameters: {'n_estimators': 175, 'learning_rate': 0.05388108577817234, 'subsample': 0.6137554084460873, 'colsample_bytree': 0.7350460685614512, 'min_child_weight': 10}.
[I 2026-05-15 17:48:25,076] Trial 309 finished with values: [0.7267724521423345, 0.44704446096543843] and parameters: {'n_estimators': 413, 'learning_rate': 0.014104914380026676, 'subsample': 0.8363333042276043, 'colsample_bytree': 0.858188918362867, 'min_child_weight': 2}.
[I 2026-05-15 17:48:25,705] Trial 310 finished with values: [0.7336097326369193, 0.38521155243455557] and parameters: {'n_estimators': 355, 'learning_rate': 0.013313275850595153, 'subsample': 0.8549719605992826, 'colsample_bytree': 0.7854793619759929, 'min_child_weight': 1}.
[I 2026-05-15 17:48:26,192] Trial 311 finished with values: [0.7577576201545945, 0.42964551659783207] and parameters: {'n_estimators': 105, 'learning_rate': 0.019721610970574007, 'subsample': 0.6137554084460873, 'colsample_bytree': 0.7413408912104211, 'min_child_weight': 1}.
[I 2026-05-15 17:48:26,963] Trial 312 finished with values: [0.707383747792875, 0.4408710875296834] and parameters: {'n_estimators': 413, 'learning_rate': 0.07279991098092103, 'subsample': 0.6310938547859939, 'colsample_bytree': 0.858188918362867, 'min_child_weight': 10}.
[I 2026-05-15 17:48:27,480] Trial 313 finished with values: [0.7218462513162676, 0.5219440020309838] and parameters: {'n_estimators': 54, 'learning_rate': 0.27497884337724565, 'subsample': 0.8654007076432223, 'colsample_bytree': 0.9944842977918411, 'min_child_weight': 10}.
[I 2026-05-15 17:48:28,311] Trial 314 finished with values: [0.7203606854680762, 0.44100405306079205] and parameters: {'n_estimators': 364, 'learning_rate': 0.06192689958760303, 'subsample': 0.6579579488364892, 'colsample_bytree': 0.7957811041110252, 'min_child_weight': 10}.
[I 2026-05-15 17:48:28,912] Trial 315 finished with values: [0.7525669711250276, 0.4631331325460999] and parameters: {'n_estimators': 120, 'learning_rate': 0.029385442161128397, 'subsample': 0.8654007076432223, 'colsample_bytree': 0.7755885682822544, 'min_child_weight': 10}.
[I 2026-05-15 17:48:29,605] Trial 316 finished with values: [0.754184255229253, 0.4981212587483624] and parameters: {'n_estimators': 294, 'learning_rate': 0.011693687409928539, 'subsample': 0.6334002866794675, 'colsample_bytree': 0.7238110465145311, 'min_child_weight': 9}.
[I 2026-05-15 17:48:30,357] Trial 317 finished with values: [0.7477984642911807, 0.4906694532626612] and parameters: {'n_estimators': 358, 'learning_rate': 0.017386210661369347, 'subsample': 0.8654007076432223, 'colsample_bytree': 0.7755885682822544, 'min_child_weight': 10}.
[I 2026-05-15 17:48:31,213] Trial 318 finished with values: [0.7492474964617335, 0.5560783112487838] and parameters: {'n_estimators': 420, 'learning_rate': 0.013313275850595153, 'subsample': 0.9290148971692676, 'colsample_bytree': 0.9799199653167696, 'min_child_weight': 6}.
[I 2026-05-15 17:48:32,024] Trial 319 finished with values: [0.6767285163911053, 0.5579062319950957] and parameters: {'n_estimators': 377, 'learning_rate': 0.05388108577817234, 'subsample': 0.8654007076432223, 'colsample_bytree': 0.6020246335384875, 'min_child_weight': 2}.
[I 2026-05-15 17:48:32,557] Trial 320 finished with values: [0.7627013850529719, 0.5004603770470066] and parameters: {'n_estimators': 54, 'learning_rate': 0.08055428067442477, 'subsample': 0.6479461469334731, 'colsample_bytree': 0.8404460046972835, 'min_child_weight': 10}.
[I 2026-05-15 17:48:33,148] Trial 321 finished with values: [0.7313809090379111, 0.43674949671900737] and parameters: {'n_estimators': 293, 'learning_rate': 0.04147588661423153, 'subsample': 0.8363333042276043, 'colsample_bytree': 0.7482568588267564, 'min_child_weight': 10}.
[I 2026-05-15 17:48:33,754] Trial 322 finished with values: [0.7619636292471743, 0.46037403918992725] and parameters: {'n_estimators': 105, 'learning_rate': 0.05388108577817234, 'subsample': 0.6479461469334731, 'colsample_bytree': 0.8404460046972835, 'min_child_weight': 10}.
[I 2026-05-15 17:48:34,663] Trial 323 finished with values: [0.6971335634486382, 0.4247959613773359] and parameters: {'n_estimators': 465, 'learning_rate': 0.035714399098231424, 'subsample': 0.6097263865725815, 'colsample_bytree': 0.9730913933416053, 'min_child_weight': 1}.
[I 2026-05-15 17:48:35,496] Trial 324 finished with values: [0.7206059304692489, 0.5573977950344766] and parameters: {'n_estimators': 420, 'learning_rate': 0.040381768820718394, 'subsample': 0.9022204554172195, 'colsample_bytree': 0.8186841117373118, 'min_child_weight': 9}.
/home/mklemmingen/PycharmProjects/migraine-forecasting-shd/.venv/lib/python3.13/site-packages/sklearn/linear_model/_sag.py:348: ConvergenceWarning: The max_iter was reached which means the coef_ did not converge
  warnings.warn(
[I 2026-05-15 17:48:36,028] Trial 325 finished with values: [0.7509899368562738, 0.43810026205231745] and parameters: {'n_estimators': 70, 'learning_rate': 0.01412166070620751, 'subsample': 0.8654007076432223, 'colsample_bytree': 0.6105467897989008, 'min_child_weight': 2}.
/home/mklemmingen/PycharmProjects/migraine-forecasting-shd/.venv/lib/python3.13/site-packages/sklearn/linear_model/_sag.py:348: ConvergenceWarning: The max_iter was reached which means the coef_ did not converge
  warnings.warn(
[I 2026-05-15 17:48:36,603] Trial 326 finished with values: [0.7618407577094077, 0.431320703331415] and parameters: {'n_estimators': 54, 'learning_rate': 0.013313275850595153, 'subsample': 0.6479461469334731, 'colsample_bytree': 0.9879515306830556, 'min_child_weight': 10}.
[I 2026-05-15 17:48:37,169] Trial 327 finished with values: [0.7496003366470659, 0.46004511796535885] and parameters: {'n_estimators': 238, 'learning_rate': 0.0212853192163843, 'subsample': 0.7505853467512198, 'colsample_bytree': 0.7350460685614512, 'min_child_weight': 10}.
[I 2026-05-15 17:48:37,640] Trial 328 finished with values: [0.729343318946903, 0.40394275450824] and parameters: {'n_estimators': 105, 'learning_rate': 0.05388108577817234, 'subsample': 0.8549719605992826, 'colsample_bytree': 0.836965827544817, 'min_child_weight': 1}.
[I 2026-05-15 17:48:38,380] Trial 329 finished with values: [0.6307230794632264, 0.7960393481410457] and parameters: {'n_estimators': 293, 'learning_rate': 0.15750181143068478, 'subsample': 0.8363333042276043, 'colsample_bytree': 0.9949104517259778, 'min_child_weight': 1}.
[I 2026-05-15 17:48:38,939] Trial 330 finished with values: [0.7614507638015787, 0.4180046359322347] and parameters: {'n_estimators': 54, 'learning_rate': 0.025985724173338116, 'subsample': 0.6097263865725815, 'colsample_bytree': 0.6601667564414112, 'min_child_weight': 10}.
[I 2026-05-15 17:48:39,523] Trial 331 finished with values: [0.7451390732913706, 0.38611067154160245] and parameters: {'n_estimators': 105, 'learning_rate': 0.03058280993112278, 'subsample': 0.9022204554172195, 'colsample_bytree': 0.6915192661966489, 'min_child_weight': 1}.
/home/mklemmingen/PycharmProjects/migraine-forecasting-shd/.venv/lib/python3.13/site-packages/sklearn/linear_model/_sag.py:348: ConvergenceWarning: The max_iter was reached which means the coef_ did not converge
  warnings.warn(
[I 2026-05-15 17:48:39,998] Trial 332 finished with values: [0.7597496116928786, 0.4086109925205036] and parameters: {'n_estimators': 54, 'learning_rate': 0.019721610970574007, 'subsample': 0.6313825525369063, 'colsample_bytree': 0.858188918362867, 'min_child_weight': 10}.
[I 2026-05-15 17:48:40,681] Trial 333 finished with values: [0.7451019581765468, 0.38860234472002253] and parameters: {'n_estimators': 366, 'learning_rate': 0.035714399098231424, 'subsample': 0.6137554084460873, 'colsample_bytree': 0.7482568588267564, 'min_child_weight': 10}.
[I 2026-05-15 17:48:41,470] Trial 334 finished with values: [0.7394485737349438, 0.4643793935990551] and parameters: {'n_estimators': 355, 'learning_rate': 0.013313275850595153, 'subsample': 0.8549719605992826, 'colsample_bytree': 0.6020246335384875, 'min_child_weight': 2}.
[I 2026-05-15 17:48:42,233] Trial 335 finished with values: [0.7545783444053671, 0.45695751554322933] and parameters: {'n_estimators': 317, 'learning_rate': 0.012184186502221764, 'subsample': 0.6479461469334731, 'colsample_bytree': 0.8404460046972835, 'min_child_weight': 10}.
[I 2026-05-15 17:48:42,785] Trial 336 finished with values: [0.6692527686755755, 0.6230994702016137] and parameters: {'n_estimators': 221, 'learning_rate': 0.27082027345327275, 'subsample': 0.6579579488364892, 'colsample_bytree': 0.7957811041110252, 'min_child_weight': 8}.
[I 2026-05-15 17:48:43,472] Trial 337 finished with values: [0.7579951392441645, 0.4159786504869398] and parameters: {'n_estimators': 225, 'learning_rate': 0.035714399098231424, 'subsample': 0.6097263865725815, 'colsample_bytree': 0.9368475692542835, 'min_child_weight': 9}.
[I 2026-05-15 17:48:44,333] Trial 338 finished with values: [0.7161469206073894, 0.45681280231200316] and parameters: {'n_estimators': 465, 'learning_rate': 0.019657448966046126, 'subsample': 0.7874772639179881, 'colsample_bytree': 0.6180909155642152, 'min_child_weight': 1}.
[I 2026-05-15 17:48:45,008] Trial 339 finished with values: [0.7401723423166103, 0.37837805838234706] and parameters: {'n_estimators': 225, 'learning_rate': 0.05388108577817234, 'subsample': 0.6137554084460873, 'colsample_bytree': 0.7350460685614512, 'min_child_weight': 5}.
[I 2026-05-15 17:48:45,534] Trial 340 finished with values: [0.760963408306156, 0.45256140272834944] and parameters: {'n_estimators': 54, 'learning_rate': 0.04099573751320915, 'subsample': 0.6313825525369063, 'colsample_bytree': 0.7350460685614512, 'min_child_weight': 3}.
[I 2026-05-15 17:48:46,172] Trial 341 finished with values: [0.752195078879873, 0.49156888617543826] and parameters: {'n_estimators': 294, 'learning_rate': 0.012113606011086922, 'subsample': 0.6479461469334731, 'colsample_bytree': 0.6915192661966489, 'min_child_weight': 1}.
[I 2026-05-15 17:48:46,882] Trial 342 finished with values: [0.7456212078972568, 0.4596855388644025] and parameters: {'n_estimators': 238, 'learning_rate': 0.013313275850595153, 'subsample': 0.6479461469334731, 'colsample_bytree': 0.8503439662856945, 'min_child_weight': 1}.
[I 2026-05-15 17:48:47,642] Trial 343 finished with values: [0.6754425332767887, 0.4603319410493472] and parameters: {'n_estimators': 294, 'learning_rate': 0.18936503889340725, 'subsample': 0.925160403652031, 'colsample_bytree': 0.7482568588267564, 'min_child_weight': 10}.
[I 2026-05-15 17:48:48,211] Trial 344 finished with values: [0.7593043719842856, 0.4544389285335142] and parameters: {'n_estimators': 238, 'learning_rate': 0.011693687409928539, 'subsample': 0.6479461469334731, 'colsample_bytree': 0.7350460685614512, 'min_child_weight': 10}.
[I 2026-05-15 17:48:48,932] Trial 345 finished with values: [0.7374441324460226, 0.40128347792031854] and parameters: {'n_estimators': 324, 'learning_rate': 0.0212853192163843, 'subsample': 0.6479461469334731, 'colsample_bytree': 0.9986547348295621, 'min_child_weight': 1}.
[I 2026-05-15 17:48:49,546] Trial 346 finished with values: [0.6927788138492532, 0.5333909003191695] and parameters: {'n_estimators': 300, 'learning_rate': 0.13673750637076953, 'subsample': 0.6508242050607539, 'colsample_bytree': 0.7350460685614512, 'min_child_weight': 10}.
/home/mklemmingen/PycharmProjects/migraine-forecasting-shd/.venv/lib/python3.13/site-packages/sklearn/linear_model/_sag.py:348: ConvergenceWarning: The max_iter was reached which means the coef_ did not converge
  warnings.warn(
[I 2026-05-15 17:48:50,007] Trial 347 finished with values: [0.7551311079197747, 0.42420035797546046] and parameters: {'n_estimators': 54, 'learning_rate': 0.01412166070620751, 'subsample': 0.8654007076432223, 'colsample_bytree': 0.6020246335384875, 'min_child_weight': 2}.
[I 2026-05-15 17:48:50,565] Trial 348 finished with values: [0.7506153684156137, 0.4684579825572726] and parameters: {'n_estimators': 238, 'learning_rate': 0.025985724173338116, 'subsample': 0.6508242050607539, 'colsample_bytree': 0.9779062919529712, 'min_child_weight': 9}.
[I 2026-05-15 17:48:51,177] Trial 349 finished with values: [0.7372994615720654, 0.3891979088267167] and parameters: {'n_estimators': 161, 'learning_rate': 0.029385442161128397, 'subsample': 0.7802176541240374, 'colsample_bytree': 0.7755885682822544, 'min_child_weight': 1}.
[I 2026-05-15 17:48:51,878] Trial 350 finished with values: [0.7557437431995222, 0.46493649691609845] and parameters: {'n_estimators': 293, 'learning_rate': 0.015516155285628185, 'subsample': 0.6097263865725815, 'colsample_bytree': 0.7350460685614512, 'min_child_weight': 10}.
[I 2026-05-15 17:48:52,607] Trial 351 finished with values: [0.6449265980410407, 0.6387751384884914] and parameters: {'n_estimators': 420, 'learning_rate': 0.25659550869174796, 'subsample': 0.6137554084460873, 'colsample_bytree': 0.8186841117373118, 'min_child_weight': 7}.
[I 2026-05-15 17:48:53,238] Trial 352 finished with values: [0.7182902605441005, 0.4156325249922279] and parameters: {'n_estimators': 153, 'learning_rate': 0.09821625213821766, 'subsample': 0.6097263865725815, 'colsample_bytree': 0.8472512961831583, 'min_child_weight': 4}.
[I 2026-05-15 17:48:53,911] Trial 353 finished with values: [0.752454487324257, 0.3994381674478819] and parameters: {'n_estimators': 238, 'learning_rate': 0.03404436610591982, 'subsample': 0.6137554084460873, 'colsample_bytree': 0.8186841117373118, 'min_child_weight': 10}.
[I 2026-05-15 17:48:54,322] Trial 354 finished with values: [0.761804185663815, 0.44740158408616654] and parameters: {'n_estimators': 54, 'learning_rate': 0.035714399098231424, 'subsample': 0.6097263865725815, 'colsample_bytree': 0.6454230368798516, 'min_child_weight': 10}.
[I 2026-05-15 17:48:54,891] Trial 355 finished with values: [0.7608783958119851, 0.4178016247888679] and parameters: {'n_estimators': 105, 'learning_rate': 0.05388108577817234, 'subsample': 0.6043350605921193, 'colsample_bytree': 0.7465447373174767, 'min_child_weight': 10}.
[I 2026-05-15 17:48:55,559] Trial 356 finished with values: [0.753611747489559, 0.4668273352117714] and parameters: {'n_estimators': 238, 'learning_rate': 0.012184186502221764, 'subsample': 0.6313825525369063, 'colsample_bytree': 0.8686292782371199, 'min_child_weight': 6}.
[I 2026-05-15 17:48:56,059] Trial 357 finished with values: [0.7555111461701802, 0.41004118841040765] and parameters: {'n_estimators': 105, 'learning_rate': 0.017797595772834223, 'subsample': 0.6579579488364892, 'colsample_bytree': 0.7957811041110252, 'min_child_weight': 1}.
[I 2026-05-15 17:48:56,778] Trial 358 finished with values: [0.7202434626234764, 0.4779909598928582] and parameters: {'n_estimators': 238, 'learning_rate': 0.08055428067442477, 'subsample': 0.6479461469334731, 'colsample_bytree': 0.8404460046972835, 'min_child_weight': 8}.
/home/mklemmingen/PycharmProjects/migraine-forecasting-shd/.venv/lib/python3.13/site-packages/sklearn/linear_model/_sag.py:348: ConvergenceWarning: The max_iter was reached which means the coef_ did not converge
  warnings.warn(
[I 2026-05-15 17:48:57,337] Trial 359 finished with values: [0.7455567720580322, 0.41508548846971244] and parameters: {'n_estimators': 54, 'learning_rate': 0.013313275850595153, 'subsample': 0.8080654004447974, 'colsample_bytree': 0.940872600127416, 'min_child_weight': 1}.
[I 2026-05-15 17:48:58,041] Trial 360 finished with values: [0.7373738314969381, 0.5454499799191176] and parameters: {'n_estimators': 459, 'learning_rate': 0.022587177280197233, 'subsample': 0.8207627355097942, 'colsample_bytree': 0.8215417137605283, 'min_child_weight': 10}.
/home/mklemmingen/PycharmProjects/migraine-forecasting-shd/.venv/lib/python3.13/site-packages/sklearn/linear_model/_sag.py:348: ConvergenceWarning: The max_iter was reached which means the coef_ did not converge
  warnings.warn(
[I 2026-05-15 17:48:58,603] Trial 361 finished with values: [0.761927252755546, 0.4021143793984246] and parameters: {'n_estimators': 54, 'learning_rate': 0.013313275850595153, 'subsample': 0.6097263865725815, 'colsample_bytree': 0.8404460046972835, 'min_child_weight': 10}.
