[I 2026-05-15 17:49:39,465] Trial 429 finished with values: [0.7477071423097307, 0.4110917563405456] and parameters: {'n_estimators': 325, 'learning_rate': 0.02359825968453427, 'subsample': 0.6579579488364892, 'colsample_bytree': 0.885339834353821, 'min_child_weight': 10}.
/home/mklemmingen/PycharmProjects/migraine-forecasting-shd/.venv/lib/python3.13/site-packages/sklearn/linear_model/_sag.py:348: ConvergenceWarning: The max_iter was reached which means the coef_ did not converge
  warnings.warn(
[I 2026-05-15 17:49:40,010] Trial 430 finished with values: [0.7453468747186287, 0.5005153084395868] and parameters: {'n_estimators': 54, 'learning_rate': 0.0212853192163843, 'subsample': 0.9580827350748797, 'colsample_bytree': 0.858188918362867, 'min_child_weight': 6}.
[I 2026-05-15 17:49:40,642] Trial 431 finished with values: [0.73968371745549, 0.3686004789164478] and parameters: {'n_estimators': 289, 'learning_rate': 0.014398128852644736, 'subsample': 0.9022204554172195, 'colsample_bytree': 0.6915192661966489, 'min_child_weight': 1}.
/home/mklemmingen/PycharmProjects/migraine-forecasting-shd/.venv/lib/python3.13/site-packages/sklearn/linear_model/_sag.py:348: ConvergenceWarning: The max_iter was reached which means the coef_ did not converge
  warnings.warn(
[I 2026-05-15 17:49:41,114] Trial 432 finished with values: [0.7540626138646558, 0.4330935774187683] and parameters: {'n_estimators': 54, 'learning_rate': 0.019721610970574007, 'subsample': 0.6097263865725815, 'colsample_bytree': 0.6915192661966489, 'min_child_weight': 1}.
[I 2026-05-15 17:49:41,805] Trial 433 finished with values: [0.7467147765607828, 0.3832798549026812] and parameters: {'n_estimators': 238, 'learning_rate': 0.04580177581204563, 'subsample': 0.6115130705253355, 'colsample_bytree': 0.9020549022694476, 'min_child_weight': 10}.
[I 2026-05-15 17:49:42,394] Trial 434 finished with values: [0.7387427666976091, 0.3892539837056608] and parameters: {'n_estimators': 105, 'learning_rate': 0.0212853192163843, 'subsample': 0.8130469065820093, 'colsample_bytree': 0.836965827544817, 'min_child_weight': 1}.
[I 2026-05-15 17:49:42,969] Trial 435 finished with values: [0.7495677616082846, 0.4153809744617165] and parameters: {'n_estimators': 225, 'learning_rate': 0.025985724173338116, 'subsample': 0.6225213102727349, 'colsample_bytree': 0.7350460685614512, 'min_child_weight': 5}.
[I 2026-05-15 17:49:43,422] Trial 436 finished with values: [0.7563559200321084, 0.4327523858275075] and parameters: {'n_estimators': 120, 'learning_rate': 0.029385442161128397, 'subsample': 0.6137554084460873, 'colsample_bytree': 0.6969882014538918, 'min_child_weight': 1}.
[I 2026-05-15 17:49:43,950] Trial 437 finished with values: [0.7497112702331606, 0.340377890909815] and parameters: {'n_estimators': 171, 'learning_rate': 0.03608232021681191, 'subsample': 0.6137554084460873, 'colsample_bytree': 0.7482568588267564, 'min_child_weight': 1}.
/home/mklemmingen/PycharmProjects/migraine-forecasting-shd/.venv/lib/python3.13/site-packages/sklearn/linear_model/_sag.py:348: ConvergenceWarning: The max_iter was reached which means the coef_ did not converge
  warnings.warn(
[I 2026-05-15 17:49:44,535] Trial 438 finished with values: [0.7560931244305152, 0.435992612623053] and parameters: {'n_estimators': 105, 'learning_rate': 0.012184186502221764, 'subsample': 0.6137554084460873, 'colsample_bytree': 0.8404460046972835, 'min_child_weight': 10}.
[I 2026-05-15 17:49:45,316] Trial 439 finished with values: [0.7522447964359003, 0.4032660337402332] and parameters: {'n_estimators': 459, 'learning_rate': 0.022587177280197233, 'subsample': 0.6225213102727349, 'colsample_bytree': 0.7957811041110252, 'min_child_weight': 10}.
[I 2026-05-15 17:49:45,930] Trial 440 finished with values: [0.7573131854322268, 0.4428538751507795] and parameters: {'n_estimators': 195, 'learning_rate': 0.022587177280197233, 'subsample': 0.6845792027986178, 'colsample_bytree': 0.8404460046972835, 'min_child_weight': 10}.
[I 2026-05-15 17:49:46,545] Trial 441 finished with values: [0.746554840768946, 0.49116256914051865] and parameters: {'n_estimators': 325, 'learning_rate': 0.025985724173338116, 'subsample': 0.6043350605921193, 'colsample_bytree': 0.7465447373174767, 'min_child_weight': 4}.
[I 2026-05-15 17:49:47,165] Trial 442 finished with values: [0.7690086345067568, 0.4073779636178413] and parameters: {'n_estimators': 105, 'learning_rate': 0.03058280993112278, 'subsample': 0.6508242050607539, 'colsample_bytree': 0.7350460685614512, 'min_child_weight': 10}.
[I 2026-05-15 17:49:47,655] Trial 443 finished with values: [0.7431011647820102, 0.39777085011723246] and parameters: {'n_estimators': 105, 'learning_rate': 0.025985724173338116, 'subsample': 0.8363333042276043, 'colsample_bytree': 0.6601667564414112, 'min_child_weight': 1}.
[I 2026-05-15 17:49:48,250] Trial 444 finished with values: [0.7572407101151801, 0.46836829409292885] and parameters: {'n_estimators': 104, 'learning_rate': 0.022587177280197233, 'subsample': 0.956210912295958, 'colsample_bytree': 0.8404460046972835, 'min_child_weight': 10}.
[I 2026-05-15 17:49:48,702] Trial 445 finished with values: [0.7575021343580808, 0.483314482538525] and parameters: {'n_estimators': 54, 'learning_rate': 0.07530226332540962, 'subsample': 0.6097263865725815, 'colsample_bytree': 0.7482568588267564, 'min_child_weight': 10}.
[I 2026-05-15 17:49:49,291] Trial 446 finished with values: [0.676835253953503, 0.6435007787971645] and parameters: {'n_estimators': 238, 'learning_rate': 0.1007201745492095, 'subsample': 0.9046478461314871, 'colsample_bytree': 0.8503439662856945, 'min_child_weight': 1}.
/home/mklemmingen/PycharmProjects/migraine-forecasting-shd/.venv/lib/python3.13/site-packages/sklearn/linear_model/_sag.py:348: ConvergenceWarning: The max_iter was reached which means the coef_ did not converge
  warnings.warn(
[I 2026-05-15 17:49:49,852] Trial 447 finished with values: [0.7614328533201726, 0.4462188226101712] and parameters: {'n_estimators': 54, 'learning_rate': 0.022587177280197233, 'subsample': 0.6479461469334731, 'colsample_bytree': 0.9156684954429353, 'min_child_weight': 10}.
[I 2026-05-15 17:49:50,522] Trial 448 finished with values: [0.7450992427018682, 0.32520033197510106] and parameters: {'n_estimators': 238, 'learning_rate': 0.05448281849002502, 'subsample': 0.6347681152349695, 'colsample_bytree': 0.858188918362867, 'min_child_weight': 10}.
[I 2026-05-15 17:49:51,358] Trial 449 finished with values: [0.717855184881943, 0.43206687106967534] and parameters: {'n_estimators': 459, 'learning_rate': 0.049234393858490974, 'subsample': 0.6225213102727349, 'colsample_bytree': 0.8148426167274191, 'min_child_weight': 10}.
/home/mklemmingen/PycharmProjects/migraine-forecasting-shd/.venv/lib/python3.13/site-packages/sklearn/linear_model/_sag.py:348: ConvergenceWarning: The max_iter was reached which means the coef_ did not converge
  warnings.warn(
[I 2026-05-15 17:49:51,885] Trial 450 finished with values: [0.7606981911622928, 0.41424269242759787] and parameters: {'n_estimators': 105, 'learning_rate': 0.013313275850595153, 'subsample': 0.6043350605921193, 'colsample_bytree': 0.7465447373174767, 'min_child_weight': 10}.
[I 2026-05-15 17:49:52,637] Trial 451 finished with values: [0.7418031807451527, 0.3344912987615814] and parameters: {'n_estimators': 293, 'learning_rate': 0.05448281849002502, 'subsample': 0.6347681152349695, 'colsample_bytree': 0.858188918362867, 'min_child_weight': 10}.
[I 2026-05-15 17:49:53,315] Trial 452 finished with values: [0.7261724299524898, 0.3326372498123] and parameters: {'n_estimators': 238, 'learning_rate': 0.049234393858490974, 'subsample': 0.6225213102727349, 'colsample_bytree': 0.8347364472083516, 'min_child_weight': 1}.
/home/mklemmingen/PycharmProjects/migraine-forecasting-shd/.venv/lib/python3.13/site-packages/sklearn/linear_model/_sag.py:348: ConvergenceWarning: The max_iter was reached which means the coef_ did not converge
  warnings.warn(
[I 2026-05-15 17:49:53,897] Trial 453 finished with values: [0.7529616312513654, 0.4861930192394829] and parameters: {'n_estimators': 54, 'learning_rate': 0.012184186502221764, 'subsample': 0.8981757896737319, 'colsample_bytree': 0.8404460046972835, 'min_child_weight': 10}.
[I 2026-05-15 17:49:54,458] Trial 454 finished with values: [0.7452568013542306, 0.4242709512657294] and parameters: {'n_estimators': 105, 'learning_rate': 0.0434123694731224, 'subsample': 0.6510321211182255, 'colsample_bytree': 0.7135103623194898, 'min_child_weight': 4}.
[I 2026-05-15 17:49:54,955] Trial 455 finished with values: [0.719350322780218, 0.4172121013224027] and parameters: {'n_estimators': 54, 'learning_rate': 0.15164430026640188, 'subsample': 0.6137554084460873, 'colsample_bytree': 0.6303453312434656, 'min_child_weight': 5}.
[I 2026-05-15 17:49:55,628] Trial 456 finished with values: [0.7513940961813812, 0.4219487210659718] and parameters: {'n_estimators': 238, 'learning_rate': 0.022587177280197233, 'subsample': 0.6097263865725815, 'colsample_bytree': 0.9020549022694476, 'min_child_weight': 10}.
/home/mklemmingen/PycharmProjects/migraine-forecasting-shd/.venv/lib/python3.13/site-packages/sklearn/linear_model/_sag.py:348: ConvergenceWarning: The max_iter was reached which means the coef_ did not converge
  warnings.warn(
[I 2026-05-15 17:49:55,996] Trial 457 finished with values: [0.7642005952339951, 0.3873486103482107] and parameters: {'n_estimators': 54, 'learning_rate': 0.022587177280197233, 'subsample': 0.6097263865725815, 'colsample_bytree': 0.8583668965326405, 'min_child_weight': 10}.
[I 2026-05-15 17:49:56,862] Trial 458 finished with values: [0.7223917693596829, 0.3859796940100992] and parameters: {'n_estimators': 459, 'learning_rate': 0.06968010004656464, 'subsample': 0.6579579488364892, 'colsample_bytree': 0.7957811041110252, 'min_child_weight': 10}.
/home/mklemmingen/PycharmProjects/migraine-forecasting-shd/.venv/lib/python3.13/site-packages/sklearn/linear_model/_sag.py:348: ConvergenceWarning: The max_iter was reached which means the coef_ did not converge
  warnings.warn(
[I 2026-05-15 17:49:57,403] Trial 459 finished with values: [0.7663878708092966, 0.3943779825125789] and parameters: {'n_estimators': 54, 'learning_rate': 0.025985724173338116, 'subsample': 0.6097263865725815, 'colsample_bytree': 0.858188918362867, 'min_child_weight': 10}.
[I 2026-05-15 17:49:58,038] Trial 460 finished with values: [0.7239817949536747, 0.4441523530362052] and parameters: {'n_estimators': 210, 'learning_rate': 0.05388108577817234, 'subsample': 0.6137554084460873, 'colsample_bytree': 0.9946060995171919, 'min_child_weight': 5}.
[I 2026-05-15 17:49:58,774] Trial 461 finished with values: [0.7413999314722831, 0.48641774718258884] and parameters: {'n_estimators': 323, 'learning_rate': 0.03404436610591982, 'subsample': 0.6948907166943978, 'colsample_bytree': 0.6407129890481614, 'min_child_weight': 10}.
[I 2026-05-15 17:49:59,452] Trial 462 finished with values: [0.7440341688721128, 0.424770824911589] and parameters: {'n_estimators': 238, 'learning_rate': 0.04580177581204563, 'subsample': 0.6611436556737328, 'colsample_bytree': 0.8215417137605283, 'min_child_weight': 10}.
/home/mklemmingen/PycharmProjects/migraine-forecasting-shd/.venv/lib/python3.13/site-packages/sklearn/linear_model/_sag.py:348: ConvergenceWarning: The max_iter was reached which means the coef_ did not converge
  warnings.warn(
[I 2026-05-15 17:50:00,008] Trial 463 finished with values: [0.756726268247613, 0.4322896107248579] and parameters: {'n_estimators': 54, 'learning_rate': 0.0212853192163843, 'subsample': 0.6479461469334731, 'colsample_bytree': 0.8404460046972835, 'min_child_weight': 1}.
[I 2026-05-15 17:50:00,558] Trial 464 finished with values: [0.7440042804349296, 0.3413291995104045] and parameters: {'n_estimators': 67, 'learning_rate': 0.15164430026640188, 'subsample': 0.6137554084460873, 'colsample_bytree': 0.6983830913538033, 'min_child_weight': 7}.
[I 2026-05-15 17:50:01,452] Trial 465 finished with values: [0.742800050856421, 0.41053247565412265] and parameters: {'n_estimators': 490, 'learning_rate': 0.025985724173338116, 'subsample': 0.6642725493038223, 'colsample_bytree': 0.7481888411165528, 'min_child_weight': 10}.
[I 2026-05-15 17:50:02,042] Trial 466 finished with values: [0.7598943669621833, 0.4134184250554805] and parameters: {'n_estimators': 105, 'learning_rate': 0.025985724173338116, 'subsample': 0.6479461469334731, 'colsample_bytree': 0.7586171129285081, 'min_child_weight': 2}.
/home/mklemmingen/PycharmProjects/migraine-forecasting-shd/.venv/lib/python3.13/site-packages/sklearn/linear_model/_sag.py:348: ConvergenceWarning: The max_iter was reached which means the coef_ did not converge
  warnings.warn(
[I 2026-05-15 17:50:02,636] Trial 467 finished with values: [0.7595559540591366, 0.40943504508126016] and parameters: {'n_estimators': 54, 'learning_rate': 0.013313275850595153, 'subsample': 0.6313825525369063, 'colsample_bytree': 0.7586171129285081, 'min_child_weight': 3}.
/home/mklemmingen/PycharmProjects/migraine-forecasting-shd/.venv/lib/python3.13/site-packages/sklearn/linear_model/_sag.py:348: ConvergenceWarning: The max_iter was reached which means the coef_ did not converge
  warnings.warn(
[I 2026-05-15 17:50:03,198] Trial 468 finished with values: [0.7671438706315584, 0.41581924529086256] and parameters: {'n_estimators': 54, 'learning_rate': 0.018034072970800914, 'subsample': 0.6479461469334731, 'colsample_bytree': 0.9020549022694476, 'min_child_weight': 10}.
[I 2026-05-15 17:50:03,756] Trial 469 finished with values: [0.7505717407965034, 0.4455918701825518] and parameters: {'n_estimators': 54, 'learning_rate': 0.03404436610591982, 'subsample': 0.6579579488364892, 'colsample_bytree': 0.9587061698505701, 'min_child_weight': 1}.
/home/mklemmingen/PycharmProjects/migraine-forecasting-shd/.venv/lib/python3.13/site-packages/sklearn/linear_model/_sag.py:348: ConvergenceWarning: The max_iter was reached which means the coef_ did not converge
  warnings.warn(
[I 2026-05-15 17:50:04,223] Trial 470 finished with values: [0.7538825811494366, 0.4192210638711587] and parameters: {'n_estimators': 54, 'learning_rate': 0.013137567821944727, 'subsample': 0.6313825525369063, 'colsample_bytree': 0.8404460046972835, 'min_child_weight': 1}.
/home/mklemmingen/PycharmProjects/migraine-forecasting-shd/.venv/lib/python3.13/site-packages/sklearn/linear_model/_sag.py:348: ConvergenceWarning: The max_iter was reached which means the coef_ did not converge
  warnings.warn(
[I 2026-05-15 17:50:04,798] Trial 471 finished with values: [0.7648743161542837, 0.4143190716975039] and parameters: {'n_estimators': 54, 'learning_rate': 0.012184186502221764, 'subsample': 0.6225213102727349, 'colsample_bytree': 0.8186841117373118, 'min_child_weight': 10}.
[I 2026-05-15 17:50:05,498] Trial 472 finished with values: [0.7499570531669463, 0.4490066862806801] and parameters: {'n_estimators': 286, 'learning_rate': 0.0212853192163843, 'subsample': 0.6482543484402403, 'colsample_bytree': 0.858188918362867, 'min_child_weight': 5}.
[I 2026-05-15 17:50:06,175] Trial 473 finished with values: [0.7388445522421888, 0.43570269475543155] and parameters: {'n_estimators': 238, 'learning_rate': 0.040383678523437626, 'subsample': 0.6769156075234684, 'colsample_bytree': 0.6475271665072287, 'min_child_weight': 10}.
[I 2026-05-15 17:50:06,844] Trial 474 finished with values: [0.6804227933765435, 0.49007779332888146] and parameters: {'n_estimators': 171, 'learning_rate': 0.28254806356395257, 'subsample': 0.6137554084460873, 'colsample_bytree': 0.858188918362867, 'min_child_weight': 1}.
/home/mklemmingen/PycharmProjects/migraine-forecasting-shd/.venv/lib/python3.13/site-packages/sklearn/linear_model/_sag.py:348: ConvergenceWarning: The max_iter was reached which means the coef_ did not converge
  warnings.warn(
[I 2026-05-15 17:50:07,338] Trial 475 finished with values: [0.7540033251683196, 0.441334972275385] and parameters: {'n_estimators': 105, 'learning_rate': 0.01463844831776675, 'subsample': 0.6137554084460873, 'colsample_bytree': 0.858188918362867, 'min_child_weight': 5}.
[I 2026-05-15 17:50:08,095] Trial 476 finished with values: [0.743738083658372, 0.45465925730149676] and parameters: {'n_estimators': 325, 'learning_rate': 0.025985724173338116, 'subsample': 0.6313825525369063, 'colsample_bytree': 0.6837397293346841, 'min_child_weight': 4}.
[I 2026-05-15 17:50:08,764] Trial 477 finished with values: [0.7526712940666657, 0.39322281240475954] and parameters: {'n_estimators': 238, 'learning_rate': 0.029385442161128397, 'subsample': 0.6137554084460873, 'colsample_bytree': 0.7755885682822544, 'min_child_weight': 10}.
/home/mklemmingen/PycharmProjects/migraine-forecasting-shd/.venv/lib/python3.13/site-packages/sklearn/linear_model/_sag.py:348: ConvergenceWarning: The max_iter was reached which means the coef_ did not converge
  warnings.warn(
[I 2026-05-15 17:50:09,227] Trial 478 finished with values: [0.7623170497952912, 0.39630914497296466] and parameters: {'n_estimators': 54, 'learning_rate': 0.012184186502221764, 'subsample': 0.6313825525369063, 'colsample_bytree': 0.8404460046972835, 'min_child_weight': 10}.
[I 2026-05-15 17:50:09,910] Trial 479 finished with values: [0.7545827875557166, 0.45047658333571317] and parameters: {'n_estimators': 238, 'learning_rate': 0.017797595772834223, 'subsample': 0.6225213102727349, 'colsample_bytree': 0.9877881733101476, 'min_child_weight': 10}.
[I 2026-05-15 17:50:10,344] Trial 480 finished with values: [0.7264228304635927, 0.4708757474812174] and parameters: {'n_estimators': 54, 'learning_rate': 0.18987114604724706, 'subsample': 0.6225213102727349, 'colsample_bytree': 0.8404460046972835, 'min_child_weight': 10}.
[I 2026-05-15 17:50:11,101] Trial 481 finished with values: [0.7358719854523228, 0.45832372266168886] and parameters: {'n_estimators': 418, 'learning_rate': 0.025985724173338116, 'subsample': 0.6225213102727349, 'colsample_bytree': 0.7755885682822544, 'min_child_weight': 3}.
[I 2026-05-15 17:50:11,721] Trial 482 finished with values: [0.6578929895195511, 0.584037718563248] and parameters: {'n_estimators': 238, 'learning_rate': 0.21744977418953557, 'subsample': 0.6137554084460873, 'colsample_bytree': 0.8186841117373118, 'min_child_weight': 1}.
/home/mklemmingen/PycharmProjects/migraine-forecasting-shd/.venv/lib/python3.13/site-packages/sklearn/linear_model/_sag.py:348: ConvergenceWarning: The max_iter was reached which means the coef_ did not converge
  warnings.warn(
[I 2026-05-15 17:50:12,282] Trial 483 finished with values: [0.7622909930125961, 0.4077505917035663] and parameters: {'n_estimators': 54, 'learning_rate': 0.013313275850595153, 'subsample': 0.6683550349560263, 'colsample_bytree': 0.858188918362867, 'min_child_weight': 10}.
[I 2026-05-15 17:50:12,831] Trial 484 finished with values: [0.7242028869658172, 0.5933513236203073] and parameters: {'n_estimators': 225, 'learning_rate': 0.05388108577817234, 'subsample': 0.9022204554172195, 'colsample_bytree': 0.8674572879697724, 'min_child_weight': 10}.
[I 2026-05-15 17:50:13,492] Trial 485 finished with values: [0.7548276964325831, 0.41320023269574646] and parameters: {'n_estimators': 238, 'learning_rate': 0.0212853192163843, 'subsample': 0.6479461469334731, 'colsample_bytree': 0.8227051572055719, 'min_child_weight': 10}.
[I 2026-05-15 17:50:14,172] Trial 486 finished with values: [0.742249528127881, 0.42829551491661955] and parameters: {'n_estimators': 238, 'learning_rate': 0.03404436610591982, 'subsample': 0.6225213102727349, 'colsample_bytree': 0.6303453312434656, 'min_child_weight': 8}.
[I 2026-05-15 17:50:14,808] Trial 487 finished with values: [0.7541519858373164, 0.36020590182771145] and parameters: {'n_estimators': 238, 'learning_rate': 0.05388108577817234, 'subsample': 0.6137554084460873, 'colsample_bytree': 0.858188918362867, 'min_child_weight': 10}.
[I 2026-05-15 17:50:15,557] Trial 488 finished with values: [0.7321684507931527, 0.4290461835989131] and parameters: {'n_estimators': 307, 'learning_rate': 0.03404436610591982, 'subsample': 0.6137554084460873, 'colsample_bytree': 0.8186841117373118, 'min_child_weight': 1}.
[I 2026-05-15 17:50:16,168] Trial 489 finished with values: [0.7623690788613597, 0.42995210287690655] and parameters: {'n_estimators': 176, 'learning_rate': 0.022587177280197233, 'subsample': 0.6097263865725815, 'colsample_bytree': 0.9077971732767748, 'min_child_weight': 10}.
[I 2026-05-15 17:50:16,815] Trial 490 finished with values: [0.7059683965878933, 0.34384940909654854] and parameters: {'n_estimators': 171, 'learning_rate': 0.05388108577817234, 'subsample': 0.8363333042276043, 'colsample_bytree': 0.6748174994230093, 'min_child_weight': 1}.
[I 2026-05-15 17:50:17,369] Trial 491 finished with values: [0.7582493977268017, 0.48356967681044594] and parameters: {'n_estimators': 54, 'learning_rate': 0.03404436610591982, 'subsample': 0.7294716945616975, 'colsample_bytree': 0.6303453312434656, 'min_child_weight': 10}.
[I 2026-05-15 17:50:18,007] Trial 492 finished with values: [0.7530081200622234, 0.48809267875435536] and parameters: {'n_estimators': 294, 'learning_rate': 0.03404436610591982, 'subsample': 0.7701745754465668, 'colsample_bytree': 0.7350460685614512, 'min_child_weight': 10}.
/home/mklemmingen/PycharmProjects/migraine-forecasting-shd/.venv/lib/python3.13/site-packages/sklearn/linear_model/_sag.py:348: ConvergenceWarning: The max_iter was reached which means the coef_ did not converge
  warnings.warn(
[I 2026-05-15 17:50:18,641] Trial 493 finished with values: [0.7417047148683643, 0.4338712165236644] and parameters: {'n_estimators': 105, 'learning_rate': 0.01167158438611932, 'subsample': 0.9022204554172195, 'colsample_bytree': 0.803044151473782, 'min_child_weight': 1}.
