# Training-script output capture
# Generated: 2026-05-15T17:44:55
# UUID:      a016563e-93dc-4c70-a6e7-7171719e410e
# Label:     training
# Leaf:      /home/mklemmingen/PycharmProjects/migraine-forecasting-shd/experiment/0/migraine/full_features/stacked_2xgb_meta_lr/70_15_15/stratified/HyperparameterTuned/pareto_AUROC_slope/auroc_max
# Captures stdout/stderr written during the wrapped block
# (library messages, warnings, progress bars, etc.).
# Begin capture ----------------------------------------
Loading datasets...
Running pareto_AUROC_slope search (500 trials, seed=42)...
[I 2026-05-15 17:44:55,762] A new study created in memory with name: no-name-cda6ec6d-5412-43a7-b024-d19b8ad5d8f0
[I 2026-05-15 17:44:57,300] Trial 0 finished with values: [0.617682565300579, 0.6459807060505286] and parameters: {'n_estimators': 218, 'learning_rate': 0.2536999076681772, 'subsample': 0.892797576724562, 'colsample_bytree': 0.8394633936788146, 'min_child_weight': 2}.
/home/mklemmingen/PycharmProjects/migraine-forecasting-shd/.venv/lib/python3.13/site-packages/sklearn/linear_model/_sag.py:348: ConvergenceWarning: The max_iter was reached which means the coef_ did not converge
  warnings.warn(
[I 2026-05-15 17:44:58,727] Trial 1 finished with values: [0.7429553245583949, 0.5181979079242184] and parameters: {'n_estimators': 120, 'learning_rate': 0.012184186502221764, 'subsample': 0.9464704583099741, 'colsample_bytree': 0.8404460046972835, 'min_child_weight': 8}.
[I 2026-05-15 17:45:00,074] Trial 2 finished with values: [0.654871636693697, 0.6521331955365486] and parameters: {'n_estimators': 59, 'learning_rate': 0.2708160864249968, 'subsample': 0.9329770563201687, 'colsample_bytree': 0.6849356442713105, 'min_child_weight': 2}.
[I 2026-05-15 17:45:01,505] Trial 3 finished with values: [0.7466816699332643, 0.4582692178059151] and parameters: {'n_estimators': 132, 'learning_rate': 0.028145092716060652, 'subsample': 0.8099025726528951, 'colsample_bytree': 0.7727780074568463, 'min_child_weight': 3}.
[I 2026-05-15 17:45:03,097] Trial 4 finished with values: [0.7472696323005814, 0.5376203331201487] and parameters: {'n_estimators': 325, 'learning_rate': 0.01607123851203988, 'subsample': 0.7168578594140873, 'colsample_bytree': 0.7465447373174767, 'min_child_weight': 5}.
[I 2026-05-15 17:45:04,680] Trial 5 finished with values: [0.7128351223133966, 0.42644794407185527] and parameters: {'n_estimators': 404, 'learning_rate': 0.019721610970574007, 'subsample': 0.8056937753654446, 'colsample_bytree': 0.836965827544817, 'min_child_weight': 1}.
[I 2026-05-15 17:45:06,194] Trial 6 finished with values: [0.7529317972707126, 0.45211624497879976] and parameters: {'n_estimators': 324, 'learning_rate': 0.0178601378893971, 'subsample': 0.6260206371941118, 'colsample_bytree': 0.9795542149013333, 'min_child_weight': 10}.
[I 2026-05-15 17:45:07,751] Trial 7 finished with values: [0.7321250301276315, 0.4531837829175946] and parameters: {'n_estimators': 414, 'learning_rate': 0.028180680291847244, 'subsample': 0.6390688456025535, 'colsample_bytree': 0.8736932106048627, 'min_child_weight': 5}.
[I 2026-05-15 17:45:08,326] Trial 8 finished with values: [0.7535555167794058, 0.4805416235151022] and parameters: {'n_estimators': 105, 'learning_rate': 0.05388108577817234, 'subsample': 0.6137554084460873, 'colsample_bytree': 0.9637281608315128, 'min_child_weight': 3}.
[I 2026-05-15 17:45:09,003] Trial 9 finished with values: [0.7103340917304155, 0.4120972234267729] and parameters: {'n_estimators': 348, 'learning_rate': 0.028869220380495747, 'subsample': 0.8080272084711243, 'colsample_bytree': 0.8186841117373118, 'min_child_weight': 2}.
[I 2026-05-15 17:45:09,856] Trial 10 finished with values: [0.6555352462651823, 0.6406838665946841] and parameters: {'n_estimators': 487, 'learning_rate': 0.13962563737015762, 'subsample': 0.9757995766256756, 'colsample_bytree': 0.9579309401710595, 'min_child_weight': 6}.
[I 2026-05-15 17:45:10,591] Trial 11 finished with values: [0.7574736447143597, 0.510325786393088] and parameters: {'n_estimators': 465, 'learning_rate': 0.01351182947645082, 'subsample': 0.6783931449676581, 'colsample_bytree': 0.6180909155642152, 'min_child_weight': 4}.
[I 2026-05-15 17:45:11,227] Trial 12 finished with values: [0.7238811134412422, 0.5112557687574222] and parameters: {'n_estimators': 225, 'learning_rate': 0.02516607127550297, 'subsample': 0.9314950036607718, 'colsample_bytree': 0.7427013306774357, 'min_child_weight': 3}.
[I 2026-05-15 17:45:11,947] Trial 13 finished with values: [0.7458332817620891, 0.5521477310392819] and parameters: {'n_estimators': 294, 'learning_rate': 0.016149614799999188, 'subsample': 0.9208787923016158, 'colsample_bytree': 0.6298202574719083, 'min_child_weight': 10}.
[I 2026-05-15 17:45:12,655] Trial 14 finished with values: [0.7550427117558652, 0.42975339721960826] and parameters: {'n_estimators': 398, 'learning_rate': 0.019657448966046126, 'subsample': 0.602208846849441, 'colsample_bytree': 0.9261845713819337, 'min_child_weight': 8}.
[I 2026-05-15 17:45:13,340] Trial 15 finished with values: [0.6484203591161972, 0.49716451704983095] and parameters: {'n_estimators': 378, 'learning_rate': 0.13780336485751998, 'subsample': 0.6296178606936361, 'colsample_bytree': 0.7433862914177091, 'min_child_weight': 2}.
[I 2026-05-15 17:45:14,037] Trial 16 finished with values: [0.6761477734232288, 0.4674989730210875] and parameters: {'n_estimators': 439, 'learning_rate': 0.08330803890301997, 'subsample': 0.7323592099410596, 'colsample_bytree': 0.6254233401144095, 'min_child_weight': 4}.
[I 2026-05-15 17:45:14,682] Trial 17 finished with values: [0.6962579780080819, 0.5308491822616151] and parameters: {'n_estimators': 196, 'learning_rate': 0.1195960383019184, 'subsample': 0.8550229885420852, 'colsample_bytree': 0.9548850970305306, 'min_child_weight': 5}.
[I 2026-05-15 17:45:15,257] Trial 18 finished with values: [0.7109666463396944, 0.5711445069584181] and parameters: {'n_estimators': 103, 'learning_rate': 0.1131225105716033, 'subsample': 0.9043140194467589, 'colsample_bytree': 0.8245108790277985, 'min_child_weight': 8}.
[I 2026-05-15 17:45:15,858] Trial 19 finished with values: [0.6999670267050581, 0.5843455628732847] and parameters: {'n_estimators': 272, 'learning_rate': 0.05917520523090666, 'subsample': 0.7710164073434198, 'colsample_bytree': 0.610167650697638, 'min_child_weight': 2}.
[I 2026-05-15 17:45:16,420] Trial 20 finished with values: [0.7381796354540346, 0.5369531811456207] and parameters: {'n_estimators': 64, 'learning_rate': 0.08710745900492396, 'subsample': 0.7257423924305306, 'colsample_bytree': 0.8034282764658811, 'min_child_weight': 10}.
[I 2026-05-15 17:45:17,070] Trial 21 finished with values: [0.7195102063841856, 0.42536582289854474] and parameters: {'n_estimators': 162, 'learning_rate': 0.040381768820718394, 'subsample': 0.9022204554172195, 'colsample_bytree': 0.6915192661966489, 'min_child_weight': 1}.
[I 2026-05-15 17:45:17,633] Trial 22 finished with values: [0.745088663184308, 0.5245889400184689] and parameters: {'n_estimators': 180, 'learning_rate': 0.017303875834205888, 'subsample': 0.9718790609370292, 'colsample_bytree': 0.9232481518257668, 'min_child_weight': 7}.
[I 2026-05-15 17:45:18,363] Trial 23 finished with values: [0.6462712437431128, 0.6103379228210116] and parameters: {'n_estimators': 443, 'learning_rate': 0.1538583627271404, 'subsample': 0.6746280235544143, 'colsample_bytree': 0.9570235993959911, 'min_child_weight': 6}.
[I 2026-05-15 17:45:19,189] Trial 24 finished with values: [0.6438134383222317, 0.5305747492425168] and parameters: {'n_estimators': 414, 'learning_rate': 0.21068591627429098, 'subsample': 0.7272013899887455, 'colsample_bytree': 0.6440207698110707, 'min_child_weight': 3}.
[I 2026-05-15 17:45:19,887] Trial 25 finished with values: [0.6720504334738386, 0.7961404227457917] and parameters: {'n_estimators': 242, 'learning_rate': 0.16155001304356414, 'subsample': 0.9442922333025374, 'colsample_bytree': 0.6027808522124762, 'min_child_weight': 6}.
[I 2026-05-15 17:45:20,565] Trial 26 finished with values: [0.7525432825010285, 0.4062920696191742] and parameters: {'n_estimators': 238, 'learning_rate': 0.0212853192163843, 'subsample': 0.6479461469334731, 'colsample_bytree': 0.7350460685614512, 'min_child_weight': 10}.
[I 2026-05-15 17:45:21,105] Trial 27 finished with values: [0.7431192026463536, 0.5362400417263797] and parameters: {'n_estimators': 195, 'learning_rate': 0.05838706626832953, 'subsample': 0.881207583558071, 'colsample_bytree': 0.7454518409517176, 'min_child_weight': 10}.
[I 2026-05-15 17:45:21,871] Trial 28 finished with values: [0.6981603137701244, 0.6186499454794915] and parameters: {'n_estimators': 484, 'learning_rate': 0.023545774516299134, 'subsample': 0.7988994023569542, 'colsample_bytree': 0.7203513239267079, 'min_child_weight': 3}.
[I 2026-05-15 17:45:22,393] Trial 29 finished with values: [0.7274708094974095, 0.5627477839232816] and parameters: {'n_estimators': 66, 'learning_rate': 0.07950609693143304, 'subsample': 0.8010716092915446, 'colsample_bytree': 0.6205915004999957, 'min_child_weight': 3}.
[I 2026-05-15 17:45:23,147] Trial 30 finished with values: [0.7518270703471079, 0.37784568861590195] and parameters: {'n_estimators': 459, 'learning_rate': 0.022587177280197233, 'subsample': 0.6579579488364892, 'colsample_bytree': 0.7957811041110252, 'min_child_weight': 10}.
[I 2026-05-15 17:45:23,622] Trial 31 finished with values: [0.7089546481118205, 0.5674773953895584] and parameters: {'n_estimators': 159, 'learning_rate': 0.09836162684900028, 'subsample': 0.9046478461314871, 'colsample_bytree': 0.6950550175969599, 'min_child_weight': 8}.
[I 2026-05-15 17:45:24,147] Trial 32 finished with values: [0.6642466166790086, 0.6070790567855215] and parameters: {'n_estimators': 215, 'learning_rate': 0.08589984533104164, 'subsample': 0.8534118843043579, 'colsample_bytree': 0.8143098736299034, 'min_child_weight': 1}.
[I 2026-05-15 17:45:24,858] Trial 33 finished with values: [0.7320690321133669, 0.4468287120951463] and parameters: {'n_estimators': 426, 'learning_rate': 0.029773579612263783, 'subsample': 0.6746074041599417, 'colsample_bytree': 0.6163100566219055, 'min_child_weight': 6}.
[I 2026-05-15 17:45:25,499] Trial 34 finished with values: [0.7560061272030327, 0.5493867958789782] and parameters: {'n_estimators': 355, 'learning_rate': 0.01058040360169664, 'subsample': 0.8048372233197124, 'colsample_bytree': 0.6905983100791752, 'min_child_weight': 7}.
[I 2026-05-15 17:45:26,079] Trial 35 finished with values: [0.7079357792763457, 0.522751368297013] and parameters: {'n_estimators': 128, 'learning_rate': 0.10485733570643786, 'subsample': 0.7546941385202149, 'colsample_bytree': 0.9746919954946938, 'min_child_weight': 2}.
[I 2026-05-15 17:45:26,701] Trial 36 finished with values: [0.7376313988889163, 0.530039806680116] and parameters: {'n_estimators': 203, 'learning_rate': 0.01471005003927122, 'subsample': 0.9698774473114251, 'colsample_bytree': 0.9509357413523924, 'min_child_weight': 3}.
[I 2026-05-15 17:45:27,456] Trial 37 finished with values: [0.6487541950020053, 0.6713436393871788] and parameters: {'n_estimators': 347, 'learning_rate': 0.16111511355977057, 'subsample': 0.822080324639785, 'colsample_bytree': 0.8118602313424026, 'min_child_weight': 3}.
[I 2026-05-15 17:45:27,894] Trial 38 finished with values: [0.6999843527802356, 0.5461487600370762] and parameters: {'n_estimators': 91, 'learning_rate': 0.21149322814164553, 'subsample': 0.9601672228653322, 'colsample_bytree': 0.8532405829093072, 'min_child_weight': 4}.
[I 2026-05-15 17:45:28,512] Trial 39 finished with values: [0.6983348920984499, 0.650775511467173] and parameters: {'n_estimators': 207, 'learning_rate': 0.11812030596598909, 'subsample': 0.9588441039810308, 'colsample_bytree': 0.954834569706047, 'min_child_weight': 8}.
[I 2026-05-15 17:45:29,149] Trial 40 finished with values: [0.7537724983545709, 0.4826416224714302] and parameters: {'n_estimators': 339, 'learning_rate': 0.013313275850595153, 'subsample': 0.6646514856378455, 'colsample_bytree': 0.9594216754108317, 'min_child_weight': 7}.
/home/mklemmingen/PycharmProjects/migraine-forecasting-shd/.venv/lib/python3.13/site-packages/sklearn/linear_model/_sag.py:348: ConvergenceWarning: The max_iter was reached which means the coef_ did not converge
  warnings.warn(
[I 2026-05-15 17:45:29,751] Trial 41 finished with values: [0.7551311079197747, 0.42420035797546046] and parameters: {'n_estimators': 54, 'learning_rate': 0.01412166070620751, 'subsample': 0.8654007076432223, 'colsample_bytree': 0.6020246335384875, 'min_child_weight': 2}.
[I 2026-05-15 17:45:30,508] Trial 42 finished with values: [0.6921127728117302, 0.5159035662966722] and parameters: {'n_estimators': 297, 'learning_rate': 0.10519936117151477, 'subsample': 0.8607845038010402, 'colsample_bytree': 0.689707723784224, 'min_child_weight': 8}.
[I 2026-05-15 17:45:31,012] Trial 43 finished with values: [0.7446735389826229, 0.5419501652786013] and parameters: {'n_estimators': 156, 'learning_rate': 0.030245085073501415, 'subsample': 0.8985965620472096, 'colsample_bytree': 0.8598531596188859, 'min_child_weight': 9}.
[I 2026-05-15 17:45:31,785] Trial 44 finished with values: [0.6985606685116037, 0.5238257369026027] and parameters: {'n_estimators': 346, 'learning_rate': 0.06909724267901692, 'subsample': 0.637469907131237, 'colsample_bytree': 0.7470863212237734, 'min_child_weight': 3}.
[I 2026-05-15 17:45:32,439] Trial 45 finished with values: [0.6645160678592777, 0.5953447520211436] and parameters: {'n_estimators': 160, 'learning_rate': 0.2736872535680783, 'subsample': 0.7572390898667042, 'colsample_bytree': 0.9568186220708453, 'min_child_weight': 7}.
[I 2026-05-15 17:45:33,156] Trial 46 finished with values: [0.6709036203296466, 0.5641757062066332] and parameters: {'n_estimators': 408, 'learning_rate': 0.05526573288655769, 'subsample': 0.8307615538505436, 'colsample_bytree': 0.7970070775275455, 'min_child_weight': 2}.
[I 2026-05-15 17:45:33,946] Trial 47 finished with values: [0.7388762369419674, 0.4871509743473153] and parameters: {'n_estimators': 375, 'learning_rate': 0.025985724173338116, 'subsample': 0.6097263865725815, 'colsample_bytree': 0.858188918362867, 'min_child_weight': 2}.
[I 2026-05-15 17:45:34,697] Trial 48 finished with values: [0.5981599614460471, 0.8198094731900143] and parameters: {'n_estimators': 474, 'learning_rate': 0.25648866468880704, 'subsample': 0.9659457560881795, 'colsample_bytree': 0.7480634801021777, 'min_child_weight': 1}.
[I 2026-05-15 17:45:35,571] Trial 49 finished with values: [0.7110915482843644, 0.573409065333013] and parameters: {'n_estimators': 468, 'learning_rate': 0.042902233912047165, 'subsample': 0.9866619276174678, 'colsample_bytree': 0.9854479908357011, 'min_child_weight': 9}.
[I 2026-05-15 17:45:36,217] Trial 50 finished with values: [0.7377422923423822, 0.5302812743411979] and parameters: {'n_estimators': 325, 'learning_rate': 0.01607123851203988, 'subsample': 0.8048372233197124, 'colsample_bytree': 0.6905983100791752, 'min_child_weight': 3}.
[I 2026-05-15 17:45:36,760] Trial 51 finished with values: [0.7305269569342709, 0.45024805294445597] and parameters: {'n_estimators': 64, 'learning_rate': 0.08710745900492396, 'subsample': 0.7257423924305306, 'colsample_bytree': 0.8034282764658811, 'min_child_weight': 4}.
[I 2026-05-15 17:45:37,500] Trial 52 finished with values: [0.6226366306293247, 0.6909693260221588] and parameters: {'n_estimators': 433, 'learning_rate': 0.2708160864249968, 'subsample': 0.9329770563201687, 'colsample_bytree': 0.6849356442713105, 'min_child_weight': 2}.
[I 2026-05-15 17:45:38,018] Trial 53 finished with values: [0.7609966361431387, 0.5044067667194161] and parameters: {'n_estimators': 120, 'learning_rate': 0.029385442161128397, 'subsample': 0.6137554084460873, 'colsample_bytree': 0.9637281608315128, 'min_child_weight': 8}.
[I 2026-05-15 17:45:38,606] Trial 54 finished with values: [0.7569469717309667, 0.5149991702453426] and parameters: {'n_estimators': 238, 'learning_rate': 0.017797595772834223, 'subsample': 0.8550229885420852, 'colsample_bytree': 0.82272050498334, 'min_child_weight': 10}.
[I 2026-05-15 17:45:39,330] Trial 55 finished with values: [0.6478763122135716, 0.5475705283329171] and parameters: {'n_estimators': 414, 'learning_rate': 0.24144271975982237, 'subsample': 0.7272013899887455, 'colsample_bytree': 0.6440207698110707, 'min_child_weight': 7}.
/home/mklemmingen/PycharmProjects/migraine-forecasting-shd/.venv/lib/python3.13/site-packages/sklearn/linear_model/_sag.py:348: ConvergenceWarning: The max_iter was reached which means the coef_ did not converge
  warnings.warn(
[I 2026-05-15 17:45:39,895] Trial 56 finished with values: [0.7374155035894017, 0.44010897881545813] and parameters: {'n_estimators': 54, 'learning_rate': 0.013313275850595153, 'subsample': 0.8654007076432223, 'colsample_bytree': 0.9594216754108317, 'min_child_weight': 2}.
[I 2026-05-15 17:45:40,496] Trial 57 finished with values: [0.7012539025050193, 0.6094651315993012] and parameters: {'n_estimators': 325, 'learning_rate': 0.06951034928701941, 'subsample': 0.9208787923016158, 'colsample_bytree': 0.6388705975083074, 'min_child_weight': 7}.
[I 2026-05-15 17:45:41,016] Trial 58 finished with values: [0.73402682548334, 0.5266839124956066] and parameters: {'n_estimators': 203, 'learning_rate': 0.017303875834205888, 'subsample': 0.9698774473114251, 'colsample_bytree': 0.9960215400417053, 'min_child_weight': 3}.
/home/mklemmingen/PycharmProjects/migraine-forecasting-shd/.venv/lib/python3.13/site-packages/sklearn/linear_model/_sag.py:348: ConvergenceWarning: The max_iter was reached which means the coef_ did not converge
  warnings.warn(
[I 2026-05-15 17:45:41,405] Trial 59 finished with values: [0.7514010200425882, 0.45370963383667656] and parameters: {'n_estimators': 66, 'learning_rate': 0.01610352961694889, 'subsample': 0.8073318609454947, 'colsample_bytree': 0.8598531596188859, 'min_child_weight': 9}.
[I 2026-05-15 17:45:42,051] Trial 60 finished with values: [0.7311395584209327, 0.5291663377562605] and parameters: {'n_estimators': 346, 'learning_rate': 0.01471005003927122, 'subsample': 0.9698774473114251, 'colsample_bytree': 0.9509492287711822, 'min_child_weight': 3}.
[I 2026-05-15 17:45:42,520] Trial 61 finished with values: [0.7079703483310315, 0.6123507908976003] and parameters: {'n_estimators': 120, 'learning_rate': 0.08330803890301997, 'subsample': 0.8963074471016818, 'colsample_bytree': 0.6254233401144095, 'min_child_weight': 4}.
[I 2026-05-15 17:45:43,199] Trial 62 finished with values: [0.6698967647217801, 0.42532848621874997] and parameters: {'n_estimators': 439, 'learning_rate': 0.10704755834674413, 'subsample': 0.7168578594140873, 'colsample_bytree': 0.7465447373174767, 'min_child_weight': 8}.
[I 2026-05-15 17:45:43,723] Trial 63 finished with values: [0.7380510492730805, 0.4864106841498061] and parameters: {'n_estimators': 64, 'learning_rate': 0.08710745900492396, 'subsample': 0.7257423924305306, 'colsample_bytree': 0.8245108790277985, 'min_child_weight': 8}.
[I 2026-05-15 17:45:44,419] Trial 64 finished with values: [0.6417971687643982, 0.6276293411374451] and parameters: {'n_estimators': 468, 'learning_rate': 0.16155001304356414, 'subsample': 0.9866619276174678, 'colsample_bytree': 0.6027808522124762, 'min_child_weight': 9}.
[I 2026-05-15 17:45:45,324] Trial 65 finished with values: [0.7224073478033477, 0.46264467101602624] and parameters: {'n_estimators': 487, 'learning_rate': 0.028180680291847244, 'subsample': 0.6390688456025535, 'colsample_bytree': 0.8736932106048627, 'min_child_weight': 5}.
[I 2026-05-15 17:45:45,935] Trial 66 finished with values: [0.7079357792763457, 0.522751368297013] and parameters: {'n_estimators': 128, 'learning_rate': 0.10485733570643786, 'subsample': 0.7546941385202149, 'colsample_bytree': 0.9746919954946938, 'min_child_weight': 2}.
[I 2026-05-15 17:45:46,816] Trial 67 finished with values: [0.7574736447143597, 0.510325786393088] and parameters: {'n_estimators': 465, 'learning_rate': 0.01351182947645082, 'subsample': 0.6783931449676581, 'colsample_bytree': 0.6180909155642152, 'min_child_weight': 4}.
[I 2026-05-15 17:45:47,562] Trial 68 finished with values: [0.7038644633996303, 0.527979538776971] and parameters: {'n_estimators': 272, 'learning_rate': 0.05917520523090666, 'subsample': 0.7168578594140873, 'colsample_bytree': 0.610167650697638, 'min_child_weight': 5}.
[I 2026-05-15 17:45:48,366] Trial 69 finished with values: [0.7572531146875473, 0.5660197104577869] and parameters: {'n_estimators': 355, 'learning_rate': 0.01058040360169664, 'subsample': 0.8048372233197124, 'colsample_bytree': 0.6905983100791752, 'min_child_weight': 4}.
/home/mklemmingen/PycharmProjects/migraine-forecasting-shd/.venv/lib/python3.13/site-packages/sklearn/linear_model/_sag.py:348: ConvergenceWarning: The max_iter was reached which means the coef_ did not converge
  warnings.warn(
[I 2026-05-15 17:45:48,940] Trial 70 finished with values: [0.7467061150149362, 0.49213251664745156] and parameters: {'n_estimators': 54, 'learning_rate': 0.012184186502221764, 'subsample': 0.8654007076432223, 'colsample_bytree': 0.8404460046972835, 'min_child_weight': 8}.
[I 2026-05-15 17:45:49,649] Trial 71 finished with values: [0.7498768603573253, 0.48537204158623454] and parameters: {'n_estimators': 272, 'learning_rate': 0.028180680291847244, 'subsample': 0.7710164073434198, 'colsample_bytree': 0.7174367377057973, 'min_child_weight': 9}.
[I 2026-05-15 17:45:50,377] Trial 72 finished with values: [0.7133486129491333, 0.3697728156811292] and parameters: {'n_estimators': 415, 'learning_rate': 0.019721610970574007, 'subsample': 0.9022204554172195, 'colsample_bytree': 0.6915192661966489, 'min_child_weight': 1}.
