[I 2026-05-15 17:45:51,157] Trial 73 finished with values: [0.7321335871273369, 0.47197326088314046] and parameters: {'n_estimators': 378, 'learning_rate': 0.02516607127550297, 'subsample': 0.6296178606936361, 'colsample_bytree': 0.9468289274320415, 'min_child_weight': 2}.
[I 2026-05-15 17:45:51,891] Trial 74 finished with values: [0.7341880708529283, 0.45576170878389616] and parameters: {'n_estimators': 408, 'learning_rate': 0.029773579612263783, 'subsample': 0.6746074041599417, 'colsample_bytree': 0.6163100566219055, 'min_child_weight': 6}.
[I 2026-05-15 17:45:52,488] Trial 75 finished with values: [0.69313063403532, 0.3735086792715399] and parameters: {'n_estimators': 294, 'learning_rate': 0.040381768820718394, 'subsample': 0.9022204554172195, 'colsample_bytree': 0.9652962210225885, 'min_child_weight': 1}.
[I 2026-05-15 17:45:53,136] Trial 76 finished with values: [0.7469130300080031, 0.5297004451287579] and parameters: {'n_estimators': 355, 'learning_rate': 0.01607123851203988, 'subsample': 0.8048372233197124, 'colsample_bytree': 0.7465447373174767, 'min_child_weight': 7}.
[I 2026-05-15 17:45:53,802] Trial 77 finished with values: [0.7205081087434676, 0.5042822235685691] and parameters: {'n_estimators': 280, 'learning_rate': 0.05917520523090666, 'subsample': 0.8006065178748798, 'colsample_bytree': 0.6180909155642152, 'min_child_weight': 8}.
[I 2026-05-15 17:45:54,445] Trial 78 finished with values: [0.7494666628687172, 0.547482029407335] and parameters: {'n_estimators': 355, 'learning_rate': 0.01058040360169664, 'subsample': 0.8599855723111061, 'colsample_bytree': 0.6254233401144095, 'min_child_weight': 4}.
[I 2026-05-15 17:45:55,133] Trial 79 finished with values: [0.6942357341052962, 0.5250113565349352] and parameters: {'n_estimators': 348, 'learning_rate': 0.05388108577817234, 'subsample': 0.8080272084711243, 'colsample_bytree': 0.9637281608315128, 'min_child_weight': 3}.
[I 2026-05-15 17:45:55,827] Trial 80 finished with values: [0.7571864647953981, 0.4825187301260011] and parameters: {'n_estimators': 339, 'learning_rate': 0.013313275850595153, 'subsample': 0.6646514856378455, 'colsample_bytree': 0.8807867509030813, 'min_child_weight': 7}.
[I 2026-05-15 17:45:56,602] Trial 81 finished with values: [0.655925354390205, 0.5653009683318994] and parameters: {'n_estimators': 408, 'learning_rate': 0.2063696403063293, 'subsample': 0.7168578594140873, 'colsample_bytree': 0.7970070775275455, 'min_child_weight': 5}.
[I 2026-05-15 17:45:57,221] Trial 82 finished with values: [0.7526966930647262, 0.5416780363823156] and parameters: {'n_estimators': 156, 'learning_rate': 0.017303875834205888, 'subsample': 0.9718790609370292, 'colsample_bytree': 0.7351980627406143, 'min_child_weight': 4}.
[I 2026-05-15 17:45:57,926] Trial 83 finished with values: [0.7273405018185897, 0.4919812932919367] and parameters: {'n_estimators': 414, 'learning_rate': 0.01471005003927122, 'subsample': 0.6390688456025535, 'colsample_bytree': 0.9509357413523924, 'min_child_weight': 1}.
[I 2026-05-15 17:45:58,545] Trial 84 finished with values: [0.7085745301723476, 0.6310946224842511] and parameters: {'n_estimators': 207, 'learning_rate': 0.1131225105716033, 'subsample': 0.9588441039810308, 'colsample_bytree': 0.8245108790277985, 'min_child_weight': 8}.
[I 2026-05-15 17:45:59,216] Trial 85 finished with values: [0.7327921356365312, 0.43403801811999887] and parameters: {'n_estimators': 215, 'learning_rate': 0.019721610970574007, 'subsample': 0.8313120563984696, 'colsample_bytree': 0.836965827544817, 'min_child_weight': 1}.
[I 2026-05-15 17:45:59,635] Trial 86 finished with values: [0.7575200864840753, 0.5028398578601582] and parameters: {'n_estimators': 66, 'learning_rate': 0.04872420129560894, 'subsample': 0.9046478461314871, 'colsample_bytree': 0.6950550175969599, 'min_child_weight': 10}.
[I 2026-05-15 17:46:00,264] Trial 87 finished with values: [0.718725391561011, 0.4953653510643356] and parameters: {'n_estimators': 294, 'learning_rate': 0.05838706626832953, 'subsample': 0.881207583558071, 'colsample_bytree': 0.9746919954946938, 'min_child_weight': 10}.
[I 2026-05-15 17:46:00,826] Trial 88 finished with values: [0.7260989253781338, 0.4612536916732889] and parameters: {'n_estimators': 179, 'learning_rate': 0.025985724173338116, 'subsample': 0.7168578594140873, 'colsample_bytree': 0.7465447373174767, 'min_child_weight': 2}.
[I 2026-05-15 17:46:01,424] Trial 89 finished with values: [0.7525432825010285, 0.4062920696191742] and parameters: {'n_estimators': 238, 'learning_rate': 0.0212853192163843, 'subsample': 0.6479461469334731, 'colsample_bytree': 0.7350460685614512, 'min_child_weight': 10}.
[I 2026-05-15 17:46:02,210] Trial 90 finished with values: [0.6960755553587745, 0.4437829381303371] and parameters: {'n_estimators': 348, 'learning_rate': 0.028869220380495747, 'subsample': 0.8363333042276043, 'colsample_bytree': 0.8186841117373118, 'min_child_weight': 1}.
[I 2026-05-15 17:46:02,991] Trial 91 finished with values: [0.7329634116939847, 0.5561620175922346] and parameters: {'n_estimators': 468, 'learning_rate': 0.01351182947645082, 'subsample': 0.9866619276174678, 'colsample_bytree': 0.6149392754996857, 'min_child_weight': 4}.
[I 2026-05-15 17:46:03,832] Trial 92 finished with values: [0.7192539131075079, 0.5567506675940699] and parameters: {'n_estimators': 426, 'learning_rate': 0.029773579612263783, 'subsample': 0.8550229885420852, 'colsample_bytree': 0.6163100566219055, 'min_child_weight': 5}.
[I 2026-05-15 17:46:04,557] Trial 93 finished with values: [0.7375566040745818, 0.3935481164753924] and parameters: {'n_estimators': 420, 'learning_rate': 0.03404436610591982, 'subsample': 0.6508242050607539, 'colsample_bytree': 0.8186841117373118, 'min_child_weight': 6}.
[I 2026-05-15 17:46:05,267] Trial 94 finished with values: [0.6526809284392234, 0.5939658566593587] and parameters: {'n_estimators': 339, 'learning_rate': 0.13720623374101712, 'subsample': 0.6863284109987373, 'colsample_bytree': 0.8491561903276001, 'min_child_weight': 1}.
/home/mklemmingen/PycharmProjects/migraine-forecasting-shd/.venv/lib/python3.13/site-packages/sklearn/linear_model/_sag.py:348: ConvergenceWarning: The max_iter was reached which means the coef_ did not converge
  warnings.warn(
[I 2026-05-15 17:46:05,751] Trial 95 finished with values: [0.7524306166788353, 0.46620252836420495] and parameters: {'n_estimators': 54, 'learning_rate': 0.01607123851203988, 'subsample': 0.7168578594140873, 'colsample_bytree': 0.7465447373174767, 'min_child_weight': 1}.
[I 2026-05-15 17:46:06,257] Trial 96 finished with values: [0.6863047632452874, 0.4500270212276513] and parameters: {'n_estimators': 128, 'learning_rate': 0.10485733570643786, 'subsample': 0.8125418526272592, 'colsample_bytree': 0.8736932106048627, 'min_child_weight': 2}.
[I 2026-05-15 17:46:06,901] Trial 97 finished with values: [0.7539859810925944, 0.3952369619285775] and parameters: {'n_estimators': 293, 'learning_rate': 0.025985724173338116, 'subsample': 0.6097263865725815, 'colsample_bytree': 0.858188918362867, 'min_child_weight': 10}.
[I 2026-05-15 17:46:07,843] Trial 98 finished with values: [0.7323301592280937, 0.5393453422616588] and parameters: {'n_estimators': 439, 'learning_rate': 0.030245085073501415, 'subsample': 0.8985965620472096, 'colsample_bytree': 0.8598531596188859, 'min_child_weight': 9}.
[I 2026-05-15 17:46:08,536] Trial 99 finished with values: [0.7293412620193369, 0.3920533951241894] and parameters: {'n_estimators': 355, 'learning_rate': 0.019721610970574007, 'subsample': 0.8549719605992826, 'colsample_bytree': 0.836965827544817, 'min_child_weight': 1}.
[I 2026-05-15 17:46:09,205] Trial 100 finished with values: [0.742327909124975, 0.4263106316157592] and parameters: {'n_estimators': 377, 'learning_rate': 0.013313275850595153, 'subsample': 0.6646514856378455, 'colsample_bytree': 0.9652962210225885, 'min_child_weight': 1}.
[I 2026-05-15 17:46:09,994] Trial 101 finished with values: [0.7320690321133669, 0.4468287120951463] and parameters: {'n_estimators': 426, 'learning_rate': 0.029773579612263783, 'subsample': 0.6746074041599417, 'colsample_bytree': 0.6163100566219055, 'min_child_weight': 6}.
[I 2026-05-15 17:46:10,685] Trial 102 finished with values: [0.7225970995290789, 0.4024067685382155] and parameters: {'n_estimators': 378, 'learning_rate': 0.019721610970574007, 'subsample': 0.8549719605992826, 'colsample_bytree': 0.836965827544817, 'min_child_weight': 1}.
[I 2026-05-15 17:46:11,547] Trial 103 finished with values: [0.7538149147498251, 0.40182902626277495] and parameters: {'n_estimators': 490, 'learning_rate': 0.0212853192163843, 'subsample': 0.6479461469334731, 'colsample_bytree': 0.7350460685614512, 'min_child_weight': 10}.
[I 2026-05-15 17:46:12,425] Trial 104 finished with values: [0.7302986848018611, 0.49678615396587344] and parameters: {'n_estimators': 465, 'learning_rate': 0.022587177280197233, 'subsample': 0.6579579488364892, 'colsample_bytree': 0.7957811041110252, 'min_child_weight': 4}.
[I 2026-05-15 17:46:13,165] Trial 105 finished with values: [0.7031152981058932, 0.49231270116526027] and parameters: {'n_estimators': 459, 'learning_rate': 0.019721610970574007, 'subsample': 0.8056937753654446, 'colsample_bytree': 0.7957811041110252, 'min_child_weight': 1}.
[I 2026-05-15 17:46:13,752] Trial 106 finished with values: [0.7223910814340588, 0.43558434768906257] and parameters: {'n_estimators': 132, 'learning_rate': 0.057894621409801394, 'subsample': 0.8313120563984696, 'colsample_bytree': 0.7727780074568463, 'min_child_weight': 3}.
[I 2026-05-15 17:46:14,414] Trial 107 finished with values: [0.7392921667046245, 0.47920717718753697] and parameters: {'n_estimators': 355, 'learning_rate': 0.029994793096631372, 'subsample': 0.6646514856378455, 'colsample_bytree': 0.6254233401144095, 'min_child_weight': 7}.
[I 2026-05-15 17:46:15,052] Trial 108 finished with values: [0.7525586350432352, 0.45755173049249154] and parameters: {'n_estimators': 355, 'learning_rate': 0.01058040360169664, 'subsample': 0.6260206371941118, 'colsample_bytree': 0.6905983100791752, 'min_child_weight': 10}.
[I 2026-05-15 17:46:15,806] Trial 109 finished with values: [0.6430199983413214, 0.595604336983037] and parameters: {'n_estimators': 408, 'learning_rate': 0.10485733570643786, 'subsample': 0.8080272084711243, 'colsample_bytree': 0.8186841117373118, 'min_child_weight': 2}.
[I 2026-05-15 17:46:16,466] Trial 110 finished with values: [0.7240518920395166, 0.4984627119678871] and parameters: {'n_estimators': 355, 'learning_rate': 0.019721610970574007, 'subsample': 0.8549719605992826, 'colsample_bytree': 0.836965827544817, 'min_child_weight': 3}.
[I 2026-05-15 17:46:17,091] Trial 111 finished with values: [0.7585953201045409, 0.433428576655536] and parameters: {'n_estimators': 120, 'learning_rate': 0.029385442161128397, 'subsample': 0.6137554084460873, 'colsample_bytree': 0.7755885682822544, 'min_child_weight': 1}.
[I 2026-05-15 17:46:17,884] Trial 112 finished with values: [0.7534856036182934, 0.48086470240784507] and parameters: {'n_estimators': 339, 'learning_rate': 0.013313275850595153, 'subsample': 0.6646514856378455, 'colsample_bytree': 0.7350460685614512, 'min_child_weight': 10}.
/home/mklemmingen/PycharmProjects/migraine-forecasting-shd/.venv/lib/python3.13/site-packages/sklearn/linear_model/_sag.py:348: ConvergenceWarning: The max_iter was reached which means the coef_ did not converge
  warnings.warn(
[I 2026-05-15 17:46:18,480] Trial 113 finished with values: [0.7486930487502341, 0.4319461050199761] and parameters: {'n_estimators': 64, 'learning_rate': 0.019721610970574007, 'subsample': 0.7257423924305306, 'colsample_bytree': 0.836965827544817, 'min_child_weight': 1}.
/home/mklemmingen/PycharmProjects/migraine-forecasting-shd/.venv/lib/python3.13/site-packages/sklearn/linear_model/_sag.py:348: ConvergenceWarning: The max_iter was reached which means the coef_ did not converge
  warnings.warn(
[I 2026-05-15 17:46:18,955] Trial 114 finished with values: [0.7623170497952912, 0.39630914497296466] and parameters: {'n_estimators': 54, 'learning_rate': 0.012184186502221764, 'subsample': 0.6313825525369063, 'colsample_bytree': 0.8404460046972835, 'min_child_weight': 10}.
[I 2026-05-15 17:46:19,700] Trial 115 finished with values: [0.7291215019668541, 0.4262257837312502] and parameters: {'n_estimators': 325, 'learning_rate': 0.019657448966046126, 'subsample': 0.7168578594140873, 'colsample_bytree': 0.7465447373174767, 'min_child_weight': 1}.
[I 2026-05-15 17:46:20,453] Trial 116 finished with values: [0.7511098069019948, 0.5694735578049975] and parameters: {'n_estimators': 325, 'learning_rate': 0.01607123851203988, 'subsample': 0.98505936587117, 'colsample_bytree': 0.7465447373174767, 'min_child_weight': 5}.
/home/mklemmingen/PycharmProjects/migraine-forecasting-shd/.venv/lib/python3.13/site-packages/sklearn/linear_model/_sag.py:348: ConvergenceWarning: The max_iter was reached which means the coef_ did not converge
  warnings.warn(
[I 2026-05-15 17:46:21,004] Trial 117 finished with values: [0.7514966412436549, 0.44095072382184225] and parameters: {'n_estimators': 54, 'learning_rate': 0.01412166070620751, 'subsample': 0.6137554084460873, 'colsample_bytree': 0.6020246335384875, 'min_child_weight': 2}.
[I 2026-05-15 17:46:21,764] Trial 118 finished with values: [0.7410929953435551, 0.5524123904374489] and parameters: {'n_estimators': 324, 'learning_rate': 0.0178601378893971, 'subsample': 0.9022204554172195, 'colsample_bytree': 0.6915192661966489, 'min_child_weight': 9}.
[I 2026-05-15 17:46:22,452] Trial 119 finished with values: [0.6821221093326262, 0.5384122834665849] and parameters: {'n_estimators': 339, 'learning_rate': 0.10666901691534954, 'subsample': 0.6579579488364892, 'colsample_bytree': 0.7957811041110252, 'min_child_weight': 7}.
[I 2026-05-15 17:46:23,114] Trial 120 finished with values: [0.7007743217443453, 0.41564743024076145] and parameters: {'n_estimators': 215, 'learning_rate': 0.04018584329485903, 'subsample': 0.9046478461314871, 'colsample_bytree': 0.6693177280283383, 'min_child_weight': 1}.
[I 2026-05-15 17:46:23,625] Trial 121 finished with values: [0.7536001589492405, 0.4675306286836234] and parameters: {'n_estimators': 105, 'learning_rate': 0.01702458290769914, 'subsample': 0.6137554084460873, 'colsample_bytree': 0.9637281608315128, 'min_child_weight': 2}.
[I 2026-05-15 17:46:24,459] Trial 122 finished with values: [0.7107565873549395, 0.47636220213385166] and parameters: {'n_estimators': 414, 'learning_rate': 0.023422815835049925, 'subsample': 0.8196906658824482, 'colsample_bytree': 0.9509357413523924, 'min_child_weight': 1}.
[I 2026-05-15 17:46:25,194] Trial 123 finished with values: [0.6986375944752571, 0.5345050554143506] and parameters: {'n_estimators': 465, 'learning_rate': 0.025985724173338116, 'subsample': 0.7168578594140873, 'colsample_bytree': 0.6180909155642152, 'min_child_weight': 2}.
[I 2026-05-15 17:46:25,926] Trial 124 finished with values: [0.6411457633187482, 0.7821576044761153] and parameters: {'n_estimators': 339, 'learning_rate': 0.11364355894710455, 'subsample': 0.9022204554172195, 'colsample_bytree': 0.8807867509030813, 'min_child_weight': 1}.
[I 2026-05-15 17:46:26,767] Trial 125 finished with values: [0.6732761327987264, 0.5301169301965137] and parameters: {'n_estimators': 414, 'learning_rate': 0.09444774154985085, 'subsample': 0.8599855723111061, 'colsample_bytree': 0.8736932106048627, 'min_child_weight': 5}.
[I 2026-05-15 17:46:27,232] Trial 126 finished with values: [0.7360519650395716, 0.46671916849202555] and parameters: {'n_estimators': 105, 'learning_rate': 0.05388108577817234, 'subsample': 0.7119735587783771, 'colsample_bytree': 0.7957811041110252, 'min_child_weight': 3}.
[I 2026-05-15 17:46:27,801] Trial 127 finished with values: [0.7568191875946321, 0.40944039180546926] and parameters: {'n_estimators': 238, 'learning_rate': 0.03404436610591982, 'subsample': 0.6508242050607539, 'colsample_bytree': 0.8186841117373118, 'min_child_weight': 10}.
[I 2026-05-15 17:46:28,660] Trial 128 finished with values: [0.6715205653708483, 0.5220784680218914] and parameters: {'n_estimators': 480, 'learning_rate': 0.12301645833176054, 'subsample': 0.8217416210045603, 'colsample_bytree': 0.8446882984937409, 'min_child_weight': 5}.
[I 2026-05-15 17:46:29,264] Trial 129 finished with values: [0.7549236656832289, 0.41042276735763855] and parameters: {'n_estimators': 294, 'learning_rate': 0.0212853192163843, 'subsample': 0.6479461469334731, 'colsample_bytree': 0.7350460685614512, 'min_child_weight': 10}.
[I 2026-05-15 17:46:29,984] Trial 130 finished with values: [0.7285091588938308, 0.4590421982489289] and parameters: {'n_estimators': 426, 'learning_rate': 0.029773579612263783, 'subsample': 0.6746074041599417, 'colsample_bytree': 0.699092395800463, 'min_child_weight': 6}.
[I 2026-05-15 17:46:30,784] Trial 131 finished with values: [0.7522789955876348, 0.5113333190750187] and parameters: {'n_estimators': 465, 'learning_rate': 0.01351182947645082, 'subsample': 0.6137554084460873, 'colsample_bytree': 0.7423890714605046, 'min_child_weight': 8}.
/home/mklemmingen/PycharmProjects/migraine-forecasting-shd/.venv/lib/python3.13/site-packages/sklearn/linear_model/_sag.py:348: ConvergenceWarning: The max_iter was reached which means the coef_ did not converge
  warnings.warn(
[I 2026-05-15 17:46:31,250] Trial 132 finished with values: [0.7532558570034759, 0.45618670958085045] and parameters: {'n_estimators': 54, 'learning_rate': 0.010501731925367071, 'subsample': 0.6783931449676581, 'colsample_bytree': 0.6180909155642152, 'min_child_weight': 2}.
[I 2026-05-15 17:46:32,113] Trial 133 finished with values: [0.7437805241164522, 0.45566624372507303] and parameters: {'n_estimators': 404, 'learning_rate': 0.013313275850595153, 'subsample': 0.6646514856378455, 'colsample_bytree': 0.836965827544817, 'min_child_weight': 1}.
[I 2026-05-15 17:46:32,898] Trial 134 finished with values: [0.7213190017694835, 0.49905212869969057] and parameters: {'n_estimators': 348, 'learning_rate': 0.029773579612263783, 'subsample': 0.6746074041599417, 'colsample_bytree': 0.8186841117373118, 'min_child_weight': 2}.
[I 2026-05-15 17:46:33,652] Trial 135 finished with values: [0.7472696323005814, 0.5376203331201487] and parameters: {'n_estimators': 325, 'learning_rate': 0.01607123851203988, 'subsample': 0.7168578594140873, 'colsample_bytree': 0.7465447373174767, 'min_child_weight': 5}.
[I 2026-05-15 17:46:34,310] Trial 136 finished with values: [0.755727361451994, 0.45805783336159533] and parameters: {'n_estimators': 293, 'learning_rate': 0.011693687409928539, 'subsample': 0.616291520927588, 'colsample_bytree': 0.858188918362867, 'min_child_weight': 10}.
[I 2026-05-15 17:46:34,860] Trial 137 finished with values: [0.6867959912542032, 0.5302696451058837] and parameters: {'n_estimators': 238, 'learning_rate': 0.183492792986878, 'subsample': 0.8814631437520095, 'colsample_bytree': 0.78966953163493, 'min_child_weight': 10}.
[I 2026-05-15 17:46:35,568] Trial 138 finished with values: [0.7177761974765067, 0.3787039019971754] and parameters: {'n_estimators': 293, 'learning_rate': 0.025985724173338116, 'subsample': 0.8363333042276043, 'colsample_bytree': 0.8186841117373118, 'min_child_weight': 1}.
[I 2026-05-15 17:46:36,232] Trial 139 finished with values: [0.7506515681942842, 0.5357927070813486] and parameters: {'n_estimators': 339, 'learning_rate': 0.013313275850595153, 'subsample': 0.8654007076432223, 'colsample_bytree': 0.9594216754108317, 'min_child_weight': 7}.
[I 2026-05-15 17:46:37,035] Trial 140 finished with values: [0.7380455060675997, 0.43222126877863215] and parameters: {'n_estimators': 398, 'learning_rate': 0.028180680291847244, 'subsample': 0.602208846849441, 'colsample_bytree': 0.9261845713819337, 'min_child_weight': 5}.
[I 2026-05-15 17:46:37,658] Trial 141 finished with values: [0.679824413386845, 0.5358413868501375] and parameters: {'n_estimators': 128, 'learning_rate': 0.10485733570643786, 'subsample': 0.9022204554172195, 'colsample_bytree': 0.8736932106048627, 'min_child_weight': 1}.
[I 2026-05-15 17:46:38,448] Trial 142 finished with values: [0.7435078451831019, 0.4804816959112436] and parameters: {'n_estimators': 355, 'learning_rate': 0.012184186502221764, 'subsample': 0.7893887083122263, 'colsample_bytree': 0.6905983100791752, 'min_child_weight': 2}.
[I 2026-05-15 17:46:39,016] Trial 143 finished with values: [0.7431688711005258, 0.42495436207855536] and parameters: {'n_estimators': 105, 'learning_rate': 0.043737251953017454, 'subsample': 0.6508242050607539, 'colsample_bytree': 0.9637281608315128, 'min_child_weight': 3}.
[I 2026-05-15 17:46:39,705] Trial 144 finished with values: [0.7133954657089712, 0.48097626921831915] and parameters: {'n_estimators': 238, 'learning_rate': 0.10704755834674413, 'subsample': 0.7168578594140873, 'colsample_bytree': 0.82272050498334, 'min_child_weight': 10}.
[I 2026-05-15 17:46:40,265] Trial 145 finished with values: [0.7544661144245934, 0.5500699696343984] and parameters: {'n_estimators': 215, 'learning_rate': 0.019721610970574007, 'subsample': 0.8313120563984696, 'colsample_bytree': 0.7594018937589494, 'min_child_weight': 7}.
[I 2026-05-15 17:46:40,827] Trial 146 finished with values: [0.7074451831884618, 0.46975039141229635] and parameters: {'n_estimators': 238, 'learning_rate': 0.08671821512512803, 'subsample': 0.7257423924305306, 'colsample_bytree': 0.82272050498334, 'min_child_weight': 4}.
[I 2026-05-15 17:46:41,373] Trial 147 finished with values: [0.7470456503116998, 0.5713660861840013] and parameters: {'n_estimators': 70, 'learning_rate': 0.08710745900492396, 'subsample': 0.7498450458505885, 'colsample_bytree': 0.8245108790277985, 'min_child_weight': 8}.
[I 2026-05-15 17:46:41,927] Trial 148 finished with values: [0.7427612508123532, 0.4211009352551809] and parameters: {'n_estimators': 105, 'learning_rate': 0.05388108577817234, 'subsample': 0.6137554084460873, 'colsample_bytree': 0.9637281608315128, 'min_child_weight': 5}.
