[I 2026-05-15 16:59:46,303] Trial 237 finished with values: [0.6463367910552004, 0.37902795219560914] and parameters: {'n_estimators': 272, 'learning_rate': 0.09836162684900028, 'subsample': 0.6390688456025535, 'colsample_bytree': 0.610167650697638, 'min_child_weight': 1}.
[I 2026-05-15 16:59:46,957] Trial 238 finished with values: [0.6528982836129351, 0.36234503782814287] and parameters: {'n_estimators': 272, 'learning_rate': 0.10206664092951903, 'subsample': 0.6284754593840916, 'colsample_bytree': 0.610167650697638, 'min_child_weight': 5}.
[I 2026-05-15 16:59:47,734] Trial 239 finished with values: [0.6602308383006255, 0.38191996006876533] and parameters: {'n_estimators': 420, 'learning_rate': 0.028180680291847244, 'subsample': 0.6390688456025535, 'colsample_bytree': 0.699092395800463, 'min_child_weight': 5}.
[I 2026-05-15 16:59:48,444] Trial 240 finished with values: [0.6471672409124333, 0.4181223408340554] and parameters: {'n_estimators': 496, 'learning_rate': 0.09836162684900028, 'subsample': 0.6313825525369063, 'colsample_bytree': 0.7470863212237734, 'min_child_weight': 8}.
[I 2026-05-15 16:59:49,129] Trial 241 finished with values: [0.6595910176977328, 0.29537494886851146] and parameters: {'n_estimators': 414, 'learning_rate': 0.11046009304545999, 'subsample': 0.6390688456025535, 'colsample_bytree': 0.9570235993959911, 'min_child_weight': 6}.
[I 2026-05-15 16:59:49,688] Trial 242 finished with values: [0.6642965641235891, 0.4286659328122743] and parameters: {'n_estimators': 215, 'learning_rate': 0.1131225105716033, 'subsample': 0.6284754593840916, 'colsample_bytree': 0.7275902521175045, 'min_child_weight': 5}.
[I 2026-05-15 16:59:50,476] Trial 243 finished with values: [0.6508975471313421, 0.36385820709652067] and parameters: {'n_estimators': 414, 'learning_rate': 0.028180680291847244, 'subsample': 0.7168578594140873, 'colsample_bytree': 0.6325395122567599, 'min_child_weight': 5}.
[I 2026-05-15 16:59:51,110] Trial 244 finished with values: [0.6526030871098485, 0.3231277947194596] and parameters: {'n_estimators': 297, 'learning_rate': 0.09396591857488666, 'subsample': 0.637469907131237, 'colsample_bytree': 0.7470863212237734, 'min_child_weight': 1}.
[I 2026-05-15 16:59:51,786] Trial 245 finished with values: [0.6533550254557022, 0.26393651133149587] and parameters: {'n_estimators': 459, 'learning_rate': 0.10206664092951903, 'subsample': 0.7119735587783771, 'colsample_bytree': 0.6027808522124762, 'min_child_weight': 10}.
[I 2026-05-15 16:59:52,432] Trial 246 finished with values: [0.6437851700376596, 0.3127974073269133] and parameters: {'n_estimators': 195, 'learning_rate': 0.05917520523090666, 'subsample': 0.7544410551203097, 'colsample_bytree': 0.8245108790277985, 'min_child_weight': 10}.
[I 2026-05-15 16:59:53,136] Trial 247 finished with values: [0.6660732466701595, 0.3610588499421078] and parameters: {'n_estimators': 296, 'learning_rate': 0.06951034928701941, 'subsample': 0.6313825525369063, 'colsample_bytree': 0.6388705975083074, 'min_child_weight': 8}.
[I 2026-05-15 16:59:53,869] Trial 248 finished with values: [0.6542993970729678, 0.36154135848194974] and parameters: {'n_estimators': 398, 'learning_rate': 0.035714399098231424, 'subsample': 0.9043140194467589, 'colsample_bytree': 0.7482568588267564, 'min_child_weight': 8}.
[I 2026-05-15 16:59:54,566] Trial 249 finished with values: [0.6495347995308488, 0.3670233296953027] and parameters: {'n_estimators': 297, 'learning_rate': 0.08671821512512803, 'subsample': 0.6579579488364892, 'colsample_bytree': 0.699092395800463, 'min_child_weight': 8}.
[I 2026-05-15 16:59:55,185] Trial 250 finished with values: [0.6411435198980596, 0.3123496196897106] and parameters: {'n_estimators': 195, 'learning_rate': 0.15870971677383489, 'subsample': 0.6746280235544143, 'colsample_bytree': 0.9570235993959911, 'min_child_weight': 10}.
[I 2026-05-15 16:59:55,941] Trial 251 finished with values: [0.6556027931754341, 0.3787868206291044] and parameters: {'n_estimators': 477, 'learning_rate': 0.06951034928701941, 'subsample': 0.6313825525369063, 'colsample_bytree': 0.9944004255291483, 'min_child_weight': 10}.
[I 2026-05-15 16:59:56,454] Trial 252 finished with values: [0.6661123638213137, 0.32901648667823347] and parameters: {'n_estimators': 159, 'learning_rate': 0.129667438075127, 'subsample': 0.7505038342123663, 'colsample_bytree': 0.8245108790277985, 'min_child_weight': 6}.
[I 2026-05-15 16:59:57,076] Trial 253 finished with values: [0.6391021350062129, 0.3321050439372384] and parameters: {'n_estimators': 215, 'learning_rate': 0.042902233912047165, 'subsample': 0.7168578594140873, 'colsample_bytree': 0.8245108790277985, 'min_child_weight': 9}.
[I 2026-05-15 16:59:57,783] Trial 254 finished with values: [0.6489644883202345, 0.4223790475665491] and parameters: {'n_estimators': 272, 'learning_rate': 0.05917520523090666, 'subsample': 0.7168578594140873, 'colsample_bytree': 0.9213923721539394, 'min_child_weight': 5}.
[I 2026-05-15 16:59:58,491] Trial 255 finished with values: [0.6531925582528858, 0.41081452935022844] and parameters: {'n_estimators': 420, 'learning_rate': 0.028180680291847244, 'subsample': 0.6334002866794675, 'colsample_bytree': 0.699092395800463, 'min_child_weight': 5}.
[I 2026-05-15 16:59:59,300] Trial 256 finished with values: [0.650129803282451, 0.2938310823372448] and parameters: {'n_estimators': 457, 'learning_rate': 0.1131225105716033, 'subsample': 0.6313825525369063, 'colsample_bytree': 0.8021009489791429, 'min_child_weight': 5}.
[I 2026-05-15 16:59:59,851] Trial 257 finished with values: [0.63464729971766, 0.42269641154465665] and parameters: {'n_estimators': 105, 'learning_rate': 0.1131225105716033, 'subsample': 0.9718790609370292, 'colsample_bytree': 0.9108587663709747, 'min_child_weight': 8}.
[I 2026-05-15 17:00:00,501] Trial 258 finished with values: [0.6558352794079142, 0.4684798599602523] and parameters: {'n_estimators': 301, 'learning_rate': 0.1131225105716033, 'subsample': 0.7168578594140873, 'colsample_bytree': 0.8245108790277985, 'min_child_weight': 1}.
[I 2026-05-15 17:00:01,245] Trial 259 finished with values: [0.6468229354034344, 0.4113043945882609] and parameters: {'n_estimators': 417, 'learning_rate': 0.10519936117151477, 'subsample': 0.7168578594140873, 'colsample_bytree': 0.7696888036987906, 'min_child_weight': 8}.
[I 2026-05-15 17:00:01,749] Trial 260 finished with values: [0.6547971816933892, 0.32912420200061315] and parameters: {'n_estimators': 195, 'learning_rate': 0.05917520523090666, 'subsample': 0.6284754593840916, 'colsample_bytree': 0.8245108790277985, 'min_child_weight': 6}.
[I 2026-05-15 17:00:02,416] Trial 261 finished with values: [0.6686321910679439, 0.40267648897614416] and parameters: {'n_estimators': 426, 'learning_rate': 0.05917520523090666, 'subsample': 0.6313825525369063, 'colsample_bytree': 0.610167650697638, 'min_child_weight': 6}.
[I 2026-05-15 17:00:03,186] Trial 262 finished with values: [0.6592231400568889, 0.33551258676470574] and parameters: {'n_estimators': 490, 'learning_rate': 0.028180680291847244, 'subsample': 0.6390688456025535, 'colsample_bytree': 0.9625417540378944, 'min_child_weight': 5}.
[I 2026-05-15 17:00:03,824] Trial 263 finished with values: [0.6552037977912513, 0.3972751029405227] and parameters: {'n_estimators': 215, 'learning_rate': 0.1131225105716033, 'subsample': 0.6746280235544143, 'colsample_bytree': 0.8245108790277985, 'min_child_weight': 6}.
[I 2026-05-15 17:00:04,301] Trial 264 finished with values: [0.649541217854228, 0.31839867092960245] and parameters: {'n_estimators': 100, 'learning_rate': 0.10519936117151477, 'subsample': 0.7168578594140873, 'colsample_bytree': 0.9854479908357011, 'min_child_weight': 7}.
[I 2026-05-15 17:00:04,808] Trial 265 finished with values: [0.6363562575469738, 0.35478083774016256] and parameters: {'n_estimators': 225, 'learning_rate': 0.06909724267901692, 'subsample': 0.7168578594140873, 'colsample_bytree': 0.6027808522124762, 'min_child_weight': 2}.
[I 2026-05-15 17:00:05,486] Trial 266 finished with values: [0.6462080155450731, 0.35981316762471965] and parameters: {'n_estimators': 297, 'learning_rate': 0.10519936117151477, 'subsample': 0.7168578594140873, 'colsample_bytree': 0.8245108790277985, 'min_child_weight': 6}.
[I 2026-05-15 17:00:06,304] Trial 267 finished with values: [0.6583875434339623, 0.3917006286462819] and parameters: {'n_estimators': 459, 'learning_rate': 0.10206664092951903, 'subsample': 0.7119735587783771, 'colsample_bytree': 0.6027808522124762, 'min_child_weight': 6}.
[I 2026-05-15 17:00:07,142] Trial 268 finished with values: [0.6589513809117545, 0.31507662741041986] and parameters: {'n_estimators': 468, 'learning_rate': 0.028180680291847244, 'subsample': 0.6390688456025535, 'colsample_bytree': 0.7594018937589494, 'min_child_weight': 5}.
[I 2026-05-15 17:00:07,733] Trial 269 finished with values: [0.6534804571651288, 0.36331745525296094] and parameters: {'n_estimators': 297, 'learning_rate': 0.053415464843459444, 'subsample': 0.637469907131237, 'colsample_bytree': 0.7174367377057973, 'min_child_weight': 6}.
[I 2026-05-15 17:00:08,460] Trial 270 finished with values: [0.6506373571756875, 0.4167548180833256] and parameters: {'n_estimators': 443, 'learning_rate': 0.10519936117151477, 'subsample': 0.9866619276174678, 'colsample_bytree': 0.9854479908357011, 'min_child_weight': 9}.
[I 2026-05-15 17:00:09,259] Trial 271 finished with values: [0.632224901990839, 0.4520893777627693] and parameters: {'n_estimators': 459, 'learning_rate': 0.16155001304356414, 'subsample': 0.7119735587783771, 'colsample_bytree': 0.6027808522124762, 'min_child_weight': 1}.
[I 2026-05-15 17:00:10,080] Trial 272 finished with values: [0.6434366179371103, 0.47586161288013445] and parameters: {'n_estimators': 414, 'learning_rate': 0.16155001304356414, 'subsample': 0.7168578594140873, 'colsample_bytree': 0.6282274989601719, 'min_child_weight': 8}.
[I 2026-05-15 17:00:10,695] Trial 273 finished with values: [0.6612441682910483, 0.31024933053208265] and parameters: {'n_estimators': 182, 'learning_rate': 0.049234393858490974, 'subsample': 0.6225213102727349, 'colsample_bytree': 0.6475271665072287, 'min_child_weight': 6}.
[I 2026-05-15 17:00:11,505] Trial 274 finished with values: [0.6539914927622158, 0.3081658180539746] and parameters: {'n_estimators': 459, 'learning_rate': 0.10206664092951903, 'subsample': 0.6470104987108419, 'colsample_bytree': 0.699092395800463, 'min_child_weight': 7}.
[I 2026-05-15 17:00:12,262] Trial 275 finished with values: [0.6547828243352877, 0.3508311246984006] and parameters: {'n_estimators': 386, 'learning_rate': 0.042902233912047165, 'subsample': 0.9866619276174678, 'colsample_bytree': 0.9854479908357011, 'min_child_weight': 9}.
[I 2026-05-15 17:00:13,042] Trial 276 finished with values: [0.6535733093901956, 0.3086397289951279] and parameters: {'n_estimators': 459, 'learning_rate': 0.022587177280197233, 'subsample': 0.6390688456025535, 'colsample_bytree': 0.699092395800463, 'min_child_weight': 10}.
[I 2026-05-15 17:00:13,681] Trial 277 finished with values: [0.6490272216826051, 0.3878371180547994] and parameters: {'n_estimators': 414, 'learning_rate': 0.028180680291847244, 'subsample': 0.8333475060388639, 'colsample_bytree': 0.6282274989601719, 'min_child_weight': 8}.
[I 2026-05-15 17:00:14,513] Trial 278 finished with values: [0.6489065629274573, 0.4456169525939256] and parameters: {'n_estimators': 459, 'learning_rate': 0.10206664092951903, 'subsample': 0.6230235040066577, 'colsample_bytree': 0.8198115529294943, 'min_child_weight': 10}.
[I 2026-05-15 17:00:15,289] Trial 279 finished with values: [0.6485830023468894, 0.3472542448533722] and parameters: {'n_estimators': 413, 'learning_rate': 0.09836162684900028, 'subsample': 0.7499482318094817, 'colsample_bytree': 0.7142848345127443, 'min_child_weight': 8}.
[I 2026-05-15 17:00:16,101] Trial 280 finished with values: [0.6427934273124959, 0.4440191057708831] and parameters: {'n_estimators': 459, 'learning_rate': 0.022587177280197233, 'subsample': 0.9474396512757841, 'colsample_bytree': 0.9213923721539394, 'min_child_weight': 3}.
[I 2026-05-15 17:00:16,663] Trial 281 finished with values: [0.625103546733063, 0.571900056603417] and parameters: {'n_estimators': 242, 'learning_rate': 0.26472593204036643, 'subsample': 0.637469907131237, 'colsample_bytree': 0.6027808522124762, 'min_child_weight': 2}.
[I 2026-05-15 17:00:17,277] Trial 282 finished with values: [0.6467627980301, 0.41271513471671406] and parameters: {'n_estimators': 179, 'learning_rate': 0.16155001304356414, 'subsample': 0.6048617898759265, 'colsample_bytree': 0.8021009489791429, 'min_child_weight': 6}.
[I 2026-05-15 17:00:17,869] Trial 283 finished with values: [0.6553092765442118, 0.36395410403077194] and parameters: {'n_estimators': 159, 'learning_rate': 0.10206664092951903, 'subsample': 0.7168578594140873, 'colsample_bytree': 0.9879515306830556, 'min_child_weight': 5}.
[I 2026-05-15 17:00:18,502] Trial 284 finished with values: [0.6666892038234997, 0.3150196666261133] and parameters: {'n_estimators': 215, 'learning_rate': 0.09836162684900028, 'subsample': 0.6284754593840916, 'colsample_bytree': 0.6172639647802304, 'min_child_weight': 5}.
[I 2026-05-15 17:00:19,238] Trial 285 finished with values: [0.6130857419041112, 0.3238615605645855] and parameters: {'n_estimators': 490, 'learning_rate': 0.20716979401768126, 'subsample': 0.8110804436345199, 'colsample_bytree': 0.9971859184477201, 'min_child_weight': 6}.
[I 2026-05-15 17:00:19,795] Trial 286 finished with values: [0.6543010632678179, 0.3688004372631883] and parameters: {'n_estimators': 272, 'learning_rate': 0.05917520523090666, 'subsample': 0.7544410551203097, 'colsample_bytree': 0.8245108790277985, 'min_child_weight': 5}.
[I 2026-05-15 17:00:20,316] Trial 287 finished with values: [0.6647903178554312, 0.33632076979996556] and parameters: {'n_estimators': 215, 'learning_rate': 0.1131225105716033, 'subsample': 0.7168578594140873, 'colsample_bytree': 0.8245108790277985, 'min_child_weight': 6}.
[I 2026-05-15 17:00:21,122] Trial 288 finished with values: [0.6532678593346863, 0.3070360862856355] and parameters: {'n_estimators': 468, 'learning_rate': 0.029625450352016573, 'subsample': 0.9866619276174678, 'colsample_bytree': 0.8491561903276001, 'min_child_weight': 9}.
[I 2026-05-15 17:00:21,963] Trial 289 finished with values: [0.6441216121266722, 0.1699628636673814] and parameters: {'n_estimators': 478, 'learning_rate': 0.16155001304356414, 'subsample': 0.6295186258941595, 'colsample_bytree': 0.7957811041110252, 'min_child_weight': 10}.
[I 2026-05-15 17:00:22,649] Trial 290 finished with values: [0.6530591965727938, 0.4008021852473854] and parameters: {'n_estimators': 468, 'learning_rate': 0.042902233912047165, 'subsample': 0.9866619276174678, 'colsample_bytree': 0.8215417137605283, 'min_child_weight': 9}.
[I 2026-05-15 17:00:23,363] Trial 291 finished with values: [0.6468351795684075, 0.3914835034556604] and parameters: {'n_estimators': 414, 'learning_rate': 0.09836162684900028, 'subsample': 0.6390688456025535, 'colsample_bytree': 0.8736932106048627, 'min_child_weight': 8}.
[I 2026-05-15 17:00:23,856] Trial 292 finished with values: [0.6552372384149618, 0.294612356687583] and parameters: {'n_estimators': 195, 'learning_rate': 0.05917520523090666, 'subsample': 0.602208846849441, 'colsample_bytree': 0.8245108790277985, 'min_child_weight': 8}.
[I 2026-05-15 17:00:24,542] Trial 293 finished with values: [0.6554246028823593, 0.35440716601975614] and parameters: {'n_estimators': 417, 'learning_rate': 0.10519936117151477, 'subsample': 0.7168578594140873, 'colsample_bytree': 0.9854479908357011, 'min_child_weight': 10}.
[I 2026-05-15 17:00:25,392] Trial 294 finished with values: [0.6618611022853456, 0.3543823672532208] and parameters: {'n_estimators': 487, 'learning_rate': 0.028180680291847244, 'subsample': 0.6390688456025535, 'colsample_bytree': 0.8092391376680595, 'min_child_weight': 6}.
[I 2026-05-15 17:00:26,261] Trial 295 finished with values: [0.6648415268090793, 0.3074298431123374] and parameters: {'n_estimators': 490, 'learning_rate': 0.028180680291847244, 'subsample': 0.6390688456025535, 'colsample_bytree': 0.9570235993959911, 'min_child_weight': 5}.
[I 2026-05-15 17:00:26,957] Trial 296 finished with values: [0.660942654518025, 0.4234593345573085] and parameters: {'n_estimators': 459, 'learning_rate': 0.08505465867325865, 'subsample': 0.637469907131237, 'colsample_bytree': 0.7470863212237734, 'min_child_weight': 8}.
[I 2026-05-15 17:00:27,716] Trial 297 finished with values: [0.6566610747910396, 0.3542602413425356] and parameters: {'n_estimators': 414, 'learning_rate': 0.028180680291847244, 'subsample': 0.6390688456025535, 'colsample_bytree': 0.8782994755938469, 'min_child_weight': 5}.
[I 2026-05-15 17:00:28,237] Trial 298 finished with values: [0.6517043857410085, 0.3252405122394928] and parameters: {'n_estimators': 105, 'learning_rate': 0.0845238710259589, 'subsample': 0.6746074041599417, 'colsample_bytree': 0.610167650697638, 'min_child_weight': 6}.
[I 2026-05-15 17:00:28,940] Trial 299 finished with values: [0.6282174874844528, 0.36308868480091044] and parameters: {'n_estimators': 313, 'learning_rate': 0.21434810637527812, 'subsample': 0.6230235040066577, 'colsample_bytree': 0.8198115529294943, 'min_child_weight': 5}.
[I 2026-05-15 17:00:29,359] Trial 300 finished with values: [0.6369162118857085, 0.3910954911834482] and parameters: {'n_estimators': 179, 'learning_rate': 0.01167158438611932, 'subsample': 0.637469907131237, 'colsample_bytree': 0.7465447373174767, 'min_child_weight': 6}.
[I 2026-05-15 17:00:29,944] Trial 301 finished with values: [0.6622120254460446, 0.4702683632968987] and parameters: {'n_estimators': 176, 'learning_rate': 0.1131225105716033, 'subsample': 0.6230235040066577, 'colsample_bytree': 0.8198115529294943, 'min_child_weight': 5}.
[I 2026-05-15 17:00:30,761] Trial 302 finished with values: [0.6509549825794763, 0.4793330988224273] and parameters: {'n_estimators': 478, 'learning_rate': 0.05917520523090666, 'subsample': 0.9801645936306235, 'colsample_bytree': 0.610167650697638, 'min_child_weight': 10}.
[I 2026-05-15 17:00:31,275] Trial 303 finished with values: [0.6585407631946636, 0.26808957946754663] and parameters: {'n_estimators': 179, 'learning_rate': 0.16155001304356414, 'subsample': 0.7168578594140873, 'colsample_bytree': 0.8245108790277985, 'min_child_weight': 6}.
[I 2026-05-15 17:00:32,023] Trial 304 finished with values: [0.6538138645485692, 0.45041791635410694] and parameters: {'n_estimators': 414, 'learning_rate': 0.05917520523090666, 'subsample': 0.7168578594140873, 'colsample_bytree': 0.9570235993959911, 'min_child_weight': 5}.
[I 2026-05-15 17:00:32,558] Trial 305 finished with values: [0.6404615186007125, 0.624885702471277] and parameters: {'n_estimators': 179, 'learning_rate': 0.20655112155089347, 'subsample': 0.602208846849441, 'colsample_bytree': 0.9261845713819337, 'min_child_weight': 6}.
[I 2026-05-15 17:00:33,177] Trial 306 finished with values: [0.6512445059541412, 0.2936699504954624] and parameters: {'n_estimators': 159, 'learning_rate': 0.10206664092951903, 'subsample': 0.7822627011142852, 'colsample_bytree': 0.8480530391206147, 'min_child_weight': 6}.
[I 2026-05-15 17:00:33,783] Trial 307 finished with values: [0.6632875080787453, 0.39569302286291175] and parameters: {'n_estimators': 159, 'learning_rate': 0.129667438075127, 'subsample': 0.6746280235544143, 'colsample_bytree': 0.8245108790277985, 'min_child_weight': 6}.
[I 2026-05-15 17:00:34,375] Trial 308 finished with values: [0.6556063108657485, 0.34657709161256156] and parameters: {'n_estimators': 175, 'learning_rate': 0.05917520523090666, 'subsample': 0.6313825525369063, 'colsample_bytree': 0.7470863212237734, 'min_child_weight': 2}.
[I 2026-05-15 17:00:35,120] Trial 309 finished with values: [0.6389133006239579, 0.4570508006845492] and parameters: {'n_estimators': 443, 'learning_rate': 0.1131225105716033, 'subsample': 0.6230235040066577, 'colsample_bytree': 0.699092395800463, 'min_child_weight': 2}.
[I 2026-05-15 17:00:35,616] Trial 310 finished with values: [0.6521061578018843, 0.4164554146425655] and parameters: {'n_estimators': 159, 'learning_rate': 0.16155001304356414, 'subsample': 0.6746280235544143, 'colsample_bytree': 0.7854793619759929, 'min_child_weight': 2}.
[I 2026-05-15 17:00:36,375] Trial 311 finished with values: [0.6593480278959298, 0.4939580457990257] and parameters: {'n_estimators': 496, 'learning_rate': 0.06951034928701941, 'subsample': 0.6313825525369063, 'colsample_bytree': 0.7413408912104211, 'min_child_weight': 6}.
[I 2026-05-15 17:00:37,074] Trial 312 finished with values: [0.6570087973685317, 0.4407655996905572] and parameters: {'n_estimators': 443, 'learning_rate': 0.07279991098092103, 'subsample': 0.6310938547859939, 'colsample_bytree': 0.699092395800463, 'min_child_weight': 10}.
[I 2026-05-15 17:00:37,749] Trial 313 finished with values: [0.6328644686922352, 0.2581765858610014] and parameters: {'n_estimators': 398, 'learning_rate': 0.27497884337724565, 'subsample': 0.602208846849441, 'colsample_bytree': 0.9944842977918411, 'min_child_weight': 10}.
[I 2026-05-15 17:00:38,435] Trial 314 finished with values: [0.6427133130276879, 0.4233459258729887] and parameters: {'n_estimators': 364, 'learning_rate': 0.06192689958760303, 'subsample': 0.7168578594140873, 'colsample_bytree': 0.7465447373174767, 'min_child_weight': 6}.
[I 2026-05-15 17:00:39,103] Trial 315 finished with values: [0.654099579616598, 0.3195228673920859] and parameters: {'n_estimators': 272, 'learning_rate': 0.05917520523090666, 'subsample': 0.7168578594140873, 'colsample_bytree': 0.610167650697638, 'min_child_weight': 5}.
[I 2026-05-15 17:00:39,787] Trial 316 finished with values: [0.652421932843216, 0.3627181205863611] and parameters: {'n_estimators': 296, 'learning_rate': 0.05917520523090666, 'subsample': 0.6284754593840916, 'colsample_bytree': 0.7238110465145311, 'min_child_weight': 9}.
