[I 2026-05-15 17:02:26,161] Trial 477 finished with values: [0.671978262260607, 0.4285484716394602] and parameters: {'n_estimators': 496, 'learning_rate': 0.06951034928701941, 'subsample': 0.6313825525369063, 'colsample_bytree': 0.9570235993959911, 'min_child_weight': 6}.
[I 2026-05-15 17:02:26,950] Trial 478 finished with values: [0.6622896938382811, 0.3114728263119149] and parameters: {'n_estimators': 414, 'learning_rate': 0.028180680291847244, 'subsample': 0.6390688456025535, 'colsample_bytree': 0.9570235993959911, 'min_child_weight': 5}.
[I 2026-05-15 17:02:27,443] Trial 479 finished with values: [0.6586133805603065, 0.25967807730281245] and parameters: {'n_estimators': 159, 'learning_rate': 0.09836162684900028, 'subsample': 0.7505038342123663, 'colsample_bytree': 0.9877881733101476, 'min_child_weight': 5}.
[I 2026-05-15 17:02:28,058] Trial 480 finished with values: [0.6506512416651816, 0.3448009370073657] and parameters: {'n_estimators': 215, 'learning_rate': 0.18987114604724706, 'subsample': 0.7168578594140873, 'colsample_bytree': 0.8245108790277985, 'min_child_weight': 6}.
[I 2026-05-15 17:02:28,732] Trial 481 finished with values: [0.6558425268227293, 0.4453195137675031] and parameters: {'n_estimators': 418, 'learning_rate': 0.10206664092951903, 'subsample': 0.7119735587783771, 'colsample_bytree': 0.9986547348295621, 'min_child_weight': 3}.
[I 2026-05-15 17:02:29,591] Trial 482 finished with values: [0.6574018468663209, 0.3396412851662255] and parameters: {'n_estimators': 490, 'learning_rate': 0.10519936117151477, 'subsample': 0.6390688456025535, 'colsample_bytree': 0.9570235993959911, 'min_child_weight': 8}.
[I 2026-05-15 17:02:30,437] Trial 483 finished with values: [0.6509404254614319, 0.4799168874021477] and parameters: {'n_estimators': 490, 'learning_rate': 0.05917520523090666, 'subsample': 0.6683550349560263, 'colsample_bytree': 0.9261845713819337, 'min_child_weight': 5}.
[I 2026-05-15 17:02:30,944] Trial 484 finished with values: [0.6568748045225543, 0.30920898638283134] and parameters: {'n_estimators': 215, 'learning_rate': 0.1131225105716033, 'subsample': 0.7168578594140873, 'colsample_bytree': 0.8674572879697724, 'min_child_weight': 10}.
[I 2026-05-15 17:02:31,530] Trial 485 finished with values: [0.6585407631946636, 0.26808957946754663] and parameters: {'n_estimators': 179, 'learning_rate': 0.16155001304356414, 'subsample': 0.7168578594140873, 'colsample_bytree': 0.8227051572055719, 'min_child_weight': 6}.
[I 2026-05-15 17:02:32,122] Trial 486 finished with values: [0.6588989068477709, 0.26977669324060766] and parameters: {'n_estimators': 159, 'learning_rate': 0.06951034928701941, 'subsample': 0.7505038342123663, 'colsample_bytree': 0.9570235993959911, 'min_child_weight': 6}.
[I 2026-05-15 17:02:32,728] Trial 487 finished with values: [0.6658425374514149, 0.35814481025312117] and parameters: {'n_estimators': 325, 'learning_rate': 0.06951034928701941, 'subsample': 0.6313825525369063, 'colsample_bytree': 0.6388705975083074, 'min_child_weight': 6}.
[I 2026-05-15 17:02:33,299] Trial 488 finished with values: [0.6479786626437362, 0.3309078282399824] and parameters: {'n_estimators': 307, 'learning_rate': 0.028180680291847244, 'subsample': 0.6313825525369063, 'colsample_bytree': 0.9570235993959911, 'min_child_weight': 7}.
[I 2026-05-15 17:02:33,793] Trial 489 finished with values: [0.6586161758776636, 0.35790749313612225] and parameters: {'n_estimators': 176, 'learning_rate': 0.16155001304356414, 'subsample': 0.7168578594140873, 'colsample_bytree': 0.9077971732767748, 'min_child_weight': 6}.
[I 2026-05-15 17:02:34,526] Trial 490 finished with values: [0.6519254513158448, 0.3391963873806023] and parameters: {'n_estimators': 490, 'learning_rate': 0.11046009304545999, 'subsample': 0.6390688456025535, 'colsample_bytree': 0.6748174994230093, 'min_child_weight': 6}.
[I 2026-05-15 17:02:35,357] Trial 491 finished with values: [0.6482774299805657, 0.4088321209868586] and parameters: {'n_estimators': 478, 'learning_rate': 0.06951034928701941, 'subsample': 0.7294716945616975, 'colsample_bytree': 0.8021009489791429, 'min_child_weight': 10}.
[I 2026-05-15 17:02:36,169] Trial 492 finished with values: [0.6584908068073441, 0.42425043337565277] and parameters: {'n_estimators': 459, 'learning_rate': 0.10206664092951903, 'subsample': 0.7701745754465668, 'colsample_bytree': 0.6027808522124762, 'min_child_weight': 6}.
[I 2026-05-15 17:02:36,877] Trial 493 finished with values: [0.633929117618924, 0.27679453639044455] and parameters: {'n_estimators': 457, 'learning_rate': 0.16155001304356414, 'subsample': 0.7168578594140873, 'colsample_bytree': 0.803044151473782, 'min_child_weight': 6}.
[I 2026-05-15 17:02:37,415] Trial 494 finished with values: [0.6442569505804423, 0.42033349653519975] and parameters: {'n_estimators': 215, 'learning_rate': 0.16155001304356414, 'subsample': 0.6969638929660321, 'colsample_bytree': 0.8198115529294943, 'min_child_weight': 6}.
[I 2026-05-15 17:02:37,891] Trial 495 finished with values: [0.638125154473379, 0.47339164935046957] and parameters: {'n_estimators': 153, 'learning_rate': 0.09821625213821766, 'subsample': 0.7168578594140873, 'colsample_bytree': 0.8472512961831583, 'min_child_weight': 2}.
[I 2026-05-15 17:02:38,547] Trial 496 finished with values: [0.6494685552762063, 0.3610089477630786] and parameters: {'n_estimators': 325, 'learning_rate': 0.10519936117151477, 'subsample': 0.7168578594140873, 'colsample_bytree': 0.8245108790277985, 'min_child_weight': 6}.
[I 2026-05-15 17:02:39,369] Trial 497 finished with values: [0.6502992987171609, 0.340731426329043] and parameters: {'n_estimators': 457, 'learning_rate': 0.16155001304356414, 'subsample': 0.6284754593840916, 'colsample_bytree': 0.8021009489791429, 'min_child_weight': 7}.
[I 2026-05-15 17:02:39,938] Trial 498 finished with values: [0.6408834089561621, 0.3486010618498669] and parameters: {'n_estimators': 300, 'learning_rate': 0.13673750637076953, 'subsample': 0.6390688456025535, 'colsample_bytree': 0.9570235993959911, 'min_child_weight': 5}.
[I 2026-05-15 17:02:40,673] Trial 499 finished with values: [0.6496454640842952, 0.47818221858927423] and parameters: {'n_estimators': 457, 'learning_rate': 0.10206664092951903, 'subsample': 0.7119735587783771, 'colsample_bytree': 0.8021009489791429, 'min_child_weight': 5}.
Building variant 'auroc_max'...
Saved /home/mklemmingen/PycharmProjects/migraine-forecasting-shd/experiment/0/headache/full_features/stacked_2xgb_meta_lr/80_20/chrono/HyperparameterTuned/pareto_AUROC_slope/auroc_max/model.joblib

# End capture ------------------------------------------
# Finished: 2026-05-15T17:02:41
