[I 2026-05-15 16:58:54,520] Trial 157 finished with values: [0.6652108366518302, 0.40500077542918245] and parameters: {'n_estimators': 346, 'learning_rate': 0.06909724267901692, 'subsample': 0.637469907131237, 'colsample_bytree': 0.7470863212237734, 'min_child_weight': 6}.
[I 2026-05-15 16:58:55,017] Trial 158 finished with values: [0.6468249875220848, 0.34094300435252833] and parameters: {'n_estimators': 215, 'learning_rate': 0.05917520523090666, 'subsample': 0.7168578594140873, 'colsample_bytree': 0.8245108790277985, 'min_child_weight': 5}.
[I 2026-05-15 16:58:55,751] Trial 159 finished with values: [0.6557899866396881, 0.5218085505502967] and parameters: {'n_estimators': 325, 'learning_rate': 0.08589984533104164, 'subsample': 0.8534118843043579, 'colsample_bytree': 0.8143098736299034, 'min_child_weight': 4}.
[I 2026-05-15 16:58:56,444] Trial 160 finished with values: [0.6675566826458436, 0.3631523006981538] and parameters: {'n_estimators': 414, 'learning_rate': 0.09836162684900028, 'subsample': 0.6390688456025535, 'colsample_bytree': 0.6282274989601719, 'min_child_weight': 8}.
[I 2026-05-15 16:58:57,173] Trial 161 finished with values: [0.652545188639478, 0.48259656810054724] and parameters: {'n_estimators': 339, 'learning_rate': 0.10519936117151477, 'subsample': 0.8607845038010402, 'colsample_bytree': 0.689707723784224, 'min_child_weight': 8}.
[I 2026-05-15 16:58:57,574] Trial 162 finished with values: [0.6353338688950003, 0.37108529428506615] and parameters: {'n_estimators': 61, 'learning_rate': 0.07332660227137139, 'subsample': 0.881207583558071, 'colsample_bytree': 0.7454518409517176, 'min_child_weight': 10}.
[I 2026-05-15 16:58:58,009] Trial 163 finished with values: [0.6438150032476839, 0.3744115276109462] and parameters: {'n_estimators': 128, 'learning_rate': 0.05388108577817234, 'subsample': 0.6579579488364892, 'colsample_bytree': 0.9760920965699831, 'min_child_weight': 3}.
[I 2026-05-15 16:58:58,511] Trial 164 finished with values: [0.6410559938045013, 0.4000718084753251] and parameters: {'n_estimators': 215, 'learning_rate': 0.10519936117151477, 'subsample': 0.7168578594140873, 'colsample_bytree': 0.689707723784224, 'min_child_weight': 6}.
[I 2026-05-15 16:58:59,200] Trial 165 finished with values: [0.6470771320752314, 0.43235968800400054] and parameters: {'n_estimators': 398, 'learning_rate': 0.028180680291847244, 'subsample': 0.7552679704826087, 'colsample_bytree': 0.6027808522124762, 'min_child_weight': 5}.
[I 2026-05-15 16:58:59,855] Trial 166 finished with values: [0.6435863464982824, 0.4337551830071886] and parameters: {'n_estimators': 420, 'learning_rate': 0.03404436610591982, 'subsample': 0.8573152873769412, 'colsample_bytree': 0.7833011561966067, 'min_child_weight': 6}.
[I 2026-05-15 16:59:00,716] Trial 167 finished with values: [0.6458081428087473, 0.44079035317354354] and parameters: {'n_estimators': 443, 'learning_rate': 0.042902233912047165, 'subsample': 0.7168578594140873, 'colsample_bytree': 0.9854479908357011, 'min_child_weight': 6}.
[I 2026-05-15 16:59:01,438] Trial 168 finished with values: [0.6687552490195847, 0.3836762515962887] and parameters: {'n_estimators': 296, 'learning_rate': 0.06951034928701941, 'subsample': 0.6313825525369063, 'colsample_bytree': 0.6388705975083074, 'min_child_weight': 6}.
[I 2026-05-15 16:59:02,057] Trial 169 finished with values: [0.659529902269505, 0.45500480608947613] and parameters: {'n_estimators': 339, 'learning_rate': 0.09836162684900028, 'subsample': 0.6863284109987373, 'colsample_bytree': 0.8491561903276001, 'min_child_weight': 1}.
[I 2026-05-15 16:59:02,747] Trial 170 finished with values: [0.5980379675266136, 0.33051748301130934] and parameters: {'n_estimators': 459, 'learning_rate': 0.24584290528289388, 'subsample': 0.6579579488364892, 'colsample_bytree': 0.9261845713819337, 'min_child_weight': 10}.
[I 2026-05-15 16:59:03,486] Trial 171 finished with values: [0.6478276336062209, 0.33581446227718714] and parameters: {'n_estimators': 459, 'learning_rate': 0.022587177280197233, 'subsample': 0.7119735587783771, 'colsample_bytree': 0.8736932106048627, 'min_child_weight': 10}.
[I 2026-05-15 16:59:03,984] Trial 172 finished with values: [0.6465558152210009, 0.3206881658773152] and parameters: {'n_estimators': 195, 'learning_rate': 0.05917520523090666, 'subsample': 0.7544410551203097, 'colsample_bytree': 0.9844762255295657, 'min_child_weight': 10}.
[I 2026-05-15 16:59:04,776] Trial 173 finished with values: [0.6462644589106071, 0.49154202014306314] and parameters: {'n_estimators': 458, 'learning_rate': 0.08589984533104164, 'subsample': 0.9866619276174678, 'colsample_bytree': 0.8245108790277985, 'min_child_weight': 9}.
[I 2026-05-15 16:59:05,232] Trial 174 finished with values: [0.6235476563019716, 0.4290601132424703] and parameters: {'n_estimators': 128, 'learning_rate': 0.019462886350651437, 'subsample': 0.8125418526272592, 'colsample_bytree': 0.9854479908357011, 'min_child_weight': 2}.
[I 2026-05-15 16:59:06,057] Trial 175 finished with values: [0.6445798043803889, 0.37629142757698614] and parameters: {'n_estimators': 398, 'learning_rate': 0.019657448966046126, 'subsample': 0.602208846849441, 'colsample_bytree': 0.9261845713819337, 'min_child_weight': 1}.
[I 2026-05-15 16:59:06,683] Trial 176 finished with values: [0.6548983811864278, 0.3832216000977501] and parameters: {'n_estimators': 346, 'learning_rate': 0.06909724267901692, 'subsample': 0.637469907131237, 'colsample_bytree': 0.9637281608315128, 'min_child_weight': 3}.
[I 2026-05-15 16:59:07,213] Trial 177 finished with values: [0.660169981953355, 0.40454156256838714] and parameters: {'n_estimators': 242, 'learning_rate': 0.06909724267901692, 'subsample': 0.637469907131237, 'colsample_bytree': 0.6027808522124762, 'min_child_weight': 2}.
[I 2026-05-15 16:59:07,654] Trial 178 finished with values: [0.6246084587234991, 0.45018370937563984] and parameters: {'n_estimators': 128, 'learning_rate': 0.010639368372762009, 'subsample': 0.8125418526272592, 'colsample_bytree': 0.6377771843023713, 'min_child_weight': 2}.
[I 2026-05-15 16:59:08,152] Trial 179 finished with values: [0.6657106186828446, 0.30828561554972866] and parameters: {'n_estimators': 159, 'learning_rate': 0.10206664092951903, 'subsample': 0.6284754593840916, 'colsample_bytree': 0.7275902521175045, 'min_child_weight': 5}.
[I 2026-05-15 16:59:08,842] Trial 180 finished with values: [0.6431577090315826, 0.3334219878756384] and parameters: {'n_estimators': 398, 'learning_rate': 0.019657448966046126, 'subsample': 0.9043140194467589, 'colsample_bytree': 0.9261845713819337, 'min_child_weight': 8}.
[I 2026-05-15 16:59:09,520] Trial 181 finished with values: [0.6329607081499412, 0.42884824892215256] and parameters: {'n_estimators': 294, 'learning_rate': 0.028180680291847244, 'subsample': 0.9379501243877818, 'colsample_bytree': 0.6027808522124762, 'min_child_weight': 2}.
[I 2026-05-15 16:59:09,994] Trial 182 finished with values: [0.6250640118125161, 0.413997195741861] and parameters: {'n_estimators': 60, 'learning_rate': 0.022587177280197233, 'subsample': 0.9866619276174678, 'colsample_bytree': 0.699092395800463, 'min_child_weight': 10}.
[I 2026-05-15 16:59:10,514] Trial 183 finished with values: [0.637230796568197, 0.33064233304747137] and parameters: {'n_estimators': 105, 'learning_rate': 0.06951034928701941, 'subsample': 0.9718790609370292, 'colsample_bytree': 0.6388705975083074, 'min_child_weight': 7}.
[I 2026-05-15 16:59:11,291] Trial 184 finished with values: [0.6703696721352603, 0.337079517621622] and parameters: {'n_estimators': 417, 'learning_rate': 0.10519936117151477, 'subsample': 0.7168578594140873, 'colsample_bytree': 0.9854479908357011, 'min_child_weight': 8}.
[I 2026-05-15 16:59:11,893] Trial 185 finished with values: [0.6586918146225573, 0.37935112682972605] and parameters: {'n_estimators': 297, 'learning_rate': 0.10519936117151477, 'subsample': 0.637469907131237, 'colsample_bytree': 0.7174367377057973, 'min_child_weight': 8}.
[I 2026-05-15 16:59:12,415] Trial 186 finished with values: [0.6647903178554312, 0.33632076979996556] and parameters: {'n_estimators': 215, 'learning_rate': 0.1131225105716033, 'subsample': 0.7168578594140873, 'colsample_bytree': 0.8245108790277985, 'min_child_weight': 6}.
[I 2026-05-15 16:59:13,229] Trial 187 finished with values: [0.6462914739812742, 0.4289673113963251] and parameters: {'n_estimators': 398, 'learning_rate': 0.019657448966046126, 'subsample': 0.6390688456025535, 'colsample_bytree': 0.7127419099093599, 'min_child_weight': 2}.
[I 2026-05-15 16:59:13,869] Trial 188 finished with values: [0.638699333581408, 0.4139857417479222] and parameters: {'n_estimators': 195, 'learning_rate': 0.09836162684900028, 'subsample': 0.8786948661456602, 'colsample_bytree': 0.7454518409517176, 'min_child_weight': 10}.
[I 2026-05-15 16:59:14,489] Trial 189 finished with values: [0.6572516838508775, 0.3607450795371758] and parameters: {'n_estimators': 297, 'learning_rate': 0.08671821512512803, 'subsample': 0.6390688456025535, 'colsample_bytree': 0.9570235993959911, 'min_child_weight': 5}.
[I 2026-05-15 16:59:15,160] Trial 190 finished with values: [0.6667242236163246, 0.4260950266750642] and parameters: {'n_estimators': 426, 'learning_rate': 0.05917520523090666, 'subsample': 0.6746074041599417, 'colsample_bytree': 0.610167650697638, 'min_child_weight': 6}.
[I 2026-05-15 16:59:15,802] Trial 191 finished with values: [0.6390708041766094, 0.3938131976587968] and parameters: {'n_estimators': 333, 'learning_rate': 0.19775731712985178, 'subsample': 0.6137554084460873, 'colsample_bytree': 0.8245108790277985, 'min_child_weight': 3}.
[I 2026-05-15 16:59:16,362] Trial 192 finished with values: [0.6550370327687774, 0.3378573369957792] and parameters: {'n_estimators': 105, 'learning_rate': 0.1218397677644799, 'subsample': 0.9718790609370292, 'colsample_bytree': 0.9261845713819337, 'min_child_weight': 8}.
[I 2026-05-15 16:59:16,939] Trial 193 finished with values: [0.6431445355040455, 0.47120426934157555] and parameters: {'n_estimators': 128, 'learning_rate': 0.2736872535680783, 'subsample': 0.7546941385202149, 'colsample_bytree': 0.9746919954946938, 'min_child_weight': 2}.
[I 2026-05-15 16:59:17,709] Trial 194 finished with values: [0.6653400265727933, 0.34210883832464256] and parameters: {'n_estimators': 490, 'learning_rate': 0.028180680291847244, 'subsample': 0.6390688456025535, 'colsample_bytree': 0.9213923721539394, 'min_child_weight': 5}.
[I 2026-05-15 16:59:18,481] Trial 195 finished with values: [0.6395531866445223, 0.3293847154133582] and parameters: {'n_estimators': 408, 'learning_rate': 0.02609752135980675, 'subsample': 0.9866619276174678, 'colsample_bytree': 0.6709758175118891, 'min_child_weight': 9}.
[I 2026-05-15 16:59:19,324] Trial 196 finished with values: [0.6498472873139299, 0.3458879980025126] and parameters: {'n_estimators': 468, 'learning_rate': 0.022587177280197233, 'subsample': 0.9002459006563434, 'colsample_bytree': 0.7594018937589494, 'min_child_weight': 7}.
[I 2026-05-15 16:59:20,076] Trial 197 finished with values: [0.664625784937879, 0.33218602124977925] and parameters: {'n_estimators': 413, 'learning_rate': 0.09836162684900028, 'subsample': 0.637469907131237, 'colsample_bytree': 0.7470863212237734, 'min_child_weight': 8}.
[I 2026-05-15 16:59:20,799] Trial 198 finished with values: [0.6395126919185894, 0.28932507974078414] and parameters: {'n_estimators': 443, 'learning_rate': 0.1538583627271404, 'subsample': 0.6746280235544143, 'colsample_bytree': 0.699092395800463, 'min_child_weight': 10}.
[I 2026-05-15 16:59:21,670] Trial 199 finished with values: [0.671978262260607, 0.4285484716394602] and parameters: {'n_estimators': 496, 'learning_rate': 0.06951034928701941, 'subsample': 0.6313825525369063, 'colsample_bytree': 0.9570235993959911, 'min_child_weight': 6}.
[I 2026-05-15 16:59:22,536] Trial 200 finished with values: [0.6525043619964167, 0.4646825584472013] and parameters: {'n_estimators': 459, 'learning_rate': 0.10519936117151477, 'subsample': 0.7650470707645706, 'colsample_bytree': 0.7957811041110252, 'min_child_weight': 4}.
[I 2026-05-15 16:59:23,207] Trial 201 finished with values: [0.6473728193052757, 0.34021266937542144] and parameters: {'n_estimators': 398, 'learning_rate': 0.022587177280197233, 'subsample': 0.602208846849441, 'colsample_bytree': 0.9105651842967988, 'min_child_weight': 10}.
[I 2026-05-15 16:59:23,710] Trial 202 finished with values: [0.6261348125766162, 0.4213740574683982] and parameters: {'n_estimators': 203, 'learning_rate': 0.022587177280197233, 'subsample': 0.7168578594140873, 'colsample_bytree': 0.8245108790277985, 'min_child_weight': 10}.
[I 2026-05-15 16:59:24,142] Trial 203 finished with values: [0.6495108631641965, 0.30473257476164206] and parameters: {'n_estimators': 105, 'learning_rate': 0.09836162684900028, 'subsample': 0.9718790609370292, 'colsample_bytree': 0.9232481518257668, 'min_child_weight': 8}.
[I 2026-05-15 16:59:24,967] Trial 204 finished with values: [0.655667952306012, 0.3866131045463299] and parameters: {'n_estimators': 437, 'learning_rate': 0.09836162684900028, 'subsample': 0.637469907131237, 'colsample_bytree': 0.7470863212237734, 'min_child_weight': 9}.
[I 2026-05-15 16:59:25,806] Trial 205 finished with values: [0.6515322840392697, 0.4512054536490938] and parameters: {'n_estimators': 459, 'learning_rate': 0.09396591857488666, 'subsample': 0.6746280235544143, 'colsample_bytree': 0.699092395800463, 'min_child_weight': 2}.
[I 2026-05-15 16:59:26,333] Trial 206 finished with values: [0.6557375505584188, 0.495186400979543] and parameters: {'n_estimators': 243, 'learning_rate': 0.12856643861355183, 'subsample': 0.9018171496338729, 'colsample_bytree': 0.8736932106048627, 'min_child_weight': 8}.
[I 2026-05-15 16:59:26,914] Trial 207 finished with values: [0.6661318500058295, 0.2770802268660747] and parameters: {'n_estimators': 159, 'learning_rate': 0.10206664092951903, 'subsample': 0.6284754593840916, 'colsample_bytree': 0.641249547534373, 'min_child_weight': 6}.
[I 2026-05-15 16:59:27,654] Trial 208 finished with values: [0.6792515208597129, 0.33607456246882694] and parameters: {'n_estimators': 457, 'learning_rate': 0.06951034928701941, 'subsample': 0.6313825525369063, 'colsample_bytree': 0.8021009489791429, 'min_child_weight': 6}.
[I 2026-05-15 16:59:28,442] Trial 209 finished with values: [0.6527956757920678, 0.295550283402447] and parameters: {'n_estimators': 422, 'learning_rate': 0.019657448966046126, 'subsample': 0.602208846849441, 'colsample_bytree': 0.9261845713819337, 'min_child_weight': 8}.
[I 2026-05-15 16:59:29,004] Trial 210 finished with values: [0.6417660290965935, 0.34376801389895306] and parameters: {'n_estimators': 159, 'learning_rate': 0.06951034928701941, 'subsample': 0.9718790609370292, 'colsample_bytree': 0.7470863212237734, 'min_child_weight': 7}.
[I 2026-05-15 16:59:29,504] Trial 211 finished with values: [0.6470596318903086, 0.33888500284225764] and parameters: {'n_estimators': 194, 'learning_rate': 0.05917520523090666, 'subsample': 0.637469907131237, 'colsample_bytree': 0.7470863212237734, 'min_child_weight': 9}.
[I 2026-05-15 16:59:30,118] Trial 212 finished with values: [0.6565095774978746, 0.282188247330024] and parameters: {'n_estimators': 225, 'learning_rate': 0.16155001304356414, 'subsample': 0.7168578594140873, 'colsample_bytree': 0.8245108790277985, 'min_child_weight': 6}.
[I 2026-05-15 16:59:30,818] Trial 213 finished with values: [0.6524946899464018, 0.39173688284662017] and parameters: {'n_estimators': 346, 'learning_rate': 0.09836162684900028, 'subsample': 0.6043350605921193, 'colsample_bytree': 0.7470863212237734, 'min_child_weight': 8}.
[I 2026-05-15 16:59:31,313] Trial 214 finished with values: [0.6365106561745892, 0.37868498746259] and parameters: {'n_estimators': 179, 'learning_rate': 0.21744977418953557, 'subsample': 0.7168578594140873, 'colsample_bytree': 0.8491561903276001, 'min_child_weight': 1}.
[I 2026-05-15 16:59:32,126] Trial 215 finished with values: [0.6532678593346863, 0.3070360862856355] and parameters: {'n_estimators': 468, 'learning_rate': 0.029625450352016573, 'subsample': 0.9866619276174678, 'colsample_bytree': 0.8491561903276001, 'min_child_weight': 9}.
[I 2026-05-15 16:59:32,879] Trial 216 finished with values: [0.6490391125921493, 0.33757633852453095] and parameters: {'n_estimators': 478, 'learning_rate': 0.022587177280197233, 'subsample': 0.6579579488364892, 'colsample_bytree': 0.7957811041110252, 'min_child_weight': 10}.
[I 2026-05-15 16:59:33,422] Trial 217 finished with values: [0.6381006985420411, 0.38883791896576503] and parameters: {'n_estimators': 272, 'learning_rate': 0.042902233912047165, 'subsample': 0.8012545034320351, 'colsample_bytree': 0.6163100566219055, 'min_child_weight': 5}.
[I 2026-05-15 16:59:34,012] Trial 218 finished with values: [0.6293670105397176, 0.4840123156573588] and parameters: {'n_estimators': 308, 'learning_rate': 0.1538583627271404, 'subsample': 0.8527348848679197, 'colsample_bytree': 0.7793782087913279, 'min_child_weight': 10}.
[I 2026-05-15 16:59:34,505] Trial 219 finished with values: [0.6521583163233898, 0.30857279236244933] and parameters: {'n_estimators': 182, 'learning_rate': 0.03058280993112278, 'subsample': 0.602208846849441, 'colsample_bytree': 0.9261845713819337, 'min_child_weight': 8}.
[I 2026-05-15 16:59:35,290] Trial 220 finished with values: [0.6531969157442504, 0.45254311034439176] and parameters: {'n_estimators': 413, 'learning_rate': 0.09836162684900028, 'subsample': 0.8690073824308153, 'colsample_bytree': 0.7470863212237734, 'min_child_weight': 6}.
[I 2026-05-15 16:59:36,038] Trial 221 finished with values: [0.6449783993814429, 0.43860956130262585] and parameters: {'n_estimators': 490, 'learning_rate': 0.028180680291847244, 'subsample': 0.900949811775072, 'colsample_bytree': 0.9166316174903394, 'min_child_weight': 5}.
[I 2026-05-15 16:59:36,611] Trial 222 finished with values: [0.6447941725074532, 0.330916601527259] and parameters: {'n_estimators': 297, 'learning_rate': 0.1466769064893309, 'subsample': 0.6364824412194762, 'colsample_bytree': 0.9570235993959911, 'min_child_weight': 5}.
[I 2026-05-15 16:59:37,421] Trial 223 finished with values: [0.6576127124637849, 0.38407168387922364] and parameters: {'n_estimators': 417, 'learning_rate': 0.10519936117151477, 'subsample': 0.6313825525369063, 'colsample_bytree': 0.9854479908357011, 'min_child_weight': 8}.
[I 2026-05-15 16:59:38,027] Trial 224 finished with values: [0.654099579616598, 0.3195228673920859] and parameters: {'n_estimators': 272, 'learning_rate': 0.05917520523090666, 'subsample': 0.7168578594140873, 'colsample_bytree': 0.610167650697638, 'min_child_weight': 5}.
[I 2026-05-15 16:59:38,472] Trial 225 finished with values: [0.6737029173907796, 0.2943020598886813] and parameters: {'n_estimators': 103, 'learning_rate': 0.1131225105716033, 'subsample': 0.6230235040066577, 'colsample_bytree': 0.8198115529294943, 'min_child_weight': 5}.
[I 2026-05-15 16:59:39,050] Trial 226 finished with values: [0.6446220769023716, 0.47008568228676273] and parameters: {'n_estimators': 215, 'learning_rate': 0.20476075218575424, 'subsample': 0.7168578594140873, 'colsample_bytree': 0.8245108790277985, 'min_child_weight': 4}.
[I 2026-05-15 16:59:39,592] Trial 227 finished with values: [0.6368815555453764, 0.36794077731557184] and parameters: {'n_estimators': 215, 'learning_rate': 0.05917520523090666, 'subsample': 0.7168578594140873, 'colsample_bytree': 0.6468268065710423, 'min_child_weight': 6}.
[I 2026-05-15 16:59:40,387] Trial 228 finished with values: [0.6517381119364618, 0.3604354431556797] and parameters: {'n_estimators': 414, 'learning_rate': 0.028180680291847244, 'subsample': 0.6390688456025535, 'colsample_bytree': 0.6571966728211344, 'min_child_weight': 5}.
[I 2026-05-15 16:59:41,093] Trial 229 finished with values: [0.643967858692649, 0.39861931633319336] and parameters: {'n_estimators': 414, 'learning_rate': 0.028180680291847244, 'subsample': 0.6579579488364892, 'colsample_bytree': 0.9570235993959911, 'min_child_weight': 5}.
[I 2026-05-15 16:59:41,856] Trial 230 finished with values: [0.6498035752794468, 0.4971442719006567] and parameters: {'n_estimators': 490, 'learning_rate': 0.05388108577817234, 'subsample': 0.9046042526869889, 'colsample_bytree': 0.9213923721539394, 'min_child_weight': 3}.
[I 2026-05-15 16:59:42,553] Trial 231 finished with values: [0.6312747402486799, 0.41758195946388615] and parameters: {'n_estimators': 328, 'learning_rate': 0.019657448966046126, 'subsample': 0.602208846849441, 'colsample_bytree': 0.6849356442713105, 'min_child_weight': 2}.
[I 2026-05-15 16:59:43,070] Trial 232 finished with values: [0.6220247590646907, 0.44224187993389596] and parameters: {'n_estimators': 179, 'learning_rate': 0.014104914380026676, 'subsample': 0.7168578594140873, 'colsample_bytree': 0.7465447373174767, 'min_child_weight': 1}.
[I 2026-05-15 16:59:43,831] Trial 233 finished with values: [0.6639393646430675, 0.46726639744050547] and parameters: {'n_estimators': 366, 'learning_rate': 0.09836162684900028, 'subsample': 0.6746280235544143, 'colsample_bytree': 0.9570235993959911, 'min_child_weight': 6}.
[I 2026-05-15 16:59:44,548] Trial 234 finished with values: [0.6469604221465769, 0.4108757049746387] and parameters: {'n_estimators': 443, 'learning_rate': 0.1538583627271404, 'subsample': 0.6390688456025535, 'colsample_bytree': 0.699092395800463, 'min_child_weight': 5}.
[I 2026-05-15 16:59:45,122] Trial 235 finished with values: [0.6396245529275366, 0.3781602093232145] and parameters: {'n_estimators': 159, 'learning_rate': 0.09836162684900028, 'subsample': 0.6579579488364892, 'colsample_bytree': 0.7470863212237734, 'min_child_weight': 10}.
[I 2026-05-15 16:59:45,621] Trial 236 finished with values: [0.6494223783577947, 0.31718722830486223] and parameters: {'n_estimators': 159, 'learning_rate': 0.09836162684900028, 'subsample': 0.7168578594140873, 'colsample_bytree': 0.7470863212237734, 'min_child_weight': 8}.
