[I 2026-05-15 17:57:20,889] Trial 75 finished with values: [0.23667837669251127, 0.8654069043738678] and parameters: {'n_estimators': 294, 'learning_rate': 0.01471005003927122, 'subsample': 0.9698774473114251, 'colsample_bytree': 0.9652962210225885, 'min_child_weight': 3}.
[I 2026-05-15 17:57:21,530] Trial 76 finished with values: [0.22994766856882726, 0.7674569723528306] and parameters: {'n_estimators': 203, 'learning_rate': 0.01607123851203988, 'subsample': 0.9698774473114251, 'colsample_bytree': 0.7465447373174767, 'min_child_weight': 3}.
[I 2026-05-15 17:57:22,225] Trial 77 finished with values: [0.227110147545174, 1.2637192423469947] and parameters: {'n_estimators': 280, 'learning_rate': 0.05917520523090666, 'subsample': 0.8006065178748798, 'colsample_bytree': 0.6180909155642152, 'min_child_weight': 8}.
[I 2026-05-15 17:57:22,962] Trial 78 finished with values: [0.2247008149908513, 0.7628128161950738] and parameters: {'n_estimators': 355, 'learning_rate': 0.01058040360169664, 'subsample': 0.8599855723111061, 'colsample_bytree': 0.9232481518257668, 'min_child_weight': 7}.
[I 2026-05-15 17:57:23,584] Trial 79 finished with values: [0.18046036839123372, 1.7434637848563774] and parameters: {'n_estimators': 348, 'learning_rate': 0.05388108577817234, 'subsample': 0.8080272084711243, 'colsample_bytree': 0.9637281608315128, 'min_child_weight': 3}.
[I 2026-05-15 17:57:24,352] Trial 80 finished with values: [0.23350647057545687, 0.7391193096760649] and parameters: {'n_estimators': 339, 'learning_rate': 0.013313275850595153, 'subsample': 0.6646514856378455, 'colsample_bytree': 0.8807867509030813, 'min_child_weight': 7}.
[I 2026-05-15 17:57:25,087] Trial 81 finished with values: [0.15918823740910715, 1.5189520067650442] and parameters: {'n_estimators': 408, 'learning_rate': 0.2063696403063293, 'subsample': 0.7168578594140873, 'colsample_bytree': 0.8245108790277985, 'min_child_weight': 5}.
[I 2026-05-15 17:57:25,700] Trial 82 finished with values: [0.22735416516583634, 0.7515762436531785] and parameters: {'n_estimators': 156, 'learning_rate': 0.017303875834205888, 'subsample': 0.9718790609370292, 'colsample_bytree': 0.7351980627406143, 'min_child_weight': 4}.
[I 2026-05-15 17:57:26,554] Trial 83 finished with values: [0.21230446812885323, 0.8793760113785727] and parameters: {'n_estimators': 414, 'learning_rate': 0.01471005003927122, 'subsample': 0.6390688456025535, 'colsample_bytree': 0.9509357413523924, 'min_child_weight': 1}.
[I 2026-05-15 17:57:26,971] Trial 84 finished with values: [0.17936864042384554, 1.3176299636629278] and parameters: {'n_estimators': 59, 'learning_rate': 0.1131225105716033, 'subsample': 0.9329770563201687, 'colsample_bytree': 0.8245108790277985, 'min_child_weight': 2}.
[I 2026-05-15 17:57:27,830] Trial 85 finished with values: [0.1907474593832154, 1.3829411209311633] and parameters: {'n_estimators': 414, 'learning_rate': 0.019721610970574007, 'subsample': 0.8313120563984696, 'colsample_bytree': 0.836965827544817, 'min_child_weight': 1}.
[I 2026-05-15 17:57:28,381] Trial 86 finished with values: [0.21665002529634347, 0.7198128930730772] and parameters: {'n_estimators': 66, 'learning_rate': 0.04872420129560894, 'subsample': 0.9046478461314871, 'colsample_bytree': 0.6950550175969599, 'min_child_weight': 10}.
[I 2026-05-15 17:57:29,095] Trial 87 finished with values: [0.22665187351996324, 0.8820475424981297] and parameters: {'n_estimators': 294, 'learning_rate': 0.028180680291847244, 'subsample': 0.6390688456025535, 'colsample_bytree': 0.6027808522124762, 'min_child_weight': 5}.
[I 2026-05-15 17:57:29,722] Trial 88 finished with values: [0.2297175942396233, 0.9098977170091638] and parameters: {'n_estimators': 179, 'learning_rate': 0.025985724173338116, 'subsample': 0.7168578594140873, 'colsample_bytree': 0.7465447373174767, 'min_child_weight': 2}.
[I 2026-05-15 17:57:30,418] Trial 89 finished with values: [0.23470442584135198, 0.7223375545528496] and parameters: {'n_estimators': 238, 'learning_rate': 0.0212853192163843, 'subsample': 0.6479461469334731, 'colsample_bytree': 0.7350460685614512, 'min_child_weight': 10}.
[I 2026-05-15 17:57:31,100] Trial 90 finished with values: [0.20279796648100298, 1.2967243003850766] and parameters: {'n_estimators': 348, 'learning_rate': 0.028869220380495747, 'subsample': 0.8363333042276043, 'colsample_bytree': 0.8186841117373118, 'min_child_weight': 1}.
[I 2026-05-15 17:57:31,922] Trial 91 finished with values: [0.22378445694283527, 1.149438103276598] and parameters: {'n_estimators': 468, 'learning_rate': 0.01351182947645082, 'subsample': 0.9866619276174678, 'colsample_bytree': 0.6149392754996857, 'min_child_weight': 4}.
[I 2026-05-15 17:57:32,637] Trial 92 finished with values: [0.21368814790274132, 1.166677557686347] and parameters: {'n_estimators': 426, 'learning_rate': 0.029773579612263783, 'subsample': 0.8048372233197124, 'colsample_bytree': 0.6163100566219055, 'min_child_weight': 7}.
[I 2026-05-15 17:57:33,455] Trial 93 finished with values: [0.20302766749875234, 1.1011459284305534] and parameters: {'n_estimators': 420, 'learning_rate': 0.03404436610591982, 'subsample': 0.6508242050607539, 'colsample_bytree': 0.8186841117373118, 'min_child_weight': 6}.
[I 2026-05-15 17:57:34,239] Trial 94 finished with values: [0.19157291870765175, 2.47954913859642] and parameters: {'n_estimators': 325, 'learning_rate': 0.13720623374101712, 'subsample': 0.6863284109987373, 'colsample_bytree': 0.8491561903276001, 'min_child_weight': 1}.
/home/mklemmingen/PycharmProjects/migraine-forecasting-shd/.venv/lib/python3.13/site-packages/sklearn/linear_model/_sag.py:348: ConvergenceWarning: The max_iter was reached which means the coef_ did not converge
  warnings.warn(
[I 2026-05-15 17:57:34,722] Trial 95 finished with values: [0.25995489657468684, 0.6513106989519333] and parameters: {'n_estimators': 54, 'learning_rate': 0.01607123851203988, 'subsample': 0.7168578594140873, 'colsample_bytree': 0.7465447373174767, 'min_child_weight': 1}.
[I 2026-05-15 17:57:35,178] Trial 96 finished with values: [0.21513177101429912, 1.4927805910283798] and parameters: {'n_estimators': 128, 'learning_rate': 0.10485733570643786, 'subsample': 0.8125418526272592, 'colsample_bytree': 0.8736932106048627, 'min_child_weight': 2}.
[I 2026-05-15 17:57:35,801] Trial 97 finished with values: [0.25488514288986497, 0.80710091357592] and parameters: {'n_estimators': 293, 'learning_rate': 0.025985724173338116, 'subsample': 0.6097263865725815, 'colsample_bytree': 0.858188918362867, 'min_child_weight': 10}.
[I 2026-05-15 17:57:36,517] Trial 98 finished with values: [0.22096709288749466, 1.1635827840001176] and parameters: {'n_estimators': 439, 'learning_rate': 0.030245085073501415, 'subsample': 0.8985965620472096, 'colsample_bytree': 0.8598531596188859, 'min_child_weight': 9}.
[I 2026-05-15 17:57:37,404] Trial 99 finished with values: [0.205720083917303, 1.1066542456836392] and parameters: {'n_estimators': 426, 'learning_rate': 0.01471005003927122, 'subsample': 0.8549719605992826, 'colsample_bytree': 0.9509357413523924, 'min_child_weight': 3}.
[I 2026-05-15 17:57:38,190] Trial 100 finished with values: [0.23026798280337743, 0.897880983885966] and parameters: {'n_estimators': 377, 'learning_rate': 0.012184186502221764, 'subsample': 0.8654007076432223, 'colsample_bytree': 0.6020246335384875, 'min_child_weight': 2}.
[I 2026-05-15 17:57:39,053] Trial 101 finished with values: [0.2396054870569572, 0.9021622513320553] and parameters: {'n_estimators': 459, 'learning_rate': 0.022587177280197233, 'subsample': 0.6579579488364892, 'colsample_bytree': 0.7957811041110252, 'min_child_weight': 10}.
/home/mklemmingen/PycharmProjects/migraine-forecasting-shd/.venv/lib/python3.13/site-packages/sklearn/linear_model/_sag.py:348: ConvergenceWarning: The max_iter was reached which means the coef_ did not converge
  warnings.warn(
[I 2026-05-15 17:57:39,602] Trial 102 finished with values: [0.24901839859096145, 0.6391777261676674] and parameters: {'n_estimators': 54, 'learning_rate': 0.025985724173338116, 'subsample': 0.6097263865725815, 'colsample_bytree': 0.858188918362867, 'min_child_weight': 10}.
[I 2026-05-15 17:57:40,385] Trial 103 finished with values: [0.20109791428458518, 1.1209917378942198] and parameters: {'n_estimators': 490, 'learning_rate': 0.04872420129560894, 'subsample': 0.9046478461314871, 'colsample_bytree': 0.7454518409517176, 'min_child_weight': 10}.
[I 2026-05-15 17:57:41,056] Trial 104 finished with values: [0.23137649648218916, 0.7877382759573603] and parameters: {'n_estimators': 180, 'learning_rate': 0.025985724173338116, 'subsample': 0.6097263865725815, 'colsample_bytree': 0.858188918362867, 'min_child_weight': 7}.
/home/mklemmingen/PycharmProjects/migraine-forecasting-shd/.venv/lib/python3.13/site-packages/sklearn/linear_model/_sag.py:348: ConvergenceWarning: The max_iter was reached which means the coef_ did not converge
  warnings.warn(
[I 2026-05-15 17:57:41,642] Trial 105 finished with values: [0.22810605261359806, 0.5990976651468454] and parameters: {'n_estimators': 66, 'learning_rate': 0.0178601378893971, 'subsample': 0.6260206371941118, 'colsample_bytree': 0.6205915004999957, 'min_child_weight': 10}.
[I 2026-05-15 17:57:42,210] Trial 106 finished with values: [0.22770492516986285, 1.1027369528726045] and parameters: {'n_estimators': 238, 'learning_rate': 0.057894621409801394, 'subsample': 0.8599855723111061, 'colsample_bytree': 0.7350460685614512, 'min_child_weight': 10}.
[I 2026-05-15 17:57:42,847] Trial 107 finished with values: [0.20371564608505865, 1.7233703609169866] and parameters: {'n_estimators': 355, 'learning_rate': 0.029994793096631372, 'subsample': 0.9698774473114251, 'colsample_bytree': 0.6905983100791752, 'min_child_weight': 3}.
/home/mklemmingen/PycharmProjects/migraine-forecasting-shd/.venv/lib/python3.13/site-packages/sklearn/linear_model/_sag.py:348: ConvergenceWarning: The max_iter was reached which means the coef_ did not converge
  warnings.warn(
[I 2026-05-15 17:57:43,441] Trial 108 finished with values: [0.27033500983474934, 0.6084591651303615] and parameters: {'n_estimators': 66, 'learning_rate': 0.01610352961694889, 'subsample': 0.9208787923016158, 'colsample_bytree': 0.8598531596188859, 'min_child_weight': 10}.
[I 2026-05-15 17:57:44,191] Trial 109 finished with values: [0.16327401624155835, 1.7067526543577205] and parameters: {'n_estimators': 408, 'learning_rate': 0.08710745900492396, 'subsample': 0.9208787923016158, 'colsample_bytree': 0.6298202574719083, 'min_child_weight': 4}.
[I 2026-05-15 17:57:44,913] Trial 110 finished with values: [0.2148232047474063, 0.9565201421782069] and parameters: {'n_estimators': 293, 'learning_rate': 0.025985724173338116, 'subsample': 0.6097263865725815, 'colsample_bytree': 0.858188918362867, 'min_child_weight': 3}.
[I 2026-05-15 17:57:45,579] Trial 111 finished with values: [0.22117208630955557, 0.9837003482481229] and parameters: {'n_estimators': 426, 'learning_rate': 0.029773579612263783, 'subsample': 0.6746074041599417, 'colsample_bytree': 0.7755885682822544, 'min_child_weight': 8}.
[I 2026-05-15 17:57:46,079] Trial 112 finished with values: [0.2562171561802889, 0.6289313432878361] and parameters: {'n_estimators': 54, 'learning_rate': 0.05838706626832953, 'subsample': 0.8654007076432223, 'colsample_bytree': 0.6027808522124762, 'min_child_weight': 5}.
/home/mklemmingen/PycharmProjects/migraine-forecasting-shd/.venv/lib/python3.13/site-packages/sklearn/linear_model/_sag.py:348: ConvergenceWarning: The max_iter was reached which means the coef_ did not converge
  warnings.warn(
[I 2026-05-15 17:57:46,561] Trial 113 finished with values: [0.2716974990188057, 0.6270737795004167] and parameters: {'n_estimators': 54, 'learning_rate': 0.025985724173338116, 'subsample': 0.8654007076432223, 'colsample_bytree': 0.858188918362867, 'min_child_weight': 10}.
/home/mklemmingen/PycharmProjects/migraine-forecasting-shd/.venv/lib/python3.13/site-packages/sklearn/linear_model/_sag.py:348: ConvergenceWarning: The max_iter was reached which means the coef_ did not converge
  warnings.warn(
[I 2026-05-15 17:57:47,084] Trial 114 finished with values: [0.2744961208799065, 0.6398890009530336] and parameters: {'n_estimators': 66, 'learning_rate': 0.01610352961694889, 'subsample': 0.6313825525369063, 'colsample_bytree': 0.8598531596188859, 'min_child_weight': 1}.
[I 2026-05-15 17:57:47,815] Trial 115 finished with values: [0.20726065777261654, 0.7962143593197717] and parameters: {'n_estimators': 325, 'learning_rate': 0.017303875834205888, 'subsample': 0.7168578594140873, 'colsample_bytree': 0.7465447373174767, 'min_child_weight': 1}.
[I 2026-05-15 17:57:48,595] Trial 116 finished with values: [0.23633133382975627, 0.9137711371542426] and parameters: {'n_estimators': 325, 'learning_rate': 0.01607123851203988, 'subsample': 0.98505936587117, 'colsample_bytree': 0.7465447373174767, 'min_child_weight': 5}.
[I 2026-05-15 17:57:49,280] Trial 117 finished with values: [0.24059831002011914, 0.7722954032449947] and parameters: {'n_estimators': 203, 'learning_rate': 0.01471005003927122, 'subsample': 0.7257423924305306, 'colsample_bytree': 0.9509357413523924, 'min_child_weight': 3}.
[I 2026-05-15 17:57:49,919] Trial 118 finished with values: [0.23215518260458187, 0.7652818125415335] and parameters: {'n_estimators': 156, 'learning_rate': 0.030245085073501415, 'subsample': 0.6479461469334731, 'colsample_bytree': 0.7350460685614512, 'min_child_weight': 9}.
[I 2026-05-15 17:57:50,725] Trial 119 finished with values: [0.1786152365735508, 1.600962417646953] and parameters: {'n_estimators': 355, 'learning_rate': 0.10666901691534954, 'subsample': 0.9698774473114251, 'colsample_bytree': 0.9509357413523924, 'min_child_weight': 7}.
[I 2026-05-15 17:57:51,380] Trial 120 finished with values: [0.24182613965860228, 1.384101340277462] and parameters: {'n_estimators': 339, 'learning_rate': 0.04018584329485903, 'subsample': 0.9718790609370292, 'colsample_bytree': 0.6693177280283383, 'min_child_weight': 7}.
/home/mklemmingen/PycharmProjects/migraine-forecasting-shd/.venv/lib/python3.13/site-packages/sklearn/linear_model/_sag.py:348: ConvergenceWarning: The max_iter was reached which means the coef_ did not converge
  warnings.warn(
[I 2026-05-15 17:57:51,977] Trial 121 finished with values: [0.2701904649421226, 0.585242927938563] and parameters: {'n_estimators': 64, 'learning_rate': 0.01702458290769914, 'subsample': 0.7257423924305306, 'colsample_bytree': 0.8034282764658811, 'min_child_weight': 3}.
[I 2026-05-15 17:57:52,638] Trial 122 finished with values: [0.21387128111815126, 1.051277363870189] and parameters: {'n_estimators': 355, 'learning_rate': 0.023422815835049925, 'subsample': 0.8196906658824482, 'colsample_bytree': 0.9232481518257668, 'min_child_weight': 7}.
[I 2026-05-15 17:57:53,355] Trial 123 finished with values: [0.2109810164762132, 0.8561318066566368] and parameters: {'n_estimators': 398, 'learning_rate': 0.01471005003927122, 'subsample': 0.6390688456025535, 'colsample_bytree': 0.9261845713819337, 'min_child_weight': 1}.
[I 2026-05-15 17:57:53,994] Trial 124 finished with values: [0.19681591056091927, 1.3177062118994216] and parameters: {'n_estimators': 203, 'learning_rate': 0.11364355894710455, 'subsample': 0.8654007076432223, 'colsample_bytree': 0.7465447373174767, 'min_child_weight': 8}.
[I 2026-05-15 17:57:54,827] Trial 125 finished with values: [0.1767021668323634, 1.2213763640331075] and parameters: {'n_estimators': 426, 'learning_rate': 0.09444774154985085, 'subsample': 0.6479461469334731, 'colsample_bytree': 0.6163100566219055, 'min_child_weight': 6}.
[I 2026-05-15 17:57:55,596] Trial 126 finished with values: [0.19784066891231444, 0.8102661537941055] and parameters: {'n_estimators': 465, 'learning_rate': 0.01351182947645082, 'subsample': 0.7119735587783771, 'colsample_bytree': 0.6205915004999957, 'min_child_weight': 4}.
/home/mklemmingen/PycharmProjects/migraine-forecasting-shd/.venv/lib/python3.13/site-packages/sklearn/linear_model/_sag.py:348: ConvergenceWarning: The max_iter was reached which means the coef_ did not converge
  warnings.warn(
[I 2026-05-15 17:57:56,074] Trial 127 finished with values: [0.22941394099944928, 0.6034982656781495] and parameters: {'n_estimators': 66, 'learning_rate': 0.012184186502221764, 'subsample': 0.8654007076432223, 'colsample_bytree': 0.8404460046972835, 'min_child_weight': 10}.
[I 2026-05-15 17:57:56,822] Trial 128 finished with values: [0.17497141717434883, 1.3787185311490955] and parameters: {'n_estimators': 480, 'learning_rate': 0.12301645833176054, 'subsample': 0.8217416210045603, 'colsample_bytree': 0.8446882984937409, 'min_child_weight': 5}.
[I 2026-05-15 17:57:57,234] Trial 129 finished with values: [0.21245294404899512, 0.7114164396466107] and parameters: {'n_estimators': 64, 'learning_rate': 0.04872420129560894, 'subsample': 0.9046478461314871, 'colsample_bytree': 0.6950550175969599, 'min_child_weight': 10}.
[I 2026-05-15 17:57:58,056] Trial 130 finished with values: [0.23851956608963337, 0.82028429577809] and parameters: {'n_estimators': 398, 'learning_rate': 0.019657448966046126, 'subsample': 0.602208846849441, 'colsample_bytree': 0.699092395800463, 'min_child_weight': 10}.
[I 2026-05-15 17:57:58,685] Trial 131 finished with values: [0.23654843449330695, 0.7420012195309543] and parameters: {'n_estimators': 294, 'learning_rate': 0.016149614799999188, 'subsample': 0.6137554084460873, 'colsample_bytree': 0.7423890714605046, 'min_child_weight': 8}.
[I 2026-05-15 17:57:59,452] Trial 132 finished with values: [0.21584917844691737, 0.7681313759545849] and parameters: {'n_estimators': 355, 'learning_rate': 0.010501731925367071, 'subsample': 0.6097263865725815, 'colsample_bytree': 0.858188918362867, 'min_child_weight': 3}.
[I 2026-05-15 17:58:00,072] Trial 133 finished with values: [0.21547213059925102, 0.8679078942501391] and parameters: {'n_estimators': 324, 'learning_rate': 0.01607123851203988, 'subsample': 0.9698774473114251, 'colsample_bytree': 0.9795542149013333, 'min_child_weight': 10}.
[I 2026-05-15 17:58:00,824] Trial 134 finished with values: [0.2082503374818804, 0.9180180418855685] and parameters: {'n_estimators': 294, 'learning_rate': 0.022587177280197233, 'subsample': 0.6579579488364892, 'colsample_bytree': 0.6298202574719083, 'min_child_weight': 2}.
[I 2026-05-15 17:58:01,479] Trial 135 finished with values: [0.23564483951176776, 0.7128330143163095] and parameters: {'n_estimators': 325, 'learning_rate': 0.01607123851203988, 'subsample': 0.7168578594140873, 'colsample_bytree': 0.7465447373174767, 'min_child_weight': 5}.
/home/mklemmingen/PycharmProjects/migraine-forecasting-shd/.venv/lib/python3.13/site-packages/sklearn/linear_model/_sag.py:348: ConvergenceWarning: The max_iter was reached which means the coef_ did not converge
  warnings.warn(
[I 2026-05-15 17:58:02,049] Trial 136 finished with values: [0.2832782940656903, 0.6803912350322218] and parameters: {'n_estimators': 54, 'learning_rate': 0.011693687409928539, 'subsample': 0.616291520927588, 'colsample_bytree': 0.7465447373174767, 'min_child_weight': 1}.
[I 2026-05-15 17:58:02,588] Trial 137 finished with values: [0.2263867404930111, 1.3119094565188592] and parameters: {'n_estimators': 64, 'learning_rate': 0.183492792986878, 'subsample': 0.8814631437520095, 'colsample_bytree': 0.78966953163493, 'min_child_weight': 8}.
/home/mklemmingen/PycharmProjects/migraine-forecasting-shd/.venv/lib/python3.13/site-packages/sklearn/linear_model/_sag.py:348: ConvergenceWarning: The max_iter was reached which means the coef_ did not converge
  warnings.warn(
[I 2026-05-15 17:58:03,149] Trial 138 finished with values: [0.2668487896191681, 0.6244281017676687] and parameters: {'n_estimators': 54, 'learning_rate': 0.01607123851203988, 'subsample': 0.7257423924305306, 'colsample_bytree': 0.8034282764658811, 'min_child_weight': 1}.
[I 2026-05-15 17:58:03,564] Trial 139 finished with values: [0.24791439558616446, 0.8349002859703376] and parameters: {'n_estimators': 54, 'learning_rate': 0.05838706626832953, 'subsample': 0.6479461469334731, 'colsample_bytree': 0.7350460685614512, 'min_child_weight': 2}.
[I 2026-05-15 17:58:04,098] Trial 140 finished with values: [0.2568949379984755, 0.6959302974898396] and parameters: {'n_estimators': 180, 'learning_rate': 0.012184186502221764, 'subsample': 0.9718790609370292, 'colsample_bytree': 0.9232481518257668, 'min_child_weight': 5}.
[I 2026-05-15 17:58:04,691] Trial 141 finished with values: [0.253247278718314, 0.7589274427892645] and parameters: {'n_estimators': 132, 'learning_rate': 0.028145092716060652, 'subsample': 0.9718790609370292, 'colsample_bytree': 0.7727780074568463, 'min_child_weight': 7}.
[I 2026-05-15 17:58:05,546] Trial 142 finished with values: [0.21446116461155781, 0.9449488967340425] and parameters: {'n_estimators': 426, 'learning_rate': 0.012184186502221764, 'subsample': 0.7893887083122263, 'colsample_bytree': 0.6163100566219055, 'min_child_weight': 2}.
[I 2026-05-15 17:58:06,246] Trial 143 finished with values: [0.19951597458515552, 1.298160274802321] and parameters: {'n_estimators': 325, 'learning_rate': 0.043737251953017454, 'subsample': 0.7168578594140873, 'colsample_bytree': 0.7465447373174767, 'min_child_weight': 5}.
[I 2026-05-15 17:58:06,741] Trial 144 finished with values: [0.23861849424182133, 0.7618973997260328] and parameters: {'n_estimators': 160, 'learning_rate': 0.029385442161128397, 'subsample': 0.6137554084460873, 'colsample_bytree': 0.9568186220708453, 'min_child_weight': 7}.
[I 2026-05-15 17:58:07,457] Trial 145 finished with values: [0.2235058317355681, 0.688085507732203] and parameters: {'n_estimators': 339, 'learning_rate': 0.013313275850595153, 'subsample': 0.6646514856378455, 'colsample_bytree': 0.7594018937589494, 'min_child_weight': 7}.
