[I 2026-05-15 17:59:49,059] Trial 325 finished with values: [0.2567518680141162, 0.6000084802035651] and parameters: {'n_estimators': 70, 'learning_rate': 0.01607123851203988, 'subsample': 0.7168578594140873, 'colsample_bytree': 0.6105467897989008, 'min_child_weight': 1}.
/home/mklemmingen/PycharmProjects/migraine-forecasting-shd/.venv/lib/python3.13/site-packages/sklearn/linear_model/_sag.py:348: ConvergenceWarning: The max_iter was reached which means the coef_ did not converge
  warnings.warn(
[I 2026-05-15 17:59:49,565] Trial 326 finished with values: [0.24188536440210337, 0.5901351841311395] and parameters: {'n_estimators': 66, 'learning_rate': 0.01610352961694889, 'subsample': 0.6048617898759265, 'colsample_bytree': 0.8598531596188859, 'min_child_weight': 9}.
[I 2026-05-15 17:59:50,075] Trial 327 finished with values: [0.23533861642143158, 0.6632426204963865] and parameters: {'n_estimators': 120, 'learning_rate': 0.029385442161128397, 'subsample': 0.7505853467512198, 'colsample_bytree': 0.9637281608315128, 'min_child_weight': 8}.
/home/mklemmingen/PycharmProjects/migraine-forecasting-shd/.venv/lib/python3.13/site-packages/sklearn/linear_model/_sag.py:348: ConvergenceWarning: The max_iter was reached which means the coef_ did not converge
  warnings.warn(
[I 2026-05-15 17:59:50,702] Trial 328 finished with values: [0.28958955274528086, 0.648436842972743] and parameters: {'n_estimators': 66, 'learning_rate': 0.01471005003927122, 'subsample': 0.616291520927588, 'colsample_bytree': 0.7465447373174767, 'min_child_weight': 1}.
[I 2026-05-15 17:59:51,159] Trial 329 finished with values: [0.25289640392225143, 1.6239156445674836] and parameters: {'n_estimators': 54, 'learning_rate': 0.15750181143068478, 'subsample': 0.9718790609370292, 'colsample_bytree': 0.9949104517259778, 'min_child_weight': 5}.
[I 2026-05-15 17:59:51,578] Trial 330 finished with values: [0.23615964749563573, 0.5704095199686648] and parameters: {'n_estimators': 54, 'learning_rate': 0.029385442161128397, 'subsample': 0.7257423924305306, 'colsample_bytree': 0.6601667564414112, 'min_child_weight': 2}.
/home/mklemmingen/PycharmProjects/migraine-forecasting-shd/.venv/lib/python3.13/site-packages/sklearn/linear_model/_sag.py:348: ConvergenceWarning: The max_iter was reached which means the coef_ did not converge
  warnings.warn(
[I 2026-05-15 17:59:52,173] Trial 331 finished with values: [0.2410724906368804, 0.6248802713566917] and parameters: {'n_estimators': 60, 'learning_rate': 0.012184186502221764, 'subsample': 0.8786948661456602, 'colsample_bytree': 0.7727780074568463, 'min_child_weight': 7}.
/home/mklemmingen/PycharmProjects/migraine-forecasting-shd/.venv/lib/python3.13/site-packages/sklearn/linear_model/_sag.py:348: ConvergenceWarning: The max_iter was reached which means the coef_ did not converge
  warnings.warn(
[I 2026-05-15 17:59:52,540] Trial 332 finished with values: [0.280400292014951, 0.6487209272441745] and parameters: {'n_estimators': 66, 'learning_rate': 0.0178601378893971, 'subsample': 0.6313825525369063, 'colsample_bytree': 0.8598531596188859, 'min_child_weight': 1}.
[I 2026-05-15 17:59:53,105] Trial 333 finished with values: [0.2674397027822927, 0.7959755987710894] and parameters: {'n_estimators': 66, 'learning_rate': 0.0845238710259589, 'subsample': 0.7257423924305306, 'colsample_bytree': 0.6377771843023713, 'min_child_weight': 3}.
/home/mklemmingen/PycharmProjects/migraine-forecasting-shd/.venv/lib/python3.13/site-packages/sklearn/linear_model/_sag.py:348: ConvergenceWarning: The max_iter was reached which means the coef_ did not converge
  warnings.warn(
[I 2026-05-15 17:59:53,671] Trial 334 finished with values: [0.23728890062440158, 0.6117028262596393] and parameters: {'n_estimators': 54, 'learning_rate': 0.01471005003927122, 'subsample': 0.616291520927588, 'colsample_bytree': 0.9166316174903394, 'min_child_weight': 1}.
[I 2026-05-15 17:59:54,386] Trial 335 finished with values: [0.17434643057917967, 1.6741679352593348] and parameters: {'n_estimators': 317, 'learning_rate': 0.05838706626832953, 'subsample': 0.9002459006563434, 'colsample_bytree': 0.6020246335384875, 'min_child_weight': 2}.
[I 2026-05-15 17:59:54,942] Trial 336 finished with values: [0.1816335504305418, 1.7362370217801222] and parameters: {'n_estimators': 221, 'learning_rate': 0.27082027345327275, 'subsample': 0.6313825525369063, 'colsample_bytree': 0.8215417137605283, 'min_child_weight': 1}.
/home/mklemmingen/PycharmProjects/migraine-forecasting-shd/.venv/lib/python3.13/site-packages/sklearn/linear_model/_sag.py:348: ConvergenceWarning: The max_iter was reached which means the coef_ did not converge
  warnings.warn(
[I 2026-05-15 17:59:55,525] Trial 337 finished with values: [0.23048873335384554, 0.6114616652854389] and parameters: {'n_estimators': 66, 'learning_rate': 0.01610352961694889, 'subsample': 0.9208787923016158, 'colsample_bytree': 0.9368475692542835, 'min_child_weight': 9}.
/home/mklemmingen/PycharmProjects/migraine-forecasting-shd/.venv/lib/python3.13/site-packages/sklearn/linear_model/_sag.py:348: ConvergenceWarning: The max_iter was reached which means the coef_ did not converge
  warnings.warn(
[I 2026-05-15 17:59:56,043] Trial 338 finished with values: [0.2640356131438097, 0.7058559164130523] and parameters: {'n_estimators': 66, 'learning_rate': 0.012184186502221764, 'subsample': 0.7874772639179881, 'colsample_bytree': 0.8598531596188859, 'min_child_weight': 1}.
/home/mklemmingen/PycharmProjects/migraine-forecasting-shd/.venv/lib/python3.13/site-packages/sklearn/linear_model/_sag.py:348: ConvergenceWarning: The max_iter was reached which means the coef_ did not converge
  warnings.warn(
[I 2026-05-15 17:59:56,533] Trial 339 finished with values: [0.24263940414238658, 0.6030280840287185] and parameters: {'n_estimators': 66, 'learning_rate': 0.01058040360169664, 'subsample': 0.7257423924305306, 'colsample_bytree': 0.8598531596188859, 'min_child_weight': 4}.
[I 2026-05-15 17:59:56,950] Trial 340 finished with values: [0.24097119480816276, 0.7319626675704349] and parameters: {'n_estimators': 66, 'learning_rate': 0.04099573751320915, 'subsample': 0.6313825525369063, 'colsample_bytree': 0.6020246335384875, 'min_child_weight': 3}.
/home/mklemmingen/PycharmProjects/migraine-forecasting-shd/.venv/lib/python3.13/site-packages/sklearn/linear_model/_sag.py:348: ConvergenceWarning: The max_iter was reached which means the coef_ did not converge
  warnings.warn(
[I 2026-05-15 17:59:57,411] Trial 341 finished with values: [0.22377858320080737, 0.5676561685402233] and parameters: {'n_estimators': 66, 'learning_rate': 0.012113606011086922, 'subsample': 0.6334002866794675, 'colsample_bytree': 0.6205915004999957, 'min_child_weight': 10}.
/home/mklemmingen/PycharmProjects/migraine-forecasting-shd/.venv/lib/python3.13/site-packages/sklearn/linear_model/_sag.py:348: ConvergenceWarning: The max_iter was reached which means the coef_ did not converge
  warnings.warn(
[I 2026-05-15 17:59:57,886] Trial 342 finished with values: [0.24668090315060281, 0.5759386435862268] and parameters: {'n_estimators': 54, 'learning_rate': 0.0212853192163843, 'subsample': 0.8654007076432223, 'colsample_bytree': 0.9844762255295657, 'min_child_weight': 10}.
[I 2026-05-15 17:59:58,414] Trial 343 finished with values: [0.2230748639064794, 0.9947181269405145] and parameters: {'n_estimators': 66, 'learning_rate': 0.18936503889340725, 'subsample': 0.925160403652031, 'colsample_bytree': 0.6377771843023713, 'min_child_weight': 10}.
[I 2026-05-15 17:59:59,036] Trial 344 finished with values: [0.26287601018440554, 0.5800168808702126] and parameters: {'n_estimators': 120, 'learning_rate': 0.01610352961694889, 'subsample': 0.6137554084460873, 'colsample_bytree': 0.9637281608315128, 'min_child_weight': 8}.
/home/mklemmingen/PycharmProjects/migraine-forecasting-shd/.venv/lib/python3.13/site-packages/sklearn/linear_model/_sag.py:348: ConvergenceWarning: The max_iter was reached which means the coef_ did not converge
  warnings.warn(
[I 2026-05-15 17:59:59,506] Trial 345 finished with values: [0.23932227897496022, 0.6009006702478554] and parameters: {'n_estimators': 54, 'learning_rate': 0.0212853192163843, 'subsample': 0.7257423924305306, 'colsample_bytree': 0.9986547348295621, 'min_child_weight': 10}.
[I 2026-05-15 18:00:00,246] Trial 346 finished with values: [0.17921063472328594, 1.235573418607291] and parameters: {'n_estimators': 300, 'learning_rate': 0.13673750637076953, 'subsample': 0.8012545034320351, 'colsample_bytree': 0.6027808522124762, 'min_child_weight': 10}.
/home/mklemmingen/PycharmProjects/migraine-forecasting-shd/.venv/lib/python3.13/site-packages/sklearn/linear_model/_sag.py:348: ConvergenceWarning: The max_iter was reached which means the coef_ did not converge
  warnings.warn(
[I 2026-05-15 18:00:00,791] Trial 347 finished with values: [0.25995489657468684, 0.6513106989519333] and parameters: {'n_estimators': 54, 'learning_rate': 0.01607123851203988, 'subsample': 0.7168578594140873, 'colsample_bytree': 0.7465447373174767, 'min_child_weight': 1}.
/home/mklemmingen/PycharmProjects/migraine-forecasting-shd/.venv/lib/python3.13/site-packages/sklearn/linear_model/_sag.py:348: ConvergenceWarning: The max_iter was reached which means the coef_ did not converge
  warnings.warn(
[I 2026-05-15 18:00:01,393] Trial 348 finished with values: [0.25412116106306, 0.6053527007021614] and parameters: {'n_estimators': 64, 'learning_rate': 0.011693687409928539, 'subsample': 0.7257423924305306, 'colsample_bytree': 0.9779062919529712, 'min_child_weight': 9}.
[I 2026-05-15 18:00:01,905] Trial 349 finished with values: [0.2589451259702226, 0.6381470428135344] and parameters: {'n_estimators': 161, 'learning_rate': 0.017303875834205888, 'subsample': 0.7802176541240374, 'colsample_bytree': 0.9760920965699831, 'min_child_weight': 10}.
/home/mklemmingen/PycharmProjects/migraine-forecasting-shd/.venv/lib/python3.13/site-packages/sklearn/linear_model/_sag.py:348: ConvergenceWarning: The max_iter was reached which means the coef_ did not converge
  warnings.warn(
[I 2026-05-15 18:00:02,416] Trial 350 finished with values: [0.2508592359921278, 0.5752493034572994] and parameters: {'n_estimators': 70, 'learning_rate': 0.015516155285628185, 'subsample': 0.7168578594140873, 'colsample_bytree': 0.6601667564414112, 'min_child_weight': 1}.
[I 2026-05-15 18:00:02,866] Trial 351 finished with values: [0.2459602240110006, 2.1225935723492446] and parameters: {'n_estimators': 64, 'learning_rate': 0.25659550869174796, 'subsample': 0.7257423924305306, 'colsample_bytree': 0.8034282764658811, 'min_child_weight': 7}.
[I 2026-05-15 18:00:03,457] Trial 352 finished with values: [0.19317988513729087, 1.2069472321913413] and parameters: {'n_estimators': 153, 'learning_rate': 0.09821625213821766, 'subsample': 0.6313825525369063, 'colsample_bytree': 0.8472512961831583, 'min_child_weight': 4}.
[I 2026-05-15 18:00:03,979] Trial 353 finished with values: [0.24553146936015188, 0.6563226180313626] and parameters: {'n_estimators': 64, 'learning_rate': 0.030245085073501415, 'subsample': 0.8654007076432223, 'colsample_bytree': 0.7350460685614512, 'min_child_weight': 9}.
/home/mklemmingen/PycharmProjects/migraine-forecasting-shd/.venv/lib/python3.13/site-packages/sklearn/linear_model/_sag.py:348: ConvergenceWarning: The max_iter was reached which means the coef_ did not converge
  warnings.warn(
[I 2026-05-15 18:00:04,568] Trial 354 finished with values: [0.23784330218374206, 0.5834900908666419] and parameters: {'n_estimators': 66, 'learning_rate': 0.012184186502221764, 'subsample': 0.8012545034320351, 'colsample_bytree': 0.6454230368798516, 'min_child_weight': 10}.
/home/mklemmingen/PycharmProjects/migraine-forecasting-shd/.venv/lib/python3.13/site-packages/sklearn/linear_model/_sag.py:348: ConvergenceWarning: The max_iter was reached which means the coef_ did not converge
  warnings.warn(
[I 2026-05-15 18:00:05,256] Trial 355 finished with values: [0.24283235317926125, 0.6154134161141037] and parameters: {'n_estimators': 66, 'learning_rate': 0.01610352961694889, 'subsample': 0.8786948661456602, 'colsample_bytree': 0.7727780074568463, 'min_child_weight': 1}.
/home/mklemmingen/PycharmProjects/migraine-forecasting-shd/.venv/lib/python3.13/site-packages/sklearn/linear_model/_sag.py:348: ConvergenceWarning: The max_iter was reached which means the coef_ did not converge
  warnings.warn(
[I 2026-05-15 18:00:05,746] Trial 356 finished with values: [0.24901657617345752, 0.644856207249016] and parameters: {'n_estimators': 54, 'learning_rate': 0.017797595772834223, 'subsample': 0.7498450458505885, 'colsample_bytree': 0.8686292782371199, 'min_child_weight': 6}.
/home/mklemmingen/PycharmProjects/migraine-forecasting-shd/.venv/lib/python3.13/site-packages/sklearn/linear_model/_sag.py:348: ConvergenceWarning: The max_iter was reached which means the coef_ did not converge
  warnings.warn(
[I 2026-05-15 18:00:06,335] Trial 357 finished with values: [0.24884771504234693, 0.6035522828349089] and parameters: {'n_estimators': 66, 'learning_rate': 0.012184186502221764, 'subsample': 0.7822627011142852, 'colsample_bytree': 0.8480530391206147, 'min_child_weight': 10}.
[I 2026-05-15 18:00:06,955] Trial 358 finished with values: [0.22999494248180344, 0.6234653705791835] and parameters: {'n_estimators': 120, 'learning_rate': 0.01610352961694889, 'subsample': 0.6048617898759265, 'colsample_bytree': 0.8598531596188859, 'min_child_weight': 8}.
/home/mklemmingen/PycharmProjects/migraine-forecasting-shd/.venv/lib/python3.13/site-packages/sklearn/linear_model/_sag.py:348: ConvergenceWarning: The max_iter was reached which means the coef_ did not converge
  warnings.warn(
[I 2026-05-15 18:00:07,444] Trial 359 finished with values: [0.24566529994189193, 0.62344013081879] and parameters: {'n_estimators': 54, 'learning_rate': 0.0178601378893971, 'subsample': 0.8080654004447974, 'colsample_bytree': 0.940872600127416, 'min_child_weight': 8}.
/home/mklemmingen/PycharmProjects/migraine-forecasting-shd/.venv/lib/python3.13/site-packages/sklearn/linear_model/_sag.py:348: ConvergenceWarning: The max_iter was reached which means the coef_ did not converge
  warnings.warn(
[I 2026-05-15 18:00:08,026] Trial 360 finished with values: [0.25763103303899015, 0.6410568990797822] and parameters: {'n_estimators': 70, 'learning_rate': 0.017797595772834223, 'subsample': 0.8207627355097942, 'colsample_bytree': 0.7413408912104211, 'min_child_weight': 1}.
/home/mklemmingen/PycharmProjects/migraine-forecasting-shd/.venv/lib/python3.13/site-packages/sklearn/linear_model/_sag.py:348: ConvergenceWarning: The max_iter was reached which means the coef_ did not converge
  warnings.warn(
[I 2026-05-15 18:00:08,617] Trial 361 finished with values: [0.24809063450947333, 0.6322050455131784] and parameters: {'n_estimators': 66, 'learning_rate': 0.01471005003927122, 'subsample': 0.9208787923016158, 'colsample_bytree': 0.8598531596188859, 'min_child_weight': 9}.
[I 2026-05-15 18:00:09,273] Trial 362 finished with values: [0.22411757776032964, 0.7722499527715325] and parameters: {'n_estimators': 302, 'learning_rate': 0.01610352961694889, 'subsample': 0.8073318609454947, 'colsample_bytree': 0.8598531596188859, 'min_child_weight': 9}.
[I 2026-05-15 18:00:09,860] Trial 363 finished with values: [0.28403957058211793, 0.5969476636396418] and parameters: {'n_estimators': 120, 'learning_rate': 0.0178601378893971, 'subsample': 0.6313825525369063, 'colsample_bytree': 0.7127419099093599, 'min_child_weight': 2}.
[I 2026-05-15 18:00:10,448] Trial 364 finished with values: [0.25810399667999023, 0.6574517623970283] and parameters: {'n_estimators': 231, 'learning_rate': 0.01058040360169664, 'subsample': 0.6536060913802563, 'colsample_bytree': 0.7727780074568463, 'min_child_weight': 1}.
/home/mklemmingen/PycharmProjects/migraine-forecasting-shd/.venv/lib/python3.13/site-packages/sklearn/linear_model/_sag.py:348: ConvergenceWarning: The max_iter was reached which means the coef_ did not converge
  warnings.warn(
[I 2026-05-15 18:00:10,938] Trial 365 finished with values: [0.26711636990281906, 0.6261799300866956] and parameters: {'n_estimators': 66, 'learning_rate': 0.01471005003927122, 'subsample': 0.6115130705253355, 'colsample_bytree': 0.9020549022694476, 'min_child_weight': 1}.
/home/mklemmingen/PycharmProjects/migraine-forecasting-shd/.venv/lib/python3.13/site-packages/sklearn/linear_model/_sag.py:348: ConvergenceWarning: The max_iter was reached which means the coef_ did not converge
  warnings.warn(
[I 2026-05-15 18:00:11,407] Trial 366 finished with values: [0.24607737388438497, 0.6469712205619947] and parameters: {'n_estimators': 54, 'learning_rate': 0.01610352961694889, 'subsample': 0.8481238205413859, 'colsample_bytree': 0.8598531596188859, 'min_child_weight': 10}.
/home/mklemmingen/PycharmProjects/migraine-forecasting-shd/.venv/lib/python3.13/site-packages/sklearn/linear_model/_sag.py:348: ConvergenceWarning: The max_iter was reached which means the coef_ did not converge
  warnings.warn(
[I 2026-05-15 18:00:11,991] Trial 367 finished with values: [0.27389265385940964, 0.6498660078193768] and parameters: {'n_estimators': 54, 'learning_rate': 0.012184186502221764, 'subsample': 0.9718790609370292, 'colsample_bytree': 0.7465447373174767, 'min_child_weight': 5}.
[I 2026-05-15 18:00:12,752] Trial 368 finished with values: [0.21630051169285863, 0.8449844054673191] and parameters: {'n_estimators': 367, 'learning_rate': 0.01702458290769914, 'subsample': 0.6851856646035643, 'colsample_bytree': 0.8034282764658811, 'min_child_weight': 3}.
[I 2026-05-15 18:00:13,238] Trial 369 finished with values: [0.2577608836367168, 0.6964743697433656] and parameters: {'n_estimators': 111, 'learning_rate': 0.029385442161128397, 'subsample': 0.6058178662671527, 'colsample_bytree': 0.6601667564414112, 'min_child_weight': 4}.
/home/mklemmingen/PycharmProjects/migraine-forecasting-shd/.venv/lib/python3.13/site-packages/sklearn/linear_model/_sag.py:348: ConvergenceWarning: The max_iter was reached which means the coef_ did not converge
  warnings.warn(
[I 2026-05-15 18:00:13,719] Trial 370 finished with values: [0.24267153893014465, 0.6464739740847746] and parameters: {'n_estimators': 66, 'learning_rate': 0.01471005003927122, 'subsample': 0.6313825525369063, 'colsample_bytree': 0.6020246335384875, 'min_child_weight': 6}.
[I 2026-05-15 18:00:14,391] Trial 371 finished with values: [0.198171319192871, 1.4667468316178405] and parameters: {'n_estimators': 226, 'learning_rate': 0.04427958131171205, 'subsample': 0.616291520927588, 'colsample_bytree': 0.7465447373174767, 'min_child_weight': 1}.
/home/mklemmingen/PycharmProjects/migraine-forecasting-shd/.venv/lib/python3.13/site-packages/sklearn/linear_model/_sag.py:348: ConvergenceWarning: The max_iter was reached which means the coef_ did not converge
  warnings.warn(
[I 2026-05-15 18:00:14,855] Trial 372 finished with values: [0.23645564784551293, 0.5967631122023362] and parameters: {'n_estimators': 66, 'learning_rate': 0.012184186502221764, 'subsample': 0.8073318609454947, 'colsample_bytree': 0.8215417137605283, 'min_child_weight': 5}.
/home/mklemmingen/PycharmProjects/migraine-forecasting-shd/.venv/lib/python3.13/site-packages/sklearn/linear_model/_sag.py:348: ConvergenceWarning: The max_iter was reached which means the coef_ did not converge
  warnings.warn(
[I 2026-05-15 18:00:15,336] Trial 373 finished with values: [0.23131715815273585, 0.6025699213193427] and parameters: {'n_estimators': 66, 'learning_rate': 0.019462886350651437, 'subsample': 0.6048617898759265, 'colsample_bytree': 0.6020246335384875, 'min_child_weight': 10}.
[I 2026-05-15 18:00:15,769] Trial 374 finished with values: [0.2719439408674962, 0.6568710161602528] and parameters: {'n_estimators': 66, 'learning_rate': 0.032690047558986524, 'subsample': 0.8055957956639244, 'colsample_bytree': 0.8598531596188859, 'min_child_weight': 1}.
[I 2026-05-15 18:00:16,323] Trial 375 finished with values: [0.24646795538285549, 0.6291418889304208] and parameters: {'n_estimators': 54, 'learning_rate': 0.025985724173338116, 'subsample': 0.8654007076432223, 'colsample_bytree': 0.9134612050964572, 'min_child_weight': 10}.
[I 2026-05-15 18:00:16,741] Trial 376 finished with values: [0.2509216643812166, 0.7556876032856268] and parameters: {'n_estimators': 54, 'learning_rate': 0.05838706626832953, 'subsample': 0.8654007076432223, 'colsample_bytree': 0.6020246335384875, 'min_child_weight': 7}.
/home/mklemmingen/PycharmProjects/migraine-forecasting-shd/.venv/lib/python3.13/site-packages/sklearn/linear_model/_sag.py:348: ConvergenceWarning: The max_iter was reached which means the coef_ did not converge
  warnings.warn(
[I 2026-05-15 18:00:17,221] Trial 377 finished with values: [0.2576157432089465, 0.5823826127840247] and parameters: {'n_estimators': 66, 'learning_rate': 0.01610352961694889, 'subsample': 0.900949811775072, 'colsample_bytree': 0.7465447373174767, 'min_child_weight': 1}.
/home/mklemmingen/PycharmProjects/migraine-forecasting-shd/.venv/lib/python3.13/site-packages/sklearn/linear_model/_sag.py:348: ConvergenceWarning: The max_iter was reached which means the coef_ did not converge
  warnings.warn(
[I 2026-05-15 18:00:17,719] Trial 378 finished with values: [0.28697284062989514, 0.6271129823598437] and parameters: {'n_estimators': 66, 'learning_rate': 0.01471005003927122, 'subsample': 0.6313825525369063, 'colsample_bytree': 0.7586171129285081, 'min_child_weight': 1}.
/home/mklemmingen/PycharmProjects/migraine-forecasting-shd/.venv/lib/python3.13/site-packages/sklearn/linear_model/_sag.py:348: ConvergenceWarning: The max_iter was reached which means the coef_ did not converge
  warnings.warn(
[I 2026-05-15 18:00:18,189] Trial 379 finished with values: [0.2543302199279582, 0.6174362142085974] and parameters: {'n_estimators': 66, 'learning_rate': 0.01471005003927122, 'subsample': 0.900949811775072, 'colsample_bytree': 0.7465447373174767, 'min_child_weight': 1}.
