[I 2026-05-15 18:00:47,141] Trial 433 finished with values: [0.24183517508957603, 0.6118256636730951] and parameters: {'n_estimators': 54, 'learning_rate': 0.04580177581204563, 'subsample': 0.7544410551203097, 'colsample_bytree': 0.9844762255295657, 'min_child_weight': 10}.
[I 2026-05-15 18:00:47,713] Trial 434 finished with values: [0.25594142275473303, 0.6099961822913536] and parameters: {'n_estimators': 54, 'learning_rate': 0.029385442161128397, 'subsample': 0.8130469065820093, 'colsample_bytree': 0.9844762255295657, 'min_child_weight': 10}.
[I 2026-05-15 18:00:48,330] Trial 435 finished with values: [0.2531666575765212, 0.6085559452828637] and parameters: {'n_estimators': 120, 'learning_rate': 0.01471005003927122, 'subsample': 0.6313825525369063, 'colsample_bytree': 0.9637281608315128, 'min_child_weight': 8}.
/home/mklemmingen/PycharmProjects/migraine-forecasting-shd/.venv/lib/python3.13/site-packages/sklearn/linear_model/_sag.py:348: ConvergenceWarning: The max_iter was reached which means the coef_ did not converge
  warnings.warn(
[I 2026-05-15 18:00:48,892] Trial 436 finished with values: [0.22124028181978433, 0.5883848616294612] and parameters: {'n_estimators': 54, 'learning_rate': 0.01610352961694889, 'subsample': 0.6048617898759265, 'colsample_bytree': 0.6969882014538918, 'min_child_weight': 10}.
[I 2026-05-15 18:00:49,489] Trial 437 finished with values: [0.21619866158625412, 1.1195432035899184] and parameters: {'n_estimators': 171, 'learning_rate': 0.03608232021681191, 'subsample': 0.9208787923016158, 'colsample_bytree': 0.8598531596188859, 'min_child_weight': 1}.
/home/mklemmingen/PycharmProjects/migraine-forecasting-shd/.venv/lib/python3.13/site-packages/sklearn/linear_model/_sag.py:348: ConvergenceWarning: The max_iter was reached which means the coef_ did not converge
  warnings.warn(
[I 2026-05-15 18:00:49,990] Trial 438 finished with values: [0.2500097061847336, 0.630047087407734] and parameters: {'n_estimators': 66, 'learning_rate': 0.01471005003927122, 'subsample': 0.9718790609370292, 'colsample_bytree': 0.9020549022694476, 'min_child_weight': 1}.
/home/mklemmingen/PycharmProjects/migraine-forecasting-shd/.venv/lib/python3.13/site-packages/sklearn/linear_model/_sag.py:348: ConvergenceWarning: The max_iter was reached which means the coef_ did not converge
  warnings.warn(
[I 2026-05-15 18:00:50,572] Trial 439 finished with values: [0.23131115406547717, 0.6255303467680247] and parameters: {'n_estimators': 66, 'learning_rate': 0.01610352961694889, 'subsample': 0.9718790609370292, 'colsample_bytree': 0.8598531596188859, 'min_child_weight': 10}.
[I 2026-05-15 18:00:51,126] Trial 440 finished with values: [0.2531801973075181, 0.649251293822552] and parameters: {'n_estimators': 195, 'learning_rate': 0.0178601378893971, 'subsample': 0.6845792027986178, 'colsample_bytree': 0.8598531596188859, 'min_child_weight': 8}.
/home/mklemmingen/PycharmProjects/migraine-forecasting-shd/.venv/lib/python3.13/site-packages/sklearn/linear_model/_sag.py:348: ConvergenceWarning: The max_iter was reached which means the coef_ did not converge
  warnings.warn(
[I 2026-05-15 18:00:51,613] Trial 441 finished with values: [0.24783885663011423, 0.6134851380335801] and parameters: {'n_estimators': 66, 'learning_rate': 0.01471005003927122, 'subsample': 0.900949811775072, 'colsample_bytree': 0.9166316174903394, 'min_child_weight': 4}.
/home/mklemmingen/PycharmProjects/migraine-forecasting-shd/.venv/lib/python3.13/site-packages/sklearn/linear_model/_sag.py:348: ConvergenceWarning: The max_iter was reached which means the coef_ did not converge
  warnings.warn(
[I 2026-05-15 18:00:52,218] Trial 442 finished with values: [0.2639054018262931, 0.728846838915338] and parameters: {'n_estimators': 54, 'learning_rate': 0.029385442161128397, 'subsample': 0.6115130705253355, 'colsample_bytree': 0.9020549022694476, 'min_child_weight': 1}.
[I 2026-05-15 18:00:52,688] Trial 443 finished with values: [0.249224752924174, 0.6395380325615481] and parameters: {'n_estimators': 120, 'learning_rate': 0.019462886350651437, 'subsample': 0.6137554084460873, 'colsample_bytree': 0.6512183355831089, 'min_child_weight': 8}.
[I 2026-05-15 18:00:53,183] Trial 444 finished with values: [0.2490818832690132, 0.6100288925197971] and parameters: {'n_estimators': 104, 'learning_rate': 0.01610352961694889, 'subsample': 0.956210912295958, 'colsample_bytree': 0.8598531596188859, 'min_child_weight': 9}.
[I 2026-05-15 18:00:53,710] Trial 445 finished with values: [0.2267051968461482, 0.8308453561898224] and parameters: {'n_estimators': 66, 'learning_rate': 0.07530226332540962, 'subsample': 0.8786948661456602, 'colsample_bytree': 0.8598531596188859, 'min_child_weight': 9}.
[I 2026-05-15 18:00:54,230] Trial 446 finished with values: [0.21711589132033354, 0.7943041121075387] and parameters: {'n_estimators': 66, 'learning_rate': 0.1007201745492095, 'subsample': 0.7498450458505885, 'colsample_bytree': 0.82272050498334, 'min_child_weight': 10}.
/home/mklemmingen/PycharmProjects/migraine-forecasting-shd/.venv/lib/python3.13/site-packages/sklearn/linear_model/_sag.py:348: ConvergenceWarning: The max_iter was reached which means the coef_ did not converge
  warnings.warn(
[I 2026-05-15 18:00:54,786] Trial 447 finished with values: [0.24805131270238726, 0.6625888177970889] and parameters: {'n_estimators': 66, 'learning_rate': 0.0178601378893971, 'subsample': 0.9002459006563434, 'colsample_bytree': 0.9156684954429353, 'min_child_weight': 8}.
[I 2026-05-15 18:00:55,336] Trial 448 finished with values: [0.2209965413590398, 0.697248891288438] and parameters: {'n_estimators': 66, 'learning_rate': 0.05448281849002502, 'subsample': 0.6347681152349695, 'colsample_bytree': 0.6205915004999957, 'min_child_weight': 10}.
/home/mklemmingen/PycharmProjects/migraine-forecasting-shd/.venv/lib/python3.13/site-packages/sklearn/linear_model/_sag.py:348: ConvergenceWarning: The max_iter was reached which means the coef_ did not converge
  warnings.warn(
[I 2026-05-15 18:00:55,840] Trial 449 finished with values: [0.28109467908666963, 0.5565325419196246] and parameters: {'n_estimators': 66, 'learning_rate': 0.01610352961694889, 'subsample': 0.6137554084460873, 'colsample_bytree': 0.8148426167274191, 'min_child_weight': 1}.
[I 2026-05-15 18:00:56,384] Trial 450 finished with values: [0.23904509488104195, 0.6820594399721932] and parameters: {'n_estimators': 66, 'learning_rate': 0.029385442161128397, 'subsample': 0.9002459006563434, 'colsample_bytree': 0.8598531596188859, 'min_child_weight': 8}.
/home/mklemmingen/PycharmProjects/migraine-forecasting-shd/.venv/lib/python3.13/site-packages/sklearn/linear_model/_sag.py:348: ConvergenceWarning: The max_iter was reached which means the coef_ did not converge
  warnings.warn(
[I 2026-05-15 18:00:56,970] Trial 451 finished with values: [0.2667196762248298, 0.6047671733469306] and parameters: {'n_estimators': 66, 'learning_rate': 0.01610352961694889, 'subsample': 0.6137554084460873, 'colsample_bytree': 0.8598531596188859, 'min_child_weight': 1}.
/home/mklemmingen/PycharmProjects/migraine-forecasting-shd/.venv/lib/python3.13/site-packages/sklearn/linear_model/_sag.py:348: ConvergenceWarning: The max_iter was reached which means the coef_ did not converge
  warnings.warn(
[I 2026-05-15 18:00:57,428] Trial 452 finished with values: [0.2789052227314691, 0.6194726785602298] and parameters: {'n_estimators': 66, 'learning_rate': 0.01610352961694889, 'subsample': 0.8073318609454947, 'colsample_bytree': 0.8347364472083516, 'min_child_weight': 1}.
/home/mklemmingen/PycharmProjects/migraine-forecasting-shd/.venv/lib/python3.13/site-packages/sklearn/linear_model/_sag.py:348: ConvergenceWarning: The max_iter was reached which means the coef_ did not converge
  warnings.warn(
[I 2026-05-15 18:00:57,906] Trial 453 finished with values: [0.2484020525480526, 0.6116096754954473] and parameters: {'n_estimators': 66, 'learning_rate': 0.0178601378893971, 'subsample': 0.8981757896737319, 'colsample_bytree': 0.8598531596188859, 'min_child_weight': 1}.
[I 2026-05-15 18:00:58,426] Trial 454 finished with values: [0.23181655023053085, 0.7000203295501801] and parameters: {'n_estimators': 66, 'learning_rate': 0.0434123694731224, 'subsample': 0.6510321211182255, 'colsample_bytree': 0.7135103623194898, 'min_child_weight': 4}.
/home/mklemmingen/PycharmProjects/migraine-forecasting-shd/.venv/lib/python3.13/site-packages/sklearn/linear_model/_sag.py:348: ConvergenceWarning: The max_iter was reached which means the coef_ did not converge
  warnings.warn(
[I 2026-05-15 18:00:58,956] Trial 455 finished with values: [0.23776431252714647, 0.6296795426274298] and parameters: {'n_estimators': 66, 'learning_rate': 0.01471005003927122, 'subsample': 0.9718790609370292, 'colsample_bytree': 0.7238110465145311, 'min_child_weight': 9}.
/home/mklemmingen/PycharmProjects/migraine-forecasting-shd/.venv/lib/python3.13/site-packages/sklearn/linear_model/_sag.py:348: ConvergenceWarning: The max_iter was reached which means the coef_ did not converge
  warnings.warn(
[I 2026-05-15 18:00:59,443] Trial 456 finished with values: [0.23966648523143932, 0.6226830611656158] and parameters: {'n_estimators': 66, 'learning_rate': 0.01610352961694889, 'subsample': 0.6137554084460873, 'colsample_bytree': 0.9799199653167696, 'min_child_weight': 8}.
/home/mklemmingen/PycharmProjects/migraine-forecasting-shd/.venv/lib/python3.13/site-packages/sklearn/linear_model/_sag.py:348: ConvergenceWarning: The max_iter was reached which means the coef_ did not converge
  warnings.warn(
[I 2026-05-15 18:00:59,919] Trial 457 finished with values: [0.25502482777323604, 0.5731295286519513] and parameters: {'n_estimators': 70, 'learning_rate': 0.017797595772834223, 'subsample': 0.8073318609454947, 'colsample_bytree': 0.8583668965326405, 'min_child_weight': 10}.
[I 2026-05-15 18:01:00,470] Trial 458 finished with values: [0.20970995607052706, 1.0236202857054] and parameters: {'n_estimators': 120, 'learning_rate': 0.06968010004656464, 'subsample': 0.6313825525369063, 'colsample_bytree': 0.7127419099093599, 'min_child_weight': 2}.
[I 2026-05-15 18:01:01,063] Trial 459 finished with values: [0.27308980866091204, 0.627348456534403] and parameters: {'n_estimators': 120, 'learning_rate': 0.0178601378893971, 'subsample': 0.6313825525369063, 'colsample_bytree': 0.7127419099093599, 'min_child_weight': 3}.
[I 2026-05-15 18:01:01,667] Trial 460 finished with values: [0.25842487174567497, 0.6581621261614338] and parameters: {'n_estimators': 210, 'learning_rate': 0.01058040360169664, 'subsample': 0.7257423924305306, 'colsample_bytree': 0.9946060995171919, 'min_child_weight': 4}.
[I 2026-05-15 18:01:02,406] Trial 461 finished with values: [0.20650253122639492, 1.0474181107705758] and parameters: {'n_estimators': 323, 'learning_rate': 0.029385442161128397, 'subsample': 0.6948907166943978, 'colsample_bytree': 0.6407129890481614, 'min_child_weight': 2}.
/home/mklemmingen/PycharmProjects/migraine-forecasting-shd/.venv/lib/python3.13/site-packages/sklearn/linear_model/_sag.py:348: ConvergenceWarning: The max_iter was reached which means the coef_ did not converge
  warnings.warn(
[I 2026-05-15 18:01:02,864] Trial 462 finished with values: [0.2595159039014122, 0.6415644693584875] and parameters: {'n_estimators': 66, 'learning_rate': 0.01610352961694889, 'subsample': 0.6611436556737328, 'colsample_bytree': 0.7127419099093599, 'min_child_weight': 1}.
[I 2026-05-15 18:01:03,300] Trial 463 finished with values: [0.24460178837791252, 0.652465515512356] and parameters: {'n_estimators': 66, 'learning_rate': 0.029385442161128397, 'subsample': 0.7257423924305306, 'colsample_bytree': 0.7127419099093599, 'min_child_weight': 1}.
/home/mklemmingen/PycharmProjects/migraine-forecasting-shd/.venv/lib/python3.13/site-packages/sklearn/linear_model/_sag.py:348: ConvergenceWarning: The max_iter was reached which means the coef_ did not converge
  warnings.warn(
[I 2026-05-15 18:01:03,880] Trial 464 finished with values: [0.2628813364823438, 0.6326377325139368] and parameters: {'n_estimators': 70, 'learning_rate': 0.01471005003927122, 'subsample': 0.9718790609370292, 'colsample_bytree': 0.6983830913538033, 'min_child_weight': 7}.
[I 2026-05-15 18:01:04,484] Trial 465 finished with values: [0.2562571827720855, 0.6722111801040422] and parameters: {'n_estimators': 129, 'learning_rate': 0.017797595772834223, 'subsample': 0.6642725493038223, 'colsample_bytree': 0.6354810135028223, 'min_child_weight': 3}.
/home/mklemmingen/PycharmProjects/migraine-forecasting-shd/.venv/lib/python3.13/site-packages/sklearn/linear_model/_sag.py:348: ConvergenceWarning: The max_iter was reached which means the coef_ did not converge
  warnings.warn(
[I 2026-05-15 18:01:05,084] Trial 466 finished with values: [0.24132397728802896, 0.5920091916162924] and parameters: {'n_estimators': 66, 'learning_rate': 0.01610352961694889, 'subsample': 0.6137554084460873, 'colsample_bytree': 0.8148426167274191, 'min_child_weight': 2}.
/home/mklemmingen/PycharmProjects/migraine-forecasting-shd/.venv/lib/python3.13/site-packages/sklearn/linear_model/_sag.py:348: ConvergenceWarning: The max_iter was reached which means the coef_ did not converge
  warnings.warn(
[I 2026-05-15 18:01:05,574] Trial 467 finished with values: [0.24319497508393267, 0.5941901810081957] and parameters: {'n_estimators': 66, 'learning_rate': 0.01610352961694889, 'subsample': 0.900949811775072, 'colsample_bytree': 0.7465447373174767, 'min_child_weight': 3}.
/home/mklemmingen/PycharmProjects/migraine-forecasting-shd/.venv/lib/python3.13/site-packages/sklearn/linear_model/_sag.py:348: ConvergenceWarning: The max_iter was reached which means the coef_ did not converge
  warnings.warn(
[I 2026-05-15 18:01:06,047] Trial 468 finished with values: [0.2669265884291452, 0.6400726321354396] and parameters: {'n_estimators': 66, 'learning_rate': 0.018034072970800914, 'subsample': 0.6334002866794675, 'colsample_bytree': 0.8034282764658811, 'min_child_weight': 3}.
/home/mklemmingen/PycharmProjects/migraine-forecasting-shd/.venv/lib/python3.13/site-packages/sklearn/linear_model/_sag.py:348: ConvergenceWarning: The max_iter was reached which means the coef_ did not converge
  warnings.warn(
[I 2026-05-15 18:01:06,558] Trial 469 finished with values: [0.25503574499318116, 0.581980035992383] and parameters: {'n_estimators': 70, 'learning_rate': 0.017797595772834223, 'subsample': 0.682533487362317, 'colsample_bytree': 0.9587061698505701, 'min_child_weight': 10}.
/home/mklemmingen/PycharmProjects/migraine-forecasting-shd/.venv/lib/python3.13/site-packages/sklearn/linear_model/_sag.py:348: ConvergenceWarning: The max_iter was reached which means the coef_ did not converge
  warnings.warn(
[I 2026-05-15 18:01:07,058] Trial 470 finished with values: [0.22710057537436645, 0.6126533748085349] and parameters: {'n_estimators': 54, 'learning_rate': 0.013137567821944727, 'subsample': 0.616291520927588, 'colsample_bytree': 0.7465447373174767, 'min_child_weight': 10}.
/home/mklemmingen/PycharmProjects/migraine-forecasting-shd/.venv/lib/python3.13/site-packages/sklearn/linear_model/_sag.py:348: ConvergenceWarning: The max_iter was reached which means the coef_ did not converge
  warnings.warn(
[I 2026-05-15 18:01:07,554] Trial 471 finished with values: [0.2675243521556238, 0.6398912673595136] and parameters: {'n_estimators': 66, 'learning_rate': 0.0178601378893971, 'subsample': 0.6313825525369063, 'colsample_bytree': 0.8215417137605283, 'min_child_weight': 1}.
[I 2026-05-15 18:01:08,149] Trial 472 finished with values: [0.2256918078681624, 0.8816466092909421] and parameters: {'n_estimators': 286, 'learning_rate': 0.01471005003927122, 'subsample': 0.8786948661456602, 'colsample_bytree': 0.6512183355831089, 'min_child_weight': 2}.
[I 2026-05-15 18:01:08,593] Trial 473 finished with values: [0.2362021072685485, 0.6539069792527439] and parameters: {'n_estimators': 66, 'learning_rate': 0.040383678523437626, 'subsample': 0.6769156075234684, 'colsample_bytree': 0.8215417137605283, 'min_child_weight': 1}.
[I 2026-05-15 18:01:09,060] Trial 474 finished with values: [0.19833842104670915, 2.614048973046253] and parameters: {'n_estimators': 66, 'learning_rate': 0.28254806356395257, 'subsample': 0.9798082494630569, 'colsample_bytree': 0.9844762255295657, 'min_child_weight': 1}.
/home/mklemmingen/PycharmProjects/migraine-forecasting-shd/.venv/lib/python3.13/site-packages/sklearn/linear_model/_sag.py:348: ConvergenceWarning: The max_iter was reached which means the coef_ did not converge
  warnings.warn(
[I 2026-05-15 18:01:09,544] Trial 475 finished with values: [0.23391064885739055, 0.6211649906357269] and parameters: {'n_estimators': 64, 'learning_rate': 0.01463844831776675, 'subsample': 0.7257423924305306, 'colsample_bytree': 0.8598531596188859, 'min_child_weight': 4}.
[I 2026-05-15 18:01:10,146] Trial 476 finished with values: [0.23376188970281842, 0.6604141831710768] and parameters: {'n_estimators': 120, 'learning_rate': 0.01610352961694889, 'subsample': 0.9208787923016158, 'colsample_bytree': 0.8598531596188859, 'min_child_weight': 4}.
/home/mklemmingen/PycharmProjects/migraine-forecasting-shd/.venv/lib/python3.13/site-packages/sklearn/linear_model/_sag.py:348: ConvergenceWarning: The max_iter was reached which means the coef_ did not converge
  warnings.warn(
[I 2026-05-15 18:01:10,659] Trial 477 finished with values: [0.280400292014951, 0.6487209272441745] and parameters: {'n_estimators': 66, 'learning_rate': 0.0178601378893971, 'subsample': 0.6313825525369063, 'colsample_bytree': 0.8598531596188859, 'min_child_weight': 1}.
/home/mklemmingen/PycharmProjects/migraine-forecasting-shd/.venv/lib/python3.13/site-packages/sklearn/linear_model/_sag.py:348: ConvergenceWarning: The max_iter was reached which means the coef_ did not converge
  warnings.warn(
[I 2026-05-15 18:01:11,160] Trial 478 finished with values: [0.2832782940656903, 0.6803912350322218] and parameters: {'n_estimators': 54, 'learning_rate': 0.011693687409928539, 'subsample': 0.616291520927588, 'colsample_bytree': 0.7465447373174767, 'min_child_weight': 1}.
/home/mklemmingen/PycharmProjects/migraine-forecasting-shd/.venv/lib/python3.13/site-packages/sklearn/linear_model/_sag.py:348: ConvergenceWarning: The max_iter was reached which means the coef_ did not converge
  warnings.warn(
[I 2026-05-15 18:01:11,643] Trial 479 finished with values: [0.29126794005848994, 0.6336653780190902] and parameters: {'n_estimators': 66, 'learning_rate': 0.01167158438611932, 'subsample': 0.8073318609454947, 'colsample_bytree': 0.9877881733101476, 'min_child_weight': 4}.
[I 2026-05-15 18:01:12,079] Trial 480 finished with values: [0.233890740006475, 1.0195391653770645] and parameters: {'n_estimators': 66, 'learning_rate': 0.18987114604724706, 'subsample': 0.6313825525369063, 'colsample_bytree': 0.8598531596188859, 'min_child_weight': 2}.
[I 2026-05-15 18:01:12,943] Trial 481 finished with values: [0.20413634828084573, 0.9570669033652003] and parameters: {'n_estimators': 418, 'learning_rate': 0.012184186502221764, 'subsample': 0.8012545034320351, 'colsample_bytree': 0.8598531596188859, 'min_child_weight': 3}.
/home/mklemmingen/PycharmProjects/migraine-forecasting-shd/.venv/lib/python3.13/site-packages/sklearn/linear_model/_sag.py:348: ConvergenceWarning: The max_iter was reached which means the coef_ did not converge
  warnings.warn(
[I 2026-05-15 18:01:13,430] Trial 482 finished with values: [0.24876573765470203, 0.6393632731179915] and parameters: {'n_estimators': 54, 'learning_rate': 0.01471005003927122, 'subsample': 0.7257423924305306, 'colsample_bytree': 0.6601667564414112, 'min_child_weight': 1}.
/home/mklemmingen/PycharmProjects/migraine-forecasting-shd/.venv/lib/python3.13/site-packages/sklearn/linear_model/_sag.py:348: ConvergenceWarning: The max_iter was reached which means the coef_ did not converge
  warnings.warn(
[I 2026-05-15 18:01:13,923] Trial 483 finished with values: [0.23043358318612572, 0.5864893338791505] and parameters: {'n_estimators': 66, 'learning_rate': 0.0212853192163843, 'subsample': 0.6683550349560263, 'colsample_bytree': 0.8598531596188859, 'min_child_weight': 10}.
/home/mklemmingen/PycharmProjects/migraine-forecasting-shd/.venv/lib/python3.13/site-packages/sklearn/linear_model/_sag.py:348: ConvergenceWarning: The max_iter was reached which means the coef_ did not converge
  warnings.warn(
[I 2026-05-15 18:01:14,492] Trial 484 finished with values: [0.22608662242218996, 0.6000460145517147] and parameters: {'n_estimators': 66, 'learning_rate': 0.01471005003927122, 'subsample': 0.9290148971692676, 'colsample_bytree': 0.8674572879697724, 'min_child_weight': 10}.
/home/mklemmingen/PycharmProjects/migraine-forecasting-shd/.venv/lib/python3.13/site-packages/sklearn/linear_model/_sag.py:348: ConvergenceWarning: The max_iter was reached which means the coef_ did not converge
  warnings.warn(
[I 2026-05-15 18:01:14,958] Trial 485 finished with values: [0.23074260690837148, 0.6076817954072017] and parameters: {'n_estimators': 66, 'learning_rate': 0.01610352961694889, 'subsample': 0.9208787923016158, 'colsample_bytree': 0.8227051572055719, 'min_child_weight': 10}.
/home/mklemmingen/PycharmProjects/migraine-forecasting-shd/.venv/lib/python3.13/site-packages/sklearn/linear_model/_sag.py:348: ConvergenceWarning: The max_iter was reached which means the coef_ did not converge
  warnings.warn(
[I 2026-05-15 18:01:15,533] Trial 486 finished with values: [0.2552960799694798, 0.5600716438881624] and parameters: {'n_estimators': 66, 'learning_rate': 0.017797595772834223, 'subsample': 0.8073318609454947, 'colsample_bytree': 0.82272050498334, 'min_child_weight': 9}.
/home/mklemmingen/PycharmProjects/migraine-forecasting-shd/.venv/lib/python3.13/site-packages/sklearn/linear_model/_sag.py:348: ConvergenceWarning: The max_iter was reached which means the coef_ did not converge
  warnings.warn(
