[I 2026-05-15 18:00:18,933] Trial 380 finished with values: [0.17321717406810064, 1.6813032844648288] and parameters: {'n_estimators': 330, 'learning_rate': 0.1878519741643379, 'subsample': 0.7257423924305306, 'colsample_bytree': 0.8034282764658811, 'min_child_weight': 3}.
/home/mklemmingen/PycharmProjects/migraine-forecasting-shd/.venv/lib/python3.13/site-packages/sklearn/linear_model/_sag.py:348: ConvergenceWarning: The max_iter was reached which means the coef_ did not converge
  warnings.warn(
[I 2026-05-15 18:00:19,429] Trial 381 finished with values: [0.22318634782364163, 0.5882137095377311] and parameters: {'n_estimators': 70, 'learning_rate': 0.01607123851203988, 'subsample': 0.7168578594140873, 'colsample_bytree': 0.7350460685614512, 'min_child_weight': 9}.
/home/mklemmingen/PycharmProjects/migraine-forecasting-shd/.venv/lib/python3.13/site-packages/sklearn/linear_model/_sag.py:348: ConvergenceWarning: The max_iter was reached which means the coef_ did not converge
  warnings.warn(
[I 2026-05-15 18:00:19,941] Trial 382 finished with values: [0.2774085591233301, 0.6515297865963394] and parameters: {'n_estimators': 66, 'learning_rate': 0.01610352961694889, 'subsample': 0.9798082494630569, 'colsample_bytree': 0.8598531596188859, 'min_child_weight': 2}.
[I 2026-05-15 18:00:20,503] Trial 383 finished with values: [0.19452441950789506, 1.0683096053627468] and parameters: {'n_estimators': 54, 'learning_rate': 0.23371267997797157, 'subsample': 0.7968465172318153, 'colsample_bytree': 0.7032977553195834, 'min_child_weight': 10}.
/home/mklemmingen/PycharmProjects/migraine-forecasting-shd/.venv/lib/python3.13/site-packages/sklearn/linear_model/_sag.py:348: ConvergenceWarning: The max_iter was reached which means the coef_ did not converge
  warnings.warn(
[I 2026-05-15 18:00:21,028] Trial 384 finished with values: [0.280400292014951, 0.6487209272441745] and parameters: {'n_estimators': 66, 'learning_rate': 0.0178601378893971, 'subsample': 0.6313825525369063, 'colsample_bytree': 0.8598531596188859, 'min_child_weight': 1}.
[I 2026-05-15 18:00:21,573] Trial 385 finished with values: [0.23372382333292402, 0.7308500102951017] and parameters: {'n_estimators': 66, 'learning_rate': 0.04766495467029922, 'subsample': 0.9208787923016158, 'colsample_bytree': 0.6027808522124762, 'min_child_weight': 10}.
/home/mklemmingen/PycharmProjects/migraine-forecasting-shd/.venv/lib/python3.13/site-packages/sklearn/linear_model/_sag.py:348: ConvergenceWarning: The max_iter was reached which means the coef_ did not converge
  warnings.warn(
[I 2026-05-15 18:00:22,055] Trial 386 finished with values: [0.2512183585433752, 0.5588378564878578] and parameters: {'n_estimators': 70, 'learning_rate': 0.017797595772834223, 'subsample': 0.8073318609454947, 'colsample_bytree': 0.82272050498334, 'min_child_weight': 10}.
/home/mklemmingen/PycharmProjects/migraine-forecasting-shd/.venv/lib/python3.13/site-packages/sklearn/linear_model/_sag.py:348: ConvergenceWarning: The max_iter was reached which means the coef_ did not converge
  warnings.warn(
[I 2026-05-15 18:00:22,546] Trial 387 finished with values: [0.23016587212438622, 0.6366788030477502] and parameters: {'n_estimators': 66, 'learning_rate': 0.012113606011086922, 'subsample': 0.6334002866794675, 'colsample_bytree': 0.8598531596188859, 'min_child_weight': 10}.
[I 2026-05-15 18:00:23,090] Trial 388 finished with values: [0.2384280253951808, 0.6508105243796318] and parameters: {'n_estimators': 54, 'learning_rate': 0.029385442161128397, 'subsample': 0.7970472375971478, 'colsample_bytree': 0.6601667564414112, 'min_child_weight': 2}.
/home/mklemmingen/PycharmProjects/migraine-forecasting-shd/.venv/lib/python3.13/site-packages/sklearn/linear_model/_sag.py:348: ConvergenceWarning: The max_iter was reached which means the coef_ did not converge
  warnings.warn(
[I 2026-05-15 18:00:23,676] Trial 389 finished with values: [0.22562894134176595, 0.6578244207319915] and parameters: {'n_estimators': 66, 'learning_rate': 0.01471005003927122, 'subsample': 0.6313825525369063, 'colsample_bytree': 0.6027808522124762, 'min_child_weight': 10}.
[I 2026-05-15 18:00:24,180] Trial 390 finished with values: [0.21318142458006087, 0.8135398834110468] and parameters: {'n_estimators': 120, 'learning_rate': 0.030591867605824115, 'subsample': 0.6137554084460873, 'colsample_bytree': 0.9637281608315128, 'min_child_weight': 2}.
/home/mklemmingen/PycharmProjects/migraine-forecasting-shd/.venv/lib/python3.13/site-packages/sklearn/linear_model/_sag.py:348: ConvergenceWarning: The max_iter was reached which means the coef_ did not converge
  warnings.warn(
[I 2026-05-15 18:00:24,680] Trial 391 finished with values: [0.25696013844669957, 0.6439527635593502] and parameters: {'n_estimators': 66, 'learning_rate': 0.01610352961694889, 'subsample': 0.6334002866794675, 'colsample_bytree': 0.8598531596188859, 'min_child_weight': 7}.
/home/mklemmingen/PycharmProjects/migraine-forecasting-shd/.venv/lib/python3.13/site-packages/sklearn/linear_model/_sag.py:348: ConvergenceWarning: The max_iter was reached which means the coef_ did not converge
  warnings.warn(
[I 2026-05-15 18:00:25,261] Trial 392 finished with values: [0.2621564613791799, 0.6064912328749108] and parameters: {'n_estimators': 66, 'learning_rate': 0.01702458290769914, 'subsample': 0.6960582475112772, 'colsample_bytree': 0.6303453312434656, 'min_child_weight': 1}.
[I 2026-05-15 18:00:25,759] Trial 393 finished with values: [0.27358601023866236, 0.6075065192037569] and parameters: {'n_estimators': 108, 'learning_rate': 0.019462886350651437, 'subsample': 0.8786948661456602, 'colsample_bytree': 0.6512183355831089, 'min_child_weight': 2}.
[I 2026-05-15 18:00:26,229] Trial 394 finished with values: [0.24504496320339225, 0.7626393058700452] and parameters: {'n_estimators': 120, 'learning_rate': 0.029385442161128397, 'subsample': 0.9464704583099741, 'colsample_bytree': 0.6601667564414112, 'min_child_weight': 8}.
[I 2026-05-15 18:00:26,724] Trial 395 finished with values: [0.2642944175448868, 0.6246190900637508] and parameters: {'n_estimators': 112, 'learning_rate': 0.01610352961694889, 'subsample': 0.8563498979212858, 'colsample_bytree': 0.8215417137605283, 'min_child_weight': 2}.
[I 2026-05-15 18:00:27,255] Trial 396 finished with values: [0.25105036796063385, 0.7599406625645486] and parameters: {'n_estimators': 66, 'learning_rate': 0.03240354245852974, 'subsample': 0.6313825525369063, 'colsample_bytree': 0.9587153639624048, 'min_child_weight': 1}.
/home/mklemmingen/PycharmProjects/migraine-forecasting-shd/.venv/lib/python3.13/site-packages/sklearn/linear_model/_sag.py:348: ConvergenceWarning: The max_iter was reached which means the coef_ did not converge
  warnings.warn(
[I 2026-05-15 18:00:27,704] Trial 397 finished with values: [0.24735175258857095, 0.6426554726978569] and parameters: {'n_estimators': 54, 'learning_rate': 0.025985724173338116, 'subsample': 0.7895846561051489, 'colsample_bytree': 0.858188918362867, 'min_child_weight': 10}.
/home/mklemmingen/PycharmProjects/migraine-forecasting-shd/.venv/lib/python3.13/site-packages/sklearn/linear_model/_sag.py:348: ConvergenceWarning: The max_iter was reached which means the coef_ did not converge
  warnings.warn(
[I 2026-05-15 18:00:28,293] Trial 398 finished with values: [0.26585452784877395, 0.6241301742738822] and parameters: {'n_estimators': 70, 'learning_rate': 0.01471005003927122, 'subsample': 0.9718790609370292, 'colsample_bytree': 0.7413408912104211, 'min_child_weight': 7}.
/home/mklemmingen/PycharmProjects/migraine-forecasting-shd/.venv/lib/python3.13/site-packages/sklearn/linear_model/_sag.py:348: ConvergenceWarning: The max_iter was reached which means the coef_ did not converge
  warnings.warn(
[I 2026-05-15 18:00:28,899] Trial 399 finished with values: [0.27385213138752923, 0.649738781821417] and parameters: {'n_estimators': 66, 'learning_rate': 0.019462886350651437, 'subsample': 0.6313825525369063, 'colsample_bytree': 0.6020246335384875, 'min_child_weight': 1}.
/home/mklemmingen/PycharmProjects/migraine-forecasting-shd/.venv/lib/python3.13/site-packages/sklearn/linear_model/_sag.py:348: ConvergenceWarning: The max_iter was reached which means the coef_ did not converge
  warnings.warn(
[I 2026-05-15 18:00:29,477] Trial 400 finished with values: [0.28226352747885236, 0.574162686378758] and parameters: {'n_estimators': 54, 'learning_rate': 0.017969555911761862, 'subsample': 0.6769156075234684, 'colsample_bytree': 0.8034282764658811, 'min_child_weight': 1}.
/home/mklemmingen/PycharmProjects/migraine-forecasting-shd/.venv/lib/python3.13/site-packages/sklearn/linear_model/_sag.py:348: ConvergenceWarning: The max_iter was reached which means the coef_ did not converge
  warnings.warn(
[I 2026-05-15 18:00:29,948] Trial 401 finished with values: [0.2710931055607344, 0.6911907791068138] and parameters: {'n_estimators': 70, 'learning_rate': 0.017797595772834223, 'subsample': 0.6163474465065916, 'colsample_bytree': 0.6303453312434656, 'min_child_weight': 1}.
[I 2026-05-15 18:00:30,513] Trial 402 finished with values: [0.28187942047474385, 0.684255640793839] and parameters: {'n_estimators': 120, 'learning_rate': 0.0178601378893971, 'subsample': 0.6313825525369063, 'colsample_bytree': 0.6675740252288658, 'min_child_weight': 3}.
/home/mklemmingen/PycharmProjects/migraine-forecasting-shd/.venv/lib/python3.13/site-packages/sklearn/linear_model/_sag.py:348: ConvergenceWarning: The max_iter was reached which means the coef_ did not converge
  warnings.warn(
[I 2026-05-15 18:00:30,984] Trial 403 finished with values: [0.26437818098519983, 0.5964890627688437] and parameters: {'n_estimators': 54, 'learning_rate': 0.01471005003927122, 'subsample': 0.7544410551203097, 'colsample_bytree': 0.9760920965699831, 'min_child_weight': 10}.
[I 2026-05-15 18:00:31,456] Trial 404 finished with values: [0.27662988638531943, 0.5958369464188553] and parameters: {'n_estimators': 129, 'learning_rate': 0.017797595772834223, 'subsample': 0.8654007076432223, 'colsample_bytree': 0.6354810135028223, 'min_child_weight': 10}.
/home/mklemmingen/PycharmProjects/migraine-forecasting-shd/.venv/lib/python3.13/site-packages/sklearn/linear_model/_sag.py:348: ConvergenceWarning: The max_iter was reached which means the coef_ did not converge
  warnings.warn(
[I 2026-05-15 18:00:32,019] Trial 405 finished with values: [0.22407017209531616, 0.6352739531678031] and parameters: {'n_estimators': 54, 'learning_rate': 0.01702458290769914, 'subsample': 0.6482543484402403, 'colsample_bytree': 0.8034282764658811, 'min_child_weight': 5}.
/home/mklemmingen/PycharmProjects/migraine-forecasting-shd/.venv/lib/python3.13/site-packages/sklearn/linear_model/_sag.py:348: ConvergenceWarning: The max_iter was reached which means the coef_ did not converge
  warnings.warn(
[I 2026-05-15 18:00:32,634] Trial 406 finished with values: [0.23654584600612355, 0.5649422087173577] and parameters: {'n_estimators': 66, 'learning_rate': 0.01058040360169664, 'subsample': 0.682533487362317, 'colsample_bytree': 0.7727780074568463, 'min_child_weight': 4}.
[I 2026-05-15 18:00:33,229] Trial 407 finished with values: [0.22499123284919972, 0.7723058846087939] and parameters: {'n_estimators': 214, 'learning_rate': 0.01471005003927122, 'subsample': 0.900949811775072, 'colsample_bytree': 0.9166316174903394, 'min_child_weight': 1}.
[I 2026-05-15 18:00:33,793] Trial 408 finished with values: [0.28915493776579854, 0.5989833600737862] and parameters: {'n_estimators': 120, 'learning_rate': 0.015516155285628185, 'subsample': 0.7168578594140873, 'colsample_bytree': 0.7127419099093599, 'min_child_weight': 1}.
/home/mklemmingen/PycharmProjects/migraine-forecasting-shd/.venv/lib/python3.13/site-packages/sklearn/linear_model/_sag.py:348: ConvergenceWarning: The max_iter was reached which means the coef_ did not converge
  warnings.warn(
[I 2026-05-15 18:00:34,291] Trial 409 finished with values: [0.2742704090834148, 0.6595917858103689] and parameters: {'n_estimators': 66, 'learning_rate': 0.01610352961694889, 'subsample': 0.8013669083419428, 'colsample_bytree': 0.876157931451746, 'min_child_weight': 2}.
[I 2026-05-15 18:00:34,848] Trial 410 finished with values: [0.2535158992868453, 0.7032679538266657] and parameters: {'n_estimators': 67, 'learning_rate': 0.15164430026640188, 'subsample': 0.6048617898759265, 'colsample_bytree': 0.8598531596188859, 'min_child_weight': 7}.
/home/mklemmingen/PycharmProjects/migraine-forecasting-shd/.venv/lib/python3.13/site-packages/sklearn/linear_model/_sag.py:348: ConvergenceWarning: The max_iter was reached which means the coef_ did not converge
  warnings.warn(
[I 2026-05-15 18:00:35,503] Trial 411 finished with values: [0.27585486290804534, 0.6233354055408713] and parameters: {'n_estimators': 86, 'learning_rate': 0.0178601378893971, 'subsample': 0.6313825525369063, 'colsample_bytree': 0.8598531596188859, 'min_child_weight': 1}.
/home/mklemmingen/PycharmProjects/migraine-forecasting-shd/.venv/lib/python3.13/site-packages/sklearn/linear_model/_sag.py:348: ConvergenceWarning: The max_iter was reached which means the coef_ did not converge
  warnings.warn(
[I 2026-05-15 18:00:35,999] Trial 412 finished with values: [0.22151473306484384, 0.5961502912506568] and parameters: {'n_estimators': 54, 'learning_rate': 0.012184186502221764, 'subsample': 0.616291520927588, 'colsample_bytree': 0.9494314496427109, 'min_child_weight': 1}.
/home/mklemmingen/PycharmProjects/migraine-forecasting-shd/.venv/lib/python3.13/site-packages/sklearn/linear_model/_sag.py:348: ConvergenceWarning: The max_iter was reached which means the coef_ did not converge
  warnings.warn(
[I 2026-05-15 18:00:36,476] Trial 413 finished with values: [0.2477844964544233, 0.6193569349324675] and parameters: {'n_estimators': 54, 'learning_rate': 0.0212853192163843, 'subsample': 0.9683489602127253, 'colsample_bytree': 0.8215417137605283, 'min_child_weight': 9}.
[I 2026-05-15 18:00:37,061] Trial 414 finished with values: [0.27008495680849365, 0.6243316751046569] and parameters: {'n_estimators': 120, 'learning_rate': 0.0178601378893971, 'subsample': 0.6244311839419455, 'colsample_bytree': 0.7127419099093599, 'min_child_weight': 3}.
/home/mklemmingen/PycharmProjects/migraine-forecasting-shd/.venv/lib/python3.13/site-packages/sklearn/linear_model/_sag.py:348: ConvergenceWarning: The max_iter was reached which means the coef_ did not converge
  warnings.warn(
[I 2026-05-15 18:00:37,651] Trial 415 finished with values: [0.24188536440210337, 0.5901351841311395] and parameters: {'n_estimators': 66, 'learning_rate': 0.01610352961694889, 'subsample': 0.6048617898759265, 'colsample_bytree': 0.8598531596188859, 'min_child_weight': 9}.
[I 2026-05-15 18:00:38,451] Trial 416 finished with values: [0.24152451535403455, 0.8975417497458154] and parameters: {'n_estimators': 413, 'learning_rate': 0.0178601378893971, 'subsample': 0.8654007076432223, 'colsample_bytree': 0.8993038761534633, 'min_child_weight': 10}.
/home/mklemmingen/PycharmProjects/migraine-forecasting-shd/.venv/lib/python3.13/site-packages/sklearn/linear_model/_sag.py:348: ConvergenceWarning: The max_iter was reached which means the coef_ did not converge
  warnings.warn(
[I 2026-05-15 18:00:39,066] Trial 417 finished with values: [0.22857403569247392, 0.5822669692226824] and parameters: {'n_estimators': 66, 'learning_rate': 0.01610352961694889, 'subsample': 0.8073318609454947, 'colsample_bytree': 0.8598531596188859, 'min_child_weight': 9}.
/home/mklemmingen/PycharmProjects/migraine-forecasting-shd/.venv/lib/python3.13/site-packages/sklearn/linear_model/_sag.py:348: ConvergenceWarning: The max_iter was reached which means the coef_ did not converge
  warnings.warn(
[I 2026-05-15 18:00:39,550] Trial 418 finished with values: [0.22128280101997092, 0.5792872407590306] and parameters: {'n_estimators': 54, 'learning_rate': 0.018730954962803806, 'subsample': 0.8786948661456602, 'colsample_bytree': 0.6020246335384875, 'min_child_weight': 10}.
/home/mklemmingen/PycharmProjects/migraine-forecasting-shd/.venv/lib/python3.13/site-packages/sklearn/linear_model/_sag.py:348: ConvergenceWarning: The max_iter was reached which means the coef_ did not converge
  warnings.warn(
[I 2026-05-15 18:00:40,116] Trial 419 finished with values: [0.24231512678858147, 0.6173219947128844] and parameters: {'n_estimators': 54, 'learning_rate': 0.01607123851203988, 'subsample': 0.7257423924305306, 'colsample_bytree': 0.6837397293346841, 'min_child_weight': 1}.
/home/mklemmingen/PycharmProjects/migraine-forecasting-shd/.venv/lib/python3.13/site-packages/sklearn/linear_model/_sag.py:348: ConvergenceWarning: The max_iter was reached which means the coef_ did not converge
  warnings.warn(
[I 2026-05-15 18:00:40,609] Trial 420 finished with values: [0.2574355091056872, 0.5927896061615134] and parameters: {'n_estimators': 66, 'learning_rate': 0.01610352961694889, 'subsample': 0.9290148971692676, 'colsample_bytree': 0.9799199653167696, 'min_child_weight': 1}.
/home/mklemmingen/PycharmProjects/migraine-forecasting-shd/.venv/lib/python3.13/site-packages/sklearn/linear_model/_sag.py:348: ConvergenceWarning: The max_iter was reached which means the coef_ did not converge
  warnings.warn(
[I 2026-05-15 18:00:41,086] Trial 421 finished with values: [0.26581607702127835, 0.6648857722362009] and parameters: {'n_estimators': 54, 'learning_rate': 0.019462886350651437, 'subsample': 0.616291520927588, 'colsample_bytree': 0.7481888411165528, 'min_child_weight': 1}.
[I 2026-05-15 18:00:41,690] Trial 422 finished with values: [0.180016626059679, 1.5838383709804655] and parameters: {'n_estimators': 268, 'learning_rate': 0.08189120541664517, 'subsample': 0.6334002866794675, 'colsample_bytree': 0.9799199653167696, 'min_child_weight': 1}.
/home/mklemmingen/PycharmProjects/migraine-forecasting-shd/.venv/lib/python3.13/site-packages/sklearn/linear_model/_sag.py:348: ConvergenceWarning: The max_iter was reached which means the coef_ did not converge
  warnings.warn(
[I 2026-05-15 18:00:42,176] Trial 423 finished with values: [0.24913073783817521, 0.6027042733613477] and parameters: {'n_estimators': 70, 'learning_rate': 0.015516155285628185, 'subsample': 0.9798082494630569, 'colsample_bytree': 0.6601667564414112, 'min_child_weight': 2}.
[I 2026-05-15 18:00:42,627] Trial 424 finished with values: [0.26506506427871596, 0.7172929496910145] and parameters: {'n_estimators': 66, 'learning_rate': 0.03506954878548353, 'subsample': 0.616291520927588, 'colsample_bytree': 0.6027808522124762, 'min_child_weight': 5}.
/home/mklemmingen/PycharmProjects/migraine-forecasting-shd/.venv/lib/python3.13/site-packages/sklearn/linear_model/_sag.py:348: ConvergenceWarning: The max_iter was reached which means the coef_ did not converge
  warnings.warn(
[I 2026-05-15 18:00:43,105] Trial 425 finished with values: [0.26431894915003684, 0.6333282041784777] and parameters: {'n_estimators': 66, 'learning_rate': 0.01610352961694889, 'subsample': 0.7168578594140873, 'colsample_bytree': 0.8598531596188859, 'min_child_weight': 1}.
/home/mklemmingen/PycharmProjects/migraine-forecasting-shd/.venv/lib/python3.13/site-packages/sklearn/linear_model/_sag.py:348: ConvergenceWarning: The max_iter was reached which means the coef_ did not converge
  warnings.warn(
[I 2026-05-15 18:00:43,584] Trial 426 finished with values: [0.2336193206460308, 0.5908940620832125] and parameters: {'n_estimators': 66, 'learning_rate': 0.017797595772834223, 'subsample': 0.9208787923016158, 'colsample_bytree': 0.82272050498334, 'min_child_weight': 10}.
/home/mklemmingen/PycharmProjects/migraine-forecasting-shd/.venv/lib/python3.13/site-packages/sklearn/linear_model/_sag.py:348: ConvergenceWarning: The max_iter was reached which means the coef_ did not converge
  warnings.warn(
[I 2026-05-15 18:00:44,063] Trial 427 finished with values: [0.25306466776700953, 0.6195870625810089] and parameters: {'n_estimators': 54, 'learning_rate': 0.01607123851203988, 'subsample': 0.7257423924305306, 'colsample_bytree': 0.8989883752535026, 'min_child_weight': 1}.
/home/mklemmingen/PycharmProjects/migraine-forecasting-shd/.venv/lib/python3.13/site-packages/sklearn/linear_model/_sag.py:348: ConvergenceWarning: The max_iter was reached which means the coef_ did not converge
  warnings.warn(
[I 2026-05-15 18:00:44,525] Trial 428 finished with values: [0.26860295407080775, 0.6487467324522465] and parameters: {'n_estimators': 54, 'learning_rate': 0.0178601378893971, 'subsample': 0.9718790609370292, 'colsample_bytree': 0.6146732811562391, 'min_child_weight': 5}.
[I 2026-05-15 18:00:44,957] Trial 429 finished with values: [0.259458683247699, 0.5916190805913295] and parameters: {'n_estimators': 66, 'learning_rate': 0.02359825968453427, 'subsample': 0.9798082494630569, 'colsample_bytree': 0.885339834353821, 'min_child_weight': 1}.
/home/mklemmingen/PycharmProjects/migraine-forecasting-shd/.venv/lib/python3.13/site-packages/sklearn/linear_model/_sag.py:348: ConvergenceWarning: The max_iter was reached which means the coef_ did not converge
  warnings.warn(
[I 2026-05-15 18:00:45,549] Trial 430 finished with values: [0.28427503476739313, 0.6330029689670013] and parameters: {'n_estimators': 66, 'learning_rate': 0.01702458290769914, 'subsample': 0.9580827350748797, 'colsample_bytree': 0.6303453312434656, 'min_child_weight': 6}.
[I 2026-05-15 18:00:46,172] Trial 431 finished with values: [0.22293217911550264, 0.7559800092117828] and parameters: {'n_estimators': 289, 'learning_rate': 0.014398128852644736, 'subsample': 0.7257423924305306, 'colsample_bytree': 0.6601667564414112, 'min_child_weight': 2}.
[I 2026-05-15 18:00:46,627] Trial 432 finished with values: [0.25092975991721495, 0.6307520561481075] and parameters: {'n_estimators': 54, 'learning_rate': 0.025985724173338116, 'subsample': 0.7257423924305306, 'colsample_bytree': 0.858188918362867, 'min_child_weight': 10}.
