[I 2026-05-15 17:59:17,189] Trial 268 finished with values: [0.24418293130336313, 0.634268512296202] and parameters: {'n_estimators': 64, 'learning_rate': 0.028145092716060652, 'subsample': 0.6479461469334731, 'colsample_bytree': 0.6905983100791752, 'min_child_weight': 7}.
[I 2026-05-15 17:59:17,645] Trial 269 finished with values: [0.21507522594391815, 0.8345780689932228] and parameters: {'n_estimators': 54, 'learning_rate': 0.053415464843459444, 'subsample': 0.7544410551203097, 'colsample_bytree': 0.9844762255295657, 'min_child_weight': 1}.
/home/mklemmingen/PycharmProjects/migraine-forecasting-shd/.venv/lib/python3.13/site-packages/sklearn/linear_model/_sag.py:348: ConvergenceWarning: The max_iter was reached which means the coef_ did not converge
  warnings.warn(
[I 2026-05-15 17:59:18,125] Trial 270 finished with values: [0.26437818098519983, 0.5964890627688437] and parameters: {'n_estimators': 54, 'learning_rate': 0.01471005003927122, 'subsample': 0.7544410551203097, 'colsample_bytree': 0.9760920965699831, 'min_child_weight': 10}.
[I 2026-05-15 17:59:18,658] Trial 271 finished with values: [0.2228265444418244, 0.7591216603289164] and parameters: {'n_estimators': 180, 'learning_rate': 0.029385442161128397, 'subsample': 0.8786948661456602, 'colsample_bytree': 0.7727780074568463, 'min_child_weight': 1}.
/home/mklemmingen/PycharmProjects/migraine-forecasting-shd/.venv/lib/python3.13/site-packages/sklearn/linear_model/_sag.py:348: ConvergenceWarning: The max_iter was reached which means the coef_ did not converge
  warnings.warn(
[I 2026-05-15 17:59:19,167] Trial 272 finished with values: [0.24771553375108962, 0.6270501161070215] and parameters: {'n_estimators': 64, 'learning_rate': 0.01610352961694889, 'subsample': 0.6313825525369063, 'colsample_bytree': 0.7350460685614512, 'min_child_weight': 9}.
[I 2026-05-15 17:59:19,705] Trial 273 finished with values: [0.22895925359140645, 0.6740298145121968] and parameters: {'n_estimators': 64, 'learning_rate': 0.049234393858490974, 'subsample': 0.6225213102727349, 'colsample_bytree': 0.6475271665072287, 'min_child_weight': 8}.
/home/mklemmingen/PycharmProjects/migraine-forecasting-shd/.venv/lib/python3.13/site-packages/sklearn/linear_model/_sag.py:348: ConvergenceWarning: The max_iter was reached which means the coef_ did not converge
  warnings.warn(
[I 2026-05-15 17:59:20,314] Trial 274 finished with values: [0.25871201931294074, 0.6080658004943749] and parameters: {'n_estimators': 66, 'learning_rate': 0.0212853192163843, 'subsample': 0.6470104987108419, 'colsample_bytree': 0.8404460046972835, 'min_child_weight': 7}.
[I 2026-05-15 17:59:21,109] Trial 275 finished with values: [0.2087933504730644, 0.7975501819048469] and parameters: {'n_estimators': 386, 'learning_rate': 0.012184186502221764, 'subsample': 0.8654007076432223, 'colsample_bytree': 0.8404460046972835, 'min_child_weight': 8}.
/home/mklemmingen/PycharmProjects/migraine-forecasting-shd/.venv/lib/python3.13/site-packages/sklearn/linear_model/_sag.py:348: ConvergenceWarning: The max_iter was reached which means the coef_ did not converge
  warnings.warn(
[I 2026-05-15 17:59:21,680] Trial 276 finished with values: [0.2348146184632894, 0.5853397765644944] and parameters: {'n_estimators': 66, 'learning_rate': 0.012184186502221764, 'subsample': 0.8012545034320351, 'colsample_bytree': 0.6027808522124762, 'min_child_weight': 10}.
[I 2026-05-15 17:59:22,198] Trial 277 finished with values: [0.21949111724137088, 0.6557508153765651] and parameters: {'n_estimators': 64, 'learning_rate': 0.05838706626832953, 'subsample': 0.8333475060388639, 'colsample_bytree': 0.7350460685614512, 'min_child_weight': 9}.
/home/mklemmingen/PycharmProjects/migraine-forecasting-shd/.venv/lib/python3.13/site-packages/sklearn/linear_model/_sag.py:348: ConvergenceWarning: The max_iter was reached which means the coef_ did not converge
  warnings.warn(
[I 2026-05-15 17:59:22,687] Trial 278 finished with values: [0.2534699023171288, 0.5951895960712967] and parameters: {'n_estimators': 66, 'learning_rate': 0.01610352961694889, 'subsample': 0.9718790609370292, 'colsample_bytree': 0.7465447373174767, 'min_child_weight': 10}.
[I 2026-05-15 17:59:23,191] Trial 279 finished with values: [0.24654833491303715, 0.622252913471051] and parameters: {'n_estimators': 120, 'learning_rate': 0.030245085073501415, 'subsample': 0.7499482318094817, 'colsample_bytree': 0.7142848345127443, 'min_child_weight': 2}.
/home/mklemmingen/PycharmProjects/migraine-forecasting-shd/.venv/lib/python3.13/site-packages/sklearn/linear_model/_sag.py:348: ConvergenceWarning: The max_iter was reached which means the coef_ did not converge
  warnings.warn(
[I 2026-05-15 17:59:23,596] Trial 280 finished with values: [0.2560909428048014, 0.6307753191185377] and parameters: {'n_estimators': 66, 'learning_rate': 0.012184186502221764, 'subsample': 0.9474396512757841, 'colsample_bytree': 0.7727780074568463, 'min_child_weight': 3}.
[I 2026-05-15 17:59:24,293] Trial 281 finished with values: [0.14810064443557946, 2.136702183287916] and parameters: {'n_estimators': 339, 'learning_rate': 0.26472593204036643, 'subsample': 0.6479461469334731, 'colsample_bytree': 0.7350460685614512, 'min_child_weight': 3}.
/home/mklemmingen/PycharmProjects/migraine-forecasting-shd/.venv/lib/python3.13/site-packages/sklearn/linear_model/_sag.py:348: ConvergenceWarning: The max_iter was reached which means the coef_ did not converge
  warnings.warn(
[I 2026-05-15 17:59:24,745] Trial 282 finished with values: [0.24188536440210337, 0.5901351841311395] and parameters: {'n_estimators': 66, 'learning_rate': 0.01610352961694889, 'subsample': 0.6048617898759265, 'colsample_bytree': 0.8598531596188859, 'min_child_weight': 9}.
[I 2026-05-15 17:59:25,278] Trial 283 finished with values: [0.252904708037611, 0.6247381740270992] and parameters: {'n_estimators': 54, 'learning_rate': 0.025985724173338116, 'subsample': 0.6313825525369063, 'colsample_bytree': 0.9879515306830556, 'min_child_weight': 10}.
[I 2026-05-15 17:59:25,800] Trial 284 finished with values: [0.20797087707000692, 0.7856169693304459] and parameters: {'n_estimators': 66, 'learning_rate': 0.05838706626832953, 'subsample': 0.9046042526869889, 'colsample_bytree': 0.6172639647802304, 'min_child_weight': 7}.
[I 2026-05-15 17:59:26,236] Trial 285 finished with values: [0.20482276497870616, 1.343245717525433] and parameters: {'n_estimators': 60, 'learning_rate': 0.20716979401768126, 'subsample': 0.8110804436345199, 'colsample_bytree': 0.9971859184477201, 'min_child_weight': 5}.
/home/mklemmingen/PycharmProjects/migraine-forecasting-shd/.venv/lib/python3.13/site-packages/sklearn/linear_model/_sag.py:348: ConvergenceWarning: The max_iter was reached which means the coef_ did not converge
  warnings.warn(
[I 2026-05-15 17:59:26,822] Trial 286 finished with values: [0.2505890509146471, 0.655343557639901] and parameters: {'n_estimators': 54, 'learning_rate': 0.01607123851203988, 'subsample': 0.6313825525369063, 'colsample_bytree': 0.8598531596188859, 'min_child_weight': 1}.
/home/mklemmingen/PycharmProjects/migraine-forecasting-shd/.venv/lib/python3.13/site-packages/sklearn/linear_model/_sag.py:348: ConvergenceWarning: The max_iter was reached which means the coef_ did not converge
  warnings.warn(
[I 2026-05-15 17:59:27,378] Trial 287 finished with values: [0.2640728795133522, 0.6359903404022554] and parameters: {'n_estimators': 66, 'learning_rate': 0.017303875834205888, 'subsample': 0.6313825525369063, 'colsample_bytree': 0.8598531596188859, 'min_child_weight': 1}.
[I 2026-05-15 17:59:27,904] Trial 288 finished with values: [0.2490498396627588, 0.6220276121680606] and parameters: {'n_estimators': 54, 'learning_rate': 0.030245085073501415, 'subsample': 0.7257423924305306, 'colsample_bytree': 0.8034282764658811, 'min_child_weight': 9}.
[I 2026-05-15 17:59:28,449] Trial 289 finished with values: [0.24962435355515877, 0.6534012473041308] and parameters: {'n_estimators': 66, 'learning_rate': 0.029385442161128397, 'subsample': 0.6295186258941595, 'colsample_bytree': 0.641249547534373, 'min_child_weight': 8}.
/home/mklemmingen/PycharmProjects/migraine-forecasting-shd/.venv/lib/python3.13/site-packages/sklearn/linear_model/_sag.py:348: ConvergenceWarning: The max_iter was reached which means the coef_ did not converge
  warnings.warn(
[I 2026-05-15 17:59:28,939] Trial 290 finished with values: [0.24072919202664306, 0.564772566478665] and parameters: {'n_estimators': 66, 'learning_rate': 0.01610352961694889, 'subsample': 0.8073318609454947, 'colsample_bytree': 0.8215417137605283, 'min_child_weight': 9}.
[I 2026-05-15 17:59:29,417] Trial 291 finished with values: [0.25450792441451436, 0.601570606915715] and parameters: {'n_estimators': 120, 'learning_rate': 0.011693687409928539, 'subsample': 0.9464704583099741, 'colsample_bytree': 0.8404460046972835, 'min_child_weight': 1}.
/home/mklemmingen/PycharmProjects/migraine-forecasting-shd/.venv/lib/python3.13/site-packages/sklearn/linear_model/_sag.py:348: ConvergenceWarning: The max_iter was reached which means the coef_ did not converge
  warnings.warn(
[I 2026-05-15 17:59:29,887] Trial 292 finished with values: [0.24494572043120608, 0.6369305831590062] and parameters: {'n_estimators': 66, 'learning_rate': 0.0178601378893971, 'subsample': 0.900949811775072, 'colsample_bytree': 0.8598531596188859, 'min_child_weight': 1}.
/home/mklemmingen/PycharmProjects/migraine-forecasting-shd/.venv/lib/python3.13/site-packages/sklearn/linear_model/_sag.py:348: ConvergenceWarning: The max_iter was reached which means the coef_ did not converge
  warnings.warn(
[I 2026-05-15 17:59:30,370] Trial 293 finished with values: [0.276016673329723, 0.6563344303696341] and parameters: {'n_estimators': 66, 'learning_rate': 0.01471005003927122, 'subsample': 0.6313825525369063, 'colsample_bytree': 0.8598531596188859, 'min_child_weight': 1}.
[I 2026-05-15 17:59:31,278] Trial 294 finished with values: [0.1959412283782558, 1.0962464624037564] and parameters: {'n_estimators': 487, 'learning_rate': 0.01610352961694889, 'subsample': 0.8012545034320351, 'colsample_bytree': 0.8092391376680595, 'min_child_weight': 1}.
/home/mklemmingen/PycharmProjects/migraine-forecasting-shd/.venv/lib/python3.13/site-packages/sklearn/linear_model/_sag.py:348: ConvergenceWarning: The max_iter was reached which means the coef_ did not converge
  warnings.warn(
[I 2026-05-15 17:59:31,851] Trial 295 finished with values: [0.24393652364544818, 0.6994420719887376] and parameters: {'n_estimators': 54, 'learning_rate': 0.01058040360169664, 'subsample': 0.8654007076432223, 'colsample_bytree': 0.6027808522124762, 'min_child_weight': 5}.
[I 2026-05-15 17:59:32,374] Trial 296 finished with values: [0.23414365430779074, 0.8248741245593496] and parameters: {'n_estimators': 54, 'learning_rate': 0.08505465867325865, 'subsample': 0.616291520927588, 'colsample_bytree': 0.7465447373174767, 'min_child_weight': 1}.
/home/mklemmingen/PycharmProjects/migraine-forecasting-shd/.venv/lib/python3.13/site-packages/sklearn/linear_model/_sag.py:348: ConvergenceWarning: The max_iter was reached which means the coef_ did not converge
  warnings.warn(
[I 2026-05-15 17:59:32,912] Trial 297 finished with values: [0.253476981023817, 0.6227305964473526] and parameters: {'n_estimators': 120, 'learning_rate': 0.012184186502221764, 'subsample': 0.9464704583099741, 'colsample_bytree': 0.8782994755938469, 'min_child_weight': 5}.
[I 2026-05-15 17:59:33,344] Trial 298 finished with values: [0.2674397027822927, 0.7959755987710894] and parameters: {'n_estimators': 66, 'learning_rate': 0.0845238710259589, 'subsample': 0.7257423924305306, 'colsample_bytree': 0.6377771843023713, 'min_child_weight': 3}.
[I 2026-05-15 17:59:34,081] Trial 299 finished with values: [0.1933380870845532, 1.409341761669002] and parameters: {'n_estimators': 313, 'learning_rate': 0.21434810637527812, 'subsample': 0.7257423924305306, 'colsample_bytree': 0.6027808522124762, 'min_child_weight': 9}.
/home/mklemmingen/PycharmProjects/migraine-forecasting-shd/.venv/lib/python3.13/site-packages/sklearn/linear_model/_sag.py:348: ConvergenceWarning: The max_iter was reached which means the coef_ did not converge
  warnings.warn(
[I 2026-05-15 17:59:34,684] Trial 300 finished with values: [0.25936352783375083, 0.5901322124165855] and parameters: {'n_estimators': 66, 'learning_rate': 0.01167158438611932, 'subsample': 0.7257423924305306, 'colsample_bytree': 0.8215417137605283, 'min_child_weight': 4}.
[I 2026-05-15 17:59:35,347] Trial 301 finished with values: [0.242623153039571, 0.709787466147277] and parameters: {'n_estimators': 176, 'learning_rate': 0.0178601378893971, 'subsample': 0.6313825525369063, 'colsample_bytree': 0.8598531596188859, 'min_child_weight': 10}.
[I 2026-05-15 17:59:35,830] Trial 302 finished with values: [0.2667961925761942, 0.6830672635132146] and parameters: {'n_estimators': 120, 'learning_rate': 0.0212853192163843, 'subsample': 0.9801645936306235, 'colsample_bytree': 0.8034282764658811, 'min_child_weight': 1}.
/home/mklemmingen/PycharmProjects/migraine-forecasting-shd/.venv/lib/python3.13/site-packages/sklearn/linear_model/_sag.py:348: ConvergenceWarning: The max_iter was reached which means the coef_ did not converge
  warnings.warn(
[I 2026-05-15 17:59:36,404] Trial 303 finished with values: [0.2561131366946299, 0.6113150594736358] and parameters: {'n_estimators': 66, 'learning_rate': 0.017797595772834223, 'subsample': 0.8073318609454947, 'colsample_bytree': 0.6693177280283383, 'min_child_weight': 7}.
/home/mklemmingen/PycharmProjects/migraine-forecasting-shd/.venv/lib/python3.13/site-packages/sklearn/linear_model/_sag.py:348: ConvergenceWarning: The max_iter was reached which means the coef_ did not converge
  warnings.warn(
[I 2026-05-15 17:59:36,994] Trial 304 finished with values: [0.23093950876637503, 0.6260407306383928] and parameters: {'n_estimators': 54, 'learning_rate': 0.0212853192163843, 'subsample': 0.7544410551203097, 'colsample_bytree': 0.7465447373174767, 'min_child_weight': 10}.
[I 2026-05-15 17:59:37,536] Trial 305 finished with values: [0.24237590718991084, 0.9756450236205618] and parameters: {'n_estimators': 66, 'learning_rate': 0.20655112155089347, 'subsample': 0.6313825525369063, 'colsample_bytree': 0.8598531596188859, 'min_child_weight': 9}.
/home/mklemmingen/PycharmProjects/migraine-forecasting-shd/.venv/lib/python3.13/site-packages/sklearn/linear_model/_sag.py:348: ConvergenceWarning: The max_iter was reached which means the coef_ did not converge
  warnings.warn(
[I 2026-05-15 17:59:38,086] Trial 306 finished with values: [0.2595727720474618, 0.6147223517781937] and parameters: {'n_estimators': 54, 'learning_rate': 0.012184186502221764, 'subsample': 0.7822627011142852, 'colsample_bytree': 0.8480530391206147, 'min_child_weight': 8}.
/home/mklemmingen/PycharmProjects/migraine-forecasting-shd/.venv/lib/python3.13/site-packages/sklearn/linear_model/_sag.py:348: ConvergenceWarning: The max_iter was reached which means the coef_ did not converge
  warnings.warn(
[I 2026-05-15 17:59:38,664] Trial 307 finished with values: [0.2546822230740178, 0.6218500063645485] and parameters: {'n_estimators': 60, 'learning_rate': 0.01471005003927122, 'subsample': 0.7257423924305306, 'colsample_bytree': 0.9108587663709747, 'min_child_weight': 7}.
[I 2026-05-15 17:59:39,351] Trial 308 finished with values: [0.25489863758836784, 0.7759228109548694] and parameters: {'n_estimators': 175, 'learning_rate': 0.0212853192163843, 'subsample': 0.7257423924305306, 'colsample_bytree': 0.8034282764658811, 'min_child_weight': 1}.
[I 2026-05-15 17:59:39,834] Trial 309 finished with values: [0.28403957058211793, 0.5969476636396418] and parameters: {'n_estimators': 120, 'learning_rate': 0.0178601378893971, 'subsample': 0.6313825525369063, 'colsample_bytree': 0.7127419099093599, 'min_child_weight': 2}.
/home/mklemmingen/PycharmProjects/migraine-forecasting-shd/.venv/lib/python3.13/site-packages/sklearn/linear_model/_sag.py:348: ConvergenceWarning: The max_iter was reached which means the coef_ did not converge
  warnings.warn(
[I 2026-05-15 17:59:40,421] Trial 310 finished with values: [0.26178790562574056, 0.643381877104843] and parameters: {'n_estimators': 54, 'learning_rate': 0.0178601378893971, 'subsample': 0.7257423924305306, 'colsample_bytree': 0.7854793619759929, 'min_child_weight': 1}.
/home/mklemmingen/PycharmProjects/migraine-forecasting-shd/.venv/lib/python3.13/site-packages/sklearn/linear_model/_sag.py:348: ConvergenceWarning: The max_iter was reached which means the coef_ did not converge
  warnings.warn(
[I 2026-05-15 17:59:40,877] Trial 311 finished with values: [0.23565639211382639, 0.5924069932107539] and parameters: {'n_estimators': 70, 'learning_rate': 0.017797595772834223, 'subsample': 0.9718790609370292, 'colsample_bytree': 0.7413408912104211, 'min_child_weight': 7}.
[I 2026-05-15 17:59:41,445] Trial 312 finished with values: [0.22042676279697848, 0.8885532989158431] and parameters: {'n_estimators': 120, 'learning_rate': 0.07279991098092103, 'subsample': 0.6310938547859939, 'colsample_bytree': 0.7127419099093599, 'min_child_weight': 2}.
[I 2026-05-15 17:59:41,932] Trial 313 finished with values: [0.201091214079622, 1.2938378848738192] and parameters: {'n_estimators': 120, 'learning_rate': 0.27497884337724565, 'subsample': 0.9464704583099741, 'colsample_bytree': 0.9944842977918411, 'min_child_weight': 10}.
[I 2026-05-15 17:59:42,652] Trial 314 finished with values: [0.2110206497709087, 1.141881259577088] and parameters: {'n_estimators': 364, 'learning_rate': 0.06192689958760303, 'subsample': 0.8073318609454947, 'colsample_bytree': 0.8598531596188859, 'min_child_weight': 9}.
/home/mklemmingen/PycharmProjects/migraine-forecasting-shd/.venv/lib/python3.13/site-packages/sklearn/linear_model/_sag.py:348: ConvergenceWarning: The max_iter was reached which means the coef_ did not converge
  warnings.warn(
[I 2026-05-15 17:59:43,227] Trial 315 finished with values: [0.24786550303549487, 0.6194917933743366] and parameters: {'n_estimators': 66, 'learning_rate': 0.01471005003927122, 'subsample': 0.900949811775072, 'colsample_bytree': 0.9166316174903394, 'min_child_weight': 5}.
[I 2026-05-15 17:59:43,785] Trial 316 finished with values: [0.2630079618007655, 0.5816994146956329] and parameters: {'n_estimators': 66, 'learning_rate': 0.019462886350651437, 'subsample': 0.8786948661456602, 'colsample_bytree': 0.7238110465145311, 'min_child_weight': 9}.
[I 2026-05-15 17:59:44,565] Trial 317 finished with values: [0.21819795116823118, 0.8488706888746268] and parameters: {'n_estimators': 358, 'learning_rate': 0.017386210661369347, 'subsample': 0.8786948661456602, 'colsample_bytree': 0.7727780074568463, 'min_child_weight': 10}.
/home/mklemmingen/PycharmProjects/migraine-forecasting-shd/.venv/lib/python3.13/site-packages/sklearn/linear_model/_sag.py:348: ConvergenceWarning: The max_iter was reached which means the coef_ did not converge
  warnings.warn(
[I 2026-05-15 17:59:45,155] Trial 318 finished with values: [0.2574355091056872, 0.5927896061615134] and parameters: {'n_estimators': 66, 'learning_rate': 0.01610352961694889, 'subsample': 0.9290148971692676, 'colsample_bytree': 0.9799199653167696, 'min_child_weight': 1}.
[I 2026-05-15 17:59:45,924] Trial 319 finished with values: [0.20120012298877574, 0.8764404462133024] and parameters: {'n_estimators': 377, 'learning_rate': 0.01610352961694889, 'subsample': 0.7168578594140873, 'colsample_bytree': 0.7465447373174767, 'min_child_weight': 1}.
[I 2026-05-15 17:59:46,417] Trial 320 finished with values: [0.22559674996363102, 0.8689412792846494] and parameters: {'n_estimators': 66, 'learning_rate': 0.08055428067442477, 'subsample': 0.6313825525369063, 'colsample_bytree': 0.8598531596188859, 'min_child_weight': 1}.
[I 2026-05-15 17:59:46,845] Trial 321 finished with values: [0.2306379785305201, 0.6439673963135927] and parameters: {'n_estimators': 66, 'learning_rate': 0.04147588661423153, 'subsample': 0.6313825525369063, 'colsample_bytree': 0.8598531596188859, 'min_child_weight': 5}.
[I 2026-05-15 17:59:47,322] Trial 322 finished with values: [0.23768439739250197, 0.6182099292577957] and parameters: {'n_estimators': 60, 'learning_rate': 0.028145092716060652, 'subsample': 0.6479461469334731, 'colsample_bytree': 0.9108587663709747, 'min_child_weight': 7}.
/home/mklemmingen/PycharmProjects/migraine-forecasting-shd/.venv/lib/python3.13/site-packages/sklearn/linear_model/_sag.py:348: ConvergenceWarning: The max_iter was reached which means the coef_ did not converge
  warnings.warn(
[I 2026-05-15 17:59:47,907] Trial 323 finished with values: [0.25236411234171846, 0.6109195206145464] and parameters: {'n_estimators': 66, 'learning_rate': 0.01610352961694889, 'subsample': 0.9208787923016158, 'colsample_bytree': 0.9730913933416053, 'min_child_weight': 1}.
/home/mklemmingen/PycharmProjects/migraine-forecasting-shd/.venv/lib/python3.13/site-packages/sklearn/linear_model/_sag.py:348: ConvergenceWarning: The max_iter was reached which means the coef_ did not converge
  warnings.warn(
[I 2026-05-15 17:59:48,469] Trial 324 finished with values: [0.27524105301619073, 0.6161749671392377] and parameters: {'n_estimators': 66, 'learning_rate': 0.01610352961694889, 'subsample': 0.9208787923016158, 'colsample_bytree': 0.8598531596188859, 'min_child_weight': 9}.
/home/mklemmingen/PycharmProjects/migraine-forecasting-shd/.venv/lib/python3.13/site-packages/sklearn/linear_model/_sag.py:348: ConvergenceWarning: The max_iter was reached which means the coef_ did not converge
  warnings.warn(
