[I 2026-05-15 18:01:16,118] Trial 487 finished with values: [0.2655024087545299, 0.6068384300987912] and parameters: {'n_estimators': 66, 'learning_rate': 0.01058040360169664, 'subsample': 0.7257423924305306, 'colsample_bytree': 0.8148426167274191, 'min_child_weight': 1}.
[I 2026-05-15 18:01:16,745] Trial 488 finished with values: [0.2325705280767698, 0.9412021489263896] and parameters: {'n_estimators': 307, 'learning_rate': 0.029385442161128397, 'subsample': 0.8012545034320351, 'colsample_bytree': 0.6601667564414112, 'min_child_weight': 10}.
[I 2026-05-15 18:01:17,227] Trial 489 finished with values: [0.241443758029666, 0.6194536409079702] and parameters: {'n_estimators': 176, 'learning_rate': 0.01471005003927122, 'subsample': 0.7544410551203097, 'colsample_bytree': 0.9077971732767748, 'min_child_weight': 10}.
/home/mklemmingen/PycharmProjects/migraine-forecasting-shd/.venv/lib/python3.13/site-packages/sklearn/linear_model/_sag.py:348: ConvergenceWarning: The max_iter was reached which means the coef_ did not converge
  warnings.warn(
[I 2026-05-15 18:01:17,729] Trial 490 finished with values: [0.24703283288197544, 0.60015889463536] and parameters: {'n_estimators': 66, 'learning_rate': 0.0178601378893971, 'subsample': 0.9002459006563434, 'colsample_bytree': 0.6748174994230093, 'min_child_weight': 8}.
/home/mklemmingen/PycharmProjects/migraine-forecasting-shd/.venv/lib/python3.13/site-packages/sklearn/linear_model/_sag.py:348: ConvergenceWarning: The max_iter was reached which means the coef_ did not converge
  warnings.warn(
[I 2026-05-15 18:01:18,219] Trial 491 finished with values: [0.2515013085923486, 0.6010149468281153] and parameters: {'n_estimators': 66, 'learning_rate': 0.017797595772834223, 'subsample': 0.7294716945616975, 'colsample_bytree': 0.82272050498334, 'min_child_weight': 4}.
/home/mklemmingen/PycharmProjects/migraine-forecasting-shd/.venv/lib/python3.13/site-packages/sklearn/linear_model/_sag.py:348: ConvergenceWarning: The max_iter was reached which means the coef_ did not converge
  warnings.warn(
[I 2026-05-15 18:01:18,713] Trial 492 finished with values: [0.2518900511199652, 0.6415551994265344] and parameters: {'n_estimators': 54, 'learning_rate': 0.01471005003927122, 'subsample': 0.7701745754465668, 'colsample_bytree': 0.9760920965699831, 'min_child_weight': 4}.
/home/mklemmingen/PycharmProjects/migraine-forecasting-shd/.venv/lib/python3.13/site-packages/sklearn/linear_model/_sag.py:348: ConvergenceWarning: The max_iter was reached which means the coef_ did not converge
  warnings.warn(
[I 2026-05-15 18:01:19,305] Trial 493 finished with values: [0.24934438813237594, 0.5924314825967405] and parameters: {'n_estimators': 66, 'learning_rate': 0.01610352961694889, 'subsample': 0.9290148971692676, 'colsample_bytree': 0.803044151473782, 'min_child_weight': 1}.
/home/mklemmingen/PycharmProjects/migraine-forecasting-shd/.venv/lib/python3.13/site-packages/sklearn/linear_model/_sag.py:348: ConvergenceWarning: The max_iter was reached which means the coef_ did not converge
  warnings.warn(
[I 2026-05-15 18:01:19,895] Trial 494 finished with values: [0.2862817336855357, 0.5755338234000713] and parameters: {'n_estimators': 66, 'learning_rate': 0.01471005003927122, 'subsample': 0.6969638929660321, 'colsample_bytree': 0.7727780074568463, 'min_child_weight': 1}.
[I 2026-05-15 18:01:20,532] Trial 495 finished with values: [0.26036059170326864, 0.6362347081853862] and parameters: {'n_estimators': 120, 'learning_rate': 0.0178601378893971, 'subsample': 0.7544410551203097, 'colsample_bytree': 0.7127419099093599, 'min_child_weight': 2}.
/home/mklemmingen/PycharmProjects/migraine-forecasting-shd/.venv/lib/python3.13/site-packages/sklearn/linear_model/_sag.py:348: ConvergenceWarning: The max_iter was reached which means the coef_ did not converge
  warnings.warn(
[I 2026-05-15 18:01:21,155] Trial 496 finished with values: [0.2533350500697784, 0.6267809234526351] and parameters: {'n_estimators': 64, 'learning_rate': 0.01702458290769914, 'subsample': 0.7257423924305306, 'colsample_bytree': 0.8598531596188859, 'min_child_weight': 1}.
[I 2026-05-15 18:01:21,762] Trial 497 finished with values: [0.264667181774964, 0.6190789707061704] and parameters: {'n_estimators': 120, 'learning_rate': 0.0178601378893971, 'subsample': 0.7168578594140873, 'colsample_bytree': 0.7127419099093599, 'min_child_weight': 7}.
[I 2026-05-15 18:01:22,276] Trial 498 finished with values: [0.2277764026577498, 0.5908736264613681] and parameters: {'n_estimators': 120, 'learning_rate': 0.01610352961694889, 'subsample': 0.8786948661456602, 'colsample_bytree': 0.7238110465145311, 'min_child_weight': 9}.
[I 2026-05-15 18:01:22,730] Trial 499 finished with values: [0.2632512938334161, 0.6660814373815804] and parameters: {'n_estimators': 66, 'learning_rate': 0.029385442161128397, 'subsample': 0.900949811775072, 'colsample_bytree': 0.7465447373174767, 'min_child_weight': 2}.
Building variant 'auprc_max'...
/home/mklemmingen/PycharmProjects/migraine-forecasting-shd/.venv/lib/python3.13/site-packages/sklearn/linear_model/_sag.py:348: ConvergenceWarning: The max_iter was reached which means the coef_ did not converge
  warnings.warn(
Saved /home/mklemmingen/PycharmProjects/migraine-forecasting-shd/experiment/0/migraine/full_features/stacked_2xgb_meta_lr/70_30/chrono/HyperparameterTuned/pareto_AUPRC_slope/auprc_max/model.joblib

# End capture ------------------------------------------
# Finished: 2026-05-15T18:01:23
