[I 2026-05-15 17:58:08,276] Trial 146 finished with values: [0.20550673794527494, 1.2024004544139204] and parameters: {'n_estimators': 426, 'learning_rate': 0.08671821512512803, 'subsample': 0.8073318609454947, 'colsample_bytree': 0.6163100566219055, 'min_child_weight': 9}.
/home/mklemmingen/PycharmProjects/migraine-forecasting-shd/.venv/lib/python3.13/site-packages/sklearn/linear_model/_sag.py:348: ConvergenceWarning: The max_iter was reached which means the coef_ did not converge
  warnings.warn(
[I 2026-05-15 17:58:08,756] Trial 147 finished with values: [0.24163453018097902, 0.5685143052489046] and parameters: {'n_estimators': 70, 'learning_rate': 0.017797595772834223, 'subsample': 0.7498450458505885, 'colsample_bytree': 0.82272050498334, 'min_child_weight': 10}.
[I 2026-05-15 17:58:09,281] Trial 148 finished with values: [0.2326623668419955, 0.7531163878064053] and parameters: {'n_estimators': 64, 'learning_rate': 0.08710745900492396, 'subsample': 0.7257423924305306, 'colsample_bytree': 0.8034282764658811, 'min_child_weight': 5}.
[I 2026-05-15 17:58:10,050] Trial 149 finished with values: [0.19161646866562718, 1.4897132724117494] and parameters: {'n_estimators': 325, 'learning_rate': 0.05388108577817234, 'subsample': 0.7168578594140873, 'colsample_bytree': 0.9637281608315128, 'min_child_weight': 3}.
[I 2026-05-15 17:58:10,568] Trial 150 finished with values: [0.25635517211852055, 0.7673893335305343] and parameters: {'n_estimators': 64, 'learning_rate': 0.08710745900492396, 'subsample': 0.6479461469334731, 'colsample_bytree': 0.8503439662856945, 'min_child_weight': 10}.
/home/mklemmingen/PycharmProjects/migraine-forecasting-shd/.venv/lib/python3.13/site-packages/sklearn/linear_model/_sag.py:348: ConvergenceWarning: The max_iter was reached which means the coef_ did not converge
  warnings.warn(
[I 2026-05-15 17:58:11,150] Trial 151 finished with values: [0.25687466106734047, 0.6183424142552084] and parameters: {'n_estimators': 66, 'learning_rate': 0.01610352961694889, 'subsample': 0.8012545034320351, 'colsample_bytree': 0.6027808522124762, 'min_child_weight': 1}.
[I 2026-05-15 17:58:11,587] Trial 152 finished with values: [0.22603655287363913, 0.596917819917378] and parameters: {'n_estimators': 64, 'learning_rate': 0.030245085073501415, 'subsample': 0.7257423924305306, 'colsample_bytree': 0.7350460685614512, 'min_child_weight': 9}.
/home/mklemmingen/PycharmProjects/migraine-forecasting-shd/.venv/lib/python3.13/site-packages/sklearn/linear_model/_sag.py:348: ConvergenceWarning: The max_iter was reached which means the coef_ did not converge
  warnings.warn(
[I 2026-05-15 17:58:12,121] Trial 153 finished with values: [0.2280934209747129, 0.6560389830458373] and parameters: {'n_estimators': 54, 'learning_rate': 0.01607123851203988, 'subsample': 0.8654007076432223, 'colsample_bytree': 0.9425959364753289, 'min_child_weight': 5}.
[I 2026-05-15 17:58:12,582] Trial 154 finished with values: [0.2518303174846334, 0.6452278802674715] and parameters: {'n_estimators': 66, 'learning_rate': 0.025985724173338116, 'subsample': 0.6097263865725815, 'colsample_bytree': 0.8598531596188859, 'min_child_weight': 10}.
/home/mklemmingen/PycharmProjects/migraine-forecasting-shd/.venv/lib/python3.13/site-packages/sklearn/linear_model/_sag.py:348: ConvergenceWarning: The max_iter was reached which means the coef_ did not converge
  warnings.warn(
[I 2026-05-15 17:58:13,135] Trial 155 finished with values: [0.21323311938648906, 0.6840144253688288] and parameters: {'n_estimators': 54, 'learning_rate': 0.012184186502221764, 'subsample': 0.8654007076432223, 'colsample_bytree': 0.6027808522124762, 'min_child_weight': 8}.
[I 2026-05-15 17:58:13,707] Trial 156 finished with values: [0.20043946159261009, 1.5550543528340999] and parameters: {'n_estimators': 160, 'learning_rate': 0.09396591857488666, 'subsample': 0.7257423924305306, 'colsample_bytree': 0.9568186220708453, 'min_child_weight': 2}.
[I 2026-05-15 17:58:14,286] Trial 157 finished with values: [0.24725116366178118, 0.7190280887286287] and parameters: {'n_estimators': 120, 'learning_rate': 0.029385442161128397, 'subsample': 0.6137554084460873, 'colsample_bytree': 0.9637281608315128, 'min_child_weight': 1}.
/home/mklemmingen/PycharmProjects/migraine-forecasting-shd/.venv/lib/python3.13/site-packages/sklearn/linear_model/_sag.py:348: ConvergenceWarning: The max_iter was reached which means the coef_ did not converge
  warnings.warn(
[I 2026-05-15 17:58:14,749] Trial 158 finished with values: [0.27389265385940964, 0.6498660078193768] and parameters: {'n_estimators': 54, 'learning_rate': 0.012184186502221764, 'subsample': 0.9718790609370292, 'colsample_bytree': 0.7465447373174767, 'min_child_weight': 5}.
[I 2026-05-15 17:58:15,251] Trial 159 finished with values: [0.2264093001280642, 0.7419030600524623] and parameters: {'n_estimators': 54, 'learning_rate': 0.08710745900492396, 'subsample': 0.7257423924305306, 'colsample_bytree': 0.8245108790277985, 'min_child_weight': 8}.
[I 2026-05-15 17:58:16,009] Trial 160 finished with values: [0.21631991790730112, 0.7548156509374341] and parameters: {'n_estimators': 325, 'learning_rate': 0.01471005003927122, 'subsample': 0.7168578594140873, 'colsample_bytree': 0.6282274989601719, 'min_child_weight': 3}.
[I 2026-05-15 17:58:16,746] Trial 161 finished with values: [0.26029134775553, 0.7102444246337546] and parameters: {'n_estimators': 339, 'learning_rate': 0.01058040360169664, 'subsample': 0.6479461469334731, 'colsample_bytree': 0.7350460685614512, 'min_child_weight': 3}.
[I 2026-05-15 17:58:17,181] Trial 162 finished with values: [0.2350091656643603, 0.8340121640261142] and parameters: {'n_estimators': 61, 'learning_rate': 0.07332660227137139, 'subsample': 0.6479461469334731, 'colsample_bytree': 0.7350460685614512, 'min_child_weight': 10}.
[I 2026-05-15 17:58:17,750] Trial 163 finished with values: [0.2531878905137032, 0.6360577072029271] and parameters: {'n_estimators': 54, 'learning_rate': 0.025985724173338116, 'subsample': 0.6260206371941118, 'colsample_bytree': 0.9760920965699831, 'min_child_weight': 10}.
[I 2026-05-15 17:58:18,266] Trial 164 finished with values: [0.23501489188170352, 0.7258715203755097] and parameters: {'n_estimators': 54, 'learning_rate': 0.08710745900492396, 'subsample': 0.7257423924305306, 'colsample_bytree': 0.8034282764658811, 'min_child_weight': 6}.
[I 2026-05-15 17:58:18,932] Trial 165 finished with values: [0.24072261548637405, 0.8984061257627847] and parameters: {'n_estimators': 339, 'learning_rate': 0.025985724173338116, 'subsample': 0.7552679704826087, 'colsample_bytree': 0.858188918362867, 'min_child_weight': 10}.
/home/mklemmingen/PycharmProjects/migraine-forecasting-shd/.venv/lib/python3.13/site-packages/sklearn/linear_model/_sag.py:348: ConvergenceWarning: The max_iter was reached which means the coef_ did not converge
  warnings.warn(
[I 2026-05-15 17:58:19,392] Trial 166 finished with values: [0.2367423545582555, 0.6328791425142736] and parameters: {'n_estimators': 66, 'learning_rate': 0.01610352961694889, 'subsample': 0.8573152873769412, 'colsample_bytree': 0.7833011561966067, 'min_child_weight': 3}.
[I 2026-05-15 17:58:19,997] Trial 167 finished with values: [0.23038388819527125, 0.6585774158138469] and parameters: {'n_estimators': 156, 'learning_rate': 0.017303875834205888, 'subsample': 0.9208787923016158, 'colsample_bytree': 0.7351980627406143, 'min_child_weight': 10}.
[I 2026-05-15 17:58:20,780] Trial 168 finished with values: [0.23550390346680444, 0.8907437087941336] and parameters: {'n_estimators': 296, 'learning_rate': 0.01471005003927122, 'subsample': 0.9698774473114251, 'colsample_bytree': 0.8404460046972835, 'min_child_weight': 3}.
/home/mklemmingen/PycharmProjects/migraine-forecasting-shd/.venv/lib/python3.13/site-packages/sklearn/linear_model/_sag.py:348: ConvergenceWarning: The max_iter was reached which means the coef_ did not converge
  warnings.warn(
[I 2026-05-15 17:58:21,271] Trial 169 finished with values: [0.276016673329723, 0.6563344303696341] and parameters: {'n_estimators': 66, 'learning_rate': 0.01471005003927122, 'subsample': 0.6313825525369063, 'colsample_bytree': 0.8598531596188859, 'min_child_weight': 1}.
[I 2026-05-15 17:58:21,775] Trial 170 finished with values: [0.22435524969382997, 1.578914835131155] and parameters: {'n_estimators': 54, 'learning_rate': 0.24584290528289388, 'subsample': 0.7168578594140873, 'colsample_bytree': 0.8404460046972835, 'min_child_weight': 1}.
[I 2026-05-15 17:58:22,311] Trial 171 finished with values: [0.21844705138341625, 0.7680668557939165] and parameters: {'n_estimators': 54, 'learning_rate': 0.05838706626832953, 'subsample': 0.6479461469334731, 'colsample_bytree': 0.82272050498334, 'min_child_weight': 2}.
/home/mklemmingen/PycharmProjects/migraine-forecasting-shd/.venv/lib/python3.13/site-packages/sklearn/linear_model/_sag.py:348: ConvergenceWarning: The max_iter was reached which means the coef_ did not converge
  warnings.warn(
[I 2026-05-15 17:58:22,890] Trial 172 finished with values: [0.26276906668158484, 0.6002979305730424] and parameters: {'n_estimators': 54, 'learning_rate': 0.0212853192163843, 'subsample': 0.7544410551203097, 'colsample_bytree': 0.9844762255295657, 'min_child_weight': 10}.
[I 2026-05-15 17:58:23,736] Trial 173 finished with values: [0.23148112257967668, 0.9370769789591226] and parameters: {'n_estimators': 458, 'learning_rate': 0.0212853192163843, 'subsample': 0.7257423924305306, 'colsample_bytree': 0.7350460685614512, 'min_child_weight': 8}.
/home/mklemmingen/PycharmProjects/migraine-forecasting-shd/.venv/lib/python3.13/site-packages/sklearn/linear_model/_sag.py:348: ConvergenceWarning: The max_iter was reached which means the coef_ did not converge
  warnings.warn(
[I 2026-05-15 17:58:24,257] Trial 174 finished with values: [0.27385213138752923, 0.649738781821417] and parameters: {'n_estimators': 66, 'learning_rate': 0.019462886350651437, 'subsample': 0.6313825525369063, 'colsample_bytree': 0.6020246335384875, 'min_child_weight': 1}.
[I 2026-05-15 17:58:24,949] Trial 175 finished with values: [0.23662284533643535, 0.7409366743851065] and parameters: {'n_estimators': 355, 'learning_rate': 0.01058040360169664, 'subsample': 0.8048372233197124, 'colsample_bytree': 0.6905983100791752, 'min_child_weight': 1}.
[I 2026-05-15 17:58:25,438] Trial 176 finished with values: [0.23614733728566253, 0.6495757016733793] and parameters: {'n_estimators': 120, 'learning_rate': 0.029385442161128397, 'subsample': 0.6137554084460873, 'colsample_bytree': 0.8034282764658811, 'min_child_weight': 8}.
[I 2026-05-15 17:58:25,892] Trial 177 finished with values: [0.2402145050834647, 0.6288499271540616] and parameters: {'n_estimators': 64, 'learning_rate': 0.025985724173338116, 'subsample': 0.8654007076432223, 'colsample_bytree': 0.8034282764658811, 'min_child_weight': 2}.
/home/mklemmingen/PycharmProjects/migraine-forecasting-shd/.venv/lib/python3.13/site-packages/sklearn/linear_model/_sag.py:348: ConvergenceWarning: The max_iter was reached which means the coef_ did not converge
  warnings.warn(
[I 2026-05-15 17:58:26,448] Trial 178 finished with values: [0.24625318768847454, 0.6212001056041478] and parameters: {'n_estimators': 54, 'learning_rate': 0.010639368372762009, 'subsample': 0.7257423924305306, 'colsample_bytree': 0.6377771843023713, 'min_child_weight': 3}.
[I 2026-05-15 17:58:27,071] Trial 179 finished with values: [0.18441887452882416, 1.1088504793313803] and parameters: {'n_estimators': 203, 'learning_rate': 0.10206664092951903, 'subsample': 0.6284754593840916, 'colsample_bytree': 0.7275902521175045, 'min_child_weight': 5}.
[I 2026-05-15 17:58:27,653] Trial 180 finished with values: [0.24579065792446828, 0.7392799611088027] and parameters: {'n_estimators': 294, 'learning_rate': 0.016149614799999188, 'subsample': 0.6137554084460873, 'colsample_bytree': 0.6298202574719083, 'min_child_weight': 10}.
/home/mklemmingen/PycharmProjects/migraine-forecasting-shd/.venv/lib/python3.13/site-packages/sklearn/linear_model/_sag.py:348: ConvergenceWarning: The max_iter was reached which means the coef_ did not converge
  warnings.warn(
[I 2026-05-15 17:58:28,107] Trial 181 finished with values: [0.25307769442202577, 0.609185306284488] and parameters: {'n_estimators': 66, 'learning_rate': 0.0178601378893971, 'subsample': 0.9379501243877818, 'colsample_bytree': 0.6205915004999957, 'min_child_weight': 8}.
[I 2026-05-15 17:58:28,539] Trial 182 finished with values: [0.2578896926787057, 0.6161632336952007] and parameters: {'n_estimators': 60, 'learning_rate': 0.028145092716060652, 'subsample': 0.6479461469334731, 'colsample_bytree': 0.7727780074568463, 'min_child_weight': 7}.
/home/mklemmingen/PycharmProjects/migraine-forecasting-shd/.venv/lib/python3.13/site-packages/sklearn/linear_model/_sag.py:348: ConvergenceWarning: The max_iter was reached which means the coef_ did not converge
  warnings.warn(
[I 2026-05-15 17:58:29,126] Trial 183 finished with values: [0.24840666250966376, 0.6027569220262654] and parameters: {'n_estimators': 64, 'learning_rate': 0.01058040360169664, 'subsample': 0.7257423924305306, 'colsample_bytree': 0.6905983100791752, 'min_child_weight': 4}.
[I 2026-05-15 17:58:29,859] Trial 184 finished with values: [0.21949699284271765, 1.1232505352029558] and parameters: {'n_estimators': 417, 'learning_rate': 0.01471005003927122, 'subsample': 0.9698774473114251, 'colsample_bytree': 0.7465447373174767, 'min_child_weight': 3}.
[I 2026-05-15 17:58:30,646] Trial 185 finished with values: [0.23483932541979557, 0.6993104412336667] and parameters: {'n_estimators': 355, 'learning_rate': 0.01058040360169664, 'subsample': 0.7168578594140873, 'colsample_bytree': 0.7465447373174767, 'min_child_weight': 3}.
/home/mklemmingen/PycharmProjects/migraine-forecasting-shd/.venv/lib/python3.13/site-packages/sklearn/linear_model/_sag.py:348: ConvergenceWarning: The max_iter was reached which means the coef_ did not converge
  warnings.warn(
[I 2026-05-15 17:58:31,092] Trial 186 finished with values: [0.22057776826063336, 0.6570219997969178] and parameters: {'n_estimators': 54, 'learning_rate': 0.019657448966046126, 'subsample': 0.7257423924305306, 'colsample_bytree': 0.9261845713819337, 'min_child_weight': 1}.
[I 2026-05-15 17:58:31,565] Trial 187 finished with values: [0.247120024816615, 0.5832046206423988] and parameters: {'n_estimators': 120, 'learning_rate': 0.029385442161128397, 'subsample': 0.7257423924305306, 'colsample_bytree': 0.7127419099093599, 'min_child_weight': 2}.
/home/mklemmingen/PycharmProjects/migraine-forecasting-shd/.venv/lib/python3.13/site-packages/sklearn/linear_model/_sag.py:348: ConvergenceWarning: The max_iter was reached which means the coef_ did not converge
  warnings.warn(
[I 2026-05-15 17:58:32,052] Trial 188 finished with values: [0.23813847645720082, 0.6114199594572256] and parameters: {'n_estimators': 66, 'learning_rate': 0.01471005003927122, 'subsample': 0.8786948661456602, 'colsample_bytree': 0.8598531596188859, 'min_child_weight': 1}.
/home/mklemmingen/PycharmProjects/migraine-forecasting-shd/.venv/lib/python3.13/site-packages/sklearn/linear_model/_sag.py:348: ConvergenceWarning: The max_iter was reached which means the coef_ did not converge
  warnings.warn(
[I 2026-05-15 17:58:32,641] Trial 189 finished with values: [0.2550930341599439, 0.6019858667185077] and parameters: {'n_estimators': 70, 'learning_rate': 0.017797595772834223, 'subsample': 0.9718790609370292, 'colsample_bytree': 0.6693177280283383, 'min_child_weight': 7}.
[I 2026-05-15 17:58:33,115] Trial 190 finished with values: [0.2392911376712949, 0.875354357003826] and parameters: {'n_estimators': 66, 'learning_rate': 0.04872420129560894, 'subsample': 0.6313825525369063, 'colsample_bytree': 0.6950550175969599, 'min_child_weight': 1}.
[I 2026-05-15 17:58:33,845] Trial 191 finished with values: [0.19328878534148328, 1.0761168892902284] and parameters: {'n_estimators': 333, 'learning_rate': 0.19775731712985178, 'subsample': 0.6260206371941118, 'colsample_bytree': 0.8404460046972835, 'min_child_weight': 10}.
[I 2026-05-15 17:58:34,370] Trial 192 finished with values: [0.2261703560639436, 0.7570906162505342] and parameters: {'n_estimators': 64, 'learning_rate': 0.1218397677644799, 'subsample': 0.7257423924305306, 'colsample_bytree': 0.8404460046972835, 'min_child_weight': 8}.
[I 2026-05-15 17:58:34,911] Trial 193 finished with values: [0.2579351659868329, 0.6234332837025052] and parameters: {'n_estimators': 54, 'learning_rate': 0.05838706626832953, 'subsample': 0.8654007076432223, 'colsample_bytree': 0.6020246335384875, 'min_child_weight': 2}.
/home/mklemmingen/PycharmProjects/migraine-forecasting-shd/.venv/lib/python3.13/site-packages/sklearn/linear_model/_sag.py:348: ConvergenceWarning: The max_iter was reached which means the coef_ did not converge
  warnings.warn(
[I 2026-05-15 17:58:35,407] Trial 194 finished with values: [0.23108190718584914, 0.6716832009390676] and parameters: {'n_estimators': 54, 'learning_rate': 0.01607123851203988, 'subsample': 0.7168578594140873, 'colsample_bytree': 0.9213923721539394, 'min_child_weight': 1}.
[I 2026-05-15 17:58:36,134] Trial 195 finished with values: [0.20871168802620055, 0.9033925627365271] and parameters: {'n_estimators': 293, 'learning_rate': 0.02609752135980675, 'subsample': 0.8073318609454947, 'colsample_bytree': 0.6709758175118891, 'min_child_weight': 9}.
/home/mklemmingen/PycharmProjects/migraine-forecasting-shd/.venv/lib/python3.13/site-packages/sklearn/linear_model/_sag.py:348: ConvergenceWarning: The max_iter was reached which means the coef_ did not converge
  warnings.warn(
[I 2026-05-15 17:58:36,736] Trial 196 finished with values: [0.2583116273609409, 0.6430933265054186] and parameters: {'n_estimators': 54, 'learning_rate': 0.012184186502221764, 'subsample': 0.9002459006563434, 'colsample_bytree': 0.8404460046972835, 'min_child_weight': 8}.
[I 2026-05-15 17:58:37,469] Trial 197 finished with values: [0.24549235998041538, 0.8328495510745615] and parameters: {'n_estimators': 413, 'learning_rate': 0.025985724173338116, 'subsample': 0.6097263865725815, 'colsample_bytree': 0.858188918362867, 'min_child_weight': 10}.
[I 2026-05-15 17:58:38,004] Trial 198 finished with values: [0.2495506112068206, 0.6999388331322394] and parameters: {'n_estimators': 180, 'learning_rate': 0.012184186502221764, 'subsample': 0.9718790609370292, 'colsample_bytree': 0.7727780074568463, 'min_child_weight': 7}.
[I 2026-05-15 17:58:38,795] Trial 199 finished with values: [0.24866776454757616, 0.8354548637206962] and parameters: {'n_estimators': 496, 'learning_rate': 0.019657448966046126, 'subsample': 0.602208846849441, 'colsample_bytree': 0.8404460046972835, 'min_child_weight': 10}.
/home/mklemmingen/PycharmProjects/migraine-forecasting-shd/.venv/lib/python3.13/site-packages/sklearn/linear_model/_sag.py:348: ConvergenceWarning: The max_iter was reached which means the coef_ did not converge
  warnings.warn(
[I 2026-05-15 17:58:39,297] Trial 200 finished with values: [0.2569251926423073, 0.6187513508874247] and parameters: {'n_estimators': 64, 'learning_rate': 0.012184186502221764, 'subsample': 0.7650470707645706, 'colsample_bytree': 0.8503439662856945, 'min_child_weight': 4}.
/home/mklemmingen/PycharmProjects/migraine-forecasting-shd/.venv/lib/python3.13/site-packages/sklearn/linear_model/_sag.py:348: ConvergenceWarning: The max_iter was reached which means the coef_ did not converge
  warnings.warn(
[I 2026-05-15 17:58:39,904] Trial 201 finished with values: [0.2558257142571989, 0.6991843380425674] and parameters: {'n_estimators': 66, 'learning_rate': 0.01607123851203988, 'subsample': 0.8573152873769412, 'colsample_bytree': 0.9105651842967988, 'min_child_weight': 1}.
[I 2026-05-15 17:58:40,563] Trial 202 finished with values: [0.23778221324727578, 0.6463033812863351] and parameters: {'n_estimators': 203, 'learning_rate': 0.01607123851203988, 'subsample': 0.7257423924305306, 'colsample_bytree': 0.8034282764658811, 'min_child_weight': 10}.
[I 2026-05-15 17:58:41,022] Trial 203 finished with values: [0.24596753615292824, 0.6360224219687937] and parameters: {'n_estimators': 64, 'learning_rate': 0.029385442161128397, 'subsample': 0.7257423924305306, 'colsample_bytree': 0.8034282764658811, 'min_child_weight': 8}.
[I 2026-05-15 17:58:41,737] Trial 204 finished with values: [0.2113828894097892, 0.9622397922754031] and parameters: {'n_estimators': 437, 'learning_rate': 0.012184186502221764, 'subsample': 0.9002459006563434, 'colsample_bytree': 0.8404460046972835, 'min_child_weight': 1}.
[I 2026-05-15 17:58:42,162] Trial 205 finished with values: [0.2490498396627588, 0.6220276121680606] and parameters: {'n_estimators': 54, 'learning_rate': 0.030245085073501415, 'subsample': 0.7257423924305306, 'colsample_bytree': 0.8034282764658811, 'min_child_weight': 9}.
[I 2026-05-15 17:58:42,861] Trial 206 finished with values: [0.1943371452230543, 1.1470224146283161] and parameters: {'n_estimators': 243, 'learning_rate': 0.12856643861355183, 'subsample': 0.9018171496338729, 'colsample_bytree': 0.8503439662856945, 'min_child_weight': 9}.
/home/mklemmingen/PycharmProjects/migraine-forecasting-shd/.venv/lib/python3.13/site-packages/sklearn/linear_model/_sag.py:348: ConvergenceWarning: The max_iter was reached which means the coef_ did not converge
  warnings.warn(
[I 2026-05-15 17:58:43,460] Trial 207 finished with values: [0.22718137724519738, 0.6071536916831197] and parameters: {'n_estimators': 66, 'learning_rate': 0.019462886350651437, 'subsample': 0.6313825525369063, 'colsample_bytree': 0.641249547534373, 'min_child_weight': 8}.
[I 2026-05-15 17:58:44,241] Trial 208 finished with values: [0.23799600291714268, 0.8906954988757606] and parameters: {'n_estimators': 457, 'learning_rate': 0.019657448966046126, 'subsample': 0.602208846849441, 'colsample_bytree': 0.8021009489791429, 'min_child_weight': 10}.
