[I 2026-05-15 17:58:45,098] Trial 209 finished with values: [0.20844851329793093, 0.9637537199338697] and parameters: {'n_estimators': 422, 'learning_rate': 0.019462886350651437, 'subsample': 0.6313825525369063, 'colsample_bytree': 0.6020246335384875, 'min_child_weight': 1}.
[I 2026-05-15 17:58:45,612] Trial 210 finished with values: [0.2303191920134174, 0.608198063586997] and parameters: {'n_estimators': 64, 'learning_rate': 0.029385442161128397, 'subsample': 0.6137554084460873, 'colsample_bytree': 0.7350460685614512, 'min_child_weight': 8}.
[I 2026-05-15 17:58:46,170] Trial 211 finished with values: [0.21046865718155594, 0.8106548244320504] and parameters: {'n_estimators': 194, 'learning_rate': 0.025985724173338116, 'subsample': 0.9002459006563434, 'colsample_bytree': 0.8404460046972835, 'min_child_weight': 9}.
[I 2026-05-15 17:58:46,719] Trial 212 finished with values: [0.2323453063199517, 0.7471214481633973] and parameters: {'n_estimators': 225, 'learning_rate': 0.01702458290769914, 'subsample': 0.7257423924305306, 'colsample_bytree': 0.8034282764658811, 'min_child_weight': 3}.
[I 2026-05-15 17:58:47,125] Trial 213 finished with values: [0.25412924824056365, 0.6683544318011256] and parameters: {'n_estimators': 54, 'learning_rate': 0.025985724173338116, 'subsample': 0.6043350605921193, 'colsample_bytree': 0.6377771843023713, 'min_child_weight': 2}.
[I 2026-05-15 17:58:47,650] Trial 214 finished with values: [0.19004930363098463, 1.1010880117076163] and parameters: {'n_estimators': 54, 'learning_rate': 0.21744977418953557, 'subsample': 0.6097263865725815, 'colsample_bytree': 0.8598531596188859, 'min_child_weight': 1}.
[I 2026-05-15 17:58:48,212] Trial 215 finished with values: [0.27049577019125304, 0.670587869561567] and parameters: {'n_estimators': 66, 'learning_rate': 0.029625450352016573, 'subsample': 0.6313825525369063, 'colsample_bytree': 0.9637281608315128, 'min_child_weight': 1}.
[I 2026-05-15 17:58:49,092] Trial 216 finished with values: [0.254650044536774, 0.8804948045884784] and parameters: {'n_estimators': 478, 'learning_rate': 0.029385442161128397, 'subsample': 0.6137554084460873, 'colsample_bytree': 0.9637281608315128, 'min_child_weight': 10}.
[I 2026-05-15 17:58:49,539] Trial 217 finished with values: [0.25657074165499194, 0.762856226121448] and parameters: {'n_estimators': 66, 'learning_rate': 0.08710745900492396, 'subsample': 0.6479461469334731, 'colsample_bytree': 0.8503439662856945, 'min_child_weight': 10}.
[I 2026-05-15 17:58:50,220] Trial 218 finished with values: [0.23629610231940196, 0.7362434090138119] and parameters: {'n_estimators': 308, 'learning_rate': 0.012184186502221764, 'subsample': 0.8527348848679197, 'colsample_bytree': 0.7793782087913279, 'min_child_weight': 7}.
[I 2026-05-15 17:58:50,787] Trial 219 finished with values: [0.20404074922354232, 1.063601401212061] and parameters: {'n_estimators': 182, 'learning_rate': 0.03058280993112278, 'subsample': 0.9698774473114251, 'colsample_bytree': 0.9509357413523924, 'min_child_weight': 3}.
[I 2026-05-15 17:58:51,210] Trial 220 finished with values: [0.24134623229131655, 0.7143467996774049] and parameters: {'n_estimators': 54, 'learning_rate': 0.05838706626832953, 'subsample': 0.8690073824308153, 'colsample_bytree': 0.6027808522124762, 'min_child_weight': 7}.
/home/mklemmingen/PycharmProjects/migraine-forecasting-shd/.venv/lib/python3.13/site-packages/sklearn/linear_model/_sag.py:348: ConvergenceWarning: The max_iter was reached which means the coef_ did not converge
  warnings.warn(
[I 2026-05-15 17:58:51,812] Trial 221 finished with values: [0.2560922286570443, 0.5921616839963082] and parameters: {'n_estimators': 66, 'learning_rate': 0.01471005003927122, 'subsample': 0.900949811775072, 'colsample_bytree': 0.9166316174903394, 'min_child_weight': 1}.
[I 2026-05-15 17:58:52,316] Trial 222 finished with values: [0.1977577172423374, 1.0373335044337493] and parameters: {'n_estimators': 120, 'learning_rate': 0.1466769064893309, 'subsample': 0.6364824412194762, 'colsample_bytree': 0.8404460046972835, 'min_child_weight': 5}.
/home/mklemmingen/PycharmProjects/migraine-forecasting-shd/.venv/lib/python3.13/site-packages/sklearn/linear_model/_sag.py:348: ConvergenceWarning: The max_iter was reached which means the coef_ did not converge
  warnings.warn(
[I 2026-05-15 17:58:52,824] Trial 223 finished with values: [0.2555241330776381, 0.6605822380086146] and parameters: {'n_estimators': 66, 'learning_rate': 0.01610352961694889, 'subsample': 0.7257423924305306, 'colsample_bytree': 0.6027808522124762, 'min_child_weight': 1}.
/home/mklemmingen/PycharmProjects/migraine-forecasting-shd/.venv/lib/python3.13/site-packages/sklearn/linear_model/_sag.py:348: ConvergenceWarning: The max_iter was reached which means the coef_ did not converge
  warnings.warn(
[I 2026-05-15 17:58:53,329] Trial 224 finished with values: [0.2550930341599439, 0.6019858667185077] and parameters: {'n_estimators': 70, 'learning_rate': 0.017797595772834223, 'subsample': 0.9718790609370292, 'colsample_bytree': 0.6693177280283383, 'min_child_weight': 7}.
/home/mklemmingen/PycharmProjects/migraine-forecasting-shd/.venv/lib/python3.13/site-packages/sklearn/linear_model/_sag.py:348: ConvergenceWarning: The max_iter was reached which means the coef_ did not converge
  warnings.warn(
[I 2026-05-15 17:58:53,893] Trial 225 finished with values: [0.2493501197455222, 0.6287068817588881] and parameters: {'n_estimators': 54, 'learning_rate': 0.01412166070620751, 'subsample': 0.6230235040066577, 'colsample_bytree': 0.8198115529294943, 'min_child_weight': 5}.
[I 2026-05-15 17:58:54,274] Trial 226 finished with values: [0.21591241778764342, 1.2101086671942558] and parameters: {'n_estimators': 64, 'learning_rate': 0.20476075218575424, 'subsample': 0.7257423924305306, 'colsample_bytree': 0.8034282764658811, 'min_child_weight': 4}.
[I 2026-05-15 17:58:54,813] Trial 227 finished with values: [0.24557825243435633, 0.6769064523365811] and parameters: {'n_estimators': 54, 'learning_rate': 0.025985724173338116, 'subsample': 0.7168578594140873, 'colsample_bytree': 0.6468268065710423, 'min_child_weight': 1}.
[I 2026-05-15 17:58:55,355] Trial 228 finished with values: [0.2355652083016822, 0.6502891905864623] and parameters: {'n_estimators': 64, 'learning_rate': 0.08710745900492396, 'subsample': 0.7257423924305306, 'colsample_bytree': 0.6571966728211344, 'min_child_weight': 10}.
/home/mklemmingen/PycharmProjects/migraine-forecasting-shd/.venv/lib/python3.13/site-packages/sklearn/linear_model/_sag.py:348: ConvergenceWarning: The max_iter was reached which means the coef_ did not converge
  warnings.warn(
[I 2026-05-15 17:58:55,955] Trial 229 finished with values: [0.2555241330776381, 0.6605822380086146] and parameters: {'n_estimators': 66, 'learning_rate': 0.01610352961694889, 'subsample': 0.7257423924305306, 'colsample_bytree': 0.6027808522124762, 'min_child_weight': 1}.
/home/mklemmingen/PycharmProjects/migraine-forecasting-shd/.venv/lib/python3.13/site-packages/sklearn/linear_model/_sag.py:348: ConvergenceWarning: The max_iter was reached which means the coef_ did not converge
  warnings.warn(
[I 2026-05-15 17:58:56,426] Trial 230 finished with values: [0.263211363429307, 0.6637641430550134] and parameters: {'n_estimators': 66, 'learning_rate': 0.017303875834205888, 'subsample': 0.9046042526869889, 'colsample_bytree': 0.8598531596188859, 'min_child_weight': 7}.
[I 2026-05-15 17:58:57,192] Trial 231 finished with values: [0.23337400834226535, 0.8736635058393739] and parameters: {'n_estimators': 328, 'learning_rate': 0.019462886350651437, 'subsample': 0.6313825525369063, 'colsample_bytree': 0.8404460046972835, 'min_child_weight': 8}.
/home/mklemmingen/PycharmProjects/migraine-forecasting-shd/.venv/lib/python3.13/site-packages/sklearn/linear_model/_sag.py:348: ConvergenceWarning: The max_iter was reached which means the coef_ did not converge
  warnings.warn(
[I 2026-05-15 17:58:57,769] Trial 232 finished with values: [0.24384714431675314, 0.6567699571505466] and parameters: {'n_estimators': 54, 'learning_rate': 0.014104914380026676, 'subsample': 0.9464704583099741, 'colsample_bytree': 0.858188918362867, 'min_child_weight': 1}.
[I 2026-05-15 17:58:58,553] Trial 233 finished with values: [0.23627526860102024, 0.7702440496180987] and parameters: {'n_estimators': 366, 'learning_rate': 0.012184186502221764, 'subsample': 0.6479461469334731, 'colsample_bytree': 0.7350460685614512, 'min_child_weight': 3}.
[I 2026-05-15 17:58:59,124] Trial 234 finished with values: [0.23365878515854588, 0.5852026041336037] and parameters: {'n_estimators': 180, 'learning_rate': 0.012184186502221764, 'subsample': 0.8786948661456602, 'colsample_bytree': 0.7727780074568463, 'min_child_weight': 1}.
/home/mklemmingen/PycharmProjects/migraine-forecasting-shd/.venv/lib/python3.13/site-packages/sklearn/linear_model/_sag.py:348: ConvergenceWarning: The max_iter was reached which means the coef_ did not converge
  warnings.warn(
[I 2026-05-15 17:58:59,590] Trial 235 finished with values: [0.23429833460657376, 0.6428882677701339] and parameters: {'n_estimators': 54, 'learning_rate': 0.01607123851203988, 'subsample': 0.9718790609370292, 'colsample_bytree': 0.8034282764658811, 'min_child_weight': 7}.
[I 2026-05-15 17:59:00,108] Trial 236 finished with values: [0.25287792403210185, 0.6433605115832146] and parameters: {'n_estimators': 180, 'learning_rate': 0.012184186502221764, 'subsample': 0.8654007076432223, 'colsample_bytree': 0.9232481518257668, 'min_child_weight': 5}.
[I 2026-05-15 17:59:00,565] Trial 237 finished with values: [0.25496313615579835, 0.6548148759296444] and parameters: {'n_estimators': 54, 'learning_rate': 0.025985724173338116, 'subsample': 0.6097263865725815, 'colsample_bytree': 0.8034282764658811, 'min_child_weight': 1}.
/home/mklemmingen/PycharmProjects/migraine-forecasting-shd/.venv/lib/python3.13/site-packages/sklearn/linear_model/_sag.py:348: ConvergenceWarning: The max_iter was reached which means the coef_ did not converge
  warnings.warn(
[I 2026-05-15 17:59:01,051] Trial 238 finished with values: [0.256075049685463, 0.6112117089350388] and parameters: {'n_estimators': 54, 'learning_rate': 0.0212853192163843, 'subsample': 0.7544410551203097, 'colsample_bytree': 0.9760920965699831, 'min_child_weight': 10}.
[I 2026-05-15 17:59:01,882] Trial 239 finished with values: [0.19895511115850198, 0.9885159963307929] and parameters: {'n_estimators': 420, 'learning_rate': 0.01471005003927122, 'subsample': 0.8786948661456602, 'colsample_bytree': 0.8598531596188859, 'min_child_weight': 1}.
/home/mklemmingen/PycharmProjects/migraine-forecasting-shd/.venv/lib/python3.13/site-packages/sklearn/linear_model/_sag.py:348: ConvergenceWarning: The max_iter was reached which means the coef_ did not converge
  warnings.warn(
[I 2026-05-15 17:59:02,445] Trial 240 finished with values: [0.23915239362848778, 0.6728982563632275] and parameters: {'n_estimators': 54, 'learning_rate': 0.028145092716060652, 'subsample': 0.8654007076432223, 'colsample_bytree': 0.7727780074568463, 'min_child_weight': 7}.
[I 2026-05-15 17:59:02,885] Trial 241 finished with values: [0.21704762873768618, 0.808684270452833] and parameters: {'n_estimators': 66, 'learning_rate': 0.11046009304545999, 'subsample': 0.8012545034320351, 'colsample_bytree': 0.6027808522124762, 'min_child_weight': 10}.
/home/mklemmingen/PycharmProjects/migraine-forecasting-shd/.venv/lib/python3.13/site-packages/sklearn/linear_model/_sag.py:348: ConvergenceWarning: The max_iter was reached which means the coef_ did not converge
  warnings.warn(
[I 2026-05-15 17:59:03,468] Trial 242 finished with values: [0.280400292014951, 0.6487209272441745] and parameters: {'n_estimators': 66, 'learning_rate': 0.0178601378893971, 'subsample': 0.6313825525369063, 'colsample_bytree': 0.8598531596188859, 'min_child_weight': 1}.
/home/mklemmingen/PycharmProjects/migraine-forecasting-shd/.venv/lib/python3.13/site-packages/sklearn/linear_model/_sag.py:348: ConvergenceWarning: The max_iter was reached which means the coef_ did not converge
  warnings.warn(
[I 2026-05-15 17:59:04,024] Trial 243 finished with values: [0.2409565480808195, 0.6313021276739015] and parameters: {'n_estimators': 54, 'learning_rate': 0.025985724173338116, 'subsample': 0.6137554084460873, 'colsample_bytree': 0.6325395122567599, 'min_child_weight': 10}.
[I 2026-05-15 17:59:04,455] Trial 244 finished with values: [0.24395086136468205, 0.6565028169789728] and parameters: {'n_estimators': 54, 'learning_rate': 0.030245085073501415, 'subsample': 0.7257423924305306, 'colsample_bytree': 0.7350460685614512, 'min_child_weight': 1}.
/home/mklemmingen/PycharmProjects/migraine-forecasting-shd/.venv/lib/python3.13/site-packages/sklearn/linear_model/_sag.py:348: ConvergenceWarning: The max_iter was reached which means the coef_ did not converge
  warnings.warn(
[I 2026-05-15 17:59:04,935] Trial 245 finished with values: [0.21733531003809414, 0.6281535682888496] and parameters: {'n_estimators': 54, 'learning_rate': 0.0212853192163843, 'subsample': 0.616291520927588, 'colsample_bytree': 0.7465447373174767, 'min_child_weight': 10}.
/home/mklemmingen/PycharmProjects/migraine-forecasting-shd/.venv/lib/python3.13/site-packages/sklearn/linear_model/_sag.py:348: ConvergenceWarning: The max_iter was reached which means the coef_ did not converge
  warnings.warn(
[I 2026-05-15 17:59:05,537] Trial 246 finished with values: [0.27033500983474934, 0.6084591651303615] and parameters: {'n_estimators': 66, 'learning_rate': 0.01610352961694889, 'subsample': 0.9208787923016158, 'colsample_bytree': 0.8598531596188859, 'min_child_weight': 10}.
[I 2026-05-15 17:59:06,138] Trial 247 finished with values: [0.21133764475096398, 0.7259808162235817] and parameters: {'n_estimators': 120, 'learning_rate': 0.029385442161128397, 'subsample': 0.6137554084460873, 'colsample_bytree': 0.9637281608315128, 'min_child_weight': 2}.
[I 2026-05-15 17:59:06,682] Trial 248 finished with values: [0.2550230584668375, 0.6540794389659613] and parameters: {'n_estimators': 66, 'learning_rate': 0.035714399098231424, 'subsample': 0.6313825525369063, 'colsample_bytree': 0.7482568588267564, 'min_child_weight': 1}.
[I 2026-05-15 17:59:07,112] Trial 249 finished with values: [0.2398527567907888, 0.853493137985302] and parameters: {'n_estimators': 54, 'learning_rate': 0.05838706626832953, 'subsample': 0.7257423924305306, 'colsample_bytree': 0.8034282764658811, 'min_child_weight': 2}.
[I 2026-05-15 17:59:07,644] Trial 250 finished with values: [0.21808299542060244, 1.1813809850801342] and parameters: {'n_estimators': 54, 'learning_rate': 0.15870971677383489, 'subsample': 0.8654007076432223, 'colsample_bytree': 0.8404460046972835, 'min_child_weight': 3}.
[I 2026-05-15 17:59:08,425] Trial 251 finished with values: [0.21344798466316267, 1.3736246347411933] and parameters: {'n_estimators': 477, 'learning_rate': 0.0212853192163843, 'subsample': 0.7544410551203097, 'colsample_bytree': 0.9944004255291483, 'min_child_weight': 3}.
[I 2026-05-15 17:59:08,979] Trial 252 finished with values: [0.24111424745840582, 1.0159816244120525] and parameters: {'n_estimators': 54, 'learning_rate': 0.129667438075127, 'subsample': 0.7505038342123663, 'colsample_bytree': 0.8034282764658811, 'min_child_weight': 8}.
/home/mklemmingen/PycharmProjects/migraine-forecasting-shd/.venv/lib/python3.13/site-packages/sklearn/linear_model/_sag.py:348: ConvergenceWarning: The max_iter was reached which means the coef_ did not converge
  warnings.warn(
[I 2026-05-15 17:59:09,466] Trial 253 finished with values: [0.2500589646235116, 0.6032853850580474] and parameters: {'n_estimators': 66, 'learning_rate': 0.01610352961694889, 'subsample': 0.6313825525369063, 'colsample_bytree': 0.8598531596188859, 'min_child_weight': 9}.
/home/mklemmingen/PycharmProjects/migraine-forecasting-shd/.venv/lib/python3.13/site-packages/sklearn/linear_model/_sag.py:348: ConvergenceWarning: The max_iter was reached which means the coef_ did not converge
  warnings.warn(
[I 2026-05-15 17:59:10,030] Trial 254 finished with values: [0.25332499553663057, 0.5946196982146872] and parameters: {'n_estimators': 64, 'learning_rate': 0.01058040360169664, 'subsample': 0.7257423924305306, 'colsample_bytree': 0.7727780074568463, 'min_child_weight': 4}.
/home/mklemmingen/PycharmProjects/migraine-forecasting-shd/.venv/lib/python3.13/site-packages/sklearn/linear_model/_sag.py:348: ConvergenceWarning: The max_iter was reached which means the coef_ did not converge
  warnings.warn(
[I 2026-05-15 17:59:10,553] Trial 255 finished with values: [0.2804939562172679, 0.6389455958064054] and parameters: {'n_estimators': 66, 'learning_rate': 0.01610352961694889, 'subsample': 0.6334002866794675, 'colsample_bytree': 0.6027808522124762, 'min_child_weight': 1}.
[I 2026-05-15 17:59:11,003] Trial 256 finished with values: [0.21987439150703098, 0.7486140590822705] and parameters: {'n_estimators': 64, 'learning_rate': 0.08710745900492396, 'subsample': 0.7650470707645706, 'colsample_bytree': 0.8503439662856945, 'min_child_weight': 10}.
/home/mklemmingen/PycharmProjects/migraine-forecasting-shd/.venv/lib/python3.13/site-packages/sklearn/linear_model/_sag.py:348: ConvergenceWarning: The max_iter was reached which means the coef_ did not converge
  warnings.warn(
[I 2026-05-15 17:59:11,513] Trial 257 finished with values: [0.2564127022365154, 0.6067145439184541] and parameters: {'n_estimators': 60, 'learning_rate': 0.01471005003927122, 'subsample': 0.6479461469334731, 'colsample_bytree': 0.9108587663709747, 'min_child_weight': 7}.
[I 2026-05-15 17:59:12,257] Trial 258 finished with values: [0.23311907896821293, 0.8420154304309431] and parameters: {'n_estimators': 301, 'learning_rate': 0.019462886350651437, 'subsample': 0.6313825525369063, 'colsample_bytree': 0.6020246335384875, 'min_child_weight': 1}.
[I 2026-05-15 17:59:12,765] Trial 259 finished with values: [0.23646407512209336, 0.6843693830808963] and parameters: {'n_estimators': 54, 'learning_rate': 0.05838706626832953, 'subsample': 0.8654007076432223, 'colsample_bytree': 0.7696888036987906, 'min_child_weight': 2}.
/home/mklemmingen/PycharmProjects/migraine-forecasting-shd/.venv/lib/python3.13/site-packages/sklearn/linear_model/_sag.py:348: ConvergenceWarning: The max_iter was reached which means the coef_ did not converge
  warnings.warn(
[I 2026-05-15 17:59:13,232] Trial 260 finished with values: [0.26451893017859207, 0.6162633965880471] and parameters: {'n_estimators': 66, 'learning_rate': 0.0178601378893971, 'subsample': 0.9002459006563434, 'colsample_bytree': 0.8598531596188859, 'min_child_weight': 8}.
/home/mklemmingen/PycharmProjects/migraine-forecasting-shd/.venv/lib/python3.13/site-packages/sklearn/linear_model/_sag.py:348: ConvergenceWarning: The max_iter was reached which means the coef_ did not converge
  warnings.warn(
[I 2026-05-15 17:59:13,703] Trial 261 finished with values: [0.2558400275370218, 0.6327725131490671] and parameters: {'n_estimators': 54, 'learning_rate': 0.010639368372762009, 'subsample': 0.9718790609370292, 'colsample_bytree': 0.6377771843023713, 'min_child_weight': 3}.
[I 2026-05-15 17:59:14,139] Trial 262 finished with values: [0.2454837276746281, 0.6150072649364674] and parameters: {'n_estimators': 54, 'learning_rate': 0.05838706626832953, 'subsample': 0.8654007076432223, 'colsample_bytree': 0.9625417540378944, 'min_child_weight': 5}.
/home/mklemmingen/PycharmProjects/migraine-forecasting-shd/.venv/lib/python3.13/site-packages/sklearn/linear_model/_sag.py:348: ConvergenceWarning: The max_iter was reached which means the coef_ did not converge
  warnings.warn(
[I 2026-05-15 17:59:14,687] Trial 263 finished with values: [0.2673889804491258, 0.6456908074922298] and parameters: {'n_estimators': 66, 'learning_rate': 0.019462886350651437, 'subsample': 0.8786948661456602, 'colsample_bytree': 0.6020246335384875, 'min_child_weight': 1}.
/home/mklemmingen/PycharmProjects/migraine-forecasting-shd/.venv/lib/python3.13/site-packages/sklearn/linear_model/_sag.py:348: ConvergenceWarning: The max_iter was reached which means the coef_ did not converge
  warnings.warn(
[I 2026-05-15 17:59:15,197] Trial 264 finished with values: [0.23097994784340684, 0.6339537860273016] and parameters: {'n_estimators': 100, 'learning_rate': 0.01471005003927122, 'subsample': 0.6313825525369063, 'colsample_bytree': 0.8598531596188859, 'min_child_weight': 4}.
/home/mklemmingen/PycharmProjects/migraine-forecasting-shd/.venv/lib/python3.13/site-packages/sklearn/linear_model/_sag.py:348: ConvergenceWarning: The max_iter was reached which means the coef_ did not converge
  warnings.warn(
[I 2026-05-15 17:59:15,780] Trial 265 finished with values: [0.25531232940064863, 0.6448554941588622] and parameters: {'n_estimators': 70, 'learning_rate': 0.01058040360169664, 'subsample': 0.9718790609370292, 'colsample_bytree': 0.7350460685614512, 'min_child_weight': 3}.
/home/mklemmingen/PycharmProjects/migraine-forecasting-shd/.venv/lib/python3.13/site-packages/sklearn/linear_model/_sag.py:348: ConvergenceWarning: The max_iter was reached which means the coef_ did not converge
  warnings.warn(
[I 2026-05-15 17:59:16,241] Trial 266 finished with values: [0.2638910264230223, 0.6375610019916074] and parameters: {'n_estimators': 54, 'learning_rate': 0.0212853192163843, 'subsample': 0.7257423924305306, 'colsample_bytree': 0.8034282764658811, 'min_child_weight': 3}.
/home/mklemmingen/PycharmProjects/migraine-forecasting-shd/.venv/lib/python3.13/site-packages/sklearn/linear_model/_sag.py:348: ConvergenceWarning: The max_iter was reached which means the coef_ did not converge
  warnings.warn(
[I 2026-05-15 17:59:16,719] Trial 267 finished with values: [0.2574313784101182, 0.6128743418002957] and parameters: {'n_estimators': 66, 'learning_rate': 0.01610352961694889, 'subsample': 0.9208787923016158, 'colsample_bytree': 0.8598531596188859, 'min_child_weight': 5}.
