[I 2026-05-15 17:28:41,906] Trial 153 finished with values: [0.7166040586733222, 0.660742628615686] and parameters: {'n_estimators': 128, 'learning_rate': 0.0178601378893971, 'subsample': 0.7546941385202149, 'colsample_bytree': 0.9425959364753289, 'min_child_weight': 2}.
[I 2026-05-15 17:28:42,664] Trial 154 finished with values: [0.7420557737468603, 0.6964896583015175] and parameters: {'n_estimators': 324, 'learning_rate': 0.01607123851203988, 'subsample': 0.8048372233197124, 'colsample_bytree': 0.9795542149013333, 'min_child_weight': 10}.
[I 2026-05-15 17:28:43,248] Trial 155 finished with values: [0.7177007968492237, 0.6365936812627921] and parameters: {'n_estimators': 225, 'learning_rate': 0.012184186502221764, 'subsample': 0.892797576724562, 'colsample_bytree': 0.8394633936788146, 'min_child_weight': 8}.
[I 2026-05-15 17:28:43,890] Trial 156 finished with values: [0.7281856038587985, 0.6442221230341222] and parameters: {'n_estimators': 156, 'learning_rate': 0.09396591857488666, 'subsample': 0.602208846849441, 'colsample_bytree': 0.8598531596188859, 'min_child_weight': 2}.
[I 2026-05-15 17:28:44,530] Trial 157 finished with values: [0.7471384426607985, 0.6329222486386997] and parameters: {'n_estimators': 339, 'learning_rate': 0.013313275850595153, 'subsample': 0.6646514856378455, 'colsample_bytree': 0.9594216754108317, 'min_child_weight': 10}.
[I 2026-05-15 17:28:45,287] Trial 158 finished with values: [0.7629091930198921, 0.6942659911769693] and parameters: {'n_estimators': 414, 'learning_rate': 0.016149614799999188, 'subsample': 0.6746280235544143, 'colsample_bytree': 0.8736932106048627, 'min_child_weight': 5}.
[I 2026-05-15 17:28:45,967] Trial 159 finished with values: [0.7671165036857311, 0.8782065193919106] and parameters: {'n_estimators': 324, 'learning_rate': 0.2736872535680783, 'subsample': 0.7572390898667042, 'colsample_bytree': 0.9568186220708453, 'min_child_weight': 7}.
[I 2026-05-15 17:28:46,643] Trial 160 finished with values: [0.7499004392520844, 0.6366186740133088] and parameters: {'n_estimators': 324, 'learning_rate': 0.022587177280197233, 'subsample': 0.6260206371941118, 'colsample_bytree': 0.6282274989601719, 'min_child_weight': 10}.
[I 2026-05-15 17:28:47,324] Trial 161 finished with values: [0.738472309827699, 0.7332846026777768] and parameters: {'n_estimators': 339, 'learning_rate': 0.10485733570643786, 'subsample': 0.7546941385202149, 'colsample_bytree': 0.9746919954946938, 'min_child_weight': 2}.
[I 2026-05-15 17:28:47,854] Trial 162 finished with values: [0.7299148569745805, 0.7911875806583033] and parameters: {'n_estimators': 61, 'learning_rate': 0.07332660227137139, 'subsample': 0.9442922333025374, 'colsample_bytree': 0.6027808522124762, 'min_child_weight': 6}.
[I 2026-05-15 17:28:48,448] Trial 163 finished with values: [0.6736110782928408, 0.8480190962190115] and parameters: {'n_estimators': 128, 'learning_rate': 0.05388108577817234, 'subsample': 0.6390688456025535, 'colsample_bytree': 0.9760920965699831, 'min_child_weight': 3}.
[I 2026-05-15 17:28:49,217] Trial 164 finished with values: [0.7592958171392544, 0.8675738117689684] and parameters: {'n_estimators': 324, 'learning_rate': 0.10485733570643786, 'subsample': 0.6260206371941118, 'colsample_bytree': 0.8736932106048627, 'min_child_weight': 6}.
[I 2026-05-15 17:28:49,828] Trial 165 finished with values: [0.7399037501136283, 0.7370793887051981] and parameters: {'n_estimators': 128, 'learning_rate': 0.05388108577817234, 'subsample': 0.7552679704826087, 'colsample_bytree': 0.9637281608315128, 'min_child_weight': 3}.
[I 2026-05-15 17:28:50,400] Trial 166 finished with values: [0.7101769274648891, 0.7190637365856667] and parameters: {'n_estimators': 64, 'learning_rate': 0.08710745900492396, 'subsample': 0.8573152873769412, 'colsample_bytree': 0.7833011561966067, 'min_child_weight': 10}.
[I 2026-05-15 17:28:51,290] Trial 167 finished with values: [0.759266851733912, 0.8340345772827359] and parameters: {'n_estimators': 474, 'learning_rate': 0.16155001304356414, 'subsample': 0.6508242050607539, 'colsample_bytree': 0.6027808522124762, 'min_child_weight': 6}.
[I 2026-05-15 17:28:51,938] Trial 168 finished with values: [0.7693756412883059, 0.760994732988201] and parameters: {'n_estimators': 296, 'learning_rate': 0.022587177280197233, 'subsample': 0.6579579488364892, 'colsample_bytree': 0.9960215400417053, 'min_child_weight': 10}.
[I 2026-05-15 17:28:52,706] Trial 169 finished with values: [0.7628330923159564, 0.899222818664396] and parameters: {'n_estimators': 439, 'learning_rate': 0.022587177280197233, 'subsample': 0.8985965620472096, 'colsample_bytree': 0.8598531596188859, 'min_child_weight': 9}.
[I 2026-05-15 17:28:53,316] Trial 170 finished with values: [0.7642613669901451, 0.894784817470125] and parameters: {'n_estimators': 128, 'learning_rate': 0.24584290528289388, 'subsample': 0.7257423924305306, 'colsample_bytree': 0.6180909155642152, 'min_child_weight': 8}.
[I 2026-05-15 17:28:54,250] Trial 171 finished with values: [0.7492396575885308, 0.7221536820140468] and parameters: {'n_estimators': 443, 'learning_rate': 0.016149614799999188, 'subsample': 0.6746280235544143, 'colsample_bytree': 0.9795542149013333, 'min_child_weight': 5}.
[I 2026-05-15 17:28:54,832] Trial 172 finished with values: [0.7489948600102319, 1.0810477586380398] and parameters: {'n_estimators': 242, 'learning_rate': 0.10485733570643786, 'subsample': 0.7544410551203097, 'colsample_bytree': 0.9844762255295657, 'min_child_weight': 6}.
[I 2026-05-15 17:28:55,633] Trial 173 finished with values: [0.7444756009519491, 0.668947780953969] and parameters: {'n_estimators': 458, 'learning_rate': 0.08710745900492396, 'subsample': 0.637469907131237, 'colsample_bytree': 0.8245108790277985, 'min_child_weight': 3}.
[I 2026-05-15 17:28:56,558] Trial 174 finished with values: [0.7599683234966552, 0.6842011862251673] and parameters: {'n_estimators': 459, 'learning_rate': 0.019462886350651437, 'subsample': 0.6579579488364892, 'colsample_bytree': 0.6905983100791752, 'min_child_weight': 10}.
[I 2026-05-15 17:28:57,260] Trial 175 finished with values: [0.7243378103168224, 0.5899680448551768] and parameters: {'n_estimators': 433, 'learning_rate': 0.2708160864249968, 'subsample': 0.9329770563201687, 'colsample_bytree': 0.6849356442713105, 'min_child_weight': 1}.
[I 2026-05-15 17:28:57,825] Trial 176 finished with values: [0.7643521045654028, 0.7143549364370975] and parameters: {'n_estimators': 225, 'learning_rate': 0.2536999076681772, 'subsample': 0.892797576724562, 'colsample_bytree': 0.8736932106048627, 'min_child_weight': 1}.
[I 2026-05-15 17:28:58,582] Trial 177 finished with values: [0.7530300394662479, 0.8235680157870003] and parameters: {'n_estimators': 465, 'learning_rate': 0.10485733570643786, 'subsample': 0.8125418526272592, 'colsample_bytree': 0.6440207698110707, 'min_child_weight': 2}.
[I 2026-05-15 17:28:59,244] Trial 178 finished with values: [0.7208408965160711, 0.6805152984377199] and parameters: {'n_estimators': 355, 'learning_rate': 0.010639368372762009, 'subsample': 0.6579579488364892, 'colsample_bytree': 0.6377771843023713, 'min_child_weight': 10}.
[I 2026-05-15 17:29:00,038] Trial 179 finished with values: [0.7529756546503613, 0.9371305893877778] and parameters: {'n_estimators': 459, 'learning_rate': 0.10206664092951903, 'subsample': 0.6284754593840916, 'colsample_bytree': 0.7275902521175045, 'min_child_weight': 10}.
[I 2026-05-15 17:29:00,928] Trial 180 finished with values: [0.7201766066180351, 0.7530615665716597] and parameters: {'n_estimators': 465, 'learning_rate': 0.01351182947645082, 'subsample': 0.9046478461314871, 'colsample_bytree': 0.6180909155642152, 'min_child_weight': 4}.
[I 2026-05-15 17:29:01,593] Trial 181 finished with values: [0.7451687149437166, 0.8144687725292586] and parameters: {'n_estimators': 238, 'learning_rate': 0.0212853192163843, 'subsample': 0.9379501243877818, 'colsample_bytree': 0.7350460685614512, 'min_child_weight': 7}.
[I 2026-05-15 17:29:02,013] Trial 182 finished with values: [0.7521216497449488, 0.849888083688014] and parameters: {'n_estimators': 60, 'learning_rate': 0.10485733570643786, 'subsample': 0.9659457560881795, 'colsample_bytree': 0.8736932106048627, 'min_child_weight': 8}.
[I 2026-05-15 17:29:02,771] Trial 183 finished with values: [0.7491606382206857, 0.8609138971927182] and parameters: {'n_estimators': 426, 'learning_rate': 0.05388108577817234, 'subsample': 0.6746074041599417, 'colsample_bytree': 0.7594018937589494, 'min_child_weight': 7}.
[I 2026-05-15 17:29:03,529] Trial 184 finished with values: [0.7611005496512012, 0.8027382419825322] and parameters: {'n_estimators': 417, 'learning_rate': 0.030245085073501415, 'subsample': 0.6260206371941118, 'colsample_bytree': 0.6027808522124762, 'min_child_weight': 9}.
[I 2026-05-15 17:29:04,019] Trial 185 finished with values: [0.7623419540829002, 0.8667454982963912] and parameters: {'n_estimators': 128, 'learning_rate': 0.10485733570643786, 'subsample': 0.6479461469334731, 'colsample_bytree': 0.6027808522124762, 'min_child_weight': 2}.
[I 2026-05-15 17:29:04,705] Trial 186 finished with values: [0.755447087929088, 0.6358700573307333] and parameters: {'n_estimators': 324, 'learning_rate': 0.016149614799999188, 'subsample': 0.6260206371941118, 'colsample_bytree': 0.6298202574719083, 'min_child_weight': 10}.
[I 2026-05-15 17:29:05,491] Trial 187 finished with values: [0.727171858918565, 0.7056673521571298] and parameters: {'n_estimators': 339, 'learning_rate': 0.013313275850595153, 'subsample': 0.7272013899887455, 'colsample_bytree': 0.7127419099093599, 'min_child_weight': 2}.
[I 2026-05-15 17:29:06,138] Trial 188 finished with values: [0.7564741066627452, 0.7230421971004838] and parameters: {'n_estimators': 339, 'learning_rate': 0.022587177280197233, 'subsample': 0.8786948661456602, 'colsample_bytree': 0.7755885682822544, 'min_child_weight': 8}.
[I 2026-05-15 17:29:06,695] Trial 189 finished with values: [0.7273865511006413, 0.6751986295004456] and parameters: {'n_estimators': 128, 'learning_rate': 0.10485733570643786, 'subsample': 0.6746074041599417, 'colsample_bytree': 0.7350460685614512, 'min_child_weight': 10}.
[I 2026-05-15 17:29:07,474] Trial 190 finished with values: [0.7484943400761674, 1.0109196978024055] and parameters: {'n_estimators': 426, 'learning_rate': 0.10485733570643786, 'subsample': 0.6746074041599417, 'colsample_bytree': 0.9746919954946938, 'min_child_weight': 6}.
[I 2026-05-15 17:29:08,252] Trial 191 finished with values: [0.74097611111003, 0.884261605539528] and parameters: {'n_estimators': 333, 'learning_rate': 0.19775731712985178, 'subsample': 0.6390688456025535, 'colsample_bytree': 0.9795542149013333, 'min_child_weight': 5}.
[I 2026-05-15 17:29:09,017] Trial 192 finished with values: [0.7471400700609067, 0.8815017030318334] and parameters: {'n_estimators': 465, 'learning_rate': 0.1218397677644799, 'subsample': 0.7272013899887455, 'colsample_bytree': 0.6180909155642152, 'min_child_weight': 4}.
[I 2026-05-15 17:29:09,830] Trial 193 finished with values: [0.7580612422282089, 0.8982803932010878] and parameters: {'n_estimators': 355, 'learning_rate': 0.030245085073501415, 'subsample': 0.8048372233197124, 'colsample_bytree': 0.6905983100791752, 'min_child_weight': 7}.
[I 2026-05-15 17:29:10,575] Trial 194 finished with values: [0.7690402757086823, 0.7833626997565025] and parameters: {'n_estimators': 426, 'learning_rate': 0.029773579612263783, 'subsample': 0.6746074041599417, 'colsample_bytree': 0.9213923721539394, 'min_child_weight': 10}.
[I 2026-05-15 17:29:11,335] Trial 195 finished with values: [0.7509883118618449, 0.7739084105624919] and parameters: {'n_estimators': 465, 'learning_rate': 0.02609752135980675, 'subsample': 0.637469907131237, 'colsample_bytree': 0.6709758175118891, 'min_child_weight': 3}.
[I 2026-05-15 17:29:11,831] Trial 196 finished with values: [0.7146219710551196, 0.6400814874993004] and parameters: {'n_estimators': 128, 'learning_rate': 0.01351182947645082, 'subsample': 0.9002459006563434, 'colsample_bytree': 0.7594018937589494, 'min_child_weight': 7}.
[I 2026-05-15 17:29:12,759] Trial 197 finished with values: [0.7469920968817578, 0.7521358888145491] and parameters: {'n_estimators': 413, 'learning_rate': 0.05388108577817234, 'subsample': 0.7546941385202149, 'colsample_bytree': 0.9637281608315128, 'min_child_weight': 3}.
[I 2026-05-15 17:29:13,576] Trial 198 finished with values: [0.7774828785925697, 0.7933057855789203] and parameters: {'n_estimators': 398, 'learning_rate': 0.019657448966046126, 'subsample': 0.602208846849441, 'colsample_bytree': 0.8736932106048627, 'min_child_weight': 8}.
[I 2026-05-15 17:29:14,352] Trial 199 finished with values: [0.7775498385202108, 0.7252843360711725] and parameters: {'n_estimators': 496, 'learning_rate': 0.09444774154985085, 'subsample': 0.6479461469334731, 'colsample_bytree': 0.8404460046972835, 'min_child_weight': 10}.
[I 2026-05-15 17:29:15,122] Trial 200 finished with values: [0.7229768903161515, 0.7685047974192607] and parameters: {'n_estimators': 459, 'learning_rate': 0.029773579612263783, 'subsample': 0.7650470707645706, 'colsample_bytree': 0.7957811041110252, 'min_child_weight': 4}.
[I 2026-05-15 17:29:15,855] Trial 201 finished with values: [0.7830066144026833, 0.8099457588299049] and parameters: {'n_estimators': 439, 'learning_rate': 0.022587177280197233, 'subsample': 0.616291520927588, 'colsample_bytree': 0.9105651842967988, 'min_child_weight': 10}.
[I 2026-05-15 17:29:16,514] Trial 202 finished with values: [0.7675466828697802, 0.8367161459209187] and parameters: {'n_estimators': 203, 'learning_rate': 0.05388108577817234, 'subsample': 0.9208787923016158, 'colsample_bytree': 0.6298202574719083, 'min_child_weight': 10}.
[I 2026-05-15 17:29:17,436] Trial 203 finished with values: [0.7608293309715298, 0.7732106906479854] and parameters: {'n_estimators': 487, 'learning_rate': 0.03404436610591982, 'subsample': 0.6390688456025535, 'colsample_bytree': 0.8736932106048627, 'min_child_weight': 6}.
[I 2026-05-15 17:29:18,283] Trial 204 finished with values: [0.7619468746180533, 0.7479159924451468] and parameters: {'n_estimators': 437, 'learning_rate': 0.016149614799999188, 'subsample': 0.6260206371941118, 'colsample_bytree': 0.6298202574719083, 'min_child_weight': 7}.
/home/mklemmingen/PycharmProjects/migraine-forecasting-shd/.venv/lib/python3.13/site-packages/sklearn/linear_model/_sag.py:348: ConvergenceWarning: The max_iter was reached which means the coef_ did not converge
  warnings.warn(
[I 2026-05-15 17:29:18,880] Trial 205 finished with values: [0.7153848580022171, 0.6645672853680089] and parameters: {'n_estimators': 64, 'learning_rate': 0.01351182947645082, 'subsample': 0.7272013899887455, 'colsample_bytree': 0.8034282764658811, 'min_child_weight': 9}.
[I 2026-05-15 17:29:19,437] Trial 206 finished with values: [0.7560877732283161, 0.8169934369800218] and parameters: {'n_estimators': 243, 'learning_rate': 0.12856643861355183, 'subsample': 0.9018171496338729, 'colsample_bytree': 0.7957811041110252, 'min_child_weight': 10}.
[I 2026-05-15 17:29:19,952] Trial 207 finished with values: [0.7570768618407037, 0.6927000600304175] and parameters: {'n_estimators': 128, 'learning_rate': 0.05388108577817234, 'subsample': 0.7546941385202149, 'colsample_bytree': 0.641249547534373, 'min_child_weight': 10}.
[I 2026-05-15 17:29:20,731] Trial 208 finished with values: [0.7668587566357384, 0.8704791082241414] and parameters: {'n_estimators': 457, 'learning_rate': 0.09444774154985085, 'subsample': 0.6479461469334731, 'colsample_bytree': 0.8021009489791429, 'min_child_weight': 10}.
[I 2026-05-15 17:29:21,498] Trial 209 finished with values: [0.7389904195824348, 0.6066024270600447] and parameters: {'n_estimators': 422, 'learning_rate': 0.01351182947645082, 'subsample': 0.6783931449676581, 'colsample_bytree': 0.6180909155642152, 'min_child_weight': 4}.
[I 2026-05-15 17:29:22,235] Trial 210 finished with values: [0.7643238403899719, 0.7274301202440737] and parameters: {'n_estimators': 465, 'learning_rate': 0.019657448966046126, 'subsample': 0.602208846849441, 'colsample_bytree': 0.6440207698110707, 'min_child_weight': 10}.
[I 2026-05-15 17:29:22,894] Trial 211 finished with values: [0.6923029648195247, 0.72435759439149] and parameters: {'n_estimators': 194, 'learning_rate': 0.013313275850595153, 'subsample': 0.6260206371941118, 'colsample_bytree': 0.6298202574719083, 'min_child_weight': 9}.
[I 2026-05-15 17:29:23,569] Trial 212 finished with values: [0.7736859081189127, 0.6393422330990852] and parameters: {'n_estimators': 225, 'learning_rate': 0.16155001304356414, 'subsample': 0.6479461469334731, 'colsample_bytree': 0.6027808522124762, 'min_child_weight': 6}.
[I 2026-05-15 17:29:24,150] Trial 213 finished with values: [0.735325440639718, 0.6502119098477489] and parameters: {'n_estimators': 238, 'learning_rate': 0.022587177280197233, 'subsample': 0.6043350605921193, 'colsample_bytree': 0.6693177280283383, 'min_child_weight': 6}.
[I 2026-05-15 17:29:24,687] Trial 214 finished with values: [0.7580684882706266, 0.6070054435773244] and parameters: {'n_estimators': 156, 'learning_rate': 0.21744977418953557, 'subsample': 0.8985965620472096, 'colsample_bytree': 0.6849356442713105, 'min_child_weight': 1}.
[I 2026-05-15 17:29:25,259] Trial 215 finished with values: [0.7467792537968576, 0.5935900761937389] and parameters: {'n_estimators': 128, 'learning_rate': 0.029625450352016573, 'subsample': 0.7257423924305306, 'colsample_bytree': 0.6298202574719083, 'min_child_weight': 8}.
[I 2026-05-15 17:29:26,138] Trial 216 finished with values: [0.7546424308914409, 0.9004532657023147] and parameters: {'n_estimators': 478, 'learning_rate': 0.08710745900492396, 'subsample': 0.7257423924305306, 'colsample_bytree': 0.8034282764658811, 'min_child_weight': 10}.
[I 2026-05-15 17:29:26,830] Trial 217 finished with values: [0.7616799015414826, 0.7556620393398864] and parameters: {'n_estimators': 339, 'learning_rate': 0.022587177280197233, 'subsample': 0.6579579488364892, 'colsample_bytree': 0.7957811041110252, 'min_child_weight': 7}.
[I 2026-05-15 17:29:27,558] Trial 218 finished with values: [0.7688203278929754, 0.9114419273739542] and parameters: {'n_estimators': 308, 'learning_rate': 0.09444774154985085, 'subsample': 0.8527348848679197, 'colsample_bytree': 0.7793782087913279, 'min_child_weight': 10}.
[I 2026-05-15 17:29:28,167] Trial 219 finished with values: [0.7474303051135436, 0.6169280422030762] and parameters: {'n_estimators': 182, 'learning_rate': 0.03058280993112278, 'subsample': 0.6783931449676581, 'colsample_bytree': 0.6180909155642152, 'min_child_weight': 4}.
[I 2026-05-15 17:29:28,654] Trial 220 finished with values: [0.7387726495871432, 0.7231077631994579] and parameters: {'n_estimators': 64, 'learning_rate': 0.08710745900492396, 'subsample': 0.8690073824308153, 'colsample_bytree': 0.8245108790277985, 'min_child_weight': 1}.
[I 2026-05-15 17:29:29,517] Trial 221 finished with values: [0.7579670781938763, 0.8314389331283056] and parameters: {'n_estimators': 459, 'learning_rate': 0.019462886350651437, 'subsample': 0.900949811775072, 'colsample_bytree': 0.9166316174903394, 'min_child_weight': 10}.
[I 2026-05-15 17:29:30,108] Trial 222 finished with values: [0.7722635664474529, 0.8830357337294193] and parameters: {'n_estimators': 120, 'learning_rate': 0.1466769064893309, 'subsample': 0.6364824412194762, 'colsample_bytree': 0.8404460046972835, 'min_child_weight': 5}.
[I 2026-05-15 17:29:30,738] Trial 223 finished with values: [0.780983896684811, 0.8084167744010434] and parameters: {'n_estimators': 324, 'learning_rate': 0.030245085073501415, 'subsample': 0.6479461469334731, 'colsample_bytree': 0.8598531596188859, 'min_child_weight': 9}.
[I 2026-05-15 17:29:31,597] Trial 224 finished with values: [0.7243378103168224, 0.5899680448551768] and parameters: {'n_estimators': 433, 'learning_rate': 0.2708160864249968, 'subsample': 0.9329770563201687, 'colsample_bytree': 0.6849356442713105, 'min_child_weight': 1}.
[I 2026-05-15 17:29:32,197] Trial 225 finished with values: [0.7440872235956476, 0.6315022898504384] and parameters: {'n_estimators': 294, 'learning_rate': 0.016149614799999188, 'subsample': 0.6230235040066577, 'colsample_bytree': 0.8198115529294943, 'min_child_weight': 5}.
[I 2026-05-15 17:29:32,774] Trial 226 finished with values: [0.7552272675254891, 0.7649055672127582] and parameters: {'n_estimators': 238, 'learning_rate': 0.20476075218575424, 'subsample': 0.6479461469334731, 'colsample_bytree': 0.6027808522124762, 'min_child_weight': 4}.
[I 2026-05-15 17:29:33,572] Trial 227 finished with values: [0.7403476756741931, 0.9188253991978733] and parameters: {'n_estimators': 355, 'learning_rate': 0.030245085073501415, 'subsample': 0.8048372233197124, 'colsample_bytree': 0.6468268065710423, 'min_child_weight': 7}.
[I 2026-05-15 17:29:34,263] Trial 228 finished with values: [0.7558281200931859, 0.6561776293432126] and parameters: {'n_estimators': 324, 'learning_rate': 0.0178601378893971, 'subsample': 0.6260206371941118, 'colsample_bytree': 0.6571966728211344, 'min_child_weight': 10}.
[I 2026-05-15 17:29:35,319] Trial 229 finished with values: [0.7753880449265286, 0.8323083460793033] and parameters: {'n_estimators': 459, 'learning_rate': 0.022587177280197233, 'subsample': 0.602208846849441, 'colsample_bytree': 0.7957811041110252, 'min_child_weight': 10}.
[I 2026-05-15 17:29:36,180] Trial 230 finished with values: [0.7391026717346106, 0.7662762840986401] and parameters: {'n_estimators': 459, 'learning_rate': 0.028180680291847244, 'subsample': 0.9046042526869889, 'colsample_bytree': 0.6905983100791752, 'min_child_weight': 5}.
[I 2026-05-15 17:29:36,960] Trial 231 finished with values: [0.7401874700060315, 0.8563455291267615] and parameters: {'n_estimators': 328, 'learning_rate': 0.05388108577817234, 'subsample': 0.7546941385202149, 'colsample_bytree': 0.8404460046972835, 'min_child_weight': 8}.
