[I 2026-05-15 17:29:37,727] Trial 232 finished with values: [0.7415141193928363, 0.703687167561899] and parameters: {'n_estimators': 324, 'learning_rate': 0.014104914380026676, 'subsample': 0.9464704583099741, 'colsample_bytree': 0.6298202574719083, 'min_child_weight': 1}.
[I 2026-05-15 17:29:38,521] Trial 233 finished with values: [0.7826983616563499, 0.8400669381894579] and parameters: {'n_estimators': 366, 'learning_rate': 0.08710745900492396, 'subsample': 0.6479461469334731, 'colsample_bytree': 0.8404460046972835, 'min_child_weight': 10}.
[I 2026-05-15 17:29:39,420] Trial 234 finished with values: [0.7718810481948577, 0.7642302090362578] and parameters: {'n_estimators': 398, 'learning_rate': 0.019657448966046126, 'subsample': 0.6579579488364892, 'colsample_bytree': 0.8736932106048627, 'min_child_weight': 10}.
[I 2026-05-15 17:29:40,039] Trial 235 finished with values: [0.681729859829075, 0.922096077214349] and parameters: {'n_estimators': 128, 'learning_rate': 0.05388108577817234, 'subsample': 0.9329770563201687, 'colsample_bytree': 0.9637281608315128, 'min_child_weight': 1}.
[I 2026-05-15 17:29:40,783] Trial 236 finished with values: [0.7456580462414216, 0.9647796539887825] and parameters: {'n_estimators': 420, 'learning_rate': 0.03404436610591982, 'subsample': 0.8048372233197124, 'colsample_bytree': 0.8186841117373118, 'min_child_weight': 6}.
[I 2026-05-15 17:29:41,652] Trial 237 finished with values: [0.7341073834343689, 0.7349405191858978] and parameters: {'n_estimators': 339, 'learning_rate': 0.022587177280197233, 'subsample': 0.6646514856378455, 'colsample_bytree': 0.9594216754108317, 'min_child_weight': 1}.
[I 2026-05-15 17:29:42,371] Trial 238 finished with values: [0.7708580315913458, 0.7602969737608946] and parameters: {'n_estimators': 439, 'learning_rate': 0.019657448966046126, 'subsample': 0.602208846849441, 'colsample_bytree': 0.8598531596188859, 'min_child_weight': 9}.
[I 2026-05-15 17:29:43,163] Trial 239 finished with values: [0.7739811513940321, 0.7505434708465051] and parameters: {'n_estimators': 420, 'learning_rate': 0.019462886350651437, 'subsample': 0.6579579488364892, 'colsample_bytree': 0.8736932106048627, 'min_child_weight': 10}.
[I 2026-05-15 17:29:43,994] Trial 240 finished with values: [0.7792400636856682, 0.8159421624121773] and parameters: {'n_estimators': 496, 'learning_rate': 0.03404436610591982, 'subsample': 0.6479461469334731, 'colsample_bytree': 0.8186841117373118, 'min_child_weight': 6}.
[I 2026-05-15 17:29:44,875] Trial 241 finished with values: [0.7636965806204052, 0.8145846147872875] and parameters: {'n_estimators': 426, 'learning_rate': 0.11046009304545999, 'subsample': 0.6746074041599417, 'colsample_bytree': 0.7350460685614512, 'min_child_weight': 10}.
[I 2026-05-15 17:29:45,521] Trial 242 finished with values: [0.7412237851904135, 0.6998861113240039] and parameters: {'n_estimators': 339, 'learning_rate': 0.013313275850595153, 'subsample': 0.7257423924305306, 'colsample_bytree': 0.8736932106048627, 'min_child_weight': 8}.
[I 2026-05-15 17:29:46,302] Trial 243 finished with values: [0.7445287070135871, 0.6331270767877968] and parameters: {'n_estimators': 324, 'learning_rate': 0.0178601378893971, 'subsample': 0.602208846849441, 'colsample_bytree': 0.6325395122567599, 'min_child_weight': 10}.
[I 2026-05-15 17:29:47,184] Trial 244 finished with values: [0.7209454722045623, 0.7571256420197738] and parameters: {'n_estimators': 414, 'learning_rate': 0.01351182947645082, 'subsample': 0.6646514856378455, 'colsample_bytree': 0.6440207698110707, 'min_child_weight': 1}.
[I 2026-05-15 17:29:47,901] Trial 245 finished with values: [0.7716648099247638, 0.9003344291088554] and parameters: {'n_estimators': 280, 'learning_rate': 0.10485733570643786, 'subsample': 0.8006065178748798, 'colsample_bytree': 0.9746919954946938, 'min_child_weight': 10}.
[I 2026-05-15 17:29:48,776] Trial 246 finished with values: [0.7614859409310053, 0.7097015070964241] and parameters: {'n_estimators': 443, 'learning_rate': 0.016149614799999188, 'subsample': 0.6746280235544143, 'colsample_bytree': 0.8736932106048627, 'min_child_weight': 5}.
[I 2026-05-15 17:29:49,717] Trial 247 finished with values: [0.7599683234966552, 0.6842011862251673] and parameters: {'n_estimators': 459, 'learning_rate': 0.019462886350651437, 'subsample': 0.6579579488364892, 'colsample_bytree': 0.6905983100791752, 'min_child_weight': 10}.
[I 2026-05-15 17:29:50,342] Trial 248 finished with values: [0.7358158697664783, 0.6036197129902229] and parameters: {'n_estimators': 128, 'learning_rate': 0.035714399098231424, 'subsample': 0.7546941385202149, 'colsample_bytree': 0.7482568588267564, 'min_child_weight': 7}.
[I 2026-05-15 17:29:51,015] Trial 249 finished with values: [0.7692853281111975, 0.42820362055025274] and parameters: {'n_estimators': 225, 'learning_rate': 0.2536999076681772, 'subsample': 0.7546941385202149, 'colsample_bytree': 0.9637281608315128, 'min_child_weight': 1}.
[I 2026-05-15 17:29:51,811] Trial 250 finished with values: [0.6917503344915326, 0.7644187779855276] and parameters: {'n_estimators': 474, 'learning_rate': 0.15870971677383489, 'subsample': 0.9329770563201687, 'colsample_bytree': 0.6849356442713105, 'min_child_weight': 1}.
[I 2026-05-15 17:29:52,721] Trial 251 finished with values: [0.7560568456765087, 0.7110410840607646] and parameters: {'n_estimators': 477, 'learning_rate': 0.019657448966046126, 'subsample': 0.602208846849441, 'colsample_bytree': 0.9944004255291483, 'min_child_weight': 2}.
[I 2026-05-15 17:29:53,632] Trial 252 finished with values: [0.7461636844356982, 0.7988528165331846] and parameters: {'n_estimators': 439, 'learning_rate': 0.129667438075127, 'subsample': 0.7505038342123663, 'colsample_bytree': 0.6849356442713105, 'min_child_weight': 1}.
[I 2026-05-15 17:29:54,250] Trial 253 finished with values: [0.7170146319138327, 0.6732016924632406] and parameters: {'n_estimators': 225, 'learning_rate': 0.016149614799999188, 'subsample': 0.6479461469334731, 'colsample_bytree': 0.6027808522124762, 'min_child_weight': 10}.
[I 2026-05-15 17:29:54,940] Trial 254 finished with values: [0.727564394079442, 1.0582037510927367] and parameters: {'n_estimators': 225, 'learning_rate': 0.2536999076681772, 'subsample': 0.892797576724562, 'colsample_bytree': 0.6849356442713105, 'min_child_weight': 1}.
[I 2026-05-15 17:29:55,553] Trial 255 finished with values: [0.7403282254050847, 0.7150485106013409] and parameters: {'n_estimators': 128, 'learning_rate': 0.10485733570643786, 'subsample': 0.6334002866794675, 'colsample_bytree': 0.8736932106048627, 'min_child_weight': 8}.
[I 2026-05-15 17:29:56,453] Trial 256 finished with values: [0.750581493803648, 0.7225200308924841] and parameters: {'n_estimators': 465, 'learning_rate': 0.0178601378893971, 'subsample': 0.602208846849441, 'colsample_bytree': 0.6440207698110707, 'min_child_weight': 10}.
[I 2026-05-15 17:29:57,383] Trial 257 finished with values: [0.7787395298521009, 0.7173198745471441] and parameters: {'n_estimators': 459, 'learning_rate': 0.0178601378893971, 'subsample': 0.6579579488364892, 'colsample_bytree': 0.9108587663709747, 'min_child_weight': 10}.
[I 2026-05-15 17:29:58,155] Trial 258 finished with values: [0.7374003653530619, 0.6391312474997843] and parameters: {'n_estimators': 301, 'learning_rate': 0.016149614799999188, 'subsample': 0.6746280235544143, 'colsample_bytree': 0.8736932106048627, 'min_child_weight': 5}.
[I 2026-05-15 17:29:58,886] Trial 259 finished with values: [0.7614690067035448, 0.7219394346520707] and parameters: {'n_estimators': 414, 'learning_rate': 0.022587177280197233, 'subsample': 0.6646514856378455, 'colsample_bytree': 0.7696888036987906, 'min_child_weight': 6}.
[I 2026-05-15 17:29:59,360] Trial 260 finished with values: [0.7325365464257754, 0.7280343847096112] and parameters: {'n_estimators': 128, 'learning_rate': 0.035714399098231424, 'subsample': 0.7546941385202149, 'colsample_bytree': 0.7482568588267564, 'min_child_weight': 10}.
[I 2026-05-15 17:30:00,055] Trial 261 finished with values: [0.7481888329449349, 0.6721618741301428] and parameters: {'n_estimators': 296, 'learning_rate': 0.022587177280197233, 'subsample': 0.7546941385202149, 'colsample_bytree': 0.9960215400417053, 'min_child_weight': 10}.
[I 2026-05-15 17:30:00,856] Trial 262 finished with values: [0.7323142099805287, 0.8120874228163103] and parameters: {'n_estimators': 474, 'learning_rate': 0.16155001304356414, 'subsample': 0.9659457560881795, 'colsample_bytree': 0.9625417540378944, 'min_child_weight': 1}.
[I 2026-05-15 17:30:01,627] Trial 263 finished with values: [0.7540776906217183, 0.7521153129176057] and parameters: {'n_estimators': 414, 'learning_rate': 0.016149614799999188, 'subsample': 0.602208846849441, 'colsample_bytree': 0.8736932106048627, 'min_child_weight': 5}.
[I 2026-05-15 17:30:02,202] Trial 264 finished with values: [0.7047980592217038, 0.7008681100778669] and parameters: {'n_estimators': 100, 'learning_rate': 0.022587177280197233, 'subsample': 0.6646514856378455, 'colsample_bytree': 0.8503439662856945, 'min_child_weight': 1}.
[I 2026-05-15 17:30:02,705] Trial 265 finished with values: [0.7368177204389316, 0.6035535867823427] and parameters: {'n_estimators': 156, 'learning_rate': 0.019657448966046126, 'subsample': 0.8985965620472096, 'colsample_bytree': 0.9261845713819337, 'min_child_weight': 10}.
[I 2026-05-15 17:30:03,545] Trial 266 finished with values: [0.7168114487516533, 0.743488041250172] and parameters: {'n_estimators': 339, 'learning_rate': 0.013313275850595153, 'subsample': 0.8125418526272592, 'colsample_bytree': 0.8736932106048627, 'min_child_weight': 2}.
[I 2026-05-15 17:30:04,344] Trial 267 finished with values: [0.7599683234966552, 0.6842011862251673] and parameters: {'n_estimators': 459, 'learning_rate': 0.019462886350651437, 'subsample': 0.6579579488364892, 'colsample_bytree': 0.6905983100791752, 'min_child_weight': 10}.
[I 2026-05-15 17:30:05,050] Trial 268 finished with values: [0.7537887968710922, 0.7599893896463648] and parameters: {'n_estimators': 225, 'learning_rate': 0.2708160864249968, 'subsample': 0.9329770563201687, 'colsample_bytree': 0.8736932106048627, 'min_child_weight': 1}.
[I 2026-05-15 17:30:05,968] Trial 269 finished with values: [0.756856377967509, 0.8707649510804515] and parameters: {'n_estimators': 339, 'learning_rate': 0.053415464843459444, 'subsample': 0.6646514856378455, 'colsample_bytree': 0.9594216754108317, 'min_child_weight': 6}.
[I 2026-05-15 17:30:06,782] Trial 270 finished with values: [0.7820517889910935, 0.7968636643029499] and parameters: {'n_estimators': 398, 'learning_rate': 0.022587177280197233, 'subsample': 0.602208846849441, 'colsample_bytree': 0.9261845713819337, 'min_child_weight': 8}.
[I 2026-05-15 17:30:07,705] Trial 271 finished with values: [0.7537111961791565, 0.7235030708805572] and parameters: {'n_estimators': 443, 'learning_rate': 0.030245085073501415, 'subsample': 0.6746280235544143, 'colsample_bytree': 0.8736932106048627, 'min_child_weight': 1}.
[I 2026-05-15 17:30:08,333] Trial 272 finished with values: [0.7484610755546388, 0.6640062386091865] and parameters: {'n_estimators': 156, 'learning_rate': 0.03404436610591982, 'subsample': 0.6508242050607539, 'colsample_bytree': 0.8598531596188859, 'min_child_weight': 9}.
[I 2026-05-15 17:30:09,011] Trial 273 finished with values: [0.7529215846582107, 0.8719846270951382] and parameters: {'n_estimators': 324, 'learning_rate': 0.049234393858490974, 'subsample': 0.6225213102727349, 'colsample_bytree': 0.6475271665072287, 'min_child_weight': 8}.
[I 2026-05-15 17:30:09,829] Trial 274 finished with values: [0.7715434874204404, 0.8056375933301558] and parameters: {'n_estimators': 459, 'learning_rate': 0.019462886350651437, 'subsample': 0.6470104987108419, 'colsample_bytree': 0.7957811041110252, 'min_child_weight': 7}.
[I 2026-05-15 17:30:10,574] Trial 275 finished with values: [0.7751657006048971, 0.7608316556171648] and parameters: {'n_estimators': 386, 'learning_rate': 0.019657448966046126, 'subsample': 0.602208846849441, 'colsample_bytree': 0.9261845713819337, 'min_child_weight': 8}.
[I 2026-05-15 17:30:11,329] Trial 276 finished with values: [0.7782135844843744, 0.8278214537453452] and parameters: {'n_estimators': 459, 'learning_rate': 0.022587177280197233, 'subsample': 0.7257423924305306, 'colsample_bytree': 0.8736932106048627, 'min_child_weight': 10}.
[I 2026-05-15 17:30:11,933] Trial 277 finished with values: [0.7698543000845183, 0.6926335237016354] and parameters: {'n_estimators': 156, 'learning_rate': 0.16155001304356414, 'subsample': 0.8333475060388639, 'colsample_bytree': 0.8598531596188859, 'min_child_weight': 9}.
[I 2026-05-15 17:30:12,491] Trial 278 finished with values: [0.753243404709133, 0.9670951939846416] and parameters: {'n_estimators': 225, 'learning_rate': 0.2536999076681772, 'subsample': 0.7546941385202149, 'colsample_bytree': 0.7594018937589494, 'min_child_weight': 10}.
[I 2026-05-15 17:30:13,163] Trial 279 finished with values: [0.7497582969143196, 0.8782846537198228] and parameters: {'n_estimators': 324, 'learning_rate': 0.10485733570643786, 'subsample': 0.7499482318094817, 'colsample_bytree': 0.7142848345127443, 'min_child_weight': 10}.
[I 2026-05-15 17:30:13,919] Trial 280 finished with values: [0.7182615984631969, 0.8447851293325508] and parameters: {'n_estimators': 459, 'learning_rate': 0.022587177280197233, 'subsample': 0.9474396512757841, 'colsample_bytree': 0.6849356442713105, 'min_child_weight': 3}.
[I 2026-05-15 17:30:14,627] Trial 281 finished with values: [0.7711458319144258, 0.661257011031757] and parameters: {'n_estimators': 398, 'learning_rate': 0.26472593204036643, 'subsample': 0.602208846849441, 'colsample_bytree': 0.9261845713819337, 'min_child_weight': 10}.
[I 2026-05-15 17:30:15,444] Trial 282 finished with values: [0.7763051728018608, 0.8072560056925451] and parameters: {'n_estimators': 459, 'learning_rate': 0.022587177280197233, 'subsample': 0.6048617898759265, 'colsample_bytree': 0.8503439662856945, 'min_child_weight': 10}.
[I 2026-05-15 17:30:16,219] Trial 283 finished with values: [0.779297052341728, 0.8948047645229134] and parameters: {'n_estimators': 324, 'learning_rate': 0.030245085073501415, 'subsample': 0.6646514856378455, 'colsample_bytree': 0.9879515306830556, 'min_child_weight': 9}.
[I 2026-05-15 17:30:17,029] Trial 284 finished with values: [0.7626053871877906, 0.7166588748013746] and parameters: {'n_estimators': 496, 'learning_rate': 0.022587177280197233, 'subsample': 0.6479461469334731, 'colsample_bytree': 0.6172639647802304, 'min_child_weight': 6}.
[I 2026-05-15 17:30:17,836] Trial 285 finished with values: [0.7527995386847717, 0.8315178189883092] and parameters: {'n_estimators': 433, 'learning_rate': 0.20716979401768126, 'subsample': 0.8110804436345199, 'colsample_bytree': 0.9971859184477201, 'min_child_weight': 7}.
[I 2026-05-15 17:30:18,282] Trial 286 finished with values: [0.7666986531289217, 0.6307997990247214] and parameters: {'n_estimators': 64, 'learning_rate': 0.08710745900492396, 'subsample': 0.7546941385202149, 'colsample_bytree': 0.7482568588267564, 'min_child_weight': 10}.
[I 2026-05-15 17:30:19,213] Trial 287 finished with values: [0.7729607326075755, 0.8255541004397999] and parameters: {'n_estimators': 496, 'learning_rate': 0.03404436610591982, 'subsample': 0.6508242050607539, 'colsample_bytree': 0.8186841117373118, 'min_child_weight': 6}.
[I 2026-05-15 17:30:19,814] Trial 288 finished with values: [0.7467792537968576, 0.5935900761937389] and parameters: {'n_estimators': 128, 'learning_rate': 0.029625450352016573, 'subsample': 0.7257423924305306, 'colsample_bytree': 0.6298202574719083, 'min_child_weight': 8}.
[I 2026-05-15 17:30:20,377] Trial 289 finished with values: [0.7600681874853881, 0.523419385169697] and parameters: {'n_estimators': 182, 'learning_rate': 0.21744977418953557, 'subsample': 0.6295186258941595, 'colsample_bytree': 0.6180909155642152, 'min_child_weight': 4}.
[I 2026-05-15 17:30:21,127] Trial 290 finished with values: [0.7522948331471262, 0.7259589821375967] and parameters: {'n_estimators': 294, 'learning_rate': 0.016149614799999188, 'subsample': 0.9208787923016158, 'colsample_bytree': 0.8215417137605283, 'min_child_weight': 10}.
[I 2026-05-15 17:30:21,642] Trial 291 finished with values: [0.7508976139001698, 0.8043568720350602] and parameters: {'n_estimators': 120, 'learning_rate': 0.04018584329485903, 'subsample': 0.9464704583099741, 'colsample_bytree': 0.8404460046972835, 'min_child_weight': 6}.
[I 2026-05-15 17:30:22,136] Trial 292 finished with values: [0.7301401303847485, 0.6330630131975046] and parameters: {'n_estimators': 128, 'learning_rate': 0.035714399098231424, 'subsample': 0.6479461469334731, 'colsample_bytree': 0.7482568588267564, 'min_child_weight': 9}.
[I 2026-05-15 17:30:22,955] Trial 293 finished with values: [0.7674001957791288, 0.760532526982099] and parameters: {'n_estimators': 398, 'learning_rate': 0.019657448966046126, 'subsample': 0.602208846849441, 'colsample_bytree': 0.8736932106048627, 'min_child_weight': 10}.
[I 2026-05-15 17:30:23,793] Trial 294 finished with values: [0.7514650080482753, 0.8023004643426717] and parameters: {'n_estimators': 487, 'learning_rate': 0.10485733570643786, 'subsample': 0.7257423924305306, 'colsample_bytree': 0.8092391376680595, 'min_child_weight': 8}.
[I 2026-05-15 17:30:24,685] Trial 295 finished with values: [0.7144269265150899, 0.9470360317517554] and parameters: {'n_estimators': 474, 'learning_rate': 0.2536999076681772, 'subsample': 0.9659457560881795, 'colsample_bytree': 0.6027808522124762, 'min_child_weight': 1}.
[I 2026-05-15 17:30:25,590] Trial 296 finished with values: [0.7616147703250806, 0.8819093464027251] and parameters: {'n_estimators': 459, 'learning_rate': 0.08505465867325865, 'subsample': 0.6646514856378455, 'colsample_bytree': 0.6693177280283383, 'min_child_weight': 6}.
/home/mklemmingen/PycharmProjects/migraine-forecasting-shd/.venv/lib/python3.13/site-packages/sklearn/linear_model/_sag.py:348: ConvergenceWarning: The max_iter was reached which means the coef_ did not converge
  warnings.warn(
[I 2026-05-15 17:30:26,247] Trial 297 finished with values: [0.7021779436575319, 0.5981830493457471] and parameters: {'n_estimators': 120, 'learning_rate': 0.012184186502221764, 'subsample': 0.9464704583099741, 'colsample_bytree': 0.8782994755938469, 'min_child_weight': 5}.
[I 2026-05-15 17:30:27,039] Trial 298 finished with values: [0.7527704915040216, 0.868788467812627] and parameters: {'n_estimators': 459, 'learning_rate': 0.0845238710259589, 'subsample': 0.6260206371941118, 'colsample_bytree': 0.9795542149013333, 'min_child_weight': 10}.
[I 2026-05-15 17:30:27,799] Trial 299 finished with values: [0.7621459991254433, 0.7275510568666712] and parameters: {'n_estimators': 313, 'learning_rate': 0.21434810637527812, 'subsample': 0.6579579488364892, 'colsample_bytree': 0.8736932106048627, 'min_child_weight': 10}.
[I 2026-05-15 17:30:28,560] Trial 300 finished with values: [0.7490869905473188, 0.5894357804551272] and parameters: {'n_estimators': 398, 'learning_rate': 0.01167158438611932, 'subsample': 0.6579579488364892, 'colsample_bytree': 0.9261845713819337, 'min_child_weight': 10}.
[I 2026-05-15 17:30:29,213] Trial 301 finished with values: [0.7371277027467179, 0.6307311094146121] and parameters: {'n_estimators': 176, 'learning_rate': 0.0178601378893971, 'subsample': 0.6260206371941118, 'colsample_bytree': 0.6571966728211344, 'min_child_weight': 10}.
/home/mklemmingen/PycharmProjects/migraine-forecasting-shd/.venv/lib/python3.13/site-packages/sklearn/linear_model/_sag.py:348: ConvergenceWarning: The max_iter was reached which means the coef_ did not converge
  warnings.warn(
[I 2026-05-15 17:30:29,702] Trial 302 finished with values: [0.7507518678846707, 0.6552915584983583] and parameters: {'n_estimators': 64, 'learning_rate': 0.0178601378893971, 'subsample': 0.9801645936306235, 'colsample_bytree': 0.9108587663709747, 'min_child_weight': 10}.
[I 2026-05-15 17:30:30,349] Trial 303 finished with values: [0.7263212109747137, 0.47539156962757306] and parameters: {'n_estimators': 294, 'learning_rate': 0.21744977418953557, 'subsample': 0.9208787923016158, 'colsample_bytree': 0.6849356442713105, 'min_child_weight': 1}.
[I 2026-05-15 17:30:31,218] Trial 304 finished with values: [0.7757921912686474, 0.8907825283946821] and parameters: {'n_estimators': 459, 'learning_rate': 0.030245085073501415, 'subsample': 0.6479461469334731, 'colsample_bytree': 0.7957811041110252, 'min_child_weight': 9}.
[I 2026-05-15 17:30:31,816] Trial 305 finished with values: [0.7539701084707925, 0.9691788584389698] and parameters: {'n_estimators': 225, 'learning_rate': 0.20655112155089347, 'subsample': 0.9464704583099741, 'colsample_bytree': 0.8404460046972835, 'min_child_weight': 1}.
[I 2026-05-15 17:30:32,738] Trial 306 finished with values: [0.7655039109494074, 0.827918353164141] and parameters: {'n_estimators': 496, 'learning_rate': 0.09444774154985085, 'subsample': 0.7822627011142852, 'colsample_bytree': 0.8480530391206147, 'min_child_weight': 10}.
[I 2026-05-15 17:30:33,704] Trial 307 finished with values: [0.7653060255826833, 0.8131534753813492] and parameters: {'n_estimators': 496, 'learning_rate': 0.03404436610591982, 'subsample': 0.892797576724562, 'colsample_bytree': 0.8186841117373118, 'min_child_weight': 6}.
[I 2026-05-15 17:30:34,331] Trial 308 finished with values: [0.7347502465540121, 0.6048438121400358] and parameters: {'n_estimators': 175, 'learning_rate': 0.0178601378893971, 'subsample': 0.6579579488364892, 'colsample_bytree': 0.8736932106048627, 'min_child_weight': 5}.
[I 2026-05-15 17:30:35,065] Trial 309 finished with values: [0.7533928387260161, 0.6024988502358096] and parameters: {'n_estimators': 225, 'learning_rate': 0.0178601378893971, 'subsample': 0.6260206371941118, 'colsample_bytree': 0.8736932106048627, 'min_child_weight': 2}.
