[I 2026-05-15 17:32:20,099] Trial 462 finished with values: [0.7331286747389418, 0.6554064756905558] and parameters: {'n_estimators': 128, 'learning_rate': 0.04580177581204563, 'subsample': 0.6611436556737328, 'colsample_bytree': 0.9261845713819337, 'min_child_weight': 10}.
[I 2026-05-15 17:32:20,894] Trial 463 finished with values: [0.7458733140945684, 0.9178850883336199] and parameters: {'n_estimators': 414, 'learning_rate': 0.10485733570643786, 'subsample': 0.7257423924305306, 'colsample_bytree': 0.8736932106048627, 'min_child_weight': 5}.
[I 2026-05-15 17:32:21,732] Trial 464 finished with values: [0.7593576553318077, 0.7096677341822153] and parameters: {'n_estimators': 439, 'learning_rate': 0.019657448966046126, 'subsample': 0.602208846849441, 'colsample_bytree': 0.6983830913538033, 'min_child_weight': 9}.
[I 2026-05-15 17:32:22,427] Trial 465 finished with values: [0.7639737045038004, 0.6307853177559629] and parameters: {'n_estimators': 214, 'learning_rate': 0.022587177280197233, 'subsample': 0.6642725493038223, 'colsample_bytree': 0.9105651842967988, 'min_child_weight': 8}.
[I 2026-05-15 17:32:23,206] Trial 466 finished with values: [0.7620527772457356, 0.8654055355031419] and parameters: {'n_estimators': 302, 'learning_rate': 0.08710745900492396, 'subsample': 0.6260206371941118, 'colsample_bytree': 0.9795542149013333, 'min_child_weight': 2}.
[I 2026-05-15 17:32:23,956] Trial 467 finished with values: [0.7280662613386352, 0.7887217609810858] and parameters: {'n_estimators': 414, 'learning_rate': 0.0178601378893971, 'subsample': 0.6746280235544143, 'colsample_bytree': 0.9795542149013333, 'min_child_weight': 3}.
[I 2026-05-15 17:32:24,694] Trial 468 finished with values: [0.7656400781226183, 0.7712334298662649] and parameters: {'n_estimators': 420, 'learning_rate': 0.018034072970800914, 'subsample': 0.6579579488364892, 'colsample_bytree': 0.8736932106048627, 'min_child_weight': 10}.
[I 2026-05-15 17:32:25,455] Trial 469 finished with values: [0.7440080311789938, 0.6937219615413116] and parameters: {'n_estimators': 324, 'learning_rate': 0.019657448966046126, 'subsample': 0.8333475060388639, 'colsample_bytree': 0.9587061698505701, 'min_child_weight': 10}.
/home/mklemmingen/PycharmProjects/migraine-forecasting-shd/.venv/lib/python3.13/site-packages/sklearn/linear_model/_sag.py:348: ConvergenceWarning: The max_iter was reached which means the coef_ did not converge
  warnings.warn(
[I 2026-05-15 17:32:26,016] Trial 470 finished with values: [0.7215360826920334, 0.6585070666475066] and parameters: {'n_estimators': 128, 'learning_rate': 0.013137567821944727, 'subsample': 0.8125418526272592, 'colsample_bytree': 0.8736932106048627, 'min_child_weight': 10}.
[I 2026-05-15 17:32:26,715] Trial 471 finished with values: [0.7655099039516564, 0.6190750389012928] and parameters: {'n_estimators': 231, 'learning_rate': 0.019657448966046126, 'subsample': 0.6536060913802563, 'colsample_bytree': 0.8598531596188859, 'min_child_weight': 10}.
[I 2026-05-15 17:32:27,478] Trial 472 finished with values: [0.741116770834173, 0.6429376814835882] and parameters: {'n_estimators': 286, 'learning_rate': 0.016149614799999188, 'subsample': 0.6579579488364892, 'colsample_bytree': 0.8736932106048627, 'min_child_weight': 8}.
[I 2026-05-15 17:32:28,150] Trial 473 finished with values: [0.7612441498151412, 0.8380885411474498] and parameters: {'n_estimators': 386, 'learning_rate': 0.040383678523437626, 'subsample': 0.616291520927588, 'colsample_bytree': 0.9261845713819337, 'min_child_weight': 8}.
[I 2026-05-15 17:32:29,024] Trial 474 finished with values: [0.7403358657300625, 0.7870383101621341] and parameters: {'n_estimators': 439, 'learning_rate': 0.28254806356395257, 'subsample': 0.602208846849441, 'colsample_bytree': 0.9879515306830556, 'min_child_weight': 9}.
[I 2026-05-15 17:32:29,555] Trial 475 finished with values: [0.7286112226160105, 0.6265722164753486] and parameters: {'n_estimators': 156, 'learning_rate': 0.01463844831776675, 'subsample': 0.8985965620472096, 'colsample_bytree': 0.8034282764658811, 'min_child_weight': 1}.
[I 2026-05-15 17:32:30,355] Trial 476 finished with values: [0.7691644995025367, 0.728490625372888] and parameters: {'n_estimators': 459, 'learning_rate': 0.0178601378893971, 'subsample': 0.6260206371941118, 'colsample_bytree': 0.9795542149013333, 'min_child_weight': 4}.
[I 2026-05-15 17:32:31,282] Trial 477 finished with values: [0.7775498385202108, 0.7252843360711725] and parameters: {'n_estimators': 496, 'learning_rate': 0.09444774154985085, 'subsample': 0.6479461469334731, 'colsample_bytree': 0.8404460046972835, 'min_child_weight': 10}.
[I 2026-05-15 17:32:31,900] Trial 478 finished with values: [0.7475676935897253, 0.5732784052622546] and parameters: {'n_estimators': 128, 'learning_rate': 0.10485733570643786, 'subsample': 0.8125418526272592, 'colsample_bytree': 0.8736932106048627, 'min_child_weight': 2}.
[I 2026-05-15 17:32:32,634] Trial 479 finished with values: [0.743448874802824, 0.6410933854079296] and parameters: {'n_estimators': 459, 'learning_rate': 0.16155001304356414, 'subsample': 0.6579579488364892, 'colsample_bytree': 0.9877881733101476, 'min_child_weight': 9}.
[I 2026-05-15 17:32:33,256] Trial 480 finished with values: [0.7440653485582926, 0.6489391052329827] and parameters: {'n_estimators': 231, 'learning_rate': 0.18987114604724706, 'subsample': 0.6536060913802563, 'colsample_bytree': 0.8598531596188859, 'min_child_weight': 8}.
[I 2026-05-15 17:32:34,093] Trial 481 finished with values: [0.7395090950469306, 0.7871357269384814] and parameters: {'n_estimators': 418, 'learning_rate': 0.25659550869174796, 'subsample': 0.6579579488364892, 'colsample_bytree': 0.8404460046972835, 'min_child_weight': 3}.
[I 2026-05-15 17:32:34,767] Trial 482 finished with values: [0.7553676803018009, 0.5780991963122561] and parameters: {'n_estimators': 225, 'learning_rate': 0.016149614799999188, 'subsample': 0.6579579488364892, 'colsample_bytree': 0.9637281608315128, 'min_child_weight': 10}.
[I 2026-05-15 17:32:35,452] Trial 483 finished with values: [0.7436576939816912, 0.6477758381069749] and parameters: {'n_estimators': 324, 'learning_rate': 0.019657448966046126, 'subsample': 0.6683550349560263, 'colsample_bytree': 0.7413408912104211, 'min_child_weight': 9}.
[I 2026-05-15 17:32:36,018] Trial 484 finished with values: [0.7716134538105163, 0.6184274967880949] and parameters: {'n_estimators': 225, 'learning_rate': 0.022587177280197233, 'subsample': 0.6295186258941595, 'colsample_bytree': 0.8674572879697724, 'min_child_weight': 10}.
[I 2026-05-15 17:32:36,702] Trial 485 finished with values: [0.7737892129295398, 0.7090420003260076] and parameters: {'n_estimators': 324, 'learning_rate': 0.0178601378893971, 'subsample': 0.6260206371941118, 'colsample_bytree': 0.8227051572055719, 'min_child_weight': 10}.
[I 2026-05-15 17:32:37,453] Trial 486 finished with values: [0.7760230267964806, 0.7264437787299807] and parameters: {'n_estimators': 459, 'learning_rate': 0.019657448966046126, 'subsample': 0.6579579488364892, 'colsample_bytree': 0.8736932106048627, 'min_child_weight': 10}.
[I 2026-05-15 17:32:38,136] Trial 487 finished with values: [0.7535227798486491, 0.8548741647315005] and parameters: {'n_estimators': 225, 'learning_rate': 0.21744977418953557, 'subsample': 0.8985965620472096, 'colsample_bytree': 0.9156684954429353, 'min_child_weight': 1}.
[I 2026-05-15 17:32:38,730] Trial 488 finished with values: [0.757387853715703, 0.7072038787892165] and parameters: {'n_estimators': 307, 'learning_rate': 0.16155001304356414, 'subsample': 0.6579579488364892, 'colsample_bytree': 0.8598531596188859, 'min_child_weight': 7}.
[I 2026-05-15 17:32:39,356] Trial 489 finished with values: [0.7546153463204727, 0.7169828147106599] and parameters: {'n_estimators': 176, 'learning_rate': 0.03240354245852974, 'subsample': 0.7546941385202149, 'colsample_bytree': 0.9077971732767748, 'min_child_weight': 10}.
[I 2026-05-15 17:32:40,260] Trial 490 finished with values: [0.7194227661622723, 0.804226931043973] and parameters: {'n_estimators': 439, 'learning_rate': 0.2536999076681772, 'subsample': 0.7546941385202149, 'colsample_bytree': 0.6748174994230093, 'min_child_weight': 1}.
[I 2026-05-15 17:32:40,890] Trial 491 finished with values: [0.7472440983406496, 0.5716653078716191] and parameters: {'n_estimators': 156, 'learning_rate': 0.019657448966046126, 'subsample': 0.7294716945616975, 'colsample_bytree': 0.8736932106048627, 'min_child_weight': 9}.
[I 2026-05-15 17:32:41,791] Trial 492 finished with values: [0.7560432183723996, 0.7733555618189696] and parameters: {'n_estimators': 459, 'learning_rate': 0.0178601378893971, 'subsample': 0.7701745754465668, 'colsample_bytree': 0.9108587663709747, 'min_child_weight': 9}.
[I 2026-05-15 17:32:42,395] Trial 493 finished with values: [0.7611513523335829, 0.6877843072822916] and parameters: {'n_estimators': 221, 'learning_rate': 0.21744977418953557, 'subsample': 0.6295186258941595, 'colsample_bytree': 0.803044151473782, 'min_child_weight': 4}.
[I 2026-05-15 17:32:43,178] Trial 494 finished with values: [0.7396097063655922, 0.6134136502380922] and parameters: {'n_estimators': 324, 'learning_rate': 0.016149614799999188, 'subsample': 0.6969638929660321, 'colsample_bytree': 0.6849356442713105, 'min_child_weight': 10}.
[I 2026-05-15 17:32:43,752] Trial 495 finished with values: [0.7579957053779863, 0.7388295820076197] and parameters: {'n_estimators': 120, 'learning_rate': 0.16155001304356414, 'subsample': 0.7546941385202149, 'colsample_bytree': 0.8598531596188859, 'min_child_weight': 2}.
[I 2026-05-15 17:32:44,207] Trial 496 finished with values: [0.7594253104662421, 0.6662862928108619] and parameters: {'n_estimators': 64, 'learning_rate': 0.08710745900492396, 'subsample': 0.7257423924305306, 'colsample_bytree': 0.8034282764658811, 'min_child_weight': 10}.
[I 2026-05-15 17:32:44,875] Trial 497 finished with values: [0.7630294320579798, 0.6683723580993169] and parameters: {'n_estimators': 225, 'learning_rate': 0.03506954878548353, 'subsample': 0.6260206371941118, 'colsample_bytree': 0.9587153639624048, 'min_child_weight': 7}.
[I 2026-05-15 17:32:45,615] Trial 498 finished with values: [0.7462676448395363, 0.7450552848773895] and parameters: {'n_estimators': 459, 'learning_rate': 0.0178601378893971, 'subsample': 0.7546941385202149, 'colsample_bytree': 0.7482568588267564, 'min_child_weight': 10}.
[I 2026-05-15 17:32:46,266] Trial 499 finished with values: [0.7574807329726692, 0.8163265501658937] and parameters: {'n_estimators': 302, 'learning_rate': 0.10485733570643786, 'subsample': 0.6260206371941118, 'colsample_bytree': 0.9795542149013333, 'min_child_weight': 8}.
Building variant 'auroc_max'...
Saved /home/mklemmingen/PycharmProjects/migraine-forecasting-shd/experiment/0/migraine/full_features/stacked_2xgb_meta_lr/70_15_15/chrono/HyperparameterTuned/pareto_AUROC_slope/auroc_max/model.joblib

# End capture ------------------------------------------
# Finished: 2026-05-15T17:32:46
