[I 2026-05-15 16:25:05,481] Trial 238 finished with values: [0.6373202842763208, 0.497947263118211] and parameters: {'n_estimators': 487, 'learning_rate': 0.042902233912047165, 'subsample': 0.9043140194467589, 'colsample_bytree': 0.8503439662856945, 'min_child_weight': 2}.
[I 2026-05-15 16:25:06,298] Trial 239 finished with values: [0.6118498924975025, 0.6507341365543933] and parameters: {'n_estimators': 420, 'learning_rate': 0.10485733570643786, 'subsample': 0.9022204554172195, 'colsample_bytree': 0.7203513239267079, 'min_child_weight': 2}.
[I 2026-05-15 16:25:07,103] Trial 240 finished with values: [0.611877772562041, 0.7495555073262259] and parameters: {'n_estimators': 413, 'learning_rate': 0.10485733570643786, 'subsample': 0.8599855723111061, 'colsample_bytree': 0.8736932106048627, 'min_child_weight': 2}.
[I 2026-05-15 16:25:07,610] Trial 241 finished with values: [0.6283520855920277, 0.6018546454269833] and parameters: {'n_estimators': 203, 'learning_rate': 0.11046009304545999, 'subsample': 0.9698774473114251, 'colsample_bytree': 0.8736932106048627, 'min_child_weight': 4}.
[I 2026-05-15 16:25:08,091] Trial 242 finished with values: [0.6134761593734559, 0.6070327636871828] and parameters: {'n_estimators': 59, 'learning_rate': 0.1131225105716033, 'subsample': 0.9329770563201687, 'colsample_bytree': 0.8245108790277985, 'min_child_weight': 8}.
[I 2026-05-15 16:25:08,583] Trial 243 finished with values: [0.6240722914313709, 0.5861032403292432] and parameters: {'n_estimators': 59, 'learning_rate': 0.2708160864249968, 'subsample': 0.9043140194467589, 'colsample_bytree': 0.6325395122567599, 'min_child_weight': 2}.
[I 2026-05-15 16:25:08,935] Trial 244 finished with values: [0.6268806671643472, 0.5666696470618879] and parameters: {'n_estimators': 91, 'learning_rate': 0.042902233912047165, 'subsample': 0.9601672228653322, 'colsample_bytree': 0.9854479908357011, 'min_child_weight': 1}.
[I 2026-05-15 16:25:09,420] Trial 245 finished with values: [0.6220514789720348, 0.6366679695403362] and parameters: {'n_estimators': 59, 'learning_rate': 0.21149322814164553, 'subsample': 0.9329770563201687, 'colsample_bytree': 0.8245108790277985, 'min_child_weight': 10}.
[I 2026-05-15 16:25:09,830] Trial 246 finished with values: [0.6277566557185252, 0.6244693777763157] and parameters: {'n_estimators': 59, 'learning_rate': 0.023422815835049925, 'subsample': 0.9329770563201687, 'colsample_bytree': 0.8245108790277985, 'min_child_weight': 2}.
[I 2026-05-15 16:25:10,584] Trial 247 finished with values: [0.6195310887818493, 0.5916823023096776] and parameters: {'n_estimators': 378, 'learning_rate': 0.02516607127550297, 'subsample': 0.6097263865725815, 'colsample_bytree': 0.858188918362867, 'min_child_weight': 8}.
[I 2026-05-15 16:25:11,410] Trial 248 finished with values: [0.6197777443035328, 0.5092303125038053] and parameters: {'n_estimators': 487, 'learning_rate': 0.035714399098231424, 'subsample': 0.7988994023569542, 'colsample_bytree': 0.7482568588267564, 'min_child_weight': 6}.
[I 2026-05-15 16:25:12,207] Trial 249 finished with values: [0.591053539443171, 0.5854872414637613] and parameters: {'n_estimators': 443, 'learning_rate': 0.1538583627271404, 'subsample': 0.8313120563984696, 'colsample_bytree': 0.8532405829093072, 'min_child_weight': 6}.
[I 2026-05-15 16:25:12,723] Trial 250 finished with values: [0.6290373962614144, 0.5358745795148149] and parameters: {'n_estimators': 215, 'learning_rate': 0.15870971677383489, 'subsample': 0.8307615538505436, 'colsample_bytree': 0.8503439662856945, 'min_child_weight': 2}.
[I 2026-05-15 16:25:13,489] Trial 251 finished with values: [0.5889331426228727, 0.9067308834521774] and parameters: {'n_estimators': 477, 'learning_rate': 0.21149322814164553, 'subsample': 0.9329770563201687, 'colsample_bytree': 0.9944004255291483, 'min_child_weight': 2}.
[I 2026-05-15 16:25:14,254] Trial 252 finished with values: [0.613610571802199, 0.5892471318655433] and parameters: {'n_estimators': 366, 'learning_rate': 0.129667438075127, 'subsample': 0.7505038342123663, 'colsample_bytree': 0.6849356442713105, 'min_child_weight': 2}.
[I 2026-05-15 16:25:15,100] Trial 253 finished with values: [0.6113509995964885, 0.6469707643778924] and parameters: {'n_estimators': 487, 'learning_rate': 0.1195960383019184, 'subsample': 0.9866619276174678, 'colsample_bytree': 0.9854479908357011, 'min_child_weight': 5}.
[I 2026-05-15 16:25:15,829] Trial 254 finished with values: [0.6333232801072771, 0.4980483627472555] and parameters: {'n_estimators': 468, 'learning_rate': 0.042902233912047165, 'subsample': 0.9379501243877818, 'colsample_bytree': 0.6163100566219055, 'min_child_weight': 4}.
[I 2026-05-15 16:25:16,651] Trial 255 finished with values: [0.6249966067174073, 0.5486096814333772] and parameters: {'n_estimators': 366, 'learning_rate': 0.02516607127550297, 'subsample': 0.6334002866794675, 'colsample_bytree': 0.6254233401144095, 'min_child_weight': 4}.
[I 2026-05-15 16:25:17,155] Trial 256 finished with values: [0.6186938087922679, 0.5924961964841285] and parameters: {'n_estimators': 59, 'learning_rate': 0.05388108577817234, 'subsample': 0.9329770563201687, 'colsample_bytree': 0.9105651842967988, 'min_child_weight': 4}.
[I 2026-05-15 16:25:17,699] Trial 257 finished with values: [0.6176383793030306, 0.5666140945675867] and parameters: {'n_estimators': 128, 'learning_rate': 0.05388108577817234, 'subsample': 0.9601672228653322, 'colsample_bytree': 0.9108587663709747, 'min_child_weight': 2}.
[I 2026-05-15 16:25:18,153] Trial 258 finished with values: [0.5921674813326429, 0.8555997544502556] and parameters: {'n_estimators': 301, 'learning_rate': 0.21149322814164553, 'subsample': 0.9601672228653322, 'colsample_bytree': 0.8532405829093072, 'min_child_weight': 2}.
[I 2026-05-15 16:25:18,644] Trial 259 finished with values: [0.6296936840873943, 0.6257044519510533] and parameters: {'n_estimators': 59, 'learning_rate': 0.023422815835049925, 'subsample': 0.9329770563201687, 'colsample_bytree': 0.7696888036987906, 'min_child_weight': 2}.
[I 2026-05-15 16:25:19,136] Trial 260 finished with values: [0.6183343348537444, 0.5947939202884353] and parameters: {'n_estimators': 203, 'learning_rate': 0.10485733570643786, 'subsample': 0.8599855723111061, 'colsample_bytree': 0.8736932106048627, 'min_child_weight': 4}.
[I 2026-05-15 16:25:19,552] Trial 261 finished with values: [0.6184745758993808, 0.5865908229682348] and parameters: {'n_estimators': 59, 'learning_rate': 0.1131225105716033, 'subsample': 0.8196906658824482, 'colsample_bytree': 0.836965827544817, 'min_child_weight': 2}.
[I 2026-05-15 16:25:20,082] Trial 262 finished with values: [0.6254016173299581, 0.5703427208407602] and parameters: {'n_estimators': 91, 'learning_rate': 0.21149322814164553, 'subsample': 0.9601672228653322, 'colsample_bytree': 0.9625417540378944, 'min_child_weight': 4}.
[I 2026-05-15 16:25:20,515] Trial 263 finished with values: [0.6213607907372954, 0.6292490047793716] and parameters: {'n_estimators': 91, 'learning_rate': 0.21149322814164553, 'subsample': 0.8125418526272592, 'colsample_bytree': 0.8532405829093072, 'min_child_weight': 4}.
[I 2026-05-15 16:25:20,941] Trial 264 finished with values: [0.6163874828048697, 0.6445263983873248] and parameters: {'n_estimators': 100, 'learning_rate': 0.029773579612263783, 'subsample': 0.9698774473114251, 'colsample_bytree': 0.6163100566219055, 'min_child_weight': 4}.
[I 2026-05-15 16:25:21,590] Trial 265 finished with values: [0.6197924867598147, 0.61272630890066] and parameters: {'n_estimators': 243, 'learning_rate': 0.017797595772834223, 'subsample': 0.9018171496338729, 'colsample_bytree': 0.82272050498334, 'min_child_weight': 3}.
[I 2026-05-15 16:25:22,091] Trial 266 finished with values: [0.6272441026437876, 0.6302365144423344] and parameters: {'n_estimators': 59, 'learning_rate': 0.012184186502221764, 'subsample': 0.7546941385202149, 'colsample_bytree': 0.9746919954946938, 'min_child_weight': 2}.
[I 2026-05-15 16:25:22,726] Trial 267 finished with values: [0.6283520855920277, 0.6018546454269833] and parameters: {'n_estimators': 203, 'learning_rate': 0.11046009304545999, 'subsample': 0.9698774473114251, 'colsample_bytree': 0.8736932106048627, 'min_child_weight': 4}.
[I 2026-05-15 16:25:23,510] Trial 268 finished with values: [0.6329414171037724, 0.5430840477463935] and parameters: {'n_estimators': 468, 'learning_rate': 0.042902233912047165, 'subsample': 0.9043140194467589, 'colsample_bytree': 0.6254233401144095, 'min_child_weight': 2}.
[I 2026-05-15 16:25:23,902] Trial 269 finished with values: [0.6202135738039181, 0.6095238208213832] and parameters: {'n_estimators': 59, 'learning_rate': 0.053415464843459444, 'subsample': 0.9329770563201687, 'colsample_bytree': 0.8245108790277985, 'min_child_weight': 4}.
[I 2026-05-15 16:25:24,336] Trial 270 finished with values: [0.6213246749490882, 0.6257840171959845] and parameters: {'n_estimators': 103, 'learning_rate': 0.023422815835049925, 'subsample': 0.9043140194467589, 'colsample_bytree': 0.8245108790277985, 'min_child_weight': 8}.
[I 2026-05-15 16:25:25,154] Trial 271 finished with values: [0.6114446892443792, 0.6982872358276977] and parameters: {'n_estimators': 487, 'learning_rate': 0.1218397677644799, 'subsample': 0.9043140194467589, 'colsample_bytree': 0.8503439662856945, 'min_child_weight': 1}.
[I 2026-05-15 16:25:25,839] Trial 272 finished with values: [0.6228261888973776, 0.6363668547391295] and parameters: {'n_estimators': 487, 'learning_rate': 0.042902233912047165, 'subsample': 0.9866619276174678, 'colsample_bytree': 0.610167650697638, 'min_child_weight': 9}.
[I 2026-05-15 16:25:26,349] Trial 273 finished with values: [0.6249771596225034, 0.598712203193122] and parameters: {'n_estimators': 225, 'learning_rate': 0.049234393858490974, 'subsample': 0.6225213102727349, 'colsample_bytree': 0.6475271665072287, 'min_child_weight': 2}.
[I 2026-05-15 16:25:27,155] Trial 274 finished with values: [0.5967383931126533, 0.7121058600498555] and parameters: {'n_estimators': 468, 'learning_rate': 0.11046009304545999, 'subsample': 0.6470104987108419, 'colsample_bytree': 0.6254233401144095, 'min_child_weight': 7}.
[I 2026-05-15 16:25:27,929] Trial 275 finished with values: [0.60683168048723, 0.5742211390919141] and parameters: {'n_estimators': 386, 'learning_rate': 0.1131225105716033, 'subsample': 0.9043140194467589, 'colsample_bytree': 0.8245108790277985, 'min_child_weight': 8}.
[I 2026-05-15 16:25:28,819] Trial 276 finished with values: [0.6325672280287845, 0.5388894664645031] and parameters: {'n_estimators': 468, 'learning_rate': 0.042902233912047165, 'subsample': 0.8599855723111061, 'colsample_bytree': 0.6254233401144095, 'min_child_weight': 4}.
[I 2026-05-15 16:25:29,560] Trial 277 finished with values: [0.5823260834375518, 0.7354560185229773] and parameters: {'n_estimators': 468, 'learning_rate': 0.21149322814164553, 'subsample': 0.8333475060388639, 'colsample_bytree': 0.6254233401144095, 'min_child_weight': 4}.
[I 2026-05-15 16:25:30,172] Trial 278 finished with values: [0.6196058916406786, 0.5923682930693198] and parameters: {'n_estimators': 203, 'learning_rate': 0.11046009304545999, 'subsample': 0.8196906658824482, 'colsample_bytree': 0.6254233401144095, 'min_child_weight': 10}.
[I 2026-05-15 16:25:31,064] Trial 279 finished with values: [0.5774196317139306, 0.7254741161968791] and parameters: {'n_estimators': 468, 'learning_rate': 0.21149322814164553, 'subsample': 0.7499482318094817, 'colsample_bytree': 0.7142848345127443, 'min_child_weight': 4}.
[I 2026-05-15 16:25:31,890] Trial 280 finished with values: [0.6309762027204983, 0.529309792018742] and parameters: {'n_estimators': 468, 'learning_rate': 0.042902233912047165, 'subsample': 0.9474396512757841, 'colsample_bytree': 0.6163100566219055, 'min_child_weight': 3}.
[I 2026-05-15 16:25:32,401] Trial 281 finished with values: [0.6141118864163315, 0.5303529458372347] and parameters: {'n_estimators': 70, 'learning_rate': 0.26472593204036643, 'subsample': 0.7498450458505885, 'colsample_bytree': 0.82272050498334, 'min_child_weight': 3}.
[I 2026-05-15 16:25:33,237] Trial 282 finished with values: [0.6196756557901187, 0.6016605108824029] and parameters: {'n_estimators': 484, 'learning_rate': 0.023545774516299134, 'subsample': 0.6048617898759265, 'colsample_bytree': 0.9105651842967988, 'min_child_weight': 3}.
[I 2026-05-15 16:25:33,983] Trial 283 finished with values: [0.6288934302434128, 0.5658511843005836] and parameters: {'n_estimators': 487, 'learning_rate': 0.042902233912047165, 'subsample': 0.9329770563201687, 'colsample_bytree': 0.9879515306830556, 'min_child_weight': 2}.
[I 2026-05-15 16:25:34,820] Trial 284 finished with values: [0.6257316194160468, 0.5949493676569961] and parameters: {'n_estimators': 468, 'learning_rate': 0.05526573288655769, 'subsample': 0.8196906658824482, 'colsample_bytree': 0.6172639647802304, 'min_child_weight': 4}.
[I 2026-05-15 16:25:35,608] Trial 285 finished with values: [0.5892370781440703, 0.6894686708904362] and parameters: {'n_estimators': 426, 'learning_rate': 0.20716979401768126, 'subsample': 0.8110804436345199, 'colsample_bytree': 0.9971859184477201, 'min_child_weight': 4}.
[I 2026-05-15 16:25:36,328] Trial 286 finished with values: [0.5952806353212348, 0.7235234819512373] and parameters: {'n_estimators': 443, 'learning_rate': 0.1538583627271404, 'subsample': 0.9601672228653322, 'colsample_bytree': 0.9854479908357011, 'min_child_weight': 6}.
[I 2026-05-15 16:25:37,030] Trial 287 finished with values: [0.6230288969203291, 0.5537740972787086] and parameters: {'n_estimators': 468, 'learning_rate': 0.042902233912047165, 'subsample': 0.9866619276174678, 'colsample_bytree': 0.9854479908357011, 'min_child_weight': 9}.
[I 2026-05-15 16:25:37,745] Trial 288 finished with values: [0.6313720871069906, 0.505943808258037] and parameters: {'n_estimators': 457, 'learning_rate': 0.042902233912047165, 'subsample': 0.8599855723111061, 'colsample_bytree': 0.8021009489791429, 'min_child_weight': 4}.
[I 2026-05-15 16:25:38,421] Trial 289 finished with values: [0.6279075247940361, 0.5127810445628176] and parameters: {'n_estimators': 457, 'learning_rate': 0.042902233912047165, 'subsample': 0.6295186258941595, 'colsample_bytree': 0.8021009489791429, 'min_child_weight': 4}.
[I 2026-05-15 16:25:38,827] Trial 290 finished with values: [0.6241158468987206, 0.5776557733901828] and parameters: {'n_estimators': 59, 'learning_rate': 0.2708160864249968, 'subsample': 0.9329770563201687, 'colsample_bytree': 0.8215417137605283, 'min_child_weight': 2}.
[I 2026-05-15 16:25:39,238] Trial 291 finished with values: [0.6139205586740608, 0.5654573440898766] and parameters: {'n_estimators': 59, 'learning_rate': 0.1131225105716033, 'subsample': 0.9329770563201687, 'colsample_bytree': 0.6849356442713105, 'min_child_weight': 2}.
[I 2026-05-15 16:25:39,739] Trial 292 finished with values: [0.608328290545529, 0.6769384079796611] and parameters: {'n_estimators': 59, 'learning_rate': 0.2708160864249968, 'subsample': 0.8125418526272592, 'colsample_bytree': 0.6468268065710423, 'min_child_weight': 5}.
[I 2026-05-15 16:25:40,146] Trial 293 finished with values: [0.6306616855134441, 0.6184362417380898] and parameters: {'n_estimators': 59, 'learning_rate': 0.023422815835049925, 'subsample': 0.9329770563201687, 'colsample_bytree': 0.9425959364753289, 'min_child_weight': 2}.
[I 2026-05-15 16:25:41,018] Trial 294 finished with values: [0.6217222106469927, 0.5784942390412179] and parameters: {'n_estimators': 487, 'learning_rate': 0.02516607127550297, 'subsample': 0.8599855723111061, 'colsample_bytree': 0.8092391376680595, 'min_child_weight': 2}.
[I 2026-05-15 16:25:41,436] Trial 295 finished with values: [0.6186153248906423, 0.6010157455610313] and parameters: {'n_estimators': 91, 'learning_rate': 0.042902233912047165, 'subsample': 0.9601672228653322, 'colsample_bytree': 0.8532405829093072, 'min_child_weight': 4}.
[I 2026-05-15 16:25:42,045] Trial 296 finished with values: [0.6209602763038692, 0.6359812798971409] and parameters: {'n_estimators': 203, 'learning_rate': 0.08505465867325865, 'subsample': 0.9329770563201687, 'colsample_bytree': 0.8245108790277985, 'min_child_weight': 2}.
[I 2026-05-15 16:25:42,420] Trial 297 finished with values: [0.6348238791818553, 0.5432339779011993] and parameters: {'n_estimators': 59, 'learning_rate': 0.2708160864249968, 'subsample': 0.9329770563201687, 'colsample_bytree': 0.8782994755938469, 'min_child_weight': 5}.
[I 2026-05-15 16:25:43,200] Trial 298 finished with values: [0.6205438587526237, 0.701220809082155] and parameters: {'n_estimators': 484, 'learning_rate': 0.0845238710259589, 'subsample': 0.9329770563201687, 'colsample_bytree': 0.836965827544817, 'min_child_weight': 2}.
[I 2026-05-15 16:25:43,896] Trial 299 finished with values: [0.5862377428823211, 0.791993358294875] and parameters: {'n_estimators': 313, 'learning_rate': 0.21434810637527812, 'subsample': 0.8599855723111061, 'colsample_bytree': 0.7203513239267079, 'min_child_weight': 5}.
[I 2026-05-15 16:25:44,708] Trial 300 finished with values: [0.615437794165173, 0.6151564546251835] and parameters: {'n_estimators': 443, 'learning_rate': 0.01167158438611932, 'subsample': 0.9601672228653322, 'colsample_bytree': 0.9570235993959911, 'min_child_weight': 2}.
[I 2026-05-15 16:25:45,158] Trial 301 finished with values: [0.6208261704766833, 0.5948273325830644] and parameters: {'n_estimators': 176, 'learning_rate': 0.042902233912047165, 'subsample': 0.8527348848679197, 'colsample_bytree': 0.7793782087913279, 'min_child_weight': 2}.
[I 2026-05-15 16:25:45,878] Trial 302 finished with values: [0.6310843602251313, 0.5635310432870442] and parameters: {'n_estimators': 487, 'learning_rate': 0.042902233912047165, 'subsample': 0.9801645936306235, 'colsample_bytree': 0.6163100566219055, 'min_child_weight': 2}.
[I 2026-05-15 16:25:46,591] Trial 303 finished with values: [0.6006961231896135, 0.6640542284830382] and parameters: {'n_estimators': 308, 'learning_rate': 0.21149322814164553, 'subsample': 0.8527348848679197, 'colsample_bytree': 0.9105651842967988, 'min_child_weight': 4}.
[I 2026-05-15 16:25:46,985] Trial 304 finished with values: [0.6200691900868185, 0.5897134808582839] and parameters: {'n_estimators': 59, 'learning_rate': 0.1218397677644799, 'subsample': 0.8125418526272592, 'colsample_bytree': 0.8245108790277985, 'min_child_weight': 5}.
[I 2026-05-15 16:25:47,497] Trial 305 finished with values: [0.6144757064339326, 0.5683928885173932] and parameters: {'n_estimators': 103, 'learning_rate': 0.20655112155089347, 'subsample': 0.9329770563201687, 'colsample_bytree': 0.6849356442713105, 'min_child_weight': 8}.
[I 2026-05-15 16:25:48,198] Trial 306 finished with values: [0.6191445033074017, 0.6060861336845755] and parameters: {'n_estimators': 484, 'learning_rate': 0.05526573288655769, 'subsample': 0.7822627011142852, 'colsample_bytree': 0.8480530391206147, 'min_child_weight': 3}.
[I 2026-05-15 16:25:49,005] Trial 307 finished with values: [0.6309454792618036, 0.5184464577231307] and parameters: {'n_estimators': 468, 'learning_rate': 0.042902233912047165, 'subsample': 0.8196906658824482, 'colsample_bytree': 0.6254233401144095, 'min_child_weight': 4}.
[I 2026-05-15 16:25:49,507] Trial 308 finished with values: [0.6259625603620941, 0.5790520354010784] and parameters: {'n_estimators': 175, 'learning_rate': 0.15870971677383489, 'subsample': 0.8307615538505436, 'colsample_bytree': 0.8532405829093072, 'min_child_weight': 4}.
[I 2026-05-15 16:25:50,285] Trial 309 finished with values: [0.6240312289388663, 0.5231640573782064] and parameters: {'n_estimators': 468, 'learning_rate': 0.042902233912047165, 'subsample': 0.8527348848679197, 'colsample_bytree': 0.9637281608315128, 'min_child_weight': 2}.
[I 2026-05-15 16:25:50,908] Trial 310 finished with values: [0.614230089229628, 0.6200994279306229] and parameters: {'n_estimators': 215, 'learning_rate': 0.023545774516299134, 'subsample': 0.8313120563984696, 'colsample_bytree': 0.7854793619759929, 'min_child_weight': 4}.
[I 2026-05-15 16:25:51,703] Trial 311 finished with values: [0.6247453692478792, 0.5665088390597006] and parameters: {'n_estimators': 468, 'learning_rate': 0.05388108577817234, 'subsample': 0.8196906658824482, 'colsample_bytree': 0.7413408912104211, 'min_child_weight': 4}.
[I 2026-05-15 16:25:52,411] Trial 312 finished with values: [0.6120569228943606, 0.611338909647891] and parameters: {'n_estimators': 468, 'learning_rate': 0.07279991098092103, 'subsample': 0.6310938547859939, 'colsample_bytree': 0.9637281608315128, 'min_child_weight': 4}.
[I 2026-05-15 16:25:53,029] Trial 313 finished with values: [0.5935438379557848, 0.879434532042539] and parameters: {'n_estimators': 196, 'learning_rate': 0.27497884337724565, 'subsample': 0.8550229885420852, 'colsample_bytree': 0.9944842977918411, 'min_child_weight': 2}.
[I 2026-05-15 16:25:53,756] Trial 314 finished with values: [0.6165034768146902, 0.5237189463694161] and parameters: {'n_estimators': 364, 'learning_rate': 0.06192689958760303, 'subsample': 0.9043140194467589, 'colsample_bytree': 0.8245108790277985, 'min_child_weight': 8}.
[I 2026-05-15 16:25:54,303] Trial 315 finished with values: [0.617189570784485, 0.5338261819275206] and parameters: {'n_estimators': 225, 'learning_rate': 0.1218397677644799, 'subsample': 0.8125418526272592, 'colsample_bytree': 0.8736932106048627, 'min_child_weight': 4}.
[I 2026-05-15 16:25:55,126] Trial 316 finished with values: [0.6171692698200374, 0.6105158208537047] and parameters: {'n_estimators': 468, 'learning_rate': 0.05388108577817234, 'subsample': 0.8196906658824482, 'colsample_bytree': 0.7238110465145311, 'min_child_weight': 9}.
[I 2026-05-15 16:25:55,739] Trial 317 finished with values: [0.6161081848884502, 0.6039623674159359] and parameters: {'n_estimators': 358, 'learning_rate': 0.017386210661369347, 'subsample': 0.9043140194467589, 'colsample_bytree': 0.610167650697638, 'min_child_weight': 10}.
