[I 2026-05-15 16:24:14,029] Trial 158 finished with values: [0.6230753349373802, 0.5423561655483244] and parameters: {'n_estimators': 487, 'learning_rate': 0.023545774516299134, 'subsample': 0.7988994023569542, 'colsample_bytree': 0.610167650697638, 'min_child_weight': 6}.
[I 2026-05-15 16:24:14,521] Trial 159 finished with values: [0.6190560269142912, 0.6084701500975085] and parameters: {'n_estimators': 70, 'learning_rate': 0.042902233912047165, 'subsample': 0.9866619276174678, 'colsample_bytree': 0.9854479908357011, 'min_child_weight': 9}.
[I 2026-05-15 16:24:14,907] Trial 160 finished with values: [0.6214530587135428, 0.5961442892445773] and parameters: {'n_estimators': 59, 'learning_rate': 0.05917520523090666, 'subsample': 0.9329770563201687, 'colsample_bytree': 0.6282274989601719, 'min_child_weight': 2}.
[I 2026-05-15 16:24:15,513] Trial 161 finished with values: [0.6124586095726097, 0.6689942971130907] and parameters: {'n_estimators': 339, 'learning_rate': 0.10485733570643786, 'subsample': 0.7546941385202149, 'colsample_bytree': 0.9746919954946938, 'min_child_weight': 2}.
[I 2026-05-15 16:24:15,919] Trial 162 finished with values: [0.6115285894404415, 0.6668230064990099] and parameters: {'n_estimators': 61, 'learning_rate': 0.07332660227137139, 'subsample': 0.8550229885420852, 'colsample_bytree': 0.9548850970305306, 'min_child_weight': 5}.
[I 2026-05-15 16:24:16,625] Trial 163 finished with values: [0.6218311575077766, 0.577049887783553] and parameters: {'n_estimators': 468, 'learning_rate': 0.042902233912047165, 'subsample': 0.9043140194467589, 'colsample_bytree': 0.9760920965699831, 'min_child_weight': 4}.
[I 2026-05-15 16:24:17,433] Trial 164 finished with values: [0.619506783201733, 0.5665078679943] and parameters: {'n_estimators': 468, 'learning_rate': 0.017797595772834223, 'subsample': 0.8196906658824482, 'colsample_bytree': 0.82272050498334, 'min_child_weight': 6}.
[I 2026-05-15 16:24:17,929] Trial 165 finished with values: [0.6164864986878913, 0.6164822776477342] and parameters: {'n_estimators': 59, 'learning_rate': 0.042902233912047165, 'subsample': 0.7552679704826087, 'colsample_bytree': 0.6254233401144095, 'min_child_weight': 4}.
[I 2026-05-15 16:24:18,631] Trial 166 finished with values: [0.6241229184538177, 0.5473653190384932] and parameters: {'n_estimators': 348, 'learning_rate': 0.028869220380495747, 'subsample': 0.8573152873769412, 'colsample_bytree': 0.7833011561966067, 'min_child_weight': 2}.
[I 2026-05-15 16:24:19,490] Trial 167 finished with values: [0.6271683122686587, 0.5810209398535588] and parameters: {'n_estimators': 487, 'learning_rate': 0.042902233912047165, 'subsample': 0.9043140194467589, 'colsample_bytree': 0.9854479908357011, 'min_child_weight': 1}.
[I 2026-05-15 16:24:20,168] Trial 168 finished with values: [0.6104443718316107, 0.6000375821422222] and parameters: {'n_estimators': 296, 'learning_rate': 0.21149322814164553, 'subsample': 0.9601672228653322, 'colsample_bytree': 0.6020246335384875, 'min_child_weight': 4}.
[I 2026-05-15 16:24:20,796] Trial 169 finished with values: [0.6248679265969287, 0.6144934035064893] and parameters: {'n_estimators': 348, 'learning_rate': 0.05917520523090666, 'subsample': 0.8363333042276043, 'colsample_bytree': 0.8186841117373118, 'min_child_weight': 1}.
[I 2026-05-15 16:24:21,613] Trial 170 finished with values: [0.5874055579879339, 0.7996051994310752] and parameters: {'n_estimators': 415, 'learning_rate': 0.24584290528289388, 'subsample': 0.9022204554172195, 'colsample_bytree': 0.8736932106048627, 'min_child_weight': 1}.
[I 2026-05-15 16:24:22,451] Trial 171 finished with values: [0.6236740532832117, 0.5500425450431868] and parameters: {'n_estimators': 484, 'learning_rate': 0.023545774516299134, 'subsample': 0.7988994023569542, 'colsample_bytree': 0.6849356442713105, 'min_child_weight': 6}.
[I 2026-05-15 16:24:22,939] Trial 172 finished with values: [0.6235783791867867, 0.6746267495144027] and parameters: {'n_estimators': 59, 'learning_rate': 0.10485733570643786, 'subsample': 0.7544410551203097, 'colsample_bytree': 0.9844762255295657, 'min_child_weight': 2}.
[I 2026-05-15 16:24:23,781] Trial 173 finished with values: [0.6197275076640307, 0.6397374440056459] and parameters: {'n_estimators': 458, 'learning_rate': 0.01610352961694889, 'subsample': 0.6097263865725815, 'colsample_bytree': 0.610167650697638, 'min_child_weight': 2}.
[I 2026-05-15 16:24:24,452] Trial 174 finished with values: [0.6236074688869141, 0.5383573990235091] and parameters: {'n_estimators': 426, 'learning_rate': 0.019462886350651437, 'subsample': 0.8550229885420852, 'colsample_bytree': 0.7203513239267079, 'min_child_weight': 5}.
[I 2026-05-15 16:24:24,985] Trial 175 finished with values: [0.6269456460922374, 0.6232083222090584] and parameters: {'n_estimators': 91, 'learning_rate': 0.01412166070620751, 'subsample': 0.9601672228653322, 'colsample_bytree': 0.6020246335384875, 'min_child_weight': 1}.
[I 2026-05-15 16:24:25,374] Trial 176 finished with values: [0.6238802090024786, 0.48290146941100104] and parameters: {'n_estimators': 59, 'learning_rate': 0.1131225105716033, 'subsample': 0.9329770563201687, 'colsample_bytree': 0.836965827544817, 'min_child_weight': 2}.
[I 2026-05-15 16:24:25,912] Trial 177 finished with values: [0.6220703531164716, 0.533820907810588] and parameters: {'n_estimators': 128, 'learning_rate': 0.21149322814164553, 'subsample': 0.9601672228653322, 'colsample_bytree': 0.8736932106048627, 'min_child_weight': 2}.
[I 2026-05-15 16:24:26,741] Trial 178 finished with values: [0.6224516848288935, 0.5714450781727194] and parameters: {'n_estimators': 484, 'learning_rate': 0.010639368372762009, 'subsample': 0.8550229885420852, 'colsample_bytree': 0.6377771843023713, 'min_child_weight': 5}.
[I 2026-05-15 16:24:27,297] Trial 179 finished with values: [0.619118226976776, 0.5699599388453839] and parameters: {'n_estimators': 128, 'learning_rate': 0.10206664092951903, 'subsample': 0.6284754593840916, 'colsample_bytree': 0.7275902521175045, 'min_child_weight': 2}.
[I 2026-05-15 16:24:28,062] Trial 180 finished with values: [0.631873137881351, 0.5379236227983444] and parameters: {'n_estimators': 426, 'learning_rate': 0.029773579612263783, 'subsample': 0.9698774473114251, 'colsample_bytree': 0.6163100566219055, 'min_child_weight': 5}.
[I 2026-05-15 16:24:28,840] Trial 181 finished with values: [0.6333232801072771, 0.4980483627472555] and parameters: {'n_estimators': 468, 'learning_rate': 0.042902233912047165, 'subsample': 0.9379501243877818, 'colsample_bytree': 0.6254233401144095, 'min_child_weight': 4}.
[I 2026-05-15 16:24:29,352] Trial 182 finished with values: [0.618725241885029, 0.62618596100543] and parameters: {'n_estimators': 60, 'learning_rate': 0.042902233912047165, 'subsample': 0.9866619276174678, 'colsample_bytree': 0.6254233401144095, 'min_child_weight': 4}.
[I 2026-05-15 16:24:30,023] Trial 183 finished with values: [0.5883628029117928, 0.8226020810529825] and parameters: {'n_estimators': 443, 'learning_rate': 0.2708160864249968, 'subsample': 0.6746280235544143, 'colsample_bytree': 0.6849356442713105, 'min_child_weight': 9}.
[I 2026-05-15 16:24:30,831] Trial 184 finished with values: [0.620469372379582, 0.6071099400094692] and parameters: {'n_estimators': 417, 'learning_rate': 0.017797595772834223, 'subsample': 0.7498450458505885, 'colsample_bytree': 0.9854479908357011, 'min_child_weight': 3}.
[I 2026-05-15 16:24:31,399] Trial 185 finished with values: [0.6251816211604758, 0.5448616092662523] and parameters: {'n_estimators': 128, 'learning_rate': 0.10485733570643786, 'subsample': 0.9022204554172195, 'colsample_bytree': 0.6915192661966489, 'min_child_weight': 2}.
[I 2026-05-15 16:24:32,144] Trial 186 finished with values: [0.6257993587380482, 0.5086363814963548] and parameters: {'n_estimators': 468, 'learning_rate': 0.05388108577817234, 'subsample': 0.8196906658824482, 'colsample_bytree': 0.9637281608315128, 'min_child_weight': 4}.
[I 2026-05-15 16:24:32,541] Trial 187 finished with values: [0.6306568705022316, 0.6064821444233734] and parameters: {'n_estimators': 91, 'learning_rate': 0.21149322814164553, 'subsample': 0.8125418526272592, 'colsample_bytree': 0.7127419099093599, 'min_child_weight': 2}.
[I 2026-05-15 16:24:32,977] Trial 188 finished with values: [0.6158961250418656, 0.5650078705995875] and parameters: {'n_estimators': 128, 'learning_rate': 0.05917520523090666, 'subsample': 0.8786948661456602, 'colsample_bytree': 0.8736932106048627, 'min_child_weight': 2}.
[I 2026-05-15 16:24:33,525] Trial 189 finished with values: [0.6133370292075224, 0.6597540045244343] and parameters: {'n_estimators': 132, 'learning_rate': 0.043737251953017454, 'subsample': 0.6746280235544143, 'colsample_bytree': 0.9570235993959911, 'min_child_weight': 6}.
[I 2026-05-15 16:24:34,422] Trial 190 finished with values: [0.6198920741508036, 0.605537064170863] and parameters: {'n_estimators': 443, 'learning_rate': 0.01058040360169664, 'subsample': 0.6746280235544143, 'colsample_bytree': 0.6905983100791752, 'min_child_weight': 6}.
[I 2026-05-15 16:24:35,166] Trial 191 finished with values: [0.5931949403147738, 0.6003983897063347] and parameters: {'n_estimators': 333, 'learning_rate': 0.19775731712985178, 'subsample': 0.8550229885420852, 'colsample_bytree': 0.6254233401144095, 'min_child_weight': 5}.
[I 2026-05-15 16:24:35,628] Trial 192 finished with values: [0.6269970426685154, 0.5348929661500607] and parameters: {'n_estimators': 128, 'learning_rate': 0.1218397677644799, 'subsample': 0.8125418526272592, 'colsample_bytree': 0.8736932106048627, 'min_child_weight': 5}.
[I 2026-05-15 16:24:36,338] Trial 193 finished with values: [0.6259268282516616, 0.5315140811550687] and parameters: {'n_estimators': 484, 'learning_rate': 0.05526573288655769, 'subsample': 0.7988994023569542, 'colsample_bytree': 0.7203513239267079, 'min_child_weight': 3}.
[I 2026-05-15 16:24:37,140] Trial 194 finished with values: [0.5842783522276221, 0.6028387178976414] and parameters: {'n_estimators': 443, 'learning_rate': 0.1538583627271404, 'subsample': 0.6746280235544143, 'colsample_bytree': 0.9213923721539394, 'min_child_weight': 6}.
[I 2026-05-15 16:24:37,802] Trial 195 finished with values: [0.6213706053442309, 0.5905878755560952] and parameters: {'n_estimators': 378, 'learning_rate': 0.02609752135980675, 'subsample': 0.6097263865725815, 'colsample_bytree': 0.6709758175118891, 'min_child_weight': 2}.
[I 2026-05-15 16:24:38,292] Trial 196 finished with values: [0.6093933519379354, 0.6247652636715426] and parameters: {'n_estimators': 59, 'learning_rate': 0.10485733570643786, 'subsample': 0.9002459006563434, 'colsample_bytree': 0.6849356442713105, 'min_child_weight': 9}.
[I 2026-05-15 16:24:39,024] Trial 197 finished with values: [0.6294121892509528, 0.5313654408955182] and parameters: {'n_estimators': 413, 'learning_rate': 0.042902233912047165, 'subsample': 0.8599855723111061, 'colsample_bytree': 0.6254233401144095, 'min_child_weight': 4}.
[I 2026-05-15 16:24:39,570] Trial 198 finished with values: [0.6182067708230099, 0.6033353132271474] and parameters: {'n_estimators': 225, 'learning_rate': 0.02516607127550297, 'subsample': 0.9314950036607718, 'colsample_bytree': 0.8186841117373118, 'min_child_weight': 2}.
[I 2026-05-15 16:24:40,357] Trial 199 finished with values: [0.5899063764288343, 0.8354011007119542] and parameters: {'n_estimators': 496, 'learning_rate': 0.21149322814164553, 'subsample': 0.9601672228653322, 'colsample_bytree': 0.8404460046972835, 'min_child_weight': 4}.
[I 2026-05-15 16:24:40,913] Trial 200 finished with values: [0.6056300349407902, 0.7050562212195594] and parameters: {'n_estimators': 128, 'learning_rate': 0.21149322814164553, 'subsample': 0.7650470707645706, 'colsample_bytree': 0.9637281608315128, 'min_child_weight': 4}.
[I 2026-05-15 16:24:41,416] Trial 201 finished with values: [0.6385581460502641, 0.4954568240819544] and parameters: {'n_estimators': 59, 'learning_rate': 0.21149322814164553, 'subsample': 0.9329770563201687, 'colsample_bytree': 0.9105651842967988, 'min_child_weight': 4}.
[I 2026-05-15 16:24:41,920] Trial 202 finished with values: [0.6006999966511835, 0.739148321277779] and parameters: {'n_estimators': 203, 'learning_rate': 0.21149322814164553, 'subsample': 0.9043140194467589, 'colsample_bytree': 0.8245108790277985, 'min_child_weight': 10}.
[I 2026-05-15 16:24:42,614] Trial 203 finished with values: [0.604366284564318, 0.6161198087804671] and parameters: {'n_estimators': 468, 'learning_rate': 0.10485733570643786, 'subsample': 0.8599855723111061, 'colsample_bytree': 0.6254233401144095, 'min_child_weight': 2}.
[I 2026-05-15 16:24:43,417] Trial 204 finished with values: [0.6130124223871739, 0.605858038740926] and parameters: {'n_estimators': 437, 'learning_rate': 0.1218397677644799, 'subsample': 0.8125418526272592, 'colsample_bytree': 0.8736932106048627, 'min_child_weight': 2}.
[I 2026-05-15 16:24:44,045] Trial 205 finished with values: [0.6224709278695754, 0.5354739243099664] and parameters: {'n_estimators': 215, 'learning_rate': 0.1131225105716033, 'subsample': 0.9329770563201687, 'colsample_bytree': 0.8532405829093072, 'min_child_weight': 2}.
[I 2026-05-15 16:24:44,728] Trial 206 finished with values: [0.6288713779407973, 0.5332345359938329] and parameters: {'n_estimators': 243, 'learning_rate': 0.12856643861355183, 'subsample': 0.9018171496338729, 'colsample_bytree': 0.6849356442713105, 'min_child_weight': 2}.
[I 2026-05-15 16:24:45,257] Trial 207 finished with values: [0.6182145642952169, 0.6137946960346873] and parameters: {'n_estimators': 91, 'learning_rate': 0.21149322814164553, 'subsample': 0.9601672228653322, 'colsample_bytree': 0.641249547534373, 'min_child_weight': 2}.
[I 2026-05-15 16:24:46,061] Trial 208 finished with values: [0.6313720871069906, 0.505943808258037] and parameters: {'n_estimators': 457, 'learning_rate': 0.042902233912047165, 'subsample': 0.8599855723111061, 'colsample_bytree': 0.8021009489791429, 'min_child_weight': 4}.
[I 2026-05-15 16:24:46,851] Trial 209 finished with values: [0.6092910810602429, 0.6598382778399936] and parameters: {'n_estimators': 422, 'learning_rate': 0.1195960383019184, 'subsample': 0.8550229885420852, 'colsample_bytree': 0.9548850970305306, 'min_child_weight': 5}.
[I 2026-05-15 16:24:47,656] Trial 210 finished with values: [0.6302871271246862, 0.5937098948018029] and parameters: {'n_estimators': 487, 'learning_rate': 0.042902233912047165, 'subsample': 0.9043140194467589, 'colsample_bytree': 0.610167650697638, 'min_child_weight': 1}.
[I 2026-05-15 16:24:48,256] Trial 211 finished with values: [0.6168553654438561, 0.5943840577258638] and parameters: {'n_estimators': 194, 'learning_rate': 0.042902233912047165, 'subsample': 0.9329770563201687, 'colsample_bytree': 0.6849356442713105, 'min_child_weight': 9}.
[I 2026-05-15 16:24:48,878] Trial 212 finished with values: [0.6222936883755448, 0.4885043860187589] and parameters: {'n_estimators': 225, 'learning_rate': 0.1218397677644799, 'subsample': 0.8125418526272592, 'colsample_bytree': 0.8736932106048627, 'min_child_weight': 5}.
[I 2026-05-15 16:24:49,800] Trial 213 finished with values: [0.6098515824270635, 0.6809712638945588] and parameters: {'n_estimators': 468, 'learning_rate': 0.1218397677644799, 'subsample': 0.6043350605921193, 'colsample_bytree': 0.6254233401144095, 'min_child_weight': 5}.
[I 2026-05-15 16:24:50,655] Trial 214 finished with values: [0.5882677031866179, 0.8098626579984632] and parameters: {'n_estimators': 375, 'learning_rate': 0.21744977418953557, 'subsample': 0.6097263865725815, 'colsample_bytree': 0.9637281608315128, 'min_child_weight': 1}.
[I 2026-05-15 16:24:51,033] Trial 215 finished with values: [0.6223839294191432, 0.6212859807759694] and parameters: {'n_estimators': 59, 'learning_rate': 0.029625450352016573, 'subsample': 0.9329770563201687, 'colsample_bytree': 0.858188918362867, 'min_child_weight': 8}.
[I 2026-05-15 16:24:51,810] Trial 216 finished with values: [0.585295129108661, 1.0192405156061262] and parameters: {'n_estimators': 478, 'learning_rate': 0.1538583627271404, 'subsample': 0.6746280235544143, 'colsample_bytree': 0.9570235993959911, 'min_child_weight': 10}.
[I 2026-05-15 16:24:52,569] Trial 217 finished with values: [0.590351369999287, 0.8872878532147859] and parameters: {'n_estimators': 408, 'learning_rate': 0.21149322814164553, 'subsample': 0.9601672228653322, 'colsample_bytree': 0.7755885682822544, 'min_child_weight': 2}.
[I 2026-05-15 16:24:53,199] Trial 218 finished with values: [0.6302748211824516, 0.5183913999850025] and parameters: {'n_estimators': 308, 'learning_rate': 0.042902233912047165, 'subsample': 0.8527348848679197, 'colsample_bytree': 0.7793782087913279, 'min_child_weight': 4}.
[I 2026-05-15 16:24:53,825] Trial 219 finished with values: [0.6217741116927932, 0.5973248852252256] and parameters: {'n_estimators': 182, 'learning_rate': 0.03058280993112278, 'subsample': 0.8550229885420852, 'colsample_bytree': 0.9548850970305306, 'min_child_weight': 5}.
[I 2026-05-15 16:24:54,378] Trial 220 finished with values: [0.6257534684117447, 0.6022706197092782] and parameters: {'n_estimators': 128, 'learning_rate': 0.10485733570643786, 'subsample': 0.8690073824308153, 'colsample_bytree': 0.9746919954946938, 'min_child_weight': 4}.
[I 2026-05-15 16:24:54,841] Trial 221 finished with values: [0.6236834571528113, 0.5709180742645336] and parameters: {'n_estimators': 128, 'learning_rate': 0.10485733570643786, 'subsample': 0.900949811775072, 'colsample_bytree': 0.9166316174903394, 'min_child_weight': 2}.
[I 2026-05-15 16:24:55,304] Trial 222 finished with values: [0.610906940407341, 0.5825545189572658] and parameters: {'n_estimators': 120, 'learning_rate': 0.1466769064893309, 'subsample': 0.6364824412194762, 'colsample_bytree': 0.8404460046972835, 'min_child_weight': 5}.
[I 2026-05-15 16:24:56,093] Trial 223 finished with values: [0.6165931979758257, 0.5755539857011774] and parameters: {'n_estimators': 426, 'learning_rate': 0.019462886350651437, 'subsample': 0.8599855723111061, 'colsample_bytree': 0.7203513239267079, 'min_child_weight': 5}.
[I 2026-05-15 16:24:56,814] Trial 224 finished with values: [0.6257993587380482, 0.5086363814963548] and parameters: {'n_estimators': 468, 'learning_rate': 0.05388108577817234, 'subsample': 0.8196906658824482, 'colsample_bytree': 0.9637281608315128, 'min_child_weight': 4}.
[I 2026-05-15 16:24:57,353] Trial 225 finished with values: [0.6192027116723369, 0.596969233295767] and parameters: {'n_estimators': 103, 'learning_rate': 0.1131225105716033, 'subsample': 0.6230235040066577, 'colsample_bytree': 0.8198115529294943, 'min_child_weight': 5}.
[I 2026-05-15 16:24:57,836] Trial 226 finished with values: [0.6158895284905695, 0.5514561708454675] and parameters: {'n_estimators': 128, 'learning_rate': 0.20476075218575424, 'subsample': 0.7546941385202149, 'colsample_bytree': 0.9637281608315128, 'min_child_weight': 4}.
[I 2026-05-15 16:24:58,215] Trial 227 finished with values: [0.6314990089161512, 0.5468848871059252] and parameters: {'n_estimators': 59, 'learning_rate': 0.2708160864249968, 'subsample': 0.9329770563201687, 'colsample_bytree': 0.6468268065710423, 'min_child_weight': 2}.
[I 2026-05-15 16:24:58,603] Trial 228 finished with values: [0.6265354823453997, 0.5345386157203854] and parameters: {'n_estimators': 59, 'learning_rate': 0.2708160864249968, 'subsample': 0.9329770563201687, 'colsample_bytree': 0.6571966728211344, 'min_child_weight': 2}.
[I 2026-05-15 16:24:59,107] Trial 229 finished with values: [0.6037991924728348, 0.634153690540326] and parameters: {'n_estimators': 91, 'learning_rate': 0.21149322814164553, 'subsample': 0.7988994023569542, 'colsample_bytree': 0.7755885682822544, 'min_child_weight': 4}.
[I 2026-05-15 16:24:59,666] Trial 230 finished with values: [0.6165133789451203, 0.6189189921408407] and parameters: {'n_estimators': 128, 'learning_rate': 0.05388108577817234, 'subsample': 0.9046042526869889, 'colsample_bytree': 0.6915192661966489, 'min_child_weight': 3}.
[I 2026-05-15 16:25:00,350] Trial 231 finished with values: [0.6223854236037768, 0.5498545508535022] and parameters: {'n_estimators': 328, 'learning_rate': 0.023545774516299134, 'subsample': 0.7988994023569542, 'colsample_bytree': 0.8404460046972835, 'min_child_weight': 8}.
[I 2026-05-15 16:25:00,924] Trial 232 finished with values: [0.6245153554885119, 0.6374319418478084] and parameters: {'n_estimators': 128, 'learning_rate': 0.014104914380026676, 'subsample': 0.9043140194467589, 'colsample_bytree': 0.8736932106048627, 'min_child_weight': 1}.
[I 2026-05-15 16:25:01,712] Trial 233 finished with values: [0.626584975244191, 0.5366650435878165] and parameters: {'n_estimators': 366, 'learning_rate': 0.02516607127550297, 'subsample': 0.8599855723111061, 'colsample_bytree': 0.6254233401144095, 'min_child_weight': 4}.
[I 2026-05-15 16:25:02,556] Trial 234 finished with values: [0.6272385907225088, 0.5615216499479381] and parameters: {'n_estimators': 484, 'learning_rate': 0.05526573288655769, 'subsample': 0.8599855723111061, 'colsample_bytree': 0.7203513239267079, 'min_child_weight': 4}.
[I 2026-05-15 16:25:03,263] Trial 235 finished with values: [0.6309454792618036, 0.5184464577231307] and parameters: {'n_estimators': 468, 'learning_rate': 0.042902233912047165, 'subsample': 0.8196906658824482, 'colsample_bytree': 0.6254233401144095, 'min_child_weight': 4}.
[I 2026-05-15 16:25:03,826] Trial 236 finished with values: [0.6230627351062185, 0.6282554414997333] and parameters: {'n_estimators': 128, 'learning_rate': 0.10485733570643786, 'subsample': 0.9601672228653322, 'colsample_bytree': 0.8736932106048627, 'min_child_weight': 2}.
[I 2026-05-15 16:25:04,628] Trial 237 finished with values: [0.6237848253622389, 0.5953915573341199] and parameters: {'n_estimators': 408, 'learning_rate': 0.01058040360169664, 'subsample': 0.8048372233197124, 'colsample_bytree': 0.7970070775275455, 'min_child_weight': 1}.
