[I 2026-05-15 16:27:41,859] Trial 478 finished with values: [0.5853619210576465, 0.4599041348356917] and parameters: {'n_estimators': 443, 'learning_rate': 0.1538583627271404, 'subsample': 0.6746280235544143, 'colsample_bytree': 0.9570235993959911, 'min_child_weight': 6}.
[I 2026-05-15 16:27:42,731] Trial 479 finished with values: [0.6275356638611387, 0.5713525107142706] and parameters: {'n_estimators': 487, 'learning_rate': 0.042902233912047165, 'subsample': 0.9043140194467589, 'colsample_bytree': 0.9877881733101476, 'min_child_weight': 2}.
[I 2026-05-15 16:27:43,216] Trial 480 finished with values: [0.6246152385144008, 0.5522856343012524] and parameters: {'n_estimators': 59, 'learning_rate': 0.18987114604724706, 'subsample': 0.9329770563201687, 'colsample_bytree': 0.9105651842967988, 'min_child_weight': 4}.
[I 2026-05-15 16:27:43,894] Trial 481 finished with values: [0.5894464557759524, 0.6161662053505835] and parameters: {'n_estimators': 418, 'learning_rate': 0.1538583627271404, 'subsample': 0.6746280235544143, 'colsample_bytree': 0.8021009489791429, 'min_child_weight': 3}.
[I 2026-05-15 16:27:44,465] Trial 482 finished with values: [0.6051399938388232, 0.7478465428885717] and parameters: {'n_estimators': 308, 'learning_rate': 0.21149322814164553, 'subsample': 0.9379501243877818, 'colsample_bytree': 0.9730913933416053, 'min_child_weight': 4}.
[I 2026-05-15 16:27:45,332] Trial 483 finished with values: [0.5864825896838415, 0.6687093466148415] and parameters: {'n_estimators': 468, 'learning_rate': 0.21149322814164553, 'subsample': 0.6683550349560263, 'colsample_bytree': 0.6254233401144095, 'min_child_weight': 4}.
[I 2026-05-15 16:27:45,819] Trial 484 finished with values: [0.6096063459643061, 0.6891858753681728] and parameters: {'n_estimators': 59, 'learning_rate': 0.21149322814164553, 'subsample': 0.8599855723111061, 'colsample_bytree': 0.8674572879697724, 'min_child_weight': 10}.
[I 2026-05-15 16:27:46,321] Trial 485 finished with values: [0.6241158468987206, 0.5776557733901828] and parameters: {'n_estimators': 59, 'learning_rate': 0.2708160864249968, 'subsample': 0.9329770563201687, 'colsample_bytree': 0.8227051572055719, 'min_child_weight': 2}.
[I 2026-05-15 16:27:47,139] Trial 486 finished with values: [0.6320859988556529, 0.5364240452383994] and parameters: {'n_estimators': 487, 'learning_rate': 0.042902233912047165, 'subsample': 0.9043140194467589, 'colsample_bytree': 0.6163100566219055, 'min_child_weight': 2}.
[I 2026-05-15 16:27:47,928] Trial 487 finished with values: [0.6229343822105482, 0.5208237035709103] and parameters: {'n_estimators': 487, 'learning_rate': 0.042902233912047165, 'subsample': 0.8527348848679197, 'colsample_bytree': 0.7793782087913279, 'min_child_weight': 4}.
[I 2026-05-15 16:27:48,600] Trial 488 finished with values: [0.6191398748961701, 0.614648465149004] and parameters: {'n_estimators': 307, 'learning_rate': 0.042902233912047165, 'subsample': 0.6746280235544143, 'colsample_bytree': 0.9730913933416053, 'min_child_weight': 6}.
[I 2026-05-15 16:27:49,223] Trial 489 finished with values: [0.6103108760654097, 0.6361062046915013] and parameters: {'n_estimators': 176, 'learning_rate': 0.2708160864249968, 'subsample': 0.9329770563201687, 'colsample_bytree': 0.9077971732767748, 'min_child_weight': 2}.
[I 2026-05-15 16:27:50,033] Trial 490 finished with values: [0.58973478399777, 0.7909221901350113] and parameters: {'n_estimators': 468, 'learning_rate': 0.21149322814164553, 'subsample': 0.9329770563201687, 'colsample_bytree': 0.6748174994230093, 'min_child_weight': 4}.
[I 2026-05-15 16:27:50,753] Trial 491 finished with values: [0.618494714270058, 0.597529041088241] and parameters: {'n_estimators': 468, 'learning_rate': 0.042902233912047165, 'subsample': 0.7294716945616975, 'colsample_bytree': 0.6163100566219055, 'min_child_weight': 2}.
[I 2026-05-15 16:27:51,544] Trial 492 finished with values: [0.6256271618898659, 0.6131194856427248] and parameters: {'n_estimators': 487, 'learning_rate': 0.042902233912047165, 'subsample': 0.7701745754465668, 'colsample_bytree': 0.8503439662856945, 'min_child_weight': 2}.
[I 2026-05-15 16:27:52,385] Trial 493 finished with values: [0.6294694039023113, 0.5113811718442826] and parameters: {'n_estimators': 468, 'learning_rate': 0.042902233912047165, 'subsample': 0.8599855723111061, 'colsample_bytree': 0.803044151473782, 'min_child_weight': 4}.
[I 2026-05-15 16:27:53,160] Trial 494 finished with values: [0.6108913503087982, 0.6113852459069642] and parameters: {'n_estimators': 468, 'learning_rate': 0.042902233912047165, 'subsample': 0.6969638929660321, 'colsample_bytree': 0.6468268065710423, 'min_child_weight': 4}.
[I 2026-05-15 16:27:53,966] Trial 495 finished with values: [0.632931746149832, 0.5194045140301962] and parameters: {'n_estimators': 468, 'learning_rate': 0.042902233912047165, 'subsample': 0.9329770563201687, 'colsample_bytree': 0.6254233401144095, 'min_child_weight': 2}.
[I 2026-05-15 16:27:54,370] Trial 496 finished with values: [0.6200917963627883, 0.5293259091149298] and parameters: {'n_estimators': 59, 'learning_rate': 0.1131225105716033, 'subsample': 0.9329770563201687, 'colsample_bytree': 0.6254233401144095, 'min_child_weight': 4}.
[I 2026-05-15 16:27:54,862] Trial 497 finished with values: [0.6165159198384075, 0.548976828508793] and parameters: {'n_estimators': 59, 'learning_rate': 0.21149322814164553, 'subsample': 0.9329770563201687, 'colsample_bytree': 0.7481888411165528, 'min_child_weight': 7}.
[I 2026-05-15 16:27:55,522] Trial 498 finished with values: [0.6295194278954265, 0.5340903530028492] and parameters: {'n_estimators': 308, 'learning_rate': 0.042902233912047165, 'subsample': 0.9379501243877818, 'colsample_bytree': 0.6254233401144095, 'min_child_weight': 4}.
[I 2026-05-15 16:27:56,202] Trial 499 finished with values: [0.6306079351792804, 0.47996371276424765] and parameters: {'n_estimators': 468, 'learning_rate': 0.042902233912047165, 'subsample': 0.9329770563201687, 'colsample_bytree': 0.9105651842967988, 'min_child_weight': 4}.
Building variant 'auroc_max'...
Saved /home/mklemmingen/PycharmProjects/migraine-forecasting-shd/experiment/0/headache/full_features/stacked_2xgb_meta_lr/70_15_15/stratified/HyperparameterTuned/pareto_AUROC_slope/auroc_max/model.joblib

# End capture ------------------------------------------
# Finished: 2026-05-15T16:27:56
