[I 2026-05-22 17:39:36,020] Trial 158 finished with values: [0.6136355746509916, 0.4491888567947157] and parameters: {'n_estimators': 487, 'learning_rate': 0.21149322814164553, 'subsample': 0.9659457560881795, 'colsample_bytree': 0.9579309401710595, 'min_child_weight': 4}.
[I 2026-05-22 17:39:36,448] Trial 159 finished with values: [0.5860714584205736, 0.49366426470088065] and parameters: {'n_estimators': 105, 'learning_rate': 0.11812030596598909, 'subsample': 0.9698774473114251, 'colsample_bytree': 0.9960215400417053, 'min_child_weight': 3}.
[I 2026-05-22 17:39:37,282] Trial 160 finished with values: [0.6022768016573308, 0.5825549788137779] and parameters: {'n_estimators': 487, 'learning_rate': 0.11812030596598909, 'subsample': 0.9757995766256756, 'colsample_bytree': 0.6282274989601719, 'min_child_weight': 8}.
[I 2026-05-22 17:39:38,033] Trial 161 finished with values: [0.601967763490384, 0.7036414112565382] and parameters: {'n_estimators': 339, 'learning_rate': 0.05526573288655769, 'subsample': 0.8307615538505436, 'colsample_bytree': 0.7970070775275455, 'min_child_weight': 2}.
[I 2026-05-22 17:39:38,436] Trial 162 finished with values: [0.5815599990380723, 0.7335699309587137] and parameters: {'n_estimators': 61, 'learning_rate': 0.07332660227137139, 'subsample': 0.822080324639785, 'colsample_bytree': 0.8118602313424026, 'min_child_weight': 3}.
[I 2026-05-22 17:39:39,267] Trial 163 finished with values: [0.5792012901429124, 0.7005937646752392] and parameters: {'n_estimators': 439, 'learning_rate': 0.16155001304356414, 'subsample': 0.6296178606936361, 'colsample_bytree': 0.9760920965699831, 'min_child_weight': 3}.
[I 2026-05-22 17:39:39,784] Trial 164 finished with values: [0.5774454293606738, 0.8641295102836363] and parameters: {'n_estimators': 105, 'learning_rate': 0.13780336485751998, 'subsample': 0.6137554084460873, 'colsample_bytree': 0.6440207698110707, 'min_child_weight': 6}.
[I 2026-05-22 17:39:40,284] Trial 165 finished with values: [0.584091637398218, 0.7282995873837058] and parameters: {'n_estimators': 196, 'learning_rate': 0.05526573288655769, 'subsample': 0.7552679704826087, 'colsample_bytree': 0.7755885682822544, 'min_child_weight': 2}.
[I 2026-05-22 17:39:40,943] Trial 166 finished with values: [0.6135003794880061, 0.43729743832082874] and parameters: {'n_estimators': 242, 'learning_rate': 0.16155001304356414, 'subsample': 0.8573152873769412, 'colsample_bytree': 0.7833011561966067, 'min_child_weight': 2}.
[I 2026-05-22 17:39:41,644] Trial 167 finished with values: [0.5983175055799104, 0.5156693988682232] and parameters: {'n_estimators': 468, 'learning_rate': 0.16155001304356414, 'subsample': 0.9601672228653322, 'colsample_bytree': 0.6027808522124762, 'min_child_weight': 6}.
[I 2026-05-22 17:39:42,298] Trial 168 finished with values: [0.6027092342712319, 0.4534643895183663] and parameters: {'n_estimators': 296, 'learning_rate': 0.11812030596598909, 'subsample': 0.9588441039810308, 'colsample_bytree': 0.9509492287711822, 'min_child_weight': 8}.
[I 2026-05-22 17:39:42,857] Trial 169 finished with values: [0.5942697434175752, 0.47333745896221496] and parameters: {'n_estimators': 242, 'learning_rate': 0.10519936117151477, 'subsample': 0.9442922333025374, 'colsample_bytree': 0.6027808522124762, 'min_child_weight': 6}.
[I 2026-05-22 17:39:43,693] Trial 170 finished with values: [0.6040520404345102, 1.0261515504148138] and parameters: {'n_estimators': 414, 'learning_rate': 0.24584290528289388, 'subsample': 0.7272013899887455, 'colsample_bytree': 0.9548850970305306, 'min_child_weight': 5}.
[I 2026-05-22 17:39:44,186] Trial 171 finished with values: [0.5900838762148514, 0.40324281284159513] and parameters: {'n_estimators': 91, 'learning_rate': 0.21149322814164553, 'subsample': 0.9659457560881795, 'colsample_bytree': 0.9579309401710595, 'min_child_weight': 4}.
[I 2026-05-22 17:39:44,815] Trial 172 finished with values: [0.6115744023909618, 0.7280403984621764] and parameters: {'n_estimators': 347, 'learning_rate': 0.16111511355977057, 'subsample': 0.7544410551203097, 'colsample_bytree': 0.9844762255295657, 'min_child_weight': 3}.
[I 2026-05-22 17:39:45,624] Trial 173 finished with values: [0.5907201842005526, 0.6194110510556478] and parameters: {'n_estimators': 458, 'learning_rate': 0.16111511355977057, 'subsample': 0.9329770563201687, 'colsample_bytree': 0.8118602313424026, 'min_child_weight': 7}.
[I 2026-05-22 17:39:46,102] Trial 174 finished with values: [0.5854277893755516, 0.6610216021830271] and parameters: {'n_estimators': 160, 'learning_rate': 0.019462886350651437, 'subsample': 0.9442922333025374, 'colsample_bytree': 0.9568186220708453, 'min_child_weight': 9}.
[I 2026-05-22 17:39:46,667] Trial 175 finished with values: [0.597253925027434, 0.3284129606058486] and parameters: {'n_estimators': 203, 'learning_rate': 0.11812030596598909, 'subsample': 0.9698774473114251, 'colsample_bytree': 0.9960215400417053, 'min_child_weight': 1}.
[I 2026-05-22 17:39:47,492] Trial 176 finished with values: [0.6221264227265252, 0.7255108819526732] and parameters: {'n_estimators': 474, 'learning_rate': 0.25648866468880704, 'subsample': 0.9659457560881795, 'colsample_bytree': 0.7433862914177091, 'min_child_weight': 1}.
[I 2026-05-22 17:39:48,234] Trial 177 finished with values: [0.5969711912998139, 0.6618855397223902] and parameters: {'n_estimators': 378, 'learning_rate': 0.25648866468880704, 'subsample': 0.9659457560881795, 'colsample_bytree': 0.7433862914177091, 'min_child_weight': 2}.
[I 2026-05-22 17:39:48,841] Trial 178 finished with values: [0.5832866899747263, 0.7521459361633456] and parameters: {'n_estimators': 160, 'learning_rate': 0.010639368372762009, 'subsample': 0.9442922333025374, 'colsample_bytree': 0.6377771843023713, 'min_child_weight': 9}.
[I 2026-05-22 17:39:49,460] Trial 179 finished with values: [0.584367098675675, 0.8233571083417598] and parameters: {'n_estimators': 207, 'learning_rate': 0.10206664092951903, 'subsample': 0.6284754593840916, 'colsample_bytree': 0.7275902521175045, 'min_child_weight': 6}.
[I 2026-05-22 17:39:49,946] Trial 180 finished with values: [0.5995781944260772, 0.6881130839573324] and parameters: {'n_estimators': 196, 'learning_rate': 0.1195960383019184, 'subsample': 0.822080324639785, 'colsample_bytree': 0.9548850970305306, 'min_child_weight': 5}.
[I 2026-05-22 17:39:50,703] Trial 181 finished with values: [0.594177638490841, 0.6172775767244015] and parameters: {'n_estimators': 408, 'learning_rate': 0.05526573288655769, 'subsample': 0.9379501243877818, 'colsample_bytree': 0.7755885682822544, 'min_child_weight': 1}.
[I 2026-05-22 17:39:51,111] Trial 182 finished with values: [0.5777673761099993, 0.5294096963981314] and parameters: {'n_estimators': 60, 'learning_rate': 0.13780336485751998, 'subsample': 0.9866619276174678, 'colsample_bytree': 0.6440207698110707, 'min_child_weight': 5}.
[I 2026-05-22 17:39:51,833] Trial 183 finished with values: [0.6142636492717475, 0.4912430237748211] and parameters: {'n_estimators': 378, 'learning_rate': 0.11812030596598909, 'subsample': 0.9588441039810308, 'colsample_bytree': 0.9960215400417053, 'min_child_weight': 3}.
[I 2026-05-22 17:39:52,506] Trial 184 finished with values: [0.5890438422116709, 0.6335023325909743] and parameters: {'n_estimators': 417, 'learning_rate': 0.11812030596598909, 'subsample': 0.9588441039810308, 'colsample_bytree': 0.9746919954946938, 'min_child_weight': 8}.
[I 2026-05-22 17:39:53,247] Trial 185 finished with values: [0.5879302513883269, 0.5860304222687389] and parameters: {'n_estimators': 408, 'learning_rate': 0.05526573288655769, 'subsample': 0.9442922333025374, 'colsample_bytree': 0.6027808522124762, 'min_child_weight': 2}.
[I 2026-05-22 17:39:53,687] Trial 186 finished with values: [0.5858366305435829, 0.7211175604220588] and parameters: {'n_estimators': 105, 'learning_rate': 0.1538583627271404, 'subsample': 0.6137554084460873, 'colsample_bytree': 0.9570235993959911, 'min_child_weight': 3}.
[I 2026-05-22 17:39:54,417] Trial 187 finished with values: [0.5990897812296113, 0.8673327410472529] and parameters: {'n_estimators': 474, 'learning_rate': 0.25648866468880704, 'subsample': 0.9588441039810308, 'colsample_bytree': 0.7127419099093599, 'min_child_weight': 2}.
[I 2026-05-22 17:39:54,854] Trial 188 finished with values: [0.5884564601471135, 0.722425404830587] and parameters: {'n_estimators': 91, 'learning_rate': 0.11812030596598909, 'subsample': 0.8786948661456602, 'colsample_bytree': 0.954834569706047, 'min_child_weight': 4}.
[I 2026-05-22 17:39:55,371] Trial 189 finished with values: [0.5874441709847176, 0.4973575319923432] and parameters: {'n_estimators': 196, 'learning_rate': 0.1195960383019184, 'subsample': 0.9442922333025374, 'colsample_bytree': 0.6950550175969599, 'min_child_weight': 6}.
[I 2026-05-22 17:39:56,089] Trial 190 finished with values: [0.5966730580581974, 0.6488922168707969] and parameters: {'n_estimators': 297, 'learning_rate': 0.16111511355977057, 'subsample': 0.8607845038010402, 'colsample_bytree': 0.8118602313424026, 'min_child_weight': 8}.
[I 2026-05-22 17:39:56,818] Trial 191 finished with values: [0.6178253318607388, 0.9605709565711373] and parameters: {'n_estimators': 333, 'learning_rate': 0.19775731712985178, 'subsample': 0.6296178606936361, 'colsample_bytree': 0.9548850970305306, 'min_child_weight': 2}.
[I 2026-05-22 17:39:57,528] Trial 192 finished with values: [0.5965676637669024, 0.40812427895627296] and parameters: {'n_estimators': 378, 'learning_rate': 0.1218397677644799, 'subsample': 0.9588441039810308, 'colsample_bytree': 0.9548850970305306, 'min_child_weight': 5}.
[I 2026-05-22 17:39:58,008] Trial 193 finished with values: [0.5879405799328727, 0.58043429159876] and parameters: {'n_estimators': 160, 'learning_rate': 0.2708160864249968, 'subsample': 0.7572390898667042, 'colsample_bytree': 0.9568186220708453, 'min_child_weight': 7}.
[I 2026-05-22 17:39:58,770] Trial 194 finished with values: [0.5947440821613987, 0.353118596718236] and parameters: {'n_estimators': 408, 'learning_rate': 0.11364355894710455, 'subsample': 0.9442922333025374, 'colsample_bytree': 0.9213923721539394, 'min_child_weight': 6}.
[I 2026-05-22 17:39:59,169] Trial 195 finished with values: [0.5857974495544808, 0.7618240443090659] and parameters: {'n_estimators': 196, 'learning_rate': 0.02609752135980675, 'subsample': 0.7272013899887455, 'colsample_bytree': 0.6709758175118891, 'min_child_weight': 7}.
[I 2026-05-22 17:39:59,851] Trial 196 finished with values: [0.5988829987235317, 0.7230008480407053] and parameters: {'n_estimators': 408, 'learning_rate': 0.21149322814164553, 'subsample': 0.9002459006563434, 'colsample_bytree': 0.7970070775275455, 'min_child_weight': 2}.
[I 2026-05-22 17:40:00,631] Trial 197 finished with values: [0.6003125678296686, 0.7153945928061234] and parameters: {'n_estimators': 413, 'learning_rate': 0.16155001304356414, 'subsample': 0.9442922333025374, 'colsample_bytree': 0.6027808522124762, 'min_child_weight': 3}.
[I 2026-05-22 17:40:01,422] Trial 198 finished with values: [0.5982950240784889, 0.8306820471806162] and parameters: {'n_estimators': 414, 'learning_rate': 0.21068591627429098, 'subsample': 0.7272013899887455, 'colsample_bytree': 0.6440207698110707, 'min_child_weight': 5}.
[I 2026-05-22 17:40:02,152] Trial 199 finished with values: [0.5947756445039362, 0.5995953329333712] and parameters: {'n_estimators': 496, 'learning_rate': 0.12301645833176054, 'subsample': 0.8217416210045603, 'colsample_bytree': 0.6849356442713105, 'min_child_weight': 5}.
[I 2026-05-22 17:40:02,888] Trial 200 finished with values: [0.5906273385544349, 0.6060956977540084] and parameters: {'n_estimators': 404, 'learning_rate': 0.11812030596598909, 'subsample': 0.7650470707645706, 'colsample_bytree': 0.6388705975083074, 'min_child_weight': 4}.
[I 2026-05-22 17:40:03,287] Trial 201 finished with values: [0.5845177255260514, 0.46750178934893016] and parameters: {'n_estimators': 105, 'learning_rate': 0.11812030596598909, 'subsample': 0.9698774473114251, 'colsample_bytree': 0.9105651842967988, 'min_child_weight': 1}.
[I 2026-05-22 17:40:03,919] Trial 202 finished with values: [0.5714626861330045, 0.5528185275928008] and parameters: {'n_estimators': 203, 'learning_rate': 0.11364355894710455, 'subsample': 0.9442922333025374, 'colsample_bytree': 0.6027808522124762, 'min_child_weight': 10}.
[I 2026-05-22 17:40:04,675] Trial 203 finished with values: [0.6128372316539625, 0.6469439318733033] and parameters: {'n_estimators': 414, 'learning_rate': 0.16111511355977057, 'subsample': 0.6313825525369063, 'colsample_bytree': 0.6440207698110707, 'min_child_weight': 3}.
[I 2026-05-22 17:40:05,468] Trial 204 finished with values: [0.604526400567767, 0.6349678335003551] and parameters: {'n_estimators': 437, 'learning_rate': 0.1218397677644799, 'subsample': 0.9588441039810308, 'colsample_bytree': 0.9548850970305306, 'min_child_weight': 2}.
[I 2026-05-22 17:40:06,131] Trial 205 finished with values: [0.6014771907240297, 1.2798247889105268] and parameters: {'n_estimators': 408, 'learning_rate': 0.2708160864249968, 'subsample': 0.7893887083122263, 'colsample_bytree': 0.6950550175969599, 'min_child_weight': 2}.
[I 2026-05-22 17:40:06,781] Trial 206 finished with values: [0.5844778362529122, 0.48981678554815195] and parameters: {'n_estimators': 243, 'learning_rate': 0.12856643861355183, 'subsample': 0.9018171496338729, 'colsample_bytree': 0.9579309401710595, 'min_child_weight': 5}.
[I 2026-05-22 17:40:07,451] Trial 207 finished with values: [0.6154677734297616, 0.49342038142984296] and parameters: {'n_estimators': 242, 'learning_rate': 0.16155001304356414, 'subsample': 0.8573152873769412, 'colsample_bytree': 0.641249547534373, 'min_child_weight': 4}.
[I 2026-05-22 17:40:08,241] Trial 208 finished with values: [0.5997362852956749, 0.5453876114897671] and parameters: {'n_estimators': 457, 'learning_rate': 0.12301645833176054, 'subsample': 0.8217416210045603, 'colsample_bytree': 0.8021009489791429, 'min_child_weight': 5}.
[I 2026-05-22 17:40:09,013] Trial 209 finished with values: [0.6087459591798806, 0.790414885433678] and parameters: {'n_estimators': 422, 'learning_rate': 0.1538583627271404, 'subsample': 0.6746280235544143, 'colsample_bytree': 0.9570235993959911, 'min_child_weight': 6}.
[I 2026-05-22 17:40:09,761] Trial 210 finished with values: [0.6102211164273814, 0.549642148469789] and parameters: {'n_estimators': 487, 'learning_rate': 0.16155001304356414, 'subsample': 0.9659457560881795, 'colsample_bytree': 0.9579309401710595, 'min_child_weight': 4}.
[I 2026-05-22 17:40:10,275] Trial 211 finished with values: [0.5831985192435859, 0.5897118197392552] and parameters: {'n_estimators': 194, 'learning_rate': 0.25648866468880704, 'subsample': 0.9588441039810308, 'colsample_bytree': 0.9548850970305306, 'min_child_weight': 9}.
[I 2026-05-22 17:40:10,944] Trial 212 finished with values: [0.5991704079337357, 0.7441924423171112] and parameters: {'n_estimators': 225, 'learning_rate': 0.21068591627429098, 'subsample': 0.6137554084460873, 'colsample_bytree': 0.9637281608315128, 'min_child_weight': 1}.
[I 2026-05-22 17:40:11,580] Trial 213 finished with values: [0.6076575466832626, 0.6308756774592158] and parameters: {'n_estimators': 242, 'learning_rate': 0.24584290528289388, 'subsample': 0.6043350605921193, 'colsample_bytree': 0.8503439662856945, 'min_child_weight': 5}.
[I 2026-05-22 17:40:12,267] Trial 214 finished with values: [0.5860181361789085, 1.1197180461705984] and parameters: {'n_estimators': 404, 'learning_rate': 0.21744977418953557, 'subsample': 0.9329770563201687, 'colsample_bytree': 0.9509492287711822, 'min_child_weight': 1}.
[I 2026-05-22 17:40:12,909] Trial 215 finished with values: [0.5883257357852701, 0.587250929549185] and parameters: {'n_estimators': 339, 'learning_rate': 0.029625450352016573, 'subsample': 0.8307615538505436, 'colsample_bytree': 0.6440207698110707, 'min_child_weight': 2}.
[I 2026-05-22 17:40:13,709] Trial 216 finished with values: [0.5977566358850992, 0.5639229141500497] and parameters: {'n_estimators': 478, 'learning_rate': 0.11812030596598909, 'subsample': 0.9588441039810308, 'colsample_bytree': 0.954834569706047, 'min_child_weight': 10}.
[I 2026-05-22 17:40:14,471] Trial 217 finished with values: [0.5947041564091209, 0.472098220252677] and parameters: {'n_estimators': 414, 'learning_rate': 0.09836162684900028, 'subsample': 0.9046478461314871, 'colsample_bytree': 0.9579309401710595, 'min_child_weight': 7}.
[I 2026-05-22 17:40:15,066] Trial 218 finished with values: [0.5895241873526571, 0.47154505674424685] and parameters: {'n_estimators': 308, 'learning_rate': 0.11364355894710455, 'subsample': 0.8527348848679197, 'colsample_bytree': 0.7793782087913279, 'min_child_weight': 6}.
[I 2026-05-22 17:40:15,558] Trial 219 finished with values: [0.5806336125963899, 0.6766079398755789] and parameters: {'n_estimators': 182, 'learning_rate': 0.03058280993112278, 'subsample': 0.6746280235544143, 'colsample_bytree': 0.9570235993959911, 'min_child_weight': 6}.
[I 2026-05-22 17:40:16,348] Trial 220 finished with values: [0.595547920207343, 0.7775134711596702] and parameters: {'n_estimators': 414, 'learning_rate': 0.16111511355977057, 'subsample': 0.8690073824308153, 'colsample_bytree': 0.8118602313424026, 'min_child_weight': 6}.
[I 2026-05-22 17:40:16,992] Trial 221 finished with values: [0.5970861212226858, 0.34640131685878267] and parameters: {'n_estimators': 378, 'learning_rate': 0.11812030596598909, 'subsample': 0.900949811775072, 'colsample_bytree': 0.9166316174903394, 'min_child_weight': 3}.
[I 2026-05-22 17:40:17,728] Trial 222 finished with values: [0.6097272254097252, 0.7969162477989657] and parameters: {'n_estimators': 487, 'learning_rate': 0.1466769064893309, 'subsample': 0.6364824412194762, 'colsample_bytree': 0.9579309401710595, 'min_child_weight': 5}.
[I 2026-05-22 17:40:18,373] Trial 223 finished with values: [0.5846362060438557, 0.5078910415419529] and parameters: {'n_estimators': 242, 'learning_rate': 0.10519936117151477, 'subsample': 0.8217416210045603, 'colsample_bytree': 0.6027808522124762, 'min_child_weight': 6}.
[I 2026-05-22 17:40:18,868] Trial 224 finished with values: [0.5874441709847176, 0.4973575319923432] and parameters: {'n_estimators': 196, 'learning_rate': 0.1195960383019184, 'subsample': 0.9442922333025374, 'colsample_bytree': 0.6950550175969599, 'min_child_weight': 6}.
[I 2026-05-22 17:40:19,479] Trial 225 finished with values: [0.5974844406546735, 1.100705137828465] and parameters: {'n_estimators': 242, 'learning_rate': 0.16155001304356414, 'subsample': 0.6230235040066577, 'colsample_bytree': 0.8198115529294943, 'min_child_weight': 5}.
[I 2026-05-22 17:40:19,910] Trial 226 finished with values: [0.5750505504100049, 1.2428893028420838] and parameters: {'n_estimators': 105, 'learning_rate': 0.20476075218575424, 'subsample': 0.6137554084460873, 'colsample_bytree': 0.9637281608315128, 'min_child_weight': 4}.
[I 2026-05-22 17:40:20,682] Trial 227 finished with values: [0.5888907903190785, 0.34867130178957234] and parameters: {'n_estimators': 433, 'learning_rate': 0.06951034928701941, 'subsample': 0.9329770563201687, 'colsample_bytree': 0.6468268065710423, 'min_child_weight': 2}.
[I 2026-05-22 17:40:21,300] Trial 228 finished with values: [0.6028659204598392, 0.8832915931868299] and parameters: {'n_estimators': 378, 'learning_rate': 0.13780336485751998, 'subsample': 0.6296178606936361, 'colsample_bytree': 0.6571966728211344, 'min_child_weight': 2}.
[I 2026-05-22 17:40:22,047] Trial 229 finished with values: [0.6017574200071464, 0.36437569483306587] and parameters: {'n_estimators': 487, 'learning_rate': 0.09836162684900028, 'subsample': 0.9442922333025374, 'colsample_bytree': 0.9579309401710595, 'min_child_weight': 6}.
[I 2026-05-22 17:40:22,683] Trial 230 finished with values: [0.5952891135554246, 0.44272993799364774] and parameters: {'n_estimators': 378, 'learning_rate': 0.1195960383019184, 'subsample': 0.9046042526869889, 'colsample_bytree': 0.9960215400417053, 'min_child_weight': 5}.
[I 2026-05-22 17:40:23,409] Trial 231 finished with values: [0.5747637597928983, 0.5952120314636027] and parameters: {'n_estimators': 328, 'learning_rate': 0.16155001304356414, 'subsample': 0.9601672228653322, 'colsample_bytree': 0.9579309401710595, 'min_child_weight': 6}.
[I 2026-05-22 17:40:24,194] Trial 232 finished with values: [0.5772040586052667, 0.5621401336256397] and parameters: {'n_estimators': 378, 'learning_rate': 0.014104914380026676, 'subsample': 0.9588441039810308, 'colsample_bytree': 0.9548850970305306, 'min_child_weight': 1}.
[I 2026-05-22 17:40:24,812] Trial 233 finished with values: [0.5751133670253703, 0.6586869255762178] and parameters: {'n_estimators': 366, 'learning_rate': 0.09396591857488666, 'subsample': 0.822080324639785, 'colsample_bytree': 0.8118602313424026, 'min_child_weight': 3}.
[I 2026-05-22 17:40:25,502] Trial 234 finished with values: [0.6050537686465717, 0.38501754661694754] and parameters: {'n_estimators': 408, 'learning_rate': 0.11364355894710455, 'subsample': 0.9588441039810308, 'colsample_bytree': 0.9213923721539394, 'min_child_weight': 3}.
[I 2026-05-22 17:40:26,293] Trial 235 finished with values: [0.6076066415764518, 0.37887961582014845] and parameters: {'n_estimators': 378, 'learning_rate': 0.11812030596598909, 'subsample': 0.9442922333025374, 'colsample_bytree': 0.9960215400417053, 'min_child_weight': 6}.
[I 2026-05-22 17:40:27,059] Trial 236 finished with values: [0.60787394991823, 0.4763700680490978] and parameters: {'n_estimators': 347, 'learning_rate': 0.16111511355977057, 'subsample': 0.9046478461314871, 'colsample_bytree': 0.9548850970305306, 'min_child_weight': 3}.
[I 2026-05-22 17:40:27,736] Trial 237 finished with values: [0.6084864806615935, 0.4109739054873387] and parameters: {'n_estimators': 414, 'learning_rate': 0.11364355894710455, 'subsample': 0.9757995766256756, 'colsample_bytree': 0.6440207698110707, 'min_child_weight': 1}.
