[I 2026-05-22 17:40:28,233] Trial 238 finished with values: [0.6000010584940707, 0.6824597986422354] and parameters: {'n_estimators': 105, 'learning_rate': 0.16155001304356414, 'subsample': 0.8573152873769412, 'colsample_bytree': 0.9960215400417053, 'min_child_weight': 3}.
[I 2026-05-22 17:40:28,898] Trial 239 finished with values: [0.6068326334181557, 0.4268788856946822] and parameters: {'n_estimators': 420, 'learning_rate': 0.11812030596598909, 'subsample': 0.9588441039810308, 'colsample_bytree': 0.9213923721539394, 'min_child_weight': 3}.
[I 2026-05-22 17:40:29,738] Trial 240 finished with values: [0.6074044806357871, 0.6998045461349722] and parameters: {'n_estimators': 496, 'learning_rate': 0.21149322814164553, 'subsample': 0.8217416210045603, 'colsample_bytree': 0.9579309401710595, 'min_child_weight': 4}.
[I 2026-05-22 17:40:30,183] Trial 241 finished with values: [0.5857274881004756, 0.5099705758099832] and parameters: {'n_estimators': 91, 'learning_rate': 0.11046009304545999, 'subsample': 0.9659457560881795, 'colsample_bytree': 0.7480634801021777, 'min_child_weight': 5}.
[I 2026-05-22 17:40:30,604] Trial 242 finished with values: [0.5887628045898764, 0.7177943781138506] and parameters: {'n_estimators': 91, 'learning_rate': 0.21149322814164553, 'subsample': 0.8573152873769412, 'colsample_bytree': 0.7833011561966067, 'min_child_weight': 2}.
[I 2026-05-22 17:40:31,223] Trial 243 finished with values: [0.5982276759980599, 0.707502199671058] and parameters: {'n_estimators': 378, 'learning_rate': 0.13780336485751998, 'subsample': 0.9588441039810308, 'colsample_bytree': 0.6325395122567599, 'min_child_weight': 2}.
[I 2026-05-22 17:40:32,020] Trial 244 finished with values: [0.5956644005145272, 1.4250191847277958] and parameters: {'n_estimators': 414, 'learning_rate': 0.2708160864249968, 'subsample': 0.6313825525369063, 'colsample_bytree': 0.8118602313424026, 'min_child_weight': 1}.
[I 2026-05-22 17:40:32,452] Trial 245 finished with values: [0.5800185406956503, 0.7311443015033741] and parameters: {'n_estimators': 91, 'learning_rate': 0.16155001304356414, 'subsample': 0.9588441039810308, 'colsample_bytree': 0.954834569706047, 'min_child_weight': 10}.
[I 2026-05-22 17:40:33,216] Trial 246 finished with values: [0.6138285060519195, 0.6373917014036844] and parameters: {'n_estimators': 487, 'learning_rate': 0.11812030596598909, 'subsample': 0.9757995766256756, 'colsample_bytree': 0.7970070775275455, 'min_child_weight': 8}.
[I 2026-05-22 17:40:33,832] Trial 247 finished with values: [0.6052621597099119, 0.48310931254861345] and parameters: {'n_estimators': 378, 'learning_rate': 0.11812030596598909, 'subsample': 0.9588441039810308, 'colsample_bytree': 0.9960215400417053, 'min_child_weight': 6}.
[I 2026-05-22 17:40:34,566] Trial 248 finished with values: [0.5880329998720798, 0.5171333370185035] and parameters: {'n_estimators': 468, 'learning_rate': 0.035714399098231424, 'subsample': 0.9601672228653322, 'colsample_bytree': 0.7482568588267564, 'min_child_weight': 6}.
[I 2026-05-22 17:40:35,257] Trial 249 finished with values: [0.6047260352024523, 0.39615078053288444] and parameters: {'n_estimators': 480, 'learning_rate': 0.12301645833176054, 'subsample': 0.9442922333025374, 'colsample_bytree': 0.6950550175969599, 'min_child_weight': 5}.
[I 2026-05-22 17:40:35,808] Trial 250 finished with values: [0.5973544867056093, 0.6912148827288392] and parameters: {'n_estimators': 414, 'learning_rate': 0.15870971677383489, 'subsample': 0.9329770563201687, 'colsample_bytree': 0.6388705975083074, 'min_child_weight': 1}.
[I 2026-05-22 17:40:36,521] Trial 251 finished with values: [0.5944583233430281, 0.6062551215824487] and parameters: {'n_estimators': 477, 'learning_rate': 0.16155001304356414, 'subsample': 0.9659457560881795, 'colsample_bytree': 0.9944004255291483, 'min_child_weight': 6}.
[I 2026-05-22 17:40:37,136] Trial 252 finished with values: [0.5989984362347491, 0.740023557157409] and parameters: {'n_estimators': 347, 'learning_rate': 0.129667438075127, 'subsample': 0.7505038342123663, 'colsample_bytree': 0.9579309401710595, 'min_child_weight': 7}.
[I 2026-05-22 17:40:37,757] Trial 253 finished with values: [0.5810280560058395, 1.1406841935551768] and parameters: {'n_estimators': 242, 'learning_rate': 0.11812030596598909, 'subsample': 0.6043350605921193, 'colsample_bytree': 0.8503439662856945, 'min_child_weight': 8}.
[I 2026-05-22 17:40:38,506] Trial 254 finished with values: [0.6017574200071464, 0.36437569483306587] and parameters: {'n_estimators': 487, 'learning_rate': 0.09836162684900028, 'subsample': 0.9442922333025374, 'colsample_bytree': 0.9548850970305306, 'min_child_weight': 6}.
[I 2026-05-22 17:40:39,276] Trial 255 finished with values: [0.588103270992669, 0.8688545296985207] and parameters: {'n_estimators': 347, 'learning_rate': 0.16111511355977057, 'subsample': 0.6334002866794675, 'colsample_bytree': 0.9548850970305306, 'min_child_weight': 3}.
[I 2026-05-22 17:40:40,132] Trial 256 finished with values: [0.6131454031547607, 0.33081241925461485] and parameters: {'n_estimators': 487, 'learning_rate': 0.1195960383019184, 'subsample': 0.9659457560881795, 'colsample_bytree': 0.9579309401710595, 'min_child_weight': 5}.
[I 2026-05-22 17:40:40,925] Trial 257 finished with values: [0.6015540918676877, 0.4555143485871209] and parameters: {'n_estimators': 378, 'learning_rate': 0.1195960383019184, 'subsample': 0.9588441039810308, 'colsample_bytree': 0.9108587663709747, 'min_child_weight': 3}.
[I 2026-05-22 17:40:41,642] Trial 258 finished with values: [0.5886969235659061, 0.35386348393757455] and parameters: {'n_estimators': 301, 'learning_rate': 0.11812030596598909, 'subsample': 0.9698774473114251, 'colsample_bytree': 0.9960215400417053, 'min_child_weight': 4}.
[I 2026-05-22 17:40:42,045] Trial 259 finished with values: [0.5971536848499908, 0.44482328092372453] and parameters: {'n_estimators': 91, 'learning_rate': 0.21149322814164553, 'subsample': 0.9659457560881795, 'colsample_bytree': 0.7696888036987906, 'min_child_weight': 4}.
[I 2026-05-22 17:40:42,726] Trial 260 finished with values: [0.5869657134058157, 0.605830733661574] and parameters: {'n_estimators': 378, 'learning_rate': 0.11812030596598909, 'subsample': 0.6746280235544143, 'colsample_bytree': 0.9960215400417053, 'min_child_weight': 6}.
[I 2026-05-22 17:40:43,381] Trial 261 finished with values: [0.6221264227265252, 0.7255108819526732] and parameters: {'n_estimators': 474, 'learning_rate': 0.25648866468880704, 'subsample': 0.9659457560881795, 'colsample_bytree': 0.7433862914177091, 'min_child_weight': 1}.
[I 2026-05-22 17:40:44,076] Trial 262 finished with values: [0.5880090496260046, 0.532627329199053] and parameters: {'n_estimators': 297, 'learning_rate': 0.08589984533104164, 'subsample': 0.8534118843043579, 'colsample_bytree': 0.9625417540378944, 'min_child_weight': 1}.
[I 2026-05-22 17:40:44,717] Trial 263 finished with values: [0.5940638869627842, 0.9041534160117282] and parameters: {'n_estimators': 203, 'learning_rate': 0.11812030596598909, 'subsample': 0.6313825525369063, 'colsample_bytree': 0.9960215400417053, 'min_child_weight': 1}.
[I 2026-05-22 17:40:45,122] Trial 264 finished with values: [0.5949408800005962, 0.481999661848666] and parameters: {'n_estimators': 100, 'learning_rate': 0.21149322814164553, 'subsample': 0.9659457560881795, 'colsample_bytree': 0.9579309401710595, 'min_child_weight': 5}.
[I 2026-05-22 17:40:45,835] Trial 265 finished with values: [0.594959531679534, 0.5937245866184977] and parameters: {'n_estimators': 414, 'learning_rate': 0.16155001304356414, 'subsample': 0.9046478461314871, 'colsample_bytree': 0.7833011561966067, 'min_child_weight': 2}.
[I 2026-05-22 17:40:46,359] Trial 266 finished with values: [0.5980115728079115, 0.3755356256235661] and parameters: {'n_estimators': 242, 'learning_rate': 0.16155001304356414, 'subsample': 0.9442922333025374, 'colsample_bytree': 0.6950550175969599, 'min_child_weight': 6}.
[I 2026-05-22 17:40:47,122] Trial 267 finished with values: [0.6002045710465582, 0.5294358394830434] and parameters: {'n_estimators': 487, 'learning_rate': 0.11812030596598909, 'subsample': 0.9757995766256756, 'colsample_bytree': 0.7970070775275455, 'min_child_weight': 1}.
[I 2026-05-22 17:40:47,899] Trial 268 finished with values: [0.6310417667447196, 0.8363217784103345] and parameters: {'n_estimators': 378, 'learning_rate': 0.19775731712985178, 'subsample': 0.6296178606936361, 'colsample_bytree': 0.9548850970305306, 'min_child_weight': 2}.
[I 2026-05-22 17:40:48,627] Trial 269 finished with values: [0.5929434568590836, 0.6650795862383754] and parameters: {'n_estimators': 347, 'learning_rate': 0.053415464843459444, 'subsample': 0.7544410551203097, 'colsample_bytree': 0.9844762255295657, 'min_child_weight': 3}.
[I 2026-05-22 17:40:49,378] Trial 270 finished with values: [0.5831937188226343, 1.3915933019587325] and parameters: {'n_estimators': 474, 'learning_rate': 0.21149322814164553, 'subsample': 0.9659457560881795, 'colsample_bytree': 0.7480634801021777, 'min_child_weight': 1}.
[I 2026-05-22 17:40:50,198] Trial 271 finished with values: [0.6026386963919173, 0.5501291594633555] and parameters: {'n_estimators': 487, 'learning_rate': 0.06951034928701941, 'subsample': 0.9757995766256756, 'colsample_bytree': 0.7970070775275455, 'min_child_weight': 1}.
[I 2026-05-22 17:40:50,953] Trial 272 finished with values: [0.602331910537688, 0.5131754536166033] and parameters: {'n_estimators': 414, 'learning_rate': 0.16155001304356414, 'subsample': 0.8573152873769412, 'colsample_bytree': 0.6440207698110707, 'min_child_weight': 2}.
[I 2026-05-22 17:40:51,691] Trial 273 finished with values: [0.5993595742908264, 0.6490172546762033] and parameters: {'n_estimators': 433, 'learning_rate': 0.049234393858490974, 'subsample': 0.6225213102727349, 'colsample_bytree': 0.6475271665072287, 'min_child_weight': 5}.
[I 2026-05-22 17:40:52,369] Trial 274 finished with values: [0.5828257441163172, 0.7106457103092697] and parameters: {'n_estimators': 347, 'learning_rate': 0.11812030596598909, 'subsample': 0.6470104987108419, 'colsample_bytree': 0.9548850970305306, 'min_child_weight': 7}.
[I 2026-05-22 17:40:52,934] Trial 275 finished with values: [0.6216589447062153, 0.6745130511544213] and parameters: {'n_estimators': 386, 'learning_rate': 0.25648866468880704, 'subsample': 0.9659457560881795, 'colsample_bytree': 0.7480634801021777, 'min_child_weight': 1}.
[I 2026-05-22 17:40:53,761] Trial 276 finished with values: [0.6018780737246419, 0.7786769610439686] and parameters: {'n_estimators': 487, 'learning_rate': 0.21149322814164553, 'subsample': 0.9046478461314871, 'colsample_bytree': 0.9548850970305306, 'min_child_weight': 4}.
[I 2026-05-22 17:40:54,418] Trial 277 finished with values: [0.5983867445841782, 0.4084106779377013] and parameters: {'n_estimators': 347, 'learning_rate': 0.08589984533104164, 'subsample': 0.8333475060388639, 'colsample_bytree': 0.8118602313424026, 'min_child_weight': 2}.
[I 2026-05-22 17:40:55,189] Trial 278 finished with values: [0.5941347367216512, 0.5784322687071224] and parameters: {'n_estimators': 487, 'learning_rate': 0.11812030596598909, 'subsample': 0.9659457560881795, 'colsample_bytree': 0.9579309401710595, 'min_child_weight': 10}.
[I 2026-05-22 17:40:55,950] Trial 279 finished with values: [0.597643421259497, 0.4308710565916528] and parameters: {'n_estimators': 408, 'learning_rate': 0.09396591857488666, 'subsample': 0.7499482318094817, 'colsample_bytree': 0.7142848345127443, 'min_child_weight': 6}.
[I 2026-05-22 17:40:56,678] Trial 280 finished with values: [0.6082669313626574, 0.5731977327728327] and parameters: {'n_estimators': 347, 'learning_rate': 0.16111511355977057, 'subsample': 0.9474396512757841, 'colsample_bytree': 0.9548850970305306, 'min_child_weight': 3}.
[I 2026-05-22 17:40:57,350] Trial 281 finished with values: [0.6002597491372468, 0.45708651463813066] and parameters: {'n_estimators': 242, 'learning_rate': 0.26472593204036643, 'subsample': 0.8573152873769412, 'colsample_bytree': 0.7833011561966067, 'min_child_weight': 2}.
[I 2026-05-22 17:40:58,000] Trial 282 finished with values: [0.6011320729281591, 0.7561977185523557] and parameters: {'n_estimators': 404, 'learning_rate': 0.06951034928701941, 'subsample': 0.6048617898759265, 'colsample_bytree': 0.9579309401710595, 'min_child_weight': 7}.
[I 2026-05-22 17:40:58,671] Trial 283 finished with values: [0.5891534531228361, 0.4502194252664067] and parameters: {'n_estimators': 296, 'learning_rate': 0.11812030596598909, 'subsample': 0.9659457560881795, 'colsample_bytree': 0.9879515306830556, 'min_child_weight': 8}.
[I 2026-05-22 17:40:59,513] Trial 284 finished with values: [0.611307190331976, 0.6135499366576204] and parameters: {'n_estimators': 414, 'learning_rate': 0.16155001304356414, 'subsample': 0.9757995766256756, 'colsample_bytree': 0.6172639647802304, 'min_child_weight': 1}.
[I 2026-05-22 17:41:00,161] Trial 285 finished with values: [0.6077920532426466, 0.8004701856105438] and parameters: {'n_estimators': 333, 'learning_rate': 0.20716979401768126, 'subsample': 0.8110804436345199, 'colsample_bytree': 0.9971859184477201, 'min_child_weight': 4}.
[I 2026-05-22 17:41:00,895] Trial 286 finished with values: [0.6118155720224392, 0.43769870094387253] and parameters: {'n_estimators': 420, 'learning_rate': 0.11812030596598909, 'subsample': 0.9442922333025374, 'colsample_bytree': 0.9960215400417053, 'min_child_weight': 3}.
[I 2026-05-22 17:41:01,663] Trial 287 finished with values: [0.5985600021079694, 0.8867733559133711] and parameters: {'n_estimators': 420, 'learning_rate': 0.11812030596598909, 'subsample': 0.6313825525369063, 'colsample_bytree': 0.6440207698110707, 'min_child_weight': 10}.
[I 2026-05-22 17:41:02,495] Trial 288 finished with values: [0.5970861212226858, 0.34640131685878267] and parameters: {'n_estimators': 378, 'learning_rate': 0.11812030596598909, 'subsample': 0.900949811775072, 'colsample_bytree': 0.9166316174903394, 'min_child_weight': 3}.
[I 2026-05-22 17:41:03,246] Trial 289 finished with values: [0.5867427091287003, 1.288919661596292] and parameters: {'n_estimators': 378, 'learning_rate': 0.09836162684900028, 'subsample': 0.6295186258941595, 'colsample_bytree': 0.9166316174903394, 'min_child_weight': 3}.
[I 2026-05-22 17:41:03,746] Trial 290 finished with values: [0.6019505348759833, 0.5635320215663839] and parameters: {'n_estimators': 207, 'learning_rate': 0.11812030596598909, 'subsample': 0.9588441039810308, 'colsample_bytree': 0.8215417137605283, 'min_child_weight': 8}.
[I 2026-05-22 17:41:04,349] Trial 291 finished with values: [0.5863405920405433, 0.6173255914979465] and parameters: {'n_estimators': 196, 'learning_rate': 0.12301645833176054, 'subsample': 0.8550229885420852, 'colsample_bytree': 0.9548850970305306, 'min_child_weight': 5}.
[I 2026-05-22 17:41:05,106] Trial 292 finished with values: [0.6000875246026632, 0.6375254013345864] and parameters: {'n_estimators': 378, 'learning_rate': 0.11812030596598909, 'subsample': 0.9329770563201687, 'colsample_bytree': 0.9960215400417053, 'min_child_weight': 2}.
[I 2026-05-22 17:41:05,613] Trial 293 finished with values: [0.5804577693871404, 0.6306800148128439] and parameters: {'n_estimators': 91, 'learning_rate': 0.21149322814164553, 'subsample': 0.9659457560881795, 'colsample_bytree': 0.9579309401710595, 'min_child_weight': 3}.
[I 2026-05-22 17:41:06,312] Trial 294 finished with values: [0.5967188673317659, 0.7032725613512303] and parameters: {'n_estimators': 487, 'learning_rate': 0.16111511355977057, 'subsample': 0.9046478461314871, 'colsample_bytree': 0.8092391376680595, 'min_child_weight': 3}.
[I 2026-05-22 17:41:06,791] Trial 295 finished with values: [0.5924316918221684, 0.4350734006526774] and parameters: {'n_estimators': 203, 'learning_rate': 0.1218397677644799, 'subsample': 0.9698774473114251, 'colsample_bytree': 0.9960215400417053, 'min_child_weight': 1}.
[I 2026-05-22 17:41:07,528] Trial 296 finished with values: [0.5891176109697129, 0.487072668523299] and parameters: {'n_estimators': 487, 'learning_rate': 0.08505465867325865, 'subsample': 0.8217416210045603, 'colsample_bytree': 0.8446882984937409, 'min_child_weight': 5}.
[I 2026-05-22 17:41:08,116] Trial 297 finished with values: [0.5788207823281729, 0.4483280954400176] and parameters: {'n_estimators': 196, 'learning_rate': 0.1195960383019184, 'subsample': 0.8550229885420852, 'colsample_bytree': 0.8782994755938469, 'min_child_weight': 5}.
[I 2026-05-22 17:41:08,845] Trial 298 finished with values: [0.5928631005231013, 0.5268621274822036] and parameters: {'n_estimators': 378, 'learning_rate': 0.0845238710259589, 'subsample': 0.9659457560881795, 'colsample_bytree': 0.7433862914177091, 'min_child_weight': 1}.
[I 2026-05-22 17:41:09,411] Trial 299 finished with values: [0.5928030237703924, 0.8525599192687157] and parameters: {'n_estimators': 313, 'learning_rate': 0.21434810637527812, 'subsample': 0.9757995766256756, 'colsample_bytree': 0.6440207698110707, 'min_child_weight': 8}.
[I 2026-05-22 17:41:10,235] Trial 300 finished with values: [0.5836085257620593, 0.7178446739999653] and parameters: {'n_estimators': 474, 'learning_rate': 0.01167158438611932, 'subsample': 0.6043350605921193, 'colsample_bytree': 0.7433862914177091, 'min_child_weight': 5}.
[I 2026-05-22 17:41:10,856] Trial 301 finished with values: [0.5892021894629422, 0.4468151543961868] and parameters: {'n_estimators': 176, 'learning_rate': 0.11812030596598909, 'subsample': 0.9442922333025374, 'colsample_bytree': 0.9960215400417053, 'min_child_weight': 1}.
[I 2026-05-22 17:41:11,628] Trial 302 finished with values: [0.6150791517648834, 0.51863364232845] and parameters: {'n_estimators': 414, 'learning_rate': 0.1195960383019184, 'subsample': 0.9801645936306235, 'colsample_bytree': 0.9579309401710595, 'min_child_weight': 1}.
[I 2026-05-22 17:41:12,213] Trial 303 finished with values: [0.6057385228925873, 0.4744882007716398] and parameters: {'n_estimators': 203, 'learning_rate': 0.16155001304356414, 'subsample': 0.9698774473114251, 'colsample_bytree': 0.641249547534373, 'min_child_weight': 4}.
[I 2026-05-22 17:41:12,929] Trial 304 finished with values: [0.6027997321273577, 0.4910293218269806] and parameters: {'n_estimators': 487, 'learning_rate': 0.11364355894710455, 'subsample': 0.9588441039810308, 'colsample_bytree': 0.9579309401710595, 'min_child_weight': 3}.
[I 2026-05-22 17:41:13,423] Trial 305 finished with values: [0.6136891408663055, 0.3473096017889187] and parameters: {'n_estimators': 203, 'learning_rate': 0.20655112155089347, 'subsample': 0.9442922333025374, 'colsample_bytree': 0.9960215400417053, 'min_child_weight': 3}.
[I 2026-05-22 17:41:14,168] Trial 306 finished with values: [0.6055996880784079, 0.7004044534076117] and parameters: {'n_estimators': 487, 'learning_rate': 0.16155001304356414, 'subsample': 0.7822627011142852, 'colsample_bytree': 0.8480530391206147, 'min_child_weight': 4}.
[I 2026-05-22 17:41:14,971] Trial 307 finished with values: [0.6193210986010214, 0.6614029422338452] and parameters: {'n_estimators': 414, 'learning_rate': 0.11364355894710455, 'subsample': 0.6313825525369063, 'colsample_bytree': 0.6440207698110707, 'min_child_weight': 1}.
[I 2026-05-22 17:41:15,453] Trial 308 finished with values: [0.5934496723004797, 0.5072256714221749] and parameters: {'n_estimators': 175, 'learning_rate': 0.1195960383019184, 'subsample': 0.9659457560881795, 'colsample_bytree': 0.7833011561966067, 'min_child_weight': 2}.
[I 2026-05-22 17:41:15,999] Trial 309 finished with values: [0.5918183463319799, 0.49881329933468876] and parameters: {'n_estimators': 242, 'learning_rate': 0.11812030596598909, 'subsample': 0.9442922333025374, 'colsample_bytree': 0.7833011561966067, 'min_child_weight': 2}.
[I 2026-05-22 17:41:16,725] Trial 310 finished with values: [0.6019165616071656, 0.9546811830413595] and parameters: {'n_estimators': 487, 'learning_rate': 0.25648866468880704, 'subsample': 0.9659457560881795, 'colsample_bytree': 0.7854793619759929, 'min_child_weight': 4}.
[I 2026-05-22 17:41:17,354] Trial 311 finished with values: [0.591192814493227, 0.7543211019777282] and parameters: {'n_estimators': 242, 'learning_rate': 0.16155001304356414, 'subsample': 0.8573152873769412, 'colsample_bytree': 0.7413408912104211, 'min_child_weight': 4}.
[I 2026-05-22 17:41:18,040] Trial 312 finished with values: [0.590139625358004, 0.6690639654230537] and parameters: {'n_estimators': 414, 'learning_rate': 0.07279991098092103, 'subsample': 0.6310938547859939, 'colsample_bytree': 0.6440207698110707, 'min_child_weight': 3}.
[I 2026-05-22 17:41:18,551] Trial 313 finished with values: [0.6048379742722745, 0.5074669816479676] and parameters: {'n_estimators': 207, 'learning_rate': 0.27497884337724565, 'subsample': 0.9588441039810308, 'colsample_bytree': 0.9944842977918411, 'min_child_weight': 4}.
[I 2026-05-22 17:41:19,314] Trial 314 finished with values: [0.5719862963050777, 0.39828968425891664] and parameters: {'n_estimators': 364, 'learning_rate': 0.06192689958760303, 'subsample': 0.9698774473114251, 'colsample_bytree': 0.9960215400417053, 'min_child_weight': 3}.
[I 2026-05-22 17:41:20,101] Trial 315 finished with values: [0.5959531018907539, 0.34632530002728457] and parameters: {'n_estimators': 408, 'learning_rate': 0.11364355894710455, 'subsample': 0.9588441039810308, 'colsample_bytree': 0.9213923721539394, 'min_child_weight': 4}.
[I 2026-05-22 17:41:20,816] Trial 316 finished with values: [0.5827387218373524, 0.6809011178924018] and parameters: {'n_estimators': 487, 'learning_rate': 0.09836162684900028, 'subsample': 0.9442922333025374, 'colsample_bytree': 0.7238110465145311, 'min_child_weight': 9}.
[I 2026-05-22 17:41:21,410] Trial 317 finished with values: [0.5755760979033269, 0.6453184299028688] and parameters: {'n_estimators': 358, 'learning_rate': 0.017386210661369347, 'subsample': 0.9442922333025374, 'colsample_bytree': 0.9579309401710595, 'min_child_weight': 10}.
