# Training-script output capture
# Generated: 2026-05-22T17:37:48
# UUID:      8aded700-6c5f-4111-8c31-aecba43bcd38
# Label:     training
# Leaf:      /home/mklemmingen/PycharmProjects/migraine-forecasting-shd/experiment/0/headache/full_features/stacked_2xgb_meta_lr/70_15_15/patient/HyperparameterTuned/pareto_AUROC_slope/auroc_max
# Captures stdout/stderr written during the wrapped block
# (library messages, warnings, progress bars, etc.).
# Begin capture ----------------------------------------
Loading datasets...
Running pareto_AUROC_slope search (500 trials, seed=42)...
[I 2026-05-22 17:37:48,624] A new study created in memory with name: no-name-06416289-7dc7-47e7-a08f-eee50dbc6281
[I 2026-05-22 17:37:50,211] Trial 0 finished with values: [0.5824506908001398, 0.9903256409180482] and parameters: {'n_estimators': 218, 'learning_rate': 0.2536999076681772, 'subsample': 0.892797576724562, 'colsample_bytree': 0.8394633936788146, 'min_child_weight': 2}.
[I 2026-05-22 17:37:51,566] Trial 1 finished with values: [0.5845363016105137, 0.7663387755564023] and parameters: {'n_estimators': 120, 'learning_rate': 0.012184186502221764, 'subsample': 0.9464704583099741, 'colsample_bytree': 0.8404460046972835, 'min_child_weight': 8}.
[I 2026-05-22 17:37:52,829] Trial 2 finished with values: [0.5978494114822206, 0.8159134221758411] and parameters: {'n_estimators': 59, 'learning_rate': 0.2708160864249968, 'subsample': 0.9329770563201687, 'colsample_bytree': 0.6849356442713105, 'min_child_weight': 2}.
[I 2026-05-22 17:37:54,253] Trial 3 finished with values: [0.5909872511874583, 0.6967525429386484] and parameters: {'n_estimators': 132, 'learning_rate': 0.028145092716060652, 'subsample': 0.8099025726528951, 'colsample_bytree': 0.7727780074568463, 'min_child_weight': 3}.
[I 2026-05-22 17:37:55,879] Trial 4 finished with values: [0.5878679231646293, 0.7530966437925903] and parameters: {'n_estimators': 325, 'learning_rate': 0.01607123851203988, 'subsample': 0.7168578594140873, 'colsample_bytree': 0.7465447373174767, 'min_child_weight': 5}.
[I 2026-05-22 17:37:57,342] Trial 5 finished with values: [0.5866816027471976, 0.8014416445413717] and parameters: {'n_estimators': 404, 'learning_rate': 0.019721610970574007, 'subsample': 0.8056937753654446, 'colsample_bytree': 0.836965827544817, 'min_child_weight': 1}.
[I 2026-05-22 17:37:58,786] Trial 6 finished with values: [0.5820346270346508, 0.7901051933082572] and parameters: {'n_estimators': 324, 'learning_rate': 0.0178601378893971, 'subsample': 0.6260206371941118, 'colsample_bytree': 0.9795542149013333, 'min_child_weight': 10}.
[I 2026-05-22 17:38:00,291] Trial 7 finished with values: [0.5877642160057974, 0.7450604010770798] and parameters: {'n_estimators': 414, 'learning_rate': 0.028180680291847244, 'subsample': 0.6390688456025535, 'colsample_bytree': 0.8736932106048627, 'min_child_weight': 5}.
[I 2026-05-22 17:38:00,756] Trial 8 finished with values: [0.580480568194375, 0.5625932063657189] and parameters: {'n_estimators': 105, 'learning_rate': 0.05388108577817234, 'subsample': 0.6137554084460873, 'colsample_bytree': 0.9637281608315128, 'min_child_weight': 3}.
[I 2026-05-22 17:38:01,510] Trial 9 finished with values: [0.5872059771120404, 0.7647233792441799] and parameters: {'n_estimators': 348, 'learning_rate': 0.028869220380495747, 'subsample': 0.8080272084711243, 'colsample_bytree': 0.8186841117373118, 'min_child_weight': 2}.
[I 2026-05-22 17:38:02,315] Trial 10 finished with values: [0.5922090569498489, 0.5095697596436638] and parameters: {'n_estimators': 487, 'learning_rate': 0.13962563737015762, 'subsample': 0.9757995766256756, 'colsample_bytree': 0.9579309401710595, 'min_child_weight': 6}.
[I 2026-05-22 17:38:03,191] Trial 11 finished with values: [0.5794997375758915, 0.6889189539142038] and parameters: {'n_estimators': 465, 'learning_rate': 0.01351182947645082, 'subsample': 0.6783931449676581, 'colsample_bytree': 0.6180909155642152, 'min_child_weight': 4}.
[I 2026-05-22 17:38:03,808] Trial 12 finished with values: [0.5754562678199724, 0.6227843443815317] and parameters: {'n_estimators': 225, 'learning_rate': 0.02516607127550297, 'subsample': 0.9314950036607718, 'colsample_bytree': 0.7427013306774357, 'min_child_weight': 3}.
[I 2026-05-22 17:38:04,478] Trial 13 finished with values: [0.5798271608502132, 0.6789419540418912] and parameters: {'n_estimators': 294, 'learning_rate': 0.016149614799999188, 'subsample': 0.9208787923016158, 'colsample_bytree': 0.6298202574719083, 'min_child_weight': 10}.
[I 2026-05-22 17:38:05,204] Trial 14 finished with values: [0.5781162959174204, 0.750546513578331] and parameters: {'n_estimators': 398, 'learning_rate': 0.019657448966046126, 'subsample': 0.602208846849441, 'colsample_bytree': 0.9261845713819337, 'min_child_weight': 8}.
[I 2026-05-22 17:38:05,892] Trial 15 finished with values: [0.6013388588690771, 0.7241306513349325] and parameters: {'n_estimators': 378, 'learning_rate': 0.13780336485751998, 'subsample': 0.6296178606936361, 'colsample_bytree': 0.7433862914177091, 'min_child_weight': 2}.
[I 2026-05-22 17:38:06,689] Trial 16 finished with values: [0.5847270437817613, 0.6386864079114416] and parameters: {'n_estimators': 439, 'learning_rate': 0.08330803890301997, 'subsample': 0.7323592099410596, 'colsample_bytree': 0.6254233401144095, 'min_child_weight': 4}.
[I 2026-05-22 17:38:07,196] Trial 17 finished with values: [0.6023305280313689, 0.4808392120164072] and parameters: {'n_estimators': 196, 'learning_rate': 0.1195960383019184, 'subsample': 0.8550229885420852, 'colsample_bytree': 0.9548850970305306, 'min_child_weight': 5}.
[I 2026-05-22 17:38:07,696] Trial 18 finished with values: [0.581763694075633, 0.5930018669301893] and parameters: {'n_estimators': 103, 'learning_rate': 0.1131225105716033, 'subsample': 0.9043140194467589, 'colsample_bytree': 0.8245108790277985, 'min_child_weight': 8}.
[I 2026-05-22 17:38:08,389] Trial 19 finished with values: [0.5710778866357932, 0.5977745372579296] and parameters: {'n_estimators': 272, 'learning_rate': 0.05917520523090666, 'subsample': 0.7710164073434198, 'colsample_bytree': 0.610167650697638, 'min_child_weight': 2}.
[I 2026-05-22 17:38:08,860] Trial 20 finished with values: [0.5782669219383033, 0.779060984640758] and parameters: {'n_estimators': 64, 'learning_rate': 0.08710745900492396, 'subsample': 0.7257423924305306, 'colsample_bytree': 0.8034282764658811, 'min_child_weight': 10}.
[I 2026-05-22 17:38:09,432] Trial 21 finished with values: [0.5800240716677127, 0.6356606719019452] and parameters: {'n_estimators': 162, 'learning_rate': 0.040381768820718394, 'subsample': 0.9022204554172195, 'colsample_bytree': 0.6915192661966489, 'min_child_weight': 1}.
[I 2026-05-22 17:38:09,924] Trial 22 finished with values: [0.585802316346799, 0.7230742544421174] and parameters: {'n_estimators': 180, 'learning_rate': 0.017303875834205888, 'subsample': 0.9718790609370292, 'colsample_bytree': 0.9232481518257668, 'min_child_weight': 7}.
[I 2026-05-22 17:38:10,751] Trial 23 finished with values: [0.6070853768254592, 0.7662627903435518] and parameters: {'n_estimators': 443, 'learning_rate': 0.1538583627271404, 'subsample': 0.6746280235544143, 'colsample_bytree': 0.9570235993959911, 'min_child_weight': 6}.
[I 2026-05-22 17:38:11,414] Trial 24 finished with values: [0.5973751023019462, 1.0235489735828345] and parameters: {'n_estimators': 414, 'learning_rate': 0.21068591627429098, 'subsample': 0.7272013899887455, 'colsample_bytree': 0.6440207698110707, 'min_child_weight': 3}.
[I 2026-05-22 17:38:12,074] Trial 25 finished with values: [0.5844669017951838, 0.4875949826465712] and parameters: {'n_estimators': 242, 'learning_rate': 0.16155001304356414, 'subsample': 0.9442922333025374, 'colsample_bytree': 0.6027808522124762, 'min_child_weight': 6}.
[I 2026-05-22 17:38:12,623] Trial 26 finished with values: [0.5853730846000108, 0.716376270621703] and parameters: {'n_estimators': 238, 'learning_rate': 0.0212853192163843, 'subsample': 0.6479461469334731, 'colsample_bytree': 0.7350460685614512, 'min_child_weight': 10}.
[I 2026-05-22 17:38:13,250] Trial 27 finished with values: [0.5677997788714688, 0.8900348069197737] and parameters: {'n_estimators': 195, 'learning_rate': 0.05838706626832953, 'subsample': 0.881207583558071, 'colsample_bytree': 0.7454518409517176, 'min_child_weight': 10}.
[I 2026-05-22 17:38:14,116] Trial 28 finished with values: [0.578192028737378, 0.6299951091213509] and parameters: {'n_estimators': 484, 'learning_rate': 0.023545774516299134, 'subsample': 0.7988994023569542, 'colsample_bytree': 0.7203513239267079, 'min_child_weight': 3}.
[I 2026-05-22 17:38:14,611] Trial 29 finished with values: [0.5778974097519367, 0.7047950926111495] and parameters: {'n_estimators': 66, 'learning_rate': 0.07950609693143304, 'subsample': 0.8010716092915446, 'colsample_bytree': 0.6205915004999957, 'min_child_weight': 3}.
[I 2026-05-22 17:38:15,308] Trial 30 finished with values: [0.5805777576752134, 0.7219414611210928] and parameters: {'n_estimators': 459, 'learning_rate': 0.022587177280197233, 'subsample': 0.6579579488364892, 'colsample_bytree': 0.7957811041110252, 'min_child_weight': 10}.
[I 2026-05-22 17:38:15,777] Trial 31 finished with values: [0.5721940242293917, 0.6139671247645612] and parameters: {'n_estimators': 159, 'learning_rate': 0.09836162684900028, 'subsample': 0.9046478461314871, 'colsample_bytree': 0.6950550175969599, 'min_child_weight': 8}.
[I 2026-05-22 17:38:16,399] Trial 32 finished with values: [0.5861845305550553, 0.5906636553419671] and parameters: {'n_estimators': 215, 'learning_rate': 0.08589984533104164, 'subsample': 0.8534118843043579, 'colsample_bytree': 0.8143098736299034, 'min_child_weight': 1}.
[I 2026-05-22 17:38:17,191] Trial 33 finished with values: [0.5769203874412205, 0.7287290684854307] and parameters: {'n_estimators': 426, 'learning_rate': 0.029773579612263783, 'subsample': 0.6746074041599417, 'colsample_bytree': 0.6163100566219055, 'min_child_weight': 6}.
[I 2026-05-22 17:38:17,848] Trial 34 finished with values: [0.5818667298559974, 0.6980261191401784] and parameters: {'n_estimators': 355, 'learning_rate': 0.01058040360169664, 'subsample': 0.8048372233197124, 'colsample_bytree': 0.6905983100791752, 'min_child_weight': 7}.
[I 2026-05-22 17:38:18,414] Trial 35 finished with values: [0.5795544740671563, 0.6903983201355681] and parameters: {'n_estimators': 128, 'learning_rate': 0.10485733570643786, 'subsample': 0.7546941385202149, 'colsample_bytree': 0.9746919954946938, 'min_child_weight': 2}.
[I 2026-05-22 17:38:18,907] Trial 36 finished with values: [0.5825938282211204, 0.6644979820841994] and parameters: {'n_estimators': 203, 'learning_rate': 0.01471005003927122, 'subsample': 0.9698774473114251, 'colsample_bytree': 0.9509357413523924, 'min_child_weight': 3}.
[I 2026-05-22 17:38:19,602] Trial 37 finished with values: [0.5946395509958855, 0.5259053887923288] and parameters: {'n_estimators': 347, 'learning_rate': 0.16111511355977057, 'subsample': 0.822080324639785, 'colsample_bytree': 0.8118602313424026, 'min_child_weight': 3}.
[I 2026-05-22 17:38:20,099] Trial 38 finished with values: [0.5916182088295467, 0.5370879291937765] and parameters: {'n_estimators': 91, 'learning_rate': 0.21149322814164553, 'subsample': 0.9601672228653322, 'colsample_bytree': 0.8532405829093072, 'min_child_weight': 4}.
[I 2026-05-22 17:38:20,612] Trial 39 finished with values: [0.6064879380049228, 0.45335904171785674] and parameters: {'n_estimators': 207, 'learning_rate': 0.11812030596598909, 'subsample': 0.9588441039810308, 'colsample_bytree': 0.954834569706047, 'min_child_weight': 8}.
[I 2026-05-22 17:38:21,347] Trial 40 finished with values: [0.579730063247531, 0.7081986100998885] and parameters: {'n_estimators': 339, 'learning_rate': 0.013313275850595153, 'subsample': 0.6646514856378455, 'colsample_bytree': 0.9594216754108317, 'min_child_weight': 7}.
[I 2026-05-22 17:38:21,644] Trial 41 finished with values: [0.5760820391489836, 0.8602349138423706] and parameters: {'n_estimators': 54, 'learning_rate': 0.01412166070620751, 'subsample': 0.8654007076432223, 'colsample_bytree': 0.6020246335384875, 'min_child_weight': 2}.
[I 2026-05-22 17:38:22,306] Trial 42 finished with values: [0.5942867992002384, 0.5962783543050143] and parameters: {'n_estimators': 297, 'learning_rate': 0.10519936117151477, 'subsample': 0.8607845038010402, 'colsample_bytree': 0.689707723784224, 'min_child_weight': 8}.
[I 2026-05-22 17:38:22,804] Trial 43 finished with values: [0.5822856786112309, 0.5986126765339673] and parameters: {'n_estimators': 156, 'learning_rate': 0.030245085073501415, 'subsample': 0.8985965620472096, 'colsample_bytree': 0.8598531596188859, 'min_child_weight': 9}.
[I 2026-05-22 17:38:23,550] Trial 44 finished with values: [0.5860949409135177, 0.6974467535786023] and parameters: {'n_estimators': 346, 'learning_rate': 0.06909724267901692, 'subsample': 0.637469907131237, 'colsample_bytree': 0.7470863212237734, 'min_child_weight': 3}.
[I 2026-05-22 17:38:24,141] Trial 45 finished with values: [0.5997286801725046, 0.6115444859172767] and parameters: {'n_estimators': 160, 'learning_rate': 0.2736872535680783, 'subsample': 0.7572390898667042, 'colsample_bytree': 0.9568186220708453, 'min_child_weight': 7}.
[I 2026-05-22 17:38:24,834] Trial 46 finished with values: [0.6010323780872489, 0.7028701273659546] and parameters: {'n_estimators': 408, 'learning_rate': 0.05526573288655769, 'subsample': 0.8307615538505436, 'colsample_bytree': 0.7970070775275455, 'min_child_weight': 2}.
[I 2026-05-22 17:38:25,471] Trial 47 finished with values: [0.5795245100755343, 0.6871438442890114] and parameters: {'n_estimators': 375, 'learning_rate': 0.025985724173338116, 'subsample': 0.6097263865725815, 'colsample_bytree': 0.858188918362867, 'min_child_weight': 2}.
[I 2026-05-22 17:38:26,343] Trial 48 finished with values: [0.6221264227265252, 0.7255108819526732] and parameters: {'n_estimators': 474, 'learning_rate': 0.25648866468880704, 'subsample': 0.9659457560881795, 'colsample_bytree': 0.7480634801021777, 'min_child_weight': 1}.
[I 2026-05-22 17:38:27,016] Trial 49 finished with values: [0.581127657250187, 0.5901531312553769] and parameters: {'n_estimators': 468, 'learning_rate': 0.042902233912047165, 'subsample': 0.9866619276174678, 'colsample_bytree': 0.9854479908357011, 'min_child_weight': 9}.
[I 2026-05-22 17:38:27,539] Trial 50 finished with values: [0.5914248124684423, 0.6642465152525687] and parameters: {'n_estimators': 105, 'learning_rate': 0.05388108577817234, 'subsample': 0.822080324639785, 'colsample_bytree': 0.8118602313424026, 'min_child_weight': 3}.
[I 2026-05-22 17:38:28,145] Trial 51 finished with values: [0.5805015345091247, 0.6129009408555506] and parameters: {'n_estimators': 215, 'learning_rate': 0.08589984533104164, 'subsample': 0.8534118843043579, 'colsample_bytree': 0.8143098736299034, 'min_child_weight': 4}.
[I 2026-05-22 17:38:28,957] Trial 52 finished with values: [0.6017452247898065, 1.1923951723591701] and parameters: {'n_estimators': 433, 'learning_rate': 0.2708160864249968, 'subsample': 0.9329770563201687, 'colsample_bytree': 0.6849356442713105, 'min_child_weight': 2}.
[I 2026-05-22 17:38:29,590] Trial 53 finished with values: [0.5833940730476133, 0.6063679792307038] and parameters: {'n_estimators': 272, 'learning_rate': 0.029385442161128397, 'subsample': 0.9442922333025374, 'colsample_bytree': 0.6027808522124762, 'min_child_weight': 2}.
[I 2026-05-22 17:38:30,327] Trial 54 finished with values: [0.5796807647842025, 0.5707242372078797] and parameters: {'n_estimators': 346, 'learning_rate': 0.017797595772834223, 'subsample': 0.8550229885420852, 'colsample_bytree': 0.82272050498334, 'min_child_weight': 3}.
[I 2026-05-22 17:38:30,984] Trial 55 finished with values: [0.6029911306962463, 0.7574965030102766] and parameters: {'n_estimators': 414, 'learning_rate': 0.24144271975982237, 'subsample': 0.7272013899887455, 'colsample_bytree': 0.6440207698110707, 'min_child_weight': 7}.
[I 2026-05-22 17:38:31,516] Trial 56 finished with values: [0.5803666523418265, 0.7779606415801146] and parameters: {'n_estimators': 91, 'learning_rate': 0.01412166070620751, 'subsample': 0.9601672228653322, 'colsample_bytree': 0.6020246335384875, 'min_child_weight': 4}.
[I 2026-05-22 17:38:32,269] Trial 57 finished with values: [0.5801597530247855, 0.44085857880644114] and parameters: {'n_estimators': 404, 'learning_rate': 0.06951034928701941, 'subsample': 0.9329770563201687, 'colsample_bytree': 0.6388705975083074, 'min_child_weight': 7}.
[I 2026-05-22 17:38:32,771] Trial 58 finished with values: [0.5873191354943404, 0.30982397673247364] and parameters: {'n_estimators': 203, 'learning_rate': 0.11812030596598909, 'subsample': 0.9698774473114251, 'colsample_bytree': 0.9960215400417053, 'min_child_weight': 3}.
[I 2026-05-22 17:38:33,509] Trial 59 finished with values: [0.5764216007937137, 0.6910756466139161] and parameters: {'n_estimators': 487, 'learning_rate': 0.01610352961694889, 'subsample': 0.8073318609454947, 'colsample_bytree': 0.610167650697638, 'min_child_weight': 2}.
[I 2026-05-22 17:38:34,087] Trial 60 finished with values: [0.5866891819794449, 0.45725668114024376] and parameters: {'n_estimators': 297, 'learning_rate': 0.08589984533104164, 'subsample': 0.8534118843043579, 'colsample_bytree': 0.9509492287711822, 'min_child_weight': 1}.
[I 2026-05-22 17:38:34,646] Trial 61 finished with values: [0.5921303428308338, 0.5975983689938957] and parameters: {'n_estimators': 120, 'learning_rate': 0.25648866468880704, 'subsample': 0.8963074471016818, 'colsample_bytree': 0.7480634801021777, 'min_child_weight': 1}.
[I 2026-05-22 17:38:35,359] Trial 62 finished with values: [0.5761035501570078, 0.6645385933567642] and parameters: {'n_estimators': 347, 'learning_rate': 0.10704755834674413, 'subsample': 0.7168578594140873, 'colsample_bytree': 0.7465447373174767, 'min_child_weight': 8}.
[I 2026-05-22 17:38:35,961] Trial 63 finished with values: [0.5636243373365922, 0.7175027167860804] and parameters: {'n_estimators': 215, 'learning_rate': 0.08589984533104164, 'subsample': 0.8534118843043579, 'colsample_bytree': 0.8245108790277985, 'min_child_weight': 8}.
[I 2026-05-22 17:38:36,730] Trial 64 finished with values: [0.5974194182463684, 0.6493951561465734] and parameters: {'n_estimators': 468, 'learning_rate': 0.16155001304356414, 'subsample': 0.9866619276174678, 'colsample_bytree': 0.6027808522124762, 'min_child_weight': 9}.
[I 2026-05-22 17:38:37,543] Trial 65 finished with values: [0.5877336228449639, 0.7022703962202457] and parameters: {'n_estimators': 487, 'learning_rate': 0.028180680291847244, 'subsample': 0.6390688456025535, 'colsample_bytree': 0.8736932106048627, 'min_child_weight': 5}.
[I 2026-05-22 17:38:38,113] Trial 66 finished with values: [0.5795544740671563, 0.6903983201355681] and parameters: {'n_estimators': 128, 'learning_rate': 0.10485733570643786, 'subsample': 0.7546941385202149, 'colsample_bytree': 0.9746919954946938, 'min_child_weight': 2}.
[I 2026-05-22 17:38:38,859] Trial 67 finished with values: [0.5852395677416098, 0.7390164787332296] and parameters: {'n_estimators': 465, 'learning_rate': 0.01351182947645082, 'subsample': 0.6783931449676581, 'colsample_bytree': 0.6180909155642152, 'min_child_weight': 1}.
[I 2026-05-22 17:38:39,441] Trial 68 finished with values: [0.5826441890135906, 0.6365013951319491] and parameters: {'n_estimators': 272, 'learning_rate': 0.05917520523090666, 'subsample': 0.7168578594140873, 'colsample_bytree': 0.610167650697638, 'min_child_weight': 5}.
[I 2026-05-22 17:38:40,068] Trial 69 finished with values: [0.5817001143980216, 0.674633192050542] and parameters: {'n_estimators': 355, 'learning_rate': 0.01058040360169664, 'subsample': 0.8048372233197124, 'colsample_bytree': 0.6905983100791752, 'min_child_weight': 4}.
[I 2026-05-22 17:38:40,731] Trial 70 finished with values: [0.5643060193761074, 1.1615185840593418] and parameters: {'n_estimators': 238, 'learning_rate': 0.16155001304356414, 'subsample': 0.6479461469334731, 'colsample_bytree': 0.6027808522124762, 'min_child_weight': 6}.
[I 2026-05-22 17:38:41,392] Trial 71 finished with values: [0.5791807158929484, 0.669414310812901] and parameters: {'n_estimators': 272, 'learning_rate': 0.028180680291847244, 'subsample': 0.7710164073434198, 'colsample_bytree': 0.7174367377057973, 'min_child_weight': 9}.
[I 2026-05-22 17:38:42,172] Trial 72 finished with values: [0.5859140905836563, 0.6334280446387072] and parameters: {'n_estimators': 415, 'learning_rate': 0.019721610970574007, 'subsample': 0.9659457560881795, 'colsample_bytree': 0.7480634801021777, 'min_child_weight': 1}.
[I 2026-05-22 17:38:42,662] Trial 73 finished with values: [0.589539331243601, 0.6033002516499687] and parameters: {'n_estimators': 207, 'learning_rate': 0.10519936117151477, 'subsample': 0.9588441039810308, 'colsample_bytree': 0.9468289274320415, 'min_child_weight': 8}.
[I 2026-05-22 17:38:43,281] Trial 74 finished with values: [0.5851507475525308, 0.5847295323100749] and parameters: {'n_estimators': 408, 'learning_rate': 0.09836162684900028, 'subsample': 0.9046478461314871, 'colsample_bytree': 0.6950550175969599, 'min_child_weight': 8}.
[I 2026-05-22 17:38:43,886] Trial 75 finished with values: [0.5736353325125817, 0.7234508664348691] and parameters: {'n_estimators': 294, 'learning_rate': 0.040381768820718394, 'subsample': 0.9022204554172195, 'colsample_bytree': 0.9652962210225885, 'min_child_weight': 1}.
[I 2026-05-22 17:38:44,507] Trial 76 finished with values: [0.5851359943966989, 0.6195445230441543] and parameters: {'n_estimators': 203, 'learning_rate': 0.01607123851203988, 'subsample': 0.9698774473114251, 'colsample_bytree': 0.7465447373174767, 'min_child_weight': 3}.
[I 2026-05-22 17:38:45,182] Trial 77 finished with values: [0.5958370352808388, 0.8899042661917399] and parameters: {'n_estimators': 280, 'learning_rate': 0.1538583627271404, 'subsample': 0.8006065178748798, 'colsample_bytree': 0.9746919954946938, 'min_child_weight': 8}.
