[I 2026-05-22 17:43:10,225] Trial 478 finished with values: [0.6135003794880061, 0.43729743832082874] and parameters: {'n_estimators': 242, 'learning_rate': 0.16155001304356414, 'subsample': 0.8573152873769412, 'colsample_bytree': 0.7833011561966067, 'min_child_weight': 2}.
[I 2026-05-22 17:43:10,907] Trial 479 finished with values: [0.5933430044898808, 0.40624077971116285] and parameters: {'n_estimators': 414, 'learning_rate': 0.11812030596598909, 'subsample': 0.9757995766256756, 'colsample_bytree': 0.9877881733101476, 'min_child_weight': 3}.
[I 2026-05-22 17:43:11,744] Trial 480 finished with values: [0.5989317735517018, 0.7606877438341287] and parameters: {'n_estimators': 474, 'learning_rate': 0.18987114604724706, 'subsample': 0.9659457560881795, 'colsample_bytree': 0.7433862914177091, 'min_child_weight': 3}.
[I 2026-05-22 17:43:12,407] Trial 481 finished with values: [0.5884714572783387, 0.4178058735480299] and parameters: {'n_estimators': 418, 'learning_rate': 0.09836162684900028, 'subsample': 0.9442922333025374, 'colsample_bytree': 0.641249547534373, 'min_child_weight': 3}.
[I 2026-05-22 17:43:13,209] Trial 482 finished with values: [0.606509151499304, 0.6182870325034996] and parameters: {'n_estimators': 414, 'learning_rate': 0.19775731712985178, 'subsample': 0.9801645936306235, 'colsample_bytree': 0.9579309401710595, 'min_child_weight': 2}.
[I 2026-05-22 17:43:13,966] Trial 483 finished with values: [0.5944241647206759, 0.5057734847176535] and parameters: {'n_estimators': 386, 'learning_rate': 0.11364355894710455, 'subsample': 0.6683550349560263, 'colsample_bytree': 0.7480634801021777, 'min_child_weight': 1}.
[I 2026-05-22 17:43:14,593] Trial 484 finished with values: [0.6024445438098831, 0.6140136093855607] and parameters: {'n_estimators': 420, 'learning_rate': 0.11812030596598909, 'subsample': 0.9659457560881795, 'colsample_bytree': 0.8674572879697724, 'min_child_weight': 10}.
[I 2026-05-22 17:43:15,326] Trial 485 finished with values: [0.5913609417031293, 0.9805928220133943] and parameters: {'n_estimators': 474, 'learning_rate': 0.25648866468880704, 'subsample': 0.9659457560881795, 'colsample_bytree': 0.8227051572055719, 'min_child_weight': 1}.
[I 2026-05-22 17:43:16,116] Trial 486 finished with values: [0.6016612164239632, 0.42207097015137407] and parameters: {'n_estimators': 414, 'learning_rate': 0.11812030596598909, 'subsample': 0.9757995766256756, 'colsample_bytree': 0.6454230368798516, 'min_child_weight': 1}.
[I 2026-05-22 17:43:16,785] Trial 487 finished with values: [0.6099274119899248, 0.3320961554734982] and parameters: {'n_estimators': 408, 'learning_rate': 0.09836162684900028, 'subsample': 0.9442922333025374, 'colsample_bytree': 0.9960215400417053, 'min_child_weight': 3}.
[I 2026-05-22 17:43:17,362] Trial 488 finished with values: [0.594947229422433, 0.3870139800232202] and parameters: {'n_estimators': 307, 'learning_rate': 0.1195960383019184, 'subsample': 0.9442922333025374, 'colsample_bytree': 0.9579309401710595, 'min_child_weight': 5}.
[I 2026-05-22 17:43:17,851] Trial 489 finished with values: [0.589599395217975, 0.5403851507957109] and parameters: {'n_estimators': 176, 'learning_rate': 0.11812030596598909, 'subsample': 0.9659457560881795, 'colsample_bytree': 0.9077971732767748, 'min_child_weight': 3}.
[I 2026-05-22 17:43:18,658] Trial 490 finished with values: [0.589014328939938, 0.6289872382316769] and parameters: {'n_estimators': 487, 'learning_rate': 0.11812030596598909, 'subsample': 0.9442922333025374, 'colsample_bytree': 0.6748174994230093, 'min_child_weight': 6}.
[I 2026-05-22 17:43:19,445] Trial 491 finished with values: [0.600964012344954, 0.5669196956342872] and parameters: {'n_estimators': 420, 'learning_rate': 0.11812030596598909, 'subsample': 0.7294716945616975, 'colsample_bytree': 0.6454230368798516, 'min_child_weight': 3}.
[I 2026-05-22 17:43:20,186] Trial 492 finished with values: [0.5990596651472435, 0.909537238392741] and parameters: {'n_estimators': 347, 'learning_rate': 0.16111511355977057, 'subsample': 0.7701745754465668, 'colsample_bytree': 0.9548850970305306, 'min_child_weight': 3}.
[I 2026-05-22 17:43:20,801] Trial 493 finished with values: [0.5889102199313833, 0.42588709568027366] and parameters: {'n_estimators': 203, 'learning_rate': 0.25648866468880704, 'subsample': 0.9659457560881795, 'colsample_bytree': 0.803044151473782, 'min_child_weight': 1}.
[I 2026-05-22 17:43:21,552] Trial 494 finished with values: [0.6027966032622921, 0.7092372014756047] and parameters: {'n_estimators': 347, 'learning_rate': 0.09396591857488666, 'subsample': 0.6969638929660321, 'colsample_bytree': 0.9213923721539394, 'min_child_weight': 2}.
[I 2026-05-22 17:43:22,197] Trial 495 finished with values: [0.5967051107808559, 0.4839029974207986] and parameters: {'n_estimators': 378, 'learning_rate': 0.12301645833176054, 'subsample': 0.9659457560881795, 'colsample_bytree': 0.6950550175969599, 'min_child_weight': 2}.
[I 2026-05-22 17:43:23,008] Trial 496 finished with values: [0.6159565289005939, 0.5202928040430044] and parameters: {'n_estimators': 487, 'learning_rate': 0.21149322814164553, 'subsample': 0.9659457560881795, 'colsample_bytree': 0.8118602313424026, 'min_child_weight': 2}.
[I 2026-05-22 17:43:23,766] Trial 497 finished with values: [0.5982935731095849, 0.9688129735100437] and parameters: {'n_estimators': 378, 'learning_rate': 0.11812030596598909, 'subsample': 0.6296178606936361, 'colsample_bytree': 0.9579309401710595, 'min_child_weight': 7}.
[I 2026-05-22 17:43:24,527] Trial 498 finished with values: [0.59001190491032, 0.42513100758750433] and parameters: {'n_estimators': 408, 'learning_rate': 0.11364355894710455, 'subsample': 0.9659457560881795, 'colsample_bytree': 0.9579309401710595, 'min_child_weight': 5}.
[I 2026-05-22 17:43:25,338] Trial 499 finished with values: [0.6156952532668892, 0.35311616615942076] and parameters: {'n_estimators': 487, 'learning_rate': 0.11812030596598909, 'subsample': 0.9659457560881795, 'colsample_bytree': 0.9166316174903394, 'min_child_weight': 3}.
Building variant 'auroc_max'...
Saved /home/mklemmingen/PycharmProjects/migraine-forecasting-shd/experiment/0/headache/full_features/stacked_2xgb_meta_lr/70_15_15/patient/HyperparameterTuned/pareto_AUROC_slope/auroc_max/model.joblib

# End capture ------------------------------------------
# Finished: 2026-05-22T17:43:26
