[I 2026-05-15 18:57:47,370] Trial 53 finished with value: 0.6302990708478513 and parameters: {'n_estimators': 384, 'learning_rate': 0.10704755834674413, 'subsample': 0.8809936335948436, 'colsample_bytree': 0.743796460487902, 'min_child_weight': 3}. Best is trial 27 with value: 0.7207462253193961.
/home/mklemmingen/PycharmProjects/migraine-forecasting-shd/.venv/lib/python3.13/site-packages/sklearn/metrics/_ranking.py:424: UndefinedMetricWarning: Only one class is present in y_true. ROC AUC score is not defined in that case.
  warnings.warn(
/home/mklemmingen/PycharmProjects/migraine-forecasting-shd/.venv/lib/python3.13/site-packages/sklearn/metrics/_ranking.py:1046: UserWarning: No positive class found in y_true, recall is set to one for all thresholds.
  warnings.warn(
[I 2026-05-15 18:57:48,227] Trial 54 finished with value: 0.585801393728223 and parameters: {'n_estimators': 415, 'learning_rate': 0.1572663162015696, 'subsample': 0.9468289274320415, 'colsample_bytree': 0.9652962210225885, 'min_child_weight': 6}. Best is trial 27 with value: 0.7207462253193961.
/home/mklemmingen/PycharmProjects/migraine-forecasting-shd/.venv/lib/python3.13/site-packages/sklearn/metrics/_ranking.py:424: UndefinedMetricWarning: Only one class is present in y_true. ROC AUC score is not defined in that case.
  warnings.warn(
/home/mklemmingen/PycharmProjects/migraine-forecasting-shd/.venv/lib/python3.13/site-packages/sklearn/metrics/_ranking.py:1046: UserWarning: No positive class found in y_true, recall is set to one for all thresholds.
  warnings.warn(
[I 2026-05-15 18:57:49,008] Trial 55 finished with value: 0.6315331010452963 and parameters: {'n_estimators': 276, 'learning_rate': 0.15107019033830843, 'subsample': 0.8599855723111061, 'colsample_bytree': 0.8807867509030813, 'min_child_weight': 8}. Best is trial 27 with value: 0.7207462253193961.
/home/mklemmingen/PycharmProjects/migraine-forecasting-shd/.venv/lib/python3.13/site-packages/sklearn/metrics/_ranking.py:424: UndefinedMetricWarning: Only one class is present in y_true. ROC AUC score is not defined in that case.
  warnings.warn(
/home/mklemmingen/PycharmProjects/migraine-forecasting-shd/.venv/lib/python3.13/site-packages/sklearn/metrics/_ranking.py:1046: UserWarning: No positive class found in y_true, recall is set to one for all thresholds.
  warnings.warn(
[I 2026-05-15 18:57:49,908] Trial 56 finished with value: 0.6880081300813008 and parameters: {'n_estimators': 451, 'learning_rate': 0.03156892767756196, 'subsample': 0.7502331810559776, 'colsample_bytree': 0.6375927759363476, 'min_child_weight': 6}. Best is trial 27 with value: 0.7207462253193961.
/home/mklemmingen/PycharmProjects/migraine-forecasting-shd/.venv/lib/python3.13/site-packages/sklearn/metrics/_ranking.py:424: UndefinedMetricWarning: Only one class is present in y_true. ROC AUC score is not defined in that case.
  warnings.warn(
/home/mklemmingen/PycharmProjects/migraine-forecasting-shd/.venv/lib/python3.13/site-packages/sklearn/metrics/_ranking.py:1046: UserWarning: No positive class found in y_true, recall is set to one for all thresholds.
  warnings.warn(
[I 2026-05-15 18:57:50,317] Trial 57 finished with value: 0.6453252032520325 and parameters: {'n_estimators': 66, 'learning_rate': 0.04872420129560894, 'subsample': 0.8170578538830306, 'colsample_bytree': 0.7146165008513138, 'min_child_weight': 6}. Best is trial 27 with value: 0.7207462253193961.
/home/mklemmingen/PycharmProjects/migraine-forecasting-shd/.venv/lib/python3.13/site-packages/sklearn/linear_model/_sag.py:348: ConvergenceWarning: The max_iter was reached which means the coef_ did not converge
  warnings.warn(
/home/mklemmingen/PycharmProjects/migraine-forecasting-shd/.venv/lib/python3.13/site-packages/sklearn/metrics/_ranking.py:424: UndefinedMetricWarning: Only one class is present in y_true. ROC AUC score is not defined in that case.
  warnings.warn(
/home/mklemmingen/PycharmProjects/migraine-forecasting-shd/.venv/lib/python3.13/site-packages/sklearn/metrics/_ranking.py:1046: UserWarning: No positive class found in y_true, recall is set to one for all thresholds.
  warnings.warn(
[I 2026-05-15 18:57:50,908] Trial 58 finished with value: 0.6207897793263647 and parameters: {'n_estimators': 63, 'learning_rate': 0.011354494477798304, 'subsample': 0.9290402242638633, 'colsample_bytree': 0.7440762565645052, 'min_child_weight': 2}. Best is trial 27 with value: 0.7207462253193961.
/home/mklemmingen/PycharmProjects/migraine-forecasting-shd/.venv/lib/python3.13/site-packages/sklearn/metrics/_ranking.py:424: UndefinedMetricWarning: Only one class is present in y_true. ROC AUC score is not defined in that case.
  warnings.warn(
/home/mklemmingen/PycharmProjects/migraine-forecasting-shd/.venv/lib/python3.13/site-packages/sklearn/metrics/_ranking.py:1046: UserWarning: No positive class found in y_true, recall is set to one for all thresholds.
  warnings.warn(
[I 2026-05-15 18:57:51,649] Trial 59 finished with value: 0.6216608594657376 and parameters: {'n_estimators': 285, 'learning_rate': 0.13720623374101712, 'subsample': 0.6863284109987373, 'colsample_bytree': 0.8491561903276001, 'min_child_weight': 1}. Best is trial 27 with value: 0.7207462253193961.
/home/mklemmingen/PycharmProjects/migraine-forecasting-shd/.venv/lib/python3.13/site-packages/sklearn/metrics/_ranking.py:424: UndefinedMetricWarning: Only one class is present in y_true. ROC AUC score is not defined in that case.
  warnings.warn(
/home/mklemmingen/PycharmProjects/migraine-forecasting-shd/.venv/lib/python3.13/site-packages/sklearn/metrics/_ranking.py:1046: UserWarning: No positive class found in y_true, recall is set to one for all thresholds.
  warnings.warn(
[I 2026-05-15 18:57:52,123] Trial 60 finished with value: 0.6832897793263647 and parameters: {'n_estimators': 73, 'learning_rate': 0.060936179246384004, 'subsample': 0.8162540486440426, 'colsample_bytree': 0.8549719605992826, 'min_child_weight': 8}. Best is trial 27 with value: 0.7207462253193961.
/home/mklemmingen/PycharmProjects/migraine-forecasting-shd/.venv/lib/python3.13/site-packages/sklearn/metrics/_ranking.py:424: UndefinedMetricWarning: Only one class is present in y_true. ROC AUC score is not defined in that case.
  warnings.warn(
/home/mklemmingen/PycharmProjects/migraine-forecasting-shd/.venv/lib/python3.13/site-packages/sklearn/metrics/_ranking.py:1046: UserWarning: No positive class found in y_true, recall is set to one for all thresholds.
  warnings.warn(
[I 2026-05-15 18:57:52,942] Trial 61 finished with value: 0.6119337979094077 and parameters: {'n_estimators': 490, 'learning_rate': 0.057894621409801394, 'subsample': 0.7291825891764984, 'colsample_bytree': 0.9180744779074814, 'min_child_weight': 3}. Best is trial 27 with value: 0.7207462253193961.
/home/mklemmingen/PycharmProjects/migraine-forecasting-shd/.venv/lib/python3.13/site-packages/sklearn/metrics/_ranking.py:424: UndefinedMetricWarning: Only one class is present in y_true. ROC AUC score is not defined in that case.
  warnings.warn(
/home/mklemmingen/PycharmProjects/migraine-forecasting-shd/.venv/lib/python3.13/site-packages/sklearn/metrics/_ranking.py:1046: UserWarning: No positive class found in y_true, recall is set to one for all thresholds.
  warnings.warn(
[I 2026-05-15 18:57:53,664] Trial 62 finished with value: 0.6621660859465738 and parameters: {'n_estimators': 247, 'learning_rate': 0.013058388599138515, 'subsample': 0.610140297366183, 'colsample_bytree': 0.98505936587117, 'min_child_weight': 9}. Best is trial 27 with value: 0.7207462253193961.
/home/mklemmingen/PycharmProjects/migraine-forecasting-shd/.venv/lib/python3.13/site-packages/sklearn/metrics/_ranking.py:424: UndefinedMetricWarning: Only one class is present in y_true. ROC AUC score is not defined in that case.
  warnings.warn(
/home/mklemmingen/PycharmProjects/migraine-forecasting-shd/.venv/lib/python3.13/site-packages/sklearn/metrics/_ranking.py:1046: UserWarning: No positive class found in y_true, recall is set to one for all thresholds.
  warnings.warn(
[I 2026-05-15 18:57:54,527] Trial 63 finished with value: 0.6747241579558653 and parameters: {'n_estimators': 363, 'learning_rate': 0.04018584329485903, 'subsample': 0.6693177280283383, 'colsample_bytree': 0.6625748170684344, 'min_child_weight': 3}. Best is trial 27 with value: 0.7207462253193961.
/home/mklemmingen/PycharmProjects/migraine-forecasting-shd/.venv/lib/python3.13/site-packages/sklearn/metrics/_ranking.py:424: UndefinedMetricWarning: Only one class is present in y_true. ROC AUC score is not defined in that case.
  warnings.warn(
/home/mklemmingen/PycharmProjects/migraine-forecasting-shd/.venv/lib/python3.13/site-packages/sklearn/metrics/_ranking.py:1046: UserWarning: No positive class found in y_true, recall is set to one for all thresholds.
  warnings.warn(
[I 2026-05-15 18:57:55,234] Trial 64 finished with value: 0.6904036004645762 and parameters: {'n_estimators': 297, 'learning_rate': 0.11364355894710455, 'subsample': 0.8640789506870925, 'colsample_bytree': 0.7119735587783771, 'min_child_weight': 10}. Best is trial 27 with value: 0.7207462253193961.
/home/mklemmingen/PycharmProjects/migraine-forecasting-shd/.venv/lib/python3.13/site-packages/sklearn/metrics/_ranking.py:424: UndefinedMetricWarning: Only one class is present in y_true. ROC AUC score is not defined in that case.
  warnings.warn(
/home/mklemmingen/PycharmProjects/migraine-forecasting-shd/.venv/lib/python3.13/site-packages/sklearn/metrics/_ranking.py:1046: UserWarning: No positive class found in y_true, recall is set to one for all thresholds.
  warnings.warn(
[I 2026-05-15 18:57:55,952] Trial 65 finished with value: 0.6530197444831591 and parameters: {'n_estimators': 382, 'learning_rate': 0.06589434624667669, 'subsample': 0.8446882984937409, 'colsample_bytree': 0.7678400249711159, 'min_child_weight': 3}. Best is trial 27 with value: 0.7207462253193961.
/home/mklemmingen/PycharmProjects/migraine-forecasting-shd/.venv/lib/python3.13/site-packages/sklearn/metrics/_ranking.py:424: UndefinedMetricWarning: Only one class is present in y_true. ROC AUC score is not defined in that case.
  warnings.warn(
/home/mklemmingen/PycharmProjects/migraine-forecasting-shd/.venv/lib/python3.13/site-packages/sklearn/metrics/_ranking.py:1046: UserWarning: No positive class found in y_true, recall is set to one for all thresholds.
  warnings.warn(
[I 2026-05-15 18:57:56,605] Trial 66 finished with value: 0.5808652729384437 and parameters: {'n_estimators': 210, 'learning_rate': 0.1316529507921963, 'subsample': 0.6057573954519023, 'colsample_bytree': 0.6464290562027665, 'min_child_weight': 1}. Best is trial 27 with value: 0.7207462253193961.
/home/mklemmingen/PycharmProjects/migraine-forecasting-shd/.venv/lib/python3.13/site-packages/sklearn/metrics/_ranking.py:424: UndefinedMetricWarning: Only one class is present in y_true. ROC AUC score is not defined in that case.
  warnings.warn(
/home/mklemmingen/PycharmProjects/migraine-forecasting-shd/.venv/lib/python3.13/site-packages/sklearn/metrics/_ranking.py:1046: UserWarning: No positive class found in y_true, recall is set to one for all thresholds.
  warnings.warn(
[I 2026-05-15 18:57:57,134] Trial 67 finished with value: 0.7007839721254355 and parameters: {'n_estimators': 68, 'learning_rate': 0.183492792986878, 'subsample': 0.8814631437520095, 'colsample_bytree': 0.78966953163493, 'min_child_weight': 1}. Best is trial 27 with value: 0.7207462253193961.
/home/mklemmingen/PycharmProjects/migraine-forecasting-shd/.venv/lib/python3.13/site-packages/sklearn/metrics/_ranking.py:424: UndefinedMetricWarning: Only one class is present in y_true. ROC AUC score is not defined in that case.
  warnings.warn(
/home/mklemmingen/PycharmProjects/migraine-forecasting-shd/.venv/lib/python3.13/site-packages/sklearn/metrics/_ranking.py:1046: UserWarning: No positive class found in y_true, recall is set to one for all thresholds.
  warnings.warn(
[I 2026-05-15 18:57:57,736] Trial 68 finished with value: 0.6703687572590011 and parameters: {'n_estimators': 271, 'learning_rate': 0.050046673502396374, 'subsample': 0.669280747964006, 'colsample_bytree': 0.7735406596951893, 'min_child_weight': 4}. Best is trial 27 with value: 0.7207462253193961.
/home/mklemmingen/PycharmProjects/migraine-forecasting-shd/.venv/lib/python3.13/site-packages/sklearn/metrics/_ranking.py:424: UndefinedMetricWarning: Only one class is present in y_true. ROC AUC score is not defined in that case.
  warnings.warn(
/home/mklemmingen/PycharmProjects/migraine-forecasting-shd/.venv/lib/python3.13/site-packages/sklearn/metrics/_ranking.py:1046: UserWarning: No positive class found in y_true, recall is set to one for all thresholds.
  warnings.warn(
[I 2026-05-15 18:57:58,456] Trial 69 finished with value: 0.6624564459930313 and parameters: {'n_estimators': 327, 'learning_rate': 0.08671821512512803, 'subsample': 0.6181216039088178, 'colsample_bytree': 0.7498450458505885, 'min_child_weight': 7}. Best is trial 27 with value: 0.7207462253193961.
/home/mklemmingen/PycharmProjects/migraine-forecasting-shd/.venv/lib/python3.13/site-packages/sklearn/metrics/_ranking.py:424: UndefinedMetricWarning: Only one class is present in y_true. ROC AUC score is not defined in that case.
  warnings.warn(
/home/mklemmingen/PycharmProjects/migraine-forecasting-shd/.venv/lib/python3.13/site-packages/sklearn/metrics/_ranking.py:1046: UserWarning: No positive class found in y_true, recall is set to one for all thresholds.
  warnings.warn(
[I 2026-05-15 18:57:59,021] Trial 70 finished with value: 0.6276132404181185 and parameters: {'n_estimators': 276, 'learning_rate': 0.18413627311856376, 'subsample': 0.8634774526475779, 'colsample_bytree': 0.6651737708325719, 'min_child_weight': 1}. Best is trial 27 with value: 0.7207462253193961.
/home/mklemmingen/PycharmProjects/migraine-forecasting-shd/.venv/lib/python3.13/site-packages/sklearn/metrics/_ranking.py:424: UndefinedMetricWarning: Only one class is present in y_true. ROC AUC score is not defined in that case.
  warnings.warn(
/home/mklemmingen/PycharmProjects/migraine-forecasting-shd/.venv/lib/python3.13/site-packages/sklearn/metrics/_ranking.py:1046: UserWarning: No positive class found in y_true, recall is set to one for all thresholds.
  warnings.warn(
[I 2026-05-15 18:57:59,695] Trial 71 finished with value: 0.6622386759581882 and parameters: {'n_estimators': 339, 'learning_rate': 0.010943605280157023, 'subsample': 0.8343102325093853, 'colsample_bytree': 0.9760920965699831, 'min_child_weight': 6}. Best is trial 27 with value: 0.7207462253193961.
/home/mklemmingen/PycharmProjects/migraine-forecasting-shd/.venv/lib/python3.13/site-packages/sklearn/metrics/_ranking.py:424: UndefinedMetricWarning: Only one class is present in y_true. ROC AUC score is not defined in that case.
  warnings.warn(
/home/mklemmingen/PycharmProjects/migraine-forecasting-shd/.venv/lib/python3.13/site-packages/sklearn/metrics/_ranking.py:1046: UserWarning: No positive class found in y_true, recall is set to one for all thresholds.
  warnings.warn(
[I 2026-05-15 18:58:00,291] Trial 72 finished with value: 0.6803135888501742 and parameters: {'n_estimators': 225, 'learning_rate': 0.08916916511121768, 'subsample': 0.7833011561966067, 'colsample_bytree': 0.818246715726374, 'min_child_weight': 10}. Best is trial 27 with value: 0.7207462253193961.
/home/mklemmingen/PycharmProjects/migraine-forecasting-shd/.venv/lib/python3.13/site-packages/sklearn/metrics/_ranking.py:424: UndefinedMetricWarning: Only one class is present in y_true. ROC AUC score is not defined in that case.
  warnings.warn(
/home/mklemmingen/PycharmProjects/migraine-forecasting-shd/.venv/lib/python3.13/site-packages/sklearn/metrics/_ranking.py:1046: UserWarning: No positive class found in y_true, recall is set to one for all thresholds.
  warnings.warn(
[I 2026-05-15 18:58:00,942] Trial 73 finished with value: 0.5831155632984901 and parameters: {'n_estimators': 224, 'learning_rate': 0.26290267902103615, 'subsample': 0.9621402567824255, 'colsample_bytree': 0.6783164539157186, 'min_child_weight': 1}. Best is trial 27 with value: 0.7207462253193961.
/home/mklemmingen/PycharmProjects/migraine-forecasting-shd/.venv/lib/python3.13/site-packages/sklearn/metrics/_ranking.py:424: UndefinedMetricWarning: Only one class is present in y_true. ROC AUC score is not defined in that case.
  warnings.warn(
/home/mklemmingen/PycharmProjects/migraine-forecasting-shd/.venv/lib/python3.13/site-packages/sklearn/metrics/_ranking.py:1046: UserWarning: No positive class found in y_true, recall is set to one for all thresholds.
  warnings.warn(
[I 2026-05-15 18:58:01,439] Trial 74 finished with value: 0.6183943089430894 and parameters: {'n_estimators': 95, 'learning_rate': 0.010639368372762009, 'subsample': 0.6377771843023713, 'colsample_bytree': 0.8732027093665427, 'min_child_weight': 1}. Best is trial 27 with value: 0.7207462253193961.
/home/mklemmingen/PycharmProjects/migraine-forecasting-shd/.venv/lib/python3.13/site-packages/sklearn/metrics/_ranking.py:424: UndefinedMetricWarning: Only one class is present in y_true. ROC AUC score is not defined in that case.
  warnings.warn(
/home/mklemmingen/PycharmProjects/migraine-forecasting-shd/.venv/lib/python3.13/site-packages/sklearn/metrics/_ranking.py:1046: UserWarning: No positive class found in y_true, recall is set to one for all thresholds.
  warnings.warn(
[I 2026-05-15 18:58:02,080] Trial 75 finished with value: 0.6061991869918699 and parameters: {'n_estimators': 193, 'learning_rate': 0.17700408094497766, 'subsample': 0.6093087742943303, 'colsample_bytree': 0.9257873930355743, 'min_child_weight': 3}. Best is trial 27 with value: 0.7207462253193961.
/home/mklemmingen/PycharmProjects/migraine-forecasting-shd/.venv/lib/python3.13/site-packages/sklearn/metrics/_ranking.py:424: UndefinedMetricWarning: Only one class is present in y_true. ROC AUC score is not defined in that case.
  warnings.warn(
/home/mklemmingen/PycharmProjects/migraine-forecasting-shd/.venv/lib/python3.13/site-packages/sklearn/metrics/_ranking.py:1046: UserWarning: No positive class found in y_true, recall is set to one for all thresholds.
  warnings.warn(
[I 2026-05-15 18:58:02,678] Trial 76 finished with value: 0.6883710801393729 and parameters: {'n_estimators': 103, 'learning_rate': 0.10694617981517995, 'subsample': 0.8515771387119535, 'colsample_bytree': 0.9509888054108212, 'min_child_weight': 8}. Best is trial 27 with value: 0.7207462253193961.
/home/mklemmingen/PycharmProjects/migraine-forecasting-shd/.venv/lib/python3.13/site-packages/sklearn/metrics/_ranking.py:424: UndefinedMetricWarning: Only one class is present in y_true. ROC AUC score is not defined in that case.
  warnings.warn(
/home/mklemmingen/PycharmProjects/migraine-forecasting-shd/.venv/lib/python3.13/site-packages/sklearn/metrics/_ranking.py:1046: UserWarning: No positive class found in y_true, recall is set to one for all thresholds.
  warnings.warn(
[I 2026-05-15 18:58:03,372] Trial 77 finished with value: 0.6643437862950058 and parameters: {'n_estimators': 412, 'learning_rate': 0.02609752135980675, 'subsample': 0.6709758175118891, 'colsample_bytree': 0.9002459006563434, 'min_child_weight': 9}. Best is trial 27 with value: 0.7207462253193961.
/home/mklemmingen/PycharmProjects/migraine-forecasting-shd/.venv/lib/python3.13/site-packages/sklearn/metrics/_ranking.py:424: UndefinedMetricWarning: Only one class is present in y_true. ROC AUC score is not defined in that case.
  warnings.warn(
/home/mklemmingen/PycharmProjects/migraine-forecasting-shd/.venv/lib/python3.13/site-packages/sklearn/metrics/_ranking.py:1046: UserWarning: No positive class found in y_true, recall is set to one for all thresholds.
  warnings.warn(
[I 2026-05-15 18:58:04,277] Trial 78 finished with value: 0.6911295005807201 and parameters: {'n_estimators': 496, 'learning_rate': 0.04068987358935104, 'subsample': 0.7488072343171133, 'colsample_bytree': 0.9105651842967988, 'min_child_weight': 4}. Best is trial 27 with value: 0.7207462253193961.
/home/mklemmingen/PycharmProjects/migraine-forecasting-shd/.venv/lib/python3.13/site-packages/sklearn/metrics/_ranking.py:424: UndefinedMetricWarning: Only one class is present in y_true. ROC AUC score is not defined in that case.
  warnings.warn(
/home/mklemmingen/PycharmProjects/migraine-forecasting-shd/.venv/lib/python3.13/site-packages/sklearn/metrics/_ranking.py:1046: UserWarning: No positive class found in y_true, recall is set to one for all thresholds.
  warnings.warn(
[I 2026-05-15 18:58:05,181] Trial 79 finished with value: 0.5905923344947736 and parameters: {'n_estimators': 469, 'learning_rate': 0.18534450766991437, 'subsample': 0.7715976109500073, 'colsample_bytree': 0.9003484271165989, 'min_child_weight': 8}. Best is trial 27 with value: 0.7207462253193961.
/home/mklemmingen/PycharmProjects/migraine-forecasting-shd/.venv/lib/python3.13/site-packages/sklearn/metrics/_ranking.py:424: UndefinedMetricWarning: Only one class is present in y_true. ROC AUC score is not defined in that case.
  warnings.warn(
/home/mklemmingen/PycharmProjects/migraine-forecasting-shd/.venv/lib/python3.13/site-packages/sklearn/metrics/_ranking.py:1046: UserWarning: No positive class found in y_true, recall is set to one for all thresholds.
  warnings.warn(
