[I 2026-05-15 19:00:37,465] Trial 303 finished with value: 0.6602061556329849 and parameters: {'n_estimators': 53, 'learning_rate': 0.09044793628268057, 'subsample': 0.9592122195799948, 'colsample_bytree': 0.6973929186305197, 'min_child_weight': 10}. Best is trial 27 with value: 0.7207462253193961.
/home/mklemmingen/PycharmProjects/migraine-forecasting-shd/.venv/lib/python3.13/site-packages/sklearn/metrics/_ranking.py:424: UndefinedMetricWarning: Only one class is present in y_true. ROC AUC score is not defined in that case.
  warnings.warn(
/home/mklemmingen/PycharmProjects/migraine-forecasting-shd/.venv/lib/python3.13/site-packages/sklearn/metrics/_ranking.py:1046: UserWarning: No positive class found in y_true, recall is set to one for all thresholds.
  warnings.warn(
[I 2026-05-15 19:00:37,909] Trial 304 finished with value: 0.7012921022067364 and parameters: {'n_estimators': 77, 'learning_rate': 0.2400354115771027, 'subsample': 0.7406490748958537, 'colsample_bytree': 0.6405683313796866, 'min_child_weight': 5}. Best is trial 27 with value: 0.7207462253193961.
/home/mklemmingen/PycharmProjects/migraine-forecasting-shd/.venv/lib/python3.13/site-packages/sklearn/metrics/_ranking.py:424: UndefinedMetricWarning: Only one class is present in y_true. ROC AUC score is not defined in that case.
  warnings.warn(
/home/mklemmingen/PycharmProjects/migraine-forecasting-shd/.venv/lib/python3.13/site-packages/sklearn/metrics/_ranking.py:1046: UserWarning: No positive class found in y_true, recall is set to one for all thresholds.
  warnings.warn(
[I 2026-05-15 19:00:38,383] Trial 305 finished with value: 0.6644163763066202 and parameters: {'n_estimators': 165, 'learning_rate': 0.0263506794768714, 'subsample': 0.7229159859705147, 'colsample_bytree': 0.9212103591330654, 'min_child_weight': 6}. Best is trial 27 with value: 0.7207462253193961.
/home/mklemmingen/PycharmProjects/migraine-forecasting-shd/.venv/lib/python3.13/site-packages/sklearn/metrics/_ranking.py:424: UndefinedMetricWarning: Only one class is present in y_true. ROC AUC score is not defined in that case.
  warnings.warn(
/home/mklemmingen/PycharmProjects/migraine-forecasting-shd/.venv/lib/python3.13/site-packages/sklearn/metrics/_ranking.py:1046: UserWarning: No positive class found in y_true, recall is set to one for all thresholds.
  warnings.warn(
[I 2026-05-15 19:00:38,983] Trial 306 finished with value: 0.6986788617886179 and parameters: {'n_estimators': 190, 'learning_rate': 0.0797144407910146, 'subsample': 0.8864602696892774, 'colsample_bytree': 0.7090496002934135, 'min_child_weight': 5}. Best is trial 27 with value: 0.7207462253193961.
/home/mklemmingen/PycharmProjects/migraine-forecasting-shd/.venv/lib/python3.13/site-packages/sklearn/metrics/_ranking.py:424: UndefinedMetricWarning: Only one class is present in y_true. ROC AUC score is not defined in that case.
  warnings.warn(
/home/mklemmingen/PycharmProjects/migraine-forecasting-shd/.venv/lib/python3.13/site-packages/sklearn/metrics/_ranking.py:1046: UserWarning: No positive class found in y_true, recall is set to one for all thresholds.
  warnings.warn(
[I 2026-05-15 19:00:39,561] Trial 307 finished with value: 0.6084494773519163 and parameters: {'n_estimators': 104, 'learning_rate': 0.018517380662798396, 'subsample': 0.8724471415859931, 'colsample_bytree': 0.6725753390782507, 'min_child_weight': 6}. Best is trial 27 with value: 0.7207462253193961.
/home/mklemmingen/PycharmProjects/migraine-forecasting-shd/.venv/lib/python3.13/site-packages/sklearn/metrics/_ranking.py:424: UndefinedMetricWarning: Only one class is present in y_true. ROC AUC score is not defined in that case.
  warnings.warn(
/home/mklemmingen/PycharmProjects/migraine-forecasting-shd/.venv/lib/python3.13/site-packages/sklearn/metrics/_ranking.py:1046: UserWarning: No positive class found in y_true, recall is set to one for all thresholds.
  warnings.warn(
[I 2026-05-15 19:00:40,300] Trial 308 finished with value: 0.663109756097561 and parameters: {'n_estimators': 369, 'learning_rate': 0.014383685371489131, 'subsample': 0.8269248878515614, 'colsample_bytree': 0.7026251134805455, 'min_child_weight': 10}. Best is trial 27 with value: 0.7207462253193961.
/home/mklemmingen/PycharmProjects/migraine-forecasting-shd/.venv/lib/python3.13/site-packages/sklearn/metrics/_ranking.py:424: UndefinedMetricWarning: Only one class is present in y_true. ROC AUC score is not defined in that case.
  warnings.warn(
/home/mklemmingen/PycharmProjects/migraine-forecasting-shd/.venv/lib/python3.13/site-packages/sklearn/metrics/_ranking.py:1046: UserWarning: No positive class found in y_true, recall is set to one for all thresholds.
  warnings.warn(
[I 2026-05-15 19:00:40,901] Trial 309 finished with value: 0.6125145180023229 and parameters: {'n_estimators': 268, 'learning_rate': 0.15507747688843285, 'subsample': 0.8200906168625047, 'colsample_bytree': 0.6173650131419276, 'min_child_weight': 7}. Best is trial 27 with value: 0.7207462253193961.
/home/mklemmingen/PycharmProjects/migraine-forecasting-shd/.venv/lib/python3.13/site-packages/sklearn/metrics/_ranking.py:424: UndefinedMetricWarning: Only one class is present in y_true. ROC AUC score is not defined in that case.
  warnings.warn(
/home/mklemmingen/PycharmProjects/migraine-forecasting-shd/.venv/lib/python3.13/site-packages/sklearn/metrics/_ranking.py:1046: UserWarning: No positive class found in y_true, recall is set to one for all thresholds.
  warnings.warn(
[I 2026-05-15 19:00:41,691] Trial 310 finished with value: 0.6248548199767712 and parameters: {'n_estimators': 479, 'learning_rate': 0.07738443331853193, 'subsample': 0.927675543770716, 'colsample_bytree': 0.9536825853393631, 'min_child_weight': 3}. Best is trial 27 with value: 0.7207462253193961.
/home/mklemmingen/PycharmProjects/migraine-forecasting-shd/.venv/lib/python3.13/site-packages/sklearn/metrics/_ranking.py:424: UndefinedMetricWarning: Only one class is present in y_true. ROC AUC score is not defined in that case.
  warnings.warn(
/home/mklemmingen/PycharmProjects/migraine-forecasting-shd/.venv/lib/python3.13/site-packages/sklearn/metrics/_ranking.py:1046: UserWarning: No positive class found in y_true, recall is set to one for all thresholds.
  warnings.warn(
[I 2026-05-15 19:00:42,158] Trial 311 finished with value: 0.7190040650406504 and parameters: {'n_estimators': 145, 'learning_rate': 0.0798901073742648, 'subsample': 0.7644113879226819, 'colsample_bytree': 0.9359445211466881, 'min_child_weight': 10}. Best is trial 27 with value: 0.7207462253193961.
/home/mklemmingen/PycharmProjects/migraine-forecasting-shd/.venv/lib/python3.13/site-packages/sklearn/metrics/_ranking.py:424: UndefinedMetricWarning: Only one class is present in y_true. ROC AUC score is not defined in that case.
  warnings.warn(
/home/mklemmingen/PycharmProjects/migraine-forecasting-shd/.venv/lib/python3.13/site-packages/sklearn/metrics/_ranking.py:1046: UserWarning: No positive class found in y_true, recall is set to one for all thresholds.
  warnings.warn(
[I 2026-05-15 19:00:42,871] Trial 312 finished with value: 0.67232868757259 and parameters: {'n_estimators': 209, 'learning_rate': 0.022381363321172874, 'subsample': 0.9122102060975448, 'colsample_bytree': 0.7099224142192544, 'min_child_weight': 9}. Best is trial 27 with value: 0.7207462253193961.
/home/mklemmingen/PycharmProjects/migraine-forecasting-shd/.venv/lib/python3.13/site-packages/sklearn/metrics/_ranking.py:424: UndefinedMetricWarning: Only one class is present in y_true. ROC AUC score is not defined in that case.
  warnings.warn(
/home/mklemmingen/PycharmProjects/migraine-forecasting-shd/.venv/lib/python3.13/site-packages/sklearn/metrics/_ranking.py:1046: UserWarning: No positive class found in y_true, recall is set to one for all thresholds.
  warnings.warn(
[I 2026-05-15 19:00:43,547] Trial 313 finished with value: 0.6199912891986062 and parameters: {'n_estimators': 241, 'learning_rate': 0.09683941223364781, 'subsample': 0.6382141255338672, 'colsample_bytree': 0.8495437298706292, 'min_child_weight': 5}. Best is trial 27 with value: 0.7207462253193961.
/home/mklemmingen/PycharmProjects/migraine-forecasting-shd/.venv/lib/python3.13/site-packages/sklearn/metrics/_ranking.py:424: UndefinedMetricWarning: Only one class is present in y_true. ROC AUC score is not defined in that case.
  warnings.warn(
/home/mklemmingen/PycharmProjects/migraine-forecasting-shd/.venv/lib/python3.13/site-packages/sklearn/metrics/_ranking.py:1046: UserWarning: No positive class found in y_true, recall is set to one for all thresholds.
  warnings.warn(
[I 2026-05-15 19:00:44,300] Trial 314 finished with value: 0.6800232288037166 and parameters: {'n_estimators': 314, 'learning_rate': 0.01770831983748908, 'subsample': 0.8947494979776729, 'colsample_bytree': 0.9451188310172914, 'min_child_weight': 3}. Best is trial 27 with value: 0.7207462253193961.
/home/mklemmingen/PycharmProjects/migraine-forecasting-shd/.venv/lib/python3.13/site-packages/sklearn/linear_model/_sag.py:348: ConvergenceWarning: The max_iter was reached which means the coef_ did not converge
  warnings.warn(
/home/mklemmingen/PycharmProjects/migraine-forecasting-shd/.venv/lib/python3.13/site-packages/sklearn/metrics/_ranking.py:424: UndefinedMetricWarning: Only one class is present in y_true. ROC AUC score is not defined in that case.
  warnings.warn(
/home/mklemmingen/PycharmProjects/migraine-forecasting-shd/.venv/lib/python3.13/site-packages/sklearn/metrics/_ranking.py:1046: UserWarning: No positive class found in y_true, recall is set to one for all thresholds.
  warnings.warn(
[I 2026-05-15 19:00:44,925] Trial 315 finished with value: 0.617595818815331 and parameters: {'n_estimators': 93, 'learning_rate': 0.01083719924029523, 'subsample': 0.8567886001773064, 'colsample_bytree': 0.8428376144355123, 'min_child_weight': 6}. Best is trial 27 with value: 0.7207462253193961.
/home/mklemmingen/PycharmProjects/migraine-forecasting-shd/.venv/lib/python3.13/site-packages/sklearn/metrics/_ranking.py:424: UndefinedMetricWarning: Only one class is present in y_true. ROC AUC score is not defined in that case.
  warnings.warn(
/home/mklemmingen/PycharmProjects/migraine-forecasting-shd/.venv/lib/python3.13/site-packages/sklearn/metrics/_ranking.py:1046: UserWarning: No positive class found in y_true, recall is set to one for all thresholds.
  warnings.warn(
[I 2026-05-15 19:00:45,420] Trial 316 finished with value: 0.671239837398374 and parameters: {'n_estimators': 154, 'learning_rate': 0.03779336441896264, 'subsample': 0.8377905340744692, 'colsample_bytree': 0.7987067435436678, 'min_child_weight': 10}. Best is trial 27 with value: 0.7207462253193961.
/home/mklemmingen/PycharmProjects/migraine-forecasting-shd/.venv/lib/python3.13/site-packages/sklearn/metrics/_ranking.py:424: UndefinedMetricWarning: Only one class is present in y_true. ROC AUC score is not defined in that case.
  warnings.warn(
/home/mklemmingen/PycharmProjects/migraine-forecasting-shd/.venv/lib/python3.13/site-packages/sklearn/metrics/_ranking.py:1046: UserWarning: No positive class found in y_true, recall is set to one for all thresholds.
  warnings.warn(
[I 2026-05-15 19:00:45,892] Trial 317 finished with value: 0.6646341463414634 and parameters: {'n_estimators': 111, 'learning_rate': 0.10636844146050517, 'subsample': 0.7617275072417169, 'colsample_bytree': 0.7712798459702459, 'min_child_weight': 8}. Best is trial 27 with value: 0.7207462253193961.
/home/mklemmingen/PycharmProjects/migraine-forecasting-shd/.venv/lib/python3.13/site-packages/sklearn/metrics/_ranking.py:424: UndefinedMetricWarning: Only one class is present in y_true. ROC AUC score is not defined in that case.
  warnings.warn(
/home/mklemmingen/PycharmProjects/migraine-forecasting-shd/.venv/lib/python3.13/site-packages/sklearn/metrics/_ranking.py:1046: UserWarning: No positive class found in y_true, recall is set to one for all thresholds.
  warnings.warn(
[I 2026-05-15 19:00:46,580] Trial 318 finished with value: 0.3554006968641115 and parameters: {'n_estimators': 362, 'learning_rate': 0.29120933806254257, 'subsample': 0.65135771578165, 'colsample_bytree': 0.6416438597536666, 'min_child_weight': 8}. Best is trial 27 with value: 0.7207462253193961.
/home/mklemmingen/PycharmProjects/migraine-forecasting-shd/.venv/lib/python3.13/site-packages/sklearn/metrics/_ranking.py:424: UndefinedMetricWarning: Only one class is present in y_true. ROC AUC score is not defined in that case.
  warnings.warn(
/home/mklemmingen/PycharmProjects/migraine-forecasting-shd/.venv/lib/python3.13/site-packages/sklearn/metrics/_ranking.py:1046: UserWarning: No positive class found in y_true, recall is set to one for all thresholds.
  warnings.warn(
[I 2026-05-15 19:00:47,309] Trial 319 finished with value: 0.6773373983739838 and parameters: {'n_estimators': 310, 'learning_rate': 0.02540788691400217, 'subsample': 0.6317677475955946, 'colsample_bytree': 0.6342632998385722, 'min_child_weight': 9}. Best is trial 27 with value: 0.7207462253193961.
/home/mklemmingen/PycharmProjects/migraine-forecasting-shd/.venv/lib/python3.13/site-packages/sklearn/metrics/_ranking.py:424: UndefinedMetricWarning: Only one class is present in y_true. ROC AUC score is not defined in that case.
  warnings.warn(
/home/mklemmingen/PycharmProjects/migraine-forecasting-shd/.venv/lib/python3.13/site-packages/sklearn/metrics/_ranking.py:1046: UserWarning: No positive class found in y_true, recall is set to one for all thresholds.
  warnings.warn(
[I 2026-05-15 19:00:47,962] Trial 320 finished with value: 0.6422764227642276 and parameters: {'n_estimators': 136, 'learning_rate': 0.030037169658485924, 'subsample': 0.6906625608907953, 'colsample_bytree': 0.741998522332775, 'min_child_weight': 1}. Best is trial 27 with value: 0.7207462253193961.
/home/mklemmingen/PycharmProjects/migraine-forecasting-shd/.venv/lib/python3.13/site-packages/sklearn/metrics/_ranking.py:424: UndefinedMetricWarning: Only one class is present in y_true. ROC AUC score is not defined in that case.
  warnings.warn(
/home/mklemmingen/PycharmProjects/migraine-forecasting-shd/.venv/lib/python3.13/site-packages/sklearn/metrics/_ranking.py:1046: UserWarning: No positive class found in y_true, recall is set to one for all thresholds.
  warnings.warn(
[I 2026-05-15 19:00:48,684] Trial 321 finished with value: 0.6622386759581881 and parameters: {'n_estimators': 284, 'learning_rate': 0.012585542911797537, 'subsample': 0.9201426031289446, 'colsample_bytree': 0.6934848327641732, 'min_child_weight': 6}. Best is trial 27 with value: 0.7207462253193961.
/home/mklemmingen/PycharmProjects/migraine-forecasting-shd/.venv/lib/python3.13/site-packages/sklearn/metrics/_ranking.py:424: UndefinedMetricWarning: Only one class is present in y_true. ROC AUC score is not defined in that case.
  warnings.warn(
/home/mklemmingen/PycharmProjects/migraine-forecasting-shd/.venv/lib/python3.13/site-packages/sklearn/metrics/_ranking.py:1046: UserWarning: No positive class found in y_true, recall is set to one for all thresholds.
  warnings.warn(
[I 2026-05-15 19:00:49,683] Trial 322 finished with value: 0.6355981416957026 and parameters: {'n_estimators': 446, 'learning_rate': 0.09150077995838635, 'subsample': 0.8131831146205342, 'colsample_bytree': 0.7297335012461502, 'min_child_weight': 4}. Best is trial 27 with value: 0.7207462253193961.
/home/mklemmingen/PycharmProjects/migraine-forecasting-shd/.venv/lib/python3.13/site-packages/sklearn/metrics/_ranking.py:424: UndefinedMetricWarning: Only one class is present in y_true. ROC AUC score is not defined in that case.
  warnings.warn(
/home/mklemmingen/PycharmProjects/migraine-forecasting-shd/.venv/lib/python3.13/site-packages/sklearn/metrics/_ranking.py:1046: UserWarning: No positive class found in y_true, recall is set to one for all thresholds.
  warnings.warn(
[I 2026-05-15 19:00:50,473] Trial 323 finished with value: 0.5825348432055749 and parameters: {'n_estimators': 351, 'learning_rate': 0.29407924898517374, 'subsample': 0.8647356759397514, 'colsample_bytree': 0.82311336694801, 'min_child_weight': 8}. Best is trial 27 with value: 0.7207462253193961.
/home/mklemmingen/PycharmProjects/migraine-forecasting-shd/.venv/lib/python3.13/site-packages/sklearn/metrics/_ranking.py:424: UndefinedMetricWarning: Only one class is present in y_true. ROC AUC score is not defined in that case.
  warnings.warn(
/home/mklemmingen/PycharmProjects/migraine-forecasting-shd/.venv/lib/python3.13/site-packages/sklearn/metrics/_ranking.py:1046: UserWarning: No positive class found in y_true, recall is set to one for all thresholds.
  warnings.warn(
[I 2026-05-15 19:00:51,090] Trial 324 finished with value: 0.6541811846689894 and parameters: {'n_estimators': 259, 'learning_rate': 0.01226980138039418, 'subsample': 0.8249187263511639, 'colsample_bytree': 0.9830501138021521, 'min_child_weight': 2}. Best is trial 27 with value: 0.7207462253193961.
/home/mklemmingen/PycharmProjects/migraine-forecasting-shd/.venv/lib/python3.13/site-packages/sklearn/metrics/_ranking.py:424: UndefinedMetricWarning: Only one class is present in y_true. ROC AUC score is not defined in that case.
  warnings.warn(
/home/mklemmingen/PycharmProjects/migraine-forecasting-shd/.venv/lib/python3.13/site-packages/sklearn/metrics/_ranking.py:1046: UserWarning: No positive class found in y_true, recall is set to one for all thresholds.
  warnings.warn(
[I 2026-05-15 19:00:51,870] Trial 325 finished with value: 0.6892421602787456 and parameters: {'n_estimators': 361, 'learning_rate': 0.019806303165826888, 'subsample': 0.8143310737892325, 'colsample_bytree': 0.6386705798586878, 'min_child_weight': 5}. Best is trial 27 with value: 0.7207462253193961.
/home/mklemmingen/PycharmProjects/migraine-forecasting-shd/.venv/lib/python3.13/site-packages/sklearn/metrics/_ranking.py:424: UndefinedMetricWarning: Only one class is present in y_true. ROC AUC score is not defined in that case.
  warnings.warn(
/home/mklemmingen/PycharmProjects/migraine-forecasting-shd/.venv/lib/python3.13/site-packages/sklearn/metrics/_ranking.py:1046: UserWarning: No positive class found in y_true, recall is set to one for all thresholds.
  warnings.warn(
[I 2026-05-15 19:00:52,673] Trial 326 finished with value: 0.6746515679442509 and parameters: {'n_estimators': 391, 'learning_rate': 0.03261409155209172, 'subsample': 0.8659646897948872, 'colsample_bytree': 0.9181799843158917, 'min_child_weight': 10}. Best is trial 27 with value: 0.7207462253193961.
/home/mklemmingen/PycharmProjects/migraine-forecasting-shd/.venv/lib/python3.13/site-packages/sklearn/metrics/_ranking.py:424: UndefinedMetricWarning: Only one class is present in y_true. ROC AUC score is not defined in that case.
  warnings.warn(
/home/mklemmingen/PycharmProjects/migraine-forecasting-shd/.venv/lib/python3.13/site-packages/sklearn/metrics/_ranking.py:1046: UserWarning: No positive class found in y_true, recall is set to one for all thresholds.
  warnings.warn(
[I 2026-05-15 19:00:53,205] Trial 327 finished with value: 0.6652874564459931 and parameters: {'n_estimators': 155, 'learning_rate': 0.03889000747205442, 'subsample': 0.660966405332167, 'colsample_bytree': 0.9969934008633501, 'min_child_weight': 10}. Best is trial 27 with value: 0.7207462253193961.
/home/mklemmingen/PycharmProjects/migraine-forecasting-shd/.venv/lib/python3.13/site-packages/sklearn/metrics/_ranking.py:424: UndefinedMetricWarning: Only one class is present in y_true. ROC AUC score is not defined in that case.
  warnings.warn(
/home/mklemmingen/PycharmProjects/migraine-forecasting-shd/.venv/lib/python3.13/site-packages/sklearn/metrics/_ranking.py:1046: UserWarning: No positive class found in y_true, recall is set to one for all thresholds.
  warnings.warn(
[I 2026-05-15 19:00:53,849] Trial 328 finished with value: 0.6520760743321719 and parameters: {'n_estimators': 293, 'learning_rate': 0.1753013563315513, 'subsample': 0.8083831909088168, 'colsample_bytree': 0.8494342752011039, 'min_child_weight': 1}. Best is trial 27 with value: 0.7207462253193961.
/home/mklemmingen/PycharmProjects/migraine-forecasting-shd/.venv/lib/python3.13/site-packages/sklearn/metrics/_ranking.py:424: UndefinedMetricWarning: Only one class is present in y_true. ROC AUC score is not defined in that case.
  warnings.warn(
/home/mklemmingen/PycharmProjects/migraine-forecasting-shd/.venv/lib/python3.13/site-packages/sklearn/metrics/_ranking.py:1046: UserWarning: No positive class found in y_true, recall is set to one for all thresholds.
  warnings.warn(
[I 2026-05-15 19:00:54,615] Trial 329 finished with value: 0.6722560975609756 and parameters: {'n_estimators': 390, 'learning_rate': 0.015440035736547127, 'subsample': 0.9304270521010114, 'colsample_bytree': 0.9128112350681543, 'min_child_weight': 8}. Best is trial 27 with value: 0.7207462253193961.
/home/mklemmingen/PycharmProjects/migraine-forecasting-shd/.venv/lib/python3.13/site-packages/sklearn/metrics/_ranking.py:424: UndefinedMetricWarning: Only one class is present in y_true. ROC AUC score is not defined in that case.
  warnings.warn(
/home/mklemmingen/PycharmProjects/migraine-forecasting-shd/.venv/lib/python3.13/site-packages/sklearn/metrics/_ranking.py:1046: UserWarning: No positive class found in y_true, recall is set to one for all thresholds.
  warnings.warn(
