[I 2026-05-22 18:04:12,314] Trial 238 finished with values: [0.5592615211691547, 1.9684256194997065] and parameters: {'n_estimators': 415, 'learning_rate': 0.019721610970574007, 'subsample': 0.9866619276174678, 'colsample_bytree': 0.7480634801021777, 'min_child_weight': 1}.
[I 2026-05-22 18:04:13,124] Trial 239 finished with values: [0.5801858967706656, 1.1781237872681576] and parameters: {'n_estimators': 420, 'learning_rate': 0.02516607127550297, 'subsample': 0.9046478461314871, 'colsample_bytree': 0.6709758175118891, 'min_child_weight': 1}.
[I 2026-05-22 18:04:13,781] Trial 240 finished with values: [0.5693517590535235, 1.7414243019454638] and parameters: {'n_estimators': 426, 'learning_rate': 0.030245085073501415, 'subsample': 0.8048372233197124, 'colsample_bytree': 0.7755885682822544, 'min_child_weight': 3}.
[I 2026-05-22 18:04:14,293] Trial 241 finished with values: [0.5560969402140253, 1.2466729744923848] and parameters: {'n_estimators': 64, 'learning_rate': 0.11046009304545999, 'subsample': 0.9022204554172195, 'colsample_bytree': 0.8034282764658811, 'min_child_weight': 1}.
[I 2026-05-22 18:04:15,040] Trial 242 finished with values: [0.5534156719080742, 1.8415327880096477] and parameters: {'n_estimators': 377, 'learning_rate': 0.019462886350651437, 'subsample': 0.9022204554172195, 'colsample_bytree': 0.6282274989601719, 'min_child_weight': 3}.
[I 2026-05-22 18:04:15,811] Trial 243 finished with values: [0.5665702448596439, 1.66603666803869] and parameters: {'n_estimators': 404, 'learning_rate': 0.019721610970574007, 'subsample': 0.9866619276174678, 'colsample_bytree': 0.6325395122567599, 'min_child_weight': 1}.
[I 2026-05-22 18:04:16,294] Trial 244 finished with values: [0.5755449599608778, 0.9144526340747351] and parameters: {'n_estimators': 162, 'learning_rate': 0.040381768820718394, 'subsample': 0.9022204554172195, 'colsample_bytree': 0.6915192661966489, 'min_child_weight': 1}.
[I 2026-05-22 18:04:16,897] Trial 245 finished with values: [0.46110406475633214, 39.872713218775246] and parameters: {'n_estimators': 294, 'learning_rate': 0.040381768820718394, 'subsample': 0.8549719605992826, 'colsample_bytree': 0.836965827544817, 'min_child_weight': 10}.
[I 2026-05-22 18:04:17,344] Trial 246 finished with values: [0.5655162580302144, 1.0316805546046726] and parameters: {'n_estimators': 162, 'learning_rate': 0.040381768820718394, 'subsample': 0.9022204554172195, 'colsample_bytree': 0.6282274989601719, 'min_child_weight': 1}.
[I 2026-05-22 18:04:17,913] Trial 247 finished with values: [0.5550861839795178, 1.4141059336275468] and parameters: {'n_estimators': 162, 'learning_rate': 0.040381768820718394, 'subsample': 0.9022204554172195, 'colsample_bytree': 0.6915192661966489, 'min_child_weight': 9}.
[I 2026-05-22 18:04:18,500] Trial 248 finished with values: [0.5668134412415989, 1.3825036962456203] and parameters: {'n_estimators': 162, 'learning_rate': 0.035714399098231424, 'subsample': 0.8573152873769412, 'colsample_bytree': 0.7482568588267564, 'min_child_weight': 9}.
[I 2026-05-22 18:04:19,234] Trial 249 finished with values: [0.42802174655773484, 13.123851371470181] and parameters: {'n_estimators': 355, 'learning_rate': 0.040381768820718394, 'subsample': 0.6783931449676581, 'colsample_bytree': 0.6180909155642152, 'min_child_weight': 1}.
[I 2026-05-22 18:04:19,782] Trial 250 finished with values: [0.5601253654082265, 2.783834972313704] and parameters: {'n_estimators': 156, 'learning_rate': 0.15870971677383489, 'subsample': 0.8549719605992826, 'colsample_bytree': 0.836965827544817, 'min_child_weight': 2}.
[I 2026-05-22 18:04:20,511] Trial 251 finished with values: [0.5130648515787483, 2.7889644167003453] and parameters: {'n_estimators': 477, 'learning_rate': 0.040381768820718394, 'subsample': 0.9022204554172195, 'colsample_bytree': 0.9944004255291483, 'min_child_weight': 1}.
[I 2026-05-22 18:04:21,046] Trial 252 finished with values: [0.46333747964162625, 5.186587765521569] and parameters: {'n_estimators': 215, 'learning_rate': 0.129667438075127, 'subsample': 0.7505038342123663, 'colsample_bytree': 0.6709758175118891, 'min_child_weight': 1}.
[I 2026-05-22 18:04:21,546] Trial 253 finished with values: [0.5728127560345371, 3.1259957039241213] and parameters: {'n_estimators': 333, 'learning_rate': 0.030245085073501415, 'subsample': 0.8056937753654446, 'colsample_bytree': 0.6693177280283383, 'min_child_weight': 9}.
[I 2026-05-22 18:04:21,935] Trial 254 finished with values: [0.5718131308608069, 1.1298640329634098] and parameters: {'n_estimators': 64, 'learning_rate': 0.040381768820718394, 'subsample': 0.9022204554172195, 'colsample_bytree': 0.7480634801021777, 'min_child_weight': 1}.
[I 2026-05-22 18:04:22,548] Trial 255 finished with values: [0.5606354513623821, 1.3396348505058966] and parameters: {'n_estimators': 215, 'learning_rate': 0.04018584329485903, 'subsample': 0.6334002866794675, 'colsample_bytree': 0.6693177280283383, 'min_child_weight': 1}.
[I 2026-05-22 18:04:23,213] Trial 256 finished with values: [0.5506340534641577, 2.2906792095761324] and parameters: {'n_estimators': 355, 'learning_rate': 0.03058280993112278, 'subsample': 0.8549719605992826, 'colsample_bytree': 0.9652962210225885, 'min_child_weight': 1}.
[I 2026-05-22 18:04:23,875] Trial 257 finished with values: [0.5388413935197229, 3.0030709549379058] and parameters: {'n_estimators': 415, 'learning_rate': 0.040381768820718394, 'subsample': 0.9866619276174678, 'colsample_bytree': 0.9108587663709747, 'min_child_weight': 4}.
[I 2026-05-22 18:04:24,595] Trial 258 finished with values: [0.5597338117462308, 1.7238864425950098] and parameters: {'n_estimators': 301, 'learning_rate': 0.019721610970574007, 'subsample': 0.8313120563984696, 'colsample_bytree': 0.7465447373174767, 'min_child_weight': 1}.
[I 2026-05-22 18:04:25,178] Trial 259 finished with values: [0.5713445174668568, 0.9813618688554518] and parameters: {'n_estimators': 162, 'learning_rate': 0.040381768820718394, 'subsample': 0.9022204554172195, 'colsample_bytree': 0.7696888036987906, 'min_child_weight': 1}.
[I 2026-05-22 18:04:25,784] Trial 260 finished with values: [0.5602055526412932, 1.186705438955887] and parameters: {'n_estimators': 162, 'learning_rate': 0.040381768820718394, 'subsample': 0.9046478461314871, 'colsample_bytree': 0.6915192661966489, 'min_child_weight': 1}.
[I 2026-05-22 18:04:26,429] Trial 261 finished with values: [0.5899881107571348, 1.5275576350804667] and parameters: {'n_estimators': 215, 'learning_rate': 0.040381768820718394, 'subsample': 0.9442922333025374, 'colsample_bytree': 0.6915192661966489, 'min_child_weight': 6}.
[I 2026-05-22 18:04:27,002] Trial 262 finished with values: [0.5174436848407651, 1.003088791316403] and parameters: {'n_estimators': 179, 'learning_rate': 0.16155001304356414, 'subsample': 0.7168578594140873, 'colsample_bytree': 0.9625417540378944, 'min_child_weight': 6}.
[I 2026-05-22 18:04:27,686] Trial 263 finished with values: [0.568436803864454, 2.075562857400503] and parameters: {'n_estimators': 325, 'learning_rate': 0.019721610970574007, 'subsample': 0.9022204554172195, 'colsample_bytree': 0.7465447373174767, 'min_child_weight': 5}.
[I 2026-05-22 18:04:28,114] Trial 264 finished with values: [0.5762919114765548, 1.0048366145715872] and parameters: {'n_estimators': 100, 'learning_rate': 0.040381768820718394, 'subsample': 0.9022204554172195, 'colsample_bytree': 0.6915192661966489, 'min_child_weight': 1}.
[I 2026-05-22 18:04:28,658] Trial 265 finished with values: [0.5600661798189934, 1.4091740195829572] and parameters: {'n_estimators': 215, 'learning_rate': 0.019721610970574007, 'subsample': 0.9659457560881795, 'colsample_bytree': 0.836965827544817, 'min_child_weight': 1}.
[I 2026-05-22 18:04:29,348] Trial 266 finished with values: [0.5675269379726495, 1.4459150407262078] and parameters: {'n_estimators': 415, 'learning_rate': 0.019721610970574007, 'subsample': 0.8549719605992826, 'colsample_bytree': 0.836965827544817, 'min_child_weight': 1}.
[I 2026-05-22 18:04:30,144] Trial 267 finished with values: [0.5822925530881466, 1.1899952536088532] and parameters: {'n_estimators': 415, 'learning_rate': 0.019721610970574007, 'subsample': 0.9659457560881795, 'colsample_bytree': 0.7480634801021777, 'min_child_weight': 1}.
[I 2026-05-22 18:04:30,564] Trial 268 finished with values: [0.5253249070871544, 1.693246850257869] and parameters: {'n_estimators': 64, 'learning_rate': 0.019721610970574007, 'subsample': 0.9866619276174678, 'colsample_bytree': 0.7465447373174767, 'min_child_weight': 4}.
[I 2026-05-22 18:04:31,373] Trial 269 finished with values: [0.4387482982366106, 6.3151938374795105] and parameters: {'n_estimators': 415, 'learning_rate': 0.053415464843459444, 'subsample': 0.8012545034320351, 'colsample_bytree': 0.6163100566219055, 'min_child_weight': 1}.
[I 2026-05-22 18:04:32,188] Trial 270 finished with values: [0.5443297125400001, 1.5938146896403869] and parameters: {'n_estimators': 474, 'learning_rate': 0.040381768820718394, 'subsample': 0.9659457560881795, 'colsample_bytree': 0.7480634801021777, 'min_child_weight': 1}.
[I 2026-05-22 18:04:32,872] Trial 271 finished with values: [0.5563915081710705, 1.4590416914942401] and parameters: {'n_estimators': 426, 'learning_rate': 0.02609752135980675, 'subsample': 0.8048372233197124, 'colsample_bytree': 0.7755885682822544, 'min_child_weight': 1}.
[I 2026-05-22 18:04:33,566] Trial 272 finished with values: [0.5620626628018334, 1.58813899588658] and parameters: {'n_estimators': 415, 'learning_rate': 0.029773579612263783, 'subsample': 0.8048372233197124, 'colsample_bytree': 0.6163100566219055, 'min_child_weight': 1}.
[I 2026-05-22 18:04:34,139] Trial 273 finished with values: [0.5680391563139272, 1.9535550178594001] and parameters: {'n_estimators': 156, 'learning_rate': 0.049234393858490974, 'subsample': 0.6225213102727349, 'colsample_bytree': 0.6475271665072287, 'min_child_weight': 1}.
[I 2026-05-22 18:04:34,621] Trial 274 finished with values: [0.5125537420787742, 2.4246751238044837] and parameters: {'n_estimators': 162, 'learning_rate': 0.030245085073501415, 'subsample': 0.6470104987108419, 'colsample_bytree': 0.6915192661966489, 'min_child_weight': 7}.
[I 2026-05-22 18:04:35,280] Trial 275 finished with values: [0.5640710208116244, 5.498079418392203] and parameters: {'n_estimators': 386, 'learning_rate': 0.25648866468880704, 'subsample': 0.9659457560881795, 'colsample_bytree': 0.7480634801021777, 'min_child_weight': 1}.
[I 2026-05-22 18:04:35,958] Trial 276 finished with values: [0.5376483655726573, 1.9167362124293121] and parameters: {'n_estimators': 377, 'learning_rate': 0.040381768820718394, 'subsample': 0.9046478461314871, 'colsample_bytree': 0.6693177280283383, 'min_child_weight': 1}.
[I 2026-05-22 18:04:36,488] Trial 277 finished with values: [0.5483911897345937, 8.383649887192894] and parameters: {'n_estimators': 103, 'learning_rate': 0.16155001304356414, 'subsample': 0.8333475060388639, 'colsample_bytree': 0.8245108790277985, 'min_child_weight': 6}.
[I 2026-05-22 18:04:36,967] Trial 278 finished with values: [0.5536751692049181, 1.4273371516446478] and parameters: {'n_estimators': 162, 'learning_rate': 0.040381768820718394, 'subsample': 0.9022204554172195, 'colsample_bytree': 0.6915192661966489, 'min_child_weight': 10}.
[I 2026-05-22 18:04:37,785] Trial 279 finished with values: [0.5392592845319955, 4.696164626441352] and parameters: {'n_estimators': 458, 'learning_rate': 0.040381768820718394, 'subsample': 0.7499482318094817, 'colsample_bytree': 0.7142848345127443, 'min_child_weight': 1}.
[I 2026-05-22 18:04:38,275] Trial 280 finished with values: [0.5869269695319789, 1.1642095939348642] and parameters: {'n_estimators': 162, 'learning_rate': 0.040381768820718394, 'subsample': 0.9474396512757841, 'colsample_bytree': 0.7480634801021777, 'min_child_weight': 3}.
[I 2026-05-22 18:04:39,056] Trial 281 finished with values: [0.5621665432251455, 11.79019038499398] and parameters: {'n_estimators': 404, 'learning_rate': 0.26472593204036643, 'subsample': 0.8056937753654446, 'colsample_bytree': 0.836965827544817, 'min_child_weight': 1}.
[I 2026-05-22 18:04:39,733] Trial 282 finished with values: [0.5518592093771961, 2.971026417713227] and parameters: {'n_estimators': 272, 'learning_rate': 0.028180680291847244, 'subsample': 0.6048617898759265, 'colsample_bytree': 0.6915192661966489, 'min_child_weight': 9}.
[I 2026-05-22 18:04:40,321] Trial 283 finished with values: [0.46614393802619614, 0.9891163300251213] and parameters: {'n_estimators': 156, 'learning_rate': 0.08671821512512803, 'subsample': 0.9022204554172195, 'colsample_bytree': 0.9879515306830556, 'min_child_weight': 7}.
[I 2026-05-22 18:04:41,113] Trial 284 finished with values: [0.5580966881184811, 1.4071563053710867] and parameters: {'n_estimators': 420, 'learning_rate': 0.019721610970574007, 'subsample': 0.9046478461314871, 'colsample_bytree': 0.6172639647802304, 'min_child_weight': 1}.
[I 2026-05-22 18:04:41,993] Trial 285 finished with values: [0.4387053377440576, 4.052803979161146] and parameters: {'n_estimators': 415, 'learning_rate': 0.20716979401768126, 'subsample': 0.8110804436345199, 'colsample_bytree': 0.9971859184477201, 'min_child_weight': 6}.
[I 2026-05-22 18:04:42,688] Trial 286 finished with values: [0.559952499892196, 6.141131924367663] and parameters: {'n_estimators': 433, 'learning_rate': 0.2708160864249968, 'subsample': 0.9022204554172195, 'colsample_bytree': 0.6915192661966489, 'min_child_weight': 2}.
[I 2026-05-22 18:04:43,481] Trial 287 finished with values: [0.568188793026241, 2.076974724373758] and parameters: {'n_estimators': 420, 'learning_rate': 0.02516607127550297, 'subsample': 0.8048372233197124, 'colsample_bytree': 0.6163100566219055, 'min_child_weight': 7}.
[I 2026-05-22 18:04:44,239] Trial 288 finished with values: [0.5710692689371376, 2.226450695949899] and parameters: {'n_estimators': 404, 'learning_rate': 0.028869220380495747, 'subsample': 0.9002459006563434, 'colsample_bytree': 0.836965827544817, 'min_child_weight': 1}.
[I 2026-05-22 18:04:44,811] Trial 289 finished with values: [0.5466995907238317, 1.3166564924637372] and parameters: {'n_estimators': 162, 'learning_rate': 0.02609752135980675, 'subsample': 0.6295186258941595, 'colsample_bytree': 0.641249547534373, 'min_child_weight': 1}.
[I 2026-05-22 18:04:45,374] Trial 290 finished with values: [0.5764063969718207, 1.406047671555155] and parameters: {'n_estimators': 156, 'learning_rate': 0.030245085073501415, 'subsample': 0.8985965620472096, 'colsample_bytree': 0.8215417137605283, 'min_child_weight': 9}.
[I 2026-05-22 18:04:46,074] Trial 291 finished with values: [0.5698499225943475, 1.4485709349940916] and parameters: {'n_estimators': 404, 'learning_rate': 0.019721610970574007, 'subsample': 0.8056937753654446, 'colsample_bytree': 0.836965827544817, 'min_child_weight': 1}.
[I 2026-05-22 18:04:46,654] Trial 292 finished with values: [0.569268112614681, 1.2427705970509375] and parameters: {'n_estimators': 162, 'learning_rate': 0.040381768820718394, 'subsample': 0.9659457560881795, 'colsample_bytree': 0.6915192661966489, 'min_child_weight': 1}.
[I 2026-05-22 18:04:47,220] Trial 293 finished with values: [0.5755449599608778, 0.9144526340747351] and parameters: {'n_estimators': 162, 'learning_rate': 0.040381768820718394, 'subsample': 0.9022204554172195, 'colsample_bytree': 0.6915192661966489, 'min_child_weight': 1}.
[I 2026-05-22 18:04:47,953] Trial 294 finished with values: [0.5240464841438064, 2.769629593983382] and parameters: {'n_estimators': 487, 'learning_rate': 0.04018584329485903, 'subsample': 0.9046478461314871, 'colsample_bytree': 0.8092391376680595, 'min_child_weight': 1}.
[I 2026-05-22 18:04:48,402] Trial 295 finished with values: [0.5467392246924743, 1.7722214926628683] and parameters: {'n_estimators': 179, 'learning_rate': 0.040381768820718394, 'subsample': 0.7168578594140873, 'colsample_bytree': 0.7465447373174767, 'min_child_weight': 6}.
[I 2026-05-22 18:04:48,884] Trial 296 finished with values: [0.5465594786739965, 1.9273654549301362] and parameters: {'n_estimators': 64, 'learning_rate': 0.08505465867325865, 'subsample': 0.8549719605992826, 'colsample_bytree': 0.836965827544817, 'min_child_weight': 1}.
[I 2026-05-22 18:04:49,713] Trial 297 finished with values: [0.5695438729173092, 1.9336253244364137] and parameters: {'n_estimators': 404, 'learning_rate': 0.019721610970574007, 'subsample': 0.8056937753654446, 'colsample_bytree': 0.8782994755938469, 'min_child_weight': 5}.
[I 2026-05-22 18:04:50,173] Trial 298 finished with values: [0.5343836714114649, 2.9966962064477882] and parameters: {'n_estimators': 162, 'learning_rate': 0.0845238710259589, 'subsample': 0.9046478461314871, 'colsample_bytree': 0.6915192661966489, 'min_child_weight': 6}.
[I 2026-05-22 18:04:50,758] Trial 299 finished with values: [0.5605988311675388, 3.8826064256516895] and parameters: {'n_estimators': 313, 'learning_rate': 0.21434810637527812, 'subsample': 0.9022204554172195, 'colsample_bytree': 0.6915192661966489, 'min_child_weight': 1}.
[I 2026-05-22 18:04:51,315] Trial 300 finished with values: [0.5155112066420541, 1.9995628827710354] and parameters: {'n_estimators': 100, 'learning_rate': 0.01167158438611932, 'subsample': 0.8985965620472096, 'colsample_bytree': 0.6915192661966489, 'min_child_weight': 2}.
[I 2026-05-22 18:04:51,812] Trial 301 finished with values: [0.563053900586217, 1.201894766851216] and parameters: {'n_estimators': 176, 'learning_rate': 0.019721610970574007, 'subsample': 0.9659457560881795, 'colsample_bytree': 0.7480634801021777, 'min_child_weight': 1}.
[I 2026-05-22 18:04:52,291] Trial 302 finished with values: [0.5739336761264099, 1.7162773171948011] and parameters: {'n_estimators': 156, 'learning_rate': 0.040381768820718394, 'subsample': 0.9801645936306235, 'colsample_bytree': 0.7480634801021777, 'min_child_weight': 9}.
[I 2026-05-22 18:04:53,078] Trial 303 finished with values: [0.5618557833418866, 1.7833117467983146] and parameters: {'n_estimators': 433, 'learning_rate': 0.029385442161128397, 'subsample': 0.9329770563201687, 'colsample_bytree': 0.6027808522124762, 'min_child_weight': 1}.
[I 2026-05-22 18:04:53,634] Trial 304 finished with values: [0.5814795449580654, 1.1937387959386503] and parameters: {'n_estimators': 408, 'learning_rate': 0.019721610970574007, 'subsample': 0.9659457560881795, 'colsample_bytree': 0.7427013306774357, 'min_child_weight': 1}.
[I 2026-05-22 18:04:54,332] Trial 305 finished with values: [0.568496453840216, 5.968853974177234] and parameters: {'n_estimators': 433, 'learning_rate': 0.20655112155089347, 'subsample': 0.9022204554172195, 'colsample_bytree': 0.6915192661966489, 'min_child_weight': 2}.
[I 2026-05-22 18:04:54,821] Trial 306 finished with values: [0.5389582483340133, 1.639407779485992] and parameters: {'n_estimators': 215, 'learning_rate': 0.02516607127550297, 'subsample': 0.7822627011142852, 'colsample_bytree': 0.8480530391206147, 'min_child_weight': 1}.
[I 2026-05-22 18:04:55,217] Trial 307 finished with values: [0.5755449599608778, 0.9144526340747351] and parameters: {'n_estimators': 162, 'learning_rate': 0.040381768820718394, 'subsample': 0.9022204554172195, 'colsample_bytree': 0.6915192661966489, 'min_child_weight': 1}.
[I 2026-05-22 18:04:55,834] Trial 308 finished with values: [0.5790722031018177, 1.07484416565324] and parameters: {'n_estimators': 175, 'learning_rate': 0.040381768820718394, 'subsample': 0.9022204554172195, 'colsample_bytree': 0.6693177280283383, 'min_child_weight': 1}.
[I 2026-05-22 18:04:56,376] Trial 309 finished with values: [0.5635134537042171, 1.181460617282355] and parameters: {'n_estimators': 215, 'learning_rate': 0.019721610970574007, 'subsample': 0.9659457560881795, 'colsample_bytree': 0.6693177280283383, 'min_child_weight': 2}.
[I 2026-05-22 18:04:57,019] Trial 310 finished with values: [0.5522760389345457, 1.4249701421515661] and parameters: {'n_estimators': 215, 'learning_rate': 0.019721610970574007, 'subsample': 0.9046478461314871, 'colsample_bytree': 0.7854793619759929, 'min_child_weight': 1}.
[I 2026-05-22 18:04:57,570] Trial 311 finished with values: [0.5661974656815987, 1.988239767695776] and parameters: {'n_estimators': 272, 'learning_rate': 0.029385442161128397, 'subsample': 0.9442922333025374, 'colsample_bytree': 0.7413408912104211, 'min_child_weight': 1}.
[I 2026-05-22 18:04:58,325] Trial 312 finished with values: [0.4428362928497269, 3.3595300053892823] and parameters: {'n_estimators': 377, 'learning_rate': 0.07279991098092103, 'subsample': 0.6310938547859939, 'colsample_bytree': 0.9594216754108317, 'min_child_weight': 1}.
[I 2026-05-22 18:04:58,906] Trial 313 finished with values: [0.48756578532737593, 2.646051233488214] and parameters: {'n_estimators': 162, 'learning_rate': 0.27497884337724565, 'subsample': 0.9022204554172195, 'colsample_bytree': 0.9944842977918411, 'min_child_weight': 1}.
[I 2026-05-22 18:04:59,495] Trial 314 finished with values: [0.5153203864264555, 10.34753117144793] and parameters: {'n_estimators': 364, 'learning_rate': 0.06192689958760303, 'subsample': 0.9329770563201687, 'colsample_bytree': 0.6849356442713105, 'min_child_weight': 2}.
[I 2026-05-22 18:05:00,245] Trial 315 finished with values: [0.5822925530881466, 1.1899952536088532] and parameters: {'n_estimators': 415, 'learning_rate': 0.019721610970574007, 'subsample': 0.9659457560881795, 'colsample_bytree': 0.7480634801021777, 'min_child_weight': 1}.
[I 2026-05-22 18:05:00,659] Trial 316 finished with values: [0.5385791857219149, 1.4475260135461319] and parameters: {'n_estimators': 64, 'learning_rate': 0.030245085073501415, 'subsample': 0.8056937753654446, 'colsample_bytree': 0.7238110465145311, 'min_child_weight': 9}.
[I 2026-05-22 18:05:01,458] Trial 317 finished with values: [0.5346964120454284, 2.5091035654585268] and parameters: {'n_estimators': 358, 'learning_rate': 0.017386210661369347, 'subsample': 0.9022204554172195, 'colsample_bytree': 0.6915192661966489, 'min_child_weight': 10}.
