[I 2026-05-22 18:06:36,074] Trial 478 finished with values: [0.577867394900562, 1.0752483120349519] and parameters: {'n_estimators': 215, 'learning_rate': 0.04018584329485903, 'subsample': 0.9046478461314871, 'colsample_bytree': 0.6693177280283383, 'min_child_weight': 1}.
[I 2026-05-22 18:06:36,685] Trial 479 finished with values: [0.5365218396719725, 2.5633589175533356] and parameters: {'n_estimators': 179, 'learning_rate': 0.040381768820718394, 'subsample': 0.7168578594140873, 'colsample_bytree': 0.9877881733101476, 'min_child_weight': 1}.
[I 2026-05-22 18:06:37,224] Trial 480 finished with values: [0.45264363404256536, 3.8846146133660597] and parameters: {'n_estimators': 215, 'learning_rate': 0.18987114604724706, 'subsample': 0.9474396512757841, 'colsample_bytree': 0.7586171129285081, 'min_child_weight': 1}.
[I 2026-05-22 18:06:37,909] Trial 481 finished with values: [0.5272892763199357, 5.3222017644256585] and parameters: {'n_estimators': 418, 'learning_rate': 0.040381768820718394, 'subsample': 0.9022204554172195, 'colsample_bytree': 0.7480634801021777, 'min_child_weight': 3}.
[I 2026-05-22 18:06:38,493] Trial 482 finished with values: [0.566203208910914, 1.2517424370179708] and parameters: {'n_estimators': 162, 'learning_rate': 0.02609752135980675, 'subsample': 0.9022204554172195, 'colsample_bytree': 0.7696888036987906, 'min_child_weight': 1}.
[I 2026-05-22 18:06:39,086] Trial 483 finished with values: [0.5329318000996062, 1.9245342450290308] and parameters: {'n_estimators': 175, 'learning_rate': 0.040381768820718394, 'subsample': 0.6683550349560263, 'colsample_bytree': 0.6693177280283383, 'min_child_weight': 1}.
[I 2026-05-22 18:06:39,588] Trial 484 finished with values: [0.5585510097800751, 4.212753484638107] and parameters: {'n_estimators': 214, 'learning_rate': 0.040381768820718394, 'subsample': 0.9022204554172195, 'colsample_bytree': 0.8674572879697724, 'min_child_weight': 10}.
[I 2026-05-22 18:06:40,062] Trial 485 finished with values: [0.5771234287268558, 1.0525010569083455] and parameters: {'n_estimators': 162, 'learning_rate': 0.040381768820718394, 'subsample': 0.9022204554172195, 'colsample_bytree': 0.8227051572055719, 'min_child_weight': 1}.
[I 2026-05-22 18:06:40,673] Trial 486 finished with values: [0.5355224229983163, 1.9875504180837489] and parameters: {'n_estimators': 179, 'learning_rate': 0.040381768820718394, 'subsample': 0.7168578594140873, 'colsample_bytree': 0.6915192661966489, 'min_child_weight': 6}.
[I 2026-05-22 18:06:41,291] Trial 487 finished with values: [0.5596889178893537, 1.234599439623573] and parameters: {'n_estimators': 162, 'learning_rate': 0.02516607127550297, 'subsample': 0.9046478461314871, 'colsample_bytree': 0.6915192661966489, 'min_child_weight': 1}.
[I 2026-05-22 18:06:42,000] Trial 488 finished with values: [0.578716947407278, 0.8616707882659507] and parameters: {'n_estimators': 307, 'learning_rate': 0.04147588661423153, 'subsample': 0.9022204554172195, 'colsample_bytree': 0.7696888036987906, 'min_child_weight': 1}.
[I 2026-05-22 18:06:42,478] Trial 489 finished with values: [0.5760022669644427, 1.1092395510968585] and parameters: {'n_estimators': 176, 'learning_rate': 0.040381768820718394, 'subsample': 0.9022204554172195, 'colsample_bytree': 0.9077971732767748, 'min_child_weight': 1}.
[I 2026-05-22 18:06:42,961] Trial 490 finished with values: [0.5755449599608778, 0.9144526340747351] and parameters: {'n_estimators': 162, 'learning_rate': 0.040381768820718394, 'subsample': 0.9022204554172195, 'colsample_bytree': 0.6748174994230093, 'min_child_weight': 1}.
[I 2026-05-22 18:06:43,502] Trial 491 finished with values: [0.5469703849337846, 1.4489212368420015] and parameters: {'n_estimators': 100, 'learning_rate': 0.040381768820718394, 'subsample': 0.7294716945616975, 'colsample_bytree': 0.6915192661966489, 'min_child_weight': 1}.
[I 2026-05-22 18:06:44,042] Trial 492 finished with values: [0.5481735725208275, 1.8786841670351382] and parameters: {'n_estimators': 215, 'learning_rate': 0.040381768820718394, 'subsample': 0.7701745754465668, 'colsample_bytree': 0.6915192661966489, 'min_child_weight': 3}.
[I 2026-05-22 18:06:44,778] Trial 493 finished with values: [0.45798057253172636, 3.086019355808788] and parameters: {'n_estimators': 415, 'learning_rate': 0.08671821512512803, 'subsample': 0.9022204554172195, 'colsample_bytree': 0.803044151473782, 'min_child_weight': 7}.
[I 2026-05-22 18:06:45,514] Trial 494 finished with values: [0.5134276132759579, 3.3919376399084777] and parameters: {'n_estimators': 415, 'learning_rate': 0.019721610970574007, 'subsample': 0.6969638929660321, 'colsample_bytree': 0.6915192661966489, 'min_child_weight': 1}.
[I 2026-05-22 18:06:46,090] Trial 495 finished with values: [0.5635108758851184, 1.0537105551844508] and parameters: {'n_estimators': 162, 'learning_rate': 0.040381768820718394, 'subsample': 0.9022204554172195, 'colsample_bytree': 0.7465447373174767, 'min_child_weight': 2}.
[I 2026-05-22 18:06:46,603] Trial 496 finished with values: [0.5849501139879383, 0.9196703858967099] and parameters: {'n_estimators': 162, 'learning_rate': 0.040381768820718394, 'subsample': 0.9022204554172195, 'colsample_bytree': 0.7480634801021777, 'min_child_weight': 1}.
[I 2026-05-22 18:06:47,103] Trial 497 finished with values: [0.5545154813674383, 2.173625622033627] and parameters: {'n_estimators': 215, 'learning_rate': 0.040381768820718394, 'subsample': 0.9022204554172195, 'colsample_bytree': 0.7586171129285081, 'min_child_weight': 7}.
[I 2026-05-22 18:06:47,645] Trial 498 finished with values: [0.5696423892023498, 1.3064418827886646] and parameters: {'n_estimators': 156, 'learning_rate': 0.04099573751320915, 'subsample': 0.9474396512757841, 'colsample_bytree': 0.7480634801021777, 'min_child_weight': 3}.
[I 2026-05-22 18:06:48,210] Trial 499 finished with values: [0.5755449599608778, 0.9144526340747351] and parameters: {'n_estimators': 162, 'learning_rate': 0.040381768820718394, 'subsample': 0.9022204554172195, 'colsample_bytree': 0.6915192661966489, 'min_child_weight': 1}.
Building variant 'auroc_max'...
Saved /home/mklemmingen/PycharmProjects/migraine-forecasting-shd/experiment/0/headache/full_features/stacked_2xgb_meta_lr/80_20/patient/HyperparameterTuned/pareto_AUROC_slope/auroc_max/model.joblib

# End capture ------------------------------------------
# Finished: 2026-05-22T18:06:48
