# Training-script output capture
# Generated: 2026-05-22T18:01:34
# UUID:      1935df1c-5f3c-4cd4-a503-6b124ef6b950
# Label:     training
# Leaf:      /home/mklemmingen/PycharmProjects/migraine-forecasting-shd/experiment/0/headache/full_features/stacked_2xgb_meta_lr/80_20/patient/HyperparameterTuned/pareto_AUROC_slope/auroc_max
# Captures stdout/stderr written during the wrapped block
# (library messages, warnings, progress bars, etc.).
# Begin capture ----------------------------------------
Loading train and chronologically subsplitting...
train_sub: (3384, 52), cal_sub: (234, 52)
Running pareto_AUROC_slope search (500 trials)...
[I 2026-05-22 18:01:34,792] A new study created in memory with name: no-name-cfc6847f-6cef-441f-a688-bc7597780ed4
[I 2026-05-22 18:01:36,400] Trial 0 finished with values: [0.43521669554866554, 8.3853252669437] and parameters: {'n_estimators': 218, 'learning_rate': 0.2536999076681772, 'subsample': 0.892797576724562, 'colsample_bytree': 0.8394633936788146, 'min_child_weight': 2}.
[I 2026-05-22 18:01:37,719] Trial 1 finished with values: [0.5216283855791872, 1.8634368390845506] and parameters: {'n_estimators': 120, 'learning_rate': 0.012184186502221764, 'subsample': 0.9464704583099741, 'colsample_bytree': 0.8404460046972835, 'min_child_weight': 8}.
[I 2026-05-22 18:01:39,041] Trial 2 finished with values: [0.44272466949184264, 3.6162553932507584] and parameters: {'n_estimators': 59, 'learning_rate': 0.2708160864249968, 'subsample': 0.9329770563201687, 'colsample_bytree': 0.6849356442713105, 'min_child_weight': 2}.
[I 2026-05-22 18:01:40,495] Trial 3 finished with values: [0.5585201375531853, 1.4682347829915812] and parameters: {'n_estimators': 132, 'learning_rate': 0.028145092716060652, 'subsample': 0.8099025726528951, 'colsample_bytree': 0.7727780074568463, 'min_child_weight': 3}.
[I 2026-05-22 18:01:42,173] Trial 4 finished with values: [0.5479045031751244, 1.6687102237972482] and parameters: {'n_estimators': 325, 'learning_rate': 0.01607123851203988, 'subsample': 0.7168578594140873, 'colsample_bytree': 0.7465447373174767, 'min_child_weight': 5}.
[I 2026-05-22 18:01:43,768] Trial 5 finished with values: [0.5698499225943475, 1.4485709349940916] and parameters: {'n_estimators': 404, 'learning_rate': 0.019721610970574007, 'subsample': 0.8056937753654446, 'colsample_bytree': 0.836965827544817, 'min_child_weight': 1}.
[I 2026-05-22 18:01:45,218] Trial 6 finished with values: [0.5466821714903632, 3.1071811785554373] and parameters: {'n_estimators': 324, 'learning_rate': 0.0178601378893971, 'subsample': 0.6260206371941118, 'colsample_bytree': 0.9795542149013333, 'min_child_weight': 10}.
[I 2026-05-22 18:01:46,686] Trial 7 finished with values: [0.5485772570962288, 5.225904063022638] and parameters: {'n_estimators': 414, 'learning_rate': 0.028180680291847244, 'subsample': 0.6390688456025535, 'colsample_bytree': 0.8736932106048627, 'min_child_weight': 5}.
[I 2026-05-22 18:01:47,125] Trial 8 finished with values: [0.5166948189153163, 2.679635974724918] and parameters: {'n_estimators': 105, 'learning_rate': 0.05388108577817234, 'subsample': 0.6137554084460873, 'colsample_bytree': 0.9637281608315128, 'min_child_weight': 3}.
[I 2026-05-22 18:01:47,749] Trial 9 finished with values: [0.5530449966853227, 2.315440607639136] and parameters: {'n_estimators': 348, 'learning_rate': 0.028869220380495747, 'subsample': 0.8080272084711243, 'colsample_bytree': 0.8186841117373118, 'min_child_weight': 2}.
[I 2026-05-22 18:01:48,519] Trial 10 finished with values: [0.4406232351534916, 5.785671685215016] and parameters: {'n_estimators': 487, 'learning_rate': 0.13962563737015762, 'subsample': 0.9757995766256756, 'colsample_bytree': 0.9579309401710595, 'min_child_weight': 6}.
[I 2026-05-22 18:01:49,235] Trial 11 finished with values: [0.5705125547845793, 1.7582974032751324] and parameters: {'n_estimators': 465, 'learning_rate': 0.01351182947645082, 'subsample': 0.6783931449676581, 'colsample_bytree': 0.6180909155642152, 'min_child_weight': 4}.
[I 2026-05-22 18:01:49,766] Trial 12 finished with values: [0.5643717632140477, 1.6519164204679782] and parameters: {'n_estimators': 225, 'learning_rate': 0.02516607127550297, 'subsample': 0.9314950036607718, 'colsample_bytree': 0.7427013306774357, 'min_child_weight': 3}.
[I 2026-05-22 18:01:50,423] Trial 13 finished with values: [0.5410205557379931, 1.6212359995663683] and parameters: {'n_estimators': 294, 'learning_rate': 0.016149614799999188, 'subsample': 0.9208787923016158, 'colsample_bytree': 0.6298202574719083, 'min_child_weight': 10}.
[I 2026-05-22 18:01:51,179] Trial 14 finished with values: [0.5372404730866682, 17.44950593656492] and parameters: {'n_estimators': 398, 'learning_rate': 0.019657448966046126, 'subsample': 0.602208846849441, 'colsample_bytree': 0.9261845713819337, 'min_child_weight': 8}.
[I 2026-05-22 18:01:51,921] Trial 15 finished with values: [0.4373137324309071, 3.350785259264124] and parameters: {'n_estimators': 378, 'learning_rate': 0.13780336485751998, 'subsample': 0.6296178606936361, 'colsample_bytree': 0.7433862914177091, 'min_child_weight': 2}.
[I 2026-05-22 18:01:52,592] Trial 16 finished with values: [0.4399896129053964, 6.140543326267333] and parameters: {'n_estimators': 439, 'learning_rate': 0.08330803890301997, 'subsample': 0.7323592099410596, 'colsample_bytree': 0.6254233401144095, 'min_child_weight': 4}.
[I 2026-05-22 18:01:53,075] Trial 17 finished with values: [0.4659634622574587, 5.493653334491979] and parameters: {'n_estimators': 196, 'learning_rate': 0.1195960383019184, 'subsample': 0.8550229885420852, 'colsample_bytree': 0.9548850970305306, 'min_child_weight': 5}.
[I 2026-05-22 18:01:53,600] Trial 18 finished with values: [0.5436929154044119, 2.8038515175091248] and parameters: {'n_estimators': 103, 'learning_rate': 0.1131225105716033, 'subsample': 0.9043140194467589, 'colsample_bytree': 0.8245108790277985, 'min_child_weight': 8}.
[I 2026-05-22 18:01:54,178] Trial 19 finished with values: [0.559371419662789, 2.150820024190968] and parameters: {'n_estimators': 272, 'learning_rate': 0.05917520523090666, 'subsample': 0.7710164073434198, 'colsample_bytree': 0.610167650697638, 'min_child_weight': 2}.
[I 2026-05-22 18:01:54,644] Trial 20 finished with values: [0.5576226347680507, 2.223235343264191] and parameters: {'n_estimators': 64, 'learning_rate': 0.08710745900492396, 'subsample': 0.7257423924305306, 'colsample_bytree': 0.8034282764658811, 'min_child_weight': 10}.
[I 2026-05-22 18:01:55,240] Trial 21 finished with values: [0.5755449599608778, 0.9144526340747351] and parameters: {'n_estimators': 162, 'learning_rate': 0.040381768820718394, 'subsample': 0.9022204554172195, 'colsample_bytree': 0.6915192661966489, 'min_child_weight': 1}.
[I 2026-05-22 18:01:55,844] Trial 22 finished with values: [0.5383357618853335, 2.156791907659662] and parameters: {'n_estimators': 180, 'learning_rate': 0.017303875834205888, 'subsample': 0.9718790609370292, 'colsample_bytree': 0.9232481518257668, 'min_child_weight': 7}.
[I 2026-05-22 18:01:56,696] Trial 23 finished with values: [0.44986256528066243, 2.628945201569399] and parameters: {'n_estimators': 443, 'learning_rate': 0.1538583627271404, 'subsample': 0.6746280235544143, 'colsample_bytree': 0.9570235993959911, 'min_child_weight': 6}.
[I 2026-05-22 18:01:57,419] Trial 24 finished with values: [0.5565141915101613, 4.398070669343556] and parameters: {'n_estimators': 414, 'learning_rate': 0.21068591627429098, 'subsample': 0.7272013899887455, 'colsample_bytree': 0.6440207698110707, 'min_child_weight': 3}.
[I 2026-05-22 18:01:58,087] Trial 25 finished with values: [0.5635781455908632, 4.859520680585807] and parameters: {'n_estimators': 242, 'learning_rate': 0.16155001304356414, 'subsample': 0.9442922333025374, 'colsample_bytree': 0.6027808522124762, 'min_child_weight': 6}.
[I 2026-05-22 18:01:58,728] Trial 26 finished with values: [0.5508408097195152, 2.472141354112399] and parameters: {'n_estimators': 238, 'learning_rate': 0.0212853192163843, 'subsample': 0.6479461469334731, 'colsample_bytree': 0.7350460685614512, 'min_child_weight': 10}.
[I 2026-05-22 18:01:59,315] Trial 27 finished with values: [0.5531927568969692, 2.654390569534002] and parameters: {'n_estimators': 195, 'learning_rate': 0.05838706626832953, 'subsample': 0.881207583558071, 'colsample_bytree': 0.7454518409517176, 'min_child_weight': 10}.
[I 2026-05-22 18:02:00,163] Trial 28 finished with values: [0.5590377247713726, 2.039604475935449] and parameters: {'n_estimators': 484, 'learning_rate': 0.023545774516299134, 'subsample': 0.7988994023569542, 'colsample_bytree': 0.7203513239267079, 'min_child_weight': 3}.
[I 2026-05-22 18:02:00,654] Trial 29 finished with values: [0.540718851392046, 2.0750372104345116] and parameters: {'n_estimators': 66, 'learning_rate': 0.07950609693143304, 'subsample': 0.8010716092915446, 'colsample_bytree': 0.6205915004999957, 'min_child_weight': 3}.
[I 2026-05-22 18:02:01,377] Trial 30 finished with values: [0.5578524871452596, 36.528279408605464] and parameters: {'n_estimators': 459, 'learning_rate': 0.022587177280197233, 'subsample': 0.6579579488364892, 'colsample_bytree': 0.7957811041110252, 'min_child_weight': 10}.
[I 2026-05-22 18:02:01,836] Trial 31 finished with values: [0.5283472815144308, 3.622825511174444] and parameters: {'n_estimators': 159, 'learning_rate': 0.09836162684900028, 'subsample': 0.9046478461314871, 'colsample_bytree': 0.6950550175969599, 'min_child_weight': 8}.
[I 2026-05-22 18:02:02,455] Trial 32 finished with values: [0.5609088992096426, 1.5393166396437414] and parameters: {'n_estimators': 215, 'learning_rate': 0.08589984533104164, 'subsample': 0.8534118843043579, 'colsample_bytree': 0.8143098736299034, 'min_child_weight': 1}.
[I 2026-05-22 18:02:03,129] Trial 33 finished with values: [0.547087524066358, 3.6365107096008793] and parameters: {'n_estimators': 426, 'learning_rate': 0.029773579612263783, 'subsample': 0.6746074041599417, 'colsample_bytree': 0.6163100566219055, 'min_child_weight': 6}.
[I 2026-05-22 18:02:03,758] Trial 34 finished with values: [0.5409536888164824, 1.7328947211882735] and parameters: {'n_estimators': 355, 'learning_rate': 0.01058040360169664, 'subsample': 0.8048372233197124, 'colsample_bytree': 0.6905983100791752, 'min_child_weight': 7}.
[I 2026-05-22 18:02:04,235] Trial 35 finished with values: [0.5167895442899175, 4.500690498419042] and parameters: {'n_estimators': 128, 'learning_rate': 0.10485733570643786, 'subsample': 0.7546941385202149, 'colsample_bytree': 0.9746919954946938, 'min_child_weight': 2}.
[I 2026-05-22 18:02:04,860] Trial 36 finished with values: [0.5328249627661515, 1.6039142828923552] and parameters: {'n_estimators': 203, 'learning_rate': 0.01471005003927122, 'subsample': 0.9698774473114251, 'colsample_bytree': 0.9509357413523924, 'min_child_weight': 3}.
[I 2026-05-22 18:02:05,587] Trial 37 finished with values: [0.41778003336948916, 6.922788798554722] and parameters: {'n_estimators': 347, 'learning_rate': 0.16111511355977057, 'subsample': 0.822080324639785, 'colsample_bytree': 0.8118602313424026, 'min_child_weight': 3}.
[I 2026-05-22 18:02:06,102] Trial 38 finished with values: [0.48349707697111943, 6.530307096569781] and parameters: {'n_estimators': 91, 'learning_rate': 0.21149322814164553, 'subsample': 0.9601672228653322, 'colsample_bytree': 0.8532405829093072, 'min_child_weight': 4}.
[I 2026-05-22 18:02:06,722] Trial 39 finished with values: [0.5605950023479951, 14.285522103534799] and parameters: {'n_estimators': 207, 'learning_rate': 0.11812030596598909, 'subsample': 0.9588441039810308, 'colsample_bytree': 0.954834569706047, 'min_child_weight': 8}.
[I 2026-05-22 18:02:07,348] Trial 40 finished with values: [0.555729757367516, 1.6199610550743446] and parameters: {'n_estimators': 339, 'learning_rate': 0.013313275850595153, 'subsample': 0.6646514856378455, 'colsample_bytree': 0.9594216754108317, 'min_child_weight': 7}.
[I 2026-05-22 18:02:07,836] Trial 41 finished with values: [0.4868352010675204, 3.9004295157913376] and parameters: {'n_estimators': 54, 'learning_rate': 0.01412166070620751, 'subsample': 0.8654007076432223, 'colsample_bytree': 0.6020246335384875, 'min_child_weight': 2}.
[I 2026-05-22 18:02:08,412] Trial 42 finished with values: [0.5535035641666086, 1.9435046990993308] and parameters: {'n_estimators': 297, 'learning_rate': 0.10519936117151477, 'subsample': 0.8607845038010402, 'colsample_bytree': 0.689707723784224, 'min_child_weight': 8}.
[I 2026-05-22 18:02:08,887] Trial 43 finished with values: [0.5708683601611326, 1.7541147533572221] and parameters: {'n_estimators': 156, 'learning_rate': 0.030245085073501415, 'subsample': 0.8985965620472096, 'colsample_bytree': 0.8598531596188859, 'min_child_weight': 9}.
[I 2026-05-22 18:02:09,373] Trial 44 finished with values: [0.5613685186685753, 3.184075991486535] and parameters: {'n_estimators': 346, 'learning_rate': 0.06909724267901692, 'subsample': 0.637469907131237, 'colsample_bytree': 0.7470863212237734, 'min_child_weight': 3}.
[I 2026-05-22 18:02:09,923] Trial 45 finished with values: [0.4043309256313406, 3.770997606580142] and parameters: {'n_estimators': 160, 'learning_rate': 0.2736872535680783, 'subsample': 0.7572390898667042, 'colsample_bytree': 0.9568186220708453, 'min_child_weight': 7}.
[I 2026-05-22 18:02:10,736] Trial 46 finished with values: [0.5177880037586877, 8.456756657276117] and parameters: {'n_estimators': 408, 'learning_rate': 0.05526573288655769, 'subsample': 0.8307615538505436, 'colsample_bytree': 0.7970070775275455, 'min_child_weight': 2}.
[I 2026-05-22 18:02:11,464] Trial 47 finished with values: [0.56288080761556, 3.7586357533226704] and parameters: {'n_estimators': 375, 'learning_rate': 0.025985724173338116, 'subsample': 0.6097263865725815, 'colsample_bytree': 0.858188918362867, 'min_child_weight': 2}.
[I 2026-05-22 18:02:12,264] Trial 48 finished with values: [0.5804159860797768, 3.3420001527487906] and parameters: {'n_estimators': 474, 'learning_rate': 0.25648866468880704, 'subsample': 0.9659457560881795, 'colsample_bytree': 0.7480634801021777, 'min_child_weight': 1}.
[I 2026-05-22 18:02:13,084] Trial 49 finished with values: [0.5392802293121725, 4.919278046312533] and parameters: {'n_estimators': 468, 'learning_rate': 0.042902233912047165, 'subsample': 0.9866619276174678, 'colsample_bytree': 0.9854479908357011, 'min_child_weight': 9}.
[I 2026-05-22 18:02:13,691] Trial 50 finished with values: [0.5543715878844397, 2.15106589332843] and parameters: {'n_estimators': 375, 'learning_rate': 0.025985724173338116, 'subsample': 0.8534118843043579, 'colsample_bytree': 0.8143098736299034, 'min_child_weight': 3}.
[I 2026-05-22 18:02:14,287] Trial 51 finished with values: [0.5365355627677626, 3.081257804637895] and parameters: {'n_estimators': 215, 'learning_rate': 0.08589984533104164, 'subsample': 0.8534118843043579, 'colsample_bytree': 0.8143098736299034, 'min_child_weight': 4}.
[I 2026-05-22 18:02:15,217] Trial 52 finished with values: [0.5875548390734825, 3.512698347841026] and parameters: {'n_estimators': 433, 'learning_rate': 0.2708160864249968, 'subsample': 0.9329770563201687, 'colsample_bytree': 0.6849356442713105, 'min_child_weight': 2}.
[I 2026-05-22 18:02:15,870] Trial 53 finished with values: [0.5649051443128524, 1.378758982002085] and parameters: {'n_estimators': 272, 'learning_rate': 0.029385442161128397, 'subsample': 0.9442922333025374, 'colsample_bytree': 0.6027808522124762, 'min_child_weight': 2}.
[I 2026-05-22 18:02:16,601] Trial 54 finished with values: [0.5384614779527757, 1.924815296437068] and parameters: {'n_estimators': 346, 'learning_rate': 0.017797595772834223, 'subsample': 0.7988994023569542, 'colsample_bytree': 0.82272050498334, 'min_child_weight': 3}.
[I 2026-05-22 18:02:17,343] Trial 55 finished with values: [0.4745329953736677, 2.5237303469253614] and parameters: {'n_estimators': 414, 'learning_rate': 0.24144271975982237, 'subsample': 0.7272013899887455, 'colsample_bytree': 0.6440207698110707, 'min_child_weight': 7}.
[I 2026-05-22 18:02:17,730] Trial 56 finished with values: [0.4906400099321854, 3.3308777540932994] and parameters: {'n_estimators': 54, 'learning_rate': 0.013313275850595153, 'subsample': 0.8654007076432223, 'colsample_bytree': 0.9594216754108317, 'min_child_weight': 2}.
[I 2026-05-22 18:02:18,305] Trial 57 finished with values: [0.45860931398263105, 6.192820919838743] and parameters: {'n_estimators': 325, 'learning_rate': 0.06951034928701941, 'subsample': 0.9208787923016158, 'colsample_bytree': 0.6388705975083074, 'min_child_weight': 7}.
[I 2026-05-22 18:02:18,907] Trial 58 finished with values: [0.5191053546136091, 8.129123254381025] and parameters: {'n_estimators': 203, 'learning_rate': 0.11812030596598909, 'subsample': 0.9698774473114251, 'colsample_bytree': 0.9960215400417053, 'min_child_weight': 3}.
[I 2026-05-22 18:02:19,316] Trial 59 finished with values: [0.51023480425397, 2.161803434556966] and parameters: {'n_estimators': 66, 'learning_rate': 0.01610352961694889, 'subsample': 0.8073318609454947, 'colsample_bytree': 0.8598531596188859, 'min_child_weight': 9}.
[I 2026-05-22 18:02:19,837] Trial 60 finished with values: [0.5189846046388423, 9.056362054529782] and parameters: {'n_estimators': 346, 'learning_rate': 0.08589984533104164, 'subsample': 0.8534118843043579, 'colsample_bytree': 0.9509492287711822, 'min_child_weight': 1}.
[I 2026-05-22 18:02:20,365] Trial 61 finished with values: [0.4464170920778975, 5.10285956356741] and parameters: {'n_estimators': 120, 'learning_rate': 0.25648866468880704, 'subsample': 0.8963074471016818, 'colsample_bytree': 0.7480634801021777, 'min_child_weight': 1}.
[I 2026-05-22 18:02:21,034] Trial 62 finished with values: [0.520087844872154, 2.347802437210504] and parameters: {'n_estimators': 439, 'learning_rate': 0.10704755834674413, 'subsample': 0.7168578594140873, 'colsample_bytree': 0.7465447373174767, 'min_child_weight': 8}.
[I 2026-05-22 18:02:21,537] Trial 63 finished with values: [0.4730009463060184, 4.959810274423973] and parameters: {'n_estimators': 215, 'learning_rate': 0.08589984533104164, 'subsample': 0.8534118843043579, 'colsample_bytree': 0.8245108790277985, 'min_child_weight': 8}.
[I 2026-05-22 18:02:22,134] Trial 64 finished with values: [0.4828004497915236, 2.742051687616688] and parameters: {'n_estimators': 474, 'learning_rate': 0.16155001304356414, 'subsample': 0.9659457560881795, 'colsample_bytree': 0.6027808522124762, 'min_child_weight': 1}.
[I 2026-05-22 18:02:22,937] Trial 65 finished with values: [0.5479924617745915, 6.925583528344585] and parameters: {'n_estimators': 443, 'learning_rate': 0.028180680291847244, 'subsample': 0.6390688456025535, 'colsample_bytree': 0.8736932106048627, 'min_child_weight': 5}.
[I 2026-05-22 18:02:23,488] Trial 66 finished with values: [0.5167895442899175, 4.500690498419042] and parameters: {'n_estimators': 128, 'learning_rate': 0.10485733570643786, 'subsample': 0.7546941385202149, 'colsample_bytree': 0.9746919954946938, 'min_child_weight': 2}.
[I 2026-05-22 18:02:24,223] Trial 67 finished with values: [0.546269142320729, 1.8032091559899748] and parameters: {'n_estimators': 465, 'learning_rate': 0.01351182947645082, 'subsample': 0.6783931449676581, 'colsample_bytree': 0.6180909155642152, 'min_child_weight': 1}.
[I 2026-05-22 18:02:24,656] Trial 68 finished with values: [0.5633673188454213, 1.4754022537271732] and parameters: {'n_estimators': 103, 'learning_rate': 0.1131225105716033, 'subsample': 0.8534118843043579, 'colsample_bytree': 0.8245108790277985, 'min_child_weight': 1}.
[I 2026-05-22 18:02:25,388] Trial 69 finished with values: [0.5298332331111386, 1.9104293082719679] and parameters: {'n_estimators': 355, 'learning_rate': 0.01058040360169664, 'subsample': 0.8048372233197124, 'colsample_bytree': 0.6905983100791752, 'min_child_weight': 4}.
[I 2026-05-22 18:02:26,035] Trial 70 finished with values: [0.5381548501618955, 3.006233248207522] and parameters: {'n_estimators': 238, 'learning_rate': 0.16155001304356414, 'subsample': 0.6479461469334731, 'colsample_bytree': 0.6027808522124762, 'min_child_weight': 6}.
[I 2026-05-22 18:02:26,599] Trial 71 finished with values: [0.5752253577790192, 1.6852068150324542] and parameters: {'n_estimators': 272, 'learning_rate': 0.028180680291847244, 'subsample': 0.7710164073434198, 'colsample_bytree': 0.7174367377057973, 'min_child_weight': 9}.
[I 2026-05-22 18:02:27,393] Trial 72 finished with values: [0.5822925530881466, 1.1899952536088532] and parameters: {'n_estimators': 415, 'learning_rate': 0.019721610970574007, 'subsample': 0.9659457560881795, 'colsample_bytree': 0.7480634801021777, 'min_child_weight': 1}.
[I 2026-05-22 18:02:28,118] Trial 73 finished with values: [0.5109872999761647, 3.894555818102026] and parameters: {'n_estimators': 378, 'learning_rate': 0.02516607127550297, 'subsample': 0.6296178606936361, 'colsample_bytree': 0.9468289274320415, 'min_child_weight': 2}.
[I 2026-05-22 18:02:28,886] Trial 74 finished with values: [0.46558994385187774, 5.323470850907581] and parameters: {'n_estimators': 408, 'learning_rate': 0.09836162684900028, 'subsample': 0.9046478461314871, 'colsample_bytree': 0.6950550175969599, 'min_child_weight': 8}.
[I 2026-05-22 18:02:29,480] Trial 75 finished with values: [0.5649397079387825, 1.5222009922251796] and parameters: {'n_estimators': 294, 'learning_rate': 0.040381768820718394, 'subsample': 0.9022204554172195, 'colsample_bytree': 0.9652962210225885, 'min_child_weight': 1}.
[I 2026-05-22 18:02:30,243] Trial 76 finished with values: [0.5554906456915593, 2.364455303726209] and parameters: {'n_estimators': 355, 'learning_rate': 0.01607123851203988, 'subsample': 0.8048372233197124, 'colsample_bytree': 0.7465447373174767, 'min_child_weight': 7}.
[I 2026-05-22 18:02:30,686] Trial 77 finished with values: [0.5497594430394382, 1.7461413903098375] and parameters: {'n_estimators': 280, 'learning_rate': 0.05917520523090666, 'subsample': 0.8006065178748798, 'colsample_bytree': 0.6180909155642152, 'min_child_weight': 8}.
