[I 2026-05-22 18:03:21,275] Trial 158 finished with values: [0.5347917723975282, 1.3849479570479442] and parameters: {'n_estimators': 404, 'learning_rate': 0.040381768820718394, 'subsample': 0.9022204554172195, 'colsample_bytree': 0.836965827544817, 'min_child_weight': 1}.
[I 2026-05-22 18:03:21,857] Trial 159 finished with values: [0.4155949525922956, 4.9908597427429555] and parameters: {'n_estimators': 162, 'learning_rate': 0.2708160864249968, 'subsample': 0.9329770563201687, 'colsample_bytree': 0.6849356442713105, 'min_child_weight': 2}.
[I 2026-05-22 18:03:22,438] Trial 160 finished with values: [0.5612415468620501, 1.4684514613642594] and parameters: {'n_estimators': 162, 'learning_rate': 0.023545774516299134, 'subsample': 0.9022204554172195, 'colsample_bytree': 0.6282274989601719, 'min_child_weight': 3}.
[I 2026-05-22 18:03:23,073] Trial 161 finished with values: [0.5491884750636281, 3.5250208813337265] and parameters: {'n_estimators': 339, 'learning_rate': 0.030245085073501415, 'subsample': 0.8985965620472096, 'colsample_bytree': 0.8598531596188859, 'min_child_weight': 9}.
[I 2026-05-22 18:03:23,552] Trial 162 finished with values: [0.5393936580911534, 1.9328265835752625] and parameters: {'n_estimators': 61, 'learning_rate': 0.07332660227137139, 'subsample': 0.8985965620472096, 'colsample_bytree': 0.8598531596188859, 'min_child_weight': 9}.
[I 2026-05-22 18:03:24,142] Trial 163 finished with values: [0.533187724463361, 25.041806561769768] and parameters: {'n_estimators': 179, 'learning_rate': 0.16155001304356414, 'subsample': 0.8056937753654446, 'colsample_bytree': 0.9760920965699831, 'min_child_weight': 6}.
[I 2026-05-22 18:03:24,779] Trial 164 finished with values: [0.5703538957054197, 1.6756263148857364] and parameters: {'n_estimators': 215, 'learning_rate': 0.040381768820718394, 'subsample': 0.9046478461314871, 'colsample_bytree': 0.6915192661966489, 'min_child_weight': 6}.
[I 2026-05-22 18:03:25,590] Trial 165 finished with values: [0.5222570606891591, 5.798371671761111] and parameters: {'n_estimators': 404, 'learning_rate': 0.16155001304356414, 'subsample': 0.7552679704826087, 'colsample_bytree': 0.7465447373174767, 'min_child_weight': 6}.
[I 2026-05-22 18:03:26,166] Trial 166 finished with values: [0.578349802469873, 1.4810289291109473] and parameters: {'n_estimators': 162, 'learning_rate': 0.040381768820718394, 'subsample': 0.8573152873769412, 'colsample_bytree': 0.7833011561966067, 'min_child_weight': 9}.
[I 2026-05-22 18:03:26,949] Trial 167 finished with values: [0.5803689408812256, 1.5645740804252921] and parameters: {'n_estimators': 415, 'learning_rate': 0.019721610970574007, 'subsample': 0.9866619276174678, 'colsample_bytree': 0.7480634801021777, 'min_child_weight': 4}.
[I 2026-05-22 18:03:27,548] Trial 168 finished with values: [0.5223795070963474, 5.794585806926768] and parameters: {'n_estimators': 296, 'learning_rate': 0.08589984533104164, 'subsample': 0.8534118843043579, 'colsample_bytree': 0.8245108790277985, 'min_child_weight': 1}.
[I 2026-05-22 18:03:28,043] Trial 169 finished with values: [0.42637757183656816, 4.145544253339769] and parameters: {'n_estimators': 162, 'learning_rate': 0.11812030596598909, 'subsample': 0.9022204554172195, 'colsample_bytree': 0.6915192661966489, 'min_child_weight': 1}.
[I 2026-05-22 18:03:28,475] Trial 170 finished with values: [0.4898081088522024, 3.5427141242539135] and parameters: {'n_estimators': 103, 'learning_rate': 0.24584290528289388, 'subsample': 0.9442922333025374, 'colsample_bytree': 0.6180909155642152, 'min_child_weight': 6}.
[I 2026-05-22 18:03:28,847] Trial 171 finished with values: [0.5718131308608069, 1.1298640329634098] and parameters: {'n_estimators': 64, 'learning_rate': 0.040381768820718394, 'subsample': 0.9022204554172195, 'colsample_bytree': 0.7465447373174767, 'min_child_weight': 1}.
[I 2026-05-22 18:03:29,540] Trial 172 finished with values: [0.5639689600253234, 2.397178001266392] and parameters: {'n_estimators': 426, 'learning_rate': 0.019721610970574007, 'subsample': 0.7544410551203097, 'colsample_bytree': 0.9844762255295657, 'min_child_weight': 7}.
[I 2026-05-22 18:03:30,373] Trial 173 finished with values: [0.5606780706729957, 1.3596667828280995] and parameters: {'n_estimators': 458, 'learning_rate': 0.028180680291847244, 'subsample': 0.9659457560881795, 'colsample_bytree': 0.7174367377057973, 'min_child_weight': 1}.
[I 2026-05-22 18:03:30,994] Trial 174 finished with values: [0.5698609257118974, 1.3707554413622254] and parameters: {'n_estimators': 377, 'learning_rate': 0.019462886350651437, 'subsample': 0.9022204554172195, 'colsample_bytree': 0.9594216754108317, 'min_child_weight': 1}.
[I 2026-05-22 18:03:31,571] Trial 175 finished with values: [0.5698007165768457, 1.288505984401705] and parameters: {'n_estimators': 272, 'learning_rate': 0.029385442161128397, 'subsample': 0.9442922333025374, 'colsample_bytree': 0.6027808522124762, 'min_child_weight': 1}.
[I 2026-05-22 18:03:32,306] Trial 176 finished with values: [0.534182089748857, 4.6606549632861585] and parameters: {'n_estimators': 426, 'learning_rate': 0.029773579612263783, 'subsample': 0.8048372233197124, 'colsample_bytree': 0.836965827544817, 'min_child_weight': 7}.
[I 2026-05-22 18:03:33,167] Trial 177 finished with values: [0.4302544601245978, 3.524671383221274] and parameters: {'n_estimators': 484, 'learning_rate': 0.06909724267901692, 'subsample': 0.637469907131237, 'colsample_bytree': 0.7203513239267079, 'min_child_weight': 2}.
[I 2026-05-22 18:03:33,889] Trial 178 finished with values: [0.538409182343266, 1.8603268919730414] and parameters: {'n_estimators': 339, 'learning_rate': 0.010639368372762009, 'subsample': 0.9022204554172195, 'colsample_bytree': 0.6377771843023713, 'min_child_weight': 1}.
[I 2026-05-22 18:03:34,568] Trial 179 finished with values: [0.5048100588017596, 3.0246602892184784] and parameters: {'n_estimators': 294, 'learning_rate': 0.10206664092951903, 'subsample': 0.6284754593840916, 'colsample_bytree': 0.7275902521175045, 'min_child_weight': 1}.
[I 2026-05-22 18:03:35,382] Trial 180 finished with values: [0.5567447641603537, 1.9149543142171026] and parameters: {'n_estimators': 465, 'learning_rate': 0.01351182947645082, 'subsample': 0.9314950036607718, 'colsample_bytree': 0.6180909155642152, 'min_child_weight': 4}.
[I 2026-05-22 18:03:35,869] Trial 181 finished with values: [0.5583645348955676, 1.4217577329831093] and parameters: {'n_estimators': 162, 'learning_rate': 0.040381768820718394, 'subsample': 0.9379501243877818, 'colsample_bytree': 0.6915192661966489, 'min_child_weight': 1}.
[I 2026-05-22 18:03:36,276] Trial 182 finished with values: [0.5475855786185069, 1.9124486175562396] and parameters: {'n_estimators': 60, 'learning_rate': 0.11364355894710455, 'subsample': 0.9659457560881795, 'colsample_bytree': 0.8245108790277985, 'min_child_weight': 6}.
[I 2026-05-22 18:03:36,658] Trial 183 finished with values: [0.5579653330717605, 1.2742247449926851] and parameters: {'n_estimators': 156, 'learning_rate': 0.029385442161128397, 'subsample': 0.8985965620472096, 'colsample_bytree': 0.6027808522124762, 'min_child_weight': 2}.
[I 2026-05-22 18:03:37,341] Trial 184 finished with values: [0.5399485668226152, 2.698326990454521] and parameters: {'n_estimators': 417, 'learning_rate': 0.040381768820718394, 'subsample': 0.9022204554172195, 'colsample_bytree': 0.7480634801021777, 'min_child_weight': 1}.
[I 2026-05-22 18:03:37,917] Trial 185 finished with values: [0.5526558455128178, 1.670783062815191] and parameters: {'n_estimators': 156, 'learning_rate': 0.030245085073501415, 'subsample': 0.9329770563201687, 'colsample_bytree': 0.8245108790277985, 'min_child_weight': 9}.
[I 2026-05-22 18:03:38,552] Trial 186 finished with values: [0.5742883963548501, 1.2675168275607125] and parameters: {'n_estimators': 215, 'learning_rate': 0.02516607127550297, 'subsample': 0.9046478461314871, 'colsample_bytree': 0.7427013306774357, 'min_child_weight': 1}.
[I 2026-05-22 18:03:39,254] Trial 187 finished with values: [0.5355492815987786, 2.349534647557518] and parameters: {'n_estimators': 465, 'learning_rate': 0.01351182947645082, 'subsample': 0.8080272084711243, 'colsample_bytree': 0.7127419099093599, 'min_child_weight': 2}.
[I 2026-05-22 18:03:39,867] Trial 188 finished with values: [0.5582093444994601, 1.4646407114753557] and parameters: {'n_estimators': 294, 'learning_rate': 0.08589984533104164, 'subsample': 0.8786948661456602, 'colsample_bytree': 0.836965827544817, 'min_child_weight': 1}.
[I 2026-05-22 18:03:40,408] Trial 189 finished with values: [0.5575390925792455, 1.5508036691511293] and parameters: {'n_estimators': 156, 'learning_rate': 0.08671821512512803, 'subsample': 0.9659457560881795, 'colsample_bytree': 0.7480634801021777, 'min_child_weight': 1}.
[I 2026-05-22 18:03:41,217] Trial 190 finished with values: [0.5762488846430692, 1.0639718071268647] and parameters: {'n_estimators': 355, 'learning_rate': 0.040381768820718394, 'subsample': 0.8549719605992826, 'colsample_bytree': 0.9652962210225885, 'min_child_weight': 1}.
[I 2026-05-22 18:03:41,789] Trial 191 finished with values: [0.5683234651195962, 1.4524541883349171] and parameters: {'n_estimators': 333, 'learning_rate': 0.19775731712985178, 'subsample': 0.8056937753654446, 'colsample_bytree': 0.6693177280283383, 'min_child_weight': 1}.
[I 2026-05-22 18:03:42,285] Trial 192 finished with values: [0.4360907373368191, 11.437474922433484] and parameters: {'n_estimators': 156, 'learning_rate': 0.1218397677644799, 'subsample': 0.8985965620472096, 'colsample_bytree': 0.6180909155642152, 'min_child_weight': 4}.
[I 2026-05-22 18:03:42,921] Trial 193 finished with values: [0.5522966141009548, 3.6640701533339355] and parameters: {'n_estimators': 339, 'learning_rate': 0.029385442161128397, 'subsample': 0.6646514856378455, 'colsample_bytree': 0.9594216754108317, 'min_child_weight': 7}.
[I 2026-05-22 18:03:43,800] Trial 194 finished with values: [0.5059939506546666, 3.1800407073627843] and parameters: {'n_estimators': 490, 'learning_rate': 0.040381768820718394, 'subsample': 0.9022204554172195, 'colsample_bytree': 0.9213923721539394, 'min_child_weight': 1}.
[I 2026-05-22 18:03:44,319] Trial 195 finished with values: [0.5778476300412594, 1.1075696193641185] and parameters: {'n_estimators': 215, 'learning_rate': 0.02609752135980675, 'subsample': 0.9659457560881795, 'colsample_bytree': 0.6709758175118891, 'min_child_weight': 1}.
[I 2026-05-22 18:03:44,866] Trial 196 finished with values: [0.5710692689371376, 2.226450695949899] and parameters: {'n_estimators': 404, 'learning_rate': 0.028869220380495747, 'subsample': 0.9002459006563434, 'colsample_bytree': 0.836965827544817, 'min_child_weight': 1}.
[I 2026-05-22 18:03:45,584] Trial 197 finished with values: [0.4558007895518717, 3.529160526568417] and parameters: {'n_estimators': 413, 'learning_rate': 0.16155001304356414, 'subsample': 0.7168578594140873, 'colsample_bytree': 0.7465447373174767, 'min_child_weight': 6}.
[I 2026-05-22 18:03:46,258] Trial 198 finished with values: [0.5295532743751987, 23.165097749165277] and parameters: {'n_estimators': 272, 'learning_rate': 0.05917520523090666, 'subsample': 0.7710164073434198, 'colsample_bytree': 0.8245108790277985, 'min_child_weight': 6}.
[I 2026-05-22 18:03:47,082] Trial 199 finished with values: [0.5553350762044078, 2.3155867803994505] and parameters: {'n_estimators': 496, 'learning_rate': 0.01351182947645082, 'subsample': 0.6783931449676581, 'colsample_bytree': 0.7727780074568463, 'min_child_weight': 4}.
[I 2026-05-22 18:03:47,498] Trial 200 finished with values: [0.5068389445915791, 2.4851946626648287] and parameters: {'n_estimators': 103, 'learning_rate': 0.019721610970574007, 'subsample': 0.7650470707645706, 'colsample_bytree': 0.8245108790277985, 'min_child_weight': 4}.
[I 2026-05-22 18:03:48,064] Trial 201 finished with values: [0.5372944366967711, 1.6010293985869677] and parameters: {'n_estimators': 162, 'learning_rate': 0.01351182947645082, 'subsample': 0.9022204554172195, 'colsample_bytree': 0.9105651842967988, 'min_child_weight': 4}.
[I 2026-05-22 18:03:48,562] Trial 202 finished with values: [0.5567100962843865, 2.663190103248818] and parameters: {'n_estimators': 203, 'learning_rate': 0.040381768820718394, 'subsample': 0.8985965620472096, 'colsample_bytree': 0.8598531596188859, 'min_child_weight': 10}.
[I 2026-05-22 18:03:49,147] Trial 203 finished with values: [0.5264109887120902, 1.9603075913307701] and parameters: {'n_estimators': 128, 'learning_rate': 0.01607123851203988, 'subsample': 0.8125418526272592, 'colsample_bytree': 0.8736932106048627, 'min_child_weight': 1}.
[I 2026-05-22 18:03:49,970] Trial 204 finished with values: [0.5510149546678191, 2.1452904670837722] and parameters: {'n_estimators': 437, 'learning_rate': 0.01607123851203988, 'subsample': 0.9314950036607718, 'colsample_bytree': 0.7427013306774357, 'min_child_weight': 9}.
[I 2026-05-22 18:03:50,718] Trial 205 finished with values: [0.4813420202046049, 4.907515786497256] and parameters: {'n_estimators': 465, 'learning_rate': 0.11364355894710455, 'subsample': 0.9442922333025374, 'colsample_bytree': 0.6180909155642152, 'min_child_weight': 6}.
[I 2026-05-22 18:03:51,250] Trial 206 finished with values: [0.49333076499151074, 11.007994979229327] and parameters: {'n_estimators': 243, 'learning_rate': 0.12856643861355183, 'subsample': 0.9018171496338729, 'colsample_bytree': 0.8245108790277985, 'min_child_weight': 2}.
[I 2026-05-22 18:03:51,853] Trial 207 finished with values: [0.5690198364127372, 1.3293794216621322] and parameters: {'n_estimators': 162, 'learning_rate': 0.040381768820718394, 'subsample': 0.8573152873769412, 'colsample_bytree': 0.641249547534373, 'min_child_weight': 1}.
[I 2026-05-22 18:03:52,711] Trial 208 finished with values: [0.5598568836536415, 1.8805351081909065] and parameters: {'n_estimators': 457, 'learning_rate': 0.028869220380495747, 'subsample': 0.9002459006563434, 'colsample_bytree': 0.8021009489791429, 'min_child_weight': 1}.
[I 2026-05-22 18:03:53,495] Trial 209 finished with values: [0.5553393883650325, 1.3223974189860204] and parameters: {'n_estimators': 422, 'learning_rate': 0.040381768820718394, 'subsample': 0.9022204554172195, 'colsample_bytree': 0.6915192661966489, 'min_child_weight': 1}.
[I 2026-05-22 18:03:54,189] Trial 210 finished with values: [0.5567956334398105, 1.85749363179892] and parameters: {'n_estimators': 415, 'learning_rate': 0.019721610970574007, 'subsample': 0.9866619276174678, 'colsample_bytree': 0.6163100566219055, 'min_child_weight': 4}.
[I 2026-05-22 18:03:54,775] Trial 211 finished with values: [0.537049581791499, 2.067826657157158] and parameters: {'n_estimators': 194, 'learning_rate': 0.019721610970574007, 'subsample': 0.8056937753654446, 'colsample_bytree': 0.836965827544817, 'min_child_weight': 9}.
[I 2026-05-22 18:03:55,479] Trial 212 finished with values: [0.5640569186247903, 1.2090823746757633] and parameters: {'n_estimators': 225, 'learning_rate': 0.019721610970574007, 'subsample': 0.8549719605992826, 'colsample_bytree': 0.836965827544817, 'min_child_weight': 1}.
[I 2026-05-22 18:03:56,348] Trial 213 finished with values: [0.5375684247487692, 11.282176894396507] and parameters: {'n_estimators': 404, 'learning_rate': 0.028180680291847244, 'subsample': 0.6043350605921193, 'colsample_bytree': 0.836965827544817, 'min_child_weight': 1}.
[I 2026-05-22 18:03:56,839] Trial 214 finished with values: [0.5183444430702393, 3.9369702228897325] and parameters: {'n_estimators': 162, 'learning_rate': 0.21744977418953557, 'subsample': 0.8573152873769412, 'colsample_bytree': 0.6915192661966489, 'min_child_weight': 1}.
[I 2026-05-22 18:03:57,499] Trial 215 finished with values: [0.5558059357127931, 1.4865693211999278] and parameters: {'n_estimators': 272, 'learning_rate': 0.029625450352016573, 'subsample': 0.9442922333025374, 'colsample_bytree': 0.6163100566219055, 'min_child_weight': 2}.
[I 2026-05-22 18:03:58,239] Trial 216 finished with values: [0.43205763510686346, 5.163405005333152] and parameters: {'n_estimators': 478, 'learning_rate': 0.2708160864249968, 'subsample': 0.9329770563201687, 'colsample_bytree': 0.6849356442713105, 'min_child_weight': 10}.
[I 2026-05-22 18:03:58,908] Trial 217 finished with values: [0.5477901219298956, 1.7612976422571087] and parameters: {'n_estimators': 415, 'learning_rate': 0.023422815835049925, 'subsample': 0.8196906658824482, 'colsample_bytree': 0.8245108790277985, 'min_child_weight': 1}.
[I 2026-05-22 18:03:59,521] Trial 218 finished with values: [0.5573738467931978, 1.4503412270419858] and parameters: {'n_estimators': 308, 'learning_rate': 0.02609752135980675, 'subsample': 0.8527348848679197, 'colsample_bytree': 0.7793782087913279, 'min_child_weight': 1}.
[I 2026-05-22 18:04:00,031] Trial 219 finished with values: [0.5735228314689162, 1.1601042441082092] and parameters: {'n_estimators': 182, 'learning_rate': 0.03058280993112278, 'subsample': 0.9022204554172195, 'colsample_bytree': 0.6915192661966489, 'min_child_weight': 1}.
[I 2026-05-22 18:04:00,704] Trial 220 finished with values: [0.5505377548617242, 1.39263294441218] and parameters: {'n_estimators': 333, 'learning_rate': 0.19775731712985178, 'subsample': 0.8690073824308153, 'colsample_bytree': 0.6693177280283383, 'min_child_weight': 1}.
[I 2026-05-22 18:04:01,274] Trial 221 finished with values: [0.5532297467055804, 1.340036151113043] and parameters: {'n_estimators': 156, 'learning_rate': 0.029385442161128397, 'subsample': 0.900949811775072, 'colsample_bytree': 0.9166316174903394, 'min_child_weight': 2}.
[I 2026-05-22 18:04:01,840] Trial 222 finished with values: [0.5199456383443009, 6.194450411800738] and parameters: {'n_estimators': 272, 'learning_rate': 0.1466769064893309, 'subsample': 0.6364824412194762, 'colsample_bytree': 0.6027808522124762, 'min_child_weight': 5}.
[I 2026-05-22 18:04:02,207] Trial 223 finished with values: [0.5396512078077591, 1.3358013387026797] and parameters: {'n_estimators': 64, 'learning_rate': 0.040381768820718394, 'subsample': 0.9002459006563434, 'colsample_bytree': 0.7465447373174767, 'min_child_weight': 1}.
[I 2026-05-22 18:04:02,971] Trial 224 finished with values: [0.5822925530881466, 1.1899952536088532] and parameters: {'n_estimators': 415, 'learning_rate': 0.019721610970574007, 'subsample': 0.9659457560881795, 'colsample_bytree': 0.7480634801021777, 'min_child_weight': 1}.
[I 2026-05-22 18:04:03,416] Trial 225 finished with values: [0.5477431241177249, 2.182090740155133] and parameters: {'n_estimators': 156, 'learning_rate': 0.030245085073501415, 'subsample': 0.6230235040066577, 'colsample_bytree': 0.8198115529294943, 'min_child_weight': 5}.
[I 2026-05-22 18:04:03,954] Trial 226 finished with values: [0.4556565169778294, 8.041083943784319] and parameters: {'n_estimators': 355, 'learning_rate': 0.20476075218575424, 'subsample': 0.8549719605992826, 'colsample_bytree': 0.836965827544817, 'min_child_weight': 4}.
[I 2026-05-22 18:04:04,523] Trial 227 finished with values: [0.5427344974271565, 2.0646267651753947] and parameters: {'n_estimators': 272, 'learning_rate': 0.019721610970574007, 'subsample': 0.7710164073434198, 'colsample_bytree': 0.6468268065710423, 'min_child_weight': 9}.
[I 2026-05-22 18:04:05,299] Trial 228 finished with values: [0.5566118074539725, 1.6877022055178894] and parameters: {'n_estimators': 404, 'learning_rate': 0.019721610970574007, 'subsample': 0.8056937753654446, 'colsample_bytree': 0.6571966728211344, 'min_child_weight': 1}.
[I 2026-05-22 18:04:06,063] Trial 229 finished with values: [0.5561861829844037, 1.6669181323655977] and parameters: {'n_estimators': 415, 'learning_rate': 0.019721610970574007, 'subsample': 0.9659457560881795, 'colsample_bytree': 0.6163100566219055, 'min_child_weight': 1}.
[I 2026-05-22 18:04:06,695] Trial 230 finished with values: [0.5501430642213399, 1.5151259136449167] and parameters: {'n_estimators': 215, 'learning_rate': 0.01351182947645082, 'subsample': 0.9046042526869889, 'colsample_bytree': 0.7427013306774357, 'min_child_weight': 4}.
[I 2026-05-22 18:04:07,414] Trial 231 finished with values: [0.5545865893700028, 2.137650943348805] and parameters: {'n_estimators': 328, 'learning_rate': 0.040381768820718394, 'subsample': 0.8573152873769412, 'colsample_bytree': 0.7727780074568463, 'min_child_weight': 3}.
[I 2026-05-22 18:04:07,995] Trial 232 finished with values: [0.5374796890126621, 2.1640153240511304] and parameters: {'n_estimators': 333, 'learning_rate': 0.014104914380026676, 'subsample': 0.8099025726528951, 'colsample_bytree': 0.6693177280283383, 'min_child_weight': 1}.
[I 2026-05-22 18:04:08,809] Trial 233 finished with values: [0.5821356567823416, 1.2745346517666287] and parameters: {'n_estimators': 366, 'learning_rate': 0.019721610970574007, 'subsample': 0.9659457560881795, 'colsample_bytree': 0.7480634801021777, 'min_child_weight': 1}.
[I 2026-05-22 18:04:09,336] Trial 234 finished with values: [0.567780692040178, 1.1881275689211872] and parameters: {'n_estimators': 215, 'learning_rate': 0.02609752135980675, 'subsample': 0.9046478461314871, 'colsample_bytree': 0.6709758175118891, 'min_child_weight': 1}.
[I 2026-05-22 18:04:10,061] Trial 235 finished with values: [0.55323975470914, 1.7959050984554836] and parameters: {'n_estimators': 465, 'learning_rate': 0.01351182947645082, 'subsample': 0.8786948661456602, 'colsample_bytree': 0.6180909155642152, 'min_child_weight': 1}.
[I 2026-05-22 18:04:10,715] Trial 236 finished with values: [0.5709570958972399, 1.3639728888441607] and parameters: {'n_estimators': 408, 'learning_rate': 0.01607123851203988, 'subsample': 0.9022204554172195, 'colsample_bytree': 0.7427013306774357, 'min_child_weight': 1}.
[I 2026-05-22 18:04:11,553] Trial 237 finished with values: [0.426040133421093, 3.270350931570641] and parameters: {'n_estimators': 415, 'learning_rate': 0.08671821512512803, 'subsample': 0.6646514856378455, 'colsample_bytree': 0.7480634801021777, 'min_child_weight': 1}.
