# Training-script output capture
# Generated: 2026-05-15T16:51:25
# UUID:      d53ceb2a-2abb-40b8-92d7-0c1b4774fcd0
# Label:     training
# Leaf:      /home/mklemmingen/PycharmProjects/migraine-forecasting-shd/experiment/0/headache/full_features/stacked_2xgb_meta_lr/70_30/stratified/HyperparameterTuned/single_AUROC/HP020
# Captures stdout/stderr written during the wrapped block
# (library messages, warnings, progress bars, etc.).
# Begin capture ----------------------------------------
Loading train and chronologically subsplitting...
train_sub: (2997, 52), cal_sub: (164, 52)
Running single_AUROC search (500 trials)...
[I 2026-05-15 16:51:25,367] A new study created in memory with name: no-name-9f6b6c51-eddb-426e-a35d-eca188461159
[I 2026-05-15 16:51:27,053] Trial 0 finished with value: 0.5327865961199294 and parameters: {'n_estimators': 218, 'learning_rate': 0.2536999076681772, 'subsample': 0.892797576724562, 'colsample_bytree': 0.8394633936788146, 'min_child_weight': 2}. Best is trial 0 with value: 0.5327865961199294.
[I 2026-05-15 16:51:28,368] Trial 1 finished with value: 0.43261022927689596 and parameters: {'n_estimators': 120, 'learning_rate': 0.012184186502221764, 'subsample': 0.9464704583099741, 'colsample_bytree': 0.8404460046972835, 'min_child_weight': 8}. Best is trial 0 with value: 0.5327865961199294.
[I 2026-05-15 16:51:29,593] Trial 2 finished with value: 0.4223633156966491 and parameters: {'n_estimators': 59, 'learning_rate': 0.2708160864249968, 'subsample': 0.9329770563201687, 'colsample_bytree': 0.6849356442713105, 'min_child_weight': 2}. Best is trial 0 with value: 0.5327865961199294.
[I 2026-05-15 16:51:31,038] Trial 3 finished with value: 0.4701410934744268 and parameters: {'n_estimators': 132, 'learning_rate': 0.028145092716060652, 'subsample': 0.8099025726528951, 'colsample_bytree': 0.7727780074568463, 'min_child_weight': 3}. Best is trial 0 with value: 0.5327865961199294.
[I 2026-05-15 16:51:32,749] Trial 4 finished with value: 0.47811287477954145 and parameters: {'n_estimators': 325, 'learning_rate': 0.01607123851203988, 'subsample': 0.7168578594140873, 'colsample_bytree': 0.7465447373174767, 'min_child_weight': 5}. Best is trial 0 with value: 0.5327865961199294.
[I 2026-05-15 16:51:34,405] Trial 5 finished with value: 0.4897707231040564 and parameters: {'n_estimators': 404, 'learning_rate': 0.019721610970574007, 'subsample': 0.8056937753654446, 'colsample_bytree': 0.836965827544817, 'min_child_weight': 1}. Best is trial 0 with value: 0.5327865961199294.
[I 2026-05-15 16:51:35,909] Trial 6 finished with value: 0.4549029982363316 and parameters: {'n_estimators': 324, 'learning_rate': 0.0178601378893971, 'subsample': 0.6260206371941118, 'colsample_bytree': 0.9795542149013333, 'min_child_weight': 10}. Best is trial 0 with value: 0.5327865961199294.
[I 2026-05-15 16:51:37,614] Trial 7 finished with value: 0.48917107583774255 and parameters: {'n_estimators': 414, 'learning_rate': 0.028180680291847244, 'subsample': 0.6390688456025535, 'colsample_bytree': 0.8736932106048627, 'min_child_weight': 5}. Best is trial 0 with value: 0.5327865961199294.
[I 2026-05-15 16:51:38,065] Trial 8 finished with value: 0.4460493827160493 and parameters: {'n_estimators': 105, 'learning_rate': 0.05388108577817234, 'subsample': 0.6137554084460873, 'colsample_bytree': 0.9637281608315128, 'min_child_weight': 3}. Best is trial 0 with value: 0.5327865961199294.
[I 2026-05-15 16:51:38,847] Trial 9 finished with value: 0.5283597883597884 and parameters: {'n_estimators': 348, 'learning_rate': 0.028869220380495747, 'subsample': 0.8080272084711243, 'colsample_bytree': 0.8186841117373118, 'min_child_weight': 2}. Best is trial 0 with value: 0.5327865961199294.
[I 2026-05-15 16:51:39,556] Trial 10 finished with value: 0.4946031746031746 and parameters: {'n_estimators': 487, 'learning_rate': 0.13962563737015762, 'subsample': 0.9757995766256756, 'colsample_bytree': 0.9579309401710595, 'min_child_weight': 6}. Best is trial 0 with value: 0.5327865961199294.
[I 2026-05-15 16:51:40,397] Trial 11 finished with value: 0.46142857142857147 and parameters: {'n_estimators': 465, 'learning_rate': 0.01351182947645082, 'subsample': 0.6783931449676581, 'colsample_bytree': 0.6180909155642152, 'min_child_weight': 4}. Best is trial 0 with value: 0.5327865961199294.
[I 2026-05-15 16:51:40,911] Trial 12 finished with value: 0.4848236331569665 and parameters: {'n_estimators': 225, 'learning_rate': 0.02516607127550297, 'subsample': 0.9314950036607718, 'colsample_bytree': 0.7427013306774357, 'min_child_weight': 3}. Best is trial 0 with value: 0.5327865961199294.
[I 2026-05-15 16:51:41,460] Trial 13 finished with value: 0.48568783068783067 and parameters: {'n_estimators': 294, 'learning_rate': 0.016149614799999188, 'subsample': 0.9208787923016158, 'colsample_bytree': 0.6298202574719083, 'min_child_weight': 10}. Best is trial 0 with value: 0.5327865961199294.
[I 2026-05-15 16:51:42,212] Trial 14 finished with value: 0.46183421516754847 and parameters: {'n_estimators': 398, 'learning_rate': 0.019657448966046126, 'subsample': 0.602208846849441, 'colsample_bytree': 0.9261845713819337, 'min_child_weight': 8}. Best is trial 0 with value: 0.5327865961199294.
[I 2026-05-15 16:51:42,988] Trial 15 finished with value: 0.40241622574955904 and parameters: {'n_estimators': 378, 'learning_rate': 0.13780336485751998, 'subsample': 0.6296178606936361, 'colsample_bytree': 0.7433862914177091, 'min_child_weight': 2}. Best is trial 0 with value: 0.5327865961199294.
[I 2026-05-15 16:51:43,696] Trial 16 finished with value: 0.4484479717813052 and parameters: {'n_estimators': 439, 'learning_rate': 0.08330803890301997, 'subsample': 0.7323592099410596, 'colsample_bytree': 0.6254233401144095, 'min_child_weight': 4}. Best is trial 0 with value: 0.5327865961199294.
[I 2026-05-15 16:51:44,307] Trial 17 finished with value: 0.4884832451499118 and parameters: {'n_estimators': 196, 'learning_rate': 0.1195960383019184, 'subsample': 0.8550229885420852, 'colsample_bytree': 0.9548850970305306, 'min_child_weight': 5}. Best is trial 0 with value: 0.5327865961199294.
[I 2026-05-15 16:51:44,811] Trial 18 finished with value: 0.4947971781305115 and parameters: {'n_estimators': 103, 'learning_rate': 0.1131225105716033, 'subsample': 0.9043140194467589, 'colsample_bytree': 0.8245108790277985, 'min_child_weight': 8}. Best is trial 0 with value: 0.5327865961199294.
[I 2026-05-15 16:51:45,458] Trial 19 finished with value: 0.4675661375661376 and parameters: {'n_estimators': 272, 'learning_rate': 0.05917520523090666, 'subsample': 0.7710164073434198, 'colsample_bytree': 0.610167650697638, 'min_child_weight': 2}. Best is trial 0 with value: 0.5327865961199294.
[I 2026-05-15 16:51:45,938] Trial 20 finished with value: 0.4697707231040565 and parameters: {'n_estimators': 64, 'learning_rate': 0.08710745900492396, 'subsample': 0.7257423924305306, 'colsample_bytree': 0.8034282764658811, 'min_child_weight': 10}. Best is trial 0 with value: 0.5327865961199294.
[I 2026-05-15 16:51:46,423] Trial 21 finished with value: 0.5507760141093474 and parameters: {'n_estimators': 162, 'learning_rate': 0.040381768820718394, 'subsample': 0.9022204554172195, 'colsample_bytree': 0.6915192661966489, 'min_child_weight': 1}. Best is trial 21 with value: 0.5507760141093474.
[I 2026-05-15 16:51:47,043] Trial 22 finished with value: 0.45254850088183424 and parameters: {'n_estimators': 180, 'learning_rate': 0.017303875834205888, 'subsample': 0.9718790609370292, 'colsample_bytree': 0.9232481518257668, 'min_child_weight': 7}. Best is trial 21 with value: 0.5507760141093474.
[I 2026-05-15 16:51:47,835] Trial 23 finished with value: 0.5608112874779542 and parameters: {'n_estimators': 443, 'learning_rate': 0.1538583627271404, 'subsample': 0.6746280235544143, 'colsample_bytree': 0.9570235993959911, 'min_child_weight': 6}. Best is trial 23 with value: 0.5608112874779542.
[I 2026-05-15 16:51:48,667] Trial 24 finished with value: 0.5759611992945326 and parameters: {'n_estimators': 414, 'learning_rate': 0.21068591627429098, 'subsample': 0.7272013899887455, 'colsample_bytree': 0.6440207698110707, 'min_child_weight': 3}. Best is trial 24 with value: 0.5759611992945326.
[I 2026-05-15 16:51:49,302] Trial 25 finished with value: 0.48913580246913585 and parameters: {'n_estimators': 242, 'learning_rate': 0.16155001304356414, 'subsample': 0.9442922333025374, 'colsample_bytree': 0.6027808522124762, 'min_child_weight': 6}. Best is trial 24 with value: 0.5759611992945326.
[I 2026-05-15 16:51:49,920] Trial 26 finished with value: 0.44663139329806 and parameters: {'n_estimators': 238, 'learning_rate': 0.0212853192163843, 'subsample': 0.6479461469334731, 'colsample_bytree': 0.7350460685614512, 'min_child_weight': 10}. Best is trial 24 with value: 0.5759611992945326.
[I 2026-05-15 16:51:50,520] Trial 27 finished with value: 0.4644091710758378 and parameters: {'n_estimators': 195, 'learning_rate': 0.05838706626832953, 'subsample': 0.881207583558071, 'colsample_bytree': 0.7454518409517176, 'min_child_weight': 10}. Best is trial 24 with value: 0.5759611992945326.
[I 2026-05-15 16:51:51,394] Trial 28 finished with value: 0.49024691358024697 and parameters: {'n_estimators': 484, 'learning_rate': 0.023545774516299134, 'subsample': 0.7988994023569542, 'colsample_bytree': 0.7203513239267079, 'min_child_weight': 3}. Best is trial 24 with value: 0.5759611992945326.
[I 2026-05-15 16:51:51,899] Trial 29 finished with value: 0.4853527336860671 and parameters: {'n_estimators': 66, 'learning_rate': 0.07950609693143304, 'subsample': 0.8010716092915446, 'colsample_bytree': 0.6205915004999957, 'min_child_weight': 3}. Best is trial 24 with value: 0.5759611992945326.
[I 2026-05-15 16:51:52,760] Trial 30 finished with value: 0.4405114638447972 and parameters: {'n_estimators': 459, 'learning_rate': 0.022587177280197233, 'subsample': 0.6579579488364892, 'colsample_bytree': 0.7957811041110252, 'min_child_weight': 10}. Best is trial 24 with value: 0.5759611992945326.
[I 2026-05-15 16:51:53,338] Trial 31 finished with value: 0.46537918871252204 and parameters: {'n_estimators': 159, 'learning_rate': 0.09836162684900028, 'subsample': 0.9046478461314871, 'colsample_bytree': 0.6950550175969599, 'min_child_weight': 8}. Best is trial 24 with value: 0.5759611992945326.
[I 2026-05-15 16:51:53,869] Trial 32 finished with value: 0.5368253968253968 and parameters: {'n_estimators': 215, 'learning_rate': 0.08589984533104164, 'subsample': 0.8534118843043579, 'colsample_bytree': 0.8143098736299034, 'min_child_weight': 1}. Best is trial 24 with value: 0.5759611992945326.
[I 2026-05-15 16:51:54,658] Trial 33 finished with value: 0.46045855379188716 and parameters: {'n_estimators': 426, 'learning_rate': 0.029773579612263783, 'subsample': 0.6746074041599417, 'colsample_bytree': 0.6163100566219055, 'min_child_weight': 6}. Best is trial 24 with value: 0.5759611992945326.
[I 2026-05-15 16:51:55,402] Trial 34 finished with value: 0.4570723104056437 and parameters: {'n_estimators': 355, 'learning_rate': 0.01058040360169664, 'subsample': 0.8048372233197124, 'colsample_bytree': 0.6905983100791752, 'min_child_weight': 7}. Best is trial 24 with value: 0.5759611992945326.
[I 2026-05-15 16:51:55,969] Trial 35 finished with value: 0.45292768959435625 and parameters: {'n_estimators': 128, 'learning_rate': 0.10485733570643786, 'subsample': 0.7546941385202149, 'colsample_bytree': 0.9746919954946938, 'min_child_weight': 2}. Best is trial 24 with value: 0.5759611992945326.
[I 2026-05-15 16:51:56,579] Trial 36 finished with value: 0.4815079365079365 and parameters: {'n_estimators': 203, 'learning_rate': 0.01471005003927122, 'subsample': 0.9698774473114251, 'colsample_bytree': 0.9509357413523924, 'min_child_weight': 3}. Best is trial 24 with value: 0.5759611992945326.
[I 2026-05-15 16:51:57,207] Trial 37 finished with value: 0.5477072310405644 and parameters: {'n_estimators': 347, 'learning_rate': 0.16111511355977057, 'subsample': 0.822080324639785, 'colsample_bytree': 0.8118602313424026, 'min_child_weight': 3}. Best is trial 24 with value: 0.5759611992945326.
[I 2026-05-15 16:51:57,702] Trial 38 finished with value: 0.5394885361552028 and parameters: {'n_estimators': 91, 'learning_rate': 0.21149322814164553, 'subsample': 0.9601672228653322, 'colsample_bytree': 0.8532405829093072, 'min_child_weight': 4}. Best is trial 24 with value: 0.5759611992945326.
[I 2026-05-15 16:51:58,304] Trial 39 finished with value: 0.496984126984127 and parameters: {'n_estimators': 207, 'learning_rate': 0.11812030596598909, 'subsample': 0.9588441039810308, 'colsample_bytree': 0.954834569706047, 'min_child_weight': 8}. Best is trial 24 with value: 0.5759611992945326.
[I 2026-05-15 16:51:59,018] Trial 40 finished with value: 0.457283950617284 and parameters: {'n_estimators': 339, 'learning_rate': 0.013313275850595153, 'subsample': 0.6646514856378455, 'colsample_bytree': 0.9594216754108317, 'min_child_weight': 7}. Best is trial 24 with value: 0.5759611992945326.
[I 2026-05-15 16:51:59,492] Trial 41 finished with value: 0.40389770723104057 and parameters: {'n_estimators': 54, 'learning_rate': 0.01412166070620751, 'subsample': 0.8654007076432223, 'colsample_bytree': 0.6020246335384875, 'min_child_weight': 2}. Best is trial 24 with value: 0.5759611992945326.
[I 2026-05-15 16:52:00,052] Trial 42 finished with value: 0.5446119929453264 and parameters: {'n_estimators': 297, 'learning_rate': 0.10519936117151477, 'subsample': 0.8607845038010402, 'colsample_bytree': 0.689707723784224, 'min_child_weight': 8}. Best is trial 24 with value: 0.5759611992945326.
[I 2026-05-15 16:52:00,626] Trial 43 finished with value: 0.4706966490299823 and parameters: {'n_estimators': 156, 'learning_rate': 0.030245085073501415, 'subsample': 0.8985965620472096, 'colsample_bytree': 0.8598531596188859, 'min_child_weight': 9}. Best is trial 24 with value: 0.5759611992945326.
[I 2026-05-15 16:52:01,259] Trial 44 finished with value: 0.4355379188712522 and parameters: {'n_estimators': 346, 'learning_rate': 0.06909724267901692, 'subsample': 0.637469907131237, 'colsample_bytree': 0.7470863212237734, 'min_child_weight': 3}. Best is trial 24 with value: 0.5759611992945326.
[I 2026-05-15 16:52:01,778] Trial 45 finished with value: 0.5496825396825397 and parameters: {'n_estimators': 160, 'learning_rate': 0.2736872535680783, 'subsample': 0.7572390898667042, 'colsample_bytree': 0.9568186220708453, 'min_child_weight': 7}. Best is trial 24 with value: 0.5759611992945326.
[I 2026-05-15 16:52:02,609] Trial 46 finished with value: 0.5123809523809524 and parameters: {'n_estimators': 408, 'learning_rate': 0.05526573288655769, 'subsample': 0.8307615538505436, 'colsample_bytree': 0.7970070775275455, 'min_child_weight': 2}. Best is trial 24 with value: 0.5759611992945326.
[I 2026-05-15 16:52:03,379] Trial 47 finished with value: 0.46306878306878313 and parameters: {'n_estimators': 375, 'learning_rate': 0.025985724173338116, 'subsample': 0.6097263865725815, 'colsample_bytree': 0.858188918362867, 'min_child_weight': 2}. Best is trial 24 with value: 0.5759611992945326.
[I 2026-05-15 16:52:04,268] Trial 48 finished with value: 0.6108641975308642 and parameters: {'n_estimators': 474, 'learning_rate': 0.25648866468880704, 'subsample': 0.9659457560881795, 'colsample_bytree': 0.7480634801021777, 'min_child_weight': 1}. Best is trial 48 with value: 0.6108641975308642.
[I 2026-05-15 16:52:05,085] Trial 49 finished with value: 0.5721693121693121 and parameters: {'n_estimators': 468, 'learning_rate': 0.042902233912047165, 'subsample': 0.9866619276174678, 'colsample_bytree': 0.9854479908357011, 'min_child_weight': 9}. Best is trial 48 with value: 0.6108641975308642.
[I 2026-05-15 16:52:05,707] Trial 50 finished with value: 0.5588712522045854 and parameters: {'n_estimators': 182, 'learning_rate': 0.03705408044695723, 'subsample': 0.9404546686067428, 'colsample_bytree': 0.726768802062511, 'min_child_weight': 2}. Best is trial 48 with value: 0.6108641975308642.
[I 2026-05-15 16:52:06,318] Trial 51 finished with value: 0.6093650793650794 and parameters: {'n_estimators': 301, 'learning_rate': 0.24144271975982237, 'subsample': 0.8784119186699892, 'colsample_bytree': 0.828024468035746, 'min_child_weight': 1}. Best is trial 48 with value: 0.6108641975308642.
[I 2026-05-15 16:52:07,027] Trial 52 finished with value: 0.47283950617283954 and parameters: {'n_estimators': 327, 'learning_rate': 0.290021093247953, 'subsample': 0.6560336060946096, 'colsample_bytree': 0.8073318609454947, 'min_child_weight': 9}. Best is trial 48 with value: 0.6108641975308642.
[I 2026-05-15 16:52:07,793] Trial 53 finished with value: 0.5385008818342152 and parameters: {'n_estimators': 384, 'learning_rate': 0.10704755834674413, 'subsample': 0.8809936335948436, 'colsample_bytree': 0.743796460487902, 'min_child_weight': 3}. Best is trial 48 with value: 0.6108641975308642.
[I 2026-05-15 16:52:08,566] Trial 54 finished with value: 0.4781305114638448 and parameters: {'n_estimators': 415, 'learning_rate': 0.1572663162015696, 'subsample': 0.9468289274320415, 'colsample_bytree': 0.9652962210225885, 'min_child_weight': 6}. Best is trial 48 with value: 0.6108641975308642.
[I 2026-05-15 16:52:09,201] Trial 55 finished with value: 0.448042328042328 and parameters: {'n_estimators': 276, 'learning_rate': 0.15107019033830843, 'subsample': 0.8599855723111061, 'colsample_bytree': 0.8807867509030813, 'min_child_weight': 8}. Best is trial 48 with value: 0.6108641975308642.
[I 2026-05-15 16:52:09,989] Trial 56 finished with value: 0.4617636684303351 and parameters: {'n_estimators': 451, 'learning_rate': 0.03156892767756196, 'subsample': 0.7502331810559776, 'colsample_bytree': 0.6375927759363476, 'min_child_weight': 6}. Best is trial 48 with value: 0.6108641975308642.
[I 2026-05-15 16:52:10,500] Trial 57 finished with value: 0.42587301587301585 and parameters: {'n_estimators': 66, 'learning_rate': 0.04872420129560894, 'subsample': 0.8170578538830306, 'colsample_bytree': 0.7146165008513138, 'min_child_weight': 6}. Best is trial 48 with value: 0.6108641975308642.
[I 2026-05-15 16:52:11,006] Trial 58 finished with value: 0.4212433862433863 and parameters: {'n_estimators': 63, 'learning_rate': 0.011354494477798304, 'subsample': 0.9290402242638633, 'colsample_bytree': 0.7440762565645052, 'min_child_weight': 2}. Best is trial 48 with value: 0.6108641975308642.
[I 2026-05-15 16:52:11,742] Trial 59 finished with value: 0.5035449735449735 and parameters: {'n_estimators': 285, 'learning_rate': 0.13720623374101712, 'subsample': 0.6863284109987373, 'colsample_bytree': 0.8491561903276001, 'min_child_weight': 1}. Best is trial 48 with value: 0.6108641975308642.
[I 2026-05-15 16:52:12,263] Trial 60 finished with value: 0.46194003527336863 and parameters: {'n_estimators': 73, 'learning_rate': 0.060936179246384004, 'subsample': 0.8162540486440426, 'colsample_bytree': 0.8549719605992826, 'min_child_weight': 8}. Best is trial 48 with value: 0.6108641975308642.
[I 2026-05-15 16:52:13,186] Trial 61 finished with value: 0.511904761904762 and parameters: {'n_estimators': 490, 'learning_rate': 0.057894621409801394, 'subsample': 0.7291825891764984, 'colsample_bytree': 0.9180744779074814, 'min_child_weight': 3}. Best is trial 48 with value: 0.6108641975308642.
[I 2026-05-15 16:52:13,743] Trial 62 finished with value: 0.4477954144620811 and parameters: {'n_estimators': 247, 'learning_rate': 0.013058388599138515, 'subsample': 0.610140297366183, 'colsample_bytree': 0.98505936587117, 'min_child_weight': 9}. Best is trial 48 with value: 0.6108641975308642.
[I 2026-05-15 16:52:14,487] Trial 63 finished with value: 0.4506349206349206 and parameters: {'n_estimators': 363, 'learning_rate': 0.04018584329485903, 'subsample': 0.6693177280283383, 'colsample_bytree': 0.6625748170684344, 'min_child_weight': 3}. Best is trial 48 with value: 0.6108641975308642.
[I 2026-05-15 16:52:15,220] Trial 64 finished with value: 0.49910052910052904 and parameters: {'n_estimators': 297, 'learning_rate': 0.11364355894710455, 'subsample': 0.8640789506870925, 'colsample_bytree': 0.7119735587783771, 'min_child_weight': 10}. Best is trial 48 with value: 0.6108641975308642.
[I 2026-05-15 16:52:15,780] Trial 65 finished with value: 0.5232627865961199 and parameters: {'n_estimators': 382, 'learning_rate': 0.06589434624667669, 'subsample': 0.8446882984937409, 'colsample_bytree': 0.7678400249711159, 'min_child_weight': 3}. Best is trial 48 with value: 0.6108641975308642.
[I 2026-05-15 16:52:16,302] Trial 66 finished with value: 0.5167195767195767 and parameters: {'n_estimators': 210, 'learning_rate': 0.1316529507921963, 'subsample': 0.6057573954519023, 'colsample_bytree': 0.6464290562027665, 'min_child_weight': 1}. Best is trial 48 with value: 0.6108641975308642.
[I 2026-05-15 16:52:16,803] Trial 67 finished with value: 0.4139506172839506 and parameters: {'n_estimators': 68, 'learning_rate': 0.183492792986878, 'subsample': 0.8814631437520095, 'colsample_bytree': 0.78966953163493, 'min_child_weight': 1}. Best is trial 48 with value: 0.6108641975308642.
[I 2026-05-15 16:52:17,486] Trial 68 finished with value: 0.5440388007054673 and parameters: {'n_estimators': 271, 'learning_rate': 0.050046673502396374, 'subsample': 0.669280747964006, 'colsample_bytree': 0.7735406596951893, 'min_child_weight': 4}. Best is trial 48 with value: 0.6108641975308642.
[I 2026-05-15 16:52:18,222] Trial 69 finished with value: 0.4855908289241623 and parameters: {'n_estimators': 327, 'learning_rate': 0.08671821512512803, 'subsample': 0.6181216039088178, 'colsample_bytree': 0.7498450458505885, 'min_child_weight': 7}. Best is trial 48 with value: 0.6108641975308642.
[I 2026-05-15 16:52:18,923] Trial 70 finished with value: 0.5536684303350969 and parameters: {'n_estimators': 276, 'learning_rate': 0.18413627311856376, 'subsample': 0.8634774526475779, 'colsample_bytree': 0.6651737708325719, 'min_child_weight': 1}. Best is trial 48 with value: 0.6108641975308642.
