[I 2026-05-15 16:53:51,598] Trial 217 finished with value: 0.5644797178130512 and parameters: {'n_estimators': 260, 'learning_rate': 0.08055323771079952, 'subsample': 0.6668135784368301, 'colsample_bytree': 0.9964674504547906, 'min_child_weight': 3}. Best is trial 48 with value: 0.6108641975308642.
[I 2026-05-15 16:53:52,488] Trial 218 finished with value: 0.5331216931216931 and parameters: {'n_estimators': 475, 'learning_rate': 0.09111856536457716, 'subsample': 0.8430947179515437, 'colsample_bytree': 0.8050754044066034, 'min_child_weight': 3}. Best is trial 48 with value: 0.6108641975308642.
[I 2026-05-15 16:53:53,040] Trial 219 finished with value: 0.4602204585537919 and parameters: {'n_estimators': 129, 'learning_rate': 0.021168245605336592, 'subsample': 0.6745753048577018, 'colsample_bytree': 0.9118337894267013, 'min_child_weight': 4}. Best is trial 48 with value: 0.6108641975308642.
[I 2026-05-15 16:53:53,543] Trial 220 finished with value: 0.5156084656084656 and parameters: {'n_estimators': 76, 'learning_rate': 0.27007357481469935, 'subsample': 0.9535143539853703, 'colsample_bytree': 0.9711009132780852, 'min_child_weight': 10}. Best is trial 48 with value: 0.6108641975308642.
[I 2026-05-15 16:53:54,110] Trial 221 finished with value: 0.4701234567901234 and parameters: {'n_estimators': 128, 'learning_rate': 0.038485533221220426, 'subsample': 0.9032953902816365, 'colsample_bytree': 0.8784082472215169, 'min_child_weight': 2}. Best is trial 48 with value: 0.6108641975308642.
[I 2026-05-15 16:53:54,906] Trial 222 finished with value: 0.43917107583774245 and parameters: {'n_estimators': 417, 'learning_rate': 0.021454872553820167, 'subsample': 0.6895270459290492, 'colsample_bytree': 0.8147897691573655, 'min_child_weight': 6}. Best is trial 48 with value: 0.6108641975308642.
[I 2026-05-15 16:53:55,521] Trial 223 finished with value: 0.4611728395061728 and parameters: {'n_estimators': 311, 'learning_rate': 0.013650141458097294, 'subsample': 0.9509843450521521, 'colsample_bytree': 0.7062400170354824, 'min_child_weight': 2}. Best is trial 48 with value: 0.6108641975308642.
[I 2026-05-15 16:53:56,228] Trial 224 finished with value: 0.5404938271604938 and parameters: {'n_estimators': 450, 'learning_rate': 0.25799609949079394, 'subsample': 0.9448510469061803, 'colsample_bytree': 0.9238064298899512, 'min_child_weight': 7}. Best is trial 48 with value: 0.6108641975308642.
[I 2026-05-15 16:53:56,910] Trial 225 finished with value: 0.4670723104056438 and parameters: {'n_estimators': 298, 'learning_rate': 0.013442807881704787, 'subsample': 0.7633812852282795, 'colsample_bytree': 0.7490754068049256, 'min_child_weight': 3}. Best is trial 48 with value: 0.6108641975308642.
[I 2026-05-15 16:53:57,522] Trial 226 finished with value: 0.47291005291005295 and parameters: {'n_estimators': 376, 'learning_rate': 0.05400930490489831, 'subsample': 0.6324184863630592, 'colsample_bytree': 0.6880732807799246, 'min_child_weight': 7}. Best is trial 48 with value: 0.6108641975308642.
[I 2026-05-15 16:53:58,022] Trial 227 finished with value: 0.4489065255731922 and parameters: {'n_estimators': 84, 'learning_rate': 0.18085720917034953, 'subsample': 0.7980586108055897, 'colsample_bytree': 0.7922346309306592, 'min_child_weight': 6}. Best is trial 48 with value: 0.6108641975308642.
[I 2026-05-15 16:53:58,790] Trial 228 finished with value: 0.4650881834215167 and parameters: {'n_estimators': 421, 'learning_rate': 0.03264046773889467, 'subsample': 0.8712064610236254, 'colsample_bytree': 0.8262927855983164, 'min_child_weight': 3}. Best is trial 48 with value: 0.6108641975308642.
[I 2026-05-15 16:53:59,566] Trial 229 finished with value: 0.5161904761904761 and parameters: {'n_estimators': 446, 'learning_rate': 0.1506242597564433, 'subsample': 0.8633807338633701, 'colsample_bytree': 0.9402326916376967, 'min_child_weight': 9}. Best is trial 48 with value: 0.6108641975308642.
[I 2026-05-15 16:54:00,207] Trial 230 finished with value: 0.45927689594356264 and parameters: {'n_estimators': 369, 'learning_rate': 0.17233368627246023, 'subsample': 0.8789885846677135, 'colsample_bytree': 0.8720563087041202, 'min_child_weight': 7}. Best is trial 48 with value: 0.6108641975308642.
[I 2026-05-15 16:54:01,019] Trial 231 finished with value: 0.5670723104056437 and parameters: {'n_estimators': 389, 'learning_rate': 0.01715058633804989, 'subsample': 0.9523483036795714, 'colsample_bytree': 0.9487374110980928, 'min_child_weight': 1}. Best is trial 48 with value: 0.6108641975308642.
[I 2026-05-15 16:54:01,834] Trial 232 finished with value: 0.4689241622574956 and parameters: {'n_estimators': 422, 'learning_rate': 0.015500882360981386, 'subsample': 0.7340475417036567, 'colsample_bytree': 0.897403302516643, 'min_child_weight': 2}. Best is trial 48 with value: 0.6108641975308642.
[I 2026-05-15 16:54:02,691] Trial 233 finished with value: 0.5382892416225749 and parameters: {'n_estimators': 418, 'learning_rate': 0.16949741572693364, 'subsample': 0.8029870935043345, 'colsample_bytree': 0.6025543486867334, 'min_child_weight': 3}. Best is trial 48 with value: 0.6108641975308642.
[I 2026-05-15 16:54:03,443] Trial 234 finished with value: 0.5446031746031745 and parameters: {'n_estimators': 328, 'learning_rate': 0.2814044483905247, 'subsample': 0.8527254108066673, 'colsample_bytree': 0.703921432425664, 'min_child_weight': 7}. Best is trial 48 with value: 0.6108641975308642.
[I 2026-05-15 16:54:04,109] Trial 235 finished with value: 0.46077601410934743 and parameters: {'n_estimators': 293, 'learning_rate': 0.14188164286328378, 'subsample': 0.6427922555307833, 'colsample_bytree': 0.9044111610008112, 'min_child_weight': 6}. Best is trial 48 with value: 0.6108641975308642.
[I 2026-05-15 16:54:04,864] Trial 236 finished with value: 0.4491887125220459 and parameters: {'n_estimators': 484, 'learning_rate': 0.031987967260885763, 'subsample': 0.8530487572535792, 'colsample_bytree': 0.9728112422040069, 'min_child_weight': 2}. Best is trial 48 with value: 0.6108641975308642.
[I 2026-05-15 16:54:05,686] Trial 237 finished with value: 0.5287654320987654 and parameters: {'n_estimators': 472, 'learning_rate': 0.10377449322923026, 'subsample': 0.6271348236420687, 'colsample_bytree': 0.7203854267787265, 'min_child_weight': 8}. Best is trial 48 with value: 0.6108641975308642.
[I 2026-05-15 16:54:06,199] Trial 238 finished with value: 0.4643915343915344 and parameters: {'n_estimators': 80, 'learning_rate': 0.07243298125258663, 'subsample': 0.7383532227811826, 'colsample_bytree': 0.8483662071069908, 'min_child_weight': 1}. Best is trial 48 with value: 0.6108641975308642.
[I 2026-05-15 16:54:06,972] Trial 239 finished with value: 0.567336860670194 and parameters: {'n_estimators': 443, 'learning_rate': 0.2741329550308027, 'subsample': 0.9875511421142766, 'colsample_bytree': 0.8998607326971699, 'min_child_weight': 2}. Best is trial 48 with value: 0.6108641975308642.
[I 2026-05-15 16:54:07,656] Trial 240 finished with value: 0.46737213403880074 and parameters: {'n_estimators': 391, 'learning_rate': 0.010872210614728706, 'subsample': 0.6088494206115989, 'colsample_bytree': 0.7294440876598165, 'min_child_weight': 5}. Best is trial 48 with value: 0.6108641975308642.
[I 2026-05-15 16:54:08,419] Trial 241 finished with value: 0.5071075837742505 and parameters: {'n_estimators': 397, 'learning_rate': 0.10216687836661903, 'subsample': 0.7783610825506994, 'colsample_bytree': 0.7094506665126663, 'min_child_weight': 10}. Best is trial 48 with value: 0.6108641975308642.
[I 2026-05-15 16:54:09,054] Trial 242 finished with value: 0.45199294532627865 and parameters: {'n_estimators': 242, 'learning_rate': 0.04642515557144032, 'subsample': 0.6654495284766676, 'colsample_bytree': 0.9179238194999717, 'min_child_weight': 7}. Best is trial 48 with value: 0.6108641975308642.
[I 2026-05-15 16:54:09,656] Trial 243 finished with value: 0.44523809523809527 and parameters: {'n_estimators': 149, 'learning_rate': 0.013233867846615706, 'subsample': 0.8721997208298853, 'colsample_bytree': 0.861804485712454, 'min_child_weight': 3}. Best is trial 48 with value: 0.6108641975308642.
[I 2026-05-15 16:54:10,377] Trial 244 finished with value: 0.48592592592592593 and parameters: {'n_estimators': 478, 'learning_rate': 0.016715940732072453, 'subsample': 0.7729339204170408, 'colsample_bytree': 0.9774463680670396, 'min_child_weight': 5}. Best is trial 48 with value: 0.6108641975308642.
[I 2026-05-15 16:54:11,100] Trial 245 finished with value: 0.45620811287477947 and parameters: {'n_estimators': 337, 'learning_rate': 0.03866296319102493, 'subsample': 0.7096860809394681, 'colsample_bytree': 0.9935910591839313, 'min_child_weight': 5}. Best is trial 48 with value: 0.6108641975308642.
[I 2026-05-15 16:54:11,889] Trial 246 finished with value: 0.4660141093474427 and parameters: {'n_estimators': 453, 'learning_rate': 0.02186104086033942, 'subsample': 0.6852418816100333, 'colsample_bytree': 0.6124536331538045, 'min_child_weight': 7}. Best is trial 48 with value: 0.6108641975308642.
[I 2026-05-15 16:54:12,436] Trial 247 finished with value: 0.4843562610229277 and parameters: {'n_estimators': 216, 'learning_rate': 0.18913066193087913, 'subsample': 0.7892839626766228, 'colsample_bytree': 0.9872773711658887, 'min_child_weight': 2}. Best is trial 48 with value: 0.6108641975308642.
[I 2026-05-15 16:54:13,138] Trial 248 finished with value: 0.4498765432098765 and parameters: {'n_estimators': 441, 'learning_rate': 0.14032263056055083, 'subsample': 0.9083687378576208, 'colsample_bytree': 0.937913291246755, 'min_child_weight': 8}. Best is trial 48 with value: 0.6108641975308642.
[I 2026-05-15 16:54:13,872] Trial 249 finished with value: 0.45319223985890655 and parameters: {'n_estimators': 332, 'learning_rate': 0.015626603702629693, 'subsample': 0.6130104717965007, 'colsample_bytree': 0.9683391391262748, 'min_child_weight': 7}. Best is trial 48 with value: 0.6108641975308642.
[I 2026-05-15 16:54:14,732] Trial 250 finished with value: 0.49153439153439155 and parameters: {'n_estimators': 409, 'learning_rate': 0.05143596593714486, 'subsample': 0.6469232755849578, 'colsample_bytree': 0.6500743168810201, 'min_child_weight': 7}. Best is trial 48 with value: 0.6108641975308642.
[I 2026-05-15 16:54:15,380] Trial 251 finished with value: 0.47255731922398586 and parameters: {'n_estimators': 244, 'learning_rate': 0.019778772535024504, 'subsample': 0.7966378186965748, 'colsample_bytree': 0.6256835748300537, 'min_child_weight': 6}. Best is trial 48 with value: 0.6108641975308642.
[I 2026-05-15 16:54:15,969] Trial 252 finished with value: 0.5451499118165785 and parameters: {'n_estimators': 171, 'learning_rate': 0.15069245195299658, 'subsample': 0.7241447835694295, 'colsample_bytree': 0.7820880596327204, 'min_child_weight': 1}. Best is trial 48 with value: 0.6108641975308642.
[I 2026-05-15 16:54:16,487] Trial 253 finished with value: 0.44381834215167554 and parameters: {'n_estimators': 82, 'learning_rate': 0.03799798565961001, 'subsample': 0.7919755338868494, 'colsample_bytree': 0.8400082192477215, 'min_child_weight': 3}. Best is trial 48 with value: 0.6108641975308642.
[I 2026-05-15 16:54:17,281] Trial 254 finished with value: 0.549047619047619 and parameters: {'n_estimators': 363, 'learning_rate': 0.18642539611497197, 'subsample': 0.91194039555734, 'colsample_bytree': 0.6158475301393428, 'min_child_weight': 5}. Best is trial 48 with value: 0.6108641975308642.
[I 2026-05-15 16:54:17,816] Trial 255 finished with value: 0.43575837742504414 and parameters: {'n_estimators': 97, 'learning_rate': 0.02277874734335831, 'subsample': 0.9946650373068586, 'colsample_bytree': 0.6569982171606052, 'min_child_weight': 5}. Best is trial 48 with value: 0.6108641975308642.
[I 2026-05-15 16:54:18,540] Trial 256 finished with value: 0.43047619047619046 and parameters: {'n_estimators': 328, 'learning_rate': 0.1090500674878377, 'subsample': 0.8238594733947656, 'colsample_bytree': 0.6039083389676735, 'min_child_weight': 4}. Best is trial 48 with value: 0.6108641975308642.
[I 2026-05-15 16:54:19,207] Trial 257 finished with value: 0.4757760141093475 and parameters: {'n_estimators': 283, 'learning_rate': 0.013483091242052886, 'subsample': 0.7402507724836723, 'colsample_bytree': 0.6132812435165466, 'min_child_weight': 1}. Best is trial 48 with value: 0.6108641975308642.
[I 2026-05-15 16:54:19,759] Trial 258 finished with value: 0.47402116402116407 and parameters: {'n_estimators': 229, 'learning_rate': 0.015704975424207217, 'subsample': 0.8270163393046233, 'colsample_bytree': 0.8757859876549063, 'min_child_weight': 9}. Best is trial 48 with value: 0.6108641975308642.
[I 2026-05-15 16:54:20,332] Trial 259 finished with value: 0.41417989417989415 and parameters: {'n_estimators': 140, 'learning_rate': 0.01767632923587304, 'subsample': 0.6418271361337601, 'colsample_bytree': 0.8545720998174546, 'min_child_weight': 8}. Best is trial 48 with value: 0.6108641975308642.
[I 2026-05-15 16:54:20,839] Trial 260 finished with value: 0.4352557319223986 and parameters: {'n_estimators': 64, 'learning_rate': 0.2414899201224445, 'subsample': 0.6207885134605889, 'colsample_bytree': 0.8165185341204282, 'min_child_weight': 8}. Best is trial 48 with value: 0.6108641975308642.
[I 2026-05-15 16:54:21,633] Trial 261 finished with value: 0.44638447971781303 and parameters: {'n_estimators': 442, 'learning_rate': 0.11344699198303249, 'subsample': 0.9206912332279167, 'colsample_bytree': 0.7357800770171224, 'min_child_weight': 9}. Best is trial 48 with value: 0.6108641975308642.
[I 2026-05-15 16:54:22,149] Trial 262 finished with value: 0.5852028218694885 and parameters: {'n_estimators': 86, 'learning_rate': 0.20977450344190512, 'subsample': 0.8190369504614945, 'colsample_bytree': 0.9269191079849974, 'min_child_weight': 5}. Best is trial 48 with value: 0.6108641975308642.
[I 2026-05-15 16:54:22,866] Trial 263 finished with value: 0.50657848324515 and parameters: {'n_estimators': 340, 'learning_rate': 0.05991844844327821, 'subsample': 0.8926358087021327, 'colsample_bytree': 0.6326519928122358, 'min_child_weight': 1}. Best is trial 48 with value: 0.6108641975308642.
[I 2026-05-15 16:54:23,343] Trial 264 finished with value: 0.4554673721340389 and parameters: {'n_estimators': 161, 'learning_rate': 0.017205481781219126, 'subsample': 0.9487134266368806, 'colsample_bytree': 0.6876855949432177, 'min_child_weight': 10}. Best is trial 48 with value: 0.6108641975308642.
[I 2026-05-15 16:54:23,833] Trial 265 finished with value: 0.47891534391534396 and parameters: {'n_estimators': 201, 'learning_rate': 0.018578482774605925, 'subsample': 0.9158794028569917, 'colsample_bytree': 0.8634831102003504, 'min_child_weight': 5}. Best is trial 48 with value: 0.6108641975308642.
[I 2026-05-15 16:54:24,517] Trial 266 finished with value: 0.47707231040564374 and parameters: {'n_estimators': 300, 'learning_rate': 0.115437850951425, 'subsample': 0.6913818965325195, 'colsample_bytree': 0.9985335664226968, 'min_child_weight': 10}. Best is trial 48 with value: 0.6108641975308642.
[I 2026-05-15 16:54:25,133] Trial 267 finished with value: 0.5681481481481482 and parameters: {'n_estimators': 343, 'learning_rate': 0.019712803620877697, 'subsample': 0.8720912969725165, 'colsample_bytree': 0.6288793635916703, 'min_child_weight': 1}. Best is trial 48 with value: 0.6108641975308642.
[I 2026-05-15 16:54:25,715] Trial 268 finished with value: 0.4858818342151675 and parameters: {'n_estimators': 166, 'learning_rate': 0.04823365829123508, 'subsample': 0.9473090021633522, 'colsample_bytree': 0.8908676279065232, 'min_child_weight': 8}. Best is trial 48 with value: 0.6108641975308642.
[I 2026-05-15 16:54:26,350] Trial 269 finished with value: 0.4924162257495591 and parameters: {'n_estimators': 241, 'learning_rate': 0.032433060354345296, 'subsample': 0.748415505193841, 'colsample_bytree': 0.9950598254944232, 'min_child_weight': 1}. Best is trial 48 with value: 0.6108641975308642.
[I 2026-05-15 16:54:27,033] Trial 270 finished with value: 0.43276895943562604 and parameters: {'n_estimators': 441, 'learning_rate': 0.07157704181182635, 'subsample': 0.7754461676758362, 'colsample_bytree': 0.8901030641660546, 'min_child_weight': 5}. Best is trial 48 with value: 0.6108641975308642.
[I 2026-05-15 16:54:27,736] Trial 271 finished with value: 0.45446208112874775 and parameters: {'n_estimators': 443, 'learning_rate': 0.2140158150785351, 'subsample': 0.7686883707493821, 'colsample_bytree': 0.7107311188940206, 'min_child_weight': 6}. Best is trial 48 with value: 0.6108641975308642.
[I 2026-05-15 16:54:28,527] Trial 272 finished with value: 0.48142857142857143 and parameters: {'n_estimators': 461, 'learning_rate': 0.02047262808645631, 'subsample': 0.8491866334253931, 'colsample_bytree': 0.8526240880370082, 'min_child_weight': 8}. Best is trial 48 with value: 0.6108641975308642.
[I 2026-05-15 16:54:28,959] Trial 273 finished with value: 0.5272222222222223 and parameters: {'n_estimators': 109, 'learning_rate': 0.11411960768508612, 'subsample': 0.9636130082662564, 'colsample_bytree': 0.6718732435480967, 'min_child_weight': 3}. Best is trial 48 with value: 0.6108641975308642.
[I 2026-05-15 16:54:29,781] Trial 274 finished with value: 0.5433597883597883 and parameters: {'n_estimators': 488, 'learning_rate': 0.018506526075021, 'subsample': 0.9417540373478317, 'colsample_bytree': 0.7969111425792139, 'min_child_weight': 3}. Best is trial 48 with value: 0.6108641975308642.
[I 2026-05-15 16:54:30,478] Trial 275 finished with value: 0.4947089947089947 and parameters: {'n_estimators': 442, 'learning_rate': 0.04547470150059332, 'subsample': 0.805926941571876, 'colsample_bytree': 0.7436933477599063, 'min_child_weight': 6}. Best is trial 48 with value: 0.6108641975308642.
[I 2026-05-15 16:54:30,933] Trial 276 finished with value: 0.4687037037037037 and parameters: {'n_estimators': 123, 'learning_rate': 0.03781593563644722, 'subsample': 0.987764928934115, 'colsample_bytree': 0.703253373080451, 'min_child_weight': 7}. Best is trial 48 with value: 0.6108641975308642.
[I 2026-05-15 16:54:31,567] Trial 277 finished with value: 0.4671075837742505 and parameters: {'n_estimators': 196, 'learning_rate': 0.1388396767630528, 'subsample': 0.6523494642873399, 'colsample_bytree': 0.9879284180314178, 'min_child_weight': 5}. Best is trial 48 with value: 0.6108641975308642.
[I 2026-05-15 16:54:32,218] Trial 278 finished with value: 0.45435626102292764 and parameters: {'n_estimators': 156, 'learning_rate': 0.012839958132831194, 'subsample': 0.6679031620350163, 'colsample_bytree': 0.807909579422407, 'min_child_weight': 4}. Best is trial 48 with value: 0.6108641975308642.
[I 2026-05-15 16:54:33,002] Trial 279 finished with value: 0.47153439153439153 and parameters: {'n_estimators': 423, 'learning_rate': 0.0432985267536062, 'subsample': 0.6994857090350519, 'colsample_bytree': 0.846857994641612, 'min_child_weight': 8}. Best is trial 48 with value: 0.6108641975308642.
[I 2026-05-15 16:54:33,485] Trial 280 finished with value: 0.431710758377425 and parameters: {'n_estimators': 125, 'learning_rate': 0.017684545676288067, 'subsample': 0.6146685707734172, 'colsample_bytree': 0.8945608060262562, 'min_child_weight': 7}. Best is trial 48 with value: 0.6108641975308642.
[I 2026-05-15 16:54:34,152] Trial 281 finished with value: 0.4665608465608466 and parameters: {'n_estimators': 264, 'learning_rate': 0.17658024407455558, 'subsample': 0.9222680611800212, 'colsample_bytree': 0.8341417457587008, 'min_child_weight': 9}. Best is trial 48 with value: 0.6108641975308642.
[I 2026-05-15 16:54:34,623] Trial 282 finished with value: 0.4504497354497355 and parameters: {'n_estimators': 142, 'learning_rate': 0.014632510641679492, 'subsample': 0.7078998446067959, 'colsample_bytree': 0.6228347424357259, 'min_child_weight': 6}. Best is trial 48 with value: 0.6108641975308642.
[I 2026-05-15 16:54:35,346] Trial 283 finished with value: 0.4445149911816578 and parameters: {'n_estimators': 472, 'learning_rate': 0.011431814801654361, 'subsample': 0.6488439656040107, 'colsample_bytree': 0.7808796113133741, 'min_child_weight': 10}. Best is trial 48 with value: 0.6108641975308642.
[I 2026-05-15 16:54:35,940] Trial 284 finished with value: 0.48439153439153443 and parameters: {'n_estimators': 192, 'learning_rate': 0.05613675661974366, 'subsample': 0.6166291436201569, 'colsample_bytree': 0.6593372803848355, 'min_child_weight': 10}. Best is trial 48 with value: 0.6108641975308642.
[I 2026-05-15 16:54:36,668] Trial 285 finished with value: 0.46311287477954144 and parameters: {'n_estimators': 485, 'learning_rate': 0.010169437951699022, 'subsample': 0.9807247141692956, 'colsample_bytree': 0.8556479751262, 'min_child_weight': 9}. Best is trial 48 with value: 0.6108641975308642.
[I 2026-05-15 16:54:37,208] Trial 286 finished with value: 0.4521781305114638 and parameters: {'n_estimators': 255, 'learning_rate': 0.05775609906804066, 'subsample': 0.7955386321027681, 'colsample_bytree': 0.8667457030184418, 'min_child_weight': 2}. Best is trial 48 with value: 0.6108641975308642.
[I 2026-05-15 16:54:37,594] Trial 287 finished with value: 0.4273544973544974 and parameters: {'n_estimators': 63, 'learning_rate': 0.028500328230541317, 'subsample': 0.8818723050946586, 'colsample_bytree': 0.6807413808491793, 'min_child_weight': 7}. Best is trial 48 with value: 0.6108641975308642.
[I 2026-05-15 16:54:38,456] Trial 288 finished with value: 0.47465608465608466 and parameters: {'n_estimators': 487, 'learning_rate': 0.013762671476649342, 'subsample': 0.8690408472900505, 'colsample_bytree': 0.7775000877218284, 'min_child_weight': 9}. Best is trial 48 with value: 0.6108641975308642.
[I 2026-05-15 16:54:39,014] Trial 289 finished with value: 0.5581922398589064 and parameters: {'n_estimators': 129, 'learning_rate': 0.10546115311381248, 'subsample': 0.9352461158592441, 'colsample_bytree': 0.9778456877896093, 'min_child_weight': 7}. Best is trial 48 with value: 0.6108641975308642.
