[I 2026-05-15 18:34:43,683] Trial 151 finished with values: [0.6976462524390136, 0.6233486383045233] and parameters: {'n_estimators': 408, 'learning_rate': 0.01058040360169664, 'subsample': 0.8012545034320351, 'colsample_bytree': 0.9509357413523924, 'min_child_weight': 3}.
[I 2026-05-15 18:34:44,481] Trial 152 finished with values: [0.6832940043914811, 0.6091743362001949] and parameters: {'n_estimators': 414, 'learning_rate': 0.05388108577817234, 'subsample': 0.6390688456025535, 'colsample_bytree': 0.6440207698110707, 'min_child_weight': 9}.
[I 2026-05-15 18:34:45,032] Trial 153 finished with values: [0.6975285341800859, 0.5651932038673211] and parameters: {'n_estimators': 128, 'learning_rate': 0.0178601378893971, 'subsample': 0.7546941385202149, 'colsample_bytree': 0.9425959364753289, 'min_child_weight': 3}.
[I 2026-05-15 18:34:45,739] Trial 154 finished with values: [0.7046451848541431, 0.5712299618475762] and parameters: {'n_estimators': 377, 'learning_rate': 0.01471005003927122, 'subsample': 0.6390688456025535, 'colsample_bytree': 0.7957811041110252, 'min_child_weight': 10}.
[I 2026-05-15 18:34:46,434] Trial 155 finished with values: [0.6982226862780123, 0.5582909660156823] and parameters: {'n_estimators': 156, 'learning_rate': 0.0178601378893971, 'subsample': 0.8549719605992826, 'colsample_bytree': 0.9509357413523924, 'min_child_weight': 10}.
[I 2026-05-15 18:34:47,170] Trial 156 finished with values: [0.6843169995034193, 0.5014782562254825] and parameters: {'n_estimators': 324, 'learning_rate': 0.09396591857488666, 'subsample': 0.6296178606936361, 'colsample_bytree': 0.9795542149013333, 'min_child_weight': 2}.
/home/mklemmingen/PycharmProjects/migraine-forecasting-shd/.venv/lib/python3.13/site-packages/sklearn/linear_model/_sag.py:348: ConvergenceWarning: The max_iter was reached which means the coef_ did not converge
  warnings.warn(
[I 2026-05-15 18:34:47,657] Trial 157 finished with values: [0.7071717077727561, 0.5359108438385654] and parameters: {'n_estimators': 64, 'learning_rate': 0.029385442161128397, 'subsample': 0.6137554084460873, 'colsample_bytree': 0.9637281608315128, 'min_child_weight': 10}.
[I 2026-05-15 18:34:48,446] Trial 158 finished with values: [0.7142597575550355, 0.5669293941842769] and parameters: {'n_estimators': 414, 'learning_rate': 0.013313275850595153, 'subsample': 0.6097263865725815, 'colsample_bytree': 0.8736932106048627, 'min_child_weight': 7}.
[I 2026-05-15 18:34:49,182] Trial 159 finished with values: [0.6615054450556721, 0.6426233416760837] and parameters: {'n_estimators': 294, 'learning_rate': 0.08710745900492396, 'subsample': 0.7257423924305306, 'colsample_bytree': 0.8245108790277985, 'min_child_weight': 8}.
[I 2026-05-15 18:34:49,976] Trial 160 finished with values: [0.7053266857394906, 0.5812273877048676] and parameters: {'n_estimators': 414, 'learning_rate': 0.022587177280197233, 'subsample': 0.6390688456025535, 'colsample_bytree': 0.6282274989601719, 'min_child_weight': 10}.
[I 2026-05-15 18:34:50,748] Trial 161 finished with values: [0.6253684112754837, 0.5537409367788774] and parameters: {'n_estimators': 339, 'learning_rate': 0.2736872535680783, 'subsample': 0.7572390898667042, 'colsample_bytree': 0.9568186220708453, 'min_child_weight': 7}.
[I 2026-05-15 18:34:51,342] Trial 162 finished with values: [0.6815450214263125, 0.6709771221112578] and parameters: {'n_estimators': 61, 'learning_rate': 0.07332660227137139, 'subsample': 0.7272013899887455, 'colsample_bytree': 0.6440207698110707, 'min_child_weight': 3}.
[I 2026-05-15 18:34:52,040] Trial 163 finished with values: [0.7126891665362732, 0.5261601480403797] and parameters: {'n_estimators': 238, 'learning_rate': 0.0212853192163843, 'subsample': 0.6479461469334731, 'colsample_bytree': 0.9760920965699831, 'min_child_weight': 10}.
[I 2026-05-15 18:34:52,851] Trial 164 finished with values: [0.709530954068942, 0.5367923932777614] and parameters: {'n_estimators': 324, 'learning_rate': 0.01607123851203988, 'subsample': 0.6260206371941118, 'colsample_bytree': 0.7465447373174767, 'min_child_weight': 6}.
[I 2026-05-15 18:34:53,490] Trial 165 finished with values: [0.7049570875839397, 0.5294930265370148] and parameters: {'n_estimators': 160, 'learning_rate': 0.0212853192163843, 'subsample': 0.7552679704826087, 'colsample_bytree': 0.7350460685614512, 'min_child_weight': 10}.
[I 2026-05-15 18:34:54,032] Trial 166 finished with values: [0.6887666347683009, 0.6216803067351375] and parameters: {'n_estimators': 64, 'learning_rate': 0.08710745900492396, 'subsample': 0.8573152873769412, 'colsample_bytree': 0.7833011561966067, 'min_child_weight': 7}.
[I 2026-05-15 18:34:54,856] Trial 167 finished with values: [0.6692827848944951, 0.662616346015497] and parameters: {'n_estimators': 378, 'learning_rate': 0.10519936117151477, 'subsample': 0.602208846849441, 'colsample_bytree': 0.9468289274320415, 'min_child_weight': 10}.
[I 2026-05-15 18:34:55,511] Trial 168 finished with values: [0.705217508127974, 0.5699185428252722] and parameters: {'n_estimators': 296, 'learning_rate': 0.022587177280197233, 'subsample': 0.6579579488364892, 'colsample_bytree': 0.9746919954946938, 'min_child_weight': 10}.
[I 2026-05-15 18:34:56,406] Trial 169 finished with values: [0.7006305318589138, 0.651745302233534] and parameters: {'n_estimators': 408, 'learning_rate': 0.013313275850595153, 'subsample': 0.602208846849441, 'colsample_bytree': 0.9261845713819337, 'min_child_weight': 3}.
[I 2026-05-15 18:34:57,204] Trial 170 finished with values: [0.6697637264424794, 0.6262196071100787] and parameters: {'n_estimators': 325, 'learning_rate': 0.24584290528289388, 'subsample': 0.6390688456025535, 'colsample_bytree': 0.8404460046972835, 'min_child_weight': 5}.
[I 2026-05-15 18:34:57,997] Trial 171 finished with values: [0.7113755660990593, 0.5612389692237356] and parameters: {'n_estimators': 339, 'learning_rate': 0.013313275850595153, 'subsample': 0.6097263865725815, 'colsample_bytree': 0.8736932106048627, 'min_child_weight': 7}.
[I 2026-05-15 18:34:58,740] Trial 172 finished with values: [0.6801463507611218, 0.6214311866535704] and parameters: {'n_estimators': 355, 'learning_rate': 0.05388108577817234, 'subsample': 0.7544410551203097, 'colsample_bytree': 0.9844762255295657, 'min_child_weight': 8}.
[I 2026-05-15 18:34:59,625] Trial 173 finished with values: [0.6875656746735136, 0.6226361092205123] and parameters: {'n_estimators': 458, 'learning_rate': 0.028180680291847244, 'subsample': 0.6137554084460873, 'colsample_bytree': 0.7174367377057973, 'min_child_weight': 3}.
[I 2026-05-15 18:35:00,326] Trial 174 finished with values: [0.6984265098088491, 0.5941298999530191] and parameters: {'n_estimators': 346, 'learning_rate': 0.019462886350651437, 'subsample': 0.637469907131237, 'colsample_bytree': 0.7470863212237734, 'min_child_weight': 7}.
[I 2026-05-15 18:35:01,092] Trial 175 finished with values: [0.6983868861020915, 0.6609739257170547] and parameters: {'n_estimators': 443, 'learning_rate': 0.028180680291847244, 'subsample': 0.6390688456025535, 'colsample_bytree': 0.8736932106048627, 'min_child_weight': 1}.
/home/mklemmingen/PycharmProjects/migraine-forecasting-shd/.venv/lib/python3.13/site-packages/sklearn/linear_model/_sag.py:348: ConvergenceWarning: The max_iter was reached which means the coef_ did not converge
  warnings.warn(
[I 2026-05-15 18:35:01,596] Trial 176 finished with values: [0.7071717077727561, 0.5359108438385654] and parameters: {'n_estimators': 64, 'learning_rate': 0.029385442161128397, 'subsample': 0.6137554084460873, 'colsample_bytree': 0.9637281608315128, 'min_child_weight': 10}.
[I 2026-05-15 18:35:02,309] Trial 177 finished with values: [0.7004001854100876, 0.6040150131568802] and parameters: {'n_estimators': 346, 'learning_rate': 0.01058040360169664, 'subsample': 0.602208846849441, 'colsample_bytree': 0.7755885682822544, 'min_child_weight': 2}.
[I 2026-05-15 18:35:03,082] Trial 178 finished with values: [0.7070345526334119, 0.5610705543417779] and parameters: {'n_estimators': 339, 'learning_rate': 0.010639368372762009, 'subsample': 0.602208846849441, 'colsample_bytree': 0.6377771843023713, 'min_child_weight': 3}.
[I 2026-05-15 18:35:03,846] Trial 179 finished with values: [0.6445669171222126, 0.5827535786605967] and parameters: {'n_estimators': 459, 'learning_rate': 0.10206664092951903, 'subsample': 0.6284754593840916, 'colsample_bytree': 0.7275902521175045, 'min_child_weight': 5}.
[I 2026-05-15 18:35:04,553] Trial 180 finished with values: [0.7145302574873822, 0.509929535466788] and parameters: {'n_estimators': 294, 'learning_rate': 0.016149614799999188, 'subsample': 0.602208846849441, 'colsample_bytree': 0.6298202574719083, 'min_child_weight': 10}.
[I 2026-05-15 18:35:05,307] Trial 181 finished with values: [0.7052681372584011, 0.6018247593029201] and parameters: {'n_estimators': 238, 'learning_rate': 0.0212853192163843, 'subsample': 0.9379501243877818, 'colsample_bytree': 0.7350460685614512, 'min_child_weight': 10}.
/home/mklemmingen/PycharmProjects/migraine-forecasting-shd/.venv/lib/python3.13/site-packages/sklearn/linear_model/_sag.py:348: ConvergenceWarning: The max_iter was reached which means the coef_ did not converge
  warnings.warn(
[I 2026-05-15 18:35:05,886] Trial 182 finished with values: [0.6919324583524626, 0.6259559011987132] and parameters: {'n_estimators': 60, 'learning_rate': 0.01607123851203988, 'subsample': 0.6296178606936361, 'colsample_bytree': 0.7465447373174767, 'min_child_weight': 5}.
[I 2026-05-15 18:35:06,349] Trial 183 finished with values: [0.6859735790592312, 0.63016433074385] and parameters: {'n_estimators': 64, 'learning_rate': 0.028180680291847244, 'subsample': 0.7257423924305306, 'colsample_bytree': 0.8736932106048627, 'min_child_weight': 5}.
[I 2026-05-15 18:35:07,200] Trial 184 finished with values: [0.704101958868687, 0.5816996812683028] and parameters: {'n_estimators': 417, 'learning_rate': 0.022587177280197233, 'subsample': 0.6579579488364892, 'colsample_bytree': 0.7423890714605046, 'min_child_weight': 10}.
[I 2026-05-15 18:35:07,754] Trial 185 finished with values: [0.6267932626192045, 0.6724016802641968] and parameters: {'n_estimators': 160, 'learning_rate': 0.2736872535680783, 'subsample': 0.6646514856378455, 'colsample_bytree': 0.8807867509030813, 'min_child_weight': 7}.
[I 2026-05-15 18:35:08,448] Trial 186 finished with values: [0.715553176355427, 0.5044448843057575] and parameters: {'n_estimators': 324, 'learning_rate': 0.019657448966046126, 'subsample': 0.6260206371941118, 'colsample_bytree': 0.9261845713819337, 'min_child_weight': 10}.
[I 2026-05-15 18:35:08,882] Trial 187 finished with values: [0.6698455630453799, 0.6630057756649076] and parameters: {'n_estimators': 64, 'learning_rate': 0.029385442161128397, 'subsample': 0.7257423924305306, 'colsample_bytree': 0.7127419099093599, 'min_child_weight': 2}.
[I 2026-05-15 18:35:09,718] Trial 188 finished with values: [0.699654088701131, 0.6453270777498132] and parameters: {'n_estimators': 408, 'learning_rate': 0.013313275850595153, 'subsample': 0.8786948661456602, 'colsample_bytree': 0.9261845713819337, 'min_child_weight': 3}.
[I 2026-05-15 18:35:10,405] Trial 189 finished with values: [0.7077381359486543, 0.5570699467341109] and parameters: {'n_estimators': 325, 'learning_rate': 0.01607123851203988, 'subsample': 0.7272013899887455, 'colsample_bytree': 0.6440207698110707, 'min_child_weight': 9}.
[I 2026-05-15 18:35:11,185] Trial 190 finished with values: [0.7019377453394645, 0.5570131604803186] and parameters: {'n_estimators': 339, 'learning_rate': 0.05388108577817234, 'subsample': 0.6646514856378455, 'colsample_bytree': 0.9637281608315128, 'min_child_weight': 7}.
[I 2026-05-15 18:35:12,007] Trial 191 finished with values: [0.6455406990154177, 0.5863577071358771] and parameters: {'n_estimators': 333, 'learning_rate': 0.19775731712985178, 'subsample': 0.6137554084460873, 'colsample_bytree': 0.9795542149013333, 'min_child_weight': 3}.
[I 2026-05-15 18:35:12,470] Trial 192 finished with values: [0.6803311288217213, 0.6275888790849434] and parameters: {'n_estimators': 64, 'learning_rate': 0.1218397677644799, 'subsample': 0.7257423924305306, 'colsample_bytree': 0.9795542149013333, 'min_child_weight': 10}.
[I 2026-05-15 18:35:13,240] Trial 193 finished with values: [0.7036985606545804, 0.573885152912714] and parameters: {'n_estimators': 294, 'learning_rate': 0.029385442161128397, 'subsample': 0.6390688456025535, 'colsample_bytree': 0.9746919954946938, 'min_child_weight': 5}.
[I 2026-05-15 18:35:13,710] Trial 194 finished with values: [0.7033398956835025, 0.5430353480779205] and parameters: {'n_estimators': 105, 'learning_rate': 0.05388108577817234, 'subsample': 0.7272013899887455, 'colsample_bytree': 0.9213923721539394, 'min_child_weight': 9}.
[I 2026-05-15 18:35:14,541] Trial 195 finished with values: [0.6890581084505715, 0.6893458155403127] and parameters: {'n_estimators': 414, 'learning_rate': 0.02609752135980675, 'subsample': 0.8073318609454947, 'colsample_bytree': 0.6709758175118891, 'min_child_weight': 9}.
[I 2026-05-15 18:35:15,186] Trial 196 finished with values: [0.695629001813979, 0.6126368463330009] and parameters: {'n_estimators': 160, 'learning_rate': 0.013313275850595153, 'subsample': 0.9002459006563434, 'colsample_bytree': 0.9568186220708453, 'min_child_weight': 7}.
[I 2026-05-15 18:35:16,032] Trial 197 finished with values: [0.7045740892370744, 0.574760172592804] and parameters: {'n_estimators': 413, 'learning_rate': 0.0212853192163843, 'subsample': 0.6479461469334731, 'colsample_bytree': 0.7350460685614512, 'min_child_weight': 10}.
[I 2026-05-15 18:35:16,877] Trial 198 finished with values: [0.6594184555602612, 0.5291914495494949] and parameters: {'n_estimators': 378, 'learning_rate': 0.13780336485751998, 'subsample': 0.6296178606936361, 'colsample_bytree': 0.7465447373174767, 'min_child_weight': 5}.
[I 2026-05-15 18:35:17,803] Trial 199 finished with values: [0.7099240123150515, 0.5145713586750306] and parameters: {'n_estimators': 496, 'learning_rate': 0.0212853192163843, 'subsample': 0.6479461469334731, 'colsample_bytree': 0.9795542149013333, 'min_child_weight': 9}.
[I 2026-05-15 18:35:18,569] Trial 200 finished with values: [0.6516337347399895, 0.754891920035655] and parameters: {'n_estimators': 339, 'learning_rate': 0.06909724267901692, 'subsample': 0.7650470707645706, 'colsample_bytree': 0.858188918362867, 'min_child_weight': 4}.
[I 2026-05-15 18:35:19,481] Trial 201 finished with values: [0.698586633725663, 0.4919958386179961] and parameters: {'n_estimators': 414, 'learning_rate': 0.05388108577817234, 'subsample': 0.6097263865725815, 'colsample_bytree': 0.9105651842967988, 'min_child_weight': 9}.
[I 2026-05-15 18:35:20,144] Trial 202 finished with values: [0.7149773738330258, 0.5128211668816162] and parameters: {'n_estimators': 203, 'learning_rate': 0.0212853192163843, 'subsample': 0.602208846849441, 'colsample_bytree': 0.6905983100791752, 'min_child_weight': 10}.
[I 2026-05-15 18:35:20,839] Trial 203 finished with values: [0.713655928125184, 0.5298950280680855] and parameters: {'n_estimators': 377, 'learning_rate': 0.016149614799999188, 'subsample': 0.602208846849441, 'colsample_bytree': 0.7957811041110252, 'min_child_weight': 10}.
[I 2026-05-15 18:35:21,722] Trial 204 finished with values: [0.6730303072351724, 0.6371241902750038] and parameters: {'n_estimators': 437, 'learning_rate': 0.05388108577817234, 'subsample': 0.7272013899887455, 'colsample_bytree': 0.9213923721539394, 'min_child_weight': 10}.
/home/mklemmingen/PycharmProjects/migraine-forecasting-shd/.venv/lib/python3.13/site-packages/sklearn/linear_model/_sag.py:348: ConvergenceWarning: The max_iter was reached which means the coef_ did not converge
  warnings.warn(
[I 2026-05-15 18:35:22,325] Trial 205 finished with values: [0.7054915613178367, 0.5291580479201261] and parameters: {'n_estimators': 105, 'learning_rate': 0.013313275850595153, 'subsample': 0.6097263865725815, 'colsample_bytree': 0.6440207698110707, 'min_child_weight': 7}.
[I 2026-05-15 18:35:23,040] Trial 206 finished with values: [0.6435278470842081, 0.6391712019208414] and parameters: {'n_estimators': 243, 'learning_rate': 0.12856643861355183, 'subsample': 0.9018171496338729, 'colsample_bytree': 0.9795542149013333, 'min_child_weight': 8}.
[I 2026-05-15 18:35:23,748] Trial 207 finished with values: [0.7029427821061136, 0.5688344219697636] and parameters: {'n_estimators': 238, 'learning_rate': 0.0212853192163843, 'subsample': 0.6479461469334731, 'colsample_bytree': 0.641249547534373, 'min_child_weight': 7}.
[I 2026-05-15 18:35:24,661] Trial 208 finished with values: [0.70287341037204, 0.5509004714704545] and parameters: {'n_estimators': 457, 'learning_rate': 0.0212853192163843, 'subsample': 0.6479461469334731, 'colsample_bytree': 0.8021009489791429, 'min_child_weight': 9}.
[I 2026-05-15 18:35:25,528] Trial 209 finished with values: [0.6483942325578389, 0.5278035490975744] and parameters: {'n_estimators': 422, 'learning_rate': 0.13780336485751998, 'subsample': 0.6296178606936361, 'colsample_bytree': 0.7433862914177091, 'min_child_weight': 2}.
[I 2026-05-15 18:35:26,335] Trial 210 finished with values: [0.7010351608775418, 0.6130026697751451] and parameters: {'n_estimators': 339, 'learning_rate': 0.01607123851203988, 'subsample': 0.6260206371941118, 'colsample_bytree': 0.858188918362867, 'min_child_weight': 6}.
[I 2026-05-15 18:35:27,017] Trial 211 finished with values: [0.7135073555491906, 0.5300555520810999] and parameters: {'n_estimators': 194, 'learning_rate': 0.016149614799999188, 'subsample': 0.7272013899887455, 'colsample_bytree': 0.9213923721539394, 'min_child_weight': 9}.
[I 2026-05-15 18:35:27,725] Trial 212 finished with values: [0.7149778725443903, 0.49872130116782143] and parameters: {'n_estimators': 225, 'learning_rate': 0.01058040360169664, 'subsample': 0.602208846849441, 'colsample_bytree': 0.6905983100791752, 'min_child_weight': 8}.
[I 2026-05-15 18:35:28,410] Trial 213 finished with values: [0.7009433601626107, 0.542107278697633] and parameters: {'n_estimators': 325, 'learning_rate': 0.022587177280197233, 'subsample': 0.6043350605921193, 'colsample_bytree': 0.7465447373174767, 'min_child_weight': 10}.
[I 2026-05-15 18:35:29,174] Trial 214 finished with values: [0.6374305145342778, 0.6526259783802015] and parameters: {'n_estimators': 346, 'learning_rate': 0.21744977418953557, 'subsample': 0.637469907131237, 'colsample_bytree': 0.6440207698110707, 'min_child_weight': 1}.
[I 2026-05-15 18:35:30,090] Trial 215 finished with values: [0.7028738324622389, 0.5829291826986609] and parameters: {'n_estimators': 339, 'learning_rate': 0.029625450352016573, 'subsample': 0.6646514856378455, 'colsample_bytree': 0.9509357413523924, 'min_child_weight': 7}.
[I 2026-05-15 18:35:30,858] Trial 216 finished with values: [0.701511227655418, 0.5780424970161671] and parameters: {'n_estimators': 478, 'learning_rate': 0.01607123851203988, 'subsample': 0.7272013899887455, 'colsample_bytree': 0.6440207698110707, 'min_child_weight': 10}.
[I 2026-05-15 18:35:31,753] Trial 217 finished with values: [0.7099833520175085, 0.5396800294382806] and parameters: {'n_estimators': 487, 'learning_rate': 0.0178601378893971, 'subsample': 0.6260206371941118, 'colsample_bytree': 0.9795542149013333, 'min_child_weight': 9}.
[I 2026-05-15 18:35:32,420] Trial 218 finished with values: [0.7036835075242702, 0.62596808805681] and parameters: {'n_estimators': 308, 'learning_rate': 0.0212853192163843, 'subsample': 0.8527348848679197, 'colsample_bytree': 0.7793782087913279, 'min_child_weight': 9}.
[I 2026-05-15 18:35:33,066] Trial 219 finished with values: [0.6947335479339328, 0.6403543978581991] and parameters: {'n_estimators': 182, 'learning_rate': 0.03058280993112278, 'subsample': 0.6296178606936361, 'colsample_bytree': 0.7433862914177091, 'min_child_weight': 2}.
[I 2026-05-15 18:35:33,693] Trial 220 finished with values: [0.7030275818237302, 0.6038051329235382] and parameters: {'n_estimators': 294, 'learning_rate': 0.028180680291847244, 'subsample': 0.8690073824308153, 'colsample_bytree': 0.9746919954946938, 'min_child_weight': 9}.
[I 2026-05-15 18:35:34,482] Trial 221 finished with values: [0.7051424719277268, 0.5949218624019252] and parameters: {'n_estimators': 294, 'learning_rate': 0.016149614799999188, 'subsample': 0.900949811775072, 'colsample_bytree': 0.9166316174903394, 'min_child_weight': 10}.
[I 2026-05-15 18:35:35,155] Trial 222 finished with values: [0.6800955138142342, 0.5393154382797641] and parameters: {'n_estimators': 324, 'learning_rate': 0.1466769064893309, 'subsample': 0.6364824412194762, 'colsample_bytree': 0.9795542149013333, 'min_child_weight': 5}.
[I 2026-05-15 18:35:35,956] Trial 223 finished with values: [0.7112219099206687, 0.5334868002112251] and parameters: {'n_estimators': 293, 'learning_rate': 0.011693687409928539, 'subsample': 0.6479461469334731, 'colsample_bytree': 0.9570235993959911, 'min_child_weight': 10}.
[I 2026-05-15 18:35:36,682] Trial 224 finished with values: [0.7077381359486543, 0.5570699467341109] and parameters: {'n_estimators': 325, 'learning_rate': 0.01607123851203988, 'subsample': 0.7272013899887455, 'colsample_bytree': 0.6440207698110707, 'min_child_weight': 9}.
[I 2026-05-15 18:35:37,395] Trial 225 finished with values: [0.6690587204383636, 0.5316913149452219] and parameters: {'n_estimators': 414, 'learning_rate': 0.21068591627429098, 'subsample': 0.6230235040066577, 'colsample_bytree': 0.8198115529294943, 'min_child_weight': 5}.
[I 2026-05-15 18:35:38,147] Trial 226 finished with values: [0.6335516042357316, 0.6831584458769335] and parameters: {'n_estimators': 355, 'learning_rate': 0.20476075218575424, 'subsample': 0.602208846849441, 'colsample_bytree': 0.6905983100791752, 'min_child_weight': 4}.
