[I 2026-05-15 18:38:30,009] Trial 462 finished with values: [0.6805359897605213, 0.5014867725033446] and parameters: {'n_estimators': 324, 'learning_rate': 0.09396591857488666, 'subsample': 0.6611436556737328, 'colsample_bytree': 0.6905983100791752, 'min_child_weight': 10}.
[I 2026-05-15 18:38:30,799] Trial 463 finished with values: [0.7148499640876459, 0.509876554373777] and parameters: {'n_estimators': 324, 'learning_rate': 0.0212853192163843, 'subsample': 0.6479461469334731, 'colsample_bytree': 0.9795542149013333, 'min_child_weight': 10}.
[I 2026-05-15 18:38:31,592] Trial 464 finished with values: [0.7089342632047935, 0.5316547555402759] and parameters: {'n_estimators': 313, 'learning_rate': 0.01167158438611932, 'subsample': 0.6097263865725815, 'colsample_bytree': 0.6983830913538033, 'min_child_weight': 7}.
[I 2026-05-15 18:38:32,395] Trial 465 finished with values: [0.718184684953078, 0.5380533259888644] and parameters: {'n_estimators': 324, 'learning_rate': 0.019657448966046126, 'subsample': 0.6642725493038223, 'colsample_bytree': 0.9795542149013333, 'min_child_weight': 10}.
[I 2026-05-15 18:38:32,975] Trial 466 finished with values: [0.706580204436696, 0.5717598184069133] and parameters: {'n_estimators': 225, 'learning_rate': 0.016149614799999188, 'subsample': 0.602208846849441, 'colsample_bytree': 0.6905983100791752, 'min_child_weight': 2}.
[I 2026-05-15 18:38:33,596] Trial 467 finished with values: [0.7055638003270313, 0.5907555197202466] and parameters: {'n_estimators': 324, 'learning_rate': 0.013313275850595153, 'subsample': 0.6260206371941118, 'colsample_bytree': 0.6905983100791752, 'min_child_weight': 3}.
[I 2026-05-15 18:38:34,208] Trial 468 finished with values: [0.7197645383645506, 0.5046288395782019] and parameters: {'n_estimators': 194, 'learning_rate': 0.018034072970800914, 'subsample': 0.7272013899887455, 'colsample_bytree': 0.9795542149013333, 'min_child_weight': 10}.
[I 2026-05-15 18:38:34,922] Trial 469 finished with values: [0.7123178957175651, 0.5061044332324975] and parameters: {'n_estimators': 238, 'learning_rate': 0.012113606011086922, 'subsample': 0.6097263865725815, 'colsample_bytree': 0.9587061698505701, 'min_child_weight': 8}.
[I 2026-05-15 18:38:35,775] Trial 470 finished with values: [0.7170157282490136, 0.5234194134976221] and parameters: {'n_estimators': 414, 'learning_rate': 0.013137567821944727, 'subsample': 0.6097263865725815, 'colsample_bytree': 0.9105651842967988, 'min_child_weight': 8}.
[I 2026-05-15 18:38:36,577] Trial 471 finished with values: [0.7101071497581763, 0.515083813180061] and parameters: {'n_estimators': 313, 'learning_rate': 0.01167158438611932, 'subsample': 0.6097263865725815, 'colsample_bytree': 0.6905983100791752, 'min_child_weight': 7}.
[I 2026-05-15 18:38:37,192] Trial 472 finished with values: [0.6883726998040978, 0.5965728575087865] and parameters: {'n_estimators': 286, 'learning_rate': 0.09396591857488666, 'subsample': 0.6097263865725815, 'colsample_bytree': 0.6172639647802304, 'min_child_weight': 9}.
[I 2026-05-15 18:38:37,980] Trial 473 finished with values: [0.6930779550370576, 0.5943966744376553] and parameters: {'n_estimators': 414, 'learning_rate': 0.040383678523437626, 'subsample': 0.602208846849441, 'colsample_bytree': 0.8736932106048627, 'min_child_weight': 2}.
[I 2026-05-15 18:38:38,751] Trial 474 finished with values: [0.6431177380355955, 0.6469556110366957] and parameters: {'n_estimators': 324, 'learning_rate': 0.28254806356395257, 'subsample': 0.6536060913802563, 'colsample_bytree': 0.6905983100791752, 'min_child_weight': 10}.
[I 2026-05-15 18:38:39,550] Trial 475 finished with values: [0.7131326349683802, 0.5094041907626723] and parameters: {'n_estimators': 324, 'learning_rate': 0.01463844831776675, 'subsample': 0.6260206371941118, 'colsample_bytree': 0.9261845713819337, 'min_child_weight': 10}.
[I 2026-05-15 18:38:40,352] Trial 476 finished with values: [0.6777221710763008, 0.6307872140457235] and parameters: {'n_estimators': 339, 'learning_rate': 0.049234393858490974, 'subsample': 0.602208846849441, 'colsample_bytree': 0.6905983100791752, 'min_child_weight': 4}.
[I 2026-05-15 18:38:41,137] Trial 477 finished with values: [0.7173562889764945, 0.5318165103391552] and parameters: {'n_estimators': 294, 'learning_rate': 0.016149614799999188, 'subsample': 0.7272013899887455, 'colsample_bytree': 0.6298202574719083, 'min_child_weight': 9}.
[I 2026-05-15 18:38:41,997] Trial 478 finished with values: [0.698586633725663, 0.4919958386179961] and parameters: {'n_estimators': 414, 'learning_rate': 0.05388108577817234, 'subsample': 0.6097263865725815, 'colsample_bytree': 0.9105651842967988, 'min_child_weight': 9}.
[I 2026-05-15 18:38:42,761] Trial 479 finished with values: [0.7144381424448939, 0.5322045076778349] and parameters: {'n_estimators': 414, 'learning_rate': 0.019657448966046126, 'subsample': 0.6097263865725815, 'colsample_bytree': 0.9877881733101476, 'min_child_weight': 10}.
[I 2026-05-15 18:38:43,603] Trial 480 finished with values: [0.6531249569615115, 0.5812073163631766] and parameters: {'n_estimators': 414, 'learning_rate': 0.18987114604724706, 'subsample': 0.6097263865725815, 'colsample_bytree': 0.6298202574719083, 'min_child_weight': 10}.
[I 2026-05-15 18:38:44,450] Trial 481 finished with values: [0.7090421772340108, 0.5579656180476673] and parameters: {'n_estimators': 418, 'learning_rate': 0.01058040360169664, 'subsample': 0.602208846849441, 'colsample_bytree': 0.6298202574719083, 'min_child_weight': 3}.
[I 2026-05-15 18:38:45,199] Trial 482 finished with values: [0.6936899727795569, 0.48160791161267] and parameters: {'n_estimators': 324, 'learning_rate': 0.09396591857488666, 'subsample': 0.6260206371941118, 'colsample_bytree': 0.7957811041110252, 'min_child_weight': 10}.
[I 2026-05-15 18:38:45,866] Trial 483 finished with values: [0.7141029970386776, 0.554550503690694] and parameters: {'n_estimators': 324, 'learning_rate': 0.0212853192163843, 'subsample': 0.6683550349560263, 'colsample_bytree': 0.9795542149013333, 'min_child_weight': 9}.
[I 2026-05-15 18:38:46,601] Trial 484 finished with values: [0.6734962686147842, 0.5483059852597156] and parameters: {'n_estimators': 324, 'learning_rate': 0.15750181143068478, 'subsample': 0.6097263865725815, 'colsample_bytree': 0.8674572879697724, 'min_child_weight': 10}.
[I 2026-05-15 18:38:47,294] Trial 485 finished with values: [0.7122812887586558, 0.5167883809879384] and parameters: {'n_estimators': 355, 'learning_rate': 0.01058040360169664, 'subsample': 0.602208846849441, 'colsample_bytree': 0.8227051572055719, 'min_child_weight': 8}.
[I 2026-05-15 18:38:48,126] Trial 486 finished with values: [0.7152802414351075, 0.5246443936311271] and parameters: {'n_estimators': 414, 'learning_rate': 0.012113606011086922, 'subsample': 0.6097263865725815, 'colsample_bytree': 0.6905983100791752, 'min_child_weight': 10}.
[I 2026-05-15 18:38:48,901] Trial 487 finished with values: [0.7142872467592658, 0.5137690449504901] and parameters: {'n_estimators': 324, 'learning_rate': 0.019657448966046126, 'subsample': 0.6260206371941118, 'colsample_bytree': 0.9795542149013333, 'min_child_weight': 9}.
[I 2026-05-15 18:38:49,662] Trial 488 finished with values: [0.6748282907367383, 0.5026058907077923] and parameters: {'n_estimators': 307, 'learning_rate': 0.21434810637527812, 'subsample': 0.602208846849441, 'colsample_bytree': 0.7957811041110252, 'min_child_weight': 8}.
[I 2026-05-15 18:38:50,221] Trial 489 finished with values: [0.7085264083447436, 0.5070556074358021] and parameters: {'n_estimators': 176, 'learning_rate': 0.013313275850595153, 'subsample': 0.6097263865725815, 'colsample_bytree': 0.9077971732767748, 'min_child_weight': 10}.
[I 2026-05-15 18:38:50,843] Trial 490 finished with values: [0.7171763231473779, 0.5249651462187843] and parameters: {'n_estimators': 324, 'learning_rate': 0.016149614799999188, 'subsample': 0.6097263865725815, 'colsample_bytree': 0.6748174994230093, 'min_child_weight': 10}.
[I 2026-05-15 18:38:51,657] Trial 491 finished with values: [0.7064778444813296, 0.5553197196280651] and parameters: {'n_estimators': 324, 'learning_rate': 0.012113606011086922, 'subsample': 0.7294716945616975, 'colsample_bytree': 0.6905983100791752, 'min_child_weight': 10}.
[I 2026-05-15 18:38:52,500] Trial 492 finished with values: [0.7137647627208713, 0.575512122689531] and parameters: {'n_estimators': 414, 'learning_rate': 0.013313275850595153, 'subsample': 0.7701745754465668, 'colsample_bytree': 0.6905983100791752, 'min_child_weight': 10}.
[I 2026-05-15 18:38:53,100] Trial 493 finished with values: [0.71520383106942, 0.5510866409367808] and parameters: {'n_estimators': 238, 'learning_rate': 0.0212853192163843, 'subsample': 0.602208846849441, 'colsample_bytree': 0.803044151473782, 'min_child_weight': 9}.
[I 2026-05-15 18:38:53,730] Trial 494 finished with values: [0.7097485857900216, 0.5414982307723316] and parameters: {'n_estimators': 294, 'learning_rate': 0.016149614799999188, 'subsample': 0.6969638929660321, 'colsample_bytree': 0.9213923721539394, 'min_child_weight': 10}.
[I 2026-05-15 18:38:54,540] Trial 495 finished with values: [0.7039543530403913, 0.6391696839481886] and parameters: {'n_estimators': 324, 'learning_rate': 0.019657448966046126, 'subsample': 0.6097263865725815, 'colsample_bytree': 0.9261845713819337, 'min_child_weight': 2}.
[I 2026-05-15 18:38:55,279] Trial 496 finished with values: [0.7095714479648022, 0.5114855590817255] and parameters: {'n_estimators': 324, 'learning_rate': 0.019657448966046126, 'subsample': 0.6260206371941118, 'colsample_bytree': 0.6298202574719083, 'min_child_weight': 10}.
[I 2026-05-15 18:38:56,077] Trial 497 finished with values: [0.7054789320606257, 0.5244333613766698] and parameters: {'n_estimators': 328, 'learning_rate': 0.04580177581204563, 'subsample': 0.602208846849441, 'colsample_bytree': 0.9795542149013333, 'min_child_weight': 7}.
[I 2026-05-15 18:38:56,745] Trial 498 finished with values: [0.6866200505182535, 0.600951344356415] and parameters: {'n_estimators': 339, 'learning_rate': 0.049234393858490974, 'subsample': 0.6260206371941118, 'colsample_bytree': 0.7957811041110252, 'min_child_weight': 2}.
[I 2026-05-15 18:38:57,409] Trial 499 finished with values: [0.7194900315576334, 0.49263811429257054] and parameters: {'n_estimators': 225, 'learning_rate': 0.019657448966046126, 'subsample': 0.602208846849441, 'colsample_bytree': 0.6905983100791752, 'min_child_weight': 10}.
Building variant 'auroc_max'...
Saved /home/mklemmingen/PycharmProjects/migraine-forecasting-shd/experiment/0/migraine/full_features/stacked_2xgb_meta_lr/80_20/chrono/HyperparameterTuned/pareto_AUROC_slope/auroc_max/model.joblib

# End capture ------------------------------------------
# Finished: 2026-05-15T18:38:58
