[I 2026-05-15 18:35:38,918] Trial 227 finished with values: [0.6868437903781665, 0.5217655456511571] and parameters: {'n_estimators': 339, 'learning_rate': 0.05388108577817234, 'subsample': 0.6097263865725815, 'colsample_bytree': 0.6468268065710423, 'min_child_weight': 7}.
[I 2026-05-15 18:35:39,511] Trial 228 finished with values: [0.7009018357201511, 0.609552080130175] and parameters: {'n_estimators': 105, 'learning_rate': 0.05388108577817234, 'subsample': 0.6137554084460873, 'colsample_bytree': 0.6571966728211344, 'min_child_weight': 3}.
[I 2026-05-15 18:35:40,143] Trial 229 finished with values: [0.7119395598500867, 0.5238429402656003] and parameters: {'n_estimators': 324, 'learning_rate': 0.0178601378893971, 'subsample': 0.6296178606936361, 'colsample_bytree': 0.9795542149013333, 'min_child_weight': 10}.
[I 2026-05-15 18:35:40,901] Trial 230 finished with values: [0.6811669435524893, 0.7344342757450038] and parameters: {'n_estimators': 324, 'learning_rate': 0.019657448966046126, 'subsample': 0.9046042526869889, 'colsample_bytree': 0.9261845713819337, 'min_child_weight': 8}.
[I 2026-05-15 18:35:41,718] Trial 231 finished with values: [0.7142137289945726, 0.5113668753805174] and parameters: {'n_estimators': 328, 'learning_rate': 0.0212853192163843, 'subsample': 0.6479461469334731, 'colsample_bytree': 0.9795542149013333, 'min_child_weight': 10}.
/home/mklemmingen/PycharmProjects/migraine-forecasting-shd/.venv/lib/python3.13/site-packages/sklearn/linear_model/_sag.py:348: ConvergenceWarning: The max_iter was reached which means the coef_ did not converge
  warnings.warn(
[I 2026-05-15 18:35:42,256] Trial 232 finished with values: [0.6985840438846255, 0.5992055561474368] and parameters: {'n_estimators': 105, 'learning_rate': 0.014104914380026676, 'subsample': 0.6260206371941118, 'colsample_bytree': 0.9213923721539394, 'min_child_weight': 1}.
[I 2026-05-15 18:35:42,976] Trial 233 finished with values: [0.7082370939156463, 0.5340413747335091] and parameters: {'n_estimators': 366, 'learning_rate': 0.029385442161128397, 'subsample': 0.6479461469334731, 'colsample_bytree': 0.9795542149013333, 'min_child_weight': 9}.
[I 2026-05-15 18:35:43,742] Trial 234 finished with values: [0.6964036419764331, 0.4188708781119934] and parameters: {'n_estimators': 324, 'learning_rate': 0.09396591857488666, 'subsample': 0.6260206371941118, 'colsample_bytree': 0.9795542149013333, 'min_child_weight': 10}.
[I 2026-05-15 18:35:44,426] Trial 235 finished with values: [0.7173562889764945, 0.5318165103391552] and parameters: {'n_estimators': 294, 'learning_rate': 0.016149614799999188, 'subsample': 0.7272013899887455, 'colsample_bytree': 0.6298202574719083, 'min_child_weight': 9}.
[I 2026-05-15 18:35:45,183] Trial 236 finished with values: [0.7127819763924427, 0.5072755164389183] and parameters: {'n_estimators': 294, 'learning_rate': 0.016149614799999188, 'subsample': 0.6260206371941118, 'colsample_bytree': 0.7957811041110252, 'min_child_weight': 10}.
[I 2026-05-15 18:35:45,679] Trial 237 finished with values: [0.6952701000637885, 0.6468650715867589] and parameters: {'n_estimators': 105, 'learning_rate': 0.043737251953017454, 'subsample': 0.6479461469334731, 'colsample_bytree': 0.6440207698110707, 'min_child_weight': 1}.
/home/mklemmingen/PycharmProjects/migraine-forecasting-shd/.venv/lib/python3.13/site-packages/sklearn/linear_model/_sag.py:348: ConvergenceWarning: The max_iter was reached which means the coef_ did not converge
  warnings.warn(
[I 2026-05-15 18:35:46,191] Trial 238 finished with values: [0.6958978481375943, 0.6000205540016342] and parameters: {'n_estimators': 64, 'learning_rate': 0.01607123851203988, 'subsample': 0.6260206371941118, 'colsample_bytree': 0.9637281608315128, 'min_child_weight': 10}.
[I 2026-05-15 18:35:46,994] Trial 239 finished with values: [0.7065217588748224, 0.5611488438746857] and parameters: {'n_estimators': 420, 'learning_rate': 0.019657448966046126, 'subsample': 0.6260206371941118, 'colsample_bytree': 0.7465447373174767, 'min_child_weight': 10}.
[I 2026-05-15 18:35:47,902] Trial 240 finished with values: [0.7062674072164817, 0.5585866145988878] and parameters: {'n_estimators': 496, 'learning_rate': 0.016149614799999188, 'subsample': 0.6479461469334731, 'colsample_bytree': 0.7957811041110252, 'min_child_weight': 10}.
[I 2026-05-15 18:35:48,563] Trial 241 finished with values: [0.6913662517026581, 0.44226886586929715] and parameters: {'n_estimators': 293, 'learning_rate': 0.11046009304545999, 'subsample': 0.616291520927588, 'colsample_bytree': 0.9570235993959911, 'min_child_weight': 9}.
[I 2026-05-15 18:35:49,395] Trial 242 finished with values: [0.7050849558914455, 0.5486687728228397] and parameters: {'n_estimators': 339, 'learning_rate': 0.013313275850595153, 'subsample': 0.6390688456025535, 'colsample_bytree': 0.6282274989601719, 'min_child_weight': 10}.
[I 2026-05-15 18:35:50,039] Trial 243 finished with values: [0.7106918324666783, 0.5432896166858964] and parameters: {'n_estimators': 238, 'learning_rate': 0.0212853192163843, 'subsample': 0.6260206371941118, 'colsample_bytree': 0.6325395122567599, 'min_child_weight': 10}.
[I 2026-05-15 18:35:50,863] Trial 244 finished with values: [0.6964034041596661, 0.6690778320717603] and parameters: {'n_estimators': 296, 'learning_rate': 0.013313275850595153, 'subsample': 0.6579579488364892, 'colsample_bytree': 0.858188918362867, 'min_child_weight': 1}.
[I 2026-05-15 18:35:51,644] Trial 245 finished with values: [0.666555887940251, 0.5640203945947886] and parameters: {'n_estimators': 346, 'learning_rate': 0.2736872535680783, 'subsample': 0.637469907131237, 'colsample_bytree': 0.7755885682822544, 'min_child_weight': 10}.
[I 2026-05-15 18:35:52,587] Trial 246 finished with values: [0.7110671763359846, 0.5543936453415272] and parameters: {'n_estimators': 414, 'learning_rate': 0.013313275850595153, 'subsample': 0.6097263865725815, 'colsample_bytree': 0.6905983100791752, 'min_child_weight': 7}.
[I 2026-05-15 18:35:53,364] Trial 247 finished with values: [0.715553176355427, 0.5044448843057575] and parameters: {'n_estimators': 324, 'learning_rate': 0.019657448966046126, 'subsample': 0.6260206371941118, 'colsample_bytree': 0.9261845713819337, 'min_child_weight': 10}.
[I 2026-05-15 18:35:53,940] Trial 248 finished with values: [0.7028241610181188, 0.5805048348278394] and parameters: {'n_estimators': 238, 'learning_rate': 0.035714399098231424, 'subsample': 0.6479461469334731, 'colsample_bytree': 0.7482568588267564, 'min_child_weight': 10}.
[I 2026-05-15 18:35:54,777] Trial 249 finished with values: [0.7049847399175254, 0.534786912490446] and parameters: {'n_estimators': 355, 'learning_rate': 0.01058040360169664, 'subsample': 0.7272013899887455, 'colsample_bytree': 0.6440207698110707, 'min_child_weight': 10}.
[I 2026-05-15 18:35:55,462] Trial 250 finished with values: [0.6804941573062275, 0.5938320449625523] and parameters: {'n_estimators': 238, 'learning_rate': 0.15870971677383489, 'subsample': 0.6479461469334731, 'colsample_bytree': 0.9795542149013333, 'min_child_weight': 10}.
[I 2026-05-15 18:35:56,385] Trial 251 finished with values: [0.6958933224371303, 0.5701456189388755] and parameters: {'n_estimators': 477, 'learning_rate': 0.016149614799999188, 'subsample': 0.7272013899887455, 'colsample_bytree': 0.9944004255291483, 'min_child_weight': 10}.
[I 2026-05-15 18:35:57,029] Trial 252 finished with values: [0.6678974612358483, 0.5772569262475404] and parameters: {'n_estimators': 294, 'learning_rate': 0.129667438075127, 'subsample': 0.7505038342123663, 'colsample_bytree': 0.9795542149013333, 'min_child_weight': 10}.
[I 2026-05-15 18:35:57,609] Trial 253 finished with values: [0.6563877007013607, 0.5214200363648333] and parameters: {'n_estimators': 225, 'learning_rate': 0.13780336485751998, 'subsample': 0.602208846849441, 'colsample_bytree': 0.6905983100791752, 'min_child_weight': 2}.
[I 2026-05-15 18:35:58,446] Trial 254 finished with values: [0.7033719202220438, 0.5758493671059625] and parameters: {'n_estimators': 496, 'learning_rate': 0.0212853192163843, 'subsample': 0.6479461469334731, 'colsample_bytree': 0.7465447373174767, 'min_child_weight': 9}.
[I 2026-05-15 18:35:59,082] Trial 255 finished with values: [0.7072098802713607, 0.5475531520465029] and parameters: {'n_estimators': 294, 'learning_rate': 0.016149614799999188, 'subsample': 0.6334002866794675, 'colsample_bytree': 0.6298202574719083, 'min_child_weight': 9}.
[I 2026-05-15 18:35:59,775] Trial 256 finished with values: [0.7144511235623157, 0.49369267159727703] and parameters: {'n_estimators': 194, 'learning_rate': 0.0212853192163843, 'subsample': 0.7272013899887455, 'colsample_bytree': 0.9213923721539394, 'min_child_weight': 10}.
[I 2026-05-15 18:36:00,588] Trial 257 finished with values: [0.7154584516722853, 0.5335497322040108] and parameters: {'n_estimators': 324, 'learning_rate': 0.0212853192163843, 'subsample': 0.6260206371941118, 'colsample_bytree': 0.9108587663709747, 'min_child_weight': 10}.
[I 2026-05-15 18:36:01,257] Trial 258 finished with values: [0.7106935801502448, 0.53954690208136] and parameters: {'n_estimators': 301, 'learning_rate': 0.029385442161128397, 'subsample': 0.6137554084460873, 'colsample_bytree': 0.9637281608315128, 'min_child_weight': 10}.
[I 2026-05-15 18:36:01,998] Trial 259 finished with values: [0.7092546330918827, 0.5592782545548262] and parameters: {'n_estimators': 324, 'learning_rate': 0.01607123851203988, 'subsample': 0.6260206371941118, 'colsample_bytree': 0.7696888036987906, 'min_child_weight': 6}.
[I 2026-05-15 18:36:02,633] Trial 260 finished with values: [0.6987945509229935, 0.6439521761164353] and parameters: {'n_estimators': 324, 'learning_rate': 0.019657448966046126, 'subsample': 0.6296178606936361, 'colsample_bytree': 0.9261845713819337, 'min_child_weight': 2}.
[I 2026-05-15 18:36:03,394] Trial 261 finished with values: [0.7155413967156983, 0.4956292099397525] and parameters: {'n_estimators': 294, 'learning_rate': 0.016149614799999188, 'subsample': 0.6097263865725815, 'colsample_bytree': 0.6298202574719083, 'min_child_weight': 10}.
[I 2026-05-15 18:36:04,132] Trial 262 finished with values: [0.7107315793044612, 0.5339271046909893] and parameters: {'n_estimators': 355, 'learning_rate': 0.01058040360169664, 'subsample': 0.602208846849441, 'colsample_bytree': 0.9625417540378944, 'min_child_weight': 8}.
[I 2026-05-15 18:36:04,741] Trial 263 finished with values: [0.71328515266043, 0.5296374946100058] and parameters: {'n_estimators': 238, 'learning_rate': 0.0212853192163843, 'subsample': 0.602208846849441, 'colsample_bytree': 0.9760920965699831, 'min_child_weight': 10}.
[I 2026-05-15 18:36:05,231] Trial 264 finished with values: [0.7080784996689891, 0.5671483368487372] and parameters: {'n_estimators': 100, 'learning_rate': 0.0212853192163843, 'subsample': 0.7552679704826087, 'colsample_bytree': 0.7350460685614512, 'min_child_weight': 9}.
[I 2026-05-15 18:36:06,067] Trial 265 finished with values: [0.7140234716853475, 0.5218351902728967] and parameters: {'n_estimators': 377, 'learning_rate': 0.0212853192163843, 'subsample': 0.602208846849441, 'colsample_bytree': 0.9760920965699831, 'min_child_weight': 10}.
[I 2026-05-15 18:36:06,784] Trial 266 finished with values: [0.7012146657181428, 0.5840219224333094] and parameters: {'n_estimators': 238, 'learning_rate': 0.0212853192163843, 'subsample': 0.8048372233197124, 'colsample_bytree': 0.699092395800463, 'min_child_weight': 10}.
[I 2026-05-15 18:36:07,631] Trial 267 finished with values: [0.7172923718922795, 0.5157633163935603] and parameters: {'n_estimators': 414, 'learning_rate': 0.013313275850595153, 'subsample': 0.6097263865725815, 'colsample_bytree': 0.6905983100791752, 'min_child_weight': 10}.
[I 2026-05-15 18:36:08,597] Trial 268 finished with values: [0.6672072771977369, 0.5587403298188842] and parameters: {'n_estimators': 496, 'learning_rate': 0.13780336485751998, 'subsample': 0.6296178606936361, 'colsample_bytree': 0.9795542149013333, 'min_child_weight': 5}.
[I 2026-05-15 18:36:09,322] Trial 269 finished with values: [0.7043758007518537, 0.5075848149430905] and parameters: {'n_estimators': 324, 'learning_rate': 0.053415464843459444, 'subsample': 0.6260206371941118, 'colsample_bytree': 0.9261845713819337, 'min_child_weight': 10}.
[I 2026-05-15 18:36:10,026] Trial 270 finished with values: [0.7073888529088087, 0.5337191674670073] and parameters: {'n_estimators': 238, 'learning_rate': 0.0212853192163843, 'subsample': 0.6479461469334731, 'colsample_bytree': 0.7350460685614512, 'min_child_weight': 10}.
[I 2026-05-15 18:36:10,644] Trial 271 finished with values: [0.689442592304304, 0.5981342947708944] and parameters: {'n_estimators': 238, 'learning_rate': 0.05388108577817234, 'subsample': 0.6260206371941118, 'colsample_bytree': 0.6325395122567599, 'min_child_weight': 1}.
[I 2026-05-15 18:36:11,458] Trial 272 finished with values: [0.6834848473056392, 0.5499110845950341] and parameters: {'n_estimators': 324, 'learning_rate': 0.06909724267901692, 'subsample': 0.637469907131237, 'colsample_bytree': 0.9795542149013333, 'min_child_weight': 2}.
[I 2026-05-15 18:36:12,198] Trial 273 finished with values: [0.6856898277073816, 0.516849673400233] and parameters: {'n_estimators': 339, 'learning_rate': 0.049234393858490974, 'subsample': 0.6225213102727349, 'colsample_bytree': 0.6475271665072287, 'min_child_weight': 10}.
[I 2026-05-15 18:36:12,895] Trial 274 finished with values: [0.7095142535127982, 0.5419239878960148] and parameters: {'n_estimators': 324, 'learning_rate': 0.0212853192163843, 'subsample': 0.6470104987108419, 'colsample_bytree': 0.9261845713819337, 'min_child_weight': 7}.
[I 2026-05-15 18:36:13,738] Trial 275 finished with values: [0.713588104778954, 0.5044339186687309] and parameters: {'n_estimators': 386, 'learning_rate': 0.01058040360169664, 'subsample': 0.602208846849441, 'colsample_bytree': 0.6905983100791752, 'min_child_weight': 8}.
[I 2026-05-15 18:36:14,589] Trial 276 finished with values: [0.7006616803048225, 0.6056656600499544] and parameters: {'n_estimators': 414, 'learning_rate': 0.013313275850595153, 'subsample': 0.7272013899887455, 'colsample_bytree': 0.6298202574719083, 'min_child_weight': 7}.
[I 2026-05-15 18:36:15,388] Trial 277 finished with values: [0.693670694012335, 0.6765299676562722] and parameters: {'n_estimators': 324, 'learning_rate': 0.01058040360169664, 'subsample': 0.8333475060388639, 'colsample_bytree': 0.9795542149013333, 'min_child_weight': 2}.
[I 2026-05-15 18:36:16,245] Trial 278 finished with values: [0.7187387119393215, 0.5432333347006153] and parameters: {'n_estimators': 414, 'learning_rate': 0.013313275850595153, 'subsample': 0.6097263865725815, 'colsample_bytree': 0.8736932106048627, 'min_child_weight': 10}.
[I 2026-05-15 18:36:16,944] Trial 279 finished with values: [0.6547294726072301, 0.6775782174094983] and parameters: {'n_estimators': 414, 'learning_rate': 0.09396591857488666, 'subsample': 0.7499482318094817, 'colsample_bytree': 0.7142848345127443, 'min_child_weight': 9}.
[I 2026-05-15 18:36:17,691] Trial 280 finished with values: [0.6727432770124049, 0.7901794229107996] and parameters: {'n_estimators': 398, 'learning_rate': 0.019657448966046126, 'subsample': 0.9474396512757841, 'colsample_bytree': 0.9261845713819337, 'min_child_weight': 3}.
[I 2026-05-15 18:36:18,391] Trial 281 finished with values: [0.6948507898621522, 0.5728527573419864] and parameters: {'n_estimators': 238, 'learning_rate': 0.26472593204036643, 'subsample': 0.6479461469334731, 'colsample_bytree': 0.9760920965699831, 'min_child_weight': 10}.
[I 2026-05-15 18:36:19,190] Trial 282 finished with values: [0.6599029791656563, 0.5302153113605975] and parameters: {'n_estimators': 378, 'learning_rate': 0.10519936117151477, 'subsample': 0.6048617898759265, 'colsample_bytree': 0.7350460685614512, 'min_child_weight': 2}.
[I 2026-05-15 18:36:19,970] Trial 283 finished with values: [0.7174539890827779, 0.5278144673937543] and parameters: {'n_estimators': 324, 'learning_rate': 0.019657448966046126, 'subsample': 0.7552679704826087, 'colsample_bytree': 0.9879515306830556, 'min_child_weight': 10}.
[I 2026-05-15 18:36:20,577] Trial 284 finished with values: [0.7148224462705974, 0.519126983110818] and parameters: {'n_estimators': 293, 'learning_rate': 0.013313275850595153, 'subsample': 0.616291520927588, 'colsample_bytree': 0.6172639647802304, 'min_child_weight': 9}.
[I 2026-05-15 18:36:21,416] Trial 285 finished with values: [0.6471152064401383, 0.7886673166516249] and parameters: {'n_estimators': 378, 'learning_rate': 0.20716979401768126, 'subsample': 0.8110804436345199, 'colsample_bytree': 0.9971859184477201, 'min_child_weight': 10}.
/home/mklemmingen/PycharmProjects/migraine-forecasting-shd/.venv/lib/python3.13/site-packages/sklearn/linear_model/_sag.py:348: ConvergenceWarning: The max_iter was reached which means the coef_ did not converge
  warnings.warn(
[I 2026-05-15 18:36:22,015] Trial 286 finished with values: [0.705188924937431, 0.5168111519313425] and parameters: {'n_estimators': 64, 'learning_rate': 0.029385442161128397, 'subsample': 0.6260206371941118, 'colsample_bytree': 0.9261845713819337, 'min_child_weight': 10}.
[I 2026-05-15 18:36:22,685] Trial 287 finished with values: [0.6771997539366751, 0.5444344853809282] and parameters: {'n_estimators': 293, 'learning_rate': 0.11046009304545999, 'subsample': 0.637469907131237, 'colsample_bytree': 0.7755885682822544, 'min_child_weight': 7}.
[I 2026-05-15 18:36:23,429] Trial 288 finished with values: [0.7112219099206687, 0.5334868002112251] and parameters: {'n_estimators': 293, 'learning_rate': 0.011693687409928539, 'subsample': 0.6479461469334731, 'colsample_bytree': 0.9570235993959911, 'min_child_weight': 10}.
[I 2026-05-15 18:36:24,130] Trial 289 finished with values: [0.7069817143120758, 0.5033941973255858] and parameters: {'n_estimators': 294, 'learning_rate': 0.0178601378893971, 'subsample': 0.6295186258941595, 'colsample_bytree': 0.6298202574719083, 'min_child_weight': 9}.
[I 2026-05-15 18:36:24,931] Trial 290 finished with values: [0.6520786640041187, 0.5021900657987766] and parameters: {'n_estimators': 378, 'learning_rate': 0.13780336485751998, 'subsample': 0.6296178606936361, 'colsample_bytree': 0.8215417137605283, 'min_child_weight': 2}.
[I 2026-05-15 18:36:25,715] Trial 291 finished with values: [0.7148993178199843, 0.5186747077048635] and parameters: {'n_estimators': 324, 'learning_rate': 0.0178601378893971, 'subsample': 0.6260206371941118, 'colsample_bytree': 0.9795542149013333, 'min_child_weight': 10}.
[I 2026-05-15 18:36:26,542] Trial 292 finished with values: [0.7147957604583463, 0.5182621490045275] and parameters: {'n_estimators': 324, 'learning_rate': 0.019657448966046126, 'subsample': 0.6097263865725815, 'colsample_bytree': 0.9261845713819337, 'min_child_weight': 7}.
[I 2026-05-15 18:36:27,062] Trial 293 finished with values: [0.7210033970851836, 0.4901184514764023] and parameters: {'n_estimators': 203, 'learning_rate': 0.0212853192163843, 'subsample': 0.602208846849441, 'colsample_bytree': 0.6905983100791752, 'min_child_weight': 9}.
[I 2026-05-15 18:36:27,979] Trial 294 finished with values: [0.7001956266993214, 0.5655783890591727] and parameters: {'n_estimators': 487, 'learning_rate': 0.016149614799999188, 'subsample': 0.7272013899887455, 'colsample_bytree': 0.8092391376680595, 'min_child_weight': 10}.
[I 2026-05-15 18:36:28,779] Trial 295 finished with values: [0.70803317374203, 0.5637727594037723] and parameters: {'n_estimators': 355, 'learning_rate': 0.0212853192163843, 'subsample': 0.602208846849441, 'colsample_bytree': 0.6905983100791752, 'min_child_weight': 8}.
[I 2026-05-15 18:36:29,687] Trial 296 finished with values: [0.6721724246927139, 0.5812792326481071] and parameters: {'n_estimators': 414, 'learning_rate': 0.08505465867325865, 'subsample': 0.6260206371941118, 'colsample_bytree': 0.9795542149013333, 'min_child_weight': 10}.
[I 2026-05-15 18:36:30,467] Trial 297 finished with values: [0.6954400516647917, 0.6040638695506623] and parameters: {'n_estimators': 324, 'learning_rate': 0.0178601378893971, 'subsample': 0.6260206371941118, 'colsample_bytree': 0.8782994755938469, 'min_child_weight': 5}.
[I 2026-05-15 18:36:31,178] Trial 298 finished with values: [0.6948292025692023, 0.5370847738704948] and parameters: {'n_estimators': 324, 'learning_rate': 0.0845238710259589, 'subsample': 0.602208846849441, 'colsample_bytree': 0.6298202574719083, 'min_child_weight': 10}.
[I 2026-05-15 18:36:31,921] Trial 299 finished with values: [0.6547962780333176, 0.4181845680058537] and parameters: {'n_estimators': 313, 'learning_rate': 0.21434810637527812, 'subsample': 0.6260206371941118, 'colsample_bytree': 0.7957811041110252, 'min_child_weight': 2}.
[I 2026-05-15 18:36:32,688] Trial 300 finished with values: [0.7195856767317907, 0.5172645155623236] and parameters: {'n_estimators': 313, 'learning_rate': 0.01167158438611932, 'subsample': 0.6097263865725815, 'colsample_bytree': 0.7957811041110252, 'min_child_weight': 7}.
[I 2026-05-15 18:36:33,213] Trial 301 finished with values: [0.6863984954986716, 0.5160792241745019] and parameters: {'n_estimators': 176, 'learning_rate': 0.13780336485751998, 'subsample': 0.602208846849441, 'colsample_bytree': 0.6905983100791752, 'min_child_weight': 10}.
[I 2026-05-15 18:36:33,952] Trial 302 finished with values: [0.6998108966496387, 0.593751948537089] and parameters: {'n_estimators': 414, 'learning_rate': 0.01058040360169664, 'subsample': 0.9801645936306235, 'colsample_bytree': 0.6905983100791752, 'min_child_weight': 10}.
[I 2026-05-15 18:36:34,655] Trial 303 finished with values: [0.7068743722760622, 0.5405675561020981] and parameters: {'n_estimators': 378, 'learning_rate': 0.016149614799999188, 'subsample': 0.6296178606936361, 'colsample_bytree': 0.6298202574719083, 'min_child_weight': 9}.
