[I 2026-05-15 16:19:14,081] Trial 217 finished with value: 0.6125463506271588 and parameters: {'n_estimators': 260, 'learning_rate': 0.08055323771079952, 'subsample': 0.6668135784368301, 'colsample_bytree': 0.9964674504547906, 'min_child_weight': 3}. Best is trial 205 with value: 0.6463086239853918.
[I 2026-05-15 16:19:14,797] Trial 218 finished with value: 0.5985049735554786 and parameters: {'n_estimators': 475, 'learning_rate': 0.09111856536457716, 'subsample': 0.8430947179515437, 'colsample_bytree': 0.8050754044066034, 'min_child_weight': 3}. Best is trial 205 with value: 0.6463086239853918.
[I 2026-05-15 16:19:15,253] Trial 219 finished with value: 0.5963446734153804 and parameters: {'n_estimators': 129, 'learning_rate': 0.021168245605336592, 'subsample': 0.6745753048577018, 'colsample_bytree': 0.9118337894267013, 'min_child_weight': 4}. Best is trial 205 with value: 0.6463086239853918.
[I 2026-05-15 16:19:15,672] Trial 220 finished with value: 0.6141811587266133 and parameters: {'n_estimators': 76, 'learning_rate': 0.27007357481469935, 'subsample': 0.9535143539853703, 'colsample_bytree': 0.9711009132780852, 'min_child_weight': 10}. Best is trial 205 with value: 0.6463086239853918.
[I 2026-05-15 16:19:16,140] Trial 221 finished with value: 0.6005809653284401 and parameters: {'n_estimators': 128, 'learning_rate': 0.038485533221220426, 'subsample': 0.9032953902816365, 'colsample_bytree': 0.8784082472215169, 'min_child_weight': 2}. Best is trial 205 with value: 0.6463086239853918.
[I 2026-05-15 16:19:16,986] Trial 222 finished with value: 0.6032573988129544 and parameters: {'n_estimators': 417, 'learning_rate': 0.021454872553820167, 'subsample': 0.6895270459290492, 'colsample_bytree': 0.8147897691573655, 'min_child_weight': 6}. Best is trial 205 with value: 0.6463086239853918.
[I 2026-05-15 16:19:17,720] Trial 223 finished with value: 0.5881564327018873 and parameters: {'n_estimators': 311, 'learning_rate': 0.013650141458097294, 'subsample': 0.9509843450521521, 'colsample_bytree': 0.7062400170354824, 'min_child_weight': 2}. Best is trial 205 with value: 0.6463086239853918.
[I 2026-05-15 16:19:18,540] Trial 224 finished with value: 0.5866639077750189 and parameters: {'n_estimators': 450, 'learning_rate': 0.25799609949079394, 'subsample': 0.9448510469061803, 'colsample_bytree': 0.9238064298899512, 'min_child_weight': 7}. Best is trial 205 with value: 0.6463086239853918.
[I 2026-05-15 16:19:19,162] Trial 225 finished with value: 0.5767781004144641 and parameters: {'n_estimators': 298, 'learning_rate': 0.013442807881704787, 'subsample': 0.7633812852282795, 'colsample_bytree': 0.7490754068049256, 'min_child_weight': 3}. Best is trial 205 with value: 0.6463086239853918.
[I 2026-05-15 16:19:19,858] Trial 226 finished with value: 0.6080913472832664 and parameters: {'n_estimators': 376, 'learning_rate': 0.05400930490489831, 'subsample': 0.6324184863630592, 'colsample_bytree': 0.6880732807799246, 'min_child_weight': 7}. Best is trial 205 with value: 0.6463086239853918.
[I 2026-05-15 16:19:20,285] Trial 227 finished with value: 0.626476259809593 and parameters: {'n_estimators': 84, 'learning_rate': 0.18085720917034953, 'subsample': 0.7980586108055897, 'colsample_bytree': 0.7922346309306592, 'min_child_weight': 6}. Best is trial 205 with value: 0.6463086239853918.
[I 2026-05-15 16:19:20,976] Trial 228 finished with value: 0.6037085609812883 and parameters: {'n_estimators': 421, 'learning_rate': 0.03264046773889467, 'subsample': 0.8712064610236254, 'colsample_bytree': 0.8262927855983164, 'min_child_weight': 3}. Best is trial 205 with value: 0.6463086239853918.
[I 2026-05-15 16:19:21,683] Trial 229 finished with value: 0.5913925141197869 and parameters: {'n_estimators': 446, 'learning_rate': 0.1506242597564433, 'subsample': 0.8633807338633701, 'colsample_bytree': 0.9402326916376967, 'min_child_weight': 9}. Best is trial 205 with value: 0.6463086239853918.
[I 2026-05-15 16:19:22,477] Trial 230 finished with value: 0.625231477049659 and parameters: {'n_estimators': 369, 'learning_rate': 0.17233368627246023, 'subsample': 0.8789885846677135, 'colsample_bytree': 0.8720563087041202, 'min_child_weight': 7}. Best is trial 205 with value: 0.6463086239853918.
[I 2026-05-15 16:19:23,276] Trial 231 finished with value: 0.5914464274060234 and parameters: {'n_estimators': 389, 'learning_rate': 0.01715058633804989, 'subsample': 0.9523483036795714, 'colsample_bytree': 0.9487374110980928, 'min_child_weight': 1}. Best is trial 205 with value: 0.6463086239853918.
[I 2026-05-15 16:19:24,096] Trial 232 finished with value: 0.5808338878035848 and parameters: {'n_estimators': 422, 'learning_rate': 0.015500882360981386, 'subsample': 0.7340475417036567, 'colsample_bytree': 0.897403302516643, 'min_child_weight': 2}. Best is trial 205 with value: 0.6463086239853918.
[I 2026-05-15 16:19:24,799] Trial 233 finished with value: 0.592195903104994 and parameters: {'n_estimators': 418, 'learning_rate': 0.16949741572693364, 'subsample': 0.8029870935043345, 'colsample_bytree': 0.6025543486867334, 'min_child_weight': 3}. Best is trial 205 with value: 0.6463086239853918.
[I 2026-05-15 16:19:25,557] Trial 234 finished with value: 0.5996375964052731 and parameters: {'n_estimators': 328, 'learning_rate': 0.2814044483905247, 'subsample': 0.8527254108066673, 'colsample_bytree': 0.703921432425664, 'min_child_weight': 7}. Best is trial 205 with value: 0.6463086239853918.
[I 2026-05-15 16:19:26,062] Trial 235 finished with value: 0.5787443024816763 and parameters: {'n_estimators': 293, 'learning_rate': 0.14188164286328378, 'subsample': 0.6427922555307833, 'colsample_bytree': 0.9044111610008112, 'min_child_weight': 6}. Best is trial 205 with value: 0.6463086239853918.
[I 2026-05-15 16:19:26,848] Trial 236 finished with value: 0.582777834899047 and parameters: {'n_estimators': 484, 'learning_rate': 0.031987967260885763, 'subsample': 0.8530487572535792, 'colsample_bytree': 0.9728112422040069, 'min_child_weight': 2}. Best is trial 205 with value: 0.6463086239853918.
[I 2026-05-15 16:19:27,702] Trial 237 finished with value: 0.6198531024793652 and parameters: {'n_estimators': 472, 'learning_rate': 0.10377449322923026, 'subsample': 0.6271348236420687, 'colsample_bytree': 0.7203854267787265, 'min_child_weight': 8}. Best is trial 205 with value: 0.6463086239853918.
[I 2026-05-15 16:19:28,217] Trial 238 finished with value: 0.5894332230695867 and parameters: {'n_estimators': 80, 'learning_rate': 0.07243298125258663, 'subsample': 0.7383532227811826, 'colsample_bytree': 0.8483662071069908, 'min_child_weight': 1}. Best is trial 205 with value: 0.6463086239853918.
[I 2026-05-15 16:19:29,025] Trial 239 finished with value: 0.5750761098235846 and parameters: {'n_estimators': 443, 'learning_rate': 0.2741329550308027, 'subsample': 0.9875511421142766, 'colsample_bytree': 0.8998607326971699, 'min_child_weight': 2}. Best is trial 205 with value: 0.6463086239853918.
[I 2026-05-15 16:19:29,791] Trial 240 finished with value: 0.5962606053515145 and parameters: {'n_estimators': 391, 'learning_rate': 0.010872210614728706, 'subsample': 0.6088494206115989, 'colsample_bytree': 0.7294440876598165, 'min_child_weight': 5}. Best is trial 205 with value: 0.6463086239853918.
[I 2026-05-15 16:19:30,504] Trial 241 finished with value: 0.6082555295686609 and parameters: {'n_estimators': 397, 'learning_rate': 0.10216687836661903, 'subsample': 0.7783610825506994, 'colsample_bytree': 0.7094506665126663, 'min_child_weight': 10}. Best is trial 205 with value: 0.6463086239853918.
[I 2026-05-15 16:19:31,046] Trial 242 finished with value: 0.606011153485901 and parameters: {'n_estimators': 242, 'learning_rate': 0.04642515557144032, 'subsample': 0.6654495284766676, 'colsample_bytree': 0.9179238194999717, 'min_child_weight': 7}. Best is trial 205 with value: 0.6463086239853918.
[I 2026-05-15 16:19:31,550] Trial 243 finished with value: 0.5950676086029622 and parameters: {'n_estimators': 149, 'learning_rate': 0.013233867846615706, 'subsample': 0.8721997208298853, 'colsample_bytree': 0.861804485712454, 'min_child_weight': 3}. Best is trial 205 with value: 0.6463086239853918.
[I 2026-05-15 16:19:32,343] Trial 244 finished with value: 0.5829770922700216 and parameters: {'n_estimators': 478, 'learning_rate': 0.016715940732072453, 'subsample': 0.7729339204170408, 'colsample_bytree': 0.9774463680670396, 'min_child_weight': 5}. Best is trial 205 with value: 0.6463086239853918.
[I 2026-05-15 16:19:33,003] Trial 245 finished with value: 0.6058790956770755 and parameters: {'n_estimators': 337, 'learning_rate': 0.03866296319102493, 'subsample': 0.7096860809394681, 'colsample_bytree': 0.9935910591839313, 'min_child_weight': 5}. Best is trial 205 with value: 0.6463086239853918.
[I 2026-05-15 16:19:33,699] Trial 246 finished with value: 0.6056294888618121 and parameters: {'n_estimators': 453, 'learning_rate': 0.02186104086033942, 'subsample': 0.6852418816100333, 'colsample_bytree': 0.6124536331538045, 'min_child_weight': 7}. Best is trial 205 with value: 0.6463086239853918.
[I 2026-05-15 16:19:34,270] Trial 247 finished with value: 0.6167191144968923 and parameters: {'n_estimators': 216, 'learning_rate': 0.18913066193087913, 'subsample': 0.7892839626766228, 'colsample_bytree': 0.9872773711658887, 'min_child_weight': 2}. Best is trial 205 with value: 0.6463086239853918.
[I 2026-05-15 16:19:35,073] Trial 248 finished with value: 0.6165232121797778 and parameters: {'n_estimators': 441, 'learning_rate': 0.14032263056055083, 'subsample': 0.9083687378576208, 'colsample_bytree': 0.937913291246755, 'min_child_weight': 8}. Best is trial 205 with value: 0.6463086239853918.
[I 2026-05-15 16:19:35,789] Trial 249 finished with value: 0.6085590273469063 and parameters: {'n_estimators': 332, 'learning_rate': 0.015626603702629693, 'subsample': 0.6130104717965007, 'colsample_bytree': 0.9683391391262748, 'min_child_weight': 7}. Best is trial 205 with value: 0.6463086239853918.
[I 2026-05-15 16:19:36,478] Trial 250 finished with value: 0.6130569766933404 and parameters: {'n_estimators': 409, 'learning_rate': 0.05143596593714486, 'subsample': 0.6469232755849578, 'colsample_bytree': 0.6500743168810201, 'min_child_weight': 7}. Best is trial 205 with value: 0.6463086239853918.
[I 2026-05-15 16:19:37,133] Trial 251 finished with value: 0.5901129057694715 and parameters: {'n_estimators': 244, 'learning_rate': 0.019778772535024504, 'subsample': 0.7966378186965748, 'colsample_bytree': 0.6256835748300537, 'min_child_weight': 6}. Best is trial 205 with value: 0.6463086239853918.
[I 2026-05-15 16:19:37,616] Trial 252 finished with value: 0.6112791238043764 and parameters: {'n_estimators': 171, 'learning_rate': 0.15069245195299658, 'subsample': 0.7241447835694295, 'colsample_bytree': 0.7820880596327204, 'min_child_weight': 1}. Best is trial 205 with value: 0.6463086239853918.
[I 2026-05-15 16:19:38,067] Trial 253 finished with value: 0.594388201660929 and parameters: {'n_estimators': 82, 'learning_rate': 0.03799798565961001, 'subsample': 0.7919755338868494, 'colsample_bytree': 0.8400082192477215, 'min_child_weight': 3}. Best is trial 205 with value: 0.6463086239853918.
[I 2026-05-15 16:19:38,820] Trial 254 finished with value: 0.599945322470575 and parameters: {'n_estimators': 363, 'learning_rate': 0.18642539611497197, 'subsample': 0.91194039555734, 'colsample_bytree': 0.6158475301393428, 'min_child_weight': 5}. Best is trial 205 with value: 0.6463086239853918.
[I 2026-05-15 16:19:39,378] Trial 255 finished with value: 0.5913033714548867 and parameters: {'n_estimators': 97, 'learning_rate': 0.02277874734335831, 'subsample': 0.9946650373068586, 'colsample_bytree': 0.6569982171606052, 'min_child_weight': 5}. Best is trial 205 with value: 0.6463086239853918.
[I 2026-05-15 16:19:40,130] Trial 256 finished with value: 0.5738141736121535 and parameters: {'n_estimators': 328, 'learning_rate': 0.1090500674878377, 'subsample': 0.8238594733947656, 'colsample_bytree': 0.6039083389676735, 'min_child_weight': 4}. Best is trial 205 with value: 0.6463086239853918.
[I 2026-05-15 16:19:40,756] Trial 257 finished with value: 0.5794632662309429 and parameters: {'n_estimators': 283, 'learning_rate': 0.013483091242052886, 'subsample': 0.7402507724836723, 'colsample_bytree': 0.6132812435165466, 'min_child_weight': 1}. Best is trial 205 with value: 0.6463086239853918.
[I 2026-05-15 16:19:41,383] Trial 258 finished with value: 0.5999710690619782 and parameters: {'n_estimators': 229, 'learning_rate': 0.015704975424207217, 'subsample': 0.8270163393046233, 'colsample_bytree': 0.8757859876549063, 'min_child_weight': 9}. Best is trial 205 with value: 0.6463086239853918.
[I 2026-05-15 16:19:41,842] Trial 259 finished with value: 0.6043673281047018 and parameters: {'n_estimators': 140, 'learning_rate': 0.01767632923587304, 'subsample': 0.6418271361337601, 'colsample_bytree': 0.8545720998174546, 'min_child_weight': 8}. Best is trial 205 with value: 0.6463086239853918.
[I 2026-05-15 16:19:42,376] Trial 260 finished with value: 0.6333896890462547 and parameters: {'n_estimators': 64, 'learning_rate': 0.2414899201224445, 'subsample': 0.6207885134605889, 'colsample_bytree': 0.8165185341204282, 'min_child_weight': 8}. Best is trial 205 with value: 0.6463086239853918.
[I 2026-05-15 16:19:43,159] Trial 261 finished with value: 0.6220833755177189 and parameters: {'n_estimators': 442, 'learning_rate': 0.11344699198303249, 'subsample': 0.9206912332279167, 'colsample_bytree': 0.7357800770171224, 'min_child_weight': 9}. Best is trial 205 with value: 0.6463086239853918.
[I 2026-05-15 16:19:43,690] Trial 262 finished with value: 0.6124705763089603 and parameters: {'n_estimators': 86, 'learning_rate': 0.20977450344190512, 'subsample': 0.8190369504614945, 'colsample_bytree': 0.9269191079849974, 'min_child_weight': 5}. Best is trial 205 with value: 0.6463086239853918.
[I 2026-05-15 16:19:44,341] Trial 263 finished with value: 0.5952227959298666 and parameters: {'n_estimators': 340, 'learning_rate': 0.05991844844327821, 'subsample': 0.8926358087021327, 'colsample_bytree': 0.6326519928122358, 'min_child_weight': 1}. Best is trial 205 with value: 0.6463086239853918.
[I 2026-05-15 16:19:44,930] Trial 264 finished with value: 0.6001253240647181 and parameters: {'n_estimators': 161, 'learning_rate': 0.017205481781219126, 'subsample': 0.9487134266368806, 'colsample_bytree': 0.6876855949432177, 'min_child_weight': 10}. Best is trial 205 with value: 0.6463086239853918.
[I 2026-05-15 16:19:45,445] Trial 265 finished with value: 0.5868747798040727 and parameters: {'n_estimators': 201, 'learning_rate': 0.018578482774605925, 'subsample': 0.9158794028569917, 'colsample_bytree': 0.8634831102003504, 'min_child_weight': 5}. Best is trial 205 with value: 0.6463086239853918.
[I 2026-05-15 16:19:46,159] Trial 266 finished with value: 0.6254863245772337 and parameters: {'n_estimators': 300, 'learning_rate': 0.115437850951425, 'subsample': 0.6913818965325195, 'colsample_bytree': 0.9985335664226968, 'min_child_weight': 10}. Best is trial 205 with value: 0.6463086239853918.
[I 2026-05-15 16:19:46,820] Trial 267 finished with value: 0.581562174794498 and parameters: {'n_estimators': 343, 'learning_rate': 0.019712803620877697, 'subsample': 0.8720912969725165, 'colsample_bytree': 0.6288793635916703, 'min_child_weight': 1}. Best is trial 205 with value: 0.6463086239853918.
[I 2026-05-15 16:19:47,338] Trial 268 finished with value: 0.5938149733099228 and parameters: {'n_estimators': 166, 'learning_rate': 0.04823365829123508, 'subsample': 0.9473090021633522, 'colsample_bytree': 0.8908676279065232, 'min_child_weight': 8}. Best is trial 205 with value: 0.6463086239853918.
[I 2026-05-15 16:19:48,081] Trial 269 finished with value: 0.5872184607538143 and parameters: {'n_estimators': 241, 'learning_rate': 0.032433060354345296, 'subsample': 0.748415505193841, 'colsample_bytree': 0.9950598254944232, 'min_child_weight': 1}. Best is trial 205 with value: 0.6463086239853918.
[I 2026-05-15 16:19:48,900] Trial 270 finished with value: 0.5916299219329522 and parameters: {'n_estimators': 441, 'learning_rate': 0.07157704181182635, 'subsample': 0.7754461676758362, 'colsample_bytree': 0.8901030641660546, 'min_child_weight': 5}. Best is trial 205 with value: 0.6463086239853918.
[I 2026-05-15 16:19:49,583] Trial 271 finished with value: 0.599491048177917 and parameters: {'n_estimators': 443, 'learning_rate': 0.2140158150785351, 'subsample': 0.7686883707493821, 'colsample_bytree': 0.7107311188940206, 'min_child_weight': 6}. Best is trial 205 with value: 0.6463086239853918.
[I 2026-05-15 16:19:50,281] Trial 272 finished with value: 0.5934887294483253 and parameters: {'n_estimators': 461, 'learning_rate': 0.02047262808645631, 'subsample': 0.8491866334253931, 'colsample_bytree': 0.8526240880370082, 'min_child_weight': 8}. Best is trial 205 with value: 0.6463086239853918.
[I 2026-05-15 16:19:50,827] Trial 273 finished with value: 0.6217150536342455 and parameters: {'n_estimators': 109, 'learning_rate': 0.11411960768508612, 'subsample': 0.9636130082662564, 'colsample_bytree': 0.6718732435480967, 'min_child_weight': 3}. Best is trial 205 with value: 0.6463086239853918.
[I 2026-05-15 16:19:51,672] Trial 274 finished with value: 0.5686364745960705 and parameters: {'n_estimators': 488, 'learning_rate': 0.018506526075021, 'subsample': 0.9417540373478317, 'colsample_bytree': 0.7969111425792139, 'min_child_weight': 3}. Best is trial 205 with value: 0.6463086239853918.
[I 2026-05-15 16:19:52,440] Trial 275 finished with value: 0.6176145750893226 and parameters: {'n_estimators': 442, 'learning_rate': 0.04547470150059332, 'subsample': 0.805926941571876, 'colsample_bytree': 0.7436933477599063, 'min_child_weight': 6}. Best is trial 205 with value: 0.6463086239853918.
[I 2026-05-15 16:19:53,007] Trial 276 finished with value: 0.6097384128192209 and parameters: {'n_estimators': 123, 'learning_rate': 0.03781593563644722, 'subsample': 0.987764928934115, 'colsample_bytree': 0.703253373080451, 'min_child_weight': 7}. Best is trial 205 with value: 0.6463086239853918.
[I 2026-05-15 16:19:53,641] Trial 277 finished with value: 0.5871519492731614 and parameters: {'n_estimators': 196, 'learning_rate': 0.1388396767630528, 'subsample': 0.6523494642873399, 'colsample_bytree': 0.9879284180314178, 'min_child_weight': 5}. Best is trial 205 with value: 0.6463086239853918.
[I 2026-05-15 16:19:54,247] Trial 278 finished with value: 0.6012017605957001 and parameters: {'n_estimators': 156, 'learning_rate': 0.012839958132831194, 'subsample': 0.6679031620350163, 'colsample_bytree': 0.807909579422407, 'min_child_weight': 4}. Best is trial 205 with value: 0.6463086239853918.
[I 2026-05-15 16:19:54,949] Trial 279 finished with value: 0.6068885847673726 and parameters: {'n_estimators': 423, 'learning_rate': 0.0432985267536062, 'subsample': 0.6994857090350519, 'colsample_bytree': 0.846857994641612, 'min_child_weight': 8}. Best is trial 205 with value: 0.6463086239853918.
[I 2026-05-15 16:19:55,437] Trial 280 finished with value: 0.6082382782887834 and parameters: {'n_estimators': 125, 'learning_rate': 0.017684545676288067, 'subsample': 0.6146685707734172, 'colsample_bytree': 0.8945608060262562, 'min_child_weight': 7}. Best is trial 205 with value: 0.6463086239853918.
[I 2026-05-15 16:19:56,015] Trial 281 finished with value: 0.6261272147130733 and parameters: {'n_estimators': 264, 'learning_rate': 0.17658024407455558, 'subsample': 0.9222680611800212, 'colsample_bytree': 0.8341417457587008, 'min_child_weight': 9}. Best is trial 205 with value: 0.6463086239853918.
[I 2026-05-15 16:19:56,609] Trial 282 finished with value: 0.5987579485559283 and parameters: {'n_estimators': 142, 'learning_rate': 0.014632510641679492, 'subsample': 0.7078998446067959, 'colsample_bytree': 0.6228347424357259, 'min_child_weight': 6}. Best is trial 205 with value: 0.6463086239853918.
[I 2026-05-15 16:19:57,435] Trial 283 finished with value: 0.6071949793161914 and parameters: {'n_estimators': 472, 'learning_rate': 0.011431814801654361, 'subsample': 0.6488439656040107, 'colsample_bytree': 0.7808796113133741, 'min_child_weight': 10}. Best is trial 205 with value: 0.6463086239853918.
[I 2026-05-15 16:19:57,935] Trial 284 finished with value: 0.6151212277474903 and parameters: {'n_estimators': 192, 'learning_rate': 0.05613675661974366, 'subsample': 0.6166291436201569, 'colsample_bytree': 0.6593372803848355, 'min_child_weight': 10}. Best is trial 205 with value: 0.6463086239853918.
[I 2026-05-15 16:19:58,685] Trial 285 finished with value: 0.5941855485289829 and parameters: {'n_estimators': 485, 'learning_rate': 0.010169437951699022, 'subsample': 0.9807247141692956, 'colsample_bytree': 0.8556479751262, 'min_child_weight': 9}. Best is trial 205 with value: 0.6463086239853918.
[I 2026-05-15 16:19:59,356] Trial 286 finished with value: 0.5933141983647034 and parameters: {'n_estimators': 255, 'learning_rate': 0.05775609906804066, 'subsample': 0.7955386321027681, 'colsample_bytree': 0.8667457030184418, 'min_child_weight': 2}. Best is trial 205 with value: 0.6463086239853918.
[I 2026-05-15 16:19:59,881] Trial 287 finished with value: 0.5955217817844081 and parameters: {'n_estimators': 63, 'learning_rate': 0.028500328230541317, 'subsample': 0.8818723050946586, 'colsample_bytree': 0.6807413808491793, 'min_child_weight': 7}. Best is trial 205 with value: 0.6463086239853918.
[I 2026-05-15 16:20:00,637] Trial 288 finished with value: 0.5972248570228368 and parameters: {'n_estimators': 487, 'learning_rate': 0.013762671476649342, 'subsample': 0.8690408472900505, 'colsample_bytree': 0.7775000877218284, 'min_child_weight': 9}. Best is trial 205 with value: 0.6463086239853918.
[I 2026-05-15 16:20:01,096] Trial 289 finished with value: 0.612892762892763 and parameters: {'n_estimators': 129, 'learning_rate': 0.10546115311381248, 'subsample': 0.9352461158592441, 'colsample_bytree': 0.9778456877896093, 'min_child_weight': 7}. Best is trial 205 with value: 0.6463086239853918.
