# Training-script output capture
# Generated: 2026-05-15T16:16:46
# UUID:      9e0c4ee8-7dba-45b0-a1a0-f4852397a204
# Label:     training
# Leaf:      /home/mklemmingen/PycharmProjects/migraine-forecasting-shd/experiment/0/headache/full_features/stacked_2xgb_meta_lr/70_15_15/chrono/HyperparameterTuned/single_AUROC/HP020
# Captures stdout/stderr written during the wrapped block
# (library messages, warnings, progress bars, etc.).
# Begin capture ----------------------------------------
Loading datasets...
Trajectory has 20 trials < SEARCH_TRIALS=500, rerunning.
Running single_AUROC search (500 trials, seed=42)...
[I 2026-05-15 16:16:46,993] A new study created in memory with name: no-name-84363af8-0d52-4a6e-8864-3d66a29af3ce
[I 2026-05-15 16:16:48,657] Trial 0 finished with value: 0.587881165961974 and parameters: {'n_estimators': 218, 'learning_rate': 0.2536999076681772, 'subsample': 0.892797576724562, 'colsample_bytree': 0.8394633936788146, 'min_child_weight': 2}. Best is trial 0 with value: 0.587881165961974.
[I 2026-05-15 16:16:49,959] Trial 1 finished with value: 0.6098574798069748 and parameters: {'n_estimators': 120, 'learning_rate': 0.012184186502221764, 'subsample': 0.9464704583099741, 'colsample_bytree': 0.8404460046972835, 'min_child_weight': 8}. Best is trial 1 with value: 0.6098574798069748.
[I 2026-05-15 16:16:51,344] Trial 2 finished with value: 0.6101337885176268 and parameters: {'n_estimators': 59, 'learning_rate': 0.2708160864249968, 'subsample': 0.9329770563201687, 'colsample_bytree': 0.6849356442713105, 'min_child_weight': 2}. Best is trial 2 with value: 0.6101337885176268.
[I 2026-05-15 16:16:52,642] Trial 3 finished with value: 0.5819470920481021 and parameters: {'n_estimators': 132, 'learning_rate': 0.028145092716060652, 'subsample': 0.8099025726528951, 'colsample_bytree': 0.7727780074568463, 'min_child_weight': 3}. Best is trial 2 with value: 0.6101337885176268.
[I 2026-05-15 16:16:54,189] Trial 4 finished with value: 0.58482147239723 and parameters: {'n_estimators': 325, 'learning_rate': 0.01607123851203988, 'subsample': 0.7168578594140873, 'colsample_bytree': 0.7465447373174767, 'min_child_weight': 5}. Best is trial 2 with value: 0.6101337885176268.
[I 2026-05-15 16:16:55,796] Trial 5 finished with value: 0.5753604437442823 and parameters: {'n_estimators': 404, 'learning_rate': 0.019721610970574007, 'subsample': 0.8056937753654446, 'colsample_bytree': 0.836965827544817, 'min_child_weight': 1}. Best is trial 2 with value: 0.6101337885176268.
[I 2026-05-15 16:16:57,463] Trial 6 finished with value: 0.6049162070374192 and parameters: {'n_estimators': 324, 'learning_rate': 0.0178601378893971, 'subsample': 0.6260206371941118, 'colsample_bytree': 0.9795542149013333, 'min_child_weight': 10}. Best is trial 2 with value: 0.6101337885176268.
[I 2026-05-15 16:16:59,003] Trial 7 finished with value: 0.6050123335981923 and parameters: {'n_estimators': 414, 'learning_rate': 0.028180680291847244, 'subsample': 0.6390688456025535, 'colsample_bytree': 0.8736932106048627, 'min_child_weight': 5}. Best is trial 2 with value: 0.6101337885176268.
[I 2026-05-15 16:16:59,591] Trial 8 finished with value: 0.5801302167968835 and parameters: {'n_estimators': 105, 'learning_rate': 0.05388108577817234, 'subsample': 0.6137554084460873, 'colsample_bytree': 0.9637281608315128, 'min_child_weight': 3}. Best is trial 2 with value: 0.6101337885176268.
[I 2026-05-15 16:17:00,361] Trial 9 finished with value: 0.5943340428188912 and parameters: {'n_estimators': 348, 'learning_rate': 0.028869220380495747, 'subsample': 0.8080272084711243, 'colsample_bytree': 0.8186841117373118, 'min_child_weight': 2}. Best is trial 2 with value: 0.6101337885176268.
[I 2026-05-15 16:17:01,113] Trial 10 finished with value: 0.6319232560646701 and parameters: {'n_estimators': 487, 'learning_rate': 0.13962563737015762, 'subsample': 0.9757995766256756, 'colsample_bytree': 0.9579309401710595, 'min_child_weight': 6}. Best is trial 10 with value: 0.6319232560646701.
[I 2026-05-15 16:17:01,973] Trial 11 finished with value: 0.590820911426972 and parameters: {'n_estimators': 465, 'learning_rate': 0.01351182947645082, 'subsample': 0.6783931449676581, 'colsample_bytree': 0.6180909155642152, 'min_child_weight': 4}. Best is trial 10 with value: 0.6319232560646701.
[I 2026-05-15 16:17:02,538] Trial 12 finished with value: 0.571928941928942 and parameters: {'n_estimators': 225, 'learning_rate': 0.02516607127550297, 'subsample': 0.9314950036607718, 'colsample_bytree': 0.7427013306774357, 'min_child_weight': 3}. Best is trial 10 with value: 0.6319232560646701.
[I 2026-05-15 16:17:03,139] Trial 13 finished with value: 0.5869629802963136 and parameters: {'n_estimators': 294, 'learning_rate': 0.016149614799999188, 'subsample': 0.9208787923016158, 'colsample_bytree': 0.6298202574719083, 'min_child_weight': 10}. Best is trial 10 with value: 0.6319232560646701.
[I 2026-05-15 16:17:03,940] Trial 14 finished with value: 0.6104919349363793 and parameters: {'n_estimators': 398, 'learning_rate': 0.019657448966046126, 'subsample': 0.602208846849441, 'colsample_bytree': 0.9261845713819337, 'min_child_weight': 8}. Best is trial 10 with value: 0.6319232560646701.
[I 2026-05-15 16:17:04,742] Trial 15 finished with value: 0.6229430781956035 and parameters: {'n_estimators': 378, 'learning_rate': 0.13780336485751998, 'subsample': 0.6296178606936361, 'colsample_bytree': 0.7433862914177091, 'min_child_weight': 2}. Best is trial 10 with value: 0.6319232560646701.
[I 2026-05-15 16:17:05,463] Trial 16 finished with value: 0.622074978034574 and parameters: {'n_estimators': 439, 'learning_rate': 0.08330803890301997, 'subsample': 0.7323592099410596, 'colsample_bytree': 0.6254233401144095, 'min_child_weight': 4}. Best is trial 10 with value: 0.6319232560646701.
[I 2026-05-15 16:17:06,098] Trial 17 finished with value: 0.5832274685810039 and parameters: {'n_estimators': 196, 'learning_rate': 0.1195960383019184, 'subsample': 0.8550229885420852, 'colsample_bytree': 0.9548850970305306, 'min_child_weight': 5}. Best is trial 10 with value: 0.6319232560646701.
[I 2026-05-15 16:17:06,563] Trial 18 finished with value: 0.6196438311589827 and parameters: {'n_estimators': 103, 'learning_rate': 0.1131225105716033, 'subsample': 0.9043140194467589, 'colsample_bytree': 0.8245108790277985, 'min_child_weight': 8}. Best is trial 10 with value: 0.6319232560646701.
[I 2026-05-15 16:17:07,180] Trial 19 finished with value: 0.5937509646600556 and parameters: {'n_estimators': 272, 'learning_rate': 0.05917520523090666, 'subsample': 0.7710164073434198, 'colsample_bytree': 0.610167650697638, 'min_child_weight': 2}. Best is trial 10 with value: 0.6319232560646701.
[I 2026-05-15 16:17:07,595] Trial 20 finished with value: 0.620565843293116 and parameters: {'n_estimators': 64, 'learning_rate': 0.08710745900492396, 'subsample': 0.7257423924305306, 'colsample_bytree': 0.8034282764658811, 'min_child_weight': 10}. Best is trial 10 with value: 0.6319232560646701.
[I 2026-05-15 16:17:08,054] Trial 21 finished with value: 0.5839444547525355 and parameters: {'n_estimators': 162, 'learning_rate': 0.040381768820718394, 'subsample': 0.9022204554172195, 'colsample_bytree': 0.6915192661966489, 'min_child_weight': 1}. Best is trial 10 with value: 0.6319232560646701.
[I 2026-05-15 16:17:08,596] Trial 22 finished with value: 0.5910813831015852 and parameters: {'n_estimators': 180, 'learning_rate': 0.017303875834205888, 'subsample': 0.9718790609370292, 'colsample_bytree': 0.9232481518257668, 'min_child_weight': 7}. Best is trial 10 with value: 0.6319232560646701.
[I 2026-05-15 16:17:09,460] Trial 23 finished with value: 0.601125981024971 and parameters: {'n_estimators': 443, 'learning_rate': 0.1538583627271404, 'subsample': 0.6746280235544143, 'colsample_bytree': 0.9570235993959911, 'min_child_weight': 6}. Best is trial 10 with value: 0.6319232560646701.
[I 2026-05-15 16:17:10,281] Trial 24 finished with value: 0.5989584271402453 and parameters: {'n_estimators': 414, 'learning_rate': 0.21068591627429098, 'subsample': 0.7272013899887455, 'colsample_bytree': 0.6440207698110707, 'min_child_weight': 3}. Best is trial 10 with value: 0.6319232560646701.
[I 2026-05-15 16:17:10,969] Trial 25 finished with value: 0.6032228332228333 and parameters: {'n_estimators': 242, 'learning_rate': 0.16155001304356414, 'subsample': 0.9442922333025374, 'colsample_bytree': 0.6027808522124762, 'min_child_weight': 6}. Best is trial 10 with value: 0.6319232560646701.
[I 2026-05-15 16:17:11,502] Trial 26 finished with value: 0.605686057302219 and parameters: {'n_estimators': 238, 'learning_rate': 0.0212853192163843, 'subsample': 0.6479461469334731, 'colsample_bytree': 0.7350460685614512, 'min_child_weight': 10}. Best is trial 10 with value: 0.6319232560646701.
[I 2026-05-15 16:17:12,089] Trial 27 finished with value: 0.6188118972967459 and parameters: {'n_estimators': 195, 'learning_rate': 0.05838706626832953, 'subsample': 0.881207583558071, 'colsample_bytree': 0.7454518409517176, 'min_child_weight': 10}. Best is trial 10 with value: 0.6319232560646701.
[I 2026-05-15 16:17:12,939] Trial 28 finished with value: 0.5963165763165763 and parameters: {'n_estimators': 484, 'learning_rate': 0.023545774516299134, 'subsample': 0.7988994023569542, 'colsample_bytree': 0.7203513239267079, 'min_child_weight': 3}. Best is trial 10 with value: 0.6319232560646701.
[I 2026-05-15 16:17:13,459] Trial 29 finished with value: 0.6052385075617399 and parameters: {'n_estimators': 66, 'learning_rate': 0.07950609693143304, 'subsample': 0.8010716092915446, 'colsample_bytree': 0.6205915004999957, 'min_child_weight': 3}. Best is trial 10 with value: 0.6319232560646701.
[I 2026-05-15 16:17:14,292] Trial 30 finished with value: 0.6117356435538255 and parameters: {'n_estimators': 459, 'learning_rate': 0.022587177280197233, 'subsample': 0.6579579488364892, 'colsample_bytree': 0.7957811041110252, 'min_child_weight': 10}. Best is trial 10 with value: 0.6319232560646701.
[I 2026-05-15 16:17:14,909] Trial 31 finished with value: 0.5972467193679314 and parameters: {'n_estimators': 159, 'learning_rate': 0.09836162684900028, 'subsample': 0.9046478461314871, 'colsample_bytree': 0.6950550175969599, 'min_child_weight': 8}. Best is trial 10 with value: 0.6319232560646701.
[I 2026-05-15 16:17:15,587] Trial 32 finished with value: 0.6030756323685617 and parameters: {'n_estimators': 215, 'learning_rate': 0.08589984533104164, 'subsample': 0.8534118843043579, 'colsample_bytree': 0.8143098736299034, 'min_child_weight': 1}. Best is trial 10 with value: 0.6319232560646701.
[I 2026-05-15 16:17:16,354] Trial 33 finished with value: 0.5975987597199717 and parameters: {'n_estimators': 426, 'learning_rate': 0.029773579612263783, 'subsample': 0.6746074041599417, 'colsample_bytree': 0.6163100566219055, 'min_child_weight': 6}. Best is trial 10 with value: 0.6319232560646701.
[I 2026-05-15 16:17:17,045] Trial 34 finished with value: 0.585548836255907 and parameters: {'n_estimators': 355, 'learning_rate': 0.01058040360169664, 'subsample': 0.8048372233197124, 'colsample_bytree': 0.6905983100791752, 'min_child_weight': 7}. Best is trial 10 with value: 0.6319232560646701.
[I 2026-05-15 16:17:17,629] Trial 35 finished with value: 0.6026115332175939 and parameters: {'n_estimators': 128, 'learning_rate': 0.10485733570643786, 'subsample': 0.7546941385202149, 'colsample_bytree': 0.9746919954946938, 'min_child_weight': 2}. Best is trial 10 with value: 0.6319232560646701.
[I 2026-05-15 16:17:18,155] Trial 36 finished with value: 0.5858213007707957 and parameters: {'n_estimators': 203, 'learning_rate': 0.01471005003927122, 'subsample': 0.9698774473114251, 'colsample_bytree': 0.9509357413523924, 'min_child_weight': 3}. Best is trial 10 with value: 0.6319232560646701.
[I 2026-05-15 16:17:18,811] Trial 37 finished with value: 0.5910342705292201 and parameters: {'n_estimators': 347, 'learning_rate': 0.16111511355977057, 'subsample': 0.822080324639785, 'colsample_bytree': 0.8118602313424026, 'min_child_weight': 3}. Best is trial 10 with value: 0.6319232560646701.
[I 2026-05-15 16:17:19,333] Trial 38 finished with value: 0.5880774188854996 and parameters: {'n_estimators': 91, 'learning_rate': 0.21149322814164553, 'subsample': 0.9601672228653322, 'colsample_bytree': 0.8532405829093072, 'min_child_weight': 4}. Best is trial 10 with value: 0.6319232560646701.
[I 2026-05-15 16:17:19,938] Trial 39 finished with value: 0.6117217059641302 and parameters: {'n_estimators': 207, 'learning_rate': 0.11812030596598909, 'subsample': 0.9588441039810308, 'colsample_bytree': 0.954834569706047, 'min_child_weight': 8}. Best is trial 10 with value: 0.6319232560646701.
[I 2026-05-15 16:17:20,775] Trial 40 finished with value: 0.5999335121557344 and parameters: {'n_estimators': 339, 'learning_rate': 0.013313275850595153, 'subsample': 0.6646514856378455, 'colsample_bytree': 0.9594216754108317, 'min_child_weight': 7}. Best is trial 10 with value: 0.6319232560646701.
[I 2026-05-15 16:17:21,169] Trial 41 finished with value: 0.600441460744491 and parameters: {'n_estimators': 54, 'learning_rate': 0.01412166070620751, 'subsample': 0.8654007076432223, 'colsample_bytree': 0.6020246335384875, 'min_child_weight': 2}. Best is trial 10 with value: 0.6319232560646701.
[I 2026-05-15 16:17:21,761] Trial 42 finished with value: 0.609002108497058 and parameters: {'n_estimators': 297, 'learning_rate': 0.10519936117151477, 'subsample': 0.8607845038010402, 'colsample_bytree': 0.689707723784224, 'min_child_weight': 8}. Best is trial 10 with value: 0.6319232560646701.
[I 2026-05-15 16:17:22,245] Trial 43 finished with value: 0.5992503470281247 and parameters: {'n_estimators': 156, 'learning_rate': 0.030245085073501415, 'subsample': 0.8985965620472096, 'colsample_bytree': 0.8598531596188859, 'min_child_weight': 9}. Best is trial 10 with value: 0.6319232560646701.
[I 2026-05-15 16:17:22,944] Trial 44 finished with value: 0.601331957695594 and parameters: {'n_estimators': 346, 'learning_rate': 0.06909724267901692, 'subsample': 0.637469907131237, 'colsample_bytree': 0.7470863212237734, 'min_child_weight': 3}. Best is trial 10 with value: 0.6319232560646701.
[I 2026-05-15 16:17:23,418] Trial 45 finished with value: 0.6248859078152007 and parameters: {'n_estimators': 160, 'learning_rate': 0.2736872535680783, 'subsample': 0.7572390898667042, 'colsample_bytree': 0.9568186220708453, 'min_child_weight': 7}. Best is trial 10 with value: 0.6319232560646701.
[I 2026-05-15 16:17:24,127] Trial 46 finished with value: 0.6129849132879436 and parameters: {'n_estimators': 408, 'learning_rate': 0.05526573288655769, 'subsample': 0.8307615538505436, 'colsample_bytree': 0.7970070775275455, 'min_child_weight': 2}. Best is trial 10 with value: 0.6319232560646701.
[I 2026-05-15 16:17:24,900] Trial 47 finished with value: 0.5926961475446324 and parameters: {'n_estimators': 375, 'learning_rate': 0.025985724173338116, 'subsample': 0.6097263865725815, 'colsample_bytree': 0.858188918362867, 'min_child_weight': 2}. Best is trial 10 with value: 0.6319232560646701.
[I 2026-05-15 16:17:25,759] Trial 48 finished with value: 0.562525068686685 and parameters: {'n_estimators': 474, 'learning_rate': 0.25648866468880704, 'subsample': 0.9659457560881795, 'colsample_bytree': 0.7480634801021777, 'min_child_weight': 1}. Best is trial 10 with value: 0.6319232560646701.
[I 2026-05-15 16:17:26,481] Trial 49 finished with value: 0.6065455616970769 and parameters: {'n_estimators': 468, 'learning_rate': 0.042902233912047165, 'subsample': 0.9866619276174678, 'colsample_bytree': 0.9854479908357011, 'min_child_weight': 9}. Best is trial 10 with value: 0.6319232560646701.
[I 2026-05-15 16:17:26,998] Trial 50 finished with value: 0.5815889521950128 and parameters: {'n_estimators': 182, 'learning_rate': 0.03705408044695723, 'subsample': 0.9404546686067428, 'colsample_bytree': 0.726768802062511, 'min_child_weight': 2}. Best is trial 10 with value: 0.6319232560646701.
[I 2026-05-15 16:17:27,694] Trial 51 finished with value: 0.6074409802692631 and parameters: {'n_estimators': 301, 'learning_rate': 0.24144271975982237, 'subsample': 0.8784119186699892, 'colsample_bytree': 0.828024468035746, 'min_child_weight': 1}. Best is trial 10 with value: 0.6319232560646701.
[I 2026-05-15 16:17:28,309] Trial 52 finished with value: 0.5726539920479314 and parameters: {'n_estimators': 327, 'learning_rate': 0.290021093247953, 'subsample': 0.6560336060946096, 'colsample_bytree': 0.8073318609454947, 'min_child_weight': 9}. Best is trial 10 with value: 0.6319232560646701.
[I 2026-05-15 16:17:29,073] Trial 53 finished with value: 0.6115988532150147 and parameters: {'n_estimators': 384, 'learning_rate': 0.10704755834674413, 'subsample': 0.8809936335948436, 'colsample_bytree': 0.743796460487902, 'min_child_weight': 3}. Best is trial 10 with value: 0.6319232560646701.
[I 2026-05-15 16:17:29,821] Trial 54 finished with value: 0.6034460749612265 and parameters: {'n_estimators': 415, 'learning_rate': 0.1572663162015696, 'subsample': 0.9468289274320415, 'colsample_bytree': 0.9652962210225885, 'min_child_weight': 6}. Best is trial 10 with value: 0.6319232560646701.
[I 2026-05-15 16:17:30,528] Trial 55 finished with value: 0.6109298042631377 and parameters: {'n_estimators': 276, 'learning_rate': 0.15107019033830843, 'subsample': 0.8599855723111061, 'colsample_bytree': 0.8807867509030813, 'min_child_weight': 8}. Best is trial 10 with value: 0.6319232560646701.
[I 2026-05-15 16:17:31,099] Trial 56 finished with value: 0.5920078244320669 and parameters: {'n_estimators': 451, 'learning_rate': 0.03156892767756196, 'subsample': 0.7502331810559776, 'colsample_bytree': 0.6375927759363476, 'min_child_weight': 6}. Best is trial 10 with value: 0.6319232560646701.
[I 2026-05-15 16:17:31,508] Trial 57 finished with value: 0.601968763988966 and parameters: {'n_estimators': 66, 'learning_rate': 0.04872420129560894, 'subsample': 0.8170578538830306, 'colsample_bytree': 0.7146165008513138, 'min_child_weight': 6}. Best is trial 10 with value: 0.6319232560646701.
[I 2026-05-15 16:17:31,914] Trial 58 finished with value: 0.6046559704135461 and parameters: {'n_estimators': 63, 'learning_rate': 0.011354494477798304, 'subsample': 0.9290402242638633, 'colsample_bytree': 0.7440762565645052, 'min_child_weight': 2}. Best is trial 10 with value: 0.6319232560646701.
[I 2026-05-15 16:17:32,532] Trial 59 finished with value: 0.6038162417960398 and parameters: {'n_estimators': 285, 'learning_rate': 0.13720623374101712, 'subsample': 0.6863284109987373, 'colsample_bytree': 0.8491561903276001, 'min_child_weight': 1}. Best is trial 10 with value: 0.6319232560646701.
[I 2026-05-15 16:17:33,050] Trial 60 finished with value: 0.6018681058074998 and parameters: {'n_estimators': 73, 'learning_rate': 0.060936179246384004, 'subsample': 0.8162540486440426, 'colsample_bytree': 0.8549719605992826, 'min_child_weight': 8}. Best is trial 10 with value: 0.6319232560646701.
[I 2026-05-15 16:17:33,917] Trial 61 finished with value: 0.5989966891987094 and parameters: {'n_estimators': 490, 'learning_rate': 0.057894621409801394, 'subsample': 0.7291825891764984, 'colsample_bytree': 0.9180744779074814, 'min_child_weight': 3}. Best is trial 10 with value: 0.6319232560646701.
[I 2026-05-15 16:17:34,547] Trial 62 finished with value: 0.6014238940501567 and parameters: {'n_estimators': 247, 'learning_rate': 0.013058388599138515, 'subsample': 0.610140297366183, 'colsample_bytree': 0.98505936587117, 'min_child_weight': 9}. Best is trial 10 with value: 0.6319232560646701.
[I 2026-05-15 16:17:35,182] Trial 63 finished with value: 0.603019200493948 and parameters: {'n_estimators': 363, 'learning_rate': 0.04018584329485903, 'subsample': 0.6693177280283383, 'colsample_bytree': 0.6625748170684344, 'min_child_weight': 3}. Best is trial 10 with value: 0.6319232560646701.
[I 2026-05-15 16:17:35,726] Trial 64 finished with value: 0.6199741207822015 and parameters: {'n_estimators': 297, 'learning_rate': 0.11364355894710455, 'subsample': 0.8640789506870925, 'colsample_bytree': 0.7119735587783771, 'min_child_weight': 10}. Best is trial 10 with value: 0.6319232560646701.
[I 2026-05-15 16:17:36,368] Trial 65 finished with value: 0.6058249053198549 and parameters: {'n_estimators': 382, 'learning_rate': 0.06589434624667669, 'subsample': 0.8446882984937409, 'colsample_bytree': 0.7678400249711159, 'min_child_weight': 3}. Best is trial 10 with value: 0.6319232560646701.
[I 2026-05-15 16:17:36,977] Trial 66 finished with value: 0.5927589454862182 and parameters: {'n_estimators': 210, 'learning_rate': 0.1316529507921963, 'subsample': 0.6057573954519023, 'colsample_bytree': 0.6464290562027665, 'min_child_weight': 1}. Best is trial 10 with value: 0.6319232560646701.
[I 2026-05-15 16:17:37,413] Trial 67 finished with value: 0.6030670602387774 and parameters: {'n_estimators': 68, 'learning_rate': 0.183492792986878, 'subsample': 0.8814631437520095, 'colsample_bytree': 0.78966953163493, 'min_child_weight': 1}. Best is trial 10 with value: 0.6319232560646701.
[I 2026-05-15 16:17:37,969] Trial 68 finished with value: 0.6080684252401424 and parameters: {'n_estimators': 271, 'learning_rate': 0.050046673502396374, 'subsample': 0.669280747964006, 'colsample_bytree': 0.7735406596951893, 'min_child_weight': 4}. Best is trial 10 with value: 0.6319232560646701.
[I 2026-05-15 16:17:38,621] Trial 69 finished with value: 0.6191753658420325 and parameters: {'n_estimators': 327, 'learning_rate': 0.08671821512512803, 'subsample': 0.6181216039088178, 'colsample_bytree': 0.7498450458505885, 'min_child_weight': 7}. Best is trial 10 with value: 0.6319232560646701.
[I 2026-05-15 16:17:39,307] Trial 70 finished with value: 0.6177787324251971 and parameters: {'n_estimators': 276, 'learning_rate': 0.18413627311856376, 'subsample': 0.8634774526475779, 'colsample_bytree': 0.6651737708325719, 'min_child_weight': 1}. Best is trial 10 with value: 0.6319232560646701.
