[I 2026-05-15 16:20:47,405] Trial 363 finished with value: 0.5812286942589973 and parameters: {'n_estimators': 486, 'learning_rate': 0.027315412315616086, 'subsample': 0.9076892591352534, 'colsample_bytree': 0.8498654275417055, 'min_child_weight': 4}. Best is trial 205 with value: 0.6463086239853918.
[I 2026-05-15 16:20:47,992] Trial 364 finished with value: 0.5960929669010477 and parameters: {'n_estimators': 142, 'learning_rate': 0.015111321945937187, 'subsample': 0.8460051872155466, 'colsample_bytree': 0.9098535122551152, 'min_child_weight': 7}. Best is trial 205 with value: 0.6463086239853918.
[I 2026-05-15 16:20:48,603] Trial 365 finished with value: 0.5911071585819061 and parameters: {'n_estimators': 289, 'learning_rate': 0.011533657319501244, 'subsample': 0.9873955110377535, 'colsample_bytree': 0.9194856766618298, 'min_child_weight': 3}. Best is trial 205 with value: 0.6463086239853918.
[I 2026-05-15 16:20:49,462] Trial 366 finished with value: 0.6082708091799001 and parameters: {'n_estimators': 491, 'learning_rate': 0.07745546916009907, 'subsample': 0.8329690632828985, 'colsample_bytree': 0.8992292717718129, 'min_child_weight': 9}. Best is trial 205 with value: 0.6463086239853918.
[I 2026-05-15 16:20:50,117] Trial 367 finished with value: 0.5916272483949252 and parameters: {'n_estimators': 346, 'learning_rate': 0.015460123169963555, 'subsample': 0.7353070023977993, 'colsample_bytree': 0.9712334561304199, 'min_child_weight': 3}. Best is trial 205 with value: 0.6463086239853918.
[I 2026-05-15 16:20:50,780] Trial 368 finished with value: 0.6116042567557718 and parameters: {'n_estimators': 217, 'learning_rate': 0.0434740346787853, 'subsample': 0.7757619958777808, 'colsample_bytree': 0.8451758329978102, 'min_child_weight': 10}. Best is trial 205 with value: 0.6463086239853918.
[I 2026-05-15 16:20:51,415] Trial 369 finished with value: 0.6109452316017971 and parameters: {'n_estimators': 158, 'learning_rate': 0.015117231557486779, 'subsample': 0.678988195943975, 'colsample_bytree': 0.9547699600837078, 'min_child_weight': 7}. Best is trial 205 with value: 0.6463086239853918.
[I 2026-05-15 16:20:51,915] Trial 370 finished with value: 0.6326343291999859 and parameters: {'n_estimators': 178, 'learning_rate': 0.16041780377709564, 'subsample': 0.9445479985453744, 'colsample_bytree': 0.9386057354761113, 'min_child_weight': 10}. Best is trial 205 with value: 0.6463086239853918.
[I 2026-05-15 16:20:52,389] Trial 371 finished with value: 0.6181148497310114 and parameters: {'n_estimators': 163, 'learning_rate': 0.13040326976863553, 'subsample': 0.784215798909656, 'colsample_bytree': 0.9367994211560247, 'min_child_weight': 8}. Best is trial 205 with value: 0.6463086239853918.
[I 2026-05-15 16:20:53,079] Trial 372 finished with value: 0.6018239779855941 and parameters: {'n_estimators': 400, 'learning_rate': 0.09316023963068912, 'subsample': 0.6709715077878827, 'colsample_bytree': 0.8180107675587753, 'min_child_weight': 10}. Best is trial 205 with value: 0.6463086239853918.
[I 2026-05-15 16:20:53,780] Trial 373 finished with value: 0.5956351366452377 and parameters: {'n_estimators': 472, 'learning_rate': 0.01158171417528467, 'subsample': 0.6659259262917748, 'colsample_bytree': 0.6526915093818247, 'min_child_weight': 8}. Best is trial 205 with value: 0.6463086239853918.
[I 2026-05-15 16:20:54,497] Trial 374 finished with value: 0.6002769698729293 and parameters: {'n_estimators': 418, 'learning_rate': 0.020671984815280927, 'subsample': 0.8023410771807316, 'colsample_bytree': 0.93628121120448, 'min_child_weight': 8}. Best is trial 205 with value: 0.6463086239853918.
[I 2026-05-15 16:20:55,048] Trial 375 finished with value: 0.5992025371823353 and parameters: {'n_estimators': 294, 'learning_rate': 0.07447579044113503, 'subsample': 0.803344218766512, 'colsample_bytree': 0.7190193805275282, 'min_child_weight': 6}. Best is trial 205 with value: 0.6463086239853918.
[I 2026-05-15 16:20:55,776] Trial 376 finished with value: 0.6052178782481813 and parameters: {'n_estimators': 360, 'learning_rate': 0.19498618458374162, 'subsample': 0.8545165415916992, 'colsample_bytree': 0.9044486148172632, 'min_child_weight': 2}. Best is trial 205 with value: 0.6463086239853918.
[I 2026-05-15 16:20:56,436] Trial 377 finished with value: 0.6002195623407746 and parameters: {'n_estimators': 258, 'learning_rate': 0.01032247724034241, 'subsample': 0.6986715458086492, 'colsample_bytree': 0.8905846860452019, 'min_child_weight': 10}. Best is trial 205 with value: 0.6463086239853918.
[I 2026-05-15 16:20:56,966] Trial 378 finished with value: 0.5913595965111116 and parameters: {'n_estimators': 94, 'learning_rate': 0.03917922018225619, 'subsample': 0.9200283874796638, 'colsample_bytree': 0.6816142538515595, 'min_child_weight': 6}. Best is trial 205 with value: 0.6463086239853918.
[I 2026-05-15 16:20:57,647] Trial 379 finished with value: 0.6165070750929337 and parameters: {'n_estimators': 380, 'learning_rate': 0.0812615685770304, 'subsample': 0.6752098938461665, 'colsample_bytree': 0.7421538274742958, 'min_child_weight': 8}. Best is trial 205 with value: 0.6463086239853918.
[I 2026-05-15 16:20:58,345] Trial 380 finished with value: 0.5800370421582544 and parameters: {'n_estimators': 299, 'learning_rate': 0.010179460777247762, 'subsample': 0.9043963040112375, 'colsample_bytree': 0.6141245419760956, 'min_child_weight': 8}. Best is trial 205 with value: 0.6463086239853918.
[I 2026-05-15 16:20:58,826] Trial 381 finished with value: 0.6194694681563369 and parameters: {'n_estimators': 141, 'learning_rate': 0.2601301558072128, 'subsample': 0.7471763005208338, 'colsample_bytree': 0.7307726465352317, 'min_child_weight': 2}. Best is trial 205 with value: 0.6463086239853918.
[I 2026-05-15 16:20:59,436] Trial 382 finished with value: 0.5955600714186573 and parameters: {'n_estimators': 187, 'learning_rate': 0.19720570440560253, 'subsample': 0.9985337350508989, 'colsample_bytree': 0.7473238122027394, 'min_child_weight': 5}. Best is trial 205 with value: 0.6463086239853918.
[I 2026-05-15 16:21:00,106] Trial 383 finished with value: 0.5814062416082619 and parameters: {'n_estimators': 375, 'learning_rate': 0.20371294308531432, 'subsample': 0.8372177336747136, 'colsample_bytree': 0.7566102792711318, 'min_child_weight': 5}. Best is trial 205 with value: 0.6463086239853918.
[I 2026-05-15 16:21:00,852] Trial 384 finished with value: 0.5941491865734291 and parameters: {'n_estimators': 363, 'learning_rate': 0.010110060758310611, 'subsample': 0.8478357349839363, 'colsample_bytree': 0.742197204176543, 'min_child_weight': 8}. Best is trial 205 with value: 0.6463086239853918.
[I 2026-05-15 16:21:01,300] Trial 385 finished with value: 0.5825689378214631 and parameters: {'n_estimators': 91, 'learning_rate': 0.07393431790849944, 'subsample': 0.7923891559544495, 'colsample_bytree': 0.8569302103620909, 'min_child_weight': 1}. Best is trial 205 with value: 0.6463086239853918.
[I 2026-05-15 16:21:01,925] Trial 386 finished with value: 0.6216261650605085 and parameters: {'n_estimators': 311, 'learning_rate': 0.06751197593534965, 'subsample': 0.8242640377664684, 'colsample_bytree': 0.8413950666385819, 'min_child_weight': 7}. Best is trial 205 with value: 0.6463086239853918.
[I 2026-05-15 16:21:02,622] Trial 387 finished with value: 0.5789674811897034 and parameters: {'n_estimators': 413, 'learning_rate': 0.025035595189926513, 'subsample': 0.9300197640720248, 'colsample_bytree': 0.7993022729053815, 'min_child_weight': 1}. Best is trial 205 with value: 0.6463086239853918.
[I 2026-05-15 16:21:03,038] Trial 388 finished with value: 0.6019703082329345 and parameters: {'n_estimators': 76, 'learning_rate': 0.031168114073035547, 'subsample': 0.913958790844587, 'colsample_bytree': 0.8830723738963663, 'min_child_weight': 8}. Best is trial 205 with value: 0.6463086239853918.
[I 2026-05-15 16:21:03,631] Trial 389 finished with value: 0.5859270539068518 and parameters: {'n_estimators': 283, 'learning_rate': 0.044691743359853014, 'subsample': 0.6589810106825136, 'colsample_bytree': 0.7312771014437246, 'min_child_weight': 5}. Best is trial 205 with value: 0.6463086239853918.
[I 2026-05-15 16:21:04,176] Trial 390 finished with value: 0.607746777342737 and parameters: {'n_estimators': 89, 'learning_rate': 0.021177300754445145, 'subsample': 0.8392901176254955, 'colsample_bytree': 0.8942652456956759, 'min_child_weight': 10}. Best is trial 205 with value: 0.6463086239853918.
[I 2026-05-15 16:21:04,876] Trial 391 finished with value: 0.6088297742843197 and parameters: {'n_estimators': 470, 'learning_rate': 0.08895015593736016, 'subsample': 0.7684992213176288, 'colsample_bytree': 0.8544709458832931, 'min_child_weight': 8}. Best is trial 205 with value: 0.6463086239853918.
[I 2026-05-15 16:21:05,313] Trial 392 finished with value: 0.6034209612997492 and parameters: {'n_estimators': 103, 'learning_rate': 0.04031616602432879, 'subsample': 0.9359209142542468, 'colsample_bytree': 0.7535331807732176, 'min_child_weight': 6}. Best is trial 205 with value: 0.6463086239853918.
[I 2026-05-15 16:21:05,954] Trial 393 finished with value: 0.5713987698836184 and parameters: {'n_estimators': 315, 'learning_rate': 0.018728103227942054, 'subsample': 0.7448941766609154, 'colsample_bytree': 0.7338045154967728, 'min_child_weight': 1}. Best is trial 205 with value: 0.6463086239853918.
[I 2026-05-15 16:21:06,446] Trial 394 finished with value: 0.6098208887097777 and parameters: {'n_estimators': 60, 'learning_rate': 0.16924559760882657, 'subsample': 0.7092283239891249, 'colsample_bytree': 0.8072315064955262, 'min_child_weight': 3}. Best is trial 205 with value: 0.6463086239853918.
[I 2026-05-15 16:21:07,283] Trial 395 finished with value: 0.6111764801663793 and parameters: {'n_estimators': 474, 'learning_rate': 0.024155317696268403, 'subsample': 0.7718627250955741, 'colsample_bytree': 0.9490921001938407, 'min_child_weight': 9}. Best is trial 205 with value: 0.6463086239853918.
[I 2026-05-15 16:21:07,746] Trial 396 finished with value: 0.5882891733396785 and parameters: {'n_estimators': 133, 'learning_rate': 0.15332094693292653, 'subsample': 0.7832747546951571, 'colsample_bytree': 0.7931875488341421, 'min_child_weight': 2}. Best is trial 205 with value: 0.6463086239853918.
[I 2026-05-15 16:21:08,177] Trial 397 finished with value: 0.6113375332567251 and parameters: {'n_estimators': 86, 'learning_rate': 0.11891992386176588, 'subsample': 0.7985844609421199, 'colsample_bytree': 0.7747402810460718, 'min_child_weight': 8}. Best is trial 205 with value: 0.6463086239853918.
[I 2026-05-15 16:21:09,091] Trial 398 finished with value: 0.5966383069413372 and parameters: {'n_estimators': 395, 'learning_rate': 0.01716827384736297, 'subsample': 0.8440900597910566, 'colsample_bytree': 0.6541416329110742, 'min_child_weight': 8}. Best is trial 205 with value: 0.6463086239853918.
[I 2026-05-15 16:21:09,851] Trial 399 finished with value: 0.6095352285251275 and parameters: {'n_estimators': 346, 'learning_rate': 0.2588426213619937, 'subsample': 0.6275832065425685, 'colsample_bytree': 0.6228218884605017, 'min_child_weight': 3}. Best is trial 205 with value: 0.6463086239853918.
[I 2026-05-15 16:21:10,345] Trial 400 finished with value: 0.5906736436029365 and parameters: {'n_estimators': 168, 'learning_rate': 0.023164217472997732, 'subsample': 0.9625018322084147, 'colsample_bytree': 0.6998184799398024, 'min_child_weight': 3}. Best is trial 205 with value: 0.6463086239853918.
[I 2026-05-15 16:21:11,011] Trial 401 finished with value: 0.6063438921014679 and parameters: {'n_estimators': 392, 'learning_rate': 0.046165790921315036, 'subsample': 0.9106842227820725, 'colsample_bytree': 0.626146463025754, 'min_child_weight': 5}. Best is trial 205 with value: 0.6463086239853918.
[I 2026-05-15 16:21:11,431] Trial 402 finished with value: 0.6043525212212082 and parameters: {'n_estimators': 65, 'learning_rate': 0.012375033364089306, 'subsample': 0.9625749813377644, 'colsample_bytree': 0.655698148447038, 'min_child_weight': 6}. Best is trial 205 with value: 0.6463086239853918.
[I 2026-05-15 16:21:11,987] Trial 403 finished with value: 0.5962826397169831 and parameters: {'n_estimators': 235, 'learning_rate': 0.03258878806411497, 'subsample': 0.959933338274909, 'colsample_bytree': 0.6087293587101957, 'min_child_weight': 7}. Best is trial 205 with value: 0.6463086239853918.
[I 2026-05-15 16:21:12,721] Trial 404 finished with value: 0.5967441112895658 and parameters: {'n_estimators': 484, 'learning_rate': 0.06721037677312691, 'subsample': 0.9747289848132368, 'colsample_bytree': 0.6209031517144095, 'min_child_weight': 5}. Best is trial 205 with value: 0.6463086239853918.
[I 2026-05-15 16:21:13,313] Trial 405 finished with value: 0.620985151490202 and parameters: {'n_estimators': 167, 'learning_rate': 0.12009119896986077, 'subsample': 0.9925188361988987, 'colsample_bytree': 0.7026120249776991, 'min_child_weight': 7}. Best is trial 205 with value: 0.6463086239853918.
[I 2026-05-15 16:21:13,805] Trial 406 finished with value: 0.6146388511034976 and parameters: {'n_estimators': 139, 'learning_rate': 0.06840082422420674, 'subsample': 0.7855729946753345, 'colsample_bytree': 0.9888021318526148, 'min_child_weight': 7}. Best is trial 205 with value: 0.6463086239853918.
[I 2026-05-15 16:21:14,315] Trial 407 finished with value: 0.6027067025046824 and parameters: {'n_estimators': 207, 'learning_rate': 0.014741215968264691, 'subsample': 0.6604987314939738, 'colsample_bytree': 0.690126771980494, 'min_child_weight': 3}. Best is trial 205 with value: 0.6463086239853918.
[I 2026-05-15 16:21:15,126] Trial 408 finished with value: 0.6242324102930163 and parameters: {'n_estimators': 433, 'learning_rate': 0.06745188784237581, 'subsample': 0.8093563645497466, 'colsample_bytree': 0.645907548747687, 'min_child_weight': 9}. Best is trial 205 with value: 0.6463086239853918.
[I 2026-05-15 16:21:15,802] Trial 409 finished with value: 0.5804387990246576 and parameters: {'n_estimators': 375, 'learning_rate': 0.012587931636111327, 'subsample': 0.8831340388919074, 'colsample_bytree': 0.8174152869370584, 'min_child_weight': 1}. Best is trial 205 with value: 0.6463086239853918.
[I 2026-05-15 16:21:16,381] Trial 410 finished with value: 0.6100530571237643 and parameters: {'n_estimators': 256, 'learning_rate': 0.05199423440889519, 'subsample': 0.6663098160653103, 'colsample_bytree': 0.9782792588001129, 'min_child_weight': 9}. Best is trial 205 with value: 0.6463086239853918.
[I 2026-05-15 16:21:17,107] Trial 411 finished with value: 0.6225274402042078 and parameters: {'n_estimators': 351, 'learning_rate': 0.04817997819550144, 'subsample': 0.7647062166338034, 'colsample_bytree': 0.8603893868603816, 'min_child_weight': 6}. Best is trial 205 with value: 0.6463086239853918.
[I 2026-05-15 16:21:17,643] Trial 412 finished with value: 0.5853419968571484 and parameters: {'n_estimators': 78, 'learning_rate': 0.05715162135968608, 'subsample': 0.9225614468931358, 'colsample_bytree': 0.7836959510387832, 'min_child_weight': 1}. Best is trial 205 with value: 0.6463086239853918.
[I 2026-05-15 16:21:18,416] Trial 413 finished with value: 0.5910713638996468 and parameters: {'n_estimators': 404, 'learning_rate': 0.01983529767778567, 'subsample': 0.7034483339552156, 'colsample_bytree': 0.6658825413729184, 'min_child_weight': 4}. Best is trial 205 with value: 0.6463086239853918.
[I 2026-05-15 16:21:19,144] Trial 414 finished with value: 0.609107630521772 and parameters: {'n_estimators': 391, 'learning_rate': 0.058505391852606455, 'subsample': 0.681952509660285, 'colsample_bytree': 0.9511320312608164, 'min_child_weight': 9}. Best is trial 205 with value: 0.6463086239853918.
[I 2026-05-15 16:21:20,033] Trial 415 finished with value: 0.6085997134481982 and parameters: {'n_estimators': 442, 'learning_rate': 0.022528431683873033, 'subsample': 0.7804957376723952, 'colsample_bytree': 0.9939958624563501, 'min_child_weight': 8}. Best is trial 205 with value: 0.6463086239853918.
[I 2026-05-15 16:21:20,525] Trial 416 finished with value: 0.6067590475166234 and parameters: {'n_estimators': 62, 'learning_rate': 0.012482888394897595, 'subsample': 0.7855725507249331, 'colsample_bytree': 0.9636880823446241, 'min_child_weight': 6}. Best is trial 205 with value: 0.6463086239853918.
[I 2026-05-15 16:21:21,098] Trial 417 finished with value: 0.5792628769396446 and parameters: {'n_estimators': 274, 'learning_rate': 0.014315200791767483, 'subsample': 0.8627120418897176, 'colsample_bytree': 0.9288412642400902, 'min_child_weight': 4}. Best is trial 205 with value: 0.6463086239853918.
[I 2026-05-15 16:21:21,805] Trial 418 finished with value: 0.5839909462131685 and parameters: {'n_estimators': 399, 'learning_rate': 0.2658575297669879, 'subsample': 0.6815065836510756, 'colsample_bytree': 0.8093318524778965, 'min_child_weight': 3}. Best is trial 205 with value: 0.6463086239853918.
[I 2026-05-15 16:21:22,582] Trial 419 finished with value: 0.5947660752711258 and parameters: {'n_estimators': 407, 'learning_rate': 0.07131410519627522, 'subsample': 0.8538329670201215, 'colsample_bytree': 0.9191656638463577, 'min_child_weight': 4}. Best is trial 205 with value: 0.6463086239853918.
[I 2026-05-15 16:21:23,345] Trial 420 finished with value: 0.6093629035043178 and parameters: {'n_estimators': 462, 'learning_rate': 0.061284164435516174, 'subsample': 0.6631819291341392, 'colsample_bytree': 0.878359647267521, 'min_child_weight': 8}. Best is trial 205 with value: 0.6463086239853918.
[I 2026-05-15 16:21:23,855] Trial 421 finished with value: 0.6252056214682478 and parameters: {'n_estimators': 192, 'learning_rate': 0.18456854969046618, 'subsample': 0.9624573019063065, 'colsample_bytree': 0.7107617949511236, 'min_child_weight': 10}. Best is trial 205 with value: 0.6463086239853918.
[I 2026-05-15 16:21:24,334] Trial 422 finished with value: 0.605364913647742 and parameters: {'n_estimators': 113, 'learning_rate': 0.019879325168768943, 'subsample': 0.6736899356952104, 'colsample_bytree': 0.9575958840031482, 'min_child_weight': 7}. Best is trial 205 with value: 0.6463086239853918.
[I 2026-05-15 16:21:24,911] Trial 423 finished with value: 0.5930150956413582 and parameters: {'n_estimators': 118, 'learning_rate': 0.04471065994177841, 'subsample': 0.8461192100279208, 'colsample_bytree': 0.6333856339957533, 'min_child_weight': 9}. Best is trial 205 with value: 0.6463086239853918.
[I 2026-05-15 16:21:25,668] Trial 424 finished with value: 0.6112765474381636 and parameters: {'n_estimators': 412, 'learning_rate': 0.055750871833158994, 'subsample': 0.9868506461036681, 'colsample_bytree': 0.7671043917100399, 'min_child_weight': 10}. Best is trial 205 with value: 0.6463086239853918.
[I 2026-05-15 16:21:26,316] Trial 425 finished with value: 0.6157489366580275 and parameters: {'n_estimators': 351, 'learning_rate': 0.0865937260774655, 'subsample': 0.666381958118314, 'colsample_bytree': 0.9527711033218575, 'min_child_weight': 5}. Best is trial 205 with value: 0.6463086239853918.
[I 2026-05-15 16:21:26,918] Trial 426 finished with value: 0.600900020445475 and parameters: {'n_estimators': 123, 'learning_rate': 0.010438133228388727, 'subsample': 0.823902273455353, 'colsample_bytree': 0.8109598488490706, 'min_child_weight': 8}. Best is trial 205 with value: 0.6463086239853918.
[I 2026-05-15 16:21:27,643] Trial 427 finished with value: 0.592916594936797 and parameters: {'n_estimators': 451, 'learning_rate': 0.013100659346948772, 'subsample': 0.8925985961361449, 'colsample_bytree': 0.6749647776390328, 'min_child_weight': 9}. Best is trial 205 with value: 0.6463086239853918.
[I 2026-05-15 16:21:28,321] Trial 428 finished with value: 0.5710453323584636 and parameters: {'n_estimators': 419, 'learning_rate': 0.0629242358087527, 'subsample': 0.8840971194493246, 'colsample_bytree': 0.7257400452734993, 'min_child_weight': 5}. Best is trial 205 with value: 0.6463086239853918.
[I 2026-05-15 16:21:29,138] Trial 429 finished with value: 0.6135420229359624 and parameters: {'n_estimators': 420, 'learning_rate': 0.04768594398528765, 'subsample': 0.7431193061301767, 'colsample_bytree': 0.7976849789001199, 'min_child_weight': 9}. Best is trial 205 with value: 0.6463086239853918.
[I 2026-05-15 16:21:29,710] Trial 430 finished with value: 0.5835671628600922 and parameters: {'n_estimators': 201, 'learning_rate': 0.018057887475815004, 'subsample': 0.8848056081323123, 'colsample_bytree': 0.9303912850832328, 'min_child_weight': 2}. Best is trial 205 with value: 0.6463086239853918.
[I 2026-05-15 16:21:30,227] Trial 431 finished with value: 0.5972344665273959 and parameters: {'n_estimators': 158, 'learning_rate': 0.016207269122103407, 'subsample': 0.7391765646328666, 'colsample_bytree': 0.7801403915621651, 'min_child_weight': 8}. Best is trial 205 with value: 0.6463086239853918.
[I 2026-05-15 16:21:30,838] Trial 432 finished with value: 0.608894942430296 and parameters: {'n_estimators': 343, 'learning_rate': 0.08263932946915954, 'subsample': 0.7409499786438618, 'colsample_bytree': 0.936579021233904, 'min_child_weight': 5}. Best is trial 205 with value: 0.6463086239853918.
[I 2026-05-15 16:21:31,593] Trial 433 finished with value: 0.595630069266433 and parameters: {'n_estimators': 491, 'learning_rate': 0.0864380241535905, 'subsample': 0.650505896625801, 'colsample_bytree': 0.8704710248301736, 'min_child_weight': 4}. Best is trial 205 with value: 0.6463086239853918.
[I 2026-05-15 16:21:32,379] Trial 434 finished with value: 0.5911328959813809 and parameters: {'n_estimators': 359, 'learning_rate': 0.01267267858739504, 'subsample': 0.6699525748703837, 'colsample_bytree': 0.9422949035623145, 'min_child_weight': 3}. Best is trial 205 with value: 0.6463086239853918.
[I 2026-05-15 16:21:33,177] Trial 435 finished with value: 0.6008441171067433 and parameters: {'n_estimators': 427, 'learning_rate': 0.025853815556781314, 'subsample': 0.8571527640234831, 'colsample_bytree': 0.8776602294039324, 'min_child_weight': 6}. Best is trial 205 with value: 0.6463086239853918.
