[I 2026-05-15 17:53:46,011] Trial 284 finished with value: 0.7436890470689124 and parameters: {'n_estimators': 192, 'learning_rate': 0.05613675661974366, 'subsample': 0.6166291436201569, 'colsample_bytree': 0.6593372803848355, 'min_child_weight': 10}. Best is trial 278 with value: 0.7636584119649676.
[I 2026-05-15 17:53:46,803] Trial 285 finished with value: 0.748777651681041 and parameters: {'n_estimators': 485, 'learning_rate': 0.010169437951699022, 'subsample': 0.9807247141692956, 'colsample_bytree': 0.8556479751262, 'min_child_weight': 9}. Best is trial 278 with value: 0.7636584119649676.
[I 2026-05-15 17:53:47,534] Trial 286 finished with value: 0.677087888376618 and parameters: {'n_estimators': 255, 'learning_rate': 0.05775609906804066, 'subsample': 0.7955386321027681, 'colsample_bytree': 0.8667457030184418, 'min_child_weight': 2}. Best is trial 278 with value: 0.7636584119649676.
[I 2026-05-15 17:53:47,964] Trial 287 finished with value: 0.7548154883022938 and parameters: {'n_estimators': 63, 'learning_rate': 0.028500328230541317, 'subsample': 0.8818723050946586, 'colsample_bytree': 0.6807413808491793, 'min_child_weight': 7}. Best is trial 278 with value: 0.7636584119649676.
[I 2026-05-15 17:53:48,760] Trial 288 finished with value: 0.744553396189253 and parameters: {'n_estimators': 487, 'learning_rate': 0.013762671476649342, 'subsample': 0.8690408472900505, 'colsample_bytree': 0.7775000877218284, 'min_child_weight': 9}. Best is trial 278 with value: 0.7636584119649676.
[I 2026-05-15 17:53:49,348] Trial 289 finished with value: 0.6979742244186404 and parameters: {'n_estimators': 129, 'learning_rate': 0.10546115311381248, 'subsample': 0.9352461158592441, 'colsample_bytree': 0.9778456877896093, 'min_child_weight': 7}. Best is trial 278 with value: 0.7636584119649676.
[I 2026-05-15 17:53:50,048] Trial 290 finished with value: 0.6693744086755101 and parameters: {'n_estimators': 274, 'learning_rate': 0.08177777509881522, 'subsample': 0.9475619937914873, 'colsample_bytree': 0.8282438986555318, 'min_child_weight': 1}. Best is trial 278 with value: 0.7636584119649676.
[I 2026-05-15 17:53:50,886] Trial 291 finished with value: 0.6758307695860146 and parameters: {'n_estimators': 469, 'learning_rate': 0.1043553261250046, 'subsample': 0.8706053543108986, 'colsample_bytree': 0.6862700609590868, 'min_child_weight': 7}. Best is trial 278 with value: 0.7636584119649676.
[I 2026-05-15 17:53:51,538] Trial 292 finished with value: 0.7242761054751514 and parameters: {'n_estimators': 227, 'learning_rate': 0.09161151646334173, 'subsample': 0.6426372121231962, 'colsample_bytree': 0.8631381218412144, 'min_child_weight': 10}. Best is trial 278 with value: 0.7636584119649676.
[I 2026-05-15 17:53:52,092] Trial 293 finished with value: 0.6928927439106343 and parameters: {'n_estimators': 71, 'learning_rate': 0.2775906009459129, 'subsample': 0.7627631842891482, 'colsample_bytree': 0.9483013801349036, 'min_child_weight': 8}. Best is trial 278 with value: 0.7636584119649676.
[I 2026-05-15 17:53:52,722] Trial 294 finished with value: 0.6497190489059357 and parameters: {'n_estimators': 305, 'learning_rate': 0.12324775650896964, 'subsample': 0.9514062245205391, 'colsample_bytree': 0.7616561286604132, 'min_child_weight': 4}. Best is trial 278 with value: 0.7636584119649676.
[I 2026-05-15 17:53:53,379] Trial 295 finished with value: 0.649654213018438 and parameters: {'n_estimators': 351, 'learning_rate': 0.15605813459825824, 'subsample': 0.9049140539106463, 'colsample_bytree': 0.9191254595434538, 'min_child_weight': 5}. Best is trial 278 with value: 0.7636584119649676.
[I 2026-05-15 17:53:54,239] Trial 296 finished with value: 0.7399565388697098 and parameters: {'n_estimators': 418, 'learning_rate': 0.01505093051273995, 'subsample': 0.8177956391843398, 'colsample_bytree': 0.6023034641992486, 'min_child_weight': 4}. Best is trial 278 with value: 0.7636584119649676.
[I 2026-05-15 17:53:54,757] Trial 297 finished with value: 0.7293864229529698 and parameters: {'n_estimators': 215, 'learning_rate': 0.03847645956359465, 'subsample': 0.8781868826759449, 'colsample_bytree': 0.7554232405081382, 'min_child_weight': 5}. Best is trial 278 with value: 0.7636584119649676.
[I 2026-05-15 17:53:55,267] Trial 298 finished with value: 0.7485812535711376 and parameters: {'n_estimators': 157, 'learning_rate': 0.03559083316675368, 'subsample': 0.6909078509052606, 'colsample_bytree': 0.6292783695073775, 'min_child_weight': 7}. Best is trial 278 with value: 0.7636584119649676.
[I 2026-05-15 17:53:55,998] Trial 299 finished with value: 0.7191471913650861 and parameters: {'n_estimators': 351, 'learning_rate': 0.08223607182620725, 'subsample': 0.785397617520229, 'colsample_bytree': 0.7519143120716919, 'min_child_weight': 9}. Best is trial 278 with value: 0.7636584119649676.
[I 2026-05-15 17:53:56,627] Trial 300 finished with value: 0.72506761053654 and parameters: {'n_estimators': 284, 'learning_rate': 0.05102813975834138, 'subsample': 0.6102568263225743, 'colsample_bytree': 0.7364991310504625, 'min_child_weight': 4}. Best is trial 278 with value: 0.7636584119649676.
[I 2026-05-15 17:53:57,301] Trial 301 finished with value: 0.7244665881978531 and parameters: {'n_estimators': 229, 'learning_rate': 0.07194240268183227, 'subsample': 0.8134410186907514, 'colsample_bytree': 0.8431620371173778, 'min_child_weight': 8}. Best is trial 278 with value: 0.7636584119649676.
[I 2026-05-15 17:53:58,080] Trial 302 finished with value: 0.6350027244381284 and parameters: {'n_estimators': 416, 'learning_rate': 0.11501509947959764, 'subsample': 0.9822094783819739, 'colsample_bytree': 0.6072930330705446, 'min_child_weight': 2}. Best is trial 278 with value: 0.7636584119649676.
[I 2026-05-15 17:53:58,610] Trial 303 finished with value: 0.7461764814158317 and parameters: {'n_estimators': 53, 'learning_rate': 0.09044793628268057, 'subsample': 0.9592122195799948, 'colsample_bytree': 0.6973929186305197, 'min_child_weight': 10}. Best is trial 278 with value: 0.7636584119649676.
[I 2026-05-15 17:53:59,138] Trial 304 finished with value: 0.6859141090877667 and parameters: {'n_estimators': 77, 'learning_rate': 0.2400354115771027, 'subsample': 0.7406490748958537, 'colsample_bytree': 0.6405683313796866, 'min_child_weight': 5}. Best is trial 278 with value: 0.7636584119649676.
[I 2026-05-15 17:53:59,655] Trial 305 finished with value: 0.7500895011173843 and parameters: {'n_estimators': 165, 'learning_rate': 0.0263506794768714, 'subsample': 0.7229159859705147, 'colsample_bytree': 0.9212103591330654, 'min_child_weight': 6}. Best is trial 278 with value: 0.7636584119649676.
[I 2026-05-15 17:54:00,183] Trial 306 finished with value: 0.7020393917097232 and parameters: {'n_estimators': 190, 'learning_rate': 0.0797144407910146, 'subsample': 0.8864602696892774, 'colsample_bytree': 0.7090496002934135, 'min_child_weight': 5}. Best is trial 278 with value: 0.7636584119649676.
[I 2026-05-15 17:54:00,655] Trial 307 finished with value: 0.7608125274006532 and parameters: {'n_estimators': 104, 'learning_rate': 0.018517380662798396, 'subsample': 0.8724471415859931, 'colsample_bytree': 0.6725753390782507, 'min_child_weight': 6}. Best is trial 278 with value: 0.7636584119649676.
[I 2026-05-15 17:54:01,518] Trial 308 finished with value: 0.7472197578372529 and parameters: {'n_estimators': 369, 'learning_rate': 0.014383685371489131, 'subsample': 0.8269248878515614, 'colsample_bytree': 0.7026251134805455, 'min_child_weight': 10}. Best is trial 278 with value: 0.7636584119649676.
[I 2026-05-15 17:54:02,216] Trial 309 finished with value: 0.6771367104671329 and parameters: {'n_estimators': 268, 'learning_rate': 0.15507747688843285, 'subsample': 0.8200906168625047, 'colsample_bytree': 0.6173650131419276, 'min_child_weight': 7}. Best is trial 278 with value: 0.7636584119649676.
[I 2026-05-15 17:54:03,170] Trial 310 finished with value: 0.6598699325075492 and parameters: {'n_estimators': 479, 'learning_rate': 0.07738443331853193, 'subsample': 0.927675543770716, 'colsample_bytree': 0.9536825853393631, 'min_child_weight': 3}. Best is trial 278 with value: 0.7636584119649676.
[I 2026-05-15 17:54:03,767] Trial 311 finished with value: 0.7264007548966147 and parameters: {'n_estimators': 145, 'learning_rate': 0.0798901073742648, 'subsample': 0.7644113879226819, 'colsample_bytree': 0.9359445211466881, 'min_child_weight': 10}. Best is trial 278 with value: 0.7636584119649676.
[I 2026-05-15 17:54:04,323] Trial 312 finished with value: 0.7455975895122181 and parameters: {'n_estimators': 209, 'learning_rate': 0.022381363321172874, 'subsample': 0.9122102060975448, 'colsample_bytree': 0.7099224142192544, 'min_child_weight': 9}. Best is trial 278 with value: 0.7636584119649676.
[I 2026-05-15 17:54:04,897] Trial 313 finished with value: 0.7124909637005129 and parameters: {'n_estimators': 241, 'learning_rate': 0.09683941223364781, 'subsample': 0.6382141255338672, 'colsample_bytree': 0.8495437298706292, 'min_child_weight': 5}. Best is trial 278 with value: 0.7636584119649676.
[I 2026-05-15 17:54:05,668] Trial 314 finished with value: 0.7181329687388466 and parameters: {'n_estimators': 314, 'learning_rate': 0.01770831983748908, 'subsample': 0.8947494979776729, 'colsample_bytree': 0.9451188310172914, 'min_child_weight': 3}. Best is trial 278 with value: 0.7636584119649676.
/home/mklemmingen/PycharmProjects/migraine-forecasting-shd/.venv/lib/python3.13/site-packages/sklearn/linear_model/_sag.py:348: ConvergenceWarning: The max_iter was reached which means the coef_ did not converge
  warnings.warn(
[I 2026-05-15 17:54:06,189] Trial 315 finished with value: 0.7521963395911554 and parameters: {'n_estimators': 93, 'learning_rate': 0.01083719924029523, 'subsample': 0.8567886001773064, 'colsample_bytree': 0.8428376144355123, 'min_child_weight': 6}. Best is trial 278 with value: 0.7636584119649676.
[I 2026-05-15 17:54:06,691] Trial 316 finished with value: 0.7454259679612202 and parameters: {'n_estimators': 154, 'learning_rate': 0.03779336441896264, 'subsample': 0.8377905340744692, 'colsample_bytree': 0.7987067435436678, 'min_child_weight': 10}. Best is trial 278 with value: 0.7636584119649676.
[I 2026-05-15 17:54:07,274] Trial 317 finished with value: 0.7179995345721204 and parameters: {'n_estimators': 111, 'learning_rate': 0.10636844146050517, 'subsample': 0.7617275072417169, 'colsample_bytree': 0.7712798459702459, 'min_child_weight': 8}. Best is trial 278 with value: 0.7636584119649676.
[I 2026-05-15 17:54:08,061] Trial 318 finished with value: 0.6513407314703423 and parameters: {'n_estimators': 362, 'learning_rate': 0.29120933806254257, 'subsample': 0.65135771578165, 'colsample_bytree': 0.6416438597536666, 'min_child_weight': 8}. Best is trial 278 with value: 0.7636584119649676.
[I 2026-05-15 17:54:08,820] Trial 319 finished with value: 0.7423979611639592 and parameters: {'n_estimators': 310, 'learning_rate': 0.02540788691400217, 'subsample': 0.6317677475955946, 'colsample_bytree': 0.6342632998385722, 'min_child_weight': 9}. Best is trial 278 with value: 0.7636584119649676.
[I 2026-05-15 17:54:09,424] Trial 320 finished with value: 0.7496622950318502 and parameters: {'n_estimators': 136, 'learning_rate': 0.030037169658485924, 'subsample': 0.6906625608907953, 'colsample_bytree': 0.741998522332775, 'min_child_weight': 1}. Best is trial 278 with value: 0.7636584119649676.
[I 2026-05-15 17:54:10,152] Trial 321 finished with value: 0.7509842182635073 and parameters: {'n_estimators': 284, 'learning_rate': 0.012585542911797537, 'subsample': 0.9201426031289446, 'colsample_bytree': 0.6934848327641732, 'min_child_weight': 6}. Best is trial 278 with value: 0.7636584119649676.
[I 2026-05-15 17:54:11,009] Trial 322 finished with value: 0.6634014867282676 and parameters: {'n_estimators': 446, 'learning_rate': 0.09150077995838635, 'subsample': 0.8131831146205342, 'colsample_bytree': 0.7297335012461502, 'min_child_weight': 4}. Best is trial 278 with value: 0.7636584119649676.
[I 2026-05-15 17:54:11,723] Trial 323 finished with value: 0.6597609353644882 and parameters: {'n_estimators': 351, 'learning_rate': 0.29407924898517374, 'subsample': 0.8647356759397514, 'colsample_bytree': 0.82311336694801, 'min_child_weight': 8}. Best is trial 278 with value: 0.7636584119649676.
[I 2026-05-15 17:54:12,422] Trial 324 finished with value: 0.7498277001467756 and parameters: {'n_estimators': 259, 'learning_rate': 0.01226980138039418, 'subsample': 0.8249187263511639, 'colsample_bytree': 0.9830501138021521, 'min_child_weight': 2}. Best is trial 278 with value: 0.7636584119649676.
[I 2026-05-15 17:54:13,208] Trial 325 finished with value: 0.7431489918689655 and parameters: {'n_estimators': 361, 'learning_rate': 0.019806303165826888, 'subsample': 0.8143310737892325, 'colsample_bytree': 0.6386705798586878, 'min_child_weight': 5}. Best is trial 278 with value: 0.7636584119649676.
[I 2026-05-15 17:54:13,867] Trial 326 finished with value: 0.7195866647841545 and parameters: {'n_estimators': 391, 'learning_rate': 0.03261409155209172, 'subsample': 0.8659646897948872, 'colsample_bytree': 0.9181799843158917, 'min_child_weight': 10}. Best is trial 278 with value: 0.7636584119649676.
[I 2026-05-15 17:54:14,468] Trial 327 finished with value: 0.7524713346281886 and parameters: {'n_estimators': 155, 'learning_rate': 0.03889000747205442, 'subsample': 0.660966405332167, 'colsample_bytree': 0.9969934008633501, 'min_child_weight': 10}. Best is trial 278 with value: 0.7636584119649676.
[I 2026-05-15 17:54:15,068] Trial 328 finished with value: 0.6415266369490837 and parameters: {'n_estimators': 293, 'learning_rate': 0.1753013563315513, 'subsample': 0.8083831909088168, 'colsample_bytree': 0.8494342752011039, 'min_child_weight': 1}. Best is trial 278 with value: 0.7636584119649676.
[I 2026-05-15 17:54:15,892] Trial 329 finished with value: 0.7424272337210318 and parameters: {'n_estimators': 390, 'learning_rate': 0.015440035736547127, 'subsample': 0.9304270521010114, 'colsample_bytree': 0.9128112350681543, 'min_child_weight': 8}. Best is trial 278 with value: 0.7636584119649676.
[I 2026-05-15 17:54:16,451] Trial 330 finished with value: 0.7487042879282984 and parameters: {'n_estimators': 66, 'learning_rate': 0.028038665366359614, 'subsample': 0.7052450279643372, 'colsample_bytree': 0.7440545629886076, 'min_child_weight': 1}. Best is trial 278 with value: 0.7636584119649676.
[I 2026-05-15 17:54:17,362] Trial 331 finished with value: 0.6868191892047891 and parameters: {'n_estimators': 472, 'learning_rate': 0.06577079034641956, 'subsample': 0.7222097242632094, 'colsample_bytree': 0.7587926068297134, 'min_child_weight': 5}. Best is trial 278 with value: 0.7636584119649676.
[I 2026-05-15 17:54:18,091] Trial 332 finished with value: 0.7167679281707532 and parameters: {'n_estimators': 320, 'learning_rate': 0.057772484305485476, 'subsample': 0.9677567892857669, 'colsample_bytree': 0.7987853931623321, 'min_child_weight': 10}. Best is trial 278 with value: 0.7636584119649676.
[I 2026-05-15 17:54:18,782] Trial 333 finished with value: 0.7451534818785028 and parameters: {'n_estimators': 433, 'learning_rate': 0.020323350754982393, 'subsample': 0.9722380858575665, 'colsample_bytree': 0.6465465591541905, 'min_child_weight': 9}. Best is trial 278 with value: 0.7636584119649676.
[I 2026-05-15 17:54:19,333] Trial 334 finished with value: 0.6886815498068656 and parameters: {'n_estimators': 221, 'learning_rate': 0.19809546339433803, 'subsample': 0.9472226760429802, 'colsample_bytree': 0.9223701600470484, 'min_child_weight': 8}. Best is trial 278 with value: 0.7636584119649676.
[I 2026-05-15 17:54:19,998] Trial 335 finished with value: 0.7564082897554731 and parameters: {'n_estimators': 187, 'learning_rate': 0.013168235744853684, 'subsample': 0.7611920715060646, 'colsample_bytree': 0.6694098059946034, 'min_child_weight': 7}. Best is trial 278 with value: 0.7636584119649676.
[I 2026-05-15 17:54:20,685] Trial 336 finished with value: 0.6281900165929958 and parameters: {'n_estimators': 206, 'learning_rate': 0.2761179014535634, 'subsample': 0.8563888309381328, 'colsample_bytree': 0.9289922254537444, 'min_child_weight': 2}. Best is trial 278 with value: 0.7636584119649676.
[I 2026-05-15 17:54:21,573] Trial 337 finished with value: 0.6650474765261088 and parameters: {'n_estimators': 438, 'learning_rate': 0.23068760438332875, 'subsample': 0.7948247675275744, 'colsample_bytree': 0.842501175100391, 'min_child_weight': 8}. Best is trial 278 with value: 0.7636584119649676.
[I 2026-05-15 17:54:22,162] Trial 338 finished with value: 0.746110609205106 and parameters: {'n_estimators': 128, 'learning_rate': 0.055252385524164935, 'subsample': 0.7594652111089253, 'colsample_bytree': 0.6585495968648997, 'min_child_weight': 4}. Best is trial 278 with value: 0.7636584119649676.
/home/mklemmingen/PycharmProjects/migraine-forecasting-shd/.venv/lib/python3.13/site-packages/sklearn/linear_model/_sag.py:348: ConvergenceWarning: The max_iter was reached which means the coef_ did not converge
  warnings.warn(
[I 2026-05-15 17:54:22,673] Trial 339 finished with value: 0.751247448146906 and parameters: {'n_estimators': 80, 'learning_rate': 0.01091760346507846, 'subsample': 0.6540665156619291, 'colsample_bytree': 0.9852460446356696, 'min_child_weight': 6}. Best is trial 278 with value: 0.7636584119649676.
[I 2026-05-15 17:54:23,460] Trial 340 finished with value: 0.7067896558571103 and parameters: {'n_estimators': 485, 'learning_rate': 0.04353632923371348, 'subsample': 0.7247264532341038, 'colsample_bytree': 0.8024567451360977, 'min_child_weight': 5}. Best is trial 278 with value: 0.7636584119649676.
[I 2026-05-15 17:54:23,920] Trial 341 finished with value: 0.7399237333878158 and parameters: {'n_estimators': 97, 'learning_rate': 0.08842563149178337, 'subsample': 0.6864152730038399, 'colsample_bytree': 0.8478351819591319, 'min_child_weight': 7}. Best is trial 278 with value: 0.7636584119649676.
/home/mklemmingen/PycharmProjects/migraine-forecasting-shd/.venv/lib/python3.13/site-packages/sklearn/linear_model/_sag.py:348: ConvergenceWarning: The max_iter was reached which means the coef_ did not converge
  warnings.warn(
[I 2026-05-15 17:54:24,437] Trial 342 finished with value: 0.7374582953881356 and parameters: {'n_estimators': 118, 'learning_rate': 0.012320287379467502, 'subsample': 0.912304634427376, 'colsample_bytree': 0.783920169507728, 'min_child_weight': 1}. Best is trial 278 with value: 0.7636584119649676.
[I 2026-05-15 17:54:25,366] Trial 343 finished with value: 0.7261972580797512 and parameters: {'n_estimators': 498, 'learning_rate': 0.012171634282309616, 'subsample': 0.8780140915434212, 'colsample_bytree': 0.9934715701053655, 'min_child_weight': 3}. Best is trial 278 with value: 0.7636584119649676.
[I 2026-05-15 17:54:25,868] Trial 344 finished with value: 0.7566504984231074 and parameters: {'n_estimators': 114, 'learning_rate': 0.015111245944092168, 'subsample': 0.7213100590270383, 'colsample_bytree': 0.6404183244042586, 'min_child_weight': 7}. Best is trial 278 with value: 0.7636584119649676.
[I 2026-05-15 17:54:26,314] Trial 345 finished with value: 0.7388412145622972 and parameters: {'n_estimators': 78, 'learning_rate': 0.0565559436526224, 'subsample': 0.9986787415411907, 'colsample_bytree': 0.9255881078024075, 'min_child_weight': 7}. Best is trial 278 with value: 0.7636584119649676.
[I 2026-05-15 17:54:26,830] Trial 346 finished with value: 0.6882487062588315 and parameters: {'n_estimators': 188, 'learning_rate': 0.08347757040088627, 'subsample': 0.8108165855646606, 'colsample_bytree': 0.7704333535561486, 'min_child_weight': 2}. Best is trial 278 with value: 0.7636584119649676.
[I 2026-05-15 17:54:27,640] Trial 347 finished with value: 0.7103622243105651 and parameters: {'n_estimators': 449, 'learning_rate': 0.046172826907491506, 'subsample': 0.677849004728306, 'colsample_bytree': 0.7471037403509159, 'min_child_weight': 5}. Best is trial 278 with value: 0.7636584119649676.
[I 2026-05-15 17:54:28,340] Trial 348 finished with value: 0.652518733808984 and parameters: {'n_estimators': 423, 'learning_rate': 0.12123761779314282, 'subsample': 0.9077219574565359, 'colsample_bytree': 0.6044125057714589, 'min_child_weight': 5}. Best is trial 278 with value: 0.7636584119649676.
[I 2026-05-15 17:54:28,981] Trial 349 finished with value: 0.7410096928017723 and parameters: {'n_estimators': 267, 'learning_rate': 0.010674543712834376, 'subsample': 0.7039252834980136, 'colsample_bytree': 0.904115929248854, 'min_child_weight': 2}. Best is trial 278 with value: 0.7636584119649676.
[I 2026-05-15 17:54:29,575] Trial 350 finished with value: 0.7553251688264364 and parameters: {'n_estimators': 291, 'learning_rate': 0.020791185786432916, 'subsample': 0.6048483098575573, 'colsample_bytree': 0.6964805830398166, 'min_child_weight': 10}. Best is trial 278 with value: 0.7636584119649676.
[I 2026-05-15 17:54:30,396] Trial 351 finished with value: 0.6644032760837936 and parameters: {'n_estimators': 411, 'learning_rate': 0.2614634918292481, 'subsample': 0.795141617570545, 'colsample_bytree': 0.6438944794710014, 'min_child_weight': 6}. Best is trial 278 with value: 0.7636584119649676.
[I 2026-05-15 17:54:31,092] Trial 352 finished with value: 0.6480331019616726 and parameters: {'n_estimators': 254, 'learning_rate': 0.1766923689636204, 'subsample': 0.6392330323136978, 'colsample_bytree': 0.7952964548087113, 'min_child_weight': 2}. Best is trial 278 with value: 0.7636584119649676.
[I 2026-05-15 17:54:31,608] Trial 353 finished with value: 0.6987349092773119 and parameters: {'n_estimators': 196, 'learning_rate': 0.12279079504118676, 'subsample': 0.7904072517475066, 'colsample_bytree': 0.7503553140583077, 'min_child_weight': 4}. Best is trial 278 with value: 0.7636584119649676.
