[I 2026-05-15 17:51:22,407] Trial 69 finished with value: 0.7143861194188247 and parameters: {'n_estimators': 327, 'learning_rate': 0.08671821512512803, 'subsample': 0.6181216039088178, 'colsample_bytree': 0.7498450458505885, 'min_child_weight': 7}. Best is trial 11 with value: 0.7574736447143597.
[I 2026-05-15 17:51:23,022] Trial 70 finished with value: 0.6425121000519105 and parameters: {'n_estimators': 276, 'learning_rate': 0.18413627311856376, 'subsample': 0.8634774526475779, 'colsample_bytree': 0.6651737708325719, 'min_child_weight': 1}. Best is trial 11 with value: 0.7574736447143597.
[I 2026-05-15 17:51:23,700] Trial 71 finished with value: 0.7513985034779325 and parameters: {'n_estimators': 339, 'learning_rate': 0.010943605280157023, 'subsample': 0.8343102325093853, 'colsample_bytree': 0.9760920965699831, 'min_child_weight': 6}. Best is trial 11 with value: 0.7574736447143597.
[I 2026-05-15 17:51:24,381] Trial 72 finished with value: 0.7246026816151648 and parameters: {'n_estimators': 225, 'learning_rate': 0.08916916511121768, 'subsample': 0.7833011561966067, 'colsample_bytree': 0.818246715726374, 'min_child_weight': 10}. Best is trial 11 with value: 0.7574736447143597.
[I 2026-05-15 17:51:24,928] Trial 73 finished with value: 0.613023904445728 and parameters: {'n_estimators': 224, 'learning_rate': 0.26290267902103615, 'subsample': 0.9621402567824255, 'colsample_bytree': 0.6783164539157186, 'min_child_weight': 1}. Best is trial 11 with value: 0.7574736447143597.
/home/mklemmingen/PycharmProjects/migraine-forecasting-shd/.venv/lib/python3.13/site-packages/sklearn/linear_model/_sag.py:348: ConvergenceWarning: The max_iter was reached which means the coef_ did not converge
  warnings.warn(
[I 2026-05-15 17:51:25,537] Trial 74 finished with value: 0.7539714888018325 and parameters: {'n_estimators': 95, 'learning_rate': 0.010639368372762009, 'subsample': 0.6377771843023713, 'colsample_bytree': 0.8732027093665427, 'min_child_weight': 1}. Best is trial 11 with value: 0.7574736447143597.
[I 2026-05-15 17:51:26,177] Trial 75 finished with value: 0.6973292738293135 and parameters: {'n_estimators': 193, 'learning_rate': 0.17700408094497766, 'subsample': 0.6093087742943303, 'colsample_bytree': 0.9257873930355743, 'min_child_weight': 3}. Best is trial 11 with value: 0.7574736447143597.
[I 2026-05-15 17:51:26,724] Trial 76 finished with value: 0.7349186162819423 and parameters: {'n_estimators': 103, 'learning_rate': 0.10694617981517995, 'subsample': 0.8515771387119535, 'colsample_bytree': 0.9509888054108212, 'min_child_weight': 8}. Best is trial 11 with value: 0.7574736447143597.
[I 2026-05-15 17:51:27,466] Trial 77 finished with value: 0.7452329916897253 and parameters: {'n_estimators': 412, 'learning_rate': 0.02609752135980675, 'subsample': 0.6709758175118891, 'colsample_bytree': 0.9002459006563434, 'min_child_weight': 9}. Best is trial 11 with value: 0.7574736447143597.
[I 2026-05-15 17:51:28,336] Trial 78 finished with value: 0.6959051298022887 and parameters: {'n_estimators': 496, 'learning_rate': 0.04068987358935104, 'subsample': 0.7488072343171133, 'colsample_bytree': 0.9105651842967988, 'min_child_weight': 4}. Best is trial 11 with value: 0.7574736447143597.
[I 2026-05-15 17:51:29,109] Trial 79 finished with value: 0.6573327547915429 and parameters: {'n_estimators': 469, 'learning_rate': 0.18534450766991437, 'subsample': 0.7715976109500073, 'colsample_bytree': 0.9003484271165989, 'min_child_weight': 8}. Best is trial 11 with value: 0.7574736447143597.
[I 2026-05-15 17:51:29,575] Trial 80 finished with value: 0.6863586329984077 and parameters: {'n_estimators': 96, 'learning_rate': 0.2153674579485446, 'subsample': 0.8021009489791429, 'colsample_bytree': 0.9305829864430967, 'min_child_weight': 4}. Best is trial 11 with value: 0.7574736447143597.
[I 2026-05-15 17:51:30,341] Trial 81 finished with value: 0.7029657900797068 and parameters: {'n_estimators': 453, 'learning_rate': 0.03757492064184006, 'subsample': 0.6043350605921193, 'colsample_bytree': 0.9621527905677054, 'min_child_weight': 1}. Best is trial 11 with value: 0.7574736447143597.
[I 2026-05-15 17:51:30,868] Trial 82 finished with value: 0.6681464930810241 and parameters: {'n_estimators': 194, 'learning_rate': 0.25313763881721907, 'subsample': 0.9802428587750225, 'colsample_bytree': 0.8293751552493145, 'min_child_weight': 7}. Best is trial 11 with value: 0.7574736447143597.
[I 2026-05-15 17:51:31,518] Trial 83 finished with value: 0.7445775514700499 and parameters: {'n_estimators': 252, 'learning_rate': 0.027108648287297775, 'subsample': 0.7314658181479664, 'colsample_bytree': 0.8690073824308153, 'min_child_weight': 8}. Best is trial 11 with value: 0.7574736447143597.
[I 2026-05-15 17:51:32,355] Trial 84 finished with value: 0.642741090604735 and parameters: {'n_estimators': 407, 'learning_rate': 0.1466769064893309, 'subsample': 0.6364824412194762, 'colsample_bytree': 0.7977681218810326, 'min_child_weight': 1}. Best is trial 11 with value: 0.7574736447143597.
[I 2026-05-15 17:51:33,058] Trial 85 finished with value: 0.6998786582791767 and parameters: {'n_estimators': 297, 'learning_rate': 0.044894598111473304, 'subsample': 0.9550816731033199, 'colsample_bytree': 0.7403660050208315, 'min_child_weight': 2}. Best is trial 11 with value: 0.7574736447143597.
[I 2026-05-15 17:51:33,622] Trial 86 finished with value: 0.6816467221060429 and parameters: {'n_estimators': 114, 'learning_rate': 0.1333041100375764, 'subsample': 0.8472872253265045, 'colsample_bytree': 0.640449070449116, 'min_child_weight': 1}. Best is trial 11 with value: 0.7574736447143597.
[I 2026-05-15 17:51:34,315] Trial 87 finished with value: 0.7241587236033304 and parameters: {'n_estimators': 366, 'learning_rate': 0.012807954711342936, 'subsample': 0.9287440237161425, 'colsample_bytree': 0.8824968908625985, 'min_child_weight': 1}. Best is trial 11 with value: 0.7574736447143597.
[I 2026-05-15 17:51:34,863] Trial 88 finished with value: 0.6798238305243453 and parameters: {'n_estimators': 88, 'learning_rate': 0.286672670520559, 'subsample': 0.7497083183024481, 'colsample_bytree': 0.7482568588267564, 'min_child_weight': 9}. Best is trial 11 with value: 0.7574736447143597.
[I 2026-05-15 17:51:35,656] Trial 89 finished with value: 0.6078802152940596 and parameters: {'n_estimators': 477, 'learning_rate': 0.2860507748733005, 'subsample': 0.9013512741035766, 'colsample_bytree': 0.7505038342123663, 'min_child_weight': 1}. Best is trial 11 with value: 0.7574736447143597.
[I 2026-05-15 17:51:36,420] Trial 90 finished with value: 0.6738877231181606 and parameters: {'n_estimators': 400, 'learning_rate': 0.06680835617133715, 'subsample': 0.7696888036987906, 'colsample_bytree': 0.9625417540378944, 'min_child_weight': 2}. Best is trial 11 with value: 0.7574736447143597.
[I 2026-05-15 17:51:37,051] Trial 91 finished with value: 0.745322387212561 and parameters: {'n_estimators': 272, 'learning_rate': 0.010393712747725662, 'subsample': 0.7874642567976505, 'colsample_bytree': 0.6225213102727349, 'min_child_weight': 2}. Best is trial 11 with value: 0.7574736447143597.
[I 2026-05-15 17:51:37,516] Trial 92 finished with value: 0.7210677325648016 and parameters: {'n_estimators': 103, 'learning_rate': 0.09098343643021342, 'subsample': 0.8984179517061692, 'colsample_bytree': 0.8333475060388639, 'min_child_weight': 10}. Best is trial 11 with value: 0.7574736447143597.
[I 2026-05-15 17:51:38,187] Trial 93 finished with value: 0.7446356182923862 and parameters: {'n_estimators': 219, 'learning_rate': 0.026425997853498497, 'subsample': 0.9474396512757841, 'colsample_bytree': 0.6894383354077811, 'min_child_weight': 10}. Best is trial 11 with value: 0.7574736447143597.
[I 2026-05-15 17:51:38,619] Trial 94 finished with value: 0.6956074214185838 and parameters: {'n_estimators': 55, 'learning_rate': 0.27078751041887994, 'subsample': 0.6172639647802304, 'colsample_bytree': 0.9564572454792284, 'min_child_weight': 6}. Best is trial 11 with value: 0.7574736447143597.
[I 2026-05-15 17:51:39,495] Trial 95 finished with value: 0.7399479382672337 and parameters: {'n_estimators': 497, 'learning_rate': 0.012853058206481468, 'subsample': 0.8215417137605283, 'colsample_bytree': 0.9877210142476396, 'min_child_weight': 6}. Best is trial 11 with value: 0.7574736447143597.
[I 2026-05-15 17:51:40,253] Trial 96 finished with value: 0.6891394377688865 and parameters: {'n_estimators': 333, 'learning_rate': 0.10658723014160122, 'subsample': 0.7818164259071093, 'colsample_bytree': 0.8510232320336253, 'min_child_weight': 6}. Best is trial 11 with value: 0.7574736447143597.
[I 2026-05-15 17:51:41,073] Trial 97 finished with value: 0.750872035387416 and parameters: {'n_estimators': 456, 'learning_rate': 0.01167158438611932, 'subsample': 0.7123852758368922, 'colsample_bytree': 0.9801645936306235, 'min_child_weight': 9}. Best is trial 11 with value: 0.7574736447143597.
[I 2026-05-15 17:51:41,729] Trial 98 finished with value: 0.6756230810863805 and parameters: {'n_estimators': 255, 'learning_rate': 0.08241590671311487, 'subsample': 0.710952473192453, 'colsample_bytree': 0.6752484638895045, 'min_child_weight': 5}. Best is trial 11 with value: 0.7574736447143597.
[I 2026-05-15 17:51:42,404] Trial 99 finished with value: 0.7366584029509748 and parameters: {'n_estimators': 209, 'learning_rate': 0.07279991098092103, 'subsample': 0.6310938547859939, 'colsample_bytree': 0.9897579230664666, 'min_child_weight': 10}. Best is trial 11 with value: 0.7574736447143597.
[I 2026-05-15 17:51:43,192] Trial 100 finished with value: 0.7077403763274068 and parameters: {'n_estimators': 364, 'learning_rate': 0.06192689958760303, 'subsample': 0.7238110465145311, 'colsample_bytree': 0.9255180078827795, 'min_child_weight': 7}. Best is trial 11 with value: 0.7574736447143597.
[I 2026-05-15 17:51:43,632] Trial 101 finished with value: 0.6986639649859093 and parameters: {'n_estimators': 123, 'learning_rate': 0.22158987153949872, 'subsample': 0.9290148971692676, 'colsample_bytree': 0.9799199653167696, 'min_child_weight': 8}. Best is trial 11 with value: 0.7574736447143597.
[I 2026-05-15 17:51:44,281] Trial 102 finished with value: 0.6895655988103494 and parameters: {'n_estimators': 326, 'learning_rate': 0.04147588661423153, 'subsample': 0.9730913933416053, 'colsample_bytree': 0.9464255558001633, 'min_child_weight': 1}. Best is trial 11 with value: 0.7574736447143597.
[I 2026-05-15 17:51:44,721] Trial 103 finished with value: 0.7345038614229027 and parameters: {'n_estimators': 61, 'learning_rate': 0.03598173003875193, 'subsample': 0.9242213323127332, 'colsample_bytree': 0.9949104517259778, 'min_child_weight': 2}. Best is trial 11 with value: 0.7574736447143597.
[I 2026-05-15 17:51:45,321] Trial 104 finished with value: 0.7213704802325177 and parameters: {'n_estimators': 317, 'learning_rate': 0.03652767079211978, 'subsample': 0.9879657591258413, 'colsample_bytree': 0.9368475692542835, 'min_child_weight': 9}. Best is trial 11 with value: 0.7574736447143597.
[I 2026-05-15 17:51:46,013] Trial 105 finished with value: 0.7345927584439285 and parameters: {'n_estimators': 261, 'learning_rate': 0.04099573751320915, 'subsample': 0.7093628287722825, 'colsample_bytree': 0.6225501986603709, 'min_child_weight': 9}. Best is trial 11 with value: 0.7574736447143597.
[I 2026-05-15 17:51:46,835] Trial 106 finished with value: 0.628721178062414 and parameters: {'n_estimators': 416, 'learning_rate': 0.29971206360343033, 'subsample': 0.9986547348295621, 'colsample_bytree': 0.822172682241051, 'min_child_weight': 8}. Best is trial 11 with value: 0.7574736447143597.
[I 2026-05-15 17:51:47,627] Trial 107 finished with value: 0.6131085472535605 and parameters: {'n_estimators': 476, 'learning_rate': 0.17990043761549515, 'subsample': 0.6989392406972791, 'colsample_bytree': 0.7802176541240374, 'min_child_weight': 2}. Best is trial 11 with value: 0.7574736447143597.
[I 2026-05-15 17:51:48,394] Trial 108 finished with value: 0.6824729549056461 and parameters: {'n_estimators': 480, 'learning_rate': 0.0785947318608976, 'subsample': 0.6914571222013851, 'colsample_bytree': 0.8686802737623427, 'min_child_weight': 7}. Best is trial 11 with value: 0.7574736447143597.
[I 2026-05-15 17:51:48,955] Trial 109 finished with value: 0.7589180288647916 and parameters: {'n_estimators': 211, 'learning_rate': 0.014714256860732133, 'subsample': 0.8686292782371199, 'colsample_bytree': 0.8081230803615174, 'min_child_weight': 8}. Best is trial 109 with value: 0.7589180288647916.
[I 2026-05-15 17:51:49,573] Trial 110 finished with value: 0.7034794339850888 and parameters: {'n_estimators': 284, 'learning_rate': 0.18145770215697452, 'subsample': 0.8207627355097942, 'colsample_bytree': 0.8243751886141545, 'min_child_weight': 9}. Best is trial 109 with value: 0.7589180288647916.
[I 2026-05-15 17:51:50,221] Trial 111 finished with value: 0.7574833231907865 and parameters: {'n_estimators': 231, 'learning_rate': 0.015774541406529004, 'subsample': 0.6115130705253355, 'colsample_bytree': 0.9020549022694476, 'min_child_weight': 7}. Best is trial 109 with value: 0.7589180288647916.
[I 2026-05-15 17:51:51,032] Trial 112 finished with value: 0.7374749608078328 and parameters: {'n_estimators': 367, 'learning_rate': 0.020633546899416644, 'subsample': 0.6545485902347079, 'colsample_bytree': 0.6058178662671527, 'min_child_weight': 4}. Best is trial 109 with value: 0.7589180288647916.
[I 2026-05-15 17:51:51,729] Trial 113 finished with value: 0.7243113864345302 and parameters: {'n_estimators': 316, 'learning_rate': 0.037965752834227796, 'subsample': 0.7749899688094917, 'colsample_bytree': 0.9616634777974994, 'min_child_weight': 4}. Best is trial 109 with value: 0.7589180288647916.
[I 2026-05-15 17:51:52,347] Trial 114 finished with value: 0.6950644204250374 and parameters: {'n_estimators': 281, 'learning_rate': 0.14373102458263218, 'subsample': 0.7586171129285081, 'colsample_bytree': 0.8488346800911494, 'min_child_weight': 9}. Best is trial 109 with value: 0.7589180288647916.
[I 2026-05-15 17:51:53,127] Trial 115 finished with value: 0.7025507737874422 and parameters: {'n_estimators': 478, 'learning_rate': 0.016490938219803204, 'subsample': 0.9706350500645977, 'colsample_bytree': 0.7968465172318153, 'min_child_weight': 3}. Best is trial 109 with value: 0.7589180288647916.
[I 2026-05-15 17:51:53,773] Trial 116 finished with value: 0.6490652977167117 and parameters: {'n_estimators': 257, 'learning_rate': 0.28030248454196793, 'subsample': 0.7970472375971478, 'colsample_bytree': 0.7315006441150033, 'min_child_weight': 7}. Best is trial 109 with value: 0.7589180288647916.
[I 2026-05-15 17:51:54,391] Trial 117 finished with value: 0.7538105096136283 and parameters: {'n_estimators': 158, 'learning_rate': 0.012943726698159996, 'subsample': 0.6515518887642596, 'colsample_bytree': 0.6512183355831089, 'min_child_weight': 2}. Best is trial 109 with value: 0.7589180288647916.
[I 2026-05-15 17:51:54,877] Trial 118 finished with value: 0.7464798413303348 and parameters: {'n_estimators': 112, 'learning_rate': 0.08844019819451818, 'subsample': 0.6727520337596579, 'colsample_bytree': 0.7382669133295453, 'min_child_weight': 9}. Best is trial 109 with value: 0.7589180288647916.
[I 2026-05-15 17:51:55,542] Trial 119 finished with value: 0.6828559345841757 and parameters: {'n_estimators': 263, 'learning_rate': 0.09684199427475873, 'subsample': 0.668927948480652, 'colsample_bytree': 0.6769156075234684, 'min_child_weight': 1}. Best is trial 109 with value: 0.7589180288647916.
[I 2026-05-15 17:51:56,031] Trial 120 finished with value: 0.7403611937550215 and parameters: {'n_estimators': 126, 'learning_rate': 0.025793585182259916, 'subsample': 0.6708041937106987, 'colsample_bytree': 0.6354810135028223, 'min_child_weight': 2}. Best is trial 109 with value: 0.7589180288647916.
[I 2026-05-15 17:51:56,739] Trial 121 finished with value: 0.7462210890589841 and parameters: {'n_estimators': 257, 'learning_rate': 0.02017343814481253, 'subsample': 0.7457079444192302, 'colsample_bytree': 0.8013669083419428, 'min_child_weight': 7}. Best is trial 109 with value: 0.7589180288647916.
[I 2026-05-15 17:51:57,254] Trial 122 finished with value: 0.7470299305453236 and parameters: {'n_estimators': 67, 'learning_rate': 0.15164430026640188, 'subsample': 0.8511601557963631, 'colsample_bytree': 0.6327036127795488, 'min_child_weight': 9}. Best is trial 109 with value: 0.7589180288647916.
[I 2026-05-15 17:51:58,088] Trial 123 finished with value: 0.7479322255581119 and parameters: {'n_estimators': 465, 'learning_rate': 0.012308908766048775, 'subsample': 0.7107510592588815, 'colsample_bytree': 0.9224805119172246, 'min_child_weight': 8}. Best is trial 109 with value: 0.7589180288647916.
[I 2026-05-15 17:51:58,559] Trial 124 finished with value: 0.7518281009560825 and parameters: {'n_estimators': 133, 'learning_rate': 0.020381415146353103, 'subsample': 0.7481888411165528, 'colsample_bytree': 0.7938091940764085, 'min_child_weight': 7}. Best is trial 109 with value: 0.7589180288647916.
[I 2026-05-15 17:51:59,233] Trial 125 finished with value: 0.7025714933940301 and parameters: {'n_estimators': 216, 'learning_rate': 0.04821918439843223, 'subsample': 0.8989883752535026, 'colsample_bytree': 0.6146732811562391, 'min_child_weight': 3}. Best is trial 109 with value: 0.7589180288647916.
[I 2026-05-15 17:52:00,043] Trial 126 finished with value: 0.6125426198902543 and parameters: {'n_estimators': 371, 'learning_rate': 0.21005307678586949, 'subsample': 0.8046709768462664, 'colsample_bytree': 0.8128453941061262, 'min_child_weight': 2}. Best is trial 109 with value: 0.7589180288647916.
[I 2026-05-15 17:52:00,755] Trial 127 finished with value: 0.6998214862479641 and parameters: {'n_estimators': 251, 'learning_rate': 0.06119843058104698, 'subsample': 0.6969882014538918, 'colsample_bytree': 0.7076972923797524, 'min_child_weight': 4}. Best is trial 109 with value: 0.7589180288647916.
[I 2026-05-15 17:52:01,294] Trial 128 finished with value: 0.7572180685049869 and parameters: {'n_estimators': 59, 'learning_rate': 0.029905425167400378, 'subsample': 0.6845792027986178, 'colsample_bytree': 0.7309989408711659, 'min_child_weight': 2}. Best is trial 109 with value: 0.7589180288647916.
[I 2026-05-15 17:52:02,182] Trial 129 finished with value: 0.6889984183461004 and parameters: {'n_estimators': 451, 'learning_rate': 0.07530226332540962, 'subsample': 0.8716409276577959, 'colsample_bytree': 0.9156684954429353, 'min_child_weight': 5}. Best is trial 109 with value: 0.7589180288647916.
[I 2026-05-15 17:52:02,630] Trial 130 finished with value: 0.7403266117627578 and parameters: {'n_estimators': 89, 'learning_rate': 0.0621400343470248, 'subsample': 0.8347364472083516, 'colsample_bytree': 0.8981757896737319, 'min_child_weight': 5}. Best is trial 109 with value: 0.7589180288647916.
[I 2026-05-15 17:52:03,242] Trial 131 finished with value: 0.7525236030416116 and parameters: {'n_estimators': 107, 'learning_rate': 0.026252545631543493, 'subsample': 0.7452329185594541, 'colsample_bytree': 0.8583668965326405, 'min_child_weight': 6}. Best is trial 109 with value: 0.7589180288647916.
[I 2026-05-15 17:52:03,821] Trial 132 finished with value: 0.6408822875188418 and parameters: {'n_estimators': 210, 'learning_rate': 0.2865514709109943, 'subsample': 0.8423099277427548, 'colsample_bytree': 0.6948907166943978, 'min_child_weight': 2}. Best is trial 109 with value: 0.7589180288647916.
[I 2026-05-15 17:52:04,327] Trial 133 finished with value: 0.7454252552333975 and parameters: {'n_estimators': 118, 'learning_rate': 0.023083910848062564, 'subsample': 0.6642725493038223, 'colsample_bytree': 0.6746268096205222, 'min_child_weight': 3}. Best is trial 109 with value: 0.7589180288647916.
[I 2026-05-15 17:52:04,817] Trial 134 finished with value: 0.7167713681526744 and parameters: {'n_estimators': 128, 'learning_rate': 0.2111695377304645, 'subsample': 0.6320934982646569, 'colsample_bytree': 0.8098045558281018, 'min_child_weight': 5}. Best is trial 109 with value: 0.7589180288647916.
[I 2026-05-15 17:52:05,612] Trial 135 finished with value: 0.7472307799603375 and parameters: {'n_estimators': 493, 'learning_rate': 0.01463844831776675, 'subsample': 0.7591422396182966, 'colsample_bytree': 0.9877881733101476, 'min_child_weight': 9}. Best is trial 109 with value: 0.7589180288647916.
[I 2026-05-15 17:52:06,444] Trial 136 finished with value: 0.7457062368005911 and parameters: {'n_estimators': 418, 'learning_rate': 0.0240410674813289, 'subsample': 0.6683550349560263, 'colsample_bytree': 0.8674572879697724, 'min_child_weight': 10}. Best is trial 109 with value: 0.7589180288647916.
[I 2026-05-15 17:52:07,166] Trial 137 finished with value: 0.6712380709821741 and parameters: {'n_estimators': 301, 'learning_rate': 0.06987812657572089, 'subsample': 0.7119916374641136, 'colsample_bytree': 0.9077971732767748, 'min_child_weight': 2}. Best is trial 109 with value: 0.7589180288647916.
[I 2026-05-15 17:52:07,837] Trial 138 finished with value: 0.7102179867696481 and parameters: {'n_estimators': 195, 'learning_rate': 0.042503158638724566, 'subsample': 0.803044151473782, 'colsample_bytree': 0.6969638929660321, 'min_child_weight': 2}. Best is trial 109 with value: 0.7589180288647916.
[I 2026-05-15 17:52:08,553] Trial 139 finished with value: 0.7379665841702938 and parameters: {'n_estimators': 325, 'learning_rate': 0.026689615974393607, 'subsample': 0.8324952885690449, 'colsample_bytree': 0.6617450861096809, 'min_child_weight': 5}. Best is trial 109 with value: 0.7589180288647916.
[I 2026-05-15 17:52:09,152] Trial 140 finished with value: 0.7475274133582664 and parameters: {'n_estimators': 290, 'learning_rate': 0.011927506110875273, 'subsample': 0.7346417112775683, 'colsample_bytree': 0.6537658707755897, 'min_child_weight': 1}. Best is trial 109 with value: 0.7589180288647916.
