[I 2026-05-15 17:55:20,250] Trial 425 finished with value: 0.6948533564032049 and parameters: {'n_estimators': 351, 'learning_rate': 0.0865937260774655, 'subsample': 0.666381958118314, 'colsample_bytree': 0.9527711033218575, 'min_child_weight': 5}. Best is trial 390 with value: 0.7646660234109939.
/home/mklemmingen/PycharmProjects/migraine-forecasting-shd/.venv/lib/python3.13/site-packages/sklearn/linear_model/_sag.py:348: ConvergenceWarning: The max_iter was reached which means the coef_ did not converge
  warnings.warn(
[I 2026-05-15 17:55:20,754] Trial 426 finished with value: 0.7513891599055584 and parameters: {'n_estimators': 123, 'learning_rate': 0.010438133228388727, 'subsample': 0.823902273455353, 'colsample_bytree': 0.8109598488490706, 'min_child_weight': 8}. Best is trial 390 with value: 0.7646660234109939.
[I 2026-05-15 17:55:21,591] Trial 427 finished with value: 0.743308476051394 and parameters: {'n_estimators': 451, 'learning_rate': 0.013100659346948772, 'subsample': 0.8925985961361449, 'colsample_bytree': 0.6749647776390328, 'min_child_weight': 9}. Best is trial 390 with value: 0.7646660234109939.
[I 2026-05-15 17:55:22,309] Trial 428 finished with value: 0.6891042228375093 and parameters: {'n_estimators': 419, 'learning_rate': 0.0629242358087527, 'subsample': 0.8840971194493246, 'colsample_bytree': 0.7257400452734993, 'min_child_weight': 5}. Best is trial 390 with value: 0.7646660234109939.
[I 2026-05-15 17:55:23,148] Trial 429 finished with value: 0.7229200960612621 and parameters: {'n_estimators': 420, 'learning_rate': 0.04768594398528765, 'subsample': 0.7431193061301767, 'colsample_bytree': 0.7976849789001199, 'min_child_weight': 9}. Best is trial 390 with value: 0.7646660234109939.
[I 2026-05-15 17:55:23,720] Trial 430 finished with value: 0.72963935233524 and parameters: {'n_estimators': 201, 'learning_rate': 0.018057887475815004, 'subsample': 0.8848056081323123, 'colsample_bytree': 0.9303912850832328, 'min_child_weight': 2}. Best is trial 390 with value: 0.7646660234109939.
[I 2026-05-15 17:55:24,246] Trial 431 finished with value: 0.7585832512218097 and parameters: {'n_estimators': 158, 'learning_rate': 0.016207269122103407, 'subsample': 0.7391765646328666, 'colsample_bytree': 0.7801403915621651, 'min_child_weight': 8}. Best is trial 390 with value: 0.7646660234109939.
[I 2026-05-15 17:55:25,005] Trial 432 finished with value: 0.6885407505221856 and parameters: {'n_estimators': 343, 'learning_rate': 0.08263932946915954, 'subsample': 0.7409499786438618, 'colsample_bytree': 0.936579021233904, 'min_child_weight': 5}. Best is trial 390 with value: 0.7646660234109939.
[I 2026-05-15 17:55:25,750] Trial 433 finished with value: 0.662378820201793 and parameters: {'n_estimators': 491, 'learning_rate': 0.0864380241535905, 'subsample': 0.650505896625801, 'colsample_bytree': 0.8704710248301736, 'min_child_weight': 4}. Best is trial 390 with value: 0.7646660234109939.
[I 2026-05-15 17:55:26,390] Trial 434 finished with value: 0.7456012482762471 and parameters: {'n_estimators': 359, 'learning_rate': 0.01267267858739504, 'subsample': 0.6699525748703837, 'colsample_bytree': 0.9422949035623145, 'min_child_weight': 3}. Best is trial 390 with value: 0.7646660234109939.
[I 2026-05-15 17:55:27,119] Trial 435 finished with value: 0.7312801997354634 and parameters: {'n_estimators': 427, 'learning_rate': 0.025853815556781314, 'subsample': 0.8571527640234831, 'colsample_bytree': 0.8776602294039324, 'min_child_weight': 6}. Best is trial 390 with value: 0.7646660234109939.
[I 2026-05-15 17:55:27,753] Trial 436 finished with value: 0.7615582289283516 and parameters: {'n_estimators': 187, 'learning_rate': 0.020611116973351568, 'subsample': 0.6132757418249705, 'colsample_bytree': 0.7215785604962895, 'min_child_weight': 7}. Best is trial 390 with value: 0.7646660234109939.
[I 2026-05-15 17:55:28,465] Trial 437 finished with value: 0.6641626694215808 and parameters: {'n_estimators': 473, 'learning_rate': 0.19358631724539005, 'subsample': 0.906425910614121, 'colsample_bytree': 0.9153789373013195, 'min_child_weight': 7}. Best is trial 390 with value: 0.7646660234109939.
[I 2026-05-15 17:55:29,069] Trial 438 finished with value: 0.6331661648333473 and parameters: {'n_estimators': 167, 'learning_rate': 0.21879483321711532, 'subsample': 0.8682929247623337, 'colsample_bytree': 0.824176252392176, 'min_child_weight': 2}. Best is trial 390 with value: 0.7646660234109939.
[I 2026-05-15 17:55:29,767] Trial 439 finished with value: 0.7024735718269435 and parameters: {'n_estimators': 251, 'learning_rate': 0.04786355886562226, 'subsample': 0.945825443809068, 'colsample_bytree': 0.8186592880751153, 'min_child_weight': 4}. Best is trial 390 with value: 0.7646660234109939.
[I 2026-05-15 17:55:30,589] Trial 440 finished with value: 0.7420761605150931 and parameters: {'n_estimators': 490, 'learning_rate': 0.01457295895607814, 'subsample': 0.7690193713247778, 'colsample_bytree': 0.6168098700685621, 'min_child_weight': 8}. Best is trial 390 with value: 0.7646660234109939.
[I 2026-05-15 17:55:31,442] Trial 441 finished with value: 0.7248696958649703 and parameters: {'n_estimators': 464, 'learning_rate': 0.025920841209530192, 'subsample': 0.9433366707196483, 'colsample_bytree': 0.7168872921847591, 'min_child_weight': 10}. Best is trial 390 with value: 0.7646660234109939.
[I 2026-05-15 17:55:32,305] Trial 442 finished with value: 0.6780009544738061 and parameters: {'n_estimators': 390, 'learning_rate': 0.15450584307359988, 'subsample': 0.6072026222401817, 'colsample_bytree': 0.9851241428296104, 'min_child_weight': 8}. Best is trial 390 with value: 0.7646660234109939.
[I 2026-05-15 17:55:32,922] Trial 443 finished with value: 0.6802540918580727 and parameters: {'n_estimators': 187, 'learning_rate': 0.16792543733160814, 'subsample': 0.7126084793659719, 'colsample_bytree': 0.9491015358264512, 'min_child_weight': 2}. Best is trial 390 with value: 0.7646660234109939.
[I 2026-05-15 17:55:33,593] Trial 444 finished with value: 0.6825146006926162 and parameters: {'n_estimators': 367, 'learning_rate': 0.06290384785668314, 'subsample': 0.6386137880781763, 'colsample_bytree': 0.6967575313035356, 'min_child_weight': 1}. Best is trial 390 with value: 0.7646660234109939.
[I 2026-05-15 17:55:34,197] Trial 445 finished with value: 0.7175756763371848 and parameters: {'n_estimators': 261, 'learning_rate': 0.027861552979882055, 'subsample': 0.8393429937191035, 'colsample_bytree': 0.7188951230834468, 'min_child_weight': 3}. Best is trial 390 with value: 0.7646660234109939.
[I 2026-05-15 17:55:34,972] Trial 446 finished with value: 0.7479556750802512 and parameters: {'n_estimators': 385, 'learning_rate': 0.011779118917765358, 'subsample': 0.9611579980767949, 'colsample_bytree': 0.9409055497564726, 'min_child_weight': 7}. Best is trial 390 with value: 0.7646660234109939.
[I 2026-05-15 17:55:35,757] Trial 447 finished with value: 0.6518953516361863 and parameters: {'n_estimators': 317, 'learning_rate': 0.20798833851902154, 'subsample': 0.6741320718114857, 'colsample_bytree': 0.6315876648763314, 'min_child_weight': 3}. Best is trial 390 with value: 0.7646660234109939.
[I 2026-05-15 17:55:36,552] Trial 448 finished with value: 0.7521047627268602 and parameters: {'n_estimators': 408, 'learning_rate': 0.011251545684671009, 'subsample': 0.8331227340333959, 'colsample_bytree': 0.998175006476524, 'min_child_weight': 9}. Best is trial 390 with value: 0.7646660234109939.
[I 2026-05-15 17:55:37,207] Trial 449 finished with value: 0.7358879462975141 and parameters: {'n_estimators': 285, 'learning_rate': 0.01241667574162566, 'subsample': 0.9325494057542839, 'colsample_bytree': 0.8395914032708842, 'min_child_weight': 2}. Best is trial 390 with value: 0.7646660234109939.
[I 2026-05-15 17:55:37,736] Trial 450 finished with value: 0.6892086995412264 and parameters: {'n_estimators': 92, 'learning_rate': 0.22061198833242798, 'subsample': 0.8676801051752314, 'colsample_bytree': 0.9317147197267022, 'min_child_weight': 9}. Best is trial 390 with value: 0.7646660234109939.
[I 2026-05-15 17:55:38,376] Trial 451 finished with value: 0.7160444459876925 and parameters: {'n_estimators': 307, 'learning_rate': 0.0581207224960615, 'subsample': 0.772170964128396, 'colsample_bytree': 0.7267786351164477, 'min_child_weight': 5}. Best is trial 390 with value: 0.7646660234109939.
[I 2026-05-15 17:55:39,076] Trial 452 finished with value: 0.6873977700736685 and parameters: {'n_estimators': 399, 'learning_rate': 0.07746649269331939, 'subsample': 0.9570093159819384, 'colsample_bytree': 0.7773520057516751, 'min_child_weight': 7}. Best is trial 390 with value: 0.7646660234109939.
[I 2026-05-15 17:55:39,801] Trial 453 finished with value: 0.6893987540212956 and parameters: {'n_estimators': 334, 'learning_rate': 0.0748184065939263, 'subsample': 0.8810535092342064, 'colsample_bytree': 0.6949733873499225, 'min_child_weight': 6}. Best is trial 390 with value: 0.7646660234109939.
[I 2026-05-15 17:55:40,268] Trial 454 finished with value: 0.7530143612976066 and parameters: {'n_estimators': 97, 'learning_rate': 0.036980251015176706, 'subsample': 0.7950668274485058, 'colsample_bytree': 0.860889703818189, 'min_child_weight': 10}. Best is trial 390 with value: 0.7646660234109939.
[I 2026-05-15 17:55:41,045] Trial 455 finished with value: 0.6368885435286817 and parameters: {'n_estimators': 320, 'learning_rate': 0.1254233448202614, 'subsample': 0.8025064237980811, 'colsample_bytree': 0.8536416125505325, 'min_child_weight': 1}. Best is trial 390 with value: 0.7646660234109939.
[I 2026-05-15 17:55:41,545] Trial 456 finished with value: 0.7354464481569136 and parameters: {'n_estimators': 164, 'learning_rate': 0.034237409324173344, 'subsample': 0.7889973420026054, 'colsample_bytree': 0.6182594982009535, 'min_child_weight': 2}. Best is trial 390 with value: 0.7646660234109939.
[I 2026-05-15 17:55:42,074] Trial 457 finished with value: 0.6663007511174384 and parameters: {'n_estimators': 174, 'learning_rate': 0.27231501443854883, 'subsample': 0.7325388028412203, 'colsample_bytree': 0.792816423244833, 'min_child_weight': 2}. Best is trial 390 with value: 0.7646660234109939.
[I 2026-05-15 17:55:42,706] Trial 458 finished with value: 0.7188110862261181 and parameters: {'n_estimators': 325, 'learning_rate': 0.025977846332749535, 'subsample': 0.6827970313753707, 'colsample_bytree': 0.8066290513783916, 'min_child_weight': 1}. Best is trial 390 with value: 0.7646660234109939.
/home/mklemmingen/PycharmProjects/migraine-forecasting-shd/.venv/lib/python3.13/site-packages/sklearn/linear_model/_sag.py:348: ConvergenceWarning: The max_iter was reached which means the coef_ did not converge
  warnings.warn(
[I 2026-05-15 17:55:43,163] Trial 459 finished with value: 0.7587447052634511 and parameters: {'n_estimators': 53, 'learning_rate': 0.021066442106264575, 'subsample': 0.6146885450003284, 'colsample_bytree': 0.6432103016522766, 'min_child_weight': 4}. Best is trial 390 with value: 0.7646660234109939.
[I 2026-05-15 17:55:43,972] Trial 460 finished with value: 0.7061067821413715 and parameters: {'n_estimators': 411, 'learning_rate': 0.0699818162890777, 'subsample': 0.8050670903825665, 'colsample_bytree': 0.7173955292832487, 'min_child_weight': 10}. Best is trial 390 with value: 0.7646660234109939.
[I 2026-05-15 17:55:44,645] Trial 461 finished with value: 0.7577652743109455 and parameters: {'n_estimators': 229, 'learning_rate': 0.013447655564488178, 'subsample': 0.8468266064471205, 'colsample_bytree': 0.6455353573906405, 'min_child_weight': 4}. Best is trial 390 with value: 0.7646660234109939.
[I 2026-05-15 17:55:45,240] Trial 462 finished with value: 0.6853566202324741 and parameters: {'n_estimators': 278, 'learning_rate': 0.19558370667886593, 'subsample': 0.7974186321360475, 'colsample_bytree': 0.8809035064126657, 'min_child_weight': 10}. Best is trial 390 with value: 0.7646660234109939.
[I 2026-05-15 17:55:45,783] Trial 463 finished with value: 0.7562102977746917 and parameters: {'n_estimators': 109, 'learning_rate': 0.025457266891510556, 'subsample': 0.7578304302390586, 'colsample_bytree': 0.7687312714155325, 'min_child_weight': 5}. Best is trial 390 with value: 0.7646660234109939.
[I 2026-05-15 17:55:46,538] Trial 464 finished with value: 0.6845042300362844 and parameters: {'n_estimators': 459, 'learning_rate': 0.11342604671636315, 'subsample': 0.8431620856362815, 'colsample_bytree': 0.7237490871451129, 'min_child_weight': 9}. Best is trial 390 with value: 0.7646660234109939.
[I 2026-05-15 17:55:47,503] Trial 465 finished with value: 0.6441608133549999 and parameters: {'n_estimators': 480, 'learning_rate': 0.16330874355333033, 'subsample': 0.6006260420765891, 'colsample_bytree': 0.8545605480733628, 'min_child_weight': 1}. Best is trial 390 with value: 0.7646660234109939.
[I 2026-05-15 17:55:48,051] Trial 466 finished with value: 0.7439577217028105 and parameters: {'n_estimators': 166, 'learning_rate': 0.012244052978408184, 'subsample': 0.8415181811797551, 'colsample_bytree': 0.8746359653970427, 'min_child_weight': 2}. Best is trial 390 with value: 0.7646660234109939.
[I 2026-05-15 17:55:48,613] Trial 467 finished with value: 0.7182317999596031 and parameters: {'n_estimators': 223, 'learning_rate': 0.04719724454824646, 'subsample': 0.7476212087043667, 'colsample_bytree': 0.6484100001940772, 'min_child_weight': 5}. Best is trial 390 with value: 0.7646660234109939.
[I 2026-05-15 17:55:49,376] Trial 468 finished with value: 0.7575796296574684 and parameters: {'n_estimators': 388, 'learning_rate': 0.012731715650031412, 'subsample': 0.6320720056327613, 'colsample_bytree': 0.7419085167343937, 'min_child_weight': 10}. Best is trial 390 with value: 0.7646660234109939.
[I 2026-05-15 17:55:50,250] Trial 469 finished with value: 0.6646003964597161 and parameters: {'n_estimators': 351, 'learning_rate': 0.1005721693369172, 'subsample': 0.744767996335146, 'colsample_bytree': 0.8374643164834153, 'min_child_weight': 1}. Best is trial 390 with value: 0.7646660234109939.
[I 2026-05-15 17:55:50,978] Trial 470 finished with value: 0.6716323348466358 and parameters: {'n_estimators': 336, 'learning_rate': 0.22337551249364163, 'subsample': 0.8450293873379277, 'colsample_bytree': 0.9494794373865381, 'min_child_weight': 8}. Best is trial 390 with value: 0.7646660234109939.
[I 2026-05-15 17:55:51,419] Trial 471 finished with value: 0.6854280279473629 and parameters: {'n_estimators': 104, 'learning_rate': 0.215294513028138, 'subsample': 0.62657753774231, 'colsample_bytree': 0.8135869890191055, 'min_child_weight': 2}. Best is trial 390 with value: 0.7646660234109939.
[I 2026-05-15 17:55:51,848] Trial 472 finished with value: 0.7487483387415124 and parameters: {'n_estimators': 55, 'learning_rate': 0.04201416878899634, 'subsample': 0.7180162830616625, 'colsample_bytree': 0.7944001975190412, 'min_child_weight': 6}. Best is trial 390 with value: 0.7646660234109939.
/home/mklemmingen/PycharmProjects/migraine-forecasting-shd/.venv/lib/python3.13/site-packages/sklearn/linear_model/_sag.py:348: ConvergenceWarning: The max_iter was reached which means the coef_ did not converge
  warnings.warn(
[I 2026-05-15 17:55:52,343] Trial 473 finished with value: 0.7549301184095233 and parameters: {'n_estimators': 69, 'learning_rate': 0.015194652827633496, 'subsample': 0.8234569585801701, 'colsample_bytree': 0.7372669412690633, 'min_child_weight': 8}. Best is trial 390 with value: 0.7646660234109939.
[I 2026-05-15 17:55:53,025] Trial 474 finished with value: 0.6618611765010669 and parameters: {'n_estimators': 344, 'learning_rate': 0.17744353370227875, 'subsample': 0.87699713066769, 'colsample_bytree': 0.7719724309560593, 'min_child_weight': 7}. Best is trial 390 with value: 0.7646660234109939.
[I 2026-05-15 17:55:53,530] Trial 475 finished with value: 0.7427502504516635 and parameters: {'n_estimators': 174, 'learning_rate': 0.028344067896520723, 'subsample': 0.9155940639683173, 'colsample_bytree': 0.7785678065606328, 'min_child_weight': 8}. Best is trial 390 with value: 0.7646660234109939.
[I 2026-05-15 17:55:54,311] Trial 476 finished with value: 0.6401540279384385 and parameters: {'n_estimators': 420, 'learning_rate': 0.18480918686773107, 'subsample': 0.966654094336483, 'colsample_bytree': 0.7723940882053185, 'min_child_weight': 4}. Best is trial 390 with value: 0.7646660234109939.
[I 2026-05-15 17:55:54,930] Trial 477 finished with value: 0.7248002388664736 and parameters: {'n_estimators': 312, 'learning_rate': 0.03534001063181978, 'subsample': 0.8404296667200932, 'colsample_bytree': 0.8822343450575298, 'min_child_weight': 7}. Best is trial 390 with value: 0.7646660234109939.
[I 2026-05-15 17:55:55,581] Trial 478 finished with value: 0.7573611567589499 and parameters: {'n_estimators': 218, 'learning_rate': 0.017638950866389155, 'subsample': 0.772211735384883, 'colsample_bytree': 0.6570376576327634, 'min_child_weight': 9}. Best is trial 390 with value: 0.7646660234109939.
[I 2026-05-15 17:55:56,133] Trial 479 finished with value: 0.7564154628560323 and parameters: {'n_estimators': 205, 'learning_rate': 0.016910473789524524, 'subsample': 0.6101791039623004, 'colsample_bytree': 0.8583289545145937, 'min_child_weight': 7}. Best is trial 390 with value: 0.7646660234109939.
[I 2026-05-15 17:55:56,665] Trial 480 finished with value: 0.7567451834873878 and parameters: {'n_estimators': 203, 'learning_rate': 0.01276224728057398, 'subsample': 0.7638515579580928, 'colsample_bytree': 0.7244869980253574, 'min_child_weight': 7}. Best is trial 390 with value: 0.7646660234109939.
[I 2026-05-15 17:55:57,386] Trial 481 finished with value: 0.719474144692027 and parameters: {'n_estimators': 323, 'learning_rate': 0.034558043364063346, 'subsample': 0.687157021701996, 'colsample_bytree': 0.9952143864622367, 'min_child_weight': 5}. Best is trial 390 with value: 0.7646660234109939.
[I 2026-05-15 17:55:58,177] Trial 482 finished with value: 0.7447568289420733 and parameters: {'n_estimators': 360, 'learning_rate': 0.016129235233041137, 'subsample': 0.7942358798637591, 'colsample_bytree': 0.6110146879477861, 'min_child_weight': 6}. Best is trial 390 with value: 0.7646660234109939.
[I 2026-05-15 17:55:58,929] Trial 483 finished with value: 0.7171241729679775 and parameters: {'n_estimators': 484, 'learning_rate': 0.036941957297335196, 'subsample': 0.6155984050299647, 'colsample_bytree': 0.6123823163677374, 'min_child_weight': 4}. Best is trial 390 with value: 0.7646660234109939.
/home/mklemmingen/PycharmProjects/migraine-forecasting-shd/.venv/lib/python3.13/site-packages/sklearn/linear_model/_sag.py:348: ConvergenceWarning: The max_iter was reached which means the coef_ did not converge
  warnings.warn(
[I 2026-05-15 17:55:59,476] Trial 484 finished with value: 0.748264503148132 and parameters: {'n_estimators': 122, 'learning_rate': 0.010826644528932216, 'subsample': 0.9024854455800707, 'colsample_bytree': 0.7834092035527562, 'min_child_weight': 3}. Best is trial 390 with value: 0.7646660234109939.
[I 2026-05-15 17:56:00,317] Trial 485 finished with value: 0.7467885968183899 and parameters: {'n_estimators': 455, 'learning_rate': 0.01484401302025239, 'subsample': 0.9823675315821276, 'colsample_bytree': 0.7255866869509411, 'min_child_weight': 9}. Best is trial 390 with value: 0.7646660234109939.
[I 2026-05-15 17:56:00,913] Trial 486 finished with value: 0.6743277983851436 and parameters: {'n_estimators': 321, 'learning_rate': 0.1663975825517907, 'subsample': 0.9936052652841857, 'colsample_bytree': 0.7153621751274983, 'min_child_weight': 10}. Best is trial 390 with value: 0.7646660234109939.
[I 2026-05-15 17:56:01,633] Trial 487 finished with value: 0.7165512080215928 and parameters: {'n_estimators': 225, 'learning_rate': 0.03710631511959666, 'subsample': 0.7361548417018022, 'colsample_bytree': 0.816563042939034, 'min_child_weight': 2}. Best is trial 390 with value: 0.7646660234109939.
[I 2026-05-15 17:56:02,401] Trial 488 finished with value: 0.7065152669800364 and parameters: {'n_estimators': 299, 'learning_rate': 0.06311952067227176, 'subsample': 0.904760725041948, 'colsample_bytree': 0.9334599847750342, 'min_child_weight': 5}. Best is trial 390 with value: 0.7646660234109939.
[I 2026-05-15 17:56:02,935] Trial 489 finished with value: 0.7528998077659923 and parameters: {'n_estimators': 186, 'learning_rate': 0.024158451240371123, 'subsample': 0.6778495346819488, 'colsample_bytree': 0.62305903287961, 'min_child_weight': 4}. Best is trial 390 with value: 0.7646660234109939.
[I 2026-05-15 17:56:03,565] Trial 490 finished with value: 0.6716979148982916 and parameters: {'n_estimators': 171, 'learning_rate': 0.26761821003465075, 'subsample': 0.8230835305000176, 'colsample_bytree': 0.7389108156122031, 'min_child_weight': 6}. Best is trial 390 with value: 0.7646660234109939.
[I 2026-05-15 17:56:04,124] Trial 491 finished with value: 0.741797116892784 and parameters: {'n_estimators': 112, 'learning_rate': 0.04528000435725376, 'subsample': 0.8504937285684255, 'colsample_bytree': 0.7955591327169805, 'min_child_weight': 5}. Best is trial 390 with value: 0.7646660234109939.
[I 2026-05-15 17:56:04,993] Trial 492 finished with value: 0.6511767151760127 and parameters: {'n_estimators': 498, 'learning_rate': 0.19967865653201164, 'subsample': 0.849362383263776, 'colsample_bytree': 0.8277509444729131, 'min_child_weight': 7}. Best is trial 390 with value: 0.7646660234109939.
[I 2026-05-15 17:56:05,488] Trial 493 finished with value: 0.7614028216685236 and parameters: {'n_estimators': 140, 'learning_rate': 0.038341258077311625, 'subsample': 0.6157838131563597, 'colsample_bytree': 0.7902184149947307, 'min_child_weight': 6}. Best is trial 390 with value: 0.7646660234109939.
[I 2026-05-15 17:56:06,092] Trial 494 finished with value: 0.6424243901370399 and parameters: {'n_estimators': 152, 'learning_rate': 0.2654529159286528, 'subsample': 0.9637818443748968, 'colsample_bytree': 0.8888572941823623, 'min_child_weight': 6}. Best is trial 390 with value: 0.7646660234109939.
