[I 2026-05-15 17:54:32,316] Trial 354 finished with value: 0.6851181529277721 and parameters: {'n_estimators': 257, 'learning_rate': 0.144399145153865, 'subsample': 0.9568338755760938, 'colsample_bytree': 0.9821338746015713, 'min_child_weight': 8}. Best is trial 278 with value: 0.7636584119649676.
[I 2026-05-15 17:54:32,933] Trial 355 finished with value: 0.7095442957073077 and parameters: {'n_estimators': 192, 'learning_rate': 0.10386241115349532, 'subsample': 0.7750412496221568, 'colsample_bytree': 0.7018682488184205, 'min_child_weight': 9}. Best is trial 278 with value: 0.7636584119649676.
[I 2026-05-15 17:54:33,464] Trial 356 finished with value: 0.7060847429264021 and parameters: {'n_estimators': 67, 'learning_rate': 0.21478888586811315, 'subsample': 0.7845909858498936, 'colsample_bytree': 0.8548805907233121, 'min_child_weight': 7}. Best is trial 278 with value: 0.7636584119649676.
[I 2026-05-15 17:54:34,182] Trial 357 finished with value: 0.6896630165093977 and parameters: {'n_estimators': 453, 'learning_rate': 0.08718430698622275, 'subsample': 0.8455734339040247, 'colsample_bytree': 0.6266608162242759, 'min_child_weight': 6}. Best is trial 278 with value: 0.7636584119649676.
[I 2026-05-15 17:54:34,687] Trial 358 finished with value: 0.6890089434013538 and parameters: {'n_estimators': 117, 'learning_rate': 0.12282282825998894, 'subsample': 0.8048887683250698, 'colsample_bytree': 0.8720911116833413, 'min_child_weight': 1}. Best is trial 278 with value: 0.7636584119649676.
[I 2026-05-15 17:54:35,128] Trial 359 finished with value: 0.7231500665197135 and parameters: {'n_estimators': 88, 'learning_rate': 0.11431323145889176, 'subsample': 0.6288337343994693, 'colsample_bytree': 0.6285026911061035, 'min_child_weight': 1}. Best is trial 278 with value: 0.7636584119649676.
[I 2026-05-15 17:54:35,891] Trial 360 finished with value: 0.6423930560659803 and parameters: {'n_estimators': 481, 'learning_rate': 0.12285399209683807, 'subsample': 0.7413005634008256, 'colsample_bytree': 0.7186142325150621, 'min_child_weight': 4}. Best is trial 278 with value: 0.7636584119649676.
[I 2026-05-15 17:54:36,601] Trial 361 finished with value: 0.654075045925224 and parameters: {'n_estimators': 399, 'learning_rate': 0.09482537893094686, 'subsample': 0.6740782271469872, 'colsample_bytree': 0.6696437341336338, 'min_child_weight': 1}. Best is trial 278 with value: 0.7636584119649676.
[I 2026-05-15 17:54:37,375] Trial 362 finished with value: 0.6434524662346044 and parameters: {'n_estimators': 347, 'learning_rate': 0.1346080726275355, 'subsample': 0.7060185713300016, 'colsample_bytree': 0.6083779844123651, 'min_child_weight': 1}. Best is trial 278 with value: 0.7636584119649676.
[I 2026-05-15 17:54:38,263] Trial 363 finished with value: 0.7067035247094088 and parameters: {'n_estimators': 486, 'learning_rate': 0.027315412315616086, 'subsample': 0.9076892591352534, 'colsample_bytree': 0.8498654275417055, 'min_child_weight': 4}. Best is trial 278 with value: 0.7636584119649676.
[I 2026-05-15 17:54:38,804] Trial 364 finished with value: 0.7509353384672657 and parameters: {'n_estimators': 142, 'learning_rate': 0.015111321945937187, 'subsample': 0.8460051872155466, 'colsample_bytree': 0.9098535122551152, 'min_child_weight': 7}. Best is trial 278 with value: 0.7636584119649676.
[I 2026-05-15 17:54:39,443] Trial 365 finished with value: 0.7366371935533114 and parameters: {'n_estimators': 289, 'learning_rate': 0.011533657319501244, 'subsample': 0.9873955110377535, 'colsample_bytree': 0.9194856766618298, 'min_child_weight': 3}. Best is trial 278 with value: 0.7636584119649676.
[I 2026-05-15 17:54:40,341] Trial 366 finished with value: 0.6925885799788883 and parameters: {'n_estimators': 491, 'learning_rate': 0.07745546916009907, 'subsample': 0.8329690632828985, 'colsample_bytree': 0.8992292717718129, 'min_child_weight': 9}. Best is trial 278 with value: 0.7636584119649676.
[I 2026-05-15 17:54:40,998] Trial 367 finished with value: 0.7394122826957349 and parameters: {'n_estimators': 346, 'learning_rate': 0.015460123169963555, 'subsample': 0.7353070023977993, 'colsample_bytree': 0.9712334561304199, 'min_child_weight': 3}. Best is trial 278 with value: 0.7636584119649676.
[I 2026-05-15 17:54:41,564] Trial 368 finished with value: 0.750233156945295 and parameters: {'n_estimators': 217, 'learning_rate': 0.0434740346787853, 'subsample': 0.7757619958777808, 'colsample_bytree': 0.8451758329978102, 'min_child_weight': 10}. Best is trial 278 with value: 0.7636584119649676.
[I 2026-05-15 17:54:42,180] Trial 369 finished with value: 0.761521965266149 and parameters: {'n_estimators': 158, 'learning_rate': 0.015117231557486779, 'subsample': 0.678988195943975, 'colsample_bytree': 0.9547699600837078, 'min_child_weight': 7}. Best is trial 278 with value: 0.7636584119649676.
[I 2026-05-15 17:54:42,826] Trial 370 finished with value: 0.7004556275827771 and parameters: {'n_estimators': 178, 'learning_rate': 0.16041780377709564, 'subsample': 0.9445479985453744, 'colsample_bytree': 0.9386057354761113, 'min_child_weight': 10}. Best is trial 278 with value: 0.7636584119649676.
[I 2026-05-15 17:54:43,312] Trial 371 finished with value: 0.7046146298819519 and parameters: {'n_estimators': 163, 'learning_rate': 0.13040326976863553, 'subsample': 0.784215798909656, 'colsample_bytree': 0.9367994211560247, 'min_child_weight': 8}. Best is trial 278 with value: 0.7636584119649676.
[I 2026-05-15 17:54:44,111] Trial 372 finished with value: 0.7129306187973115 and parameters: {'n_estimators': 400, 'learning_rate': 0.09316023963068912, 'subsample': 0.6709715077878827, 'colsample_bytree': 0.8180107675587753, 'min_child_weight': 10}. Best is trial 278 with value: 0.7636584119649676.
[I 2026-05-15 17:54:44,839] Trial 373 finished with value: 0.7548956143633136 and parameters: {'n_estimators': 472, 'learning_rate': 0.01158171417528467, 'subsample': 0.6659259262917748, 'colsample_bytree': 0.6526915093818247, 'min_child_weight': 8}. Best is trial 278 with value: 0.7636584119649676.
[I 2026-05-15 17:54:45,653] Trial 374 finished with value: 0.7372785822494266 and parameters: {'n_estimators': 418, 'learning_rate': 0.020671984815280927, 'subsample': 0.8023410771807316, 'colsample_bytree': 0.93628121120448, 'min_child_weight': 8}. Best is trial 278 with value: 0.7636584119649676.
[I 2026-05-15 17:54:46,286] Trial 375 finished with value: 0.6992079686352335 and parameters: {'n_estimators': 294, 'learning_rate': 0.07447579044113503, 'subsample': 0.803344218766512, 'colsample_bytree': 0.7190193805275282, 'min_child_weight': 6}. Best is trial 278 with value: 0.7636584119649676.
[I 2026-05-15 17:54:47,116] Trial 376 finished with value: 0.6567014717198688 and parameters: {'n_estimators': 360, 'learning_rate': 0.19498618458374162, 'subsample': 0.8545165415916992, 'colsample_bytree': 0.9044486148172632, 'min_child_weight': 2}. Best is trial 278 with value: 0.7636584119649676.
[I 2026-05-15 17:54:47,862] Trial 377 finished with value: 0.7602193541282187 and parameters: {'n_estimators': 258, 'learning_rate': 0.01032247724034241, 'subsample': 0.6986715458086492, 'colsample_bytree': 0.8905846860452019, 'min_child_weight': 10}. Best is trial 278 with value: 0.7636584119649676.
[I 2026-05-15 17:54:48,408] Trial 378 finished with value: 0.7526580735951056 and parameters: {'n_estimators': 94, 'learning_rate': 0.03917922018225619, 'subsample': 0.9200283874796638, 'colsample_bytree': 0.6816142538515595, 'min_child_weight': 6}. Best is trial 278 with value: 0.7636584119649676.
[I 2026-05-15 17:54:49,123] Trial 379 finished with value: 0.692968574704504 and parameters: {'n_estimators': 380, 'learning_rate': 0.0812615685770304, 'subsample': 0.6752098938461665, 'colsample_bytree': 0.7421538274742958, 'min_child_weight': 8}. Best is trial 278 with value: 0.7636584119649676.
[I 2026-05-15 17:54:49,754] Trial 380 finished with value: 0.7525978181198958 and parameters: {'n_estimators': 299, 'learning_rate': 0.010179460777247762, 'subsample': 0.9043963040112375, 'colsample_bytree': 0.6141245419760956, 'min_child_weight': 8}. Best is trial 278 with value: 0.7636584119649676.
[I 2026-05-15 17:54:50,413] Trial 381 finished with value: 0.6430280354522845 and parameters: {'n_estimators': 141, 'learning_rate': 0.2601301558072128, 'subsample': 0.7471763005208338, 'colsample_bytree': 0.7307726465352317, 'min_child_weight': 2}. Best is trial 278 with value: 0.7636584119649676.
[I 2026-05-15 17:54:51,048] Trial 382 finished with value: 0.6563337342249532 and parameters: {'n_estimators': 187, 'learning_rate': 0.19720570440560253, 'subsample': 0.9985337350508989, 'colsample_bytree': 0.7473238122027394, 'min_child_weight': 5}. Best is trial 278 with value: 0.7636584119649676.
[I 2026-05-15 17:54:51,750] Trial 383 finished with value: 0.6469382344109734 and parameters: {'n_estimators': 375, 'learning_rate': 0.20371294308531432, 'subsample': 0.8372177336747136, 'colsample_bytree': 0.7566102792711318, 'min_child_weight': 5}. Best is trial 278 with value: 0.7636584119649676.
[I 2026-05-15 17:54:52,545] Trial 384 finished with value: 0.7588676328996754 and parameters: {'n_estimators': 363, 'learning_rate': 0.010110060758310611, 'subsample': 0.8478357349839363, 'colsample_bytree': 0.742197204176543, 'min_child_weight': 8}. Best is trial 278 with value: 0.7636584119649676.
[I 2026-05-15 17:54:53,093] Trial 385 finished with value: 0.7186956530865134 and parameters: {'n_estimators': 91, 'learning_rate': 0.07393431790849944, 'subsample': 0.7923891559544495, 'colsample_bytree': 0.8569302103620909, 'min_child_weight': 1}. Best is trial 278 with value: 0.7636584119649676.
[I 2026-05-15 17:54:53,831] Trial 386 finished with value: 0.7165199881503976 and parameters: {'n_estimators': 311, 'learning_rate': 0.06751197593534965, 'subsample': 0.8242640377664684, 'colsample_bytree': 0.8413950666385819, 'min_child_weight': 7}. Best is trial 278 with value: 0.7636584119649676.
[I 2026-05-15 17:54:54,659] Trial 387 finished with value: 0.6989049830671382 and parameters: {'n_estimators': 413, 'learning_rate': 0.025035595189926513, 'subsample': 0.9300197640720248, 'colsample_bytree': 0.7993022729053815, 'min_child_weight': 1}. Best is trial 278 with value: 0.7636584119649676.
[I 2026-05-15 17:54:55,141] Trial 388 finished with value: 0.7538173022549581 and parameters: {'n_estimators': 76, 'learning_rate': 0.031168114073035547, 'subsample': 0.913958790844587, 'colsample_bytree': 0.8830723738963663, 'min_child_weight': 8}. Best is trial 278 with value: 0.7636584119649676.
[I 2026-05-15 17:54:55,833] Trial 389 finished with value: 0.7210237556700823 and parameters: {'n_estimators': 283, 'learning_rate': 0.044691743359853014, 'subsample': 0.6589810106825136, 'colsample_bytree': 0.7312771014437246, 'min_child_weight': 5}. Best is trial 278 with value: 0.7636584119649676.
[I 2026-05-15 17:54:56,318] Trial 390 finished with value: 0.7646660234109939 and parameters: {'n_estimators': 89, 'learning_rate': 0.021177300754445145, 'subsample': 0.8392901176254955, 'colsample_bytree': 0.8942652456956759, 'min_child_weight': 10}. Best is trial 390 with value: 0.7646660234109939.
[I 2026-05-15 17:54:57,038] Trial 391 finished with value: 0.6863585893840842 and parameters: {'n_estimators': 470, 'learning_rate': 0.08895015593736016, 'subsample': 0.7684992213176288, 'colsample_bytree': 0.8544709458832931, 'min_child_weight': 8}. Best is trial 390 with value: 0.7646660234109939.
[I 2026-05-15 17:54:57,625] Trial 392 finished with value: 0.7557912271800096 and parameters: {'n_estimators': 103, 'learning_rate': 0.04031616602432879, 'subsample': 0.9359209142542468, 'colsample_bytree': 0.7535331807732176, 'min_child_weight': 6}. Best is trial 390 with value: 0.7646660234109939.
[I 2026-05-15 17:54:58,377] Trial 393 finished with value: 0.7351540417713504 and parameters: {'n_estimators': 315, 'learning_rate': 0.018728103227942054, 'subsample': 0.7448941766609154, 'colsample_bytree': 0.7338045154967728, 'min_child_weight': 1}. Best is trial 390 with value: 0.7646660234109939.
[I 2026-05-15 17:54:58,886] Trial 394 finished with value: 0.6984050394269758 and parameters: {'n_estimators': 60, 'learning_rate': 0.16924559760882657, 'subsample': 0.7092283239891249, 'colsample_bytree': 0.8072315064955262, 'min_child_weight': 3}. Best is trial 390 with value: 0.7646660234109939.
[I 2026-05-15 17:54:59,664] Trial 395 finished with value: 0.7326539548878404 and parameters: {'n_estimators': 474, 'learning_rate': 0.024155317696268403, 'subsample': 0.7718627250955741, 'colsample_bytree': 0.9490921001938407, 'min_child_weight': 9}. Best is trial 390 with value: 0.7646660234109939.
[I 2026-05-15 17:55:00,162] Trial 396 finished with value: 0.6654127354546369 and parameters: {'n_estimators': 133, 'learning_rate': 0.15332094693292653, 'subsample': 0.7832747546951571, 'colsample_bytree': 0.7931875488341421, 'min_child_weight': 2}. Best is trial 390 with value: 0.7646660234109939.
[I 2026-05-15 17:55:00,616] Trial 397 finished with value: 0.7198124462631664 and parameters: {'n_estimators': 86, 'learning_rate': 0.11891992386176588, 'subsample': 0.7985844609421199, 'colsample_bytree': 0.7747402810460718, 'min_child_weight': 8}. Best is trial 390 with value: 0.7646660234109939.
[I 2026-05-15 17:55:01,470] Trial 398 finished with value: 0.7422492299123093 and parameters: {'n_estimators': 395, 'learning_rate': 0.01716827384736297, 'subsample': 0.8440900597910566, 'colsample_bytree': 0.6541416329110742, 'min_child_weight': 8}. Best is trial 390 with value: 0.7646660234109939.
[I 2026-05-15 17:55:02,265] Trial 399 finished with value: 0.6540898531771935 and parameters: {'n_estimators': 346, 'learning_rate': 0.2588426213619937, 'subsample': 0.6275832065425685, 'colsample_bytree': 0.6228218884605017, 'min_child_weight': 3}. Best is trial 390 with value: 0.7646660234109939.
[I 2026-05-15 17:55:02,890] Trial 400 finished with value: 0.7392592506922919 and parameters: {'n_estimators': 168, 'learning_rate': 0.023164217472997732, 'subsample': 0.9625018322084147, 'colsample_bytree': 0.6998184799398024, 'min_child_weight': 3}. Best is trial 390 with value: 0.7646660234109939.
[I 2026-05-15 17:55:03,769] Trial 401 finished with value: 0.6969777421689927 and parameters: {'n_estimators': 392, 'learning_rate': 0.046165790921315036, 'subsample': 0.9106842227820725, 'colsample_bytree': 0.626146463025754, 'min_child_weight': 5}. Best is trial 390 with value: 0.7646660234109939.
/home/mklemmingen/PycharmProjects/migraine-forecasting-shd/.venv/lib/python3.13/site-packages/sklearn/linear_model/_sag.py:348: ConvergenceWarning: The max_iter was reached which means the coef_ did not converge
  warnings.warn(
[I 2026-05-15 17:55:04,341] Trial 402 finished with value: 0.7540881341544934 and parameters: {'n_estimators': 65, 'learning_rate': 0.012375033364089306, 'subsample': 0.9625749813377644, 'colsample_bytree': 0.655698148447038, 'min_child_weight': 6}. Best is trial 390 with value: 0.7646660234109939.
[I 2026-05-15 17:55:05,035] Trial 403 finished with value: 0.743568545627807 and parameters: {'n_estimators': 235, 'learning_rate': 0.03258878806411497, 'subsample': 0.959933338274909, 'colsample_bytree': 0.6087293587101957, 'min_child_weight': 7}. Best is trial 390 with value: 0.7646660234109939.
[I 2026-05-15 17:55:05,949] Trial 404 finished with value: 0.6802142599457863 and parameters: {'n_estimators': 484, 'learning_rate': 0.06721037677312691, 'subsample': 0.9747289848132368, 'colsample_bytree': 0.6209031517144095, 'min_child_weight': 5}. Best is trial 390 with value: 0.7646660234109939.
[I 2026-05-15 17:55:06,468] Trial 405 finished with value: 0.7085415863454502 and parameters: {'n_estimators': 167, 'learning_rate': 0.12009119896986077, 'subsample': 0.9925188361988987, 'colsample_bytree': 0.7026120249776991, 'min_child_weight': 7}. Best is trial 390 with value: 0.7646660234109939.
[I 2026-05-15 17:55:07,054] Trial 406 finished with value: 0.736231157359546 and parameters: {'n_estimators': 139, 'learning_rate': 0.06840082422420674, 'subsample': 0.7855729946753345, 'colsample_bytree': 0.9888021318526148, 'min_child_weight': 7}. Best is trial 390 with value: 0.7646660234109939.
[I 2026-05-15 17:55:07,764] Trial 407 finished with value: 0.7470189222190486 and parameters: {'n_estimators': 207, 'learning_rate': 0.014741215968264691, 'subsample': 0.6604987314939738, 'colsample_bytree': 0.690126771980494, 'min_child_weight': 3}. Best is trial 390 with value: 0.7646660234109939.
[I 2026-05-15 17:55:08,557] Trial 408 finished with value: 0.7064300330163114 and parameters: {'n_estimators': 433, 'learning_rate': 0.06745188784237581, 'subsample': 0.8093563645497466, 'colsample_bytree': 0.645907548747687, 'min_child_weight': 9}. Best is trial 390 with value: 0.7646660234109939.
[I 2026-05-15 17:55:09,357] Trial 409 finished with value: 0.7282412746348831 and parameters: {'n_estimators': 375, 'learning_rate': 0.012587931636111327, 'subsample': 0.8831340388919074, 'colsample_bytree': 0.8174152869370584, 'min_child_weight': 1}. Best is trial 390 with value: 0.7646660234109939.
[I 2026-05-15 17:55:10,067] Trial 410 finished with value: 0.747868784204019 and parameters: {'n_estimators': 256, 'learning_rate': 0.05199423440889519, 'subsample': 0.6663098160653103, 'colsample_bytree': 0.9782792588001129, 'min_child_weight': 9}. Best is trial 390 with value: 0.7646660234109939.
[I 2026-05-15 17:55:10,727] Trial 411 finished with value: 0.724970450368793 and parameters: {'n_estimators': 351, 'learning_rate': 0.04817997819550144, 'subsample': 0.7647062166338034, 'colsample_bytree': 0.8603893868603816, 'min_child_weight': 6}. Best is trial 390 with value: 0.7646660234109939.
[I 2026-05-15 17:55:11,160] Trial 412 finished with value: 0.7300783675338686 and parameters: {'n_estimators': 78, 'learning_rate': 0.05715162135968608, 'subsample': 0.9225614468931358, 'colsample_bytree': 0.7836959510387832, 'min_child_weight': 1}. Best is trial 390 with value: 0.7646660234109939.
[I 2026-05-15 17:55:11,955] Trial 413 finished with value: 0.7379189940320638 and parameters: {'n_estimators': 404, 'learning_rate': 0.01983529767778567, 'subsample': 0.7034483339552156, 'colsample_bytree': 0.6658825413729184, 'min_child_weight': 4}. Best is trial 390 with value: 0.7646660234109939.
[I 2026-05-15 17:55:12,671] Trial 414 finished with value: 0.7189514431868707 and parameters: {'n_estimators': 391, 'learning_rate': 0.058505391852606455, 'subsample': 0.681952509660285, 'colsample_bytree': 0.9511320312608164, 'min_child_weight': 9}. Best is trial 390 with value: 0.7646660234109939.
[I 2026-05-15 17:55:13,431] Trial 415 finished with value: 0.7385989438465659 and parameters: {'n_estimators': 442, 'learning_rate': 0.022528431683873033, 'subsample': 0.7804957376723952, 'colsample_bytree': 0.9939958624563501, 'min_child_weight': 8}. Best is trial 390 with value: 0.7646660234109939.
/home/mklemmingen/PycharmProjects/migraine-forecasting-shd/.venv/lib/python3.13/site-packages/sklearn/linear_model/_sag.py:348: ConvergenceWarning: The max_iter was reached which means the coef_ did not converge
  warnings.warn(
[I 2026-05-15 17:55:13,889] Trial 416 finished with value: 0.7478924295573874 and parameters: {'n_estimators': 62, 'learning_rate': 0.012482888394897595, 'subsample': 0.7855725507249331, 'colsample_bytree': 0.9636880823446241, 'min_child_weight': 6}. Best is trial 390 with value: 0.7646660234109939.
[I 2026-05-15 17:55:14,539] Trial 417 finished with value: 0.7481473754010104 and parameters: {'n_estimators': 274, 'learning_rate': 0.014315200791767483, 'subsample': 0.8627120418897176, 'colsample_bytree': 0.9288412642400902, 'min_child_weight': 4}. Best is trial 390 with value: 0.7646660234109939.
[I 2026-05-15 17:55:15,324] Trial 418 finished with value: 0.6390116268707267 and parameters: {'n_estimators': 399, 'learning_rate': 0.2658575297669879, 'subsample': 0.6815065836510756, 'colsample_bytree': 0.8093318524778965, 'min_child_weight': 3}. Best is trial 390 with value: 0.7646660234109939.
[I 2026-05-15 17:55:16,107] Trial 419 finished with value: 0.6898220298009645 and parameters: {'n_estimators': 407, 'learning_rate': 0.07131410519627522, 'subsample': 0.8538329670201215, 'colsample_bytree': 0.9191656638463577, 'min_child_weight': 4}. Best is trial 390 with value: 0.7646660234109939.
[I 2026-05-15 17:55:16,963] Trial 420 finished with value: 0.7121817014288073 and parameters: {'n_estimators': 462, 'learning_rate': 0.061284164435516174, 'subsample': 0.6631819291341392, 'colsample_bytree': 0.878359647267521, 'min_child_weight': 8}. Best is trial 390 with value: 0.7646660234109939.
[I 2026-05-15 17:55:17,624] Trial 421 finished with value: 0.6985847938376984 and parameters: {'n_estimators': 192, 'learning_rate': 0.18456854969046618, 'subsample': 0.9624573019063065, 'colsample_bytree': 0.7107617949511236, 'min_child_weight': 10}. Best is trial 390 with value: 0.7646660234109939.
[I 2026-05-15 17:55:18,118] Trial 422 finished with value: 0.7588579490151418 and parameters: {'n_estimators': 113, 'learning_rate': 0.019879325168768943, 'subsample': 0.6736899356952104, 'colsample_bytree': 0.9575958840031482, 'min_child_weight': 7}. Best is trial 390 with value: 0.7646660234109939.
[I 2026-05-15 17:55:18,686] Trial 423 finished with value: 0.7397880082329725 and parameters: {'n_estimators': 118, 'learning_rate': 0.04471065994177841, 'subsample': 0.8461192100279208, 'colsample_bytree': 0.6333856339957533, 'min_child_weight': 9}. Best is trial 390 with value: 0.7646660234109939.
[I 2026-05-15 17:55:19,406] Trial 424 finished with value: 0.7034559103668323 and parameters: {'n_estimators': 412, 'learning_rate': 0.055750871833158994, 'subsample': 0.9868506461036681, 'colsample_bytree': 0.7671043917100399, 'min_child_weight': 10}. Best is trial 390 with value: 0.7646660234109939.
