[I 2026-05-15 17:56:06,865] Trial 495 finished with value: 0.7458945411754261 and parameters: {'n_estimators': 442, 'learning_rate': 0.015595142736302707, 'subsample': 0.916203917709954, 'colsample_bytree': 0.6499283255867393, 'min_child_weight': 8}. Best is trial 390 with value: 0.7646660234109939.
[I 2026-05-15 17:56:07,364] Trial 496 finished with value: 0.6749292684399799 and parameters: {'n_estimators': 174, 'learning_rate': 0.1975009275199412, 'subsample': 0.9776168375301592, 'colsample_bytree': 0.6595183877620462, 'min_child_weight': 5}. Best is trial 390 with value: 0.7646660234109939.
[I 2026-05-15 17:56:08,169] Trial 497 finished with value: 0.6689871002183417 and parameters: {'n_estimators': 492, 'learning_rate': 0.05176680938836045, 'subsample': 0.9454190090058181, 'colsample_bytree': 0.835492608852528, 'min_child_weight': 4}. Best is trial 390 with value: 0.7646660234109939.
[I 2026-05-15 17:56:08,788] Trial 498 finished with value: 0.7577792236711087 and parameters: {'n_estimators': 178, 'learning_rate': 0.01996113111347245, 'subsample': 0.9047192765510789, 'colsample_bytree': 0.7546162027292111, 'min_child_weight': 6}. Best is trial 390 with value: 0.7646660234109939.
[I 2026-05-15 17:56:09,470] Trial 499 finished with value: 0.6967765148623366 and parameters: {'n_estimators': 272, 'learning_rate': 0.07123790253213053, 'subsample': 0.9462308582498209, 'colsample_bytree': 0.9922957374333717, 'min_child_weight': 5}. Best is trial 390 with value: 0.7646660234109939.
Building variant 'HP020'...
Saved /home/mklemmingen/PycharmProjects/migraine-forecasting-shd/experiment/0/migraine/full_features/stacked_2xgb_meta_lr/70_15_15/stratified/HyperparameterTuned/single_AUROC/HP020/model.joblib

# End capture ------------------------------------------
# Finished: 2026-05-15T17:56:10
